[0.016s] Invoking command in '/home/serhat/workspace/build/ros2_socketcan': CMAKE_PREFIX_PATH=/home/serhat/workspace/install/ros2_socketcan_msgs:/home/serhat/workspace/install/ros2_socketcan:/home/serhat/workspace/install/usb_cam:/home/serhat/workspace/install/udemy_ros2_pkg:/home/serhat/workspace/install/canopen_tests:/home/serhat/workspace/install/canopen:/home/serhat/workspace/install/canopen_402_driver:/home/serhat/workspace/install/canopen_proxy_driver:/home/serhat/workspace/install/canopen_mock_slave:/home/serhat/workspace/install/canopen_base_driver:/home/serhat/workspace/install/canopen_core:/home/serhat/workspace/install/lely_core_libraries:/home/serhat/workspace/install/canopen_interfaces:/home/serhat/workspace/install/canopen_utils:/opt/ros/humble LD_LIBRARY_PATH=/home/serhat/workspace/install/ros2_socketcan_msgs/lib:/home/serhat/workspace/install/ros2_socketcan/lib:/home/serhat/workspace/install/usb_cam/lib:/home/serhat/workspace/install/udemy_ros2_pkg/lib:/home/serhat/workspace/install/canopen_402_driver/lib:/home/serhat/workspace/install/canopen_proxy_driver/lib:/home/serhat/workspace/install/canopen_base_driver/lib:/home/serhat/workspace/install/canopen_core/lib:/home/serhat/workspace/install/lely_core_libraries/lib:/home/serhat/workspace/install/canopen_interfaces/lib:/usr/lib/x86_64-linux-gnu/gazebo-11/plugins:/opt/ros/humble/opt/rviz_ogre_vendor/lib:/opt/ros/humble/lib/x86_64-linux-gnu:/opt/ros/humble/lib /usr/bin/cmake /home/serhat/workspace/ros2_socketcan/ros2_socketcan -DCMAKE_INSTALL_PREFIX=/home/serhat/workspace/install/ros2_socketcan
[0.027s] -- Found ament_cmake_auto: 1.3.3 (/opt/ros/humble/share/ament_cmake_auto/cmake)
[0.181s] -- Override CMake install command with custom implementation using symlinks instead of copying resources
[0.277s] -- Found rosidl_generator_c: 3.1.4 (/opt/ros/humble/share/rosidl_generator_c/cmake)
[0.280s] -- Found rosidl_adapter: 3.1.4 (/opt/ros/humble/share/rosidl_adapter/cmake)
[0.285s] -- Found rosidl_generator_cpp: 3.1.4 (/opt/ros/humble/share/rosidl_generator_cpp/cmake)
[0.303s] -- Using all available rosidl_typesupport_c: rosidl_typesupport_fastrtps_c;rosidl_typesupport_introspection_c
[0.321s] -- Using all available rosidl_typesupport_cpp: rosidl_typesupport_fastrtps_cpp;rosidl_typesupport_introspection_cpp
[0.382s] -- Found rmw_implementation_cmake: 6.1.1 (/opt/ros/humble/share/rmw_implementation_cmake/cmake)
[0.384s] -- Found rmw_fastrtps_cpp: 6.2.2 (/opt/ros/humble/share/rmw_fastrtps_cpp/cmake)
[0.516s] -- Using RMW implementation 'rmw_fastrtps_cpp' as default
[0.913s] -- Found ament_lint_auto: 0.12.5 (/opt/ros/humble/share/ament_lint_auto/cmake)
[0.926s] -- Found gtest sources under '/opt/ros/humble/src/gtest_vendor': C++ tests using 'Google Test' will be built
[0.947s] -- Added test 'copyright' to check source files copyright and LICENSE
[0.950s] -- Added test 'cppcheck' to perform static code analysis on C / C++ code
[0.951s] -- Configured cppcheck include dirs: /home/serhat/workspace/ros2_socketcan/ros2_socketcan/include
[0.951s] -- Configured cppcheck exclude dirs and/or files: 
[0.954s] -- Added test 'cpplint' to check C / C++ code against the Google style
[0.954s] -- Configured cpplint exclude dirs and/or files: 
[0.955s] -- Added test 'flake8' to check Python code syntax and style conventions
[0.956s] -- Added test 'lint_cmake' to check CMake code style
[0.957s] -- Added test 'pep257' to check Python code against some of the docstring style conventions in PEP 257
[0.959s] -- Added test 'uncrustify' to check C / C++ code style
[0.960s] -- Configured uncrustify additional arguments: 
[0.960s] -- Added test 'xmllint' to check XML markup files
[0.965s] -- Configuring done
[1.025s] -- Generating done
[1.032s] -- Build files have been written to: /home/serhat/workspace/build/ros2_socketcan
[1.051s] Invoked command in '/home/serhat/workspace/build/ros2_socketcan' returned '0': CMAKE_PREFIX_PATH=/home/serhat/workspace/install/ros2_socketcan_msgs:/home/serhat/workspace/install/ros2_socketcan:/home/serhat/workspace/install/usb_cam:/home/serhat/workspace/install/udemy_ros2_pkg:/home/serhat/workspace/install/canopen_tests:/home/serhat/workspace/install/canopen:/home/serhat/workspace/install/canopen_402_driver:/home/serhat/workspace/install/canopen_proxy_driver:/home/serhat/workspace/install/canopen_mock_slave:/home/serhat/workspace/install/canopen_base_driver:/home/serhat/workspace/install/canopen_core:/home/serhat/workspace/install/lely_core_libraries:/home/serhat/workspace/install/canopen_interfaces:/home/serhat/workspace/install/canopen_utils:/opt/ros/humble LD_LIBRARY_PATH=/home/serhat/workspace/install/ros2_socketcan_msgs/lib:/home/serhat/workspace/install/ros2_socketcan/lib:/home/serhat/workspace/install/usb_cam/lib:/home/serhat/workspace/install/udemy_ros2_pkg/lib:/home/serhat/workspace/install/canopen_402_driver/lib:/home/serhat/workspace/install/canopen_proxy_driver/lib:/home/serhat/workspace/install/canopen_base_driver/lib:/home/serhat/workspace/install/canopen_core/lib:/home/serhat/workspace/install/lely_core_libraries/lib:/home/serhat/workspace/install/canopen_interfaces/lib:/usr/lib/x86_64-linux-gnu/gazebo-11/plugins:/opt/ros/humble/opt/rviz_ogre_vendor/lib:/opt/ros/humble/lib/x86_64-linux-gnu:/opt/ros/humble/lib /usr/bin/cmake /home/serhat/workspace/ros2_socketcan/ros2_socketcan -DCMAKE_INSTALL_PREFIX=/home/serhat/workspace/install/ros2_socketcan
[1.052s] Invoking command in '/home/serhat/workspace/build/ros2_socketcan': CMAKE_PREFIX_PATH=/home/serhat/workspace/install/ros2_socketcan_msgs:/home/serhat/workspace/install/ros2_socketcan:/home/serhat/workspace/install/usb_cam:/home/serhat/workspace/install/udemy_ros2_pkg:/home/serhat/workspace/install/canopen_tests:/home/serhat/workspace/install/canopen:/home/serhat/workspace/install/canopen_402_driver:/home/serhat/workspace/install/canopen_proxy_driver:/home/serhat/workspace/install/canopen_mock_slave:/home/serhat/workspace/install/canopen_base_driver:/home/serhat/workspace/install/canopen_core:/home/serhat/workspace/install/lely_core_libraries:/home/serhat/workspace/install/canopen_interfaces:/home/serhat/workspace/install/canopen_utils:/opt/ros/humble LD_LIBRARY_PATH=/home/serhat/workspace/install/ros2_socketcan_msgs/lib:/home/serhat/workspace/install/ros2_socketcan/lib:/home/serhat/workspace/install/usb_cam/lib:/home/serhat/workspace/install/udemy_ros2_pkg/lib:/home/serhat/workspace/install/canopen_402_driver/lib:/home/serhat/workspace/install/canopen_proxy_driver/lib:/home/serhat/workspace/install/canopen_base_driver/lib:/home/serhat/workspace/install/canopen_core/lib:/home/serhat/workspace/install/lely_core_libraries/lib:/home/serhat/workspace/install/canopen_interfaces/lib:/usr/lib/x86_64-linux-gnu/gazebo-11/plugins:/opt/ros/humble/opt/rviz_ogre_vendor/lib:/opt/ros/humble/lib/x86_64-linux-gnu:/opt/ros/humble/lib /usr/bin/cmake --build /home/serhat/workspace/build/ros2_socketcan -- -j12 -l12
[1.097s] [35m[1mConsolidate compiler generated dependencies of target gtest[0m
[1.098s] [35m[1mConsolidate compiler generated dependencies of target ros2_socketcan[0m
[1.099s] [35m[1mConsolidate compiler generated dependencies of target gtest_main[0m
[1.101s] [35m[1mConsolidate compiler generated dependencies of target socket_can_sender_node_exe[0m
[1.102s] [35m[1mConsolidate compiler generated dependencies of target socket_can_receiver_node_exe[0m
[1.119s] [ 33%] Built target ros2_socketcan
[1.119s] [ 33%] Built target gtest
[1.120s] [ 42%] Built target gtest_main
[1.128s] [ 52%] Built target socket_can_sender_node_exe
[1.128s] [ 61%] Built target socket_can_receiver_node_exe
[1.135s] [35m[1mConsolidate compiler generated dependencies of target socket_can_receiver_node[0m
[1.137s] [35m[1mConsolidate compiler generated dependencies of target ros2_socketcan_test[0m
[1.159s] [ 80%] Built target ros2_socketcan_test
[1.162s] [ 90%] Built target socket_can_receiver_node
[1.174s] [35m[1mConsolidate compiler generated dependencies of target socket_can_sender_node[0m
[1.199s] [100%] Built target socket_can_sender_node
[1.210s] Invoked command in '/home/serhat/workspace/build/ros2_socketcan' returned '0': CMAKE_PREFIX_PATH=/home/serhat/workspace/install/ros2_socketcan_msgs:/home/serhat/workspace/install/ros2_socketcan:/home/serhat/workspace/install/usb_cam:/home/serhat/workspace/install/udemy_ros2_pkg:/home/serhat/workspace/install/canopen_tests:/home/serhat/workspace/install/canopen:/home/serhat/workspace/install/canopen_402_driver:/home/serhat/workspace/install/canopen_proxy_driver:/home/serhat/workspace/install/canopen_mock_slave:/home/serhat/workspace/install/canopen_base_driver:/home/serhat/workspace/install/canopen_core:/home/serhat/workspace/install/lely_core_libraries:/home/serhat/workspace/install/canopen_interfaces:/home/serhat/workspace/install/canopen_utils:/opt/ros/humble LD_LIBRARY_PATH=/home/serhat/workspace/install/ros2_socketcan_msgs/lib:/home/serhat/workspace/install/ros2_socketcan/lib:/home/serhat/workspace/install/usb_cam/lib:/home/serhat/workspace/install/udemy_ros2_pkg/lib:/home/serhat/workspace/install/canopen_402_driver/lib:/home/serhat/workspace/install/canopen_proxy_driver/lib:/home/serhat/workspace/install/canopen_base_driver/lib:/home/serhat/workspace/install/canopen_core/lib:/home/serhat/workspace/install/lely_core_libraries/lib:/home/serhat/workspace/install/canopen_interfaces/lib:/usr/lib/x86_64-linux-gnu/gazebo-11/plugins:/opt/ros/humble/opt/rviz_ogre_vendor/lib:/opt/ros/humble/lib/x86_64-linux-gnu:/opt/ros/humble/lib /usr/bin/cmake --build /home/serhat/workspace/build/ros2_socketcan -- -j12 -l12
[1.278s] Invoking command in '/home/serhat/workspace/build/ros2_socketcan': CMAKE_PREFIX_PATH=/home/serhat/workspace/install/ros2_socketcan_msgs:/home/serhat/workspace/install/ros2_socketcan:/home/serhat/workspace/install/usb_cam:/home/serhat/workspace/install/udemy_ros2_pkg:/home/serhat/workspace/install/canopen_tests:/home/serhat/workspace/install/canopen:/home/serhat/workspace/install/canopen_402_driver:/home/serhat/workspace/install/canopen_proxy_driver:/home/serhat/workspace/install/canopen_mock_slave:/home/serhat/workspace/install/canopen_base_driver:/home/serhat/workspace/install/canopen_core:/home/serhat/workspace/install/lely_core_libraries:/home/serhat/workspace/install/canopen_interfaces:/home/serhat/workspace/install/canopen_utils:/opt/ros/humble LD_LIBRARY_PATH=/home/serhat/workspace/install/ros2_socketcan_msgs/lib:/home/serhat/workspace/install/ros2_socketcan/lib:/home/serhat/workspace/install/usb_cam/lib:/home/serhat/workspace/install/udemy_ros2_pkg/lib:/home/serhat/workspace/install/canopen_402_driver/lib:/home/serhat/workspace/install/canopen_proxy_driver/lib:/home/serhat/workspace/install/canopen_base_driver/lib:/home/serhat/workspace/install/canopen_core/lib:/home/serhat/workspace/install/lely_core_libraries/lib:/home/serhat/workspace/install/canopen_interfaces/lib:/usr/lib/x86_64-linux-gnu/gazebo-11/plugins:/opt/ros/humble/opt/rviz_ogre_vendor/lib:/opt/ros/humble/lib/x86_64-linux-gnu:/opt/ros/humble/lib /usr/bin/cmake --install /home/serhat/workspace/build/ros2_socketcan
[1.286s] -- Install configuration: ""
[1.286s] -- Execute custom install script
[1.286s] -- Up-to-date symlink: /home/serhat/workspace/install/ros2_socketcan/lib/ros2_socketcan/socket_can_receiver_node_exe
[1.286s] -- Up-to-date symlink: /home/serhat/workspace/install/ros2_socketcan/lib/ros2_socketcan/socket_can_sender_node_exe
[1.287s] -- Up-to-date symlink: /home/serhat/workspace/install/ros2_socketcan/include/ros2_socketcan/socket_can_common.hpp
[1.287s] -- Up-to-date symlink: /home/serhat/workspace/install/ros2_socketcan/include/ros2_socketcan/socket_can_id.hpp
[1.287s] -- Up-to-date symlink: /home/serhat/workspace/install/ros2_socketcan/include/ros2_socketcan/socket_can_receiver.hpp
[1.287s] -- Up-to-date symlink: /home/serhat/workspace/install/ros2_socketcan/include/ros2_socketcan/socket_can_receiver_node.hpp
[1.287s] -- Up-to-date symlink: /home/serhat/workspace/install/ros2_socketcan/include/ros2_socketcan/socket_can_sender.hpp
[1.287s] -- Up-to-date symlink: /home/serhat/workspace/install/ros2_socketcan/include/ros2_socketcan/socket_can_sender_node.hpp
[1.288s] -- Up-to-date symlink: /home/serhat/workspace/install/ros2_socketcan/include/ros2_socketcan/visibility_control.hpp
[1.288s] -- Up-to-date symlink: /home/serhat/workspace/install/ros2_socketcan/share/ros2_socketcan/environment/library_path.sh
[1.288s] -- Up-to-date symlink: /home/serhat/workspace/install/ros2_socketcan/share/ros2_socketcan/environment/library_path.dsv
[1.288s] -- Up-to-date symlink: /home/serhat/workspace/install/ros2_socketcan/lib/libros2_socketcan.so
[1.288s] -- Up-to-date symlink: /home/serhat/workspace/install/ros2_socketcan/lib/libsocket_can_receiver_node.so
[1.288s] -- Up-to-date symlink: /home/serhat/workspace/install/ros2_socketcan/lib/libsocket_can_sender_node.so
[1.289s] -- Up-to-date symlink: /home/serhat/workspace/install/ros2_socketcan/share/ros2_socketcan/launch/socket_can_bridge.launch.xml
[1.289s] -- Up-to-date symlink: /home/serhat/workspace/install/ros2_socketcan/share/ros2_socketcan/launch/socket_can_receiver.launch.py
[1.289s] -- Up-to-date symlink: /home/serhat/workspace/install/ros2_socketcan/share/ros2_socketcan/launch/socket_can_sender.launch.py
[1.289s] -- Up-to-date symlink: /home/serhat/workspace/install/ros2_socketcan/share/ament_index/resource_index/package_run_dependencies/ros2_socketcan
[1.289s] -- Up-to-date symlink: /home/serhat/workspace/install/ros2_socketcan/share/ament_index/resource_index/parent_prefix_path/ros2_socketcan
[1.289s] -- Up-to-date symlink: /home/serhat/workspace/install/ros2_socketcan/share/ros2_socketcan/environment/ament_prefix_path.sh
[1.292s] -- Up-to-date symlink: /home/serhat/workspace/install/ros2_socketcan/share/ros2_socketcan/environment/ament_prefix_path.dsv
[1.292s] -- Up-to-date symlink: /home/serhat/workspace/install/ros2_socketcan/share/ros2_socketcan/environment/path.sh
[1.292s] -- Up-to-date symlink: /home/serhat/workspace/install/ros2_socketcan/share/ros2_socketcan/environment/path.dsv
[1.293s] -- Up-to-date symlink: /home/serhat/workspace/install/ros2_socketcan/share/ros2_socketcan/local_setup.bash
[1.293s] -- Up-to-date symlink: /home/serhat/workspace/install/ros2_socketcan/share/ros2_socketcan/local_setup.sh
[1.293s] -- Up-to-date symlink: /home/serhat/workspace/install/ros2_socketcan/share/ros2_socketcan/local_setup.zsh
[1.293s] -- Up-to-date symlink: /home/serhat/workspace/install/ros2_socketcan/share/ros2_socketcan/local_setup.dsv
[1.293s] -- Symlinking: /home/serhat/workspace/install/ros2_socketcan/share/ros2_socketcan/package.dsv
[1.301s] -- Up-to-date symlink: /home/serhat/workspace/install/ros2_socketcan/share/ament_index/resource_index/packages/ros2_socketcan
[1.302s] -- Up-to-date symlink: /home/serhat/workspace/install/ros2_socketcan/share/ament_index/resource_index/rclcpp_components/ros2_socketcan
[1.302s] -- Up-to-date symlink: /home/serhat/workspace/install/ros2_socketcan/share/ros2_socketcan/cmake/ament_cmake_export_dependencies-extras.cmake
[1.302s] -- Up-to-date symlink: /home/serhat/workspace/install/ros2_socketcan/share/ros2_socketcan/cmake/ament_cmake_export_include_directories-extras.cmake
[1.302s] -- Up-to-date symlink: /home/serhat/workspace/install/ros2_socketcan/share/ros2_socketcan/cmake/ament_cmake_export_libraries-extras.cmake
[1.303s] -- Up-to-date symlink: /home/serhat/workspace/install/ros2_socketcan/share/ros2_socketcan/cmake/ros2_socketcanConfig.cmake
[1.303s] -- Up-to-date symlink: /home/serhat/workspace/install/ros2_socketcan/share/ros2_socketcan/cmake/ros2_socketcanConfig-version.cmake
[1.303s] -- Up-to-date symlink: /home/serhat/workspace/install/ros2_socketcan/share/ros2_socketcan/package.xml
[1.309s] Invoked command in '/home/serhat/workspace/build/ros2_socketcan' returned '0': CMAKE_PREFIX_PATH=/home/serhat/workspace/install/ros2_socketcan_msgs:/home/serhat/workspace/install/ros2_socketcan:/home/serhat/workspace/install/usb_cam:/home/serhat/workspace/install/udemy_ros2_pkg:/home/serhat/workspace/install/canopen_tests:/home/serhat/workspace/install/canopen:/home/serhat/workspace/install/canopen_402_driver:/home/serhat/workspace/install/canopen_proxy_driver:/home/serhat/workspace/install/canopen_mock_slave:/home/serhat/workspace/install/canopen_base_driver:/home/serhat/workspace/install/canopen_core:/home/serhat/workspace/install/lely_core_libraries:/home/serhat/workspace/install/canopen_interfaces:/home/serhat/workspace/install/canopen_utils:/opt/ros/humble LD_LIBRARY_PATH=/home/serhat/workspace/install/ros2_socketcan_msgs/lib:/home/serhat/workspace/install/ros2_socketcan/lib:/home/serhat/workspace/install/usb_cam/lib:/home/serhat/workspace/install/udemy_ros2_pkg/lib:/home/serhat/workspace/install/canopen_402_driver/lib:/home/serhat/workspace/install/canopen_proxy_driver/lib:/home/serhat/workspace/install/canopen_base_driver/lib:/home/serhat/workspace/install/canopen_core/lib:/home/serhat/workspace/install/lely_core_libraries/lib:/home/serhat/workspace/install/canopen_interfaces/lib:/usr/lib/x86_64-linux-gnu/gazebo-11/plugins:/opt/ros/humble/opt/rviz_ogre_vendor/lib:/opt/ros/humble/lib/x86_64-linux-gnu:/opt/ros/humble/lib /usr/bin/cmake --install /home/serhat/workspace/build/ros2_socketcan
