[  9%] Built target udemy_ros2_pkg__cpp
[  9%] Built target udemy_ros2_pkg__rosidl_generator_c
[  9%] Built target ament_cmake_python_symlink_udemy_ros2_pkg
[ 14%] Built target rpm_pub
[ 19%] Built target publisher
[ 29%] Built target subscriber
[ 24%] Built target speed_calc
[ 36%] Built target udemy_ros2_pkg__rosidl_typesupport_fastrtps_cpp
[ 43%] Built target udemy_ros2_pkg__rosidl_typesupport_fastrtps_c
[ 51%] Built target udemy_ros2_pkg__rosidl_typesupport_cpp
[ 58%] Built target udemy_ros2_pkg__rosidl_typesupport_introspection_c
[ 65%] Built target udemy_ros2_pkg__rosidl_typesupport_introspection_cpp
[ 73%] Built target udemy_ros2_pkg__rosidl_typesupport_c
[35m[1mConsolidate compiler generated dependencies of target service_server[0m
[ 73%] Built target udemy_ros2_pkg
[ 75%] [32mBuilding CXX object CMakeFiles/service_server.dir/src/service_server.cpp.o[0m
[ 78%] Built target udemy_ros2_pkg__py
[ 82%] Built target udemy_ros2_pkg__rosidl_generator_py
[ 87%] Built target udemy_ros2_pkg__rosidl_typesupport_fastrtps_c__pyext
[ 92%] Built target udemy_ros2_pkg__rosidl_typesupport_c__pyext
[ 97%] Built target udemy_ros2_pkg__rosidl_typesupport_introspection_c__pyext
running egg_info
writing udemy_ros2_pkg.egg-info/PKG-INFO
writing dependency_links to udemy_ros2_pkg.egg-info/dependency_links.txt
writing top-level names to udemy_ros2_pkg.egg-info/top_level.txt
reading manifest file 'udemy_ros2_pkg.egg-info/SOURCES.txt'
writing manifest file 'udemy_ros2_pkg.egg-info/SOURCES.txt'
[ 97%] Built target ament_cmake_python_build_udemy_ros2_pkg_egg
[01m[K/home/serhat/workspaces/ros2_cpp_ws/src/udemy_ros2_pkg/src/service_server.cpp:4:43:[m[K [01;31m[Kerror: [m[Ktypedef name may not be a nested-name-specifier
    4 | typedef udemy_ros2_pkg::srv::OddEvenCheck [01;31m[Kudemy_ros2_pkg[m[K::srv::OddEvenCheck;
      |                                           [01;31m[K^~~~~~~~~~~~~~[m[K
[01m[K/home/serhat/workspaces/ros2_cpp_ws/src/udemy_ros2_pkg/src/service_server.cpp:19:15:[m[K [01;31m[Kerror: [m[K‘[01m[KOddCheckServiceSrv[m[K’ does not name a type; did you mean ‘[01m[KOddEvenCheckServiceNode[m[K’?
   19 |         const [01;31m[KOddCheckServiceSrv[m[K::Request::SharedPtr request,
      |               [01;31m[K^~~~~~~~~~~~~~~~~~[m[K
      |               [32m[KOddEvenCheckServiceNode[m[K
[01m[K/home/serhat/workspaces/ros2_cpp_ws/src/udemy_ros2_pkg/src/service_server.cpp:19:42:[m[K [01;31m[Kerror: [m[Kexpected unqualified-id before ‘[01m[K::[m[K’ token
   19 |         const OddCheckServiceSrv::Request[01;31m[K::[m[KSharedPtr request,
      |                                          [01;31m[K^~[m[K
[01m[K/home/serhat/workspaces/ros2_cpp_ws/src/udemy_ros2_pkg/src/service_server.cpp:19:42:[m[K [01;31m[Kerror: [m[Kexpected ‘[01m[K)[m[K’ before ‘[01m[K::[m[K’ token
   19 |         const OddCheckServiceSrv::Request[01;31m[K:[m[K[32m[K:[m[KSharedPtr request,
      |                                          [01;31m[K^[m[K[32m[K~[m[K
      |                                          [32m[K)[m[K
[01m[K/home/serhat/workspaces/ros2_cpp_ws/src/udemy_ros2_pkg/src/service_server.cpp:18:28:[m[K [01;36m[Knote: [m[Kto match this ‘[01m[K([m[K’
   18 |     void check_num_odd_even[01;36m[K([m[K
      |                            [01;36m[K^[m[K
[01m[K/home/serhat/workspaces/ros2_cpp_ws/src/udemy_ros2_pkg/src/service_server.cpp:19:35:[m[K [01;31m[Kerror: [m[Kexpected ‘[01m[K;[m[K’ at end of member declaration
   19 |         const OddCheckServiceSrv::[01;31m[KRequest[m[K::SharedPtr request,
      |                                   [01;31m[K^~~~~~~[m[K
      |                                          [32m[K;[m[K
[01m[K/home/serhat/workspaces/ros2_cpp_ws/src/udemy_ros2_pkg/src/service_server.cpp:19:44:[m[K [01;31m[Kerror: [m[K‘[01m[KSharedPtr[m[K’ in namespace ‘[01m[K::[m[K’ does not name a type
   19 |         const OddCheckServiceSrv::Request::[01;31m[KSharedPtr[m[K request,
      |                                            [01;31m[K^~~~~~~~~[m[K
In file included from [01m[K/opt/ros/humble/include/rclcpp/rclcpp/client.hpp:39[m[K,
                 from [01m[K/opt/ros/humble/include/rclcpp/rclcpp/callback_group.hpp:24[m[K,
                 from [01m[K/opt/ros/humble/include/rclcpp/rclcpp/any_executable.hpp:20[m[K,
                 from [01m[K/opt/ros/humble/include/rclcpp/rclcpp/memory_strategy.hpp:25[m[K,
                 from [01m[K/opt/ros/humble/include/rclcpp/rclcpp/memory_strategies.hpp:18[m[K,
                 from [01m[K/opt/ros/humble/include/rclcpp/rclcpp/executor_options.hpp:20[m[K,
                 from [01m[K/opt/ros/humble/include/rclcpp/rclcpp/executor.hpp:37[m[K,
                 from [01m[K/opt/ros/humble/include/rclcpp/rclcpp/executors/multi_threaded_executor.hpp:25[m[K,
                 from [01m[K/opt/ros/humble/include/rclcpp/rclcpp/executors.hpp:21[m[K,
                 from [01m[K/opt/ros/humble/include/rclcpp/rclcpp/rclcpp.hpp:155[m[K,
                 from [01m[K/home/serhat/workspaces/ros2_cpp_ws/src/udemy_ros2_pkg/src/service_server.cpp:1[m[K:
/opt/ros/humble/include/rclcpp/rclcpp/function_traits.hpp: In instantiation of ‘[01m[Kstruct rclcpp::function_traits::function_traits<std::_Bind<void (OddEvenCheckServiceNode::*(OddEvenCheckServiceNode*, std::_Placeholder<1>, std::_Placeholder<2>))(...)> >[m[K’:
[01m[K/opt/ros/humble/include/rclcpp/rclcpp/function_traits.hpp:165:8:[m[K   required from ‘[01m[Kstruct rclcpp::function_traits::same_arguments<std::_Bind<void (OddEvenCheckServiceNode::*(OddEvenCheckServiceNode*, std::_Placeholder<1>, std::_Placeholder<2>))(...)>, std::function<void(std::shared_ptr<udemy_ros2_pkg::srv::OddEvenCheck_Request_<std::allocator<void> > >, std::shared_ptr<udemy_ros2_pkg::srv::OddEvenCheck_Response_<std::allocator<void> > >)> >[m[K’
[01m[K/opt/ros/humble/include/rclcpp/rclcpp/any_service_callback.hpp:76:10:[m[K   required from ‘[01m[Kvoid rclcpp::AnyServiceCallback<ServiceT>::set(CallbackT&&) [with CallbackT = std::_Bind<void (OddEvenCheckServiceNode::*(OddEvenCheckServiceNode*, std::_Placeholder<1>, std::_Placeholder<2>))(...)>; typename std::enable_if<(! rclcpp::detail::can_be_nullptr<CallbackT>::value), int>::type <anonymous> = 0; ServiceT = udemy_ros2_pkg::srv::OddEvenCheck][m[K’
[01m[K/opt/ros/humble/include/rclcpp/rclcpp/create_service.hpp:43:27:[m[K   required from ‘[01m[Ktypename rclcpp::Service<ServiceT>::SharedPtr rclcpp::create_service(std::shared_ptr<rclcpp::node_interfaces::NodeBaseInterface>, std::shared_ptr<rclcpp::node_interfaces::NodeServicesInterface>, const string&, CallbackT&&, const rmw_qos_profile_t&, rclcpp::CallbackGroup::SharedPtr) [with ServiceT = udemy_ros2_pkg::srv::OddEvenCheck; CallbackT = std::_Bind<void (OddEvenCheckServiceNode::*(OddEvenCheckServiceNode*, std::_Placeholder<1>, std::_Placeholder<2>))(...)>; typename rclcpp::Service<ServiceT>::SharedPtr = std::shared_ptr<rclcpp::Service<udemy_ros2_pkg::srv::OddEvenCheck> >; std::string = std::__cxx11::basic_string<char>; rmw_qos_profile_t = rmw_qos_profile_s; rclcpp::CallbackGroup::SharedPtr = std::shared_ptr<rclcpp::CallbackGroup>][m[K’
[01m[K/opt/ros/humble/include/rclcpp/rclcpp/node_impl.hpp:147:53:[m[K   required from ‘[01m[Ktypename rclcpp::Service<ServiceT>::SharedPtr rclcpp::Node::create_service(const string&, CallbackT&&, const rmw_qos_profile_t&, rclcpp::CallbackGroup::SharedPtr) [with ServiceT = udemy_ros2_pkg::srv::OddEvenCheck; CallbackT = std::_Bind<void (OddEvenCheckServiceNode::*(OddEvenCheckServiceNode*, std::_Placeholder<1>, std::_Placeholder<2>))(...)>; typename rclcpp::Service<ServiceT>::SharedPtr = std::shared_ptr<rclcpp::Service<udemy_ros2_pkg::srv::OddEvenCheck> >; std::string = std::__cxx11::basic_string<char>; rmw_qos_profile_t = rmw_qos_profile_s; rclcpp::CallbackGroup::SharedPtr = std::shared_ptr<rclcpp::CallbackGroup>][m[K’
[01m[K/home/serhat/workspaces/ros2_cpp_ws/src/udemy_ros2_pkg/src/service_server.cpp:10:86:[m[K   required from here
[01m[K/opt/ros/humble/include/rclcpp/rclcpp/function_traits.hpp:51:9:[m[K [01;31m[Kerror: [m[K‘[01m[Kdecltype[m[K’ cannot resolve address of overloaded function
   51 |   using [01;31m[Karguments[m[K = typename tuple_tail<
      |         [01;31m[K^~~~~~~~~[m[K
[01m[K/opt/ros/humble/include/rclcpp/rclcpp/function_traits.hpp:57:9:[m[K [01;31m[Kerror: [m[K‘[01m[Kdecltype[m[K’ cannot resolve address of overloaded function
   57 |   using [01;31m[Kargument_type[m[K = typename std::tuple_element<N, arguments>::type;
      |         [01;31m[K^~~~~~~~~~~~~[m[K
[01m[K/opt/ros/humble/include/rclcpp/rclcpp/function_traits.hpp:59:9:[m[K [01;31m[Kerror: [m[K‘[01m[Kdecltype[m[K’ cannot resolve address of overloaded function
   59 |   using [01;31m[Kreturn_type[m[K = typename function_traits<decltype( &FunctionT::operator())>::return_type;
      |         [01;31m[K^~~~~~~~~~~[m[K
In file included from [01m[K/opt/ros/humble/include/rclcpp/rclcpp/service.hpp:36[m[K,
                 from [01m[K/opt/ros/humble/include/rclcpp/rclcpp/callback_group.hpp:28[m[K,
                 from [01m[K/opt/ros/humble/include/rclcpp/rclcpp/any_executable.hpp:20[m[K,
                 from [01m[K/opt/ros/humble/include/rclcpp/rclcpp/memory_strategy.hpp:25[m[K,
                 from [01m[K/opt/ros/humble/include/rclcpp/rclcpp/memory_strategies.hpp:18[m[K,
                 from [01m[K/opt/ros/humble/include/rclcpp/rclcpp/executor_options.hpp:20[m[K,
                 from [01m[K/opt/ros/humble/include/rclcpp/rclcpp/executor.hpp:37[m[K,
                 from [01m[K/opt/ros/humble/include/rclcpp/rclcpp/executors/multi_threaded_executor.hpp:25[m[K,
                 from [01m[K/opt/ros/humble/include/rclcpp/rclcpp/executors.hpp:21[m[K,
                 from [01m[K/opt/ros/humble/include/rclcpp/rclcpp/rclcpp.hpp:155[m[K,
                 from [01m[K/home/serhat/workspaces/ros2_cpp_ws/src/udemy_ros2_pkg/src/service_server.cpp:1[m[K:
/opt/ros/humble/include/rclcpp/rclcpp/any_service_callback.hpp: In instantiation of ‘[01m[Kvoid rclcpp::AnyServiceCallback<ServiceT>::set(CallbackT&&) [with CallbackT = std::_Bind<void (OddEvenCheckServiceNode::*(OddEvenCheckServiceNode*, std::_Placeholder<1>, std::_Placeholder<2>))(...)>; typename std::enable_if<(! rclcpp::detail::can_be_nullptr<CallbackT>::value), int>::type <anonymous> = 0; ServiceT = udemy_ros2_pkg::srv::OddEvenCheck][m[K’:
[01m[K/opt/ros/humble/include/rclcpp/rclcpp/create_service.hpp:43:27:[m[K   required from ‘[01m[Ktypename rclcpp::Service<ServiceT>::SharedPtr rclcpp::create_service(std::shared_ptr<rclcpp::node_interfaces::NodeBaseInterface>, std::shared_ptr<rclcpp::node_interfaces::NodeServicesInterface>, const string&, CallbackT&&, const rmw_qos_profile_t&, rclcpp::CallbackGroup::SharedPtr) [with ServiceT = udemy_ros2_pkg::srv::OddEvenCheck; CallbackT = std::_Bind<void (OddEvenCheckServiceNode::*(OddEvenCheckServiceNode*, std::_Placeholder<1>, std::_Placeholder<2>))(...)>; typename rclcpp::Service<ServiceT>::SharedPtr = std::shared_ptr<rclcpp::Service<udemy_ros2_pkg::srv::OddEvenCheck> >; std::string = std::__cxx11::basic_string<char>; rmw_qos_profile_t = rmw_qos_profile_s; rclcpp::CallbackGroup::SharedPtr = std::shared_ptr<rclcpp::CallbackGroup>][m[K’
[01m[K/opt/ros/humble/include/rclcpp/rclcpp/node_impl.hpp:147:53:[m[K   required from ‘[01m[Ktypename rclcpp::Service<ServiceT>::SharedPtr rclcpp::Node::create_service(const string&, CallbackT&&, const rmw_qos_profile_t&, rclcpp::CallbackGroup::SharedPtr) [with ServiceT = udemy_ros2_pkg::srv::OddEvenCheck; CallbackT = std::_Bind<void (OddEvenCheckServiceNode::*(OddEvenCheckServiceNode*, std::_Placeholder<1>, std::_Placeholder<2>))(...)>; typename rclcpp::Service<ServiceT>::SharedPtr = std::shared_ptr<rclcpp::Service<udemy_ros2_pkg::srv::OddEvenCheck> >; std::string = std::__cxx11::basic_string<char>; rmw_qos_profile_t = rmw_qos_profile_s; rclcpp::CallbackGroup::SharedPtr = std::shared_ptr<rclcpp::CallbackGroup>][m[K’
[01m[K/home/serhat/workspaces/ros2_cpp_ws/src/udemy_ros2_pkg/src/service_server.cpp:10:86:[m[K   required from here
[01m[K/opt/ros/humble/include/rclcpp/rclcpp/any_service_callback.hpp:76:10:[m[K [01;31m[Kerror: [m[K‘[01m[Kvalue[m[K’ is not a member of ‘[01m[Krclcpp::function_traits::same_arguments<std::_Bind<void (OddEvenCheckServiceNode::*(OddEvenCheckServiceNode*, std::_Placeholder<1>, std::_Placeholder<2>))(...)>, std::function<void(std::shared_ptr<udemy_ros2_pkg::srv::OddEvenCheck_Request_<std::allocator<void> > >, std::shared_ptr<udemy_ros2_pkg::srv::OddEvenCheck_Response_<std::allocator<void> > >)> >[m[K’
   76 |       >::[01;31m[Kvalue[m[K)
      |          [01;31m[K^~~~~[m[K
[01m[K/opt/ros/humble/include/rclcpp/rclcpp/any_service_callback.hpp:83:10:[m[K [01;31m[Kerror: [m[K‘[01m[Kvalue[m[K’ is not a member of ‘[01m[Krclcpp::function_traits::same_arguments<std::_Bind<void (OddEvenCheckServiceNode::*(OddEvenCheckServiceNode*, std::_Placeholder<1>, std::_Placeholder<2>))(...)>, std::function<void(std::shared_ptr<rmw_request_id_s>, std::shared_ptr<udemy_ros2_pkg::srv::OddEvenCheck_Request_<std::allocator<void> > >, std::shared_ptr<udemy_ros2_pkg::srv::OddEvenCheck_Response_<std::allocator<void> > >)> >[m[K’
   83 |       >::[01;31m[Kvalue[m[K)
      |          [01;31m[K^~~~~[m[K
[01m[K/opt/ros/humble/include/rclcpp/rclcpp/any_service_callback.hpp:90:10:[m[K [01;31m[Kerror: [m[K‘[01m[Kvalue[m[K’ is not a member of ‘[01m[Krclcpp::function_traits::same_arguments<std::_Bind<void (OddEvenCheckServiceNode::*(OddEvenCheckServiceNode*, std::_Placeholder<1>, std::_Placeholder<2>))(...)>, std::function<void(std::shared_ptr<rmw_request_id_s>, std::shared_ptr<udemy_ros2_pkg::srv::OddEvenCheck_Request_<std::allocator<void> > >)> >[m[K’
   90 |       >::[01;31m[Kvalue[m[K)
      |          [01;31m[K^~~~~[m[K
[01m[K/opt/ros/humble/include/rclcpp/rclcpp/any_service_callback.hpp:97:10:[m[K [01;31m[Kerror: [m[K‘[01m[Kvalue[m[K’ is not a member of ‘[01m[Krclcpp::function_traits::same_arguments<std::_Bind<void (OddEvenCheckServiceNode::*(OddEvenCheckServiceNode*, std::_Placeholder<1>, std::_Placeholder<2>))(...)>, std::function<void(std::shared_ptr<rclcpp::Service<udemy_ros2_pkg::srv::OddEvenCheck> >, std::shared_ptr<rmw_request_id_s>, std::shared_ptr<udemy_ros2_pkg::srv::OddEvenCheck_Request_<std::allocator<void> > >)> >[m[K’
   97 |       >::[01;31m[Kvalue[m[K)
      |          [01;31m[K^~~~~[m[K
[01m[K/opt/ros/humble/include/rclcpp/rclcpp/any_service_callback.hpp:103:17:[m[K [01;31m[Kerror: [m[Kno match for ‘[01m[Koperator=[m[K’ (operand types are ‘[01m[Kstd::variant<std::monostate, std::function<void(std::shared_ptr<udemy_ros2_pkg::srv::OddEvenCheck_Request_<std::allocator<void> > >, std::shared_ptr<udemy_ros2_pkg::srv::OddEvenCheck_Response_<std::allocator<void> > >)>, std::function<void(std::shared_ptr<rmw_request_id_s>, std::shared_ptr<udemy_ros2_pkg::srv::OddEvenCheck_Request_<std::allocator<void> > >, std::shared_ptr<udemy_ros2_pkg::srv::OddEvenCheck_Response_<std::allocator<void> > >)>, std::function<void(std::shared_ptr<rmw_request_id_s>, std::shared_ptr<udemy_ros2_pkg::srv::OddEvenCheck_Request_<std::allocator<void> > >)>, std::function<void(std::shared_ptr<rclcpp::Service<udemy_ros2_pkg::srv::OddEvenCheck> >, std::shared_ptr<rmw_request_id_s>, std::shared_ptr<udemy_ros2_pkg::srv::OddEvenCheck_Request_<std::allocator<void> > >)> >[m[K’ and ‘[01m[Kstd::_Bind<void (OddEvenCheckServiceNode::*(OddEvenCheckServiceNode*, std::_Placeholder<1>, std::_Placeholder<2>))(...)>[m[K’)
  103 |       [01;31m[Kcallback_ = std::forward<CallbackT>(callback)[m[K;
      |       [01;31m[K~~~~~~~~~~^~~~~~~~~~~~~~~~~~~~~~~~~~~~~~~~~~~[m[K
In file included from [01m[K/opt/ros/humble/include/rclcpp/rclcpp/client.hpp:28[m[K,
                 from [01m[K/opt/ros/humble/include/rclcpp/rclcpp/callback_group.hpp:24[m[K,
                 from [01m[K/opt/ros/humble/include/rclcpp/rclcpp/any_executable.hpp:20[m[K,
                 from [01m[K/opt/ros/humble/include/rclcpp/rclcpp/memory_strategy.hpp:25[m[K,
                 from [01m[K/opt/ros/humble/include/rclcpp/rclcpp/memory_strategies.hpp:18[m[K,
                 from [01m[K/opt/ros/humble/include/rclcpp/rclcpp/executor_options.hpp:20[m[K,
                 from [01m[K/opt/ros/humble/include/rclcpp/rclcpp/executor.hpp:37[m[K,
                 from [01m[K/opt/ros/humble/include/rclcpp/rclcpp/executors/multi_threaded_executor.hpp:25[m[K,
                 from [01m[K/opt/ros/humble/include/rclcpp/rclcpp/executors.hpp:21[m[K,
                 from [01m[K/opt/ros/humble/include/rclcpp/rclcpp/rclcpp.hpp:155[m[K,
                 from [01m[K/home/serhat/workspaces/ros2_cpp_ws/src/udemy_ros2_pkg/src/service_server.cpp:1[m[K:
[01m[K/usr/include/c++/11/variant:1477:9:[m[K [01;36m[Knote: [m[Kcandidate: ‘[01m[Ktemplate<class _Tp> std::enable_if_t<((__exactly_once<std::variant<_Types>::__accepted_type<_Tp&&, typename std::enable_if<__not_self<_Tp&&>, void>::type> > && is_constructible_v<std::variant<_Types>::__accepted_type<_Tp&&, typename std::enable_if<__not_self<_Tp&&>, void>::type>, _Tp>) && is_assignable_v<std::variant<_Types>::__accepted_type<_Tp&&, typename std::enable_if<__not_self<_Tp&&>, void>::type>&, _Tp>), std::variant<_Types>&> std::variant<_Types>::operator=(_Tp&&) [with _Tp = _Tp; _Types = {std::monostate, std::function<void(std::shared_ptr<udemy_ros2_pkg::srv::OddEvenCheck_Request_<std::allocator<void> > >, std::shared_ptr<udemy_ros2_pkg::srv::OddEvenCheck_Response_<std::allocator<void> > >)>, std::function<void(std::shared_ptr<rmw_request_id_s>, std::shared_ptr<udemy_ros2_pkg::srv::OddEvenCheck_Request_<std::allocator<void> > >, std::shared_ptr<udemy_ros2_pkg::srv::OddEvenCheck_Response_<std::allocator<void> > >)>, std::function<void(std::shared_ptr<rmw_request_id_s>, std::shared_ptr<udemy_ros2_pkg::srv::OddEvenCheck_Request_<std::allocator<void> > >)>, std::function<void(std::shared_ptr<rclcpp::Service<udemy_ros2_pkg::srv::OddEvenCheck> >, std::shared_ptr<rmw_request_id_s>, std::shared_ptr<udemy_ros2_pkg::srv::OddEvenCheck_Request_<std::allocator<void> > >)>}][m[K’
 1477 |         [01;36m[Koperator[m[K=(_Tp&& __rhs)
      |         [01;36m[K^~~~~~~~[m[K
[01m[K/usr/include/c++/11/variant:1477:9:[m[K [01;36m[Knote: [m[K  template argument deduction/substitution failed:
/usr/include/c++/11/variant: In substitution of ‘[01m[Ktemplate<class ... _Types> template<class _Tp, class> using __accepted_type = std::variant<_Types>::__to_type<__accepted_index<_Tp> > [with _Tp = std::_Bind<void (OddEvenCheckServiceNode::*(OddEvenCheckServiceNode*, std::_Placeholder<1>, std::_Placeholder<2>))(...)>&&; <template-parameter-2-2> = void; _Types = {std::monostate, std::function<void(std::shared_ptr<udemy_ros2_pkg::srv::OddEvenCheck_Request_<std::allocator<void> > >, std::shared_ptr<udemy_ros2_pkg::srv::OddEvenCheck_Response_<std::allocator<void> > >)>, std::function<void(std::shared_ptr<rmw_request_id_s>, std::shared_ptr<udemy_ros2_pkg::srv::OddEvenCheck_Request_<std::allocator<void> > >, std::shared_ptr<udemy_ros2_pkg::srv::OddEvenCheck_Response_<std::allocator<void> > >)>, std::function<void(std::shared_ptr<rmw_request_id_s>, std::shared_ptr<udemy_ros2_pkg::srv::OddEvenCheck_Request_<std::allocator<void> > >)>, std::function<void(std::shared_ptr<rclcpp::Service<udemy_ros2_pkg::srv::OddEvenCheck> >, std::shared_ptr<rmw_request_id_s>, std::shared_ptr<udemy_ros2_pkg::srv::OddEvenCheck_Request_<std::allocator<void> > >)>}][m[K’:
[01m[K/usr/include/c++/11/variant:1473:14:[m[K   required by substitution of ‘[01m[Ktemplate<class _Tp> std::enable_if_t<((__exactly_once<std::variant<std::monostate, std::function<void(std::shared_ptr<udemy_ros2_pkg::srv::OddEvenCheck_Request_<std::allocator<void> > >, std::shared_ptr<udemy_ros2_pkg::srv::OddEvenCheck_Response_<std::allocator<void> > >)>, std::function<void(std::shared_ptr<rmw_request_id_s>, std::shared_ptr<udemy_ros2_pkg::srv::OddEvenCheck_Request_<std::allocator<void> > >, std::shared_ptr<udemy_ros2_pkg::srv::OddEvenCheck_Response_<std::allocator<void> > >)>, std::function<void(std::shared_ptr<rmw_request_id_s>, std::shared_ptr<udemy_ros2_pkg::srv::OddEvenCheck_Request_<std::allocator<void> > >)>, std::function<void(std::shared_ptr<rclcpp::Service<udemy_ros2_pkg::srv::OddEvenCheck> >, std::shared_ptr<rmw_request_id_s>, std::shared_ptr<udemy_ros2_pkg::srv::OddEvenCheck_Request_<std::allocator<void> > >)> >::__accepted_type<_Tp&&, typename std::enable_if<__not_self<_Tp&&>, void>::type> > && is_constructible_v<std::variant<std::monostate, std::function<void(std::shared_ptr<udemy_ros2_pkg::srv::OddEvenCheck_Request_<std::allocator<void> > >, std::shared_ptr<udemy_ros2_pkg::srv::OddEvenCheck_Response_<std::allocator<void> > >)>, std::function<void(std::shared_ptr<rmw_request_id_s>, std::shared_ptr<udemy_ros2_pkg::srv::OddEvenCheck_Request_<std::allocator<void> > >, std::shared_ptr<udemy_ros2_pkg::srv::OddEvenCheck_Response_<std::allocator<void> > >)>, std::function<void(std::shared_ptr<rmw_request_id_s>, std::shared_ptr<udemy_ros2_pkg::srv::OddEvenCheck_Request_<std::allocator<void> > >)>, std::function<void(std::shared_ptr<rclcpp::Service<udemy_ros2_pkg::srv::OddEvenCheck> >, std::shared_ptr<rmw_request_id_s>, std::shared_ptr<udemy_ros2_pkg::srv::OddEvenCheck_Request_<std::allocator<void> > >)> >::__accepted_type<_Tp&&, typename std::enable_if<__not_self<_Tp&&>, void>::type>, _Tp>) && is_assignable_v<std::variant<std::monostate, std::function<void(std::shared_ptr<udemy_ros2_pkg::srv::OddEvenCheck_Request_<std::allocator<void> > >, std::shared_ptr<udemy_ros2_pkg::srv::OddEvenCheck_Response_<std::allocator<void> > >)>, std::function<void(std::shared_ptr<rmw_request_id_s>, std::shared_ptr<udemy_ros2_pkg::srv::OddEvenCheck_Request_<std::allocator<void> > >, std::shared_ptr<udemy_ros2_pkg::srv::OddEvenCheck_Response_<std::allocator<void> > >)>, std::function<void(std::shared_ptr<rmw_request_id_s>, std::shared_ptr<udemy_ros2_pkg::srv::OddEvenCheck_Request_<std::allocator<void> > >)>, std::function<void(std::shared_ptr<rclcpp::Service<udemy_ros2_pkg::srv::OddEvenCheck> >, std::shared_ptr<rmw_request_id_s>, std::shared_ptr<udemy_ros2_pkg::srv::OddEvenCheck_Request_<std::allocator<void> > >)> >::__accepted_type<_Tp&&, typename std::enable_if<__not_self<_Tp&&>, void>::type>&, _Tp>), std::variant<std::monostate, std::function<void(std::shared_ptr<udemy_ros2_pkg::srv::OddEvenCheck_Request_<std::allocator<void> > >, std::shared_ptr<udemy_ros2_pkg::srv::OddEvenCheck_Response_<std::allocator<void> > >)>, std::function<void(std::shared_ptr<rmw_request_id_s>, std::shared_ptr<udemy_ros2_pkg::srv::OddEvenCheck_Request_<std::allocator<void> > >, std::shared_ptr<udemy_ros2_pkg::srv::OddEvenCheck_Response_<std::allocator<void> > >)>, std::function<void(std::shared_ptr<rmw_request_id_s>, std::shared_ptr<udemy_ros2_pkg::srv::OddEvenCheck_Request_<std::allocator<void> > >)>, std::function<void(std::shared_ptr<rclcpp::Service<udemy_ros2_pkg::srv::OddEvenCheck> >, std::shared_ptr<rmw_request_id_s>, std::shared_ptr<udemy_ros2_pkg::srv::OddEvenCheck_Request_<std::allocator<void> > >)> >&> std::variant<std::monostate, std::function<void(std::shared_ptr<udemy_ros2_pkg::srv::OddEvenCheck_Request_<std::allocator<void> > >, std::shared_ptr<udemy_ros2_pkg::srv::OddEvenCheck_Response_<std::allocator<void> > >)>, std::function<void(std::shared_ptr<rmw_request_id_s>, std::shared_ptr<udemy_ros2_pkg::srv::OddEvenCheck_Request_<std::allocator<void> > >, std::shared_ptr<udemy_ros2_pkg::srv::OddEvenCheck_Response_<std::allocator<void> > >)>, std::function<void(std::shared_ptr<rmw_request_id_s>, std::shared_ptr<udemy_ros2_pkg::srv::OddEvenCheck_Request_<std::allocator<void> > >)>, std::function<void(std::shared_ptr<rclcpp::Service<udemy_ros2_pkg::srv::OddEvenCheck> >, std::shared_ptr<rmw_request_id_s>, std::shared_ptr<udemy_ros2_pkg::srv::OddEvenCheck_Request_<std::allocator<void> > >)> >::operator=<_Tp>(_Tp&&) [with _Tp = std::_Bind<void (OddEvenCheckServiceNode::*(OddEvenCheckServiceNode*, std::_Placeholder<1>, std::_Placeholder<2>))(...)>][m[K’
[01m[K/opt/ros/humble/include/rclcpp/rclcpp/any_service_callback.hpp:103:17:[m[K   required from ‘[01m[Kvoid rclcpp::AnyServiceCallback<ServiceT>::set(CallbackT&&) [with CallbackT = std::_Bind<void (OddEvenCheckServiceNode::*(OddEvenCheckServiceNode*, std::_Placeholder<1>, std::_Placeholder<2>))(...)>; typename std::enable_if<(! rclcpp::detail::can_be_nullptr<CallbackT>::value), int>::type <anonymous> = 0; ServiceT = udemy_ros2_pkg::srv::OddEvenCheck][m[K’
[01m[K/opt/ros/humble/include/rclcpp/rclcpp/create_service.hpp:43:27:[m[K   required from ‘[01m[Ktypename rclcpp::Service<ServiceT>::SharedPtr rclcpp::create_service(std::shared_ptr<rclcpp::node_interfaces::NodeBaseInterface>, std::shared_ptr<rclcpp::node_interfaces::NodeServicesInterface>, const string&, CallbackT&&, const rmw_qos_profile_t&, rclcpp::CallbackGroup::SharedPtr) [with ServiceT = udemy_ros2_pkg::srv::OddEvenCheck; CallbackT = std::_Bind<void (OddEvenCheckServiceNode::*(OddEvenCheckServiceNode*, std::_Placeholder<1>, std::_Placeholder<2>))(...)>; typename rclcpp::Service<ServiceT>::SharedPtr = std::shared_ptr<rclcpp::Service<udemy_ros2_pkg::srv::OddEvenCheck> >; std::string = std::__cxx11::basic_string<char>; rmw_qos_profile_t = rmw_qos_profile_s; rclcpp::CallbackGroup::SharedPtr = std::shared_ptr<rclcpp::CallbackGroup>][m[K’
[01m[K/opt/ros/humble/include/rclcpp/rclcpp/node_impl.hpp:147:53:[m[K   required from ‘[01m[Ktypename rclcpp::Service<ServiceT>::SharedPtr rclcpp::Node::create_service(const string&, CallbackT&&, const rmw_qos_profile_t&, rclcpp::CallbackGroup::SharedPtr) [with ServiceT = udemy_ros2_pkg::srv::OddEvenCheck; CallbackT = std::_Bind<void (OddEvenCheckServiceNode::*(OddEvenCheckServiceNode*, std::_Placeholder<1>, std::_Placeholder<2>))(...)>; typename rclcpp::Service<ServiceT>::SharedPtr = std::shared_ptr<rclcpp::Service<udemy_ros2_pkg::srv::OddEvenCheck> >; std::string = std::__cxx11::basic_string<char>; rmw_qos_profile_t = rmw_qos_profile_s; rclcpp::CallbackGroup::SharedPtr = std::shared_ptr<rclcpp::CallbackGroup>][m[K’
[01m[K/home/serhat/workspaces/ros2_cpp_ws/src/udemy_ros2_pkg/src/service_server.cpp:10:86:[m[K   required from here
[01m[K/usr/include/c++/11/variant:1391:15:[m[K [01;31m[Kerror: [m[Kno type named ‘[01m[Ktype[m[K’ in ‘[01m[Kstruct std::enable_if<false, void>[m[K’
 1391 |         using [01;31m[K__accepted_type[m[K = __to_type<__accepted_index<_Tp>>;
      |               [01;31m[K^~~~~~~~~~~~~~~[m[K
/opt/ros/humble/include/rclcpp/rclcpp/any_service_callback.hpp: In instantiation of ‘[01m[Kvoid rclcpp::AnyServiceCallback<ServiceT>::set(CallbackT&&) [with CallbackT = std::_Bind<void (OddEvenCheckServiceNode::*(OddEvenCheckServiceNode*, std::_Placeholder<1>, std::_Placeholder<2>))(...)>; typename std::enable_if<(! rclcpp::detail::can_be_nullptr<CallbackT>::value), int>::type <anonymous> = 0; ServiceT = udemy_ros2_pkg::srv::OddEvenCheck][m[K’:
[01m[K/opt/ros/humble/include/rclcpp/rclcpp/create_service.hpp:43:27:[m[K   required from ‘[01m[Ktypename rclcpp::Service<ServiceT>::SharedPtr rclcpp::create_service(std::shared_ptr<rclcpp::node_interfaces::NodeBaseInterface>, std::shared_ptr<rclcpp::node_interfaces::NodeServicesInterface>, const string&, CallbackT&&, const rmw_qos_profile_t&, rclcpp::CallbackGroup::SharedPtr) [with ServiceT = udemy_ros2_pkg::srv::OddEvenCheck; CallbackT = std::_Bind<void (OddEvenCheckServiceNode::*(OddEvenCheckServiceNode*, std::_Placeholder<1>, std::_Placeholder<2>))(...)>; typename rclcpp::Service<ServiceT>::SharedPtr = std::shared_ptr<rclcpp::Service<udemy_ros2_pkg::srv::OddEvenCheck> >; std::string = std::__cxx11::basic_string<char>; rmw_qos_profile_t = rmw_qos_profile_s; rclcpp::CallbackGroup::SharedPtr = std::shared_ptr<rclcpp::CallbackGroup>][m[K’
[01m[K/opt/ros/humble/include/rclcpp/rclcpp/node_impl.hpp:147:53:[m[K   required from ‘[01m[Ktypename rclcpp::Service<ServiceT>::SharedPtr rclcpp::Node::create_service(const string&, CallbackT&&, const rmw_qos_profile_t&, rclcpp::CallbackGroup::SharedPtr) [with ServiceT = udemy_ros2_pkg::srv::OddEvenCheck; CallbackT = std::_Bind<void (OddEvenCheckServiceNode::*(OddEvenCheckServiceNode*, std::_Placeholder<1>, std::_Placeholder<2>))(...)>; typename rclcpp::Service<ServiceT>::SharedPtr = std::shared_ptr<rclcpp::Service<udemy_ros2_pkg::srv::OddEvenCheck> >; std::string = std::__cxx11::basic_string<char>; rmw_qos_profile_t = rmw_qos_profile_s; rclcpp::CallbackGroup::SharedPtr = std::shared_ptr<rclcpp::CallbackGroup>][m[K’
[01m[K/home/serhat/workspaces/ros2_cpp_ws/src/udemy_ros2_pkg/src/service_server.cpp:10:86:[m[K   required from here
[01m[K/usr/include/c++/11/variant:1414:16:[m[K [01;36m[Knote: [m[Kcandidate: ‘[01m[Kstd::variant<_Types>& std::variant<_Types>::operator=(const std::variant<_Types>&) [with _Types = {std::monostate, std::function<void(std::shared_ptr<udemy_ros2_pkg::srv::OddEvenCheck_Request_<std::allocator<void> > >, std::shared_ptr<udemy_ros2_pkg::srv::OddEvenCheck_Response_<std::allocator<void> > >)>, std::function<void(std::shared_ptr<rmw_request_id_s>, std::shared_ptr<udemy_ros2_pkg::srv::OddEvenCheck_Request_<std::allocator<void> > >, std::shared_ptr<udemy_ros2_pkg::srv::OddEvenCheck_Response_<std::allocator<void> > >)>, std::function<void(std::shared_ptr<rmw_request_id_s>, std::shared_ptr<udemy_ros2_pkg::srv::OddEvenCheck_Request_<std::allocator<void> > >)>, std::function<void(std::shared_ptr<rclcpp::Service<udemy_ros2_pkg::srv::OddEvenCheck> >, std::shared_ptr<rmw_request_id_s>, std::shared_ptr<udemy_ros2_pkg::srv::OddEvenCheck_Request_<std::allocator<void> > >)>}][m[K’
 1414 |       variant& [01;36m[Koperator[m[K=(const variant&) = default;
      |                [01;36m[K^~~~~~~~[m[K
[01m[K/usr/include/c++/11/variant:1414:26:[m[K [01;36m[Knote: [m[K  no known conversion for argument 1 from ‘[01m[Kstd::_Bind<void (OddEvenCheckServiceNode::*(OddEvenCheckServiceNode*, std::_Placeholder<1>, std::_Placeholder<2>))(...)>[m[K’ to ‘[01m[Kconst std::variant<std::monostate, std::function<void(std::shared_ptr<udemy_ros2_pkg::srv::OddEvenCheck_Request_<std::allocator<void> > >, std::shared_ptr<udemy_ros2_pkg::srv::OddEvenCheck_Response_<std::allocator<void> > >)>, std::function<void(std::shared_ptr<rmw_request_id_s>, std::shared_ptr<udemy_ros2_pkg::srv::OddEvenCheck_Request_<std::allocator<void> > >, std::shared_ptr<udemy_ros2_pkg::srv::OddEvenCheck_Response_<std::allocator<void> > >)>, std::function<void(std::shared_ptr<rmw_request_id_s>, std::shared_ptr<udemy_ros2_pkg::srv::OddEvenCheck_Request_<std::allocator<void> > >)>, std::function<void(std::shared_ptr<rclcpp::Service<udemy_ros2_pkg::srv::OddEvenCheck> >, std::shared_ptr<rmw_request_id_s>, std::shared_ptr<udemy_ros2_pkg::srv::OddEvenCheck_Request_<std::allocator<void> > >)> >&[m[K’
 1414 |       variant& operator=([01;36m[Kconst variant&[m[K) = default;
      |                          [01;36m[K^~~~~~~~~~~~~~[m[K
[01m[K/usr/include/c++/11/variant:1415:16:[m[K [01;36m[Knote: [m[Kcandidate: ‘[01m[Kstd::variant<_Types>& std::variant<_Types>::operator=(std::variant<_Types>&&) [with _Types = {std::monostate, std::function<void(std::shared_ptr<udemy_ros2_pkg::srv::OddEvenCheck_Request_<std::allocator<void> > >, std::shared_ptr<udemy_ros2_pkg::srv::OddEvenCheck_Response_<std::allocator<void> > >)>, std::function<void(std::shared_ptr<rmw_request_id_s>, std::shared_ptr<udemy_ros2_pkg::srv::OddEvenCheck_Request_<std::allocator<void> > >, std::shared_ptr<udemy_ros2_pkg::srv::OddEvenCheck_Response_<std::allocator<void> > >)>, std::function<void(std::shared_ptr<rmw_request_id_s>, std::shared_ptr<udemy_ros2_pkg::srv::OddEvenCheck_Request_<std::allocator<void> > >)>, std::function<void(std::shared_ptr<rclcpp::Service<udemy_ros2_pkg::srv::OddEvenCheck> >, std::shared_ptr<rmw_request_id_s>, std::shared_ptr<udemy_ros2_pkg::srv::OddEvenCheck_Request_<std::allocator<void> > >)>}][m[K’
 1415 |       variant& [01;36m[Koperator[m[K=(variant&&) = default;
      |                [01;36m[K^~~~~~~~[m[K
[01m[K/usr/include/c++/11/variant:1415:26:[m[K [01;36m[Knote: [m[K  no known conversion for argument 1 from ‘[01m[Kstd::_Bind<void (OddEvenCheckServiceNode::*(OddEvenCheckServiceNode*, std::_Placeholder<1>, std::_Placeholder<2>))(...)>[m[K’ to ‘[01m[Kstd::variant<std::monostate, std::function<void(std::shared_ptr<udemy_ros2_pkg::srv::OddEvenCheck_Request_<std::allocator<void> > >, std::shared_ptr<udemy_ros2_pkg::srv::OddEvenCheck_Response_<std::allocator<void> > >)>, std::function<void(std::shared_ptr<rmw_request_id_s>, std::shared_ptr<udemy_ros2_pkg::srv::OddEvenCheck_Request_<std::allocator<void> > >, std::shared_ptr<udemy_ros2_pkg::srv::OddEvenCheck_Response_<std::allocator<void> > >)>, std::function<void(std::shared_ptr<rmw_request_id_s>, std::shared_ptr<udemy_ros2_pkg::srv::OddEvenCheck_Request_<std::allocator<void> > >)>, std::function<void(std::shared_ptr<rclcpp::Service<udemy_ros2_pkg::srv::OddEvenCheck> >, std::shared_ptr<rmw_request_id_s>, std::shared_ptr<udemy_ros2_pkg::srv::OddEvenCheck_Request_<std::allocator<void> > >)> >&&[m[K’
 1415 |       variant& operator=([01;36m[Kvariant&&[m[K) = default;
      |                          [01;36m[K^~~~~~~~~[m[K
gmake[2]: *** [CMakeFiles/service_server.dir/build.make:76: CMakeFiles/service_server.dir/src/service_server.cpp.o] Error 1
gmake[1]: *** [CMakeFiles/Makefile2:705: CMakeFiles/service_server.dir/all] Error 2
gmake: *** [Makefile:146: all] Error 2
