[0.018s] Invoking command in '/home/serhat/workspaces/build/udemy_ros2_pkg': CMAKE_PREFIX_PATH=${CMAKE_PREFIX_PATH}:/opt/ros/humble /usr/bin/cmake --build /home/serhat/workspaces/build/udemy_ros2_pkg -- -j12 -l12
[0.053s] -- Found ament_cmake: 1.3.3 (/opt/ros/humble/share/ament_cmake/cmake)
[0.192s] -- Override CMake install command with custom implementation using symlinks instead of copying resources
[0.200s] -- Found rclcpp: 16.0.3 (/opt/ros/humble/share/rclcpp/cmake)
[0.236s] -- Found rosidl_generator_c: 3.1.4 (/opt/ros/humble/share/rosidl_generator_c/cmake)
[0.239s] -- Found rosidl_adapter: 3.1.4 (/opt/ros/humble/share/rosidl_adapter/cmake)
[0.245s] -- Found rosidl_generator_cpp: 3.1.4 (/opt/ros/humble/share/rosidl_generator_cpp/cmake)
[0.259s] -- Using all available rosidl_typesupport_c: rosidl_typesupport_fastrtps_c;rosidl_typesupport_introspection_c
[0.278s] -- Using all available rosidl_typesupport_cpp: rosidl_typesupport_fastrtps_cpp;rosidl_typesupport_introspection_cpp
[0.345s] -- Found rmw_implementation_cmake: 6.1.1 (/opt/ros/humble/share/rmw_implementation_cmake/cmake)
[0.347s] -- Found rmw_fastrtps_cpp: 6.2.2 (/opt/ros/humble/share/rmw_fastrtps_cpp/cmake)
[0.493s] -- Using RMW implementation 'rmw_fastrtps_cpp' as default
[0.752s] -- Found OpenCV: /usr (found version "4.5.4") 
[0.779s] -- Found sensor_msgs: 4.2.3 (/opt/ros/humble/share/sensor_msgs/cmake)
[0.993s] -- Found cv_bridge: 3.2.1 (/opt/ros/humble/share/cv_bridge/cmake)
[1.004s] -- Found rosidl_default_generators: 1.2.0 (/opt/ros/humble/share/rosidl_default_generators/cmake)
[1.243s] [31mCMake Error at /opt/ros/humble/share/rosidl_adapter/cmake/rosidl_adapt_interfaces.cmake:59 (message):
[1.243s]   execute_process(/usr/bin/python3.10 -m rosidl_adapter --package-name
[1.243s]   udemy_ros2_pkg --arguments-file
[1.243s]   /home/serhat/workspaces/build/udemy_ros2_pkg/rosidl_adapter__arguments__udemy_ros2_pkg.json
[1.243s]   --output-dir
[1.243s]   /home/serhat/workspaces/build/udemy_ros2_pkg/rosidl_adapter/udemy_ros2_pkg
[1.243s]   --output-file
[1.243s]   /home/serhat/workspaces/build/udemy_ros2_pkg/rosidl_adapter/udemy_ros2_pkg.idls)
[1.243s]   returned error code 1:
[1.244s] 
[1.244s]   Error processing 'float degree_turn' of
[1.244s]   'udemy_ros2_pkg/TurnCamera_Request': ''float' is an invalid message name.
[1.244s]   It should have the pattern '^[A-Z][A-Za-z0-9]*$''
[1.244s] 
[1.244s]   Traceback (most recent call last):
[1.244s] 
[1.244s]     File "/usr/lib/python3.10/runpy.py", line 196, in _run_module_as_main
[1.244s]       return _run_code(code, main_globals, None,
[1.244s]     File "/usr/lib/python3.10/runpy.py", line 86, in _run_code
[1.244s]       exec(code, run_globals)
[1.244s]     File "/opt/ros/humble/local/lib/python3.10/dist-packages/rosidl_adapter/__main__.py", line 19, in <module>
[1.245s]       sys.exit(main())
[1.245s]     File "/opt/ros/humble/local/lib/python3.10/dist-packages/rosidl_adapter/main.py", line 53, in main
[1.245s]       abs_idl_file = convert_to_idl(
[1.245s]     File "/opt/ros/humble/local/lib/python3.10/dist-packages/rosidl_adapter/__init__.py", line 24, in convert_to_idl
[1.245s]       return convert_srv_to_idl(
[1.245s]     File "/opt/ros/humble/local/lib/python3.10/dist-packages/rosidl_adapter/srv/__init__.py", line 28, in convert_srv_to_idl
[1.245s]       srv = parse_service_string(package_name, input_file.stem, content)
[1.245s]     File "/opt/ros/humble/local/lib/python3.10/dist-packages/rosidl_adapter/parser.py", line 859, in parse_service_string
[1.245s]       request_message = parse_message_string(
[1.245s]     File "/opt/ros/humble/local/lib/python3.10/dist-packages/rosidl_adapter/parser.py", line 520, in parse_message_string
[1.245s]       Type(type_string, context_package_name=pkg_name),
[1.245s]     File "/opt/ros/humble/local/lib/python3.10/dist-packages/rosidl_adapter/parser.py", line 277, in __init__
[1.246s]       super(Type, self).__init__(
[1.246s]     File "/opt/ros/humble/local/lib/python3.10/dist-packages/rosidl_adapter/parser.py", line 205, in __init__
[1.246s]       raise InvalidResourceName(
[1.246s] 
[1.246s]   rosidl_adapter.parser.InvalidResourceName: 'float' is an invalid message
[1.246s]   name.  It should have the pattern '^[A-Z][A-Za-z0-9]*$'
[1.246s] 
[1.246s] Call Stack (most recent call first):
[1.246s]   /opt/ros/humble/share/rosidl_cmake/cmake/rosidl_generate_interfaces.cmake:130 (rosidl_adapt_interfaces)
[1.246s]   CMakeLists.txt:19 (rosidl_generate_interfaces)
[1.246s] 
[1.246s] [0m
[1.246s] -- Configuring incomplete, errors occurred!
[1.246s] See also "/home/serhat/workspaces/build/udemy_ros2_pkg/CMakeFiles/CMakeOutput.log".
[1.252s] gmake: *** [Makefile:993: cmake_check_build_system] Error 1
[1.254s] Invoked command in '/home/serhat/workspaces/build/udemy_ros2_pkg' returned '2': CMAKE_PREFIX_PATH=${CMAKE_PREFIX_PATH}:/opt/ros/humble /usr/bin/cmake --build /home/serhat/workspaces/build/udemy_ros2_pkg -- -j12 -l12
