[0.086s] Invoking command in '/home/serhat/workspaces/ros2_cpp_ws/build/usb_cam': CMAKE_PREFIX_PATH=${CMAKE_PREFIX_PATH}:/opt/ros/humble /usr/bin/cmake --build /home/serhat/workspaces/ros2_cpp_ws/build/usb_cam -- -j12 -l12
[0.184s] [35m[1mConsolidate compiler generated dependencies of target gtest_main[0m
[0.184s] [35m[1mConsolidate compiler generated dependencies of target gtest[0m
[0.184s] [35m[1mConsolidate compiler generated dependencies of target usb_cam[0m
[0.197s] [35m[1mConsolidate compiler generated dependencies of target usb_cam_node_exe[0m
[0.200s] [ 14%] Built target gtest_main
[0.203s] [ 28%] Built target gtest
[0.204s] [ 42%] Built target usb_cam
[0.217s] [ 57%] Built target usb_cam_node_exe
[0.227s] [35m[1mConsolidate compiler generated dependencies of target test_usb_cam_lib[0m
[0.241s] [35m[1mConsolidate compiler generated dependencies of target usb_cam_node[0m
[0.242s] [ 71%] Built target test_usb_cam_lib
[0.258s] [35m[1mConsolidate compiler generated dependencies of target test_usb_cam_utils[0m
[0.262s] [ 85%] Built target usb_cam_node
[0.273s] [100%] Built target test_usb_cam_utils
[0.284s] Invoked command in '/home/serhat/workspaces/ros2_cpp_ws/build/usb_cam' returned '0': CMAKE_PREFIX_PATH=${CMAKE_PREFIX_PATH}:/opt/ros/humble /usr/bin/cmake --build /home/serhat/workspaces/ros2_cpp_ws/build/usb_cam -- -j12 -l12
[0.339s] Invoking command in '/home/serhat/workspaces/ros2_cpp_ws/build/usb_cam': CMAKE_PREFIX_PATH=${CMAKE_PREFIX_PATH}:/opt/ros/humble /usr/bin/cmake --install /home/serhat/workspaces/ros2_cpp_ws/build/usb_cam
[0.346s] -- Install configuration: ""
[0.346s] -- Up-to-date: /home/serhat/workspaces/ros2_cpp_ws/install/usb_cam/share/usb_cam/environment/library_path.sh
[0.346s] -- Up-to-date: /home/serhat/workspaces/ros2_cpp_ws/install/usb_cam/share/usb_cam/environment/library_path.dsv
[0.370s] -- Up-to-date: /home/serhat/workspaces/ros2_cpp_ws/install/usb_cam/lib/usb_cam/usb_cam_node_exe
[0.370s] -- Up-to-date: /home/serhat/workspaces/ros2_cpp_ws/install/usb_cam/lib/usb_cam/show_image.py
[0.384s] -- Up-to-date: /home/serhat/workspaces/ros2_cpp_ws/install/usb_cam/lib/libusb_cam.so
[0.406s] -- Up-to-date: /home/serhat/workspaces/ros2_cpp_ws/install/usb_cam/lib/libusb_cam_node.so
[0.406s] -- Up-to-date: /home/serhat/workspaces/ros2_cpp_ws/install/usb_cam/include
[0.406s] -- Up-to-date: /home/serhat/workspaces/ros2_cpp_ws/install/usb_cam/include/usb_cam
[0.406s] -- Up-to-date: /home/serhat/workspaces/ros2_cpp_ws/install/usb_cam/include/usb_cam/conversions.hpp
[0.407s] -- Up-to-date: /home/serhat/workspaces/ros2_cpp_ws/install/usb_cam/include/usb_cam/usb_cam_node.hpp
[0.407s] -- Up-to-date: /home/serhat/workspaces/ros2_cpp_ws/install/usb_cam/include/usb_cam/utils.hpp
[0.407s] -- Up-to-date: /home/serhat/workspaces/ros2_cpp_ws/install/usb_cam/include/usb_cam/constants.hpp
[0.407s] -- Up-to-date: /home/serhat/workspaces/ros2_cpp_ws/install/usb_cam/include/usb_cam/usb_cam.hpp
[0.407s] -- Up-to-date: /home/serhat/workspaces/ros2_cpp_ws/install/usb_cam/lib/libusb_cam_node.so
[0.407s] -- Up-to-date: /home/serhat/workspaces/ros2_cpp_ws/install/usb_cam/share/usb_cam/launch
[0.407s] -- Up-to-date: /home/serhat/workspaces/ros2_cpp_ws/install/usb_cam/share/usb_cam/launch/demo_launch.py
[0.407s] -- Up-to-date: /home/serhat/workspaces/ros2_cpp_ws/install/usb_cam/share/usb_cam/config
[0.408s] -- Up-to-date: /home/serhat/workspaces/ros2_cpp_ws/install/usb_cam/share/usb_cam/config/camera_info.yaml
[0.408s] -- Up-to-date: /home/serhat/workspaces/ros2_cpp_ws/install/usb_cam/share/usb_cam/config/params.yaml
[0.408s] -- Up-to-date: /home/serhat/workspaces/ros2_cpp_ws/install/usb_cam/share/ament_index/resource_index/package_run_dependencies/usb_cam
[0.408s] -- Up-to-date: /home/serhat/workspaces/ros2_cpp_ws/install/usb_cam/share/ament_index/resource_index/parent_prefix_path/usb_cam
[0.408s] -- Up-to-date: /home/serhat/workspaces/ros2_cpp_ws/install/usb_cam/share/usb_cam/environment/ament_prefix_path.sh
[0.408s] -- Up-to-date: /home/serhat/workspaces/ros2_cpp_ws/install/usb_cam/share/usb_cam/environment/ament_prefix_path.dsv
[0.408s] -- Up-to-date: /home/serhat/workspaces/ros2_cpp_ws/install/usb_cam/share/usb_cam/environment/path.sh
[0.408s] -- Up-to-date: /home/serhat/workspaces/ros2_cpp_ws/install/usb_cam/share/usb_cam/environment/path.dsv
[0.408s] -- Up-to-date: /home/serhat/workspaces/ros2_cpp_ws/install/usb_cam/share/usb_cam/local_setup.bash
[0.409s] -- Up-to-date: /home/serhat/workspaces/ros2_cpp_ws/install/usb_cam/share/usb_cam/local_setup.sh
[0.409s] -- Up-to-date: /home/serhat/workspaces/ros2_cpp_ws/install/usb_cam/share/usb_cam/local_setup.zsh
[0.409s] -- Up-to-date: /home/serhat/workspaces/ros2_cpp_ws/install/usb_cam/share/usb_cam/local_setup.dsv
[0.409s] -- Installing: /home/serhat/workspaces/ros2_cpp_ws/install/usb_cam/share/usb_cam/package.dsv
[0.409s] -- Up-to-date: /home/serhat/workspaces/ros2_cpp_ws/install/usb_cam/share/ament_index/resource_index/packages/usb_cam
[0.409s] -- Up-to-date: /home/serhat/workspaces/ros2_cpp_ws/install/usb_cam/share/ament_index/resource_index/rclcpp_components/usb_cam
[0.409s] -- Up-to-date: /home/serhat/workspaces/ros2_cpp_ws/install/usb_cam/share/usb_cam/cmake/ament_cmake_export_libraries-extras.cmake
[0.410s] -- Up-to-date: /home/serhat/workspaces/ros2_cpp_ws/install/usb_cam/share/usb_cam/cmake/ament_cmake_export_dependencies-extras.cmake
[0.411s] -- Up-to-date: /home/serhat/workspaces/ros2_cpp_ws/install/usb_cam/share/usb_cam/cmake/ament_cmake_export_include_directories-extras.cmake
[0.411s] -- Up-to-date: /home/serhat/workspaces/ros2_cpp_ws/install/usb_cam/share/usb_cam/cmake/usb_camConfig.cmake
[0.411s] -- Up-to-date: /home/serhat/workspaces/ros2_cpp_ws/install/usb_cam/share/usb_cam/cmake/usb_camConfig-version.cmake
[0.411s] -- Up-to-date: /home/serhat/workspaces/ros2_cpp_ws/install/usb_cam/share/usb_cam/package.xml
[0.411s] Invoked command in '/home/serhat/workspaces/ros2_cpp_ws/build/usb_cam' returned '0': CMAKE_PREFIX_PATH=${CMAKE_PREFIX_PATH}:/opt/ros/humble /usr/bin/cmake --install /home/serhat/workspaces/ros2_cpp_ws/build/usb_cam
