[0.039s] Invoking command in '/home/serhat/workspace/build/ros2_socketcan': AMENT_PREFIX_PATH=/home/serhat/workspace/install/ros2_socketcan_msgs:${AMENT_PREFIX_PATH} CMAKE_PREFIX_PATH=/home/serhat/workspace/install/ros2_socketcan_msgs:/home/serhat/workspace/install/usb_cam:/home/serhat/workspace/install/udemy_ros2_pkg:/home/serhat/workspace/install/canopen_tests:/home/serhat/workspace/install/canopen:/home/serhat/workspace/install/canopen_402_driver:/home/serhat/workspace/install/canopen_proxy_driver:/home/serhat/workspace/install/canopen_mock_slave:/home/serhat/workspace/install/canopen_base_driver:/home/serhat/workspace/install/canopen_core:/home/serhat/workspace/install/lely_core_libraries:/home/serhat/workspace/install/canopen_interfaces:/home/serhat/workspace/install/canopen_utils:/opt/ros/humble LD_LIBRARY_PATH=/home/serhat/workspace/install/ros2_socketcan_msgs/lib:${LD_LIBRARY_PATH} PYTHONPATH=/home/serhat/workspace/install/ros2_socketcan_msgs/local/lib/python3.10/dist-packages:${PYTHONPATH} /usr/bin/cmake /home/serhat/workspace/ros2_socketcan/ros2_socketcan -DAMENT_CMAKE_SYMLINK_INSTALL=1 -DCMAKE_INSTALL_PREFIX=/home/serhat/workspace/install/ros2_socketcan
[0.299s] -- The C compiler identification is GNU 11.3.0
[0.421s] -- The CXX compiler identification is GNU 11.3.0
[0.434s] -- Detecting C compiler ABI info
[0.716s] -- Detecting C compiler ABI info - done
[0.730s] -- Check for working C compiler: /usr/bin/cc - skipped
[0.738s] -- Detecting C compile features
[0.738s] -- Detecting C compile features - done
[0.743s] -- Detecting CXX compiler ABI info
[1.645s] -- Detecting CXX compiler ABI info - done
[1.659s] -- Check for working CXX compiler: /usr/bin/c++ - skipped
[1.660s] -- Detecting CXX compile features
[1.661s] -- Detecting CXX compile features - done
[1.666s] -- Found ament_cmake_auto: 1.3.3 (/opt/ros/humble/share/ament_cmake_auto/cmake)
[2.333s] -- Found Python3: /usr/bin/python3.10 (found version "3.10.6") found components: Interpreter 
[2.538s] -- Override CMake install command with custom implementation using symlinks instead of copying resources
[2.911s] -- Found rosidl_generator_c: 3.1.4 (/opt/ros/humble/share/rosidl_generator_c/cmake)
[2.926s] -- Found rosidl_adapter: 3.1.4 (/opt/ros/humble/share/rosidl_adapter/cmake)
[2.948s] -- Found rosidl_generator_cpp: 3.1.4 (/opt/ros/humble/share/rosidl_generator_cpp/cmake)
[2.979s] -- Using all available rosidl_typesupport_c: rosidl_typesupport_fastrtps_c;rosidl_typesupport_introspection_c
[3.026s] -- Using all available rosidl_typesupport_cpp: rosidl_typesupport_fastrtps_cpp;rosidl_typesupport_introspection_cpp
[3.183s] -- Found rmw_implementation_cmake: 6.1.1 (/opt/ros/humble/share/rmw_implementation_cmake/cmake)
[3.191s] -- Found rmw_fastrtps_cpp: 6.2.2 (/opt/ros/humble/share/rmw_fastrtps_cpp/cmake)
[3.768s] -- Found OpenSSL: /usr/lib/x86_64-linux-gnu/libcrypto.so (found version "3.0.2")  
[3.865s] -- Found FastRTPS: /opt/ros/humble/include  
[4.027s] -- Using RMW implementation 'rmw_fastrtps_cpp' as default
[4.057s] -- Looking for pthread.h
[4.368s] -- Looking for pthread.h - found
[4.368s] -- Performing Test CMAKE_HAVE_LIBC_PTHREAD
[4.656s] -- Performing Test CMAKE_HAVE_LIBC_PTHREAD - Success
[4.658s] -- Found Threads: TRUE  
[5.564s] -- Found ament_lint_auto: 0.12.5 (/opt/ros/humble/share/ament_lint_auto/cmake)
[5.675s] -- Found gtest sources under '/opt/ros/humble/src/gtest_vendor': C++ tests using 'Google Test' will be built
[5.692s] -- Added test 'copyright' to check source files copyright and LICENSE
[5.703s] -- Added test 'cppcheck' to perform static code analysis on C / C++ code
[5.704s] -- Configured cppcheck include dirs: /home/serhat/workspace/ros2_socketcan/ros2_socketcan/include
[5.704s] -- Configured cppcheck exclude dirs and/or files: 
[5.707s] -- Added test 'cpplint' to check C / C++ code against the Google style
[5.707s] -- Configured cpplint exclude dirs and/or files: 
[5.708s] -- Added test 'flake8' to check Python code syntax and style conventions
[5.709s] -- Added test 'lint_cmake' to check CMake code style
[5.711s] -- Added test 'pep257' to check Python code against some of the docstring style conventions in PEP 257
[5.713s] -- Added test 'uncrustify' to check C / C++ code style
[5.713s] -- Configured uncrustify additional arguments: 
[5.715s] -- Added test 'xmllint' to check XML markup files
[5.744s] -- Configuring done
[5.822s] -- Generating done
[5.831s] -- Build files have been written to: /home/serhat/workspace/build/ros2_socketcan
[5.854s] Invoked command in '/home/serhat/workspace/build/ros2_socketcan' returned '0': AMENT_PREFIX_PATH=/home/serhat/workspace/install/ros2_socketcan_msgs:${AMENT_PREFIX_PATH} CMAKE_PREFIX_PATH=/home/serhat/workspace/install/ros2_socketcan_msgs:/home/serhat/workspace/install/usb_cam:/home/serhat/workspace/install/udemy_ros2_pkg:/home/serhat/workspace/install/canopen_tests:/home/serhat/workspace/install/canopen:/home/serhat/workspace/install/canopen_402_driver:/home/serhat/workspace/install/canopen_proxy_driver:/home/serhat/workspace/install/canopen_mock_slave:/home/serhat/workspace/install/canopen_base_driver:/home/serhat/workspace/install/canopen_core:/home/serhat/workspace/install/lely_core_libraries:/home/serhat/workspace/install/canopen_interfaces:/home/serhat/workspace/install/canopen_utils:/opt/ros/humble LD_LIBRARY_PATH=/home/serhat/workspace/install/ros2_socketcan_msgs/lib:${LD_LIBRARY_PATH} PYTHONPATH=/home/serhat/workspace/install/ros2_socketcan_msgs/local/lib/python3.10/dist-packages:${PYTHONPATH} /usr/bin/cmake /home/serhat/workspace/ros2_socketcan/ros2_socketcan -DAMENT_CMAKE_SYMLINK_INSTALL=1 -DCMAKE_INSTALL_PREFIX=/home/serhat/workspace/install/ros2_socketcan
[5.855s] Invoking command in '/home/serhat/workspace/build/ros2_socketcan': AMENT_PREFIX_PATH=/home/serhat/workspace/install/ros2_socketcan_msgs:${AMENT_PREFIX_PATH} CMAKE_PREFIX_PATH=/home/serhat/workspace/install/ros2_socketcan_msgs:/home/serhat/workspace/install/usb_cam:/home/serhat/workspace/install/udemy_ros2_pkg:/home/serhat/workspace/install/canopen_tests:/home/serhat/workspace/install/canopen:/home/serhat/workspace/install/canopen_402_driver:/home/serhat/workspace/install/canopen_proxy_driver:/home/serhat/workspace/install/canopen_mock_slave:/home/serhat/workspace/install/canopen_base_driver:/home/serhat/workspace/install/canopen_core:/home/serhat/workspace/install/lely_core_libraries:/home/serhat/workspace/install/canopen_interfaces:/home/serhat/workspace/install/canopen_utils:/opt/ros/humble LD_LIBRARY_PATH=/home/serhat/workspace/install/ros2_socketcan_msgs/lib:${LD_LIBRARY_PATH} PYTHONPATH=/home/serhat/workspace/install/ros2_socketcan_msgs/local/lib/python3.10/dist-packages:${PYTHONPATH} /usr/bin/cmake --build /home/serhat/workspace/build/ros2_socketcan -- -j12 -l12
[6.016s] [  4%] [32mBuilding CXX object CMakeFiles/socket_can_receiver_node_exe.dir/rclcpp_components/node_main_socket_can_receiver_node_exe.cpp.o[0m
[6.083s] [  9%] [32mBuilding CXX object CMakeFiles/ros2_socketcan.dir/src/socket_can_common.cpp.o[0m
[6.107s] [ 14%] [32mBuilding CXX object gtest/CMakeFiles/gtest_main.dir/src/gtest_main.cc.o[0m
[6.110s] [ 19%] [32mBuilding CXX object CMakeFiles/socket_can_sender_node_exe.dir/rclcpp_components/node_main_socket_can_sender_node_exe.cpp.o[0m
[6.112s] [ 23%] [32mBuilding CXX object CMakeFiles/ros2_socketcan.dir/src/socket_can_receiver.cpp.o[0m
[6.126s] [ 28%] [32mBuilding CXX object CMakeFiles/ros2_socketcan.dir/src/socket_can_id.cpp.o[0m
[6.143s] [ 33%] [32mBuilding CXX object CMakeFiles/ros2_socketcan.dir/src/socket_can_sender.cpp.o[0m
[6.186s] [ 38%] [32mBuilding CXX object gtest/CMakeFiles/gtest.dir/src/gtest-all.cc.o[0m
[7.225s] [ 42%] [32m[1mLinking CXX shared library libros2_socketcan.so[0m
[7.588s] [ 42%] Built target ros2_socketcan
[7.620s] [ 47%] [32m[1mLinking CXX static library libgtest_main.a[0m
[7.662s] [ 52%] [32mBuilding CXX object CMakeFiles/socket_can_receiver_node.dir/src/socket_can_receiver_node.cpp.o[0m
[8.058s] [ 52%] Built target gtest_main
[11.788s] [ 57%] [32m[1mLinking CXX static library libgtest.a[0m
[11.916s] [ 61%] [32m[1mLinking CXX executable socket_can_sender_node_exe[0m
[11.928s] [ 66%] [32m[1mLinking CXX executable socket_can_receiver_node_exe[0m
[11.939s] [ 66%] Built target gtest
[11.971s] [ 71%] [32mBuilding CXX object CMakeFiles/ros2_socketcan_test.dir/test/gtest_main.cpp.o[0m
[11.971s] [ 76%] [32mBuilding CXX object CMakeFiles/ros2_socketcan_test.dir/test/receiver.cpp.o[0m
[11.987s] [ 80%] [32mBuilding CXX object CMakeFiles/ros2_socketcan_test.dir/test/sanity_checks.cpp.o[0m
[12.157s] [ 80%] Built target socket_can_sender_node_exe
[12.180s] [ 80%] Built target socket_can_receiver_node_exe
[14.188s] [ 85%] [32m[1mLinking CXX executable ros2_socketcan_test[0m
[14.408s] [ 85%] Built target ros2_socketcan_test
[15.372s] [ 90%] [32m[1mLinking CXX shared library libsocket_can_receiver_node.so[0m
[15.663s] [ 90%] Built target socket_can_receiver_node
[15.685s] [ 95%] [32mBuilding CXX object CMakeFiles/socket_can_sender_node.dir/src/socket_can_sender_node.cpp.o[0m
[29.403s] [100%] [32m[1mLinking CXX shared library libsocket_can_sender_node.so[0m
[29.965s] [100%] Built target socket_can_sender_node
[29.979s] Invoked command in '/home/serhat/workspace/build/ros2_socketcan' returned '0': AMENT_PREFIX_PATH=/home/serhat/workspace/install/ros2_socketcan_msgs:${AMENT_PREFIX_PATH} CMAKE_PREFIX_PATH=/home/serhat/workspace/install/ros2_socketcan_msgs:/home/serhat/workspace/install/usb_cam:/home/serhat/workspace/install/udemy_ros2_pkg:/home/serhat/workspace/install/canopen_tests:/home/serhat/workspace/install/canopen:/home/serhat/workspace/install/canopen_402_driver:/home/serhat/workspace/install/canopen_proxy_driver:/home/serhat/workspace/install/canopen_mock_slave:/home/serhat/workspace/install/canopen_base_driver:/home/serhat/workspace/install/canopen_core:/home/serhat/workspace/install/lely_core_libraries:/home/serhat/workspace/install/canopen_interfaces:/home/serhat/workspace/install/canopen_utils:/opt/ros/humble LD_LIBRARY_PATH=/home/serhat/workspace/install/ros2_socketcan_msgs/lib:${LD_LIBRARY_PATH} PYTHONPATH=/home/serhat/workspace/install/ros2_socketcan_msgs/local/lib/python3.10/dist-packages:${PYTHONPATH} /usr/bin/cmake --build /home/serhat/workspace/build/ros2_socketcan -- -j12 -l12
[30.042s] Invoking command in '/home/serhat/workspace/build/ros2_socketcan': AMENT_PREFIX_PATH=/home/serhat/workspace/install/ros2_socketcan_msgs:${AMENT_PREFIX_PATH} CMAKE_PREFIX_PATH=/home/serhat/workspace/install/ros2_socketcan_msgs:/home/serhat/workspace/install/usb_cam:/home/serhat/workspace/install/udemy_ros2_pkg:/home/serhat/workspace/install/canopen_tests:/home/serhat/workspace/install/canopen:/home/serhat/workspace/install/canopen_402_driver:/home/serhat/workspace/install/canopen_proxy_driver:/home/serhat/workspace/install/canopen_mock_slave:/home/serhat/workspace/install/canopen_base_driver:/home/serhat/workspace/install/canopen_core:/home/serhat/workspace/install/lely_core_libraries:/home/serhat/workspace/install/canopen_interfaces:/home/serhat/workspace/install/canopen_utils:/opt/ros/humble LD_LIBRARY_PATH=/home/serhat/workspace/install/ros2_socketcan_msgs/lib:${LD_LIBRARY_PATH} PYTHONPATH=/home/serhat/workspace/install/ros2_socketcan_msgs/local/lib/python3.10/dist-packages:${PYTHONPATH} /usr/bin/cmake --install /home/serhat/workspace/build/ros2_socketcan
[30.048s] -- Install configuration: ""
[30.049s] -- Execute custom install script
[30.049s] -- Symlinking: /home/serhat/workspace/install/ros2_socketcan/lib/ros2_socketcan/socket_can_receiver_node_exe
[30.057s] -- Symlinking: /home/serhat/workspace/install/ros2_socketcan/lib/ros2_socketcan/socket_can_sender_node_exe
[30.066s] -- Symlinking: /home/serhat/workspace/install/ros2_socketcan/include/ros2_socketcan/socket_can_common.hpp
[30.074s] -- Symlinking: /home/serhat/workspace/install/ros2_socketcan/include/ros2_socketcan/socket_can_id.hpp
[30.081s] -- Symlinking: /home/serhat/workspace/install/ros2_socketcan/include/ros2_socketcan/socket_can_receiver.hpp
[30.089s] -- Symlinking: /home/serhat/workspace/install/ros2_socketcan/include/ros2_socketcan/socket_can_receiver_node.hpp
[30.097s] -- Symlinking: /home/serhat/workspace/install/ros2_socketcan/include/ros2_socketcan/socket_can_sender.hpp
[30.105s] -- Symlinking: /home/serhat/workspace/install/ros2_socketcan/include/ros2_socketcan/socket_can_sender_node.hpp
[30.113s] -- Symlinking: /home/serhat/workspace/install/ros2_socketcan/include/ros2_socketcan/visibility_control.hpp
[30.135s] -- Symlinking: /home/serhat/workspace/install/ros2_socketcan/share/ros2_socketcan/environment/library_path.sh
[30.144s] -- Symlinking: /home/serhat/workspace/install/ros2_socketcan/share/ros2_socketcan/environment/library_path.dsv
[30.151s] -- Symlinking: /home/serhat/workspace/install/ros2_socketcan/lib/libros2_socketcan.so
[30.160s] -- Symlinking: /home/serhat/workspace/install/ros2_socketcan/lib/libsocket_can_receiver_node.so
[30.168s] -- Symlinking: /home/serhat/workspace/install/ros2_socketcan/lib/libsocket_can_sender_node.so
[30.176s] -- Symlinking: /home/serhat/workspace/install/ros2_socketcan/share/ros2_socketcan/launch/socket_can_bridge.launch.xml
[30.184s] -- Symlinking: /home/serhat/workspace/install/ros2_socketcan/share/ros2_socketcan/launch/socket_can_receiver.launch.py
[30.194s] -- Symlinking: /home/serhat/workspace/install/ros2_socketcan/share/ros2_socketcan/launch/socket_can_sender.launch.py
[30.201s] -- Symlinking: /home/serhat/workspace/install/ros2_socketcan/share/ament_index/resource_index/package_run_dependencies/ros2_socketcan
[30.209s] -- Symlinking: /home/serhat/workspace/install/ros2_socketcan/share/ament_index/resource_index/parent_prefix_path/ros2_socketcan
[30.217s] -- Symlinking: /home/serhat/workspace/install/ros2_socketcan/share/ros2_socketcan/environment/ament_prefix_path.sh
[30.225s] -- Symlinking: /home/serhat/workspace/install/ros2_socketcan/share/ros2_socketcan/environment/ament_prefix_path.dsv
[30.233s] -- Symlinking: /home/serhat/workspace/install/ros2_socketcan/share/ros2_socketcan/environment/path.sh
[30.244s] -- Symlinking: /home/serhat/workspace/install/ros2_socketcan/share/ros2_socketcan/environment/path.dsv
[30.251s] -- Symlinking: /home/serhat/workspace/install/ros2_socketcan/share/ros2_socketcan/local_setup.bash
[30.260s] -- Symlinking: /home/serhat/workspace/install/ros2_socketcan/share/ros2_socketcan/local_setup.sh
[30.267s] -- Symlinking: /home/serhat/workspace/install/ros2_socketcan/share/ros2_socketcan/local_setup.zsh
[30.275s] -- Symlinking: /home/serhat/workspace/install/ros2_socketcan/share/ros2_socketcan/local_setup.dsv
[30.282s] -- Symlinking: /home/serhat/workspace/install/ros2_socketcan/share/ros2_socketcan/package.dsv
[30.290s] -- Symlinking: /home/serhat/workspace/install/ros2_socketcan/share/ament_index/resource_index/packages/ros2_socketcan
[30.298s] -- Symlinking: /home/serhat/workspace/install/ros2_socketcan/share/ament_index/resource_index/rclcpp_components/ros2_socketcan
[30.306s] -- Symlinking: /home/serhat/workspace/install/ros2_socketcan/share/ros2_socketcan/cmake/ament_cmake_export_dependencies-extras.cmake
[30.313s] -- Symlinking: /home/serhat/workspace/install/ros2_socketcan/share/ros2_socketcan/cmake/ament_cmake_export_include_directories-extras.cmake
[30.321s] -- Symlinking: /home/serhat/workspace/install/ros2_socketcan/share/ros2_socketcan/cmake/ament_cmake_export_libraries-extras.cmake
[30.328s] -- Symlinking: /home/serhat/workspace/install/ros2_socketcan/share/ros2_socketcan/cmake/ros2_socketcanConfig.cmake
[30.336s] -- Symlinking: /home/serhat/workspace/install/ros2_socketcan/share/ros2_socketcan/cmake/ros2_socketcanConfig-version.cmake
[30.344s] -- Symlinking: /home/serhat/workspace/install/ros2_socketcan/share/ros2_socketcan/package.xml
[30.357s] Invoked command in '/home/serhat/workspace/build/ros2_socketcan' returned '0': AMENT_PREFIX_PATH=/home/serhat/workspace/install/ros2_socketcan_msgs:${AMENT_PREFIX_PATH} CMAKE_PREFIX_PATH=/home/serhat/workspace/install/ros2_socketcan_msgs:/home/serhat/workspace/install/usb_cam:/home/serhat/workspace/install/udemy_ros2_pkg:/home/serhat/workspace/install/canopen_tests:/home/serhat/workspace/install/canopen:/home/serhat/workspace/install/canopen_402_driver:/home/serhat/workspace/install/canopen_proxy_driver:/home/serhat/workspace/install/canopen_mock_slave:/home/serhat/workspace/install/canopen_base_driver:/home/serhat/workspace/install/canopen_core:/home/serhat/workspace/install/lely_core_libraries:/home/serhat/workspace/install/canopen_interfaces:/home/serhat/workspace/install/canopen_utils:/opt/ros/humble LD_LIBRARY_PATH=/home/serhat/workspace/install/ros2_socketcan_msgs/lib:${LD_LIBRARY_PATH} PYTHONPATH=/home/serhat/workspace/install/ros2_socketcan_msgs/local/lib/python3.10/dist-packages:${PYTHONPATH} /usr/bin/cmake --install /home/serhat/workspace/build/ros2_socketcan
