[0.273s] DEBUG:colcon:Command line arguments: ['/usr/bin/colcon', 'build', '--symlink-install']
[0.274s] DEBUG:colcon:Parsed command line arguments: Namespace(log_base=None, log_level=None, verb_name='build', build_base='build', install_base='install', merge_install=False, symlink_install=True, test_result_base=None, continue_on_error=False, executor='parallel', parallel_workers=12, event_handlers=None, ignore_user_meta=False, metas=['./colcon.meta'], base_paths=['.'], packages_ignore=None, packages_ignore_regex=None, paths=None, packages_up_to=None, packages_up_to_regex=None, packages_above=None, packages_above_and_dependencies=None, packages_above_depth=None, packages_select_by_dep=None, packages_skip_by_dep=None, packages_skip_up_to=None, packages_select_build_failed=False, packages_skip_build_finished=False, packages_select_test_failures=False, packages_skip_test_passed=False, packages_select=None, packages_skip=None, packages_select_regex=None, packages_skip_regex=None, packages_start=None, packages_end=None, allow_overriding=[], cmake_args=None, cmake_target=None, cmake_target_skip_unavailable=False, cmake_clean_cache=False, cmake_clean_first=False, cmake_force_configure=False, ament_cmake_args=None, catkin_cmake_args=None, catkin_skip_building_tests=False, verb_parser=<colcon_defaults.argument_parser.defaults.DefaultArgumentsDecorator object at 0x7fe0fa2dba60>, verb_extension=<colcon_core.verb.build.BuildVerb object at 0x7fe0faaef340>, main=<bound method BuildVerb.main of <colcon_core.verb.build.BuildVerb object at 0x7fe0faaef340>>)
[0.298s] Level 1:colcon.colcon_core.package_discovery:discover_packages(colcon_meta) check parameters
[0.298s] Level 1:colcon.colcon_core.package_discovery:discover_packages(recursive) check parameters
[0.298s] Level 1:colcon.colcon_core.package_discovery:discover_packages(ignore) check parameters
[0.298s] Level 1:colcon.colcon_core.package_discovery:discover_packages(path) check parameters
[0.298s] Level 1:colcon.colcon_core.package_discovery:discover_packages(colcon_meta) discover
[0.298s] Level 1:colcon.colcon_core.package_discovery:discover_packages(recursive) discover
[0.298s] INFO:colcon.colcon_core.package_discovery:Crawling recursively for packages in '/home/serhat/workspaces'
[0.298s] Level 1:colcon.colcon_core.package_identification:_identify(.) by extensions ['ignore', 'ignore_ament_install']
[0.299s] Level 1:colcon.colcon_core.package_identification:_identify(.) by extension 'ignore'
[0.299s] Level 1:colcon.colcon_core.package_identification:_identify(.) by extension 'ignore_ament_install'
[0.299s] Level 1:colcon.colcon_core.package_identification:_identify(.) by extensions ['colcon_pkg']
[0.299s] Level 1:colcon.colcon_core.package_identification:_identify(.) by extension 'colcon_pkg'
[0.299s] Level 1:colcon.colcon_core.package_identification:_identify(.) by extensions ['colcon_meta']
[0.299s] Level 1:colcon.colcon_core.package_identification:_identify(.) by extension 'colcon_meta'
[0.299s] Level 1:colcon.colcon_core.package_identification:_identify(.) by extensions ['ros']
[0.299s] Level 1:colcon.colcon_core.package_identification:_identify(.) by extension 'ros'
[0.308s] Level 1:colcon.colcon_core.package_identification:_identify(.) by extensions ['cmake', 'python']
[0.308s] Level 1:colcon.colcon_core.package_identification:_identify(.) by extension 'cmake'
[0.308s] Level 1:colcon.colcon_core.package_identification:_identify(.) by extension 'python'
[0.308s] Level 1:colcon.colcon_core.package_identification:_identify(.) by extensions ['python_setup_py']
[0.308s] Level 1:colcon.colcon_core.package_identification:_identify(.) by extension 'python_setup_py'
[0.308s] Level 1:colcon.colcon_core.package_identification:_identify(build) by extensions ['ignore', 'ignore_ament_install']
[0.308s] Level 1:colcon.colcon_core.package_identification:_identify(build) by extension 'ignore'
[0.308s] Level 1:colcon.colcon_core.package_identification:_identify(build) ignored
[0.308s] Level 1:colcon.colcon_core.package_identification:_identify(install) by extensions ['ignore', 'ignore_ament_install']
[0.308s] Level 1:colcon.colcon_core.package_identification:_identify(install) by extension 'ignore'
[0.309s] Level 1:colcon.colcon_core.package_identification:_identify(install) ignored
[0.309s] Level 1:colcon.colcon_core.package_identification:_identify(log) by extensions ['ignore', 'ignore_ament_install']
[0.309s] Level 1:colcon.colcon_core.package_identification:_identify(log) by extension 'ignore'
[0.309s] Level 1:colcon.colcon_core.package_identification:_identify(log) ignored
[0.309s] Level 1:colcon.colcon_core.package_identification:_identify(ros2_cpp_ws) by extensions ['ignore', 'ignore_ament_install']
[0.309s] Level 1:colcon.colcon_core.package_identification:_identify(ros2_cpp_ws) by extension 'ignore'
[0.309s] Level 1:colcon.colcon_core.package_identification:_identify(ros2_cpp_ws) by extension 'ignore_ament_install'
[0.309s] Level 1:colcon.colcon_core.package_identification:_identify(ros2_cpp_ws) by extensions ['colcon_pkg']
[0.309s] Level 1:colcon.colcon_core.package_identification:_identify(ros2_cpp_ws) by extension 'colcon_pkg'
[0.309s] Level 1:colcon.colcon_core.package_identification:_identify(ros2_cpp_ws) by extensions ['colcon_meta']
[0.309s] Level 1:colcon.colcon_core.package_identification:_identify(ros2_cpp_ws) by extension 'colcon_meta'
[0.309s] Level 1:colcon.colcon_core.package_identification:_identify(ros2_cpp_ws) by extensions ['ros']
[0.309s] Level 1:colcon.colcon_core.package_identification:_identify(ros2_cpp_ws) by extension 'ros'
[0.309s] Level 1:colcon.colcon_core.package_identification:_identify(ros2_cpp_ws) by extensions ['cmake', 'python']
[0.309s] Level 1:colcon.colcon_core.package_identification:_identify(ros2_cpp_ws) by extension 'cmake'
[0.309s] Level 1:colcon.colcon_core.package_identification:_identify(ros2_cpp_ws) by extension 'python'
[0.309s] Level 1:colcon.colcon_core.package_identification:_identify(ros2_cpp_ws) by extensions ['python_setup_py']
[0.309s] Level 1:colcon.colcon_core.package_identification:_identify(ros2_cpp_ws) by extension 'python_setup_py'
[0.309s] Level 1:colcon.colcon_core.package_identification:_identify(ros2_cpp_ws/build) by extensions ['ignore', 'ignore_ament_install']
[0.310s] Level 1:colcon.colcon_core.package_identification:_identify(ros2_cpp_ws/build) by extension 'ignore'
[0.310s] Level 1:colcon.colcon_core.package_identification:_identify(ros2_cpp_ws/build) ignored
[0.310s] Level 1:colcon.colcon_core.package_identification:_identify(ros2_cpp_ws/install) by extensions ['ignore', 'ignore_ament_install']
[0.310s] Level 1:colcon.colcon_core.package_identification:_identify(ros2_cpp_ws/install) by extension 'ignore'
[0.310s] Level 1:colcon.colcon_core.package_identification:_identify(ros2_cpp_ws/install) ignored
[0.310s] Level 1:colcon.colcon_core.package_identification:_identify(ros2_cpp_ws/log) by extensions ['ignore', 'ignore_ament_install']
[0.310s] Level 1:colcon.colcon_core.package_identification:_identify(ros2_cpp_ws/log) by extension 'ignore'
[0.310s] Level 1:colcon.colcon_core.package_identification:_identify(ros2_cpp_ws/log) ignored
[0.310s] Level 1:colcon.colcon_core.package_identification:_identify(ros2_cpp_ws/src) by extensions ['ignore', 'ignore_ament_install']
[0.310s] Level 1:colcon.colcon_core.package_identification:_identify(ros2_cpp_ws/src) by extension 'ignore'
[0.310s] Level 1:colcon.colcon_core.package_identification:_identify(ros2_cpp_ws/src) by extension 'ignore_ament_install'
[0.310s] Level 1:colcon.colcon_core.package_identification:_identify(ros2_cpp_ws/src) by extensions ['colcon_pkg']
[0.310s] Level 1:colcon.colcon_core.package_identification:_identify(ros2_cpp_ws/src) by extension 'colcon_pkg'
[0.310s] Level 1:colcon.colcon_core.package_identification:_identify(ros2_cpp_ws/src) by extensions ['colcon_meta']
[0.311s] Level 1:colcon.colcon_core.package_identification:_identify(ros2_cpp_ws/src) by extension 'colcon_meta'
[0.311s] Level 1:colcon.colcon_core.package_identification:_identify(ros2_cpp_ws/src) by extensions ['ros']
[0.311s] Level 1:colcon.colcon_core.package_identification:_identify(ros2_cpp_ws/src) by extension 'ros'
[0.311s] Level 1:colcon.colcon_core.package_identification:_identify(ros2_cpp_ws/src) by extensions ['cmake', 'python']
[0.311s] Level 1:colcon.colcon_core.package_identification:_identify(ros2_cpp_ws/src) by extension 'cmake'
[0.311s] Level 1:colcon.colcon_core.package_identification:_identify(ros2_cpp_ws/src) by extension 'python'
[0.311s] Level 1:colcon.colcon_core.package_identification:_identify(ros2_cpp_ws/src) by extensions ['python_setup_py']
[0.311s] Level 1:colcon.colcon_core.package_identification:_identify(ros2_cpp_ws/src) by extension 'python_setup_py'
[0.311s] Level 1:colcon.colcon_core.package_identification:_identify(ros2_cpp_ws/src/udemy_ros2_pkg) by extensions ['ignore', 'ignore_ament_install']
[0.311s] Level 1:colcon.colcon_core.package_identification:_identify(ros2_cpp_ws/src/udemy_ros2_pkg) by extension 'ignore'
[0.311s] Level 1:colcon.colcon_core.package_identification:_identify(ros2_cpp_ws/src/udemy_ros2_pkg) by extension 'ignore_ament_install'
[0.311s] Level 1:colcon.colcon_core.package_identification:_identify(ros2_cpp_ws/src/udemy_ros2_pkg) by extensions ['colcon_pkg']
[0.311s] Level 1:colcon.colcon_core.package_identification:_identify(ros2_cpp_ws/src/udemy_ros2_pkg) by extension 'colcon_pkg'
[0.311s] Level 1:colcon.colcon_core.package_identification:_identify(ros2_cpp_ws/src/udemy_ros2_pkg) by extensions ['colcon_meta']
[0.311s] Level 1:colcon.colcon_core.package_identification:_identify(ros2_cpp_ws/src/udemy_ros2_pkg) by extension 'colcon_meta'
[0.311s] Level 1:colcon.colcon_core.package_identification:_identify(ros2_cpp_ws/src/udemy_ros2_pkg) by extensions ['ros']
[0.311s] Level 1:colcon.colcon_core.package_identification:_identify(ros2_cpp_ws/src/udemy_ros2_pkg) by extension 'ros'
[0.313s] DEBUG:colcon.colcon_core.package_identification:Package 'ros2_cpp_ws/src/udemy_ros2_pkg' with type 'ros.ament_cmake' and name 'udemy_ros2_pkg'
[0.313s] Level 1:colcon.colcon_core.package_discovery:discover_packages(recursive) using defaults
[0.313s] Level 1:colcon.colcon_core.package_discovery:discover_packages(ignore) discover
[0.313s] Level 1:colcon.colcon_core.package_discovery:discover_packages(ignore) using defaults
[0.313s] Level 1:colcon.colcon_core.package_discovery:discover_packages(path) discover
[0.313s] Level 1:colcon.colcon_core.package_discovery:discover_packages(path) using defaults
[0.332s] Level 1:colcon.colcon_core.package_discovery:discover_packages(prefix_path) check parameters
[0.332s] Level 1:colcon.colcon_core.package_discovery:discover_packages(prefix_path) discover
[0.334s] DEBUG:colcon.colcon_installed_package_information.package_discovery:Found 1 installed packages in /home/serhat/workspaces/ros2_cpp_ws/install
[0.335s] DEBUG:colcon.colcon_installed_package_information.package_discovery:Found 343 installed packages in /opt/ros/humble
[0.337s] Level 1:colcon.colcon_core.package_discovery:discover_packages(prefix_path) using defaults
[0.394s] Level 5:colcon.colcon_core.verb:set package 'udemy_ros2_pkg' build argument 'cmake_args' from command line to 'None'
[0.394s] Level 5:colcon.colcon_core.verb:set package 'udemy_ros2_pkg' build argument 'cmake_target' from command line to 'None'
[0.394s] Level 5:colcon.colcon_core.verb:set package 'udemy_ros2_pkg' build argument 'cmake_target_skip_unavailable' from command line to 'False'
[0.394s] Level 5:colcon.colcon_core.verb:set package 'udemy_ros2_pkg' build argument 'cmake_clean_cache' from command line to 'False'
[0.394s] Level 5:colcon.colcon_core.verb:set package 'udemy_ros2_pkg' build argument 'cmake_clean_first' from command line to 'False'
[0.394s] Level 5:colcon.colcon_core.verb:set package 'udemy_ros2_pkg' build argument 'cmake_force_configure' from command line to 'False'
[0.394s] Level 5:colcon.colcon_core.verb:set package 'udemy_ros2_pkg' build argument 'ament_cmake_args' from command line to 'None'
[0.394s] Level 5:colcon.colcon_core.verb:set package 'udemy_ros2_pkg' build argument 'catkin_cmake_args' from command line to 'None'
[0.394s] Level 5:colcon.colcon_core.verb:set package 'udemy_ros2_pkg' build argument 'catkin_skip_building_tests' from command line to 'False'
[0.394s] DEBUG:colcon.colcon_core.verb:Building package 'udemy_ros2_pkg' with the following arguments: {'ament_cmake_args': None, 'build_base': '/home/serhat/workspaces/build/udemy_ros2_pkg', 'catkin_cmake_args': None, 'catkin_skip_building_tests': False, 'cmake_args': None, 'cmake_clean_cache': False, 'cmake_clean_first': False, 'cmake_force_configure': False, 'cmake_target': None, 'cmake_target_skip_unavailable': False, 'install_base': '/home/serhat/workspaces/install/udemy_ros2_pkg', 'merge_install': False, 'path': '/home/serhat/workspaces/ros2_cpp_ws/src/udemy_ros2_pkg', 'symlink_install': True, 'test_result_base': None}
[0.395s] INFO:colcon.colcon_core.executor:Executing jobs using 'parallel' executor
[0.397s] DEBUG:colcon.colcon_parallel_executor.executor.parallel:run_until_complete
[0.398s] INFO:colcon.colcon_ros.task.ament_cmake.build:Building ROS package in '/home/serhat/workspaces/ros2_cpp_ws/src/udemy_ros2_pkg' with build type 'ament_cmake'
[0.398s] INFO:colcon.colcon_cmake.task.cmake.build:Building CMake package in '/home/serhat/workspaces/ros2_cpp_ws/src/udemy_ros2_pkg'
[0.401s] INFO:colcon.colcon_core.plugin_system:Skipping extension 'colcon_core.shell.bat': Not used on non-Windows systems
[0.402s] INFO:colcon.colcon_core.shell:Skip shell extension 'powershell' for command environment: Not usable outside of PowerShell
[0.402s] DEBUG:colcon.colcon_core.shell:Skip shell extension 'dsv' for command environment
[0.412s] DEBUG:colcon.colcon_core.event_handler.log_command:Invoking command in '/home/serhat/workspaces/build/udemy_ros2_pkg': CMAKE_PREFIX_PATH=${CMAKE_PREFIX_PATH}:/opt/ros/humble /usr/bin/cmake --build /home/serhat/workspaces/build/udemy_ros2_pkg -- -j12 -l12
[4.234s] DEBUG:colcon.colcon_core.event_handler.log_command:Invoked command in '/home/serhat/workspaces/build/udemy_ros2_pkg' returned '0': CMAKE_PREFIX_PATH=${CMAKE_PREFIX_PATH}:/opt/ros/humble /usr/bin/cmake --build /home/serhat/workspaces/build/udemy_ros2_pkg -- -j12 -l12
[4.264s] DEBUG:colcon.colcon_core.event_handler.log_command:Invoking command in '/home/serhat/workspaces/build/udemy_ros2_pkg': CMAKE_PREFIX_PATH=${CMAKE_PREFIX_PATH}:/opt/ros/humble /usr/bin/cmake --install /home/serhat/workspaces/build/udemy_ros2_pkg
[4.282s] Level 1:colcon.colcon_core.environment:create_environment_scripts_only(udemy_ros2_pkg)
[4.283s] DEBUG:colcon.colcon_core.event_handler.log_command:Invoked command in '/home/serhat/workspaces/build/udemy_ros2_pkg' returned '0': CMAKE_PREFIX_PATH=${CMAKE_PREFIX_PATH}:/opt/ros/humble /usr/bin/cmake --install /home/serhat/workspaces/build/udemy_ros2_pkg
[4.287s] Level 1:colcon.colcon_core.environment:checking '/home/serhat/workspaces/install/udemy_ros2_pkg' for CMake module files
[4.287s] Level 1:colcon.colcon_core.environment:checking '/home/serhat/workspaces/install/udemy_ros2_pkg' for CMake config files
[4.287s] Level 1:colcon.colcon_core.shell:create_environment_hook('udemy_ros2_pkg', 'cmake_prefix_path')
[4.288s] INFO:colcon.colcon_core.shell:Creating environment hook '/home/serhat/workspaces/install/udemy_ros2_pkg/share/udemy_ros2_pkg/hook/cmake_prefix_path.ps1'
[4.289s] INFO:colcon.colcon_core.shell:Creating environment descriptor '/home/serhat/workspaces/install/udemy_ros2_pkg/share/udemy_ros2_pkg/hook/cmake_prefix_path.dsv'
[4.289s] INFO:colcon.colcon_core.shell:Creating environment hook '/home/serhat/workspaces/install/udemy_ros2_pkg/share/udemy_ros2_pkg/hook/cmake_prefix_path.sh'
[4.290s] Level 1:colcon.colcon_core.environment:checking '/home/serhat/workspaces/install/udemy_ros2_pkg/lib'
[4.290s] Level 1:colcon.colcon_core.environment:checking '/home/serhat/workspaces/install/udemy_ros2_pkg/bin'
[4.290s] Level 1:colcon.colcon_core.environment:checking '/home/serhat/workspaces/install/udemy_ros2_pkg/lib/pkgconfig/udemy_ros2_pkg.pc'
[4.290s] Level 1:colcon.colcon_core.environment:checking '/home/serhat/workspaces/install/udemy_ros2_pkg/lib/python3.10/site-packages'
[4.291s] Level 1:colcon.colcon_core.environment:checking '/home/serhat/workspaces/install/udemy_ros2_pkg/bin'
[4.292s] INFO:colcon.colcon_core.shell:Creating package script '/home/serhat/workspaces/install/udemy_ros2_pkg/share/udemy_ros2_pkg/package.ps1'
[4.292s] INFO:colcon.colcon_core.shell:Creating package descriptor '/home/serhat/workspaces/install/udemy_ros2_pkg/share/udemy_ros2_pkg/package.dsv'
[4.293s] INFO:colcon.colcon_core.shell:Creating package script '/home/serhat/workspaces/install/udemy_ros2_pkg/share/udemy_ros2_pkg/package.sh'
[4.294s] INFO:colcon.colcon_core.shell:Creating package script '/home/serhat/workspaces/install/udemy_ros2_pkg/share/udemy_ros2_pkg/package.bash'
[4.294s] INFO:colcon.colcon_core.shell:Creating package script '/home/serhat/workspaces/install/udemy_ros2_pkg/share/udemy_ros2_pkg/package.zsh'
[4.295s] Level 1:colcon.colcon_core.environment:create_file_with_runtime_dependencies(/home/serhat/workspaces/install/udemy_ros2_pkg/share/colcon-core/packages/udemy_ros2_pkg)
[4.317s] Level 1:colcon.colcon_core.environment:create_environment_scripts_only(udemy_ros2_pkg)
[4.319s] Level 1:colcon.colcon_core.environment:checking '/home/serhat/workspaces/install/udemy_ros2_pkg' for CMake module files
[4.319s] Level 1:colcon.colcon_core.environment:checking '/home/serhat/workspaces/install/udemy_ros2_pkg' for CMake config files
[4.320s] Level 1:colcon.colcon_core.shell:create_environment_hook('udemy_ros2_pkg', 'cmake_prefix_path')
[4.321s] INFO:colcon.colcon_core.shell:Creating environment hook '/home/serhat/workspaces/install/udemy_ros2_pkg/share/udemy_ros2_pkg/hook/cmake_prefix_path.ps1'
[4.321s] INFO:colcon.colcon_core.shell:Creating environment descriptor '/home/serhat/workspaces/install/udemy_ros2_pkg/share/udemy_ros2_pkg/hook/cmake_prefix_path.dsv'
[4.322s] INFO:colcon.colcon_core.shell:Creating environment hook '/home/serhat/workspaces/install/udemy_ros2_pkg/share/udemy_ros2_pkg/hook/cmake_prefix_path.sh'
[4.322s] Level 1:colcon.colcon_core.environment:checking '/home/serhat/workspaces/install/udemy_ros2_pkg/lib'
[4.322s] Level 1:colcon.colcon_core.environment:checking '/home/serhat/workspaces/install/udemy_ros2_pkg/bin'
[4.322s] Level 1:colcon.colcon_core.environment:checking '/home/serhat/workspaces/install/udemy_ros2_pkg/lib/pkgconfig/udemy_ros2_pkg.pc'
[4.323s] Level 1:colcon.colcon_core.environment:checking '/home/serhat/workspaces/install/udemy_ros2_pkg/lib/python3.10/site-packages'
[4.323s] Level 1:colcon.colcon_core.environment:checking '/home/serhat/workspaces/install/udemy_ros2_pkg/bin'
[4.324s] INFO:colcon.colcon_core.shell:Creating package script '/home/serhat/workspaces/install/udemy_ros2_pkg/share/udemy_ros2_pkg/package.ps1'
[4.324s] INFO:colcon.colcon_core.shell:Creating package descriptor '/home/serhat/workspaces/install/udemy_ros2_pkg/share/udemy_ros2_pkg/package.dsv'
[4.325s] INFO:colcon.colcon_core.shell:Creating package script '/home/serhat/workspaces/install/udemy_ros2_pkg/share/udemy_ros2_pkg/package.sh'
[4.325s] INFO:colcon.colcon_core.shell:Creating package script '/home/serhat/workspaces/install/udemy_ros2_pkg/share/udemy_ros2_pkg/package.bash'
[4.325s] INFO:colcon.colcon_core.shell:Creating package script '/home/serhat/workspaces/install/udemy_ros2_pkg/share/udemy_ros2_pkg/package.zsh'
[4.326s] Level 1:colcon.colcon_core.environment:create_file_with_runtime_dependencies(/home/serhat/workspaces/install/udemy_ros2_pkg/share/colcon-core/packages/udemy_ros2_pkg)
[4.326s] DEBUG:colcon.colcon_parallel_executor.executor.parallel:closing loop
[4.326s] DEBUG:colcon.colcon_parallel_executor.executor.parallel:loop closed
[4.326s] DEBUG:colcon.colcon_parallel_executor.executor.parallel:run_until_complete finished with '0'
[4.326s] DEBUG:colcon.colcon_core.event_reactor:joining thread
[4.330s] INFO:colcon.colcon_core.plugin_system:Skipping extension 'colcon_notification.desktop_notification.terminal_notifier': Not used on non-Darwin systems
[4.330s] INFO:colcon.colcon_core.plugin_system:Skipping extension 'colcon_notification.desktop_notification.win32': Not used on non-Windows systems
[4.330s] INFO:colcon.colcon_notification.desktop_notification:Sending desktop notification using 'notify2'
[4.340s] DEBUG:colcon.colcon_core.event_reactor:joined thread
[4.342s] INFO:colcon.colcon_core.shell:Creating prefix script '/home/serhat/workspaces/install/local_setup.ps1'
[4.342s] INFO:colcon.colcon_core.shell:Creating prefix util module '/home/serhat/workspaces/install/_local_setup_util_ps1.py'
[4.343s] INFO:colcon.colcon_core.shell:Creating prefix chain script '/home/serhat/workspaces/install/setup.ps1'
[4.345s] INFO:colcon.colcon_core.shell:Creating prefix script '/home/serhat/workspaces/install/local_setup.sh'
[4.346s] INFO:colcon.colcon_core.shell:Creating prefix util module '/home/serhat/workspaces/install/_local_setup_util_sh.py'
[4.347s] INFO:colcon.colcon_core.shell:Creating prefix chain script '/home/serhat/workspaces/install/setup.sh'
[4.349s] INFO:colcon.colcon_core.shell:Creating prefix script '/home/serhat/workspaces/install/local_setup.bash'
[4.350s] INFO:colcon.colcon_core.shell:Creating prefix chain script '/home/serhat/workspaces/install/setup.bash'
[4.352s] INFO:colcon.colcon_core.shell:Creating prefix script '/home/serhat/workspaces/install/local_setup.zsh'
[4.353s] INFO:colcon.colcon_core.shell:Creating prefix chain script '/home/serhat/workspaces/install/setup.zsh'
