[0.065s] Invoking command in '/home/serhat/workspaces/build/usb_cam': CMAKE_PREFIX_PATH=${CMAKE_PREFIX_PATH}:/opt/ros/humble /usr/bin/cmake /home/serhat/workspaces/ros2_cpp_ws/src/usb_cam -DAMENT_CMAKE_SYMLINK_INSTALL=1 -DCMAKE_INSTALL_PREFIX=/home/serhat/workspaces/install/usb_cam
[2.067s] -- The C compiler identification is GNU 11.3.0
[2.775s] -- The CXX compiler identification is GNU 11.3.0
[2.813s] -- Detecting C compiler ABI info
[3.026s] -- Detecting C compiler ABI info - done
[3.038s] -- Check for working C compiler: /usr/bin/cc - skipped
[3.038s] -- Detecting C compile features
[3.050s] -- Detecting C compile features - done
[3.053s] -- Detecting CXX compiler ABI info
[3.259s] -- Detecting CXX compiler ABI info - done
[3.265s] -- Check for working CXX compiler: /usr/bin/c++ - skipped
[3.266s] -- Detecting CXX compile features
[3.266s] -- Detecting CXX compile features - done
[3.309s] -- Found ament_cmake_auto: 1.3.3 (/opt/ros/humble/share/ament_cmake_auto/cmake)
[3.536s] -- Found Python3: /usr/bin/python3.10 (found version "3.10.6") found components: Interpreter 
[3.593s] -- Override CMake install command with custom implementation using symlinks instead of copying resources
[3.909s] -- Found rosidl_generator_c: 3.1.4 (/opt/ros/humble/share/rosidl_generator_c/cmake)
[3.920s] -- Found rosidl_adapter: 3.1.4 (/opt/ros/humble/share/rosidl_adapter/cmake)
[3.929s] -- Found rosidl_generator_cpp: 3.1.4 (/opt/ros/humble/share/rosidl_generator_cpp/cmake)
[3.943s] -- Using all available rosidl_typesupport_c: rosidl_typesupport_fastrtps_c;rosidl_typesupport_introspection_c
[3.962s] -- Using all available rosidl_typesupport_cpp: rosidl_typesupport_fastrtps_cpp;rosidl_typesupport_introspection_cpp
[4.261s] -- Found rmw_implementation_cmake: 6.1.1 (/opt/ros/humble/share/rmw_implementation_cmake/cmake)
[4.263s] -- Found rmw_fastrtps_cpp: 6.2.2 (/opt/ros/humble/share/rmw_fastrtps_cpp/cmake)
[4.485s] -- Found OpenSSL: /usr/lib/x86_64-linux-gnu/libcrypto.so (found version "3.0.2")  
[4.520s] -- Found FastRTPS: /opt/ros/humble/include  
[4.567s] -- Using RMW implementation 'rmw_fastrtps_cpp' as default
[4.591s] -- Looking for pthread.h
[4.742s] -- Looking for pthread.h - found
[4.742s] -- Performing Test CMAKE_HAVE_LIBC_PTHREAD
[4.847s] -- Performing Test CMAKE_HAVE_LIBC_PTHREAD - Success
[4.848s] -- Found Threads: TRUE  
[5.524s] -- Found OpenCV: /usr (found version "4.5.4") 
[5.528s] -- Found PkgConfig: /usr/bin/pkg-config (found version "0.29.2") 
[5.529s] -- Checking for module 'libavcodec'
[5.609s] --   Found libavcodec, version 58.134.100
[5.640s] -- Checking for module 'libavutil'
[5.650s] --   Found libavutil, version 56.70.100
[5.677s] -- Checking for module 'libswscale'
[5.700s] --   Found libswscale, version 5.9.100
[5.777s] -- Found ament_lint_auto: 0.12.5 (/opt/ros/humble/share/ament_lint_auto/cmake)
[5.983s] -- Found gtest sources under '/opt/ros/humble/src/gtest_vendor': C++ tests using 'Google Test' will be built
[6.086s] -- Added test 'copyright' to check source files copyright and LICENSE
[6.093s] -- Added test 'cppcheck' to perform static code analysis on C / C++ code
[6.093s] -- Configured cppcheck include dirs: /home/serhat/workspaces/ros2_cpp_ws/src/usb_cam/include
[6.093s] -- Configured cppcheck exclude dirs and/or files: 
[6.099s] -- Added test 'cpplint' to check C / C++ code against the Google style
[6.099s] -- Configured cpplint exclude dirs and/or files: 
[6.100s] -- Added test 'flake8' to check Python code syntax and style conventions
[6.102s] -- Added test 'lint_cmake' to check CMake code style
[6.103s] -- Added test 'pep257' to check Python code against some of the docstring style conventions in PEP 257
[6.110s] -- Added test 'uncrustify' to check C / C++ code style
[6.111s] -- Configured uncrustify additional arguments: 
[6.111s] -- Added test 'xmllint' to check XML markup files
[6.144s] -- Configuring done
[6.175s] -- Generating done
[6.177s] -- Build files have been written to: /home/serhat/workspaces/build/usb_cam
[6.186s] Invoked command in '/home/serhat/workspaces/build/usb_cam' returned '0': CMAKE_PREFIX_PATH=${CMAKE_PREFIX_PATH}:/opt/ros/humble /usr/bin/cmake /home/serhat/workspaces/ros2_cpp_ws/src/usb_cam -DAMENT_CMAKE_SYMLINK_INSTALL=1 -DCMAKE_INSTALL_PREFIX=/home/serhat/workspaces/install/usb_cam
[6.188s] Invoking command in '/home/serhat/workspaces/build/usb_cam': CMAKE_PREFIX_PATH=${CMAKE_PREFIX_PATH}:/opt/ros/humble /usr/bin/cmake --build /home/serhat/workspaces/build/usb_cam -- -j12 -l12
[6.236s] [ 21%] [32mBuilding CXX object CMakeFiles/usb_cam_node_exe.dir/rclcpp_components/node_main_usb_cam_node_exe.cpp.o[0m
[6.236s] [ 21%] [32mBuilding CXX object gtest/CMakeFiles/gtest_main.dir/src/gtest_main.cc.o[0m
[6.236s] [ 21%] [32mBuilding CXX object CMakeFiles/usb_cam.dir/src/usb_cam.cpp.o[0m
[6.236s] [ 28%] [32mBuilding CXX object gtest/CMakeFiles/gtest.dir/src/gtest-all.cc.o[0m
[8.544s] [ 35%] [32m[1mLinking CXX static library libgtest_main.a[0m
[8.807s] [ 42%] [32m[1mLinking CXX shared library libusb_cam.so[0m
[8.820s] [ 42%] Built target gtest_main
[10.925s] [ 42%] Built target usb_cam
[10.944s] [ 50%] [32mBuilding CXX object CMakeFiles/usb_cam_node.dir/src/usb_cam_node.cpp.o[0m
[11.058s] [ 57%] [32m[1mLinking CXX static library libgtest.a[0m
[11.142s] [ 57%] Built target gtest
[11.160s] [ 64%] [32mBuilding CXX object CMakeFiles/test_usb_cam_lib.dir/test/test_usb_cam_lib.cpp.o[0m
[11.160s] [ 71%] [32mBuilding CXX object CMakeFiles/test_usb_cam_utils.dir/test/test_usb_cam_utils.cpp.o[0m
[11.877s] [ 78%] [32m[1mLinking CXX executable test_usb_cam_lib[0m
[11.998s] [ 85%] [32m[1mLinking CXX executable test_usb_cam_utils[0m
[12.127s] [ 85%] Built target test_usb_cam_lib
[12.178s] [ 85%] Built target test_usb_cam_utils
[13.457s] [ 92%] [32m[1mLinking CXX executable usb_cam_node_exe[0m
[13.644s] [ 92%] Built target usb_cam_node_exe
[15.254s] [100%] [32m[1mLinking CXX shared library libusb_cam_node.so[0m
[15.558s] [100%] Built target usb_cam_node
