[0.631s] Invoking command in '/home/serhat/workspace/build/canopen_utils': CMAKE_PREFIX_PATH=/home/serhat/workspace/install/canopen_interfaces:/home/serhat/workspace/install/usb_cam:/home/serhat/workspace/install/udemy_ros2_pkg:/home/serhat/workspace/install/canopen_tests:/home/serhat/workspace/install/canopen:/home/serhat/workspace/install/canopen_402_driver:/home/serhat/workspace/install/canopen_proxy_driver:/home/serhat/workspace/install/canopen_mock_slave:/home/serhat/workspace/install/canopen_base_driver:/home/serhat/workspace/install/canopen_core:/home/serhat/workspace/install/lely_core_libraries LD_LIBRARY_PATH=/home/serhat/workspace/install/canopen_interfaces/lib:/home/serhat/workspace/install/usb_cam/lib:/home/serhat/workspace/install/udemy_ros2_pkg/lib:/home/serhat/workspace/install/canopen_402_driver/lib:/home/serhat/workspace/install/canopen_proxy_driver/lib:/home/serhat/workspace/install/canopen_base_driver/lib:/home/serhat/workspace/install/canopen_core/lib:/home/serhat/workspace/install/lely_core_libraries/lib:/usr/lib/x86_64-linux-gnu/gazebo-11/plugins:/opt/ros/humble/opt/rviz_ogre_vendor/lib:/opt/ros/humble/lib/x86_64-linux-gnu:/opt/ros/humble/lib PYTHONPATH=/home/serhat/workspace/build/canopen_utils/prefix_override:/home/serhat/workspace/install/canopen_utils/lib/python3.10/site-packages:${PYTHONPATH} /usr/bin/python3 setup.py develop --uninstall --editable --build-directory /home/serhat/workspace/build/canopen_utils/build
[0.894s] running develop
[0.894s] /usr/lib/python3/dist-packages/setuptools/command/easy_install.py:158: EasyInstallDeprecationWarning: easy_install command is deprecated. Use build and pip and other standards-based tools.
[0.895s]   warnings.warn(
[0.895s] /usr/lib/python3/dist-packages/setuptools/command/install.py:34: SetuptoolsDeprecationWarning: setup.py install is deprecated. Use build and pip and other standards-based tools.
[0.896s]   warnings.warn(
[0.963s] /usr/lib/python3/dist-packages/pkg_resources/__init__.py:116: PkgResourcesDeprecationWarning: 1.16.0-unknown is an invalid version and will not be supported in a future release
[0.963s]   warnings.warn(
[0.963s] /usr/lib/python3/dist-packages/pkg_resources/__init__.py:116: PkgResourcesDeprecationWarning: 1.1build1 is an invalid version and will not be supported in a future release
[0.963s]   warnings.warn(
[0.963s] /usr/lib/python3/dist-packages/pkg_resources/__init__.py:116: PkgResourcesDeprecationWarning: 0.1.43ubuntu1 is an invalid version and will not be supported in a future release
[0.963s]   warnings.warn(
[1.113s] Invoked command in '/home/serhat/workspace/build/canopen_utils' returned '0': CMAKE_PREFIX_PATH=/home/serhat/workspace/install/canopen_interfaces:/home/serhat/workspace/install/usb_cam:/home/serhat/workspace/install/udemy_ros2_pkg:/home/serhat/workspace/install/canopen_tests:/home/serhat/workspace/install/canopen:/home/serhat/workspace/install/canopen_402_driver:/home/serhat/workspace/install/canopen_proxy_driver:/home/serhat/workspace/install/canopen_mock_slave:/home/serhat/workspace/install/canopen_base_driver:/home/serhat/workspace/install/canopen_core:/home/serhat/workspace/install/lely_core_libraries LD_LIBRARY_PATH=/home/serhat/workspace/install/canopen_interfaces/lib:/home/serhat/workspace/install/usb_cam/lib:/home/serhat/workspace/install/udemy_ros2_pkg/lib:/home/serhat/workspace/install/canopen_402_driver/lib:/home/serhat/workspace/install/canopen_proxy_driver/lib:/home/serhat/workspace/install/canopen_base_driver/lib:/home/serhat/workspace/install/canopen_core/lib:/home/serhat/workspace/install/lely_core_libraries/lib:/usr/lib/x86_64-linux-gnu/gazebo-11/plugins:/opt/ros/humble/opt/rviz_ogre_vendor/lib:/opt/ros/humble/lib/x86_64-linux-gnu:/opt/ros/humble/lib PYTHONPATH=/home/serhat/workspace/build/canopen_utils/prefix_override:/home/serhat/workspace/install/canopen_utils/lib/python3.10/site-packages:${PYTHONPATH} /usr/bin/python3 setup.py develop --uninstall --editable --build-directory /home/serhat/workspace/build/canopen_utils/build
[1.115s] Invoking command in '/home/serhat/workspace/ros2_canopen/canopen_utils': CMAKE_PREFIX_PATH=/home/serhat/workspace/install/canopen_interfaces:/home/serhat/workspace/install/usb_cam:/home/serhat/workspace/install/udemy_ros2_pkg:/home/serhat/workspace/install/canopen_tests:/home/serhat/workspace/install/canopen:/home/serhat/workspace/install/canopen_402_driver:/home/serhat/workspace/install/canopen_proxy_driver:/home/serhat/workspace/install/canopen_mock_slave:/home/serhat/workspace/install/canopen_base_driver:/home/serhat/workspace/install/canopen_core:/home/serhat/workspace/install/lely_core_libraries LD_LIBRARY_PATH=/home/serhat/workspace/install/canopen_interfaces/lib:/home/serhat/workspace/install/usb_cam/lib:/home/serhat/workspace/install/udemy_ros2_pkg/lib:/home/serhat/workspace/install/canopen_402_driver/lib:/home/serhat/workspace/install/canopen_proxy_driver/lib:/home/serhat/workspace/install/canopen_base_driver/lib:/home/serhat/workspace/install/canopen_core/lib:/home/serhat/workspace/install/lely_core_libraries/lib:/usr/lib/x86_64-linux-gnu/gazebo-11/plugins:/opt/ros/humble/opt/rviz_ogre_vendor/lib:/opt/ros/humble/lib/x86_64-linux-gnu:/opt/ros/humble/lib PYTHONPATH=/home/serhat/workspace/build/canopen_utils/prefix_override:/home/serhat/workspace/install/canopen_utils/lib/python3.10/site-packages:${PYTHONPATH} /usr/bin/python3 setup.py egg_info --egg-base ../../build/canopen_utils build --build-base /home/serhat/workspace/build/canopen_utils/build install --record /home/serhat/workspace/build/canopen_utils/install.log --single-version-externally-managed
[1.369s] running egg_info
[1.369s] writing ../../build/canopen_utils/canopen_utils.egg-info/PKG-INFO
[1.370s] writing dependency_links to ../../build/canopen_utils/canopen_utils.egg-info/dependency_links.txt
[1.370s] writing entry points to ../../build/canopen_utils/canopen_utils.egg-info/entry_points.txt
[1.370s] writing requirements to ../../build/canopen_utils/canopen_utils.egg-info/requires.txt
[1.370s] writing top-level names to ../../build/canopen_utils/canopen_utils.egg-info/top_level.txt
[1.372s] reading manifest file '../../build/canopen_utils/canopen_utils.egg-info/SOURCES.txt'
[1.374s] writing manifest file '../../build/canopen_utils/canopen_utils.egg-info/SOURCES.txt'
[1.374s] running build
[1.374s] running build_py
[1.374s] running install
[1.375s] /usr/lib/python3/dist-packages/setuptools/command/install.py:34: SetuptoolsDeprecationWarning: setup.py install is deprecated. Use build and pip and other standards-based tools.
[1.375s]   warnings.warn(
[1.375s] running install_lib
[1.376s] running install_data
[1.376s] running install_egg_info
[1.378s] removing '/home/serhat/workspace/install/canopen_utils/lib/python3.10/site-packages/canopen_utils-0.0.0-py3.10.egg-info' (and everything under it)
[1.378s] Copying ../../build/canopen_utils/canopen_utils.egg-info to /home/serhat/workspace/install/canopen_utils/lib/python3.10/site-packages/canopen_utils-0.0.0-py3.10.egg-info
[1.379s] running install_scripts
[1.397s] Installing cyclic_tester script to /home/serhat/workspace/install/canopen_utils/lib/canopen_utils
[1.397s] writing list of installed files to '/home/serhat/workspace/build/canopen_utils/install.log'
[1.426s] Invoked command in '/home/serhat/workspace/ros2_canopen/canopen_utils' returned '0': CMAKE_PREFIX_PATH=/home/serhat/workspace/install/canopen_interfaces:/home/serhat/workspace/install/usb_cam:/home/serhat/workspace/install/udemy_ros2_pkg:/home/serhat/workspace/install/canopen_tests:/home/serhat/workspace/install/canopen:/home/serhat/workspace/install/canopen_402_driver:/home/serhat/workspace/install/canopen_proxy_driver:/home/serhat/workspace/install/canopen_mock_slave:/home/serhat/workspace/install/canopen_base_driver:/home/serhat/workspace/install/canopen_core:/home/serhat/workspace/install/lely_core_libraries LD_LIBRARY_PATH=/home/serhat/workspace/install/canopen_interfaces/lib:/home/serhat/workspace/install/usb_cam/lib:/home/serhat/workspace/install/udemy_ros2_pkg/lib:/home/serhat/workspace/install/canopen_402_driver/lib:/home/serhat/workspace/install/canopen_proxy_driver/lib:/home/serhat/workspace/install/canopen_base_driver/lib:/home/serhat/workspace/install/canopen_core/lib:/home/serhat/workspace/install/lely_core_libraries/lib:/usr/lib/x86_64-linux-gnu/gazebo-11/plugins:/opt/ros/humble/opt/rviz_ogre_vendor/lib:/opt/ros/humble/lib/x86_64-linux-gnu:/opt/ros/humble/lib PYTHONPATH=/home/serhat/workspace/build/canopen_utils/prefix_override:/home/serhat/workspace/install/canopen_utils/lib/python3.10/site-packages:${PYTHONPATH} /usr/bin/python3 setup.py egg_info --egg-base ../../build/canopen_utils build --build-base /home/serhat/workspace/build/canopen_utils/build install --record /home/serhat/workspace/build/canopen_utils/install.log --single-version-externally-managed
