[  1%] Built target udemy_ros2_pkg__cpp
[  1%] Built target ament_cmake_python_symlink_udemy_ros2_pkg
[  9%] Built target udemy_ros2_pkg__rosidl_generator_c
[ 12%] Built target subscriber
[ 15%] Built target publisher
[ 18%] Built target rpm_pub
[ 21%] Built target speed_calc
[ 29%] Built target udemy_ros2_pkg__rosidl_typesupport_cpp
[ 46%] Built target udemy_ros2_pkg__rosidl_typesupport_fastrtps_c
[ 56%] Built target udemy_ros2_pkg__rosidl_typesupport_fastrtps_cpp
[ 60%] Built target udemy_ros2_pkg__rosidl_typesupport_introspection_cpp
[ 47%] Built target udemy_ros2_pkg__rosidl_typesupport_c
[ 67%] Built target udemy_ros2_pkg__rosidl_typesupport_introspection_c
[ 69%] [32mBuilding CXX object CMakeFiles/action_server.dir/src/action_server.cpp.o[0m
[ 72%] Built target service_server
[ 75%] Built target turn_camera_service
[ 75%] Built target udemy_ros2_pkg
[ 78%] Built target service_client
[ 81%] Built target turn_camera_client
[ 83%] Built target udemy_ros2_pkg__py
[ 89%] Built target udemy_ros2_pkg__rosidl_generator_py
[ 95%] Built target udemy_ros2_pkg__rosidl_typesupport_fastrtps_c__pyext
[ 95%] Built target udemy_ros2_pkg__rosidl_typesupport_c__pyext
[ 98%] Built target udemy_ros2_pkg__rosidl_typesupport_introspection_c__pyext
running egg_info
writing udemy_ros2_pkg.egg-info/PKG-INFO
writing dependency_links to udemy_ros2_pkg.egg-info/dependency_links.txt
writing top-level names to udemy_ros2_pkg.egg-info/top_level.txt
reading manifest file 'udemy_ros2_pkg.egg-info/SOURCES.txt'
writing manifest file 'udemy_ros2_pkg.egg-info/SOURCES.txt'
[ 98%] Built target ament_cmake_python_build_udemy_ros2_pkg_egg
