[0.745s] Invoking command in '/home/serhat/workspace/build/canopen_utils': CMAKE_PREFIX_PATH=/home/serhat/workspace/install/canopen_interfaces:/home/serhat/workspace/install/ros2_socketcan:/home/serhat/workspace/install/ros2_socketcan_msgs:/home/serhat/workspace/install/usb_cam:/home/serhat/workspace/install/udemy_ros2_pkg:/home/serhat/workspace/install/canopen_tests:/home/serhat/workspace/install/canopen:/home/serhat/workspace/install/canopen_402_driver:/home/serhat/workspace/install/canopen_proxy_driver:/home/serhat/workspace/install/canopen_mock_slave:/home/serhat/workspace/install/canopen_base_driver:/home/serhat/workspace/install/canopen_core:/home/serhat/workspace/install/lely_core_libraries LD_LIBRARY_PATH=/home/serhat/workspace/install/canopen_interfaces/lib:/home/serhat/workspace/install/ros2_socketcan/lib:/home/serhat/workspace/install/ros2_socketcan_msgs/lib:/home/serhat/workspace/install/usb_cam/lib:/home/serhat/workspace/install/udemy_ros2_pkg/lib:/home/serhat/workspace/install/canopen_402_driver/lib:/home/serhat/workspace/install/canopen_proxy_driver/lib:/home/serhat/workspace/install/canopen_base_driver/lib:/home/serhat/workspace/install/canopen_core/lib:/home/serhat/workspace/install/lely_core_libraries/lib:/usr/lib/x86_64-linux-gnu/gazebo-11/plugins:/opt/ros/humble/opt/rviz_ogre_vendor/lib:/opt/ros/humble/lib/x86_64-linux-gnu:/opt/ros/humble/lib PYTHONPATH=/home/serhat/workspace/build/canopen_utils/prefix_override:/home/serhat/workspace/install/canopen_utils/lib/python3.10/site-packages:${PYTHONPATH} /usr/bin/python3 setup.py develop --uninstall --editable --build-directory /home/serhat/workspace/build/canopen_utils/build
[1.038s] running develop
[1.038s] /usr/lib/python3/dist-packages/setuptools/command/easy_install.py:158: EasyInstallDeprecationWarning: easy_install command is deprecated. Use build and pip and other standards-based tools.
[1.038s]   warnings.warn(
[1.039s] /usr/lib/python3/dist-packages/setuptools/command/install.py:34: SetuptoolsDeprecationWarning: setup.py install is deprecated. Use build and pip and other standards-based tools.
[1.040s]   warnings.warn(
[1.108s] /usr/lib/python3/dist-packages/pkg_resources/__init__.py:116: PkgResourcesDeprecationWarning: 1.16.0-unknown is an invalid version and will not be supported in a future release
[1.108s]   warnings.warn(
[1.108s] /usr/lib/python3/dist-packages/pkg_resources/__init__.py:116: PkgResourcesDeprecationWarning: 1.1build1 is an invalid version and will not be supported in a future release
[1.108s]   warnings.warn(
[1.108s] /usr/lib/python3/dist-packages/pkg_resources/__init__.py:116: PkgResourcesDeprecationWarning: 0.1.43ubuntu1 is an invalid version and will not be supported in a future release
[1.109s]   warnings.warn(
[1.231s] Removing /home/serhat/workspace/install/canopen_utils/lib/python3.10/site-packages/canopen-utils.egg-link (link to .)
[1.259s] Invoked command in '/home/serhat/workspace/build/canopen_utils' returned '0': CMAKE_PREFIX_PATH=/home/serhat/workspace/install/canopen_interfaces:/home/serhat/workspace/install/ros2_socketcan:/home/serhat/workspace/install/ros2_socketcan_msgs:/home/serhat/workspace/install/usb_cam:/home/serhat/workspace/install/udemy_ros2_pkg:/home/serhat/workspace/install/canopen_tests:/home/serhat/workspace/install/canopen:/home/serhat/workspace/install/canopen_402_driver:/home/serhat/workspace/install/canopen_proxy_driver:/home/serhat/workspace/install/canopen_mock_slave:/home/serhat/workspace/install/canopen_base_driver:/home/serhat/workspace/install/canopen_core:/home/serhat/workspace/install/lely_core_libraries LD_LIBRARY_PATH=/home/serhat/workspace/install/canopen_interfaces/lib:/home/serhat/workspace/install/ros2_socketcan/lib:/home/serhat/workspace/install/ros2_socketcan_msgs/lib:/home/serhat/workspace/install/usb_cam/lib:/home/serhat/workspace/install/udemy_ros2_pkg/lib:/home/serhat/workspace/install/canopen_402_driver/lib:/home/serhat/workspace/install/canopen_proxy_driver/lib:/home/serhat/workspace/install/canopen_base_driver/lib:/home/serhat/workspace/install/canopen_core/lib:/home/serhat/workspace/install/lely_core_libraries/lib:/usr/lib/x86_64-linux-gnu/gazebo-11/plugins:/opt/ros/humble/opt/rviz_ogre_vendor/lib:/opt/ros/humble/lib/x86_64-linux-gnu:/opt/ros/humble/lib PYTHONPATH=/home/serhat/workspace/build/canopen_utils/prefix_override:/home/serhat/workspace/install/canopen_utils/lib/python3.10/site-packages:${PYTHONPATH} /usr/bin/python3 setup.py develop --uninstall --editable --build-directory /home/serhat/workspace/build/canopen_utils/build
[1.260s] Invoking command in '/home/serhat/workspace/ros2_canopen/canopen_utils': CMAKE_PREFIX_PATH=/home/serhat/workspace/install/canopen_interfaces:/home/serhat/workspace/install/ros2_socketcan:/home/serhat/workspace/install/ros2_socketcan_msgs:/home/serhat/workspace/install/usb_cam:/home/serhat/workspace/install/udemy_ros2_pkg:/home/serhat/workspace/install/canopen_tests:/home/serhat/workspace/install/canopen:/home/serhat/workspace/install/canopen_402_driver:/home/serhat/workspace/install/canopen_proxy_driver:/home/serhat/workspace/install/canopen_mock_slave:/home/serhat/workspace/install/canopen_base_driver:/home/serhat/workspace/install/canopen_core:/home/serhat/workspace/install/lely_core_libraries LD_LIBRARY_PATH=/home/serhat/workspace/install/canopen_interfaces/lib:/home/serhat/workspace/install/ros2_socketcan/lib:/home/serhat/workspace/install/ros2_socketcan_msgs/lib:/home/serhat/workspace/install/usb_cam/lib:/home/serhat/workspace/install/udemy_ros2_pkg/lib:/home/serhat/workspace/install/canopen_402_driver/lib:/home/serhat/workspace/install/canopen_proxy_driver/lib:/home/serhat/workspace/install/canopen_base_driver/lib:/home/serhat/workspace/install/canopen_core/lib:/home/serhat/workspace/install/lely_core_libraries/lib:/usr/lib/x86_64-linux-gnu/gazebo-11/plugins:/opt/ros/humble/opt/rviz_ogre_vendor/lib:/opt/ros/humble/lib/x86_64-linux-gnu:/opt/ros/humble/lib PYTHONPATH=/home/serhat/workspace/build/canopen_utils/prefix_override:/home/serhat/workspace/install/canopen_utils/lib/python3.10/site-packages:${PYTHONPATH} /usr/bin/python3 setup.py egg_info --egg-base ../../build/canopen_utils build --build-base /home/serhat/workspace/build/canopen_utils/build install --record /home/serhat/workspace/build/canopen_utils/install.log --single-version-externally-managed
[1.517s] running egg_info
[1.518s] writing ../../build/canopen_utils/canopen_utils.egg-info/PKG-INFO
[1.518s] writing dependency_links to ../../build/canopen_utils/canopen_utils.egg-info/dependency_links.txt
[1.518s] writing entry points to ../../build/canopen_utils/canopen_utils.egg-info/entry_points.txt
[1.519s] writing requirements to ../../build/canopen_utils/canopen_utils.egg-info/requires.txt
[1.519s] writing top-level names to ../../build/canopen_utils/canopen_utils.egg-info/top_level.txt
[1.520s] reading manifest file '../../build/canopen_utils/canopen_utils.egg-info/SOURCES.txt'
[1.521s] writing manifest file '../../build/canopen_utils/canopen_utils.egg-info/SOURCES.txt'
[1.521s] running build
[1.521s] running build_py
[1.522s] creating /home/serhat/workspace/build/canopen_utils/build
[1.522s] creating /home/serhat/workspace/build/canopen_utils/build/lib
[1.522s] creating /home/serhat/workspace/build/canopen_utils/build/lib/canopen_utils
[1.522s] copying canopen_utils/test_node.py -> /home/serhat/workspace/build/canopen_utils/build/lib/canopen_utils
[1.522s] copying canopen_utils/cyclic_tester.py -> /home/serhat/workspace/build/canopen_utils/build/lib/canopen_utils
[1.522s] copying canopen_utils/__init__.py -> /home/serhat/workspace/build/canopen_utils/build/lib/canopen_utils
[1.522s] running install
[1.522s] /usr/lib/python3/dist-packages/setuptools/command/install.py:34: SetuptoolsDeprecationWarning: setup.py install is deprecated. Use build and pip and other standards-based tools.
[1.522s]   warnings.warn(
[1.523s] running install_lib
[1.524s] running install_data
[1.525s] running install_egg_info
[1.526s] removing '/home/serhat/workspace/install/canopen_utils/lib/python3.10/site-packages/canopen_utils-0.0.0-py3.10.egg-info' (and everything under it)
[1.527s] Copying ../../build/canopen_utils/canopen_utils.egg-info to /home/serhat/workspace/install/canopen_utils/lib/python3.10/site-packages/canopen_utils-0.0.0-py3.10.egg-info
[1.528s] running install_scripts
[1.548s] Installing cyclic_tester script to /home/serhat/workspace/install/canopen_utils/lib/canopen_utils
[1.549s] writing list of installed files to '/home/serhat/workspace/build/canopen_utils/install.log'
[1.583s] Invoked command in '/home/serhat/workspace/ros2_canopen/canopen_utils' returned '0': CMAKE_PREFIX_PATH=/home/serhat/workspace/install/canopen_interfaces:/home/serhat/workspace/install/ros2_socketcan:/home/serhat/workspace/install/ros2_socketcan_msgs:/home/serhat/workspace/install/usb_cam:/home/serhat/workspace/install/udemy_ros2_pkg:/home/serhat/workspace/install/canopen_tests:/home/serhat/workspace/install/canopen:/home/serhat/workspace/install/canopen_402_driver:/home/serhat/workspace/install/canopen_proxy_driver:/home/serhat/workspace/install/canopen_mock_slave:/home/serhat/workspace/install/canopen_base_driver:/home/serhat/workspace/install/canopen_core:/home/serhat/workspace/install/lely_core_libraries LD_LIBRARY_PATH=/home/serhat/workspace/install/canopen_interfaces/lib:/home/serhat/workspace/install/ros2_socketcan/lib:/home/serhat/workspace/install/ros2_socketcan_msgs/lib:/home/serhat/workspace/install/usb_cam/lib:/home/serhat/workspace/install/udemy_ros2_pkg/lib:/home/serhat/workspace/install/canopen_402_driver/lib:/home/serhat/workspace/install/canopen_proxy_driver/lib:/home/serhat/workspace/install/canopen_base_driver/lib:/home/serhat/workspace/install/canopen_core/lib:/home/serhat/workspace/install/lely_core_libraries/lib:/usr/lib/x86_64-linux-gnu/gazebo-11/plugins:/opt/ros/humble/opt/rviz_ogre_vendor/lib:/opt/ros/humble/lib/x86_64-linux-gnu:/opt/ros/humble/lib PYTHONPATH=/home/serhat/workspace/build/canopen_utils/prefix_override:/home/serhat/workspace/install/canopen_utils/lib/python3.10/site-packages:${PYTHONPATH} /usr/bin/python3 setup.py egg_info --egg-base ../../build/canopen_utils build --build-base /home/serhat/workspace/build/canopen_utils/build install --record /home/serhat/workspace/build/canopen_utils/install.log --single-version-externally-managed
