[0.326s] Invoking command in '/home/serhat/workspaces/ros2_cpp_ws/build/usb_cam': CMAKE_PREFIX_PATH=${CMAKE_PREFIX_PATH}:/opt/ros/humble /usr/bin/cmake --build /home/serhat/workspaces/ros2_cpp_ws/build/usb_cam -- -j12 -l12
[0.418s] [ 14%] Built target gtest_main
[0.419s] [ 28%] Built target gtest
[0.422s] [ 42%] Built target usb_cam
[0.432s] [ 57%] Built target usb_cam_node_exe
[0.459s] [ 71%] Built target test_usb_cam_utils
[0.470s] [ 85%] Built target test_usb_cam_lib
[0.482s] [100%] Built target usb_cam_node
[0.506s] Invoked command in '/home/serhat/workspaces/ros2_cpp_ws/build/usb_cam' returned '0': CMAKE_PREFIX_PATH=${CMAKE_PREFIX_PATH}:/opt/ros/humble /usr/bin/cmake --build /home/serhat/workspaces/ros2_cpp_ws/build/usb_cam -- -j12 -l12
[0.578s] Invoking command in '/home/serhat/workspaces/ros2_cpp_ws/build/usb_cam': CMAKE_PREFIX_PATH=${CMAKE_PREFIX_PATH}:/opt/ros/humble /usr/bin/cmake --install /home/serhat/workspaces/ros2_cpp_ws/build/usb_cam
[0.586s] -- Install configuration: ""
[0.586s] -- Up-to-date: /home/serhat/workspaces/ros2_cpp_ws/install/usb_cam/share/usb_cam/environment/library_path.sh
[0.586s] -- Up-to-date: /home/serhat/workspaces/ros2_cpp_ws/install/usb_cam/share/usb_cam/environment/library_path.dsv
[0.587s] -- Up-to-date: /home/serhat/workspaces/ros2_cpp_ws/install/usb_cam/lib/usb_cam/usb_cam_node_exe
[0.587s] -- Up-to-date: /home/serhat/workspaces/ros2_cpp_ws/install/usb_cam/lib/usb_cam/show_image.py
[0.587s] -- Up-to-date: /home/serhat/workspaces/ros2_cpp_ws/install/usb_cam/lib/libusb_cam.so
[0.588s] -- Up-to-date: /home/serhat/workspaces/ros2_cpp_ws/install/usb_cam/lib/libusb_cam_node.so
[0.588s] -- Up-to-date: /home/serhat/workspaces/ros2_cpp_ws/install/usb_cam/include
[0.588s] -- Up-to-date: /home/serhat/workspaces/ros2_cpp_ws/install/usb_cam/include/usb_cam
[0.588s] -- Up-to-date: /home/serhat/workspaces/ros2_cpp_ws/install/usb_cam/include/usb_cam/conversions.hpp
[0.588s] -- Up-to-date: /home/serhat/workspaces/ros2_cpp_ws/install/usb_cam/include/usb_cam/usb_cam_node.hpp
[0.589s] -- Up-to-date: /home/serhat/workspaces/ros2_cpp_ws/install/usb_cam/include/usb_cam/utils.hpp
[0.589s] -- Up-to-date: /home/serhat/workspaces/ros2_cpp_ws/install/usb_cam/include/usb_cam/constants.hpp
[0.589s] -- Up-to-date: /home/serhat/workspaces/ros2_cpp_ws/install/usb_cam/include/usb_cam/usb_cam.hpp
[0.589s] -- Up-to-date: /home/serhat/workspaces/ros2_cpp_ws/install/usb_cam/lib/libusb_cam_node.so
[0.589s] -- Up-to-date: /home/serhat/workspaces/ros2_cpp_ws/install/usb_cam/share/usb_cam/launch
[0.590s] -- Up-to-date: /home/serhat/workspaces/ros2_cpp_ws/install/usb_cam/share/usb_cam/launch/demo_launch.py
[0.590s] -- Up-to-date: /home/serhat/workspaces/ros2_cpp_ws/install/usb_cam/share/usb_cam/config
[0.590s] -- Up-to-date: /home/serhat/workspaces/ros2_cpp_ws/install/usb_cam/share/usb_cam/config/camera_info.yaml
[0.590s] -- Up-to-date: /home/serhat/workspaces/ros2_cpp_ws/install/usb_cam/share/usb_cam/config/params.yaml
[0.591s] -- Up-to-date: /home/serhat/workspaces/ros2_cpp_ws/install/usb_cam/share/ament_index/resource_index/package_run_dependencies/usb_cam
[0.591s] -- Up-to-date: /home/serhat/workspaces/ros2_cpp_ws/install/usb_cam/share/ament_index/resource_index/parent_prefix_path/usb_cam
[0.591s] -- Up-to-date: /home/serhat/workspaces/ros2_cpp_ws/install/usb_cam/share/usb_cam/environment/ament_prefix_path.sh
[0.591s] -- Up-to-date: /home/serhat/workspaces/ros2_cpp_ws/install/usb_cam/share/usb_cam/environment/ament_prefix_path.dsv
[0.591s] -- Up-to-date: /home/serhat/workspaces/ros2_cpp_ws/install/usb_cam/share/usb_cam/environment/path.sh
[0.591s] -- Up-to-date: /home/serhat/workspaces/ros2_cpp_ws/install/usb_cam/share/usb_cam/environment/path.dsv
[0.592s] -- Up-to-date: /home/serhat/workspaces/ros2_cpp_ws/install/usb_cam/share/usb_cam/local_setup.bash
[0.592s] -- Up-to-date: /home/serhat/workspaces/ros2_cpp_ws/install/usb_cam/share/usb_cam/local_setup.sh
[0.592s] -- Up-to-date: /home/serhat/workspaces/ros2_cpp_ws/install/usb_cam/share/usb_cam/local_setup.zsh
[0.592s] -- Up-to-date: /home/serhat/workspaces/ros2_cpp_ws/install/usb_cam/share/usb_cam/local_setup.dsv
[0.592s] -- Installing: /home/serhat/workspaces/ros2_cpp_ws/install/usb_cam/share/usb_cam/package.dsv
[0.592s] -- Up-to-date: /home/serhat/workspaces/ros2_cpp_ws/install/usb_cam/share/ament_index/resource_index/packages/usb_cam
[0.592s] -- Up-to-date: /home/serhat/workspaces/ros2_cpp_ws/install/usb_cam/share/ament_index/resource_index/rclcpp_components/usb_cam
[0.592s] -- Up-to-date: /home/serhat/workspaces/ros2_cpp_ws/install/usb_cam/share/usb_cam/cmake/ament_cmake_export_libraries-extras.cmake
[0.592s] -- Up-to-date: /home/serhat/workspaces/ros2_cpp_ws/install/usb_cam/share/usb_cam/cmake/ament_cmake_export_dependencies-extras.cmake
[0.593s] -- Up-to-date: /home/serhat/workspaces/ros2_cpp_ws/install/usb_cam/share/usb_cam/cmake/ament_cmake_export_include_directories-extras.cmake
[0.593s] -- Up-to-date: /home/serhat/workspaces/ros2_cpp_ws/install/usb_cam/share/usb_cam/cmake/usb_camConfig.cmake
[0.593s] -- Up-to-date: /home/serhat/workspaces/ros2_cpp_ws/install/usb_cam/share/usb_cam/cmake/usb_camConfig-version.cmake
[0.593s] -- Up-to-date: /home/serhat/workspaces/ros2_cpp_ws/install/usb_cam/share/usb_cam/package.xml
[0.630s] Invoked command in '/home/serhat/workspaces/ros2_cpp_ws/build/usb_cam' returned '0': CMAKE_PREFIX_PATH=${CMAKE_PREFIX_PATH}:/opt/ros/humble /usr/bin/cmake --install /home/serhat/workspaces/ros2_cpp_ws/build/usb_cam
