[0.057s] Invoking command in '/home/serhat/workspace/build/canopen_interfaces': CMAKE_PREFIX_PATH=${CMAKE_PREFIX_PATH}:/home/serhat/workspace/install/canopen_utils:/opt/ros/humble /usr/bin/cmake --build /home/serhat/workspace/build/canopen_interfaces -- -j12 -l12
[0.132s] [  1%] Built target canopen_interfaces__cpp
[0.134s] [ 12%] Built target canopen_interfaces__rosidl_generator_c
[0.143s] [ 12%] Built target ament_cmake_python_symlink_canopen_interfaces
[0.183s] [ 24%] Built target canopen_interfaces__rosidl_typesupport_introspection_c
[0.185s] [ 35%] Built target canopen_interfaces__rosidl_typesupport_fastrtps_c
[0.188s] [ 47%] Built target canopen_interfaces__rosidl_typesupport_introspection_cpp
[0.200s] [ 58%] Built target canopen_interfaces__rosidl_typesupport_fastrtps_cpp
[0.200s] [ 70%] Built target canopen_interfaces__rosidl_typesupport_cpp
[0.202s] [ 82%] Built target canopen_interfaces__rosidl_typesupport_c
[0.226s] [ 82%] Built target canopen_interfaces
[0.255s] [ 83%] Built target canopen_interfaces__py
[0.292s] [ 93%] Built target canopen_interfaces__rosidl_generator_py
[0.325s] [ 95%] Built target canopen_interfaces__rosidl_typesupport_fastrtps_c__pyext
[0.327s] [ 97%] Built target canopen_interfaces__rosidl_typesupport_introspection_c__pyext
[0.333s] [100%] Built target canopen_interfaces__rosidl_typesupport_c__pyext
[0.549s] running egg_info
[0.550s] writing canopen_interfaces.egg-info/PKG-INFO
[0.551s] writing dependency_links to canopen_interfaces.egg-info/dependency_links.txt
[0.551s] writing top-level names to canopen_interfaces.egg-info/top_level.txt
[0.555s] reading manifest file 'canopen_interfaces.egg-info/SOURCES.txt'
[0.556s] writing manifest file 'canopen_interfaces.egg-info/SOURCES.txt'
[0.587s] [100%] Built target ament_cmake_python_build_canopen_interfaces_egg
[0.601s] Invoked command in '/home/serhat/workspace/build/canopen_interfaces' returned '0': CMAKE_PREFIX_PATH=${CMAKE_PREFIX_PATH}:/home/serhat/workspace/install/canopen_utils:/opt/ros/humble /usr/bin/cmake --build /home/serhat/workspace/build/canopen_interfaces -- -j12 -l12
[0.854s] Invoking command in '/home/serhat/workspace/build/canopen_interfaces': CMAKE_PREFIX_PATH=${CMAKE_PREFIX_PATH}:/home/serhat/workspace/install/canopen_utils:/opt/ros/humble /usr/bin/cmake --install /home/serhat/workspace/build/canopen_interfaces
[0.862s] -- Install configuration: ""
[0.863s] -- Execute custom install script
[0.864s] -- Up-to-date symlink: /home/serhat/workspace/install/canopen_interfaces/share/ament_index/resource_index/rosidl_interfaces/canopen_interfaces
[0.870s] -- Up-to-date symlink: /home/serhat/workspace/install/canopen_interfaces/include/canopen_interfaces/canopen_interfaces/msg/co_data.h
[0.870s] -- Up-to-date symlink: /home/serhat/workspace/install/canopen_interfaces/include/canopen_interfaces/canopen_interfaces/msg/detail/co_data__functions.h
[0.870s] -- Up-to-date symlink: /home/serhat/workspace/install/canopen_interfaces/include/canopen_interfaces/canopen_interfaces/msg/detail/co_data__struct.h
[0.871s] -- Up-to-date symlink: /home/serhat/workspace/install/canopen_interfaces/include/canopen_interfaces/canopen_interfaces/msg/detail/co_data__type_support.h
[0.871s] -- Up-to-date symlink: /home/serhat/workspace/install/canopen_interfaces/include/canopen_interfaces/canopen_interfaces/msg/rosidl_generator_c__visibility_control.h
[0.871s] -- Up-to-date symlink: /home/serhat/workspace/install/canopen_interfaces/include/canopen_interfaces/canopen_interfaces/srv/co_heartbeat_id.h
[0.871s] -- Up-to-date symlink: /home/serhat/workspace/install/canopen_interfaces/include/canopen_interfaces/canopen_interfaces/srv/co_nmt_id.h
[0.872s] -- Up-to-date symlink: /home/serhat/workspace/install/canopen_interfaces/include/canopen_interfaces/canopen_interfaces/srv/co_node.h
[0.872s] -- Up-to-date symlink: /home/serhat/workspace/install/canopen_interfaces/include/canopen_interfaces/canopen_interfaces/srv/co_read.h
[0.872s] -- Up-to-date symlink: /home/serhat/workspace/install/canopen_interfaces/include/canopen_interfaces/canopen_interfaces/srv/co_read_id.h
[0.872s] -- Up-to-date symlink: /home/serhat/workspace/install/canopen_interfaces/include/canopen_interfaces/canopen_interfaces/srv/co_target_double.h
[0.873s] -- Up-to-date symlink: /home/serhat/workspace/install/canopen_interfaces/include/canopen_interfaces/canopen_interfaces/srv/co_write.h
[0.873s] -- Up-to-date symlink: /home/serhat/workspace/install/canopen_interfaces/include/canopen_interfaces/canopen_interfaces/srv/co_write_id.h
[0.873s] -- Up-to-date symlink: /home/serhat/workspace/install/canopen_interfaces/include/canopen_interfaces/canopen_interfaces/srv/detail/co_heartbeat_id__functions.h
[0.873s] -- Up-to-date symlink: /home/serhat/workspace/install/canopen_interfaces/include/canopen_interfaces/canopen_interfaces/srv/detail/co_heartbeat_id__struct.h
[0.873s] -- Up-to-date symlink: /home/serhat/workspace/install/canopen_interfaces/include/canopen_interfaces/canopen_interfaces/srv/detail/co_heartbeat_id__type_support.h
[0.874s] -- Up-to-date symlink: /home/serhat/workspace/install/canopen_interfaces/include/canopen_interfaces/canopen_interfaces/srv/detail/co_nmt_id__functions.h
[0.874s] -- Up-to-date symlink: /home/serhat/workspace/install/canopen_interfaces/include/canopen_interfaces/canopen_interfaces/srv/detail/co_nmt_id__struct.h
[0.874s] -- Up-to-date symlink: /home/serhat/workspace/install/canopen_interfaces/include/canopen_interfaces/canopen_interfaces/srv/detail/co_nmt_id__type_support.h
[0.874s] -- Up-to-date symlink: /home/serhat/workspace/install/canopen_interfaces/include/canopen_interfaces/canopen_interfaces/srv/detail/co_node__functions.h
[0.875s] -- Up-to-date symlink: /home/serhat/workspace/install/canopen_interfaces/include/canopen_interfaces/canopen_interfaces/srv/detail/co_node__struct.h
[0.875s] -- Up-to-date symlink: /home/serhat/workspace/install/canopen_interfaces/include/canopen_interfaces/canopen_interfaces/srv/detail/co_node__type_support.h
[0.875s] -- Up-to-date symlink: /home/serhat/workspace/install/canopen_interfaces/include/canopen_interfaces/canopen_interfaces/srv/detail/co_read__functions.h
[0.875s] -- Up-to-date symlink: /home/serhat/workspace/install/canopen_interfaces/include/canopen_interfaces/canopen_interfaces/srv/detail/co_read__struct.h
[0.875s] -- Up-to-date symlink: /home/serhat/workspace/install/canopen_interfaces/include/canopen_interfaces/canopen_interfaces/srv/detail/co_read__type_support.h
[0.876s] -- Up-to-date symlink: /home/serhat/workspace/install/canopen_interfaces/include/canopen_interfaces/canopen_interfaces/srv/detail/co_read_id__functions.h
[0.876s] -- Up-to-date symlink: /home/serhat/workspace/install/canopen_interfaces/include/canopen_interfaces/canopen_interfaces/srv/detail/co_read_id__struct.h
[0.876s] -- Up-to-date symlink: /home/serhat/workspace/install/canopen_interfaces/include/canopen_interfaces/canopen_interfaces/srv/detail/co_read_id__type_support.h
[0.876s] -- Up-to-date symlink: /home/serhat/workspace/install/canopen_interfaces/include/canopen_interfaces/canopen_interfaces/srv/detail/co_target_double__functions.h
[0.876s] -- Up-to-date symlink: /home/serhat/workspace/install/canopen_interfaces/include/canopen_interfaces/canopen_interfaces/srv/detail/co_target_double__struct.h
[0.876s] -- Up-to-date symlink: /home/serhat/workspace/install/canopen_interfaces/include/canopen_interfaces/canopen_interfaces/srv/detail/co_target_double__type_support.h
[0.876s] -- Up-to-date symlink: /home/serhat/workspace/install/canopen_interfaces/include/canopen_interfaces/canopen_interfaces/srv/detail/co_write__functions.h
[0.877s] -- Up-to-date symlink: /home/serhat/workspace/install/canopen_interfaces/include/canopen_interfaces/canopen_interfaces/srv/detail/co_write__struct.h
[0.877s] -- Up-to-date symlink: /home/serhat/workspace/install/canopen_interfaces/include/canopen_interfaces/canopen_interfaces/srv/detail/co_write__type_support.h
[0.877s] -- Up-to-date symlink: /home/serhat/workspace/install/canopen_interfaces/include/canopen_interfaces/canopen_interfaces/srv/detail/co_write_id__functions.h
[0.877s] -- Up-to-date symlink: /home/serhat/workspace/install/canopen_interfaces/include/canopen_interfaces/canopen_interfaces/srv/detail/co_write_id__struct.h
[0.877s] -- Up-to-date symlink: /home/serhat/workspace/install/canopen_interfaces/include/canopen_interfaces/canopen_interfaces/srv/detail/co_write_id__type_support.h
[0.877s] -- Up-to-date symlink: /home/serhat/workspace/install/canopen_interfaces/share/canopen_interfaces/environment/library_path.sh
[0.878s] -- Up-to-date symlink: /home/serhat/workspace/install/canopen_interfaces/share/canopen_interfaces/environment/library_path.dsv
[0.880s] -- Up-to-date symlink: /home/serhat/workspace/install/canopen_interfaces/include/canopen_interfaces/canopen_interfaces/msg/detail/co_data__rosidl_typesupport_fastrtps_c.h
[0.880s] -- Up-to-date symlink: /home/serhat/workspace/install/canopen_interfaces/include/canopen_interfaces/canopen_interfaces/msg/rosidl_typesupport_fastrtps_c__visibility_control.h
[0.881s] -- Up-to-date symlink: /home/serhat/workspace/install/canopen_interfaces/include/canopen_interfaces/canopen_interfaces/srv/detail/co_heartbeat_id__rosidl_typesupport_fastrtps_c.h
[0.881s] -- Up-to-date symlink: /home/serhat/workspace/install/canopen_interfaces/include/canopen_interfaces/canopen_interfaces/srv/detail/co_nmt_id__rosidl_typesupport_fastrtps_c.h
[0.881s] -- Up-to-date symlink: /home/serhat/workspace/install/canopen_interfaces/include/canopen_interfaces/canopen_interfaces/srv/detail/co_node__rosidl_typesupport_fastrtps_c.h
[0.882s] -- Up-to-date symlink: /home/serhat/workspace/install/canopen_interfaces/include/canopen_interfaces/canopen_interfaces/srv/detail/co_read__rosidl_typesupport_fastrtps_c.h
[0.882s] -- Up-to-date symlink: /home/serhat/workspace/install/canopen_interfaces/include/canopen_interfaces/canopen_interfaces/srv/detail/co_read_id__rosidl_typesupport_fastrtps_c.h
[0.882s] -- Up-to-date symlink: /home/serhat/workspace/install/canopen_interfaces/include/canopen_interfaces/canopen_interfaces/srv/detail/co_target_double__rosidl_typesupport_fastrtps_c.h
[0.882s] -- Up-to-date symlink: /home/serhat/workspace/install/canopen_interfaces/include/canopen_interfaces/canopen_interfaces/srv/detail/co_write__rosidl_typesupport_fastrtps_c.h
[0.883s] -- Up-to-date symlink: /home/serhat/workspace/install/canopen_interfaces/include/canopen_interfaces/canopen_interfaces/srv/detail/co_write_id__rosidl_typesupport_fastrtps_c.h
[0.883s] -- Up-to-date symlink: /home/serhat/workspace/install/canopen_interfaces/include/canopen_interfaces/canopen_interfaces/msg/detail/co_data__rosidl_typesupport_introspection_c.h
[0.883s] -- Up-to-date symlink: /home/serhat/workspace/install/canopen_interfaces/include/canopen_interfaces/canopen_interfaces/msg/rosidl_typesupport_introspection_c__visibility_control.h
[0.884s] -- Up-to-date symlink: /home/serhat/workspace/install/canopen_interfaces/include/canopen_interfaces/canopen_interfaces/srv/detail/co_heartbeat_id__rosidl_typesupport_introspection_c.h
[0.886s] -- Up-to-date symlink: /home/serhat/workspace/install/canopen_interfaces/include/canopen_interfaces/canopen_interfaces/srv/detail/co_nmt_id__rosidl_typesupport_introspection_c.h
[0.886s] -- Up-to-date symlink: /home/serhat/workspace/install/canopen_interfaces/include/canopen_interfaces/canopen_interfaces/srv/detail/co_node__rosidl_typesupport_introspection_c.h
[0.887s] -- Up-to-date symlink: /home/serhat/workspace/install/canopen_interfaces/include/canopen_interfaces/canopen_interfaces/srv/detail/co_read__rosidl_typesupport_introspection_c.h
[0.887s] -- Up-to-date symlink: /home/serhat/workspace/install/canopen_interfaces/include/canopen_interfaces/canopen_interfaces/srv/detail/co_read_id__rosidl_typesupport_introspection_c.h
[0.887s] -- Up-to-date symlink: /home/serhat/workspace/install/canopen_interfaces/include/canopen_interfaces/canopen_interfaces/srv/detail/co_target_double__rosidl_typesupport_introspection_c.h
[0.889s] -- Up-to-date symlink: /home/serhat/workspace/install/canopen_interfaces/include/canopen_interfaces/canopen_interfaces/srv/detail/co_write__rosidl_typesupport_introspection_c.h
[0.889s] -- Up-to-date symlink: /home/serhat/workspace/install/canopen_interfaces/include/canopen_interfaces/canopen_interfaces/srv/detail/co_write_id__rosidl_typesupport_introspection_c.h
[0.890s] -- Up-to-date symlink: /home/serhat/workspace/install/canopen_interfaces/include/canopen_interfaces/canopen_interfaces/msg/co_data.hpp
[0.892s] -- Up-to-date symlink: /home/serhat/workspace/install/canopen_interfaces/include/canopen_interfaces/canopen_interfaces/msg/detail/co_data__builder.hpp
[0.893s] -- Up-to-date symlink: /home/serhat/workspace/install/canopen_interfaces/include/canopen_interfaces/canopen_interfaces/msg/detail/co_data__struct.hpp
[0.893s] -- Up-to-date symlink: /home/serhat/workspace/install/canopen_interfaces/include/canopen_interfaces/canopen_interfaces/msg/detail/co_data__traits.hpp
[0.893s] -- Up-to-date symlink: /home/serhat/workspace/install/canopen_interfaces/include/canopen_interfaces/canopen_interfaces/srv/co_heartbeat_id.hpp
[0.894s] -- Up-to-date symlink: /home/serhat/workspace/install/canopen_interfaces/include/canopen_interfaces/canopen_interfaces/srv/co_nmt_id.hpp
[0.894s] -- Up-to-date symlink: /home/serhat/workspace/install/canopen_interfaces/include/canopen_interfaces/canopen_interfaces/srv/co_node.hpp
[0.894s] -- Up-to-date symlink: /home/serhat/workspace/install/canopen_interfaces/include/canopen_interfaces/canopen_interfaces/srv/co_read.hpp
[0.895s] -- Up-to-date symlink: /home/serhat/workspace/install/canopen_interfaces/include/canopen_interfaces/canopen_interfaces/srv/co_read_id.hpp
[0.895s] -- Up-to-date symlink: /home/serhat/workspace/install/canopen_interfaces/include/canopen_interfaces/canopen_interfaces/srv/co_target_double.hpp
[0.895s] -- Up-to-date symlink: /home/serhat/workspace/install/canopen_interfaces/include/canopen_interfaces/canopen_interfaces/srv/co_write.hpp
[0.896s] -- Up-to-date symlink: /home/serhat/workspace/install/canopen_interfaces/include/canopen_interfaces/canopen_interfaces/srv/co_write_id.hpp
[0.896s] -- Up-to-date symlink: /home/serhat/workspace/install/canopen_interfaces/include/canopen_interfaces/canopen_interfaces/srv/detail/co_heartbeat_id__builder.hpp
[0.896s] -- Up-to-date symlink: /home/serhat/workspace/install/canopen_interfaces/include/canopen_interfaces/canopen_interfaces/srv/detail/co_heartbeat_id__struct.hpp
[0.897s] -- Up-to-date symlink: /home/serhat/workspace/install/canopen_interfaces/include/canopen_interfaces/canopen_interfaces/srv/detail/co_heartbeat_id__traits.hpp
[0.897s] -- Up-to-date symlink: /home/serhat/workspace/install/canopen_interfaces/include/canopen_interfaces/canopen_interfaces/srv/detail/co_nmt_id__builder.hpp
[0.897s] -- Up-to-date symlink: /home/serhat/workspace/install/canopen_interfaces/include/canopen_interfaces/canopen_interfaces/srv/detail/co_nmt_id__struct.hpp
[0.897s] -- Up-to-date symlink: /home/serhat/workspace/install/canopen_interfaces/include/canopen_interfaces/canopen_interfaces/srv/detail/co_nmt_id__traits.hpp
[0.898s] -- Up-to-date symlink: /home/serhat/workspace/install/canopen_interfaces/include/canopen_interfaces/canopen_interfaces/srv/detail/co_node__builder.hpp
[0.898s] -- Up-to-date symlink: /home/serhat/workspace/install/canopen_interfaces/include/canopen_interfaces/canopen_interfaces/srv/detail/co_node__struct.hpp
[0.898s] -- Up-to-date symlink: /home/serhat/workspace/install/canopen_interfaces/include/canopen_interfaces/canopen_interfaces/srv/detail/co_node__traits.hpp
[0.898s] -- Up-to-date symlink: /home/serhat/workspace/install/canopen_interfaces/include/canopen_interfaces/canopen_interfaces/srv/detail/co_read__builder.hpp
[0.901s] -- Up-to-date symlink: /home/serhat/workspace/install/canopen_interfaces/include/canopen_interfaces/canopen_interfaces/srv/detail/co_read__struct.hpp
[0.902s] -- Up-to-date symlink: /home/serhat/workspace/install/canopen_interfaces/include/canopen_interfaces/canopen_interfaces/srv/detail/co_read__traits.hpp
[0.902s] -- Up-to-date symlink: /home/serhat/workspace/install/canopen_interfaces/include/canopen_interfaces/canopen_interfaces/srv/detail/co_read_id__builder.hpp
[0.902s] -- Up-to-date symlink: /home/serhat/workspace/install/canopen_interfaces/include/canopen_interfaces/canopen_interfaces/srv/detail/co_read_id__struct.hpp
[0.902s] -- Up-to-date symlink: /home/serhat/workspace/install/canopen_interfaces/include/canopen_interfaces/canopen_interfaces/srv/detail/co_read_id__traits.hpp
[0.903s] -- Up-to-date symlink: /home/serhat/workspace/install/canopen_interfaces/include/canopen_interfaces/canopen_interfaces/srv/detail/co_target_double__builder.hpp
[0.903s] -- Up-to-date symlink: /home/serhat/workspace/install/canopen_interfaces/include/canopen_interfaces/canopen_interfaces/srv/detail/co_target_double__struct.hpp
[0.903s] -- Up-to-date symlink: /home/serhat/workspace/install/canopen_interfaces/include/canopen_interfaces/canopen_interfaces/srv/detail/co_target_double__traits.hpp
[0.903s] -- Up-to-date symlink: /home/serhat/workspace/install/canopen_interfaces/include/canopen_interfaces/canopen_interfaces/srv/detail/co_write__builder.hpp
[0.903s] -- Up-to-date symlink: /home/serhat/workspace/install/canopen_interfaces/include/canopen_interfaces/canopen_interfaces/srv/detail/co_write__struct.hpp
[0.904s] -- Up-to-date symlink: /home/serhat/workspace/install/canopen_interfaces/include/canopen_interfaces/canopen_interfaces/srv/detail/co_write__traits.hpp
[0.904s] -- Up-to-date symlink: /home/serhat/workspace/install/canopen_interfaces/include/canopen_interfaces/canopen_interfaces/srv/detail/co_write_id__builder.hpp
[0.904s] -- Up-to-date symlink: /home/serhat/workspace/install/canopen_interfaces/include/canopen_interfaces/canopen_interfaces/srv/detail/co_write_id__struct.hpp
[0.904s] -- Up-to-date symlink: /home/serhat/workspace/install/canopen_interfaces/include/canopen_interfaces/canopen_interfaces/srv/detail/co_write_id__traits.hpp
[0.904s] -- Up-to-date symlink: /home/serhat/workspace/install/canopen_interfaces/include/canopen_interfaces/canopen_interfaces/msg/detail/co_data__rosidl_typesupport_fastrtps_cpp.hpp
[0.905s] -- Up-to-date symlink: /home/serhat/workspace/install/canopen_interfaces/include/canopen_interfaces/canopen_interfaces/msg/rosidl_typesupport_fastrtps_cpp__visibility_control.h
[0.905s] -- Up-to-date symlink: /home/serhat/workspace/install/canopen_interfaces/include/canopen_interfaces/canopen_interfaces/srv/detail/co_heartbeat_id__rosidl_typesupport_fastrtps_cpp.hpp
[0.905s] -- Up-to-date symlink: /home/serhat/workspace/install/canopen_interfaces/include/canopen_interfaces/canopen_interfaces/srv/detail/co_nmt_id__rosidl_typesupport_fastrtps_cpp.hpp
[0.905s] -- Up-to-date symlink: /home/serhat/workspace/install/canopen_interfaces/include/canopen_interfaces/canopen_interfaces/srv/detail/co_node__rosidl_typesupport_fastrtps_cpp.hpp
[0.905s] -- Up-to-date symlink: /home/serhat/workspace/install/canopen_interfaces/include/canopen_interfaces/canopen_interfaces/srv/detail/co_read__rosidl_typesupport_fastrtps_cpp.hpp
[0.906s] -- Up-to-date symlink: /home/serhat/workspace/install/canopen_interfaces/include/canopen_interfaces/canopen_interfaces/srv/detail/co_read_id__rosidl_typesupport_fastrtps_cpp.hpp
[0.906s] -- Up-to-date symlink: /home/serhat/workspace/install/canopen_interfaces/include/canopen_interfaces/canopen_interfaces/srv/detail/co_target_double__rosidl_typesupport_fastrtps_cpp.hpp
[0.906s] -- Up-to-date symlink: /home/serhat/workspace/install/canopen_interfaces/include/canopen_interfaces/canopen_interfaces/srv/detail/co_write__rosidl_typesupport_fastrtps_cpp.hpp
[0.906s] -- Up-to-date symlink: /home/serhat/workspace/install/canopen_interfaces/include/canopen_interfaces/canopen_interfaces/srv/detail/co_write_id__rosidl_typesupport_fastrtps_cpp.hpp
[0.906s] -- Up-to-date symlink: /home/serhat/workspace/install/canopen_interfaces/include/canopen_interfaces/canopen_interfaces/msg/detail/co_data__rosidl_typesupport_introspection_cpp.hpp
[0.906s] -- Up-to-date symlink: /home/serhat/workspace/install/canopen_interfaces/include/canopen_interfaces/canopen_interfaces/srv/detail/co_heartbeat_id__rosidl_typesupport_introspection_cpp.hpp
[0.907s] -- Up-to-date symlink: /home/serhat/workspace/install/canopen_interfaces/include/canopen_interfaces/canopen_interfaces/srv/detail/co_nmt_id__rosidl_typesupport_introspection_cpp.hpp
[0.907s] -- Up-to-date symlink: /home/serhat/workspace/install/canopen_interfaces/include/canopen_interfaces/canopen_interfaces/srv/detail/co_node__rosidl_typesupport_introspection_cpp.hpp
[0.907s] -- Up-to-date symlink: /home/serhat/workspace/install/canopen_interfaces/include/canopen_interfaces/canopen_interfaces/srv/detail/co_read__rosidl_typesupport_introspection_cpp.hpp
[0.907s] -- Up-to-date symlink: /home/serhat/workspace/install/canopen_interfaces/include/canopen_interfaces/canopen_interfaces/srv/detail/co_read_id__rosidl_typesupport_introspection_cpp.hpp
[0.907s] -- Up-to-date symlink: /home/serhat/workspace/install/canopen_interfaces/include/canopen_interfaces/canopen_interfaces/srv/detail/co_target_double__rosidl_typesupport_introspection_cpp.hpp
[0.907s] -- Up-to-date symlink: /home/serhat/workspace/install/canopen_interfaces/include/canopen_interfaces/canopen_interfaces/srv/detail/co_write__rosidl_typesupport_introspection_cpp.hpp
[0.908s] -- Up-to-date symlink: /home/serhat/workspace/install/canopen_interfaces/include/canopen_interfaces/canopen_interfaces/srv/detail/co_write_id__rosidl_typesupport_introspection_cpp.hpp
[0.909s] -- Up-to-date symlink: /home/serhat/workspace/install/canopen_interfaces/share/canopen_interfaces/environment/pythonpath.sh
[0.909s] -- Up-to-date symlink: /home/serhat/workspace/install/canopen_interfaces/share/canopen_interfaces/environment/pythonpath.dsv
[0.909s] -- Up-to-date symlink: /home/serhat/workspace/install/canopen_interfaces/local/lib/python3.10/dist-packages/canopen_interfaces-0.0.1-py3.10.egg-info/PKG-INFO
[0.909s] -- Up-to-date symlink: /home/serhat/workspace/install/canopen_interfaces/local/lib/python3.10/dist-packages/canopen_interfaces-0.0.1-py3.10.egg-info/SOURCES.txt
[0.910s] -- Up-to-date symlink: /home/serhat/workspace/install/canopen_interfaces/local/lib/python3.10/dist-packages/canopen_interfaces-0.0.1-py3.10.egg-info/dependency_links.txt
[0.910s] -- Up-to-date symlink: /home/serhat/workspace/install/canopen_interfaces/local/lib/python3.10/dist-packages/canopen_interfaces-0.0.1-py3.10.egg-info/top_level.txt
[0.910s] -- Up-to-date symlink: /home/serhat/workspace/install/canopen_interfaces/local/lib/python3.10/dist-packages/canopen_interfaces/__init__.py
[0.911s] -- Up-to-date symlink: /home/serhat/workspace/install/canopen_interfaces/local/lib/python3.10/dist-packages/canopen_interfaces/_canopen_interfaces_s.ep.rosidl_typesupport_c.c
[0.911s] -- Up-to-date symlink: /home/serhat/workspace/install/canopen_interfaces/local/lib/python3.10/dist-packages/canopen_interfaces/_canopen_interfaces_s.ep.rosidl_typesupport_fastrtps_c.c
[0.911s] -- Up-to-date symlink: /home/serhat/workspace/install/canopen_interfaces/local/lib/python3.10/dist-packages/canopen_interfaces/_canopen_interfaces_s.ep.rosidl_typesupport_introspection_c.c
[0.913s] -- Up-to-date symlink: /home/serhat/workspace/install/canopen_interfaces/local/lib/python3.10/dist-packages/canopen_interfaces/canopen_interfaces_s__rosidl_typesupport_c.cpython-310-x86_64-linux-gnu.so
[0.913s] -- Up-to-date symlink: /home/serhat/workspace/install/canopen_interfaces/local/lib/python3.10/dist-packages/canopen_interfaces/canopen_interfaces_s__rosidl_typesupport_fastrtps_c.cpython-310-x86_64-linux-gnu.so
[0.913s] -- Up-to-date symlink: /home/serhat/workspace/install/canopen_interfaces/local/lib/python3.10/dist-packages/canopen_interfaces/canopen_interfaces_s__rosidl_typesupport_introspection_c.cpython-310-x86_64-linux-gnu.so
[0.913s] -- Up-to-date symlink: /home/serhat/workspace/install/canopen_interfaces/local/lib/python3.10/dist-packages/canopen_interfaces/libcanopen_interfaces__rosidl_generator_py.so
[0.913s] -- Up-to-date symlink: /home/serhat/workspace/install/canopen_interfaces/local/lib/python3.10/dist-packages/canopen_interfaces/msg/__init__.py
[0.913s] -- Up-to-date symlink: /home/serhat/workspace/install/canopen_interfaces/local/lib/python3.10/dist-packages/canopen_interfaces/msg/_co_data.py
[0.913s] -- Up-to-date symlink: /home/serhat/workspace/install/canopen_interfaces/local/lib/python3.10/dist-packages/canopen_interfaces/msg/_co_data_s.c
[0.914s] -- Up-to-date symlink: /home/serhat/workspace/install/canopen_interfaces/local/lib/python3.10/dist-packages/canopen_interfaces/srv/__init__.py
[0.914s] -- Up-to-date symlink: /home/serhat/workspace/install/canopen_interfaces/local/lib/python3.10/dist-packages/canopen_interfaces/srv/_co_heartbeat_id.py
[0.915s] -- Up-to-date symlink: /home/serhat/workspace/install/canopen_interfaces/local/lib/python3.10/dist-packages/canopen_interfaces/srv/_co_heartbeat_id_s.c
[0.915s] -- Up-to-date symlink: /home/serhat/workspace/install/canopen_interfaces/local/lib/python3.10/dist-packages/canopen_interfaces/srv/_co_nmt_id.py
[0.915s] -- Up-to-date symlink: /home/serhat/workspace/install/canopen_interfaces/local/lib/python3.10/dist-packages/canopen_interfaces/srv/_co_nmt_id_s.c
[0.915s] -- Up-to-date symlink: /home/serhat/workspace/install/canopen_interfaces/local/lib/python3.10/dist-packages/canopen_interfaces/srv/_co_node.py
[0.915s] -- Up-to-date symlink: /home/serhat/workspace/install/canopen_interfaces/local/lib/python3.10/dist-packages/canopen_interfaces/srv/_co_node_s.c
[0.915s] -- Up-to-date symlink: /home/serhat/workspace/install/canopen_interfaces/local/lib/python3.10/dist-packages/canopen_interfaces/srv/_co_read.py
[0.916s] -- Up-to-date symlink: /home/serhat/workspace/install/canopen_interfaces/local/lib/python3.10/dist-packages/canopen_interfaces/srv/_co_read_id.py
[0.916s] -- Up-to-date symlink: /home/serhat/workspace/install/canopen_interfaces/local/lib/python3.10/dist-packages/canopen_interfaces/srv/_co_read_id_s.c
[0.916s] -- Up-to-date symlink: /home/serhat/workspace/install/canopen_interfaces/local/lib/python3.10/dist-packages/canopen_interfaces/srv/_co_read_s.c
[0.916s] -- Up-to-date symlink: /home/serhat/workspace/install/canopen_interfaces/local/lib/python3.10/dist-packages/canopen_interfaces/srv/_co_target_double.py
[0.916s] -- Up-to-date symlink: /home/serhat/workspace/install/canopen_interfaces/local/lib/python3.10/dist-packages/canopen_interfaces/srv/_co_target_double_s.c
[0.917s] -- Up-to-date symlink: /home/serhat/workspace/install/canopen_interfaces/local/lib/python3.10/dist-packages/canopen_interfaces/srv/_co_write.py
[0.917s] -- Up-to-date symlink: /home/serhat/workspace/install/canopen_interfaces/local/lib/python3.10/dist-packages/canopen_interfaces/srv/_co_write_id.py
[0.917s] -- Up-to-date symlink: /home/serhat/workspace/install/canopen_interfaces/local/lib/python3.10/dist-packages/canopen_interfaces/srv/_co_write_id_s.c
[0.917s] -- Up-to-date symlink: /home/serhat/workspace/install/canopen_interfaces/local/lib/python3.10/dist-packages/canopen_interfaces/srv/_co_write_s.c
[0.917s] -- Up-to-date symlink: /home/serhat/workspace/install/canopen_interfaces/local/lib/python3.10/dist-packages/canopen_interfaces/canopen_interfaces_s__rosidl_typesupport_fastrtps_c.cpython-310-x86_64-linux-gnu.so
[0.918s] -- Up-to-date symlink: /home/serhat/workspace/install/canopen_interfaces/local/lib/python3.10/dist-packages/canopen_interfaces/canopen_interfaces_s__rosidl_typesupport_introspection_c.cpython-310-x86_64-linux-gnu.so
[0.918s] -- Up-to-date symlink: /home/serhat/workspace/install/canopen_interfaces/local/lib/python3.10/dist-packages/canopen_interfaces/canopen_interfaces_s__rosidl_typesupport_c.cpython-310-x86_64-linux-gnu.so
[0.918s] -- Up-to-date symlink: /home/serhat/workspace/install/canopen_interfaces/share/canopen_interfaces/srv/COHeartbeatID.idl
[0.918s] -- Up-to-date symlink: /home/serhat/workspace/install/canopen_interfaces/share/canopen_interfaces/srv/CONmtID.idl
[0.919s] -- Up-to-date symlink: /home/serhat/workspace/install/canopen_interfaces/share/canopen_interfaces/srv/CORead.idl
[0.919s] -- Up-to-date symlink: /home/serhat/workspace/install/canopen_interfaces/share/canopen_interfaces/srv/COReadID.idl
[0.919s] -- Up-to-date symlink: /home/serhat/workspace/install/canopen_interfaces/share/canopen_interfaces/srv/COWrite.idl
[0.922s] -- Up-to-date symlink: /home/serhat/workspace/install/canopen_interfaces/share/canopen_interfaces/srv/COWriteID.idl
[0.924s] -- Up-to-date symlink: /home/serhat/workspace/install/canopen_interfaces/share/canopen_interfaces/srv/COTargetDouble.idl
[0.925s] -- Up-to-date symlink: /home/serhat/workspace/install/canopen_interfaces/share/canopen_interfaces/srv/CONode.idl
[0.925s] -- Up-to-date symlink: /home/serhat/workspace/install/canopen_interfaces/share/canopen_interfaces/msg/COData.idl
[0.925s] -- Up-to-date symlink: /home/serhat/workspace/install/canopen_interfaces/share/canopen_interfaces/srv/COHeartbeatID.srv
[0.925s] -- Up-to-date symlink: /home/serhat/workspace/install/canopen_interfaces/share/canopen_interfaces/srv/COHeartbeatID_Request.msg
[0.925s] -- Up-to-date symlink: /home/serhat/workspace/install/canopen_interfaces/share/canopen_interfaces/srv/COHeartbeatID_Response.msg
[0.925s] -- Up-to-date symlink: /home/serhat/workspace/install/canopen_interfaces/share/canopen_interfaces/srv/CONmtID.srv
[0.925s] -- Up-to-date symlink: /home/serhat/workspace/install/canopen_interfaces/share/canopen_interfaces/srv/CONmtID_Request.msg
[0.925s] -- Up-to-date symlink: /home/serhat/workspace/install/canopen_interfaces/share/canopen_interfaces/srv/CONmtID_Response.msg
[0.925s] -- Up-to-date symlink: /home/serhat/workspace/install/canopen_interfaces/share/canopen_interfaces/srv/CORead.srv
[0.925s] -- Up-to-date symlink: /home/serhat/workspace/install/canopen_interfaces/share/canopen_interfaces/srv/CORead_Request.msg
[0.925s] -- Up-to-date symlink: /home/serhat/workspace/install/canopen_interfaces/share/canopen_interfaces/srv/CORead_Response.msg
[0.926s] -- Up-to-date symlink: /home/serhat/workspace/install/canopen_interfaces/share/canopen_interfaces/srv/COReadID.srv
[0.926s] -- Up-to-date symlink: /home/serhat/workspace/install/canopen_interfaces/share/canopen_interfaces/srv/COReadID_Request.msg
[0.926s] -- Up-to-date symlink: /home/serhat/workspace/install/canopen_interfaces/share/canopen_interfaces/srv/COReadID_Response.msg
[0.926s] -- Up-to-date symlink: /home/serhat/workspace/install/canopen_interfaces/share/canopen_interfaces/srv/COWrite.srv
[0.926s] -- Up-to-date symlink: /home/serhat/workspace/install/canopen_interfaces/share/canopen_interfaces/srv/COWrite_Request.msg
[0.926s] -- Up-to-date symlink: /home/serhat/workspace/install/canopen_interfaces/share/canopen_interfaces/srv/COWrite_Response.msg
[0.926s] -- Up-to-date symlink: /home/serhat/workspace/install/canopen_interfaces/share/canopen_interfaces/srv/COWriteID.srv
[0.926s] -- Up-to-date symlink: /home/serhat/workspace/install/canopen_interfaces/share/canopen_interfaces/srv/COWriteID_Request.msg
[0.926s] -- Up-to-date symlink: /home/serhat/workspace/install/canopen_interfaces/share/canopen_interfaces/srv/COWriteID_Response.msg
[0.926s] -- Up-to-date symlink: /home/serhat/workspace/install/canopen_interfaces/share/canopen_interfaces/srv/COTargetDouble.srv
[0.927s] -- Up-to-date symlink: /home/serhat/workspace/install/canopen_interfaces/share/canopen_interfaces/srv/COTargetDouble_Request.msg
[0.927s] -- Up-to-date symlink: /home/serhat/workspace/install/canopen_interfaces/share/canopen_interfaces/srv/COTargetDouble_Response.msg
[0.927s] -- Up-to-date symlink: /home/serhat/workspace/install/canopen_interfaces/share/canopen_interfaces/srv/CONode.srv
[0.927s] -- Up-to-date symlink: /home/serhat/workspace/install/canopen_interfaces/share/canopen_interfaces/srv/CONode_Request.msg
[0.927s] -- Up-to-date symlink: /home/serhat/workspace/install/canopen_interfaces/share/canopen_interfaces/srv/CONode_Response.msg
[0.927s] -- Up-to-date symlink: /home/serhat/workspace/install/canopen_interfaces/share/canopen_interfaces/msg/COData.msg
[0.927s] -- Up-to-date symlink: /home/serhat/workspace/install/canopen_interfaces/share/ament_index/resource_index/package_run_dependencies/canopen_interfaces
[0.927s] -- Up-to-date symlink: /home/serhat/workspace/install/canopen_interfaces/share/ament_index/resource_index/parent_prefix_path/canopen_interfaces
[0.927s] -- Up-to-date symlink: /home/serhat/workspace/install/canopen_interfaces/share/canopen_interfaces/environment/ament_prefix_path.sh
[0.927s] -- Up-to-date symlink: /home/serhat/workspace/install/canopen_interfaces/share/canopen_interfaces/environment/ament_prefix_path.dsv
[0.927s] -- Up-to-date symlink: /home/serhat/workspace/install/canopen_interfaces/share/canopen_interfaces/environment/path.sh
[0.928s] -- Up-to-date symlink: /home/serhat/workspace/install/canopen_interfaces/share/canopen_interfaces/environment/path.dsv
[0.928s] -- Up-to-date symlink: /home/serhat/workspace/install/canopen_interfaces/share/canopen_interfaces/local_setup.bash
[0.928s] -- Up-to-date symlink: /home/serhat/workspace/install/canopen_interfaces/share/canopen_interfaces/local_setup.sh
[0.928s] -- Up-to-date symlink: /home/serhat/workspace/install/canopen_interfaces/share/canopen_interfaces/local_setup.zsh
[0.928s] -- Up-to-date symlink: /home/serhat/workspace/install/canopen_interfaces/share/canopen_interfaces/local_setup.dsv
[0.928s] -- Symlinking: /home/serhat/workspace/install/canopen_interfaces/share/canopen_interfaces/package.dsv
[0.928s] -- Up-to-date symlink: /home/serhat/workspace/install/canopen_interfaces/share/ament_index/resource_index/packages/canopen_interfaces
[0.929s] -- Up-to-date symlink: /home/serhat/workspace/install/canopen_interfaces/share/canopen_interfaces/cmake/rosidl_cmake-extras.cmake
[0.930s] -- Up-to-date symlink: /home/serhat/workspace/install/canopen_interfaces/share/canopen_interfaces/cmake/ament_cmake_export_include_directories-extras.cmake
[0.930s] -- Up-to-date symlink: /home/serhat/workspace/install/canopen_interfaces/share/canopen_interfaces/cmake/ament_cmake_export_libraries-extras.cmake
[0.930s] -- Up-to-date symlink: /home/serhat/workspace/install/canopen_interfaces/share/canopen_interfaces/cmake/ament_cmake_export_targets-extras.cmake
[0.930s] -- Up-to-date symlink: /home/serhat/workspace/install/canopen_interfaces/share/canopen_interfaces/cmake/rosidl_cmake_export_typesupport_targets-extras.cmake
[0.931s] -- Up-to-date symlink: /home/serhat/workspace/install/canopen_interfaces/share/canopen_interfaces/cmake/ament_cmake_export_dependencies-extras.cmake
[0.931s] -- Up-to-date symlink: /home/serhat/workspace/install/canopen_interfaces/share/canopen_interfaces/cmake/rosidl_cmake_export_typesupport_libraries-extras.cmake
[0.931s] -- Up-to-date symlink: /home/serhat/workspace/install/canopen_interfaces/share/canopen_interfaces/cmake/canopen_interfacesConfig.cmake
[0.932s] -- Up-to-date symlink: /home/serhat/workspace/install/canopen_interfaces/share/canopen_interfaces/cmake/canopen_interfacesConfig-version.cmake
[0.933s] -- Up-to-date symlink: /home/serhat/workspace/install/canopen_interfaces/share/canopen_interfaces/package.xml
[0.933s] -- Up-to-date: /home/serhat/workspace/install/canopen_interfaces/lib/libcanopen_interfaces__rosidl_generator_c.so
[0.933s] -- Up-to-date: /home/serhat/workspace/install/canopen_interfaces/lib/libcanopen_interfaces__rosidl_typesupport_fastrtps_c.so
[0.933s] -- Up-to-date: /home/serhat/workspace/install/canopen_interfaces/lib/libcanopen_interfaces__rosidl_typesupport_introspection_c.so
[0.933s] -- Up-to-date: /home/serhat/workspace/install/canopen_interfaces/lib/libcanopen_interfaces__rosidl_typesupport_c.so
[0.933s] -- Up-to-date: /home/serhat/workspace/install/canopen_interfaces/lib/libcanopen_interfaces__rosidl_typesupport_fastrtps_cpp.so
[0.933s] -- Up-to-date: /home/serhat/workspace/install/canopen_interfaces/lib/libcanopen_interfaces__rosidl_typesupport_introspection_cpp.so
[0.933s] -- Up-to-date: /home/serhat/workspace/install/canopen_interfaces/lib/libcanopen_interfaces__rosidl_typesupport_cpp.so
[0.967s] Listing '/home/serhat/workspace/install/canopen_interfaces/local/lib/python3.10/dist-packages/canopen_interfaces'...
[0.968s] Listing '/home/serhat/workspace/install/canopen_interfaces/local/lib/python3.10/dist-packages/canopen_interfaces/msg'...
[0.968s] Listing '/home/serhat/workspace/install/canopen_interfaces/local/lib/python3.10/dist-packages/canopen_interfaces/srv'...
[0.977s] -- Up-to-date: /home/serhat/workspace/install/canopen_interfaces/lib/libcanopen_interfaces__rosidl_generator_py.so
[0.977s] -- Up-to-date: /home/serhat/workspace/install/canopen_interfaces/share/canopen_interfaces/cmake/export_canopen_interfaces__rosidl_generator_cExport.cmake
[0.977s] -- Up-to-date: /home/serhat/workspace/install/canopen_interfaces/share/canopen_interfaces/cmake/export_canopen_interfaces__rosidl_generator_cExport-noconfig.cmake
[0.977s] -- Up-to-date: /home/serhat/workspace/install/canopen_interfaces/share/canopen_interfaces/cmake/export_canopen_interfaces__rosidl_typesupport_fastrtps_cExport.cmake
[0.978s] -- Up-to-date: /home/serhat/workspace/install/canopen_interfaces/share/canopen_interfaces/cmake/export_canopen_interfaces__rosidl_typesupport_fastrtps_cExport-noconfig.cmake
[0.978s] -- Up-to-date: /home/serhat/workspace/install/canopen_interfaces/share/canopen_interfaces/cmake/canopen_interfaces__rosidl_typesupport_introspection_cExport.cmake
[0.980s] -- Up-to-date: /home/serhat/workspace/install/canopen_interfaces/share/canopen_interfaces/cmake/canopen_interfaces__rosidl_typesupport_introspection_cExport-noconfig.cmake
[0.980s] -- Up-to-date: /home/serhat/workspace/install/canopen_interfaces/share/canopen_interfaces/cmake/canopen_interfaces__rosidl_typesupport_cExport.cmake
[0.983s] -- Up-to-date: /home/serhat/workspace/install/canopen_interfaces/share/canopen_interfaces/cmake/canopen_interfaces__rosidl_typesupport_cExport-noconfig.cmake
[0.983s] -- Up-to-date: /home/serhat/workspace/install/canopen_interfaces/share/canopen_interfaces/cmake/export_canopen_interfaces__rosidl_generator_cppExport.cmake
[0.983s] -- Up-to-date: /home/serhat/workspace/install/canopen_interfaces/share/canopen_interfaces/cmake/export_canopen_interfaces__rosidl_typesupport_fastrtps_cppExport.cmake
[0.983s] -- Up-to-date: /home/serhat/workspace/install/canopen_interfaces/share/canopen_interfaces/cmake/export_canopen_interfaces__rosidl_typesupport_fastrtps_cppExport-noconfig.cmake
[0.983s] -- Up-to-date: /home/serhat/workspace/install/canopen_interfaces/share/canopen_interfaces/cmake/canopen_interfaces__rosidl_typesupport_introspection_cppExport.cmake
[0.983s] -- Up-to-date: /home/serhat/workspace/install/canopen_interfaces/share/canopen_interfaces/cmake/canopen_interfaces__rosidl_typesupport_introspection_cppExport-noconfig.cmake
[0.984s] -- Up-to-date: /home/serhat/workspace/install/canopen_interfaces/share/canopen_interfaces/cmake/canopen_interfaces__rosidl_typesupport_cppExport.cmake
[0.989s] -- Up-to-date: /home/serhat/workspace/install/canopen_interfaces/share/canopen_interfaces/cmake/canopen_interfaces__rosidl_typesupport_cppExport-noconfig.cmake
[0.989s] -- Up-to-date: /home/serhat/workspace/install/canopen_interfaces/share/canopen_interfaces/cmake/export_canopen_interfaces__rosidl_generator_pyExport.cmake
[0.989s] -- Up-to-date: /home/serhat/workspace/install/canopen_interfaces/share/canopen_interfaces/cmake/export_canopen_interfaces__rosidl_generator_pyExport-noconfig.cmake
[0.989s] Invoked command in '/home/serhat/workspace/build/canopen_interfaces' returned '0': CMAKE_PREFIX_PATH=${CMAKE_PREFIX_PATH}:/home/serhat/workspace/install/canopen_utils:/opt/ros/humble /usr/bin/cmake --install /home/serhat/workspace/build/canopen_interfaces
