[0.017s] Invoking command in '/home/serhat/workspaces/build/udemy_ros2_pkg': CMAKE_PREFIX_PATH=${CMAKE_PREFIX_PATH}:/opt/ros/humble /usr/bin/cmake /home/serhat/workspaces/ros2_cpp_ws/src/udemy_ros2_pkg -DCMAKE_INSTALL_PREFIX=/home/serhat/workspaces/install/udemy_ros2_pkg
[0.026s] -- Found ament_cmake: 1.3.3 (/opt/ros/humble/share/ament_cmake/cmake)
[0.140s] -- Override CMake install command with custom implementation using symlinks instead of copying resources
[0.146s] -- Found rclpy: 3.3.7 (/opt/ros/humble/share/rclpy/cmake)
[0.146s] -- Found rosidl_default_generators: 1.2.0 (/opt/ros/humble/share/rosidl_default_generators/cmake)
[0.148s] -- Using all available rosidl_typesupport_c: rosidl_typesupport_fastrtps_c;rosidl_typesupport_introspection_c
[0.150s] -- Found rosidl_adapter: 3.1.4 (/opt/ros/humble/share/rosidl_adapter/cmake)
[0.178s] -- Using all available rosidl_typesupport_cpp: rosidl_typesupport_fastrtps_cpp;rosidl_typesupport_introspection_cpp
[0.203s] -- Found sensor_msgs: 4.2.3 (/opt/ros/humble/share/sensor_msgs/cmake)
[0.402s] -- Found ros_ign_gazebo: 0.244.9 (/opt/ros/humble/share/ros_ign_gazebo/cmake)
[0.448s] -- Found rmw_implementation_cmake: 6.1.1 (/opt/ros/humble/share/rmw_implementation_cmake/cmake)
[0.449s] -- Found rmw_fastrtps_cpp: 6.2.2 (/opt/ros/humble/share/rmw_fastrtps_cpp/cmake)
[0.558s] -- Using RMW implementation 'rmw_fastrtps_cpp' as default
[1.742s] -- Found ament_cmake_ros: 0.10.0 (/opt/ros/humble/share/ament_cmake_ros/cmake)
[1.983s] -- Using all available rosidl_typesupport_c: rosidl_typesupport_fastrtps_c;rosidl_typesupport_introspection_c
[2.300s] -- Using all available rosidl_typesupport_cpp: rosidl_typesupport_fastrtps_cpp;rosidl_typesupport_introspection_cpp
[2.318s] -- Found python_cmake_module: 0.10.0 (/opt/ros/humble/share/python_cmake_module/cmake)
[2.336s] -- Using PYTHON_EXECUTABLE: /usr/bin/python3
[2.336s] -- Using PYTHON_INCLUDE_DIRS: /usr/include/python3.10
[2.336s] -- Using PYTHON_LIBRARIES: /usr/lib/x86_64-linux-gnu/libpython3.10.so
[2.389s] -- Found ament_lint_auto: 0.12.5 (/opt/ros/humble/share/ament_lint_auto/cmake)
[2.399s] -- Added test 'cppcheck' to perform static code analysis on C / C++ code
[2.400s] -- Configured cppcheck include dirs: 
[2.400s] -- Configured cppcheck exclude dirs and/or files: 
[2.400s] -- Added test 'flake8' to check Python code syntax and style conventions
[2.401s] -- Added test 'lint_cmake' to check CMake code style
[2.401s] -- Added test 'pep257' to check Python code against some of the docstring style conventions in PEP 257
[2.404s] -- Added test 'uncrustify' to check C / C++ code style
[2.404s] -- Configured uncrustify additional arguments: 
[2.405s] -- Added test 'xmllint' to check XML markup files
[2.407s] -- Configuring done
[2.445s] -- Generating done
[2.450s] -- Build files have been written to: /home/serhat/workspaces/build/udemy_ros2_pkg
[2.459s] Invoked command in '/home/serhat/workspaces/build/udemy_ros2_pkg' returned '0': CMAKE_PREFIX_PATH=${CMAKE_PREFIX_PATH}:/opt/ros/humble /usr/bin/cmake /home/serhat/workspaces/ros2_cpp_ws/src/udemy_ros2_pkg -DCMAKE_INSTALL_PREFIX=/home/serhat/workspaces/install/udemy_ros2_pkg
[2.460s] Invoking command in '/home/serhat/workspaces/build/udemy_ros2_pkg': CMAKE_PREFIX_PATH=${CMAKE_PREFIX_PATH}:/opt/ros/humble /usr/bin/cmake --build /home/serhat/workspaces/build/udemy_ros2_pkg -- -j12 -l12
[2.493s] [35m[1mConsolidate compiler generated dependencies of target udemy_ros2_pkg__rosidl_generator_c[0m
[2.502s] [  2%] Built target udemy_ros2_pkg__cpp
[2.504s] [ 12%] Built target udemy_ros2_pkg__rosidl_generator_c
[2.510s] [ 12%] Built target ament_cmake_python_symlink_scripts
[2.510s] [ 12%] Built target ament_cmake_python_symlink_udemy_ros2_pkg
[2.513s] [35m[1mConsolidate compiler generated dependencies of target udemy_ros2_pkg__rosidl_typesupport_cpp[0m
[2.514s] [35m[1mConsolidate compiler generated dependencies of target udemy_ros2_pkg__rosidl_typesupport_introspection_cpp[0m
[2.515s] [35m[1mConsolidate compiler generated dependencies of target udemy_ros2_pkg__rosidl_typesupport_introspection_c[0m
[2.516s] [35m[1mConsolidate compiler generated dependencies of target udemy_ros2_pkg__rosidl_typesupport_fastrtps_c[0m
[2.517s] [35m[1mConsolidate compiler generated dependencies of target udemy_ros2_pkg__rosidl_typesupport_fastrtps_cpp[0m
[2.518s] [35m[1mConsolidate compiler generated dependencies of target udemy_ros2_pkg__rosidl_typesupport_c[0m
[2.529s] [ 23%] Built target udemy_ros2_pkg__rosidl_typesupport_introspection_c
[2.530s] [ 34%] Built target udemy_ros2_pkg__rosidl_typesupport_cpp
[2.531s] [ 44%] Built target udemy_ros2_pkg__rosidl_typesupport_c
[2.533s] [ 55%] Built target udemy_ros2_pkg__rosidl_typesupport_fastrtps_c
[2.535s] [ 65%] Built target udemy_ros2_pkg__rosidl_typesupport_introspection_cpp
[2.538s] [ 76%] Built target udemy_ros2_pkg__rosidl_typesupport_fastrtps_cpp
[2.556s] [ 76%] Built target udemy_ros2_pkg
[2.574s] [ 78%] Built target udemy_ros2_pkg__py
[2.583s] [35m[1mConsolidate compiler generated dependencies of target udemy_ros2_pkg__rosidl_generator_py[0m
[2.596s] [ 87%] Built target udemy_ros2_pkg__rosidl_generator_py
[2.606s] [35m[1mConsolidate compiler generated dependencies of target udemy_ros2_pkg__rosidl_typesupport_c__pyext[0m
[2.606s] [35m[1mConsolidate compiler generated dependencies of target udemy_ros2_pkg__rosidl_typesupport_fastrtps_c__pyext[0m
[2.606s] [35m[1mConsolidate compiler generated dependencies of target udemy_ros2_pkg__rosidl_typesupport_introspection_c__pyext[0m
[2.619s] [ 95%] Built target udemy_ros2_pkg__rosidl_typesupport_introspection_c__pyext
[2.619s] [ 95%] Built target udemy_ros2_pkg__rosidl_typesupport_c__pyext
[2.619s] [100%] Built target udemy_ros2_pkg__rosidl_typesupport_fastrtps_c__pyext
[2.741s] running egg_info
[2.742s] writing scripts.egg-info/PKG-INFO
[2.742s] writing dependency_links to scripts.egg-info/dependency_links.txt
[2.742s] writing top-level names to scripts.egg-info/top_level.txt
[2.744s] reading manifest file 'scripts.egg-info/SOURCES.txt'
[2.745s] writing manifest file 'scripts.egg-info/SOURCES.txt'
[2.749s] running egg_info
[2.750s] writing udemy_ros2_pkg.egg-info/PKG-INFO
[2.750s] writing dependency_links to udemy_ros2_pkg.egg-info/dependency_links.txt
[2.750s] writing top-level names to udemy_ros2_pkg.egg-info/top_level.txt
[2.752s] reading manifest file 'udemy_ros2_pkg.egg-info/SOURCES.txt'
[2.753s] writing manifest file 'udemy_ros2_pkg.egg-info/SOURCES.txt'
[2.766s] [100%] Built target ament_cmake_python_build_scripts_egg
[2.774s] [100%] Built target ament_cmake_python_build_udemy_ros2_pkg_egg
[2.783s] Invoked command in '/home/serhat/workspaces/build/udemy_ros2_pkg' returned '0': CMAKE_PREFIX_PATH=${CMAKE_PREFIX_PATH}:/opt/ros/humble /usr/bin/cmake --build /home/serhat/workspaces/build/udemy_ros2_pkg -- -j12 -l12
[2.872s] Invoking command in '/home/serhat/workspaces/build/udemy_ros2_pkg': CMAKE_PREFIX_PATH=${CMAKE_PREFIX_PATH}:/opt/ros/humble /usr/bin/cmake --install /home/serhat/workspaces/build/udemy_ros2_pkg
[2.878s] -- Install configuration: "RelWithDebInfo"
[2.879s] -- Execute custom install script
[2.879s] -- Up-to-date symlink: /home/serhat/workspaces/install/udemy_ros2_pkg/share/ament_index/resource_index/rosidl_interfaces/udemy_ros2_pkg
[2.879s] -- Up-to-date symlink: /home/serhat/workspaces/install/udemy_ros2_pkg/include/udemy_ros2_pkg/udemy_ros2_pkg/action/detail/navigate__functions.h
[2.880s] -- Up-to-date symlink: /home/serhat/workspaces/install/udemy_ros2_pkg/include/udemy_ros2_pkg/udemy_ros2_pkg/action/detail/navigate__struct.h
[2.880s] -- Up-to-date symlink: /home/serhat/workspaces/install/udemy_ros2_pkg/include/udemy_ros2_pkg/udemy_ros2_pkg/action/detail/navigate__type_support.h
[2.880s] -- Up-to-date symlink: /home/serhat/workspaces/install/udemy_ros2_pkg/include/udemy_ros2_pkg/udemy_ros2_pkg/action/navigate.h
[2.880s] -- Up-to-date symlink: /home/serhat/workspaces/install/udemy_ros2_pkg/include/udemy_ros2_pkg/udemy_ros2_pkg/msg/rosidl_generator_c__visibility_control.h
[2.880s] -- Up-to-date symlink: /home/serhat/workspaces/install/udemy_ros2_pkg/include/udemy_ros2_pkg/udemy_ros2_pkg/srv/detail/odd_even_check__functions.h
[2.880s] -- Up-to-date symlink: /home/serhat/workspaces/install/udemy_ros2_pkg/include/udemy_ros2_pkg/udemy_ros2_pkg/srv/detail/odd_even_check__struct.h
[2.880s] -- Up-to-date symlink: /home/serhat/workspaces/install/udemy_ros2_pkg/include/udemy_ros2_pkg/udemy_ros2_pkg/srv/detail/odd_even_check__type_support.h
[2.880s] -- Up-to-date symlink: /home/serhat/workspaces/install/udemy_ros2_pkg/include/udemy_ros2_pkg/udemy_ros2_pkg/srv/detail/turn_camera__functions.h
[2.880s] -- Up-to-date symlink: /home/serhat/workspaces/install/udemy_ros2_pkg/include/udemy_ros2_pkg/udemy_ros2_pkg/srv/detail/turn_camera__struct.h
[2.880s] -- Up-to-date symlink: /home/serhat/workspaces/install/udemy_ros2_pkg/include/udemy_ros2_pkg/udemy_ros2_pkg/srv/detail/turn_camera__type_support.h
[2.880s] -- Up-to-date symlink: /home/serhat/workspaces/install/udemy_ros2_pkg/include/udemy_ros2_pkg/udemy_ros2_pkg/srv/odd_even_check.h
[2.881s] -- Up-to-date symlink: /home/serhat/workspaces/install/udemy_ros2_pkg/include/udemy_ros2_pkg/udemy_ros2_pkg/srv/turn_camera.h
[2.881s] -- Up-to-date symlink: /home/serhat/workspaces/install/udemy_ros2_pkg/share/udemy_ros2_pkg/environment/library_path.sh
[2.881s] -- Up-to-date symlink: /home/serhat/workspaces/install/udemy_ros2_pkg/share/udemy_ros2_pkg/environment/library_path.dsv
[2.881s] -- Up-to-date symlink: /home/serhat/workspaces/install/udemy_ros2_pkg/include/udemy_ros2_pkg/udemy_ros2_pkg/action/detail/navigate__rosidl_typesupport_fastrtps_c.h
[2.881s] -- Up-to-date symlink: /home/serhat/workspaces/install/udemy_ros2_pkg/include/udemy_ros2_pkg/udemy_ros2_pkg/msg/rosidl_typesupport_fastrtps_c__visibility_control.h
[2.881s] -- Up-to-date symlink: /home/serhat/workspaces/install/udemy_ros2_pkg/include/udemy_ros2_pkg/udemy_ros2_pkg/srv/detail/odd_even_check__rosidl_typesupport_fastrtps_c.h
[2.882s] -- Up-to-date symlink: /home/serhat/workspaces/install/udemy_ros2_pkg/include/udemy_ros2_pkg/udemy_ros2_pkg/srv/detail/turn_camera__rosidl_typesupport_fastrtps_c.h
[2.882s] -- Up-to-date symlink: /home/serhat/workspaces/install/udemy_ros2_pkg/include/udemy_ros2_pkg/udemy_ros2_pkg/action/detail/navigate__rosidl_typesupport_introspection_c.h
[2.882s] -- Up-to-date symlink: /home/serhat/workspaces/install/udemy_ros2_pkg/include/udemy_ros2_pkg/udemy_ros2_pkg/msg/rosidl_typesupport_introspection_c__visibility_control.h
[2.882s] -- Up-to-date symlink: /home/serhat/workspaces/install/udemy_ros2_pkg/include/udemy_ros2_pkg/udemy_ros2_pkg/srv/detail/odd_even_check__rosidl_typesupport_introspection_c.h
[2.882s] -- Up-to-date symlink: /home/serhat/workspaces/install/udemy_ros2_pkg/include/udemy_ros2_pkg/udemy_ros2_pkg/srv/detail/turn_camera__rosidl_typesupport_introspection_c.h
[2.883s] -- Up-to-date symlink: /home/serhat/workspaces/install/udemy_ros2_pkg/include/udemy_ros2_pkg/udemy_ros2_pkg/action/detail/navigate__builder.hpp
[2.883s] -- Up-to-date symlink: /home/serhat/workspaces/install/udemy_ros2_pkg/include/udemy_ros2_pkg/udemy_ros2_pkg/action/detail/navigate__struct.hpp
[2.883s] -- Up-to-date symlink: /home/serhat/workspaces/install/udemy_ros2_pkg/include/udemy_ros2_pkg/udemy_ros2_pkg/action/detail/navigate__traits.hpp
[2.883s] -- Up-to-date symlink: /home/serhat/workspaces/install/udemy_ros2_pkg/include/udemy_ros2_pkg/udemy_ros2_pkg/action/navigate.hpp
[2.883s] -- Up-to-date symlink: /home/serhat/workspaces/install/udemy_ros2_pkg/include/udemy_ros2_pkg/udemy_ros2_pkg/srv/detail/odd_even_check__builder.hpp
[2.883s] -- Up-to-date symlink: /home/serhat/workspaces/install/udemy_ros2_pkg/include/udemy_ros2_pkg/udemy_ros2_pkg/srv/detail/odd_even_check__struct.hpp
[2.884s] -- Up-to-date symlink: /home/serhat/workspaces/install/udemy_ros2_pkg/include/udemy_ros2_pkg/udemy_ros2_pkg/srv/detail/odd_even_check__traits.hpp
[2.884s] -- Up-to-date symlink: /home/serhat/workspaces/install/udemy_ros2_pkg/include/udemy_ros2_pkg/udemy_ros2_pkg/srv/detail/turn_camera__builder.hpp
[2.884s] -- Up-to-date symlink: /home/serhat/workspaces/install/udemy_ros2_pkg/include/udemy_ros2_pkg/udemy_ros2_pkg/srv/detail/turn_camera__struct.hpp
[2.884s] -- Up-to-date symlink: /home/serhat/workspaces/install/udemy_ros2_pkg/include/udemy_ros2_pkg/udemy_ros2_pkg/srv/detail/turn_camera__traits.hpp
[2.884s] -- Up-to-date symlink: /home/serhat/workspaces/install/udemy_ros2_pkg/include/udemy_ros2_pkg/udemy_ros2_pkg/srv/odd_even_check.hpp
[2.884s] -- Up-to-date symlink: /home/serhat/workspaces/install/udemy_ros2_pkg/include/udemy_ros2_pkg/udemy_ros2_pkg/srv/turn_camera.hpp
[2.884s] -- Up-to-date symlink: /home/serhat/workspaces/install/udemy_ros2_pkg/include/udemy_ros2_pkg/udemy_ros2_pkg/action/detail/navigate__rosidl_typesupport_fastrtps_cpp.hpp
[2.884s] -- Up-to-date symlink: /home/serhat/workspaces/install/udemy_ros2_pkg/include/udemy_ros2_pkg/udemy_ros2_pkg/msg/rosidl_typesupport_fastrtps_cpp__visibility_control.h
[2.885s] -- Up-to-date symlink: /home/serhat/workspaces/install/udemy_ros2_pkg/include/udemy_ros2_pkg/udemy_ros2_pkg/srv/detail/odd_even_check__rosidl_typesupport_fastrtps_cpp.hpp
[2.885s] -- Up-to-date symlink: /home/serhat/workspaces/install/udemy_ros2_pkg/include/udemy_ros2_pkg/udemy_ros2_pkg/srv/detail/turn_camera__rosidl_typesupport_fastrtps_cpp.hpp
[2.885s] -- Up-to-date symlink: /home/serhat/workspaces/install/udemy_ros2_pkg/include/udemy_ros2_pkg/udemy_ros2_pkg/action/detail/navigate__rosidl_typesupport_introspection_cpp.hpp
[2.885s] -- Up-to-date symlink: /home/serhat/workspaces/install/udemy_ros2_pkg/include/udemy_ros2_pkg/udemy_ros2_pkg/srv/detail/odd_even_check__rosidl_typesupport_introspection_cpp.hpp
[2.885s] -- Up-to-date symlink: /home/serhat/workspaces/install/udemy_ros2_pkg/include/udemy_ros2_pkg/udemy_ros2_pkg/srv/detail/turn_camera__rosidl_typesupport_introspection_cpp.hpp
[2.885s] -- Up-to-date symlink: /home/serhat/workspaces/install/udemy_ros2_pkg/share/udemy_ros2_pkg/environment/pythonpath.sh
[2.886s] -- Up-to-date symlink: /home/serhat/workspaces/install/udemy_ros2_pkg/share/udemy_ros2_pkg/environment/pythonpath.dsv
[2.886s] -- Up-to-date symlink: /home/serhat/workspaces/install/udemy_ros2_pkg/local/lib/python3.10/dist-packages/udemy_ros2_pkg-0.0.0-py3.10.egg-info/PKG-INFO
[2.886s] -- Up-to-date symlink: /home/serhat/workspaces/install/udemy_ros2_pkg/local/lib/python3.10/dist-packages/udemy_ros2_pkg-0.0.0-py3.10.egg-info/SOURCES.txt
[2.886s] -- Up-to-date symlink: /home/serhat/workspaces/install/udemy_ros2_pkg/local/lib/python3.10/dist-packages/udemy_ros2_pkg-0.0.0-py3.10.egg-info/dependency_links.txt
[2.886s] -- Up-to-date symlink: /home/serhat/workspaces/install/udemy_ros2_pkg/local/lib/python3.10/dist-packages/udemy_ros2_pkg-0.0.0-py3.10.egg-info/top_level.txt
[2.887s] -- Up-to-date symlink: /home/serhat/workspaces/install/udemy_ros2_pkg/local/lib/python3.10/dist-packages/udemy_ros2_pkg/__init__.py
[2.887s] -- Up-to-date symlink: /home/serhat/workspaces/install/udemy_ros2_pkg/local/lib/python3.10/dist-packages/udemy_ros2_pkg/_udemy_ros2_pkg_s.ep.rosidl_typesupport_c.c
[2.887s] -- Up-to-date symlink: /home/serhat/workspaces/install/udemy_ros2_pkg/local/lib/python3.10/dist-packages/udemy_ros2_pkg/_udemy_ros2_pkg_s.ep.rosidl_typesupport_fastrtps_c.c
[2.887s] -- Up-to-date symlink: /home/serhat/workspaces/install/udemy_ros2_pkg/local/lib/python3.10/dist-packages/udemy_ros2_pkg/_udemy_ros2_pkg_s.ep.rosidl_typesupport_introspection_c.c
[2.887s] -- Up-to-date symlink: /home/serhat/workspaces/install/udemy_ros2_pkg/local/lib/python3.10/dist-packages/udemy_ros2_pkg/action/__init__.py
[2.887s] -- Up-to-date symlink: /home/serhat/workspaces/install/udemy_ros2_pkg/local/lib/python3.10/dist-packages/udemy_ros2_pkg/action/_navigate.py
[2.887s] -- Up-to-date symlink: /home/serhat/workspaces/install/udemy_ros2_pkg/local/lib/python3.10/dist-packages/udemy_ros2_pkg/action/_navigate_s.c
[2.887s] -- Up-to-date symlink: /home/serhat/workspaces/install/udemy_ros2_pkg/local/lib/python3.10/dist-packages/udemy_ros2_pkg/libudemy_ros2_pkg__rosidl_generator_py.so
[2.887s] -- Up-to-date symlink: /home/serhat/workspaces/install/udemy_ros2_pkg/local/lib/python3.10/dist-packages/udemy_ros2_pkg/srv/__init__.py
[2.887s] -- Up-to-date symlink: /home/serhat/workspaces/install/udemy_ros2_pkg/local/lib/python3.10/dist-packages/udemy_ros2_pkg/srv/_odd_even_check.py
[2.888s] -- Up-to-date symlink: /home/serhat/workspaces/install/udemy_ros2_pkg/local/lib/python3.10/dist-packages/udemy_ros2_pkg/srv/_odd_even_check_s.c
[2.888s] -- Up-to-date symlink: /home/serhat/workspaces/install/udemy_ros2_pkg/local/lib/python3.10/dist-packages/udemy_ros2_pkg/srv/_turn_camera.py
[2.888s] -- Up-to-date symlink: /home/serhat/workspaces/install/udemy_ros2_pkg/local/lib/python3.10/dist-packages/udemy_ros2_pkg/srv/_turn_camera_s.c
[2.888s] -- Up-to-date symlink: /home/serhat/workspaces/install/udemy_ros2_pkg/local/lib/python3.10/dist-packages/udemy_ros2_pkg/udemy_ros2_pkg_s__rosidl_typesupport_c.cpython-310-x86_64-linux-gnu.so
[2.888s] -- Up-to-date symlink: /home/serhat/workspaces/install/udemy_ros2_pkg/local/lib/python3.10/dist-packages/udemy_ros2_pkg/udemy_ros2_pkg_s__rosidl_typesupport_fastrtps_c.cpython-310-x86_64-linux-gnu.so
[2.888s] -- Up-to-date symlink: /home/serhat/workspaces/install/udemy_ros2_pkg/local/lib/python3.10/dist-packages/udemy_ros2_pkg/udemy_ros2_pkg_s__rosidl_typesupport_introspection_c.cpython-310-x86_64-linux-gnu.so
[2.888s] -- Up-to-date symlink: /home/serhat/workspaces/install/udemy_ros2_pkg/local/lib/python3.10/dist-packages/udemy_ros2_pkg/udemy_ros2_pkg_s__rosidl_typesupport_fastrtps_c.cpython-310-x86_64-linux-gnu.so
[2.889s] -- Up-to-date symlink: /home/serhat/workspaces/install/udemy_ros2_pkg/local/lib/python3.10/dist-packages/udemy_ros2_pkg/udemy_ros2_pkg_s__rosidl_typesupport_introspection_c.cpython-310-x86_64-linux-gnu.so
[2.889s] -- Up-to-date symlink: /home/serhat/workspaces/install/udemy_ros2_pkg/local/lib/python3.10/dist-packages/udemy_ros2_pkg/udemy_ros2_pkg_s__rosidl_typesupport_c.cpython-310-x86_64-linux-gnu.so
[2.889s] -- Up-to-date symlink: /home/serhat/workspaces/install/udemy_ros2_pkg/share/udemy_ros2_pkg/srv/OddEvenCheck.idl
[2.889s] -- Up-to-date symlink: /home/serhat/workspaces/install/udemy_ros2_pkg/share/udemy_ros2_pkg/srv/TurnCamera.idl
[2.889s] -- Up-to-date symlink: /home/serhat/workspaces/install/udemy_ros2_pkg/share/udemy_ros2_pkg/action/Navigate.idl
[2.889s] -- Up-to-date symlink: /home/serhat/workspaces/install/udemy_ros2_pkg/share/udemy_ros2_pkg/srv/OddEvenCheck.srv
[2.890s] -- Up-to-date symlink: /home/serhat/workspaces/install/udemy_ros2_pkg/share/udemy_ros2_pkg/srv/OddEvenCheck_Request.msg
[2.890s] -- Up-to-date symlink: /home/serhat/workspaces/install/udemy_ros2_pkg/share/udemy_ros2_pkg/srv/OddEvenCheck_Response.msg
[2.890s] -- Up-to-date symlink: /home/serhat/workspaces/install/udemy_ros2_pkg/share/udemy_ros2_pkg/srv/TurnCamera.srv
[2.890s] -- Up-to-date symlink: /home/serhat/workspaces/install/udemy_ros2_pkg/share/udemy_ros2_pkg/srv/TurnCamera_Request.msg
[2.890s] -- Up-to-date symlink: /home/serhat/workspaces/install/udemy_ros2_pkg/share/udemy_ros2_pkg/srv/TurnCamera_Response.msg
[2.890s] -- Up-to-date symlink: /home/serhat/workspaces/install/udemy_ros2_pkg/share/udemy_ros2_pkg/action/Navigate.action
[2.891s] -- Up-to-date symlink: /home/serhat/workspaces/install/udemy_ros2_pkg/local/lib/python3.10/dist-packages/scripts-0.0.0-py3.10.egg-info/PKG-INFO
[2.891s] -- Up-to-date symlink: /home/serhat/workspaces/install/udemy_ros2_pkg/local/lib/python3.10/dist-packages/scripts-0.0.0-py3.10.egg-info/SOURCES.txt
[2.891s] -- Up-to-date symlink: /home/serhat/workspaces/install/udemy_ros2_pkg/local/lib/python3.10/dist-packages/scripts-0.0.0-py3.10.egg-info/dependency_links.txt
[2.891s] -- Up-to-date symlink: /home/serhat/workspaces/install/udemy_ros2_pkg/local/lib/python3.10/dist-packages/scripts-0.0.0-py3.10.egg-info/top_level.txt
[2.891s] -- Up-to-date symlink: /home/serhat/workspaces/install/udemy_ros2_pkg/local/lib/python3.10/dist-packages/scripts/__init__.py
[2.891s] -- Up-to-date symlink: /home/serhat/workspaces/install/udemy_ros2_pkg/local/lib/python3.10/dist-packages/scripts/action_client.py
[2.891s] -- Up-to-date symlink: /home/serhat/workspaces/install/udemy_ros2_pkg/local/lib/python3.10/dist-packages/scripts/action_server.py
[2.892s] -- Up-to-date symlink: /home/serhat/workspaces/install/udemy_ros2_pkg/local/lib/python3.10/dist-packages/scripts/publisher.py
[2.892s] -- Up-to-date symlink: /home/serhat/workspaces/install/udemy_ros2_pkg/local/lib/python3.10/dist-packages/scripts/rpm_pub.py
[2.892s] -- Up-to-date symlink: /home/serhat/workspaces/install/udemy_ros2_pkg/local/lib/python3.10/dist-packages/scripts/service_client.py
[2.892s] -- Up-to-date symlink: /home/serhat/workspaces/install/udemy_ros2_pkg/local/lib/python3.10/dist-packages/scripts/service_server.py
[2.892s] -- Up-to-date symlink: /home/serhat/workspaces/install/udemy_ros2_pkg/local/lib/python3.10/dist-packages/scripts/speed_calc.py
[2.892s] -- Up-to-date symlink: /home/serhat/workspaces/install/udemy_ros2_pkg/local/lib/python3.10/dist-packages/scripts/subscriber.py
[2.892s] -- Up-to-date symlink: /home/serhat/workspaces/install/udemy_ros2_pkg/local/lib/python3.10/dist-packages/scripts/turn_camera_client.py
[2.892s] -- Up-to-date symlink: /home/serhat/workspaces/install/udemy_ros2_pkg/local/lib/python3.10/dist-packages/scripts/turn_camera_server.py
[2.892s] -- Up-to-date symlink: /home/serhat/workspaces/install/udemy_ros2_pkg/lib/udemy_ros2_pkg/publisher.py
[2.892s] -- Up-to-date symlink: /home/serhat/workspaces/install/udemy_ros2_pkg/lib/udemy_ros2_pkg/subscriber.py
[2.892s] -- Up-to-date symlink: /home/serhat/workspaces/install/udemy_ros2_pkg/lib/udemy_ros2_pkg/rpm_pub.py
[2.893s] -- Up-to-date symlink: /home/serhat/workspaces/install/udemy_ros2_pkg/lib/udemy_ros2_pkg/speed_calc.py
[2.893s] -- Up-to-date symlink: /home/serhat/workspaces/install/udemy_ros2_pkg/lib/udemy_ros2_pkg/service_server.py
[2.893s] -- Up-to-date symlink: /home/serhat/workspaces/install/udemy_ros2_pkg/lib/udemy_ros2_pkg/service_client.py
[2.893s] -- Up-to-date symlink: /home/serhat/workspaces/install/udemy_ros2_pkg/lib/udemy_ros2_pkg/turn_camera_server.py
[2.893s] -- Up-to-date symlink: /home/serhat/workspaces/install/udemy_ros2_pkg/lib/udemy_ros2_pkg/turn_camera_client.py
[2.893s] -- Up-to-date symlink: /home/serhat/workspaces/install/udemy_ros2_pkg/lib/udemy_ros2_pkg/action_server.py
[2.893s] -- Up-to-date symlink: /home/serhat/workspaces/install/udemy_ros2_pkg/lib/udemy_ros2_pkg/action_client.py
[2.894s] -- Up-to-date symlink: /home/serhat/workspaces/install/udemy_ros2_pkg/share/udemy_ros2_pkg/launch/__pycache__/rpm_node.launch.cpython-310.pyc
[2.894s] -- Up-to-date symlink: /home/serhat/workspaces/install/udemy_ros2_pkg/share/udemy_ros2_pkg/launch/launch_project.launch.py
[2.894s] -- Up-to-date symlink: /home/serhat/workspaces/install/udemy_ros2_pkg/share/udemy_ros2_pkg/launch/rpm_node.launch.py
[2.894s] -- Up-to-date symlink: /home/serhat/workspaces/install/udemy_ros2_pkg/share/udemy_ros2_pkg/launch/simulation.launch.py
[2.894s] -- Up-to-date symlink: /home/serhat/workspaces/install/udemy_ros2_pkg/share/udemy_ros2_pkg/launch/simulation_project.launch.py
[2.894s] -- Up-to-date symlink: /home/serhat/workspaces/install/udemy_ros2_pkg/share/udemy_ros2_pkg/launch/speed_project.launch.py
[2.894s] -- Up-to-date symlink: /home/serhat/workspaces/install/udemy_ros2_pkg/share/udemy_ros2_pkg/launch/wheeled_model_simulation.launch.py
[2.894s] -- Up-to-date symlink: /home/serhat/workspaces/install/udemy_ros2_pkg/share/udemy_ros2_pkg/worlds/project_world.sdf
[2.895s] -- Up-to-date symlink: /home/serhat/workspaces/install/udemy_ros2_pkg/share/udemy_ros2_pkg/worlds/simulation_project_world.sdf
[2.895s] -- Up-to-date symlink: /home/serhat/workspaces/install/udemy_ros2_pkg/share/udemy_ros2_pkg/worlds/test_world.sdf
[2.895s] -- Up-to-date symlink: /home/serhat/workspaces/install/udemy_ros2_pkg/share/udemy_ros2_pkg/worlds/wheeled_model.sdf
[2.895s] -- Up-to-date symlink: /home/serhat/workspaces/install/udemy_ros2_pkg/share/udemy_ros2_pkg/worlds/wheeled_model_world.sdf
[2.895s] -- Up-to-date symlink: /home/serhat/workspaces/install/udemy_ros2_pkg/share/udemy_ros2_pkg/models/ground_plane/ground_plane.sdf
[2.895s] -- Up-to-date symlink: /home/serhat/workspaces/install/udemy_ros2_pkg/share/udemy_ros2_pkg/models/ground_plane/model.config
[2.895s] -- Up-to-date symlink: /home/serhat/workspaces/install/udemy_ros2_pkg/share/udemy_ros2_pkg/models/ground_plane/my_ground_plane.sdf
[2.895s] -- Up-to-date symlink: /home/serhat/workspaces/install/udemy_ros2_pkg/share/udemy_ros2_pkg/models/project_robot_model/model.config
[2.895s] -- Up-to-date symlink: /home/serhat/workspaces/install/udemy_ros2_pkg/share/udemy_ros2_pkg/models/project_robot_model/model.sdf
[2.896s] -- Up-to-date symlink: /home/serhat/workspaces/install/udemy_ros2_pkg/share/udemy_ros2_pkg/models/wheeled_model/model.config
[2.896s] -- Up-to-date symlink: /home/serhat/workspaces/install/udemy_ros2_pkg/share/udemy_ros2_pkg/models/wheeled_model/model.sdf
[2.896s] -- Up-to-date symlink: /home/serhat/workspaces/install/udemy_ros2_pkg/share/ament_index/resource_index/package_run_dependencies/udemy_ros2_pkg
[2.896s] -- Up-to-date symlink: /home/serhat/workspaces/install/udemy_ros2_pkg/share/ament_index/resource_index/parent_prefix_path/udemy_ros2_pkg
[2.896s] -- Up-to-date symlink: /home/serhat/workspaces/install/udemy_ros2_pkg/share/udemy_ros2_pkg/environment/ament_prefix_path.sh
[2.896s] -- Up-to-date symlink: /home/serhat/workspaces/install/udemy_ros2_pkg/share/udemy_ros2_pkg/environment/ament_prefix_path.dsv
[2.896s] -- Up-to-date symlink: /home/serhat/workspaces/install/udemy_ros2_pkg/share/udemy_ros2_pkg/environment/path.sh
[2.897s] -- Up-to-date symlink: /home/serhat/workspaces/install/udemy_ros2_pkg/share/udemy_ros2_pkg/environment/path.dsv
[2.897s] -- Up-to-date symlink: /home/serhat/workspaces/install/udemy_ros2_pkg/share/udemy_ros2_pkg/local_setup.bash
[2.897s] -- Up-to-date symlink: /home/serhat/workspaces/install/udemy_ros2_pkg/share/udemy_ros2_pkg/local_setup.sh
[2.897s] -- Up-to-date symlink: /home/serhat/workspaces/install/udemy_ros2_pkg/share/udemy_ros2_pkg/local_setup.zsh
[2.897s] -- Up-to-date symlink: /home/serhat/workspaces/install/udemy_ros2_pkg/share/udemy_ros2_pkg/local_setup.dsv
[2.897s] -- Symlinking: /home/serhat/workspaces/install/udemy_ros2_pkg/share/udemy_ros2_pkg/package.dsv
[2.905s] -- Up-to-date symlink: /home/serhat/workspaces/install/udemy_ros2_pkg/share/ament_index/resource_index/packages/udemy_ros2_pkg
[2.905s] -- Up-to-date symlink: /home/serhat/workspaces/install/udemy_ros2_pkg/share/udemy_ros2_pkg/cmake/rosidl_cmake-extras.cmake
[2.905s] -- Up-to-date symlink: /home/serhat/workspaces/install/udemy_ros2_pkg/share/udemy_ros2_pkg/cmake/ament_cmake_export_dependencies-extras.cmake
[2.905s] -- Up-to-date symlink: /home/serhat/workspaces/install/udemy_ros2_pkg/share/udemy_ros2_pkg/cmake/ament_cmake_export_include_directories-extras.cmake
[2.905s] -- Up-to-date symlink: /home/serhat/workspaces/install/udemy_ros2_pkg/share/udemy_ros2_pkg/cmake/ament_cmake_export_libraries-extras.cmake
[2.905s] -- Up-to-date symlink: /home/serhat/workspaces/install/udemy_ros2_pkg/share/udemy_ros2_pkg/cmake/ament_cmake_export_targets-extras.cmake
[2.905s] -- Up-to-date symlink: /home/serhat/workspaces/install/udemy_ros2_pkg/share/udemy_ros2_pkg/cmake/rosidl_cmake_export_typesupport_targets-extras.cmake
[2.906s] -- Up-to-date symlink: /home/serhat/workspaces/install/udemy_ros2_pkg/share/udemy_ros2_pkg/cmake/rosidl_cmake_export_typesupport_libraries-extras.cmake
[2.906s] -- Up-to-date symlink: /home/serhat/workspaces/install/udemy_ros2_pkg/share/udemy_ros2_pkg/cmake/udemy_ros2_pkgConfig.cmake
[2.906s] -- Up-to-date symlink: /home/serhat/workspaces/install/udemy_ros2_pkg/share/udemy_ros2_pkg/cmake/udemy_ros2_pkgConfig-version.cmake
[2.906s] -- Up-to-date symlink: /home/serhat/workspaces/install/udemy_ros2_pkg/share/udemy_ros2_pkg/package.xml
[2.906s] -- Up-to-date: /home/serhat/workspaces/install/udemy_ros2_pkg/lib/libudemy_ros2_pkg__rosidl_generator_c.so
[2.907s] -- Up-to-date: /home/serhat/workspaces/install/udemy_ros2_pkg/lib/libudemy_ros2_pkg__rosidl_typesupport_fastrtps_c.so
[2.907s] -- Up-to-date: /home/serhat/workspaces/install/udemy_ros2_pkg/lib/libudemy_ros2_pkg__rosidl_typesupport_introspection_c.so
[2.907s] -- Up-to-date: /home/serhat/workspaces/install/udemy_ros2_pkg/lib/libudemy_ros2_pkg__rosidl_typesupport_c.so
[2.908s] -- Up-to-date: /home/serhat/workspaces/install/udemy_ros2_pkg/lib/libudemy_ros2_pkg__rosidl_typesupport_fastrtps_cpp.so
[2.908s] -- Up-to-date: /home/serhat/workspaces/install/udemy_ros2_pkg/lib/libudemy_ros2_pkg__rosidl_typesupport_introspection_cpp.so
[2.908s] -- Up-to-date: /home/serhat/workspaces/install/udemy_ros2_pkg/lib/libudemy_ros2_pkg__rosidl_typesupport_cpp.so
[2.935s] Listing '/home/serhat/workspaces/install/udemy_ros2_pkg/local/lib/python3.10/dist-packages/udemy_ros2_pkg'...
[2.935s] Compiling '/home/serhat/workspaces/install/udemy_ros2_pkg/local/lib/python3.10/dist-packages/udemy_ros2_pkg/__init__.py'...
[2.935s] Listing '/home/serhat/workspaces/install/udemy_ros2_pkg/local/lib/python3.10/dist-packages/udemy_ros2_pkg/action'...
[2.935s] Listing '/home/serhat/workspaces/install/udemy_ros2_pkg/local/lib/python3.10/dist-packages/udemy_ros2_pkg/srv'...
[2.939s] -- Up-to-date: /home/serhat/workspaces/install/udemy_ros2_pkg/lib/libudemy_ros2_pkg__rosidl_generator_py.so
[2.967s] Listing '/home/serhat/workspaces/install/udemy_ros2_pkg/local/lib/python3.10/dist-packages/scripts'...
[2.970s] -- Up-to-date: /home/serhat/workspaces/install/udemy_ros2_pkg/share/udemy_ros2_pkg/cmake/export_udemy_ros2_pkg__rosidl_generator_cExport.cmake
[2.971s] -- Up-to-date: /home/serhat/workspaces/install/udemy_ros2_pkg/share/udemy_ros2_pkg/cmake/export_udemy_ros2_pkg__rosidl_generator_cExport-relwithdebinfo.cmake
[2.971s] -- Up-to-date: /home/serhat/workspaces/install/udemy_ros2_pkg/share/udemy_ros2_pkg/cmake/export_udemy_ros2_pkg__rosidl_typesupport_fastrtps_cExport.cmake
[2.971s] -- Up-to-date: /home/serhat/workspaces/install/udemy_ros2_pkg/share/udemy_ros2_pkg/cmake/export_udemy_ros2_pkg__rosidl_typesupport_fastrtps_cExport-relwithdebinfo.cmake
[2.971s] -- Up-to-date: /home/serhat/workspaces/install/udemy_ros2_pkg/share/udemy_ros2_pkg/cmake/udemy_ros2_pkg__rosidl_typesupport_introspection_cExport.cmake
[2.971s] -- Up-to-date: /home/serhat/workspaces/install/udemy_ros2_pkg/share/udemy_ros2_pkg/cmake/udemy_ros2_pkg__rosidl_typesupport_introspection_cExport-relwithdebinfo.cmake
[2.971s] -- Up-to-date: /home/serhat/workspaces/install/udemy_ros2_pkg/share/udemy_ros2_pkg/cmake/udemy_ros2_pkg__rosidl_typesupport_cExport.cmake
[2.971s] -- Up-to-date: /home/serhat/workspaces/install/udemy_ros2_pkg/share/udemy_ros2_pkg/cmake/udemy_ros2_pkg__rosidl_typesupport_cExport-relwithdebinfo.cmake
[2.971s] -- Up-to-date: /home/serhat/workspaces/install/udemy_ros2_pkg/share/udemy_ros2_pkg/cmake/export_udemy_ros2_pkg__rosidl_generator_cppExport.cmake
[2.971s] -- Up-to-date: /home/serhat/workspaces/install/udemy_ros2_pkg/share/udemy_ros2_pkg/cmake/export_udemy_ros2_pkg__rosidl_typesupport_fastrtps_cppExport.cmake
[2.972s] -- Up-to-date: /home/serhat/workspaces/install/udemy_ros2_pkg/share/udemy_ros2_pkg/cmake/export_udemy_ros2_pkg__rosidl_typesupport_fastrtps_cppExport-relwithdebinfo.cmake
[2.972s] -- Up-to-date: /home/serhat/workspaces/install/udemy_ros2_pkg/share/udemy_ros2_pkg/cmake/udemy_ros2_pkg__rosidl_typesupport_introspection_cppExport.cmake
[2.972s] -- Up-to-date: /home/serhat/workspaces/install/udemy_ros2_pkg/share/udemy_ros2_pkg/cmake/udemy_ros2_pkg__rosidl_typesupport_introspection_cppExport-relwithdebinfo.cmake
[2.972s] -- Up-to-date: /home/serhat/workspaces/install/udemy_ros2_pkg/share/udemy_ros2_pkg/cmake/udemy_ros2_pkg__rosidl_typesupport_cppExport.cmake
[2.972s] -- Up-to-date: /home/serhat/workspaces/install/udemy_ros2_pkg/share/udemy_ros2_pkg/cmake/udemy_ros2_pkg__rosidl_typesupport_cppExport-relwithdebinfo.cmake
[2.972s] -- Up-to-date: /home/serhat/workspaces/install/udemy_ros2_pkg/share/udemy_ros2_pkg/cmake/export_udemy_ros2_pkg__rosidl_generator_pyExport.cmake
[2.972s] -- Up-to-date: /home/serhat/workspaces/install/udemy_ros2_pkg/share/udemy_ros2_pkg/cmake/export_udemy_ros2_pkg__rosidl_generator_pyExport-relwithdebinfo.cmake
[2.973s] Invoked command in '/home/serhat/workspaces/build/udemy_ros2_pkg' returned '0': CMAKE_PREFIX_PATH=${CMAKE_PREFIX_PATH}:/opt/ros/humble /usr/bin/cmake --install /home/serhat/workspaces/build/udemy_ros2_pkg
