-- Found ament_cmake: 1.3.3 (/opt/ros/humble/share/ament_cmake/cmake)
-- Override CMake install command with custom implementation using symlinks instead of copying resources
-- Found rclcpp: 16.0.3 (/opt/ros/humble/share/rclcpp/cmake)
-- Found rosidl_generator_c: 3.1.4 (/opt/ros/humble/share/rosidl_generator_c/cmake)
-- Found rosidl_adapter: 3.1.4 (/opt/ros/humble/share/rosidl_adapter/cmake)
-- Found rosidl_generator_cpp: 3.1.4 (/opt/ros/humble/share/rosidl_generator_cpp/cmake)
-- Using all available rosidl_typesupport_c: rosidl_typesupport_fastrtps_c;rosidl_typesupport_introspection_c
-- Using all available rosidl_typesupport_cpp: rosidl_typesupport_fastrtps_cpp;rosidl_typesupport_introspection_cpp
-- Found rmw_implementation_cmake: 6.1.1 (/opt/ros/humble/share/rmw_implementation_cmake/cmake)
-- Found rmw_fastrtps_cpp: 6.2.2 (/opt/ros/humble/share/rmw_fastrtps_cpp/cmake)
-- Using RMW implementation 'rmw_fastrtps_cpp' as default
-- Found ament_lint_auto: 0.12.5 (/opt/ros/humble/share/ament_lint_auto/cmake)
-- Added test 'cppcheck' to perform static code analysis on C / C++ code
-- Configured cppcheck include dirs: 
-- Configured cppcheck exclude dirs and/or files: 
-- Added test 'lint_cmake' to check CMake code style
-- Added test 'uncrustify' to check C / C++ code style
-- Configured uncrustify additional arguments: 
-- Added test 'xmllint' to check XML markup files
-- Configuring done
-- Generating done
-- Build files have been written to: /home/serhat/workspaces/build/udemy_ros2_pkg
[35m[1mConsolidate compiler generated dependencies of target publisher[0m
[ 50%] [32mBuilding CXX object CMakeFiles/publisher.dir/src/publisher.cpp.o[0m
[100%] [32m[1mLinking CXX executable publisher[0m
[100%] Built target publisher
-- Install configuration: "RelWithDebInfo"
-- Execute custom install script
-- Up-to-date symlink: /home/serhat/workspaces/install/udemy_ros2_pkg/lib/udemy_ros2_pkg/publisher
-- Up-to-date symlink: /home/serhat/workspaces/install/udemy_ros2_pkg/share/ament_index/resource_index/package_run_dependencies/udemy_ros2_pkg
-- Up-to-date symlink: /home/serhat/workspaces/install/udemy_ros2_pkg/share/ament_index/resource_index/parent_prefix_path/udemy_ros2_pkg
-- Up-to-date symlink: /home/serhat/workspaces/install/udemy_ros2_pkg/share/udemy_ros2_pkg/environment/ament_prefix_path.sh
-- Up-to-date symlink: /home/serhat/workspaces/install/udemy_ros2_pkg/share/udemy_ros2_pkg/environment/ament_prefix_path.dsv
-- Up-to-date symlink: /home/serhat/workspaces/install/udemy_ros2_pkg/share/udemy_ros2_pkg/environment/path.sh
-- Up-to-date symlink: /home/serhat/workspaces/install/udemy_ros2_pkg/share/udemy_ros2_pkg/environment/path.dsv
-- Up-to-date symlink: /home/serhat/workspaces/install/udemy_ros2_pkg/share/udemy_ros2_pkg/local_setup.bash
-- Up-to-date symlink: /home/serhat/workspaces/install/udemy_ros2_pkg/share/udemy_ros2_pkg/local_setup.sh
-- Up-to-date symlink: /home/serhat/workspaces/install/udemy_ros2_pkg/share/udemy_ros2_pkg/local_setup.zsh
-- Up-to-date symlink: /home/serhat/workspaces/install/udemy_ros2_pkg/share/udemy_ros2_pkg/local_setup.dsv
-- Symlinking: /home/serhat/workspaces/install/udemy_ros2_pkg/share/udemy_ros2_pkg/package.dsv
-- Up-to-date symlink: /home/serhat/workspaces/install/udemy_ros2_pkg/share/ament_index/resource_index/packages/udemy_ros2_pkg
-- Up-to-date symlink: /home/serhat/workspaces/install/udemy_ros2_pkg/share/udemy_ros2_pkg/cmake/udemy_ros2_pkgConfig.cmake
-- Up-to-date symlink: /home/serhat/workspaces/install/udemy_ros2_pkg/share/udemy_ros2_pkg/cmake/udemy_ros2_pkgConfig-version.cmake
-- Up-to-date symlink: /home/serhat/workspaces/install/udemy_ros2_pkg/share/udemy_ros2_pkg/package.xml
