[0.014s] Invoking command in '/home/serhat/workspaces/build/udemy_ros2_pkg': CMAKE_PREFIX_PATH=/opt/ros/humble /usr/bin/cmake --build /home/serhat/workspaces/build/udemy_ros2_pkg -- -j12 -l12
[0.074s] [100%] Built target publisher
[0.084s] Invoked command in '/home/serhat/workspaces/build/udemy_ros2_pkg' returned '0': CMAKE_PREFIX_PATH=/opt/ros/humble /usr/bin/cmake --build /home/serhat/workspaces/build/udemy_ros2_pkg -- -j12 -l12
[0.113s] Invoking command in '/home/serhat/workspaces/build/udemy_ros2_pkg': CMAKE_PREFIX_PATH=/opt/ros/humble /usr/bin/cmake --install /home/serhat/workspaces/build/udemy_ros2_pkg
[0.123s] -- Install configuration: "RelWithDebInfo"
[0.123s] -- Execute custom install script
[0.123s] -- Up-to-date symlink: /home/serhat/workspaces/install/udemy_ros2_pkg/lib/udemy_ros2_pkg/publisher
[0.123s] -- Up-to-date symlink: /home/serhat/workspaces/install/udemy_ros2_pkg/share/ament_index/resource_index/package_run_dependencies/udemy_ros2_pkg
[0.124s] -- Up-to-date symlink: /home/serhat/workspaces/install/udemy_ros2_pkg/share/ament_index/resource_index/parent_prefix_path/udemy_ros2_pkg
[0.124s] -- Up-to-date symlink: /home/serhat/workspaces/install/udemy_ros2_pkg/share/udemy_ros2_pkg/environment/ament_prefix_path.sh
[0.124s] -- Up-to-date symlink: /home/serhat/workspaces/install/udemy_ros2_pkg/share/udemy_ros2_pkg/environment/ament_prefix_path.dsv
[0.124s] -- Up-to-date symlink: /home/serhat/workspaces/install/udemy_ros2_pkg/share/udemy_ros2_pkg/environment/path.sh
[0.124s] -- Up-to-date symlink: /home/serhat/workspaces/install/udemy_ros2_pkg/share/udemy_ros2_pkg/environment/path.dsv
[0.124s] -- Up-to-date symlink: /home/serhat/workspaces/install/udemy_ros2_pkg/share/udemy_ros2_pkg/local_setup.bash
[0.125s] -- Up-to-date symlink: /home/serhat/workspaces/install/udemy_ros2_pkg/share/udemy_ros2_pkg/local_setup.sh
[0.125s] -- Up-to-date symlink: /home/serhat/workspaces/install/udemy_ros2_pkg/share/udemy_ros2_pkg/local_setup.zsh
[0.125s] -- Up-to-date symlink: /home/serhat/workspaces/install/udemy_ros2_pkg/share/udemy_ros2_pkg/local_setup.dsv
[0.125s] -- Symlinking: /home/serhat/workspaces/install/udemy_ros2_pkg/share/udemy_ros2_pkg/package.dsv
[0.133s] -- Up-to-date symlink: /home/serhat/workspaces/install/udemy_ros2_pkg/share/ament_index/resource_index/packages/udemy_ros2_pkg
[0.133s] -- Up-to-date symlink: /home/serhat/workspaces/install/udemy_ros2_pkg/share/udemy_ros2_pkg/cmake/udemy_ros2_pkgConfig.cmake
[0.133s] -- Up-to-date symlink: /home/serhat/workspaces/install/udemy_ros2_pkg/share/udemy_ros2_pkg/cmake/udemy_ros2_pkgConfig-version.cmake
[0.133s] -- Up-to-date symlink: /home/serhat/workspaces/install/udemy_ros2_pkg/share/udemy_ros2_pkg/package.xml
[0.135s] Invoked command in '/home/serhat/workspaces/build/udemy_ros2_pkg' returned '0': CMAKE_PREFIX_PATH=/opt/ros/humble /usr/bin/cmake --install /home/serhat/workspaces/build/udemy_ros2_pkg
