[0.052s] Invoking command in '/home/serhat/workspaces/build/usb_cam': CMAKE_PREFIX_PATH=${CMAKE_PREFIX_PATH}:/opt/ros/humble /usr/bin/cmake /home/serhat/workspaces/ros2_cpp_ws/src/usb_cam -DCMAKE_INSTALL_PREFIX=/home/serhat/workspaces/install/usb_cam
[0.084s] -- Found ament_cmake_auto: 1.3.3 (/opt/ros/humble/share/ament_cmake_auto/cmake)
[0.209s] -- Override CMake install command with custom implementation using symlinks instead of copying resources
[0.295s] -- Found rosidl_generator_c: 3.1.4 (/opt/ros/humble/share/rosidl_generator_c/cmake)
[0.298s] -- Found rosidl_adapter: 3.1.4 (/opt/ros/humble/share/rosidl_adapter/cmake)
[0.303s] -- Found rosidl_generator_cpp: 3.1.4 (/opt/ros/humble/share/rosidl_generator_cpp/cmake)
[0.312s] -- Using all available rosidl_typesupport_c: rosidl_typesupport_fastrtps_c;rosidl_typesupport_introspection_c
[0.326s] -- Using all available rosidl_typesupport_cpp: rosidl_typesupport_fastrtps_cpp;rosidl_typesupport_introspection_cpp
[0.564s] -- Found rmw_implementation_cmake: 6.1.1 (/opt/ros/humble/share/rmw_implementation_cmake/cmake)
[0.566s] -- Found rmw_fastrtps_cpp: 6.2.2 (/opt/ros/humble/share/rmw_fastrtps_cpp/cmake)
[0.673s] -- Using RMW implementation 'rmw_fastrtps_cpp' as default
[0.967s] -- Found ament_lint_auto: 0.12.5 (/opt/ros/humble/share/ament_lint_auto/cmake)
[0.972s] -- Found gtest sources under '/opt/ros/humble/src/gtest_vendor': C++ tests using 'Google Test' will be built
[0.983s] -- Added test 'copyright' to check source files copyright and LICENSE
[0.987s] -- Added test 'cppcheck' to perform static code analysis on C / C++ code
[0.987s] -- Configured cppcheck include dirs: /home/serhat/workspaces/ros2_cpp_ws/src/usb_cam/include
[0.987s] -- Configured cppcheck exclude dirs and/or files: 
[0.991s] -- Added test 'cpplint' to check C / C++ code against the Google style
[0.991s] -- Configured cpplint exclude dirs and/or files: 
[0.991s] -- Added test 'flake8' to check Python code syntax and style conventions
[0.992s] -- Added test 'lint_cmake' to check CMake code style
[0.993s] -- Added test 'pep257' to check Python code against some of the docstring style conventions in PEP 257
[0.997s] -- Added test 'uncrustify' to check C / C++ code style
[0.997s] -- Configured uncrustify additional arguments: 
[0.997s] -- Added test 'xmllint' to check XML markup files
[1.000s] -- Configuring done
[1.033s] -- Generating done
[1.035s] -- Build files have been written to: /home/serhat/workspaces/build/usb_cam
[1.045s] Invoked command in '/home/serhat/workspaces/build/usb_cam' returned '0': CMAKE_PREFIX_PATH=${CMAKE_PREFIX_PATH}:/opt/ros/humble /usr/bin/cmake /home/serhat/workspaces/ros2_cpp_ws/src/usb_cam -DCMAKE_INSTALL_PREFIX=/home/serhat/workspaces/install/usb_cam
[1.046s] Invoking command in '/home/serhat/workspaces/build/usb_cam': CMAKE_PREFIX_PATH=${CMAKE_PREFIX_PATH}:/opt/ros/humble /usr/bin/cmake --build /home/serhat/workspaces/build/usb_cam -- -j12 -l12
[1.090s] [35m[1mConsolidate compiler generated dependencies of target gtest_main[0m
[1.092s] [35m[1mConsolidate compiler generated dependencies of target usb_cam[0m
[1.100s] [35m[1mConsolidate compiler generated dependencies of target gtest[0m
[1.102s] [35m[1mConsolidate compiler generated dependencies of target usb_cam_node_exe[0m
[1.102s] [ 14%] Built target gtest_main
[1.103s] [ 28%] Built target usb_cam
[1.112s] [ 42%] Built target gtest
[1.113s] [35m[1mConsolidate compiler generated dependencies of target usb_cam_node[0m
[1.118s] [ 57%] Built target usb_cam_node_exe
[1.122s] [35m[1mConsolidate compiler generated dependencies of target test_usb_cam_lib[0m
[1.122s] [35m[1mConsolidate compiler generated dependencies of target test_usb_cam_utils[0m
[1.132s] [ 71%] Built target usb_cam_node
[1.134s] [100%] Built target test_usb_cam_utils
[1.134s] [100%] Built target test_usb_cam_lib
[1.143s] Invoked command in '/home/serhat/workspaces/build/usb_cam' returned '0': CMAKE_PREFIX_PATH=${CMAKE_PREFIX_PATH}:/opt/ros/humble /usr/bin/cmake --build /home/serhat/workspaces/build/usb_cam -- -j12 -l12
[1.186s] Invoking command in '/home/serhat/workspaces/build/usb_cam': CMAKE_PREFIX_PATH=${CMAKE_PREFIX_PATH}:/opt/ros/humble /usr/bin/cmake --install /home/serhat/workspaces/build/usb_cam
[1.192s] -- Install configuration: ""
[1.192s] -- Execute custom install script
[1.193s] -- Up-to-date symlink: /home/serhat/workspaces/install/usb_cam/share/usb_cam/environment/library_path.sh
[1.193s] -- Up-to-date symlink: /home/serhat/workspaces/install/usb_cam/share/usb_cam/environment/library_path.dsv
[1.193s] -- Up-to-date symlink: /home/serhat/workspaces/install/usb_cam/lib/usb_cam/usb_cam_node_exe
[1.194s] -- Up-to-date symlink: /home/serhat/workspaces/install/usb_cam/lib/usb_cam/show_image.py
[1.194s] -- Up-to-date symlink: /home/serhat/workspaces/install/usb_cam/lib/libusb_cam.so
[1.194s] -- Up-to-date symlink: /home/serhat/workspaces/install/usb_cam/lib/libusb_cam_node.so
[1.195s] -- Up-to-date symlink: /home/serhat/workspaces/install/usb_cam/include/usb_cam/constants.hpp
[1.195s] -- Up-to-date symlink: /home/serhat/workspaces/install/usb_cam/include/usb_cam/conversions.hpp
[1.195s] -- Up-to-date symlink: /home/serhat/workspaces/install/usb_cam/include/usb_cam/usb_cam.hpp
[1.195s] -- Up-to-date symlink: /home/serhat/workspaces/install/usb_cam/include/usb_cam/usb_cam_node.hpp
[1.195s] -- Up-to-date symlink: /home/serhat/workspaces/install/usb_cam/include/usb_cam/utils.hpp
[1.196s] -- Up-to-date symlink: /home/serhat/workspaces/install/usb_cam/lib/libusb_cam_node.so
[1.196s] -- Up-to-date symlink: /home/serhat/workspaces/install/usb_cam/share/usb_cam/launch/demo_launch.py
[1.197s] -- Up-to-date symlink: /home/serhat/workspaces/install/usb_cam/share/usb_cam/config/camera_info.yaml
[1.197s] -- Up-to-date symlink: /home/serhat/workspaces/install/usb_cam/share/usb_cam/config/params.yaml
[1.197s] -- Up-to-date symlink: /home/serhat/workspaces/install/usb_cam/share/ament_index/resource_index/package_run_dependencies/usb_cam
[1.197s] -- Up-to-date symlink: /home/serhat/workspaces/install/usb_cam/share/ament_index/resource_index/parent_prefix_path/usb_cam
[1.198s] -- Up-to-date symlink: /home/serhat/workspaces/install/usb_cam/share/usb_cam/environment/ament_prefix_path.sh
[1.198s] -- Up-to-date symlink: /home/serhat/workspaces/install/usb_cam/share/usb_cam/environment/ament_prefix_path.dsv
[1.198s] -- Up-to-date symlink: /home/serhat/workspaces/install/usb_cam/share/usb_cam/environment/path.sh
[1.198s] -- Up-to-date symlink: /home/serhat/workspaces/install/usb_cam/share/usb_cam/environment/path.dsv
[1.198s] -- Up-to-date symlink: /home/serhat/workspaces/install/usb_cam/share/usb_cam/local_setup.bash
[1.198s] -- Up-to-date symlink: /home/serhat/workspaces/install/usb_cam/share/usb_cam/local_setup.sh
[1.199s] -- Up-to-date symlink: /home/serhat/workspaces/install/usb_cam/share/usb_cam/local_setup.zsh
[1.199s] -- Up-to-date symlink: /home/serhat/workspaces/install/usb_cam/share/usb_cam/local_setup.dsv
[1.199s] -- Symlinking: /home/serhat/workspaces/install/usb_cam/share/usb_cam/package.dsv
[1.206s] -- Up-to-date symlink: /home/serhat/workspaces/install/usb_cam/share/ament_index/resource_index/packages/usb_cam
[1.206s] -- Up-to-date symlink: /home/serhat/workspaces/install/usb_cam/share/ament_index/resource_index/rclcpp_components/usb_cam
[1.207s] -- Up-to-date symlink: /home/serhat/workspaces/install/usb_cam/share/usb_cam/cmake/ament_cmake_export_libraries-extras.cmake
[1.207s] -- Up-to-date symlink: /home/serhat/workspaces/install/usb_cam/share/usb_cam/cmake/ament_cmake_export_dependencies-extras.cmake
[1.207s] -- Up-to-date symlink: /home/serhat/workspaces/install/usb_cam/share/usb_cam/cmake/ament_cmake_export_include_directories-extras.cmake
[1.207s] -- Up-to-date symlink: /home/serhat/workspaces/install/usb_cam/share/usb_cam/cmake/usb_camConfig.cmake
[1.207s] -- Up-to-date symlink: /home/serhat/workspaces/install/usb_cam/share/usb_cam/cmake/usb_camConfig-version.cmake
[1.207s] -- Up-to-date symlink: /home/serhat/workspaces/install/usb_cam/share/usb_cam/package.xml
[1.210s] Invoked command in '/home/serhat/workspaces/build/usb_cam' returned '0': CMAKE_PREFIX_PATH=${CMAKE_PREFIX_PATH}:/opt/ros/humble /usr/bin/cmake --install /home/serhat/workspaces/build/usb_cam
