[0.026s] Invoking command in '/home/serhat/workspace/build/canopen_interfaces': CMAKE_PREFIX_PATH=${CMAKE_PREFIX_PATH}:/home/serhat/workspace/install/canopen_utils:/opt/ros/humble /usr/bin/cmake /home/serhat/workspace/ros2_canopen/canopen_interfaces -DAMENT_CMAKE_SYMLINK_INSTALL=1 -DCMAKE_INSTALL_PREFIX=/home/serhat/workspace/install/canopen_interfaces
[0.141s] -- The C compiler identification is GNU 11.3.0
[0.206s] -- The CXX compiler identification is GNU 11.3.0
[0.214s] -- Detecting C compiler ABI info
[0.293s] -- Detecting C compiler ABI info - done
[0.306s] -- Check for working C compiler: /usr/bin/cc - skipped
[0.306s] -- Detecting C compile features
[0.307s] -- Detecting C compile features - done
[0.311s] -- Detecting CXX compiler ABI info
[0.386s] -- Detecting CXX compiler ABI info - done
[0.394s] -- Check for working CXX compiler: /usr/bin/c++ - skipped
[0.394s] -- Detecting CXX compile features
[0.395s] -- Detecting CXX compile features - done
[0.398s] -- Found ament_cmake: 1.3.3 (/opt/ros/humble/share/ament_cmake/cmake)
[0.572s] -- Found Python3: /usr/bin/python3.10 (found version "3.10.6") found components: Interpreter 
[0.634s] -- Override CMake install command with custom implementation using symlinks instead of copying resources
[0.699s] -- Found rosidl_default_generators: 1.2.0 (/opt/ros/humble/share/rosidl_default_generators/cmake)
[0.704s] -- Using all available rosidl_typesupport_c: rosidl_typesupport_fastrtps_c;rosidl_typesupport_introspection_c
[0.714s] -- Found rosidl_adapter: 3.1.4 (/opt/ros/humble/share/rosidl_adapter/cmake)
[0.768s] -- Using all available rosidl_typesupport_cpp: rosidl_typesupport_fastrtps_cpp;rosidl_typesupport_introspection_cpp
[1.127s] -- Found ament_cmake_ros: 0.10.0 (/opt/ros/humble/share/ament_cmake_ros/cmake)
[1.312s] -- Using all available rosidl_typesupport_c: rosidl_typesupport_fastrtps_c;rosidl_typesupport_introspection_c
[1.529s] -- Using all available rosidl_typesupport_cpp: rosidl_typesupport_fastrtps_cpp;rosidl_typesupport_introspection_cpp
[1.549s] -- Found PythonInterp: /usr/bin/python3 (found suitable version "3.10.6", minimum required is "3.6") 
[1.552s] -- Found python_cmake_module: 0.10.0 (/opt/ros/humble/share/python_cmake_module/cmake)
[1.577s] -- Found PythonLibs: /usr/lib/x86_64-linux-gnu/libpython3.10.so (found suitable version "3.10.6", minimum required is "3.5") 
[1.577s] -- Using PYTHON_EXECUTABLE: /usr/bin/python3
[1.577s] -- Using PYTHON_INCLUDE_DIRS: /usr/include/python3.10
[1.577s] -- Using PYTHON_LIBRARIES: /usr/lib/x86_64-linux-gnu/libpython3.10.so
[1.600s] -- Found PythonExtra: .so  
[1.643s] -- Found ament_lint_auto: 0.12.5 (/opt/ros/humble/share/ament_lint_auto/cmake)
[1.788s] -- Added test 'copyright' to check source files copyright and LICENSE
[1.791s] -- Added test 'lint_cmake' to check CMake code style
[1.794s] -- Added test 'xmllint' to check XML markup files
[1.799s] -- Configuring done
[1.937s] -- Generating done
[1.940s] -- Build files have been written to: /home/serhat/workspace/build/canopen_interfaces
[1.947s] Invoked command in '/home/serhat/workspace/build/canopen_interfaces' returned '0': CMAKE_PREFIX_PATH=${CMAKE_PREFIX_PATH}:/home/serhat/workspace/install/canopen_utils:/opt/ros/humble /usr/bin/cmake /home/serhat/workspace/ros2_canopen/canopen_interfaces -DAMENT_CMAKE_SYMLINK_INSTALL=1 -DCMAKE_INSTALL_PREFIX=/home/serhat/workspace/install/canopen_interfaces
[1.949s] Invoking command in '/home/serhat/workspace/build/canopen_interfaces': CMAKE_PREFIX_PATH=${CMAKE_PREFIX_PATH}:/home/serhat/workspace/install/canopen_utils:/opt/ros/humble /usr/bin/cmake --build /home/serhat/workspace/build/canopen_interfaces -- -j12 -l12
[1.989s] [  1%] [34m[1mGenerating C code for ROS interfaces[0m
[2.003s] [  2%] [34m[1mGenerating C++ code for ROS interfaces[0m
[2.016s] [  2%] Built target ament_cmake_python_symlink_canopen_interfaces
[2.419s] running egg_info
[2.420s] creating canopen_interfaces.egg-info
[2.420s] writing canopen_interfaces.egg-info/PKG-INFO
[2.420s] writing dependency_links to canopen_interfaces.egg-info/dependency_links.txt
[2.421s] writing top-level names to canopen_interfaces.egg-info/top_level.txt
[2.421s] writing manifest file 'canopen_interfaces.egg-info/SOURCES.txt'
[2.423s] reading manifest file 'canopen_interfaces.egg-info/SOURCES.txt'
[2.424s] writing manifest file 'canopen_interfaces.egg-info/SOURCES.txt'
[2.459s] [  2%] Built target ament_cmake_python_build_canopen_interfaces_egg
[3.094s] [  4%] [32mBuilding C object CMakeFiles/canopen_interfaces__rosidl_generator_c.dir/rosidl_generator_c/canopen_interfaces/srv/detail/co_read_id__functions.c.o[0m
[3.094s] [  4%] [32mBuilding C object CMakeFiles/canopen_interfaces__rosidl_generator_c.dir/rosidl_generator_c/canopen_interfaces/srv/detail/co_nmt_id__functions.c.o[0m
[3.095s] [  5%] [32mBuilding C object CMakeFiles/canopen_interfaces__rosidl_generator_c.dir/rosidl_generator_c/canopen_interfaces/srv/detail/co_write_id__functions.c.o[0m
[3.096s] [  6%] [32mBuilding C object CMakeFiles/canopen_interfaces__rosidl_generator_c.dir/rosidl_generator_c/canopen_interfaces/srv/detail/co_heartbeat_id__functions.c.o[0m
[3.097s] [  8%] [32mBuilding C object CMakeFiles/canopen_interfaces__rosidl_generator_c.dir/rosidl_generator_c/canopen_interfaces/srv/detail/co_read__functions.c.o[0m
[3.097s] [  8%] [32mBuilding C object CMakeFiles/canopen_interfaces__rosidl_generator_c.dir/rosidl_generator_c/canopen_interfaces/srv/detail/co_target_double__functions.c.o[0m
[3.098s] [  9%] [32mBuilding C object CMakeFiles/canopen_interfaces__rosidl_generator_c.dir/rosidl_generator_c/canopen_interfaces/srv/detail/co_write__functions.c.o[0m
[3.101s] [ 10%] [32mBuilding C object CMakeFiles/canopen_interfaces__rosidl_generator_c.dir/rosidl_generator_c/canopen_interfaces/srv/detail/co_node__functions.c.o[0m
[3.107s] [ 11%] [32mBuilding C object CMakeFiles/canopen_interfaces__rosidl_generator_c.dir/rosidl_generator_c/canopen_interfaces/msg/detail/co_data__functions.c.o[0m
[3.225s] [ 12%] [32m[1mLinking C shared library libcanopen_interfaces__rosidl_generator_c.so[0m
[3.270s] [ 12%] Built target canopen_interfaces__cpp
[3.278s] [ 12%] Built target canopen_interfaces__rosidl_generator_c
[3.284s] [ 13%] [34m[1mGenerating C++ type support dispatch for ROS interfaces[0m
[3.285s] [ 15%] [34m[1mGenerating C++ type support for eProsima Fast-RTPS[0m
[3.285s] [ 15%] [34m[1mGenerating C++ introspection for ROS interfaces[0m
[3.290s] [ 16%] [34m[1mGenerating C type support for eProsima Fast-RTPS[0m
[3.292s] [ 18%] [34m[1mGenerating C introspection for ROS interfaces[0m
[3.292s] [ 18%] [34m[1mGenerating C type support dispatch for ROS interfaces[0m
[4.024s] [ 20%] [32mBuilding CXX object CMakeFiles/canopen_interfaces__rosidl_typesupport_cpp.dir/rosidl_typesupport_cpp/canopen_interfaces/srv/co_heartbeat_id__type_support.cpp.o[0m
[4.025s] [ 21%] [32mBuilding CXX object CMakeFiles/canopen_interfaces__rosidl_typesupport_cpp.dir/rosidl_typesupport_cpp/canopen_interfaces/srv/co_read__type_support.cpp.o[0m
[4.026s] [ 22%] [32mBuilding CXX object CMakeFiles/canopen_interfaces__rosidl_typesupport_cpp.dir/rosidl_typesupport_cpp/canopen_interfaces/srv/co_nmt_id__type_support.cpp.o[0m
[4.030s] [ 23%] [32mBuilding CXX object CMakeFiles/canopen_interfaces__rosidl_typesupport_cpp.dir/rosidl_typesupport_cpp/canopen_interfaces/srv/co_write__type_support.cpp.o[0m
[4.040s] [ 24%] [32mBuilding CXX object CMakeFiles/canopen_interfaces__rosidl_typesupport_cpp.dir/rosidl_typesupport_cpp/canopen_interfaces/srv/co_read_id__type_support.cpp.o[0m
[4.042s] [ 25%] [32mBuilding CXX object CMakeFiles/canopen_interfaces__rosidl_typesupport_cpp.dir/rosidl_typesupport_cpp/canopen_interfaces/srv/co_write_id__type_support.cpp.o[0m
[4.052s] [ 26%] [32mBuilding CXX object CMakeFiles/canopen_interfaces__rosidl_typesupport_c.dir/rosidl_typesupport_c/canopen_interfaces/srv/co_nmt_id__type_support.cpp.o[0m
[4.056s] [ 27%] [32mBuilding CXX object CMakeFiles/canopen_interfaces__rosidl_typesupport_c.dir/rosidl_typesupport_c/canopen_interfaces/srv/co_heartbeat_id__type_support.cpp.o[0m
[4.108s] [ 28%] [32mBuilding CXX object CMakeFiles/canopen_interfaces__rosidl_typesupport_c.dir/rosidl_typesupport_c/canopen_interfaces/srv/co_read__type_support.cpp.o[0m
[4.193s] [ 29%] [32mBuilding CXX object CMakeFiles/canopen_interfaces__rosidl_typesupport_cpp.dir/rosidl_typesupport_cpp/canopen_interfaces/srv/co_target_double__type_support.cpp.o[0m
[4.205s] [ 30%] [32mBuilding CXX object CMakeFiles/canopen_interfaces__rosidl_typesupport_c.dir/rosidl_typesupport_c/canopen_interfaces/srv/co_read_id__type_support.cpp.o[0m
[4.319s] [ 31%] [32mBuilding CXX object CMakeFiles/canopen_interfaces__rosidl_typesupport_c.dir/rosidl_typesupport_c/canopen_interfaces/srv/co_write__type_support.cpp.o[0m
[4.447s] [ 32%] [32mBuilding CXX object CMakeFiles/canopen_interfaces__rosidl_typesupport_c.dir/rosidl_typesupport_c/canopen_interfaces/srv/co_write_id__type_support.cpp.o[0m
[4.518s] [ 33%] [32mBuilding CXX object CMakeFiles/canopen_interfaces__rosidl_typesupport_cpp.dir/rosidl_typesupport_cpp/canopen_interfaces/srv/co_node__type_support.cpp.o[0m
[4.525s] [ 34%] [32mBuilding CXX object CMakeFiles/canopen_interfaces__rosidl_typesupport_c.dir/rosidl_typesupport_c/canopen_interfaces/srv/co_target_double__type_support.cpp.o[0m
[4.526s] [ 35%] [32mBuilding CXX object CMakeFiles/canopen_interfaces__rosidl_typesupport_cpp.dir/rosidl_typesupport_cpp/canopen_interfaces/msg/co_data__type_support.cpp.o[0m
[4.554s] [ 36%] [32mBuilding CXX object CMakeFiles/canopen_interfaces__rosidl_typesupport_c.dir/rosidl_typesupport_c/canopen_interfaces/srv/co_node__type_support.cpp.o[0m
[4.573s] [ 37%] [32mBuilding CXX object CMakeFiles/canopen_interfaces__rosidl_typesupport_introspection_cpp.dir/rosidl_typesupport_introspection_cpp/canopen_interfaces/srv/detail/co_heartbeat_id__type_support.cpp.o[0m
[4.586s] [ 38%] [32mBuilding CXX object CMakeFiles/canopen_interfaces__rosidl_typesupport_c.dir/rosidl_typesupport_c/canopen_interfaces/msg/co_data__type_support.cpp.o[0m
[4.588s] [ 40%] [32mBuilding CXX object CMakeFiles/canopen_interfaces__rosidl_typesupport_introspection_cpp.dir/rosidl_typesupport_introspection_cpp/canopen_interfaces/srv/detail/co_nmt_id__type_support.cpp.o[0m
[4.648s] [ 41%] [32mBuilding CXX object CMakeFiles/canopen_interfaces__rosidl_typesupport_introspection_cpp.dir/rosidl_typesupport_introspection_cpp/canopen_interfaces/srv/detail/co_read__type_support.cpp.o[0m
[4.653s] [ 42%] [32m[1mLinking CXX shared library libcanopen_interfaces__rosidl_typesupport_c.so[0m
[4.653s] [ 43%] [32mBuilding CXX object CMakeFiles/canopen_interfaces__rosidl_typesupport_fastrtps_cpp.dir/rosidl_typesupport_fastrtps_cpp/canopen_interfaces/srv/detail/dds_fastrtps/co_heartbeat_id__type_support.cpp.o[0m
[4.682s] [ 44%] [32mBuilding CXX object CMakeFiles/canopen_interfaces__rosidl_typesupport_introspection_cpp.dir/rosidl_typesupport_introspection_cpp/canopen_interfaces/srv/detail/co_read_id__type_support.cpp.o[0m
[4.702s] [ 45%] [32mBuilding CXX object CMakeFiles/canopen_interfaces__rosidl_typesupport_fastrtps_cpp.dir/rosidl_typesupport_fastrtps_cpp/canopen_interfaces/srv/detail/dds_fastrtps/co_nmt_id__type_support.cpp.o[0m
[4.723s] [ 46%] [32mBuilding CXX object CMakeFiles/canopen_interfaces__rosidl_typesupport_fastrtps_cpp.dir/rosidl_typesupport_fastrtps_cpp/canopen_interfaces/srv/detail/dds_fastrtps/co_read__type_support.cpp.o[0m
[4.736s] [ 46%] Built target canopen_interfaces__rosidl_typesupport_c
[4.753s] [ 47%] [32mBuilding C object CMakeFiles/canopen_interfaces__rosidl_typesupport_introspection_c.dir/rosidl_typesupport_introspection_c/canopen_interfaces/srv/detail/co_heartbeat_id__type_support.c.o[0m
[4.769s] [ 48%] [32mBuilding CXX object CMakeFiles/canopen_interfaces__rosidl_typesupport_fastrtps_cpp.dir/rosidl_typesupport_fastrtps_cpp/canopen_interfaces/srv/detail/dds_fastrtps/co_read_id__type_support.cpp.o[0m
[4.832s] [ 49%] [32mBuilding C object CMakeFiles/canopen_interfaces__rosidl_typesupport_introspection_c.dir/rosidl_typesupport_introspection_c/canopen_interfaces/srv/detail/co_nmt_id__type_support.c.o[0m
[4.904s] [ 50%] [32mBuilding C object CMakeFiles/canopen_interfaces__rosidl_typesupport_introspection_c.dir/rosidl_typesupport_introspection_c/canopen_interfaces/srv/detail/co_read__type_support.c.o[0m
[4.973s] [ 51%] [32mBuilding C object CMakeFiles/canopen_interfaces__rosidl_typesupport_introspection_c.dir/rosidl_typesupport_introspection_c/canopen_interfaces/srv/detail/co_read_id__type_support.c.o[0m
[4.979s] [ 52%] [32mBuilding CXX object CMakeFiles/canopen_interfaces__rosidl_typesupport_fastrtps_c.dir/rosidl_typesupport_fastrtps_c/canopen_interfaces/srv/detail/co_heartbeat_id__type_support_c.cpp.o[0m
[4.987s] [ 53%] [32m[1mLinking CXX shared library libcanopen_interfaces__rosidl_typesupport_cpp.so[0m
[5.026s] [ 54%] [32mBuilding C object CMakeFiles/canopen_interfaces__rosidl_typesupport_introspection_c.dir/rosidl_typesupport_introspection_c/canopen_interfaces/srv/detail/co_write__type_support.c.o[0m
[5.038s] [ 55%] [32mBuilding C object CMakeFiles/canopen_interfaces__rosidl_typesupport_introspection_c.dir/rosidl_typesupport_introspection_c/canopen_interfaces/srv/detail/co_write_id__type_support.c.o[0m
[5.107s] [ 55%] Built target canopen_interfaces__rosidl_typesupport_cpp
[5.113s] [ 56%] [32mBuilding C object CMakeFiles/canopen_interfaces__rosidl_typesupport_introspection_c.dir/rosidl_typesupport_introspection_c/canopen_interfaces/srv/detail/co_node__type_support.c.o[0m
[5.120s] [ 57%] [32mBuilding C object CMakeFiles/canopen_interfaces__rosidl_typesupport_introspection_c.dir/rosidl_typesupport_introspection_c/canopen_interfaces/msg/detail/co_data__type_support.c.o[0m
[5.124s] [ 58%] [32mBuilding C object CMakeFiles/canopen_interfaces__rosidl_typesupport_introspection_c.dir/rosidl_typesupport_introspection_c/canopen_interfaces/srv/detail/co_target_double__type_support.c.o[0m
[5.194s] [ 60%] [32mBuilding CXX object CMakeFiles/canopen_interfaces__rosidl_typesupport_fastrtps_c.dir/rosidl_typesupport_fastrtps_c/canopen_interfaces/srv/detail/co_nmt_id__type_support_c.cpp.o[0m
[5.206s] [ 61%] [32mBuilding CXX object CMakeFiles/canopen_interfaces__rosidl_typesupport_fastrtps_c.dir/rosidl_typesupport_fastrtps_c/canopen_interfaces/srv/detail/co_read__type_support_c.cpp.o[0m
[5.217s] [ 62%] [32m[1mLinking C shared library libcanopen_interfaces__rosidl_typesupport_introspection_c.so[0m
[5.250s] [ 63%] [32mBuilding CXX object CMakeFiles/canopen_interfaces__rosidl_typesupport_fastrtps_c.dir/rosidl_typesupport_fastrtps_c/canopen_interfaces/srv/detail/co_read_id__type_support_c.cpp.o[0m
[5.290s] [ 64%] [32mBuilding CXX object CMakeFiles/canopen_interfaces__rosidl_typesupport_introspection_cpp.dir/rosidl_typesupport_introspection_cpp/canopen_interfaces/srv/detail/co_write_id__type_support.cpp.o[0m
[5.300s] [ 65%] [32mBuilding CXX object CMakeFiles/canopen_interfaces__rosidl_typesupport_introspection_cpp.dir/rosidl_typesupport_introspection_cpp/canopen_interfaces/srv/detail/co_write__type_support.cpp.o[0m
[5.310s] [ 65%] Built target canopen_interfaces__rosidl_typesupport_introspection_c
[5.315s] [ 66%] [32mBuilding CXX object CMakeFiles/canopen_interfaces__rosidl_typesupport_fastrtps_cpp.dir/rosidl_typesupport_fastrtps_cpp/canopen_interfaces/srv/detail/dds_fastrtps/co_write__type_support.cpp.o[0m
[5.331s] [ 67%] [32mBuilding CXX object CMakeFiles/canopen_interfaces__rosidl_typesupport_introspection_cpp.dir/rosidl_typesupport_introspection_cpp/canopen_interfaces/srv/detail/co_target_double__type_support.cpp.o[0m
[5.389s] [ 68%] [32mBuilding CXX object CMakeFiles/canopen_interfaces__rosidl_typesupport_fastrtps_c.dir/rosidl_typesupport_fastrtps_c/canopen_interfaces/srv/detail/co_write__type_support_c.cpp.o[0m
[5.390s] [ 69%] [32mBuilding CXX object CMakeFiles/canopen_interfaces__rosidl_typesupport_fastrtps_cpp.dir/rosidl_typesupport_fastrtps_cpp/canopen_interfaces/srv/detail/dds_fastrtps/co_write_id__type_support.cpp.o[0m
[5.412s] [ 70%] [32mBuilding CXX object CMakeFiles/canopen_interfaces__rosidl_typesupport_fastrtps_cpp.dir/rosidl_typesupport_fastrtps_cpp/canopen_interfaces/srv/detail/dds_fastrtps/co_target_double__type_support.cpp.o[0m
[5.504s] [ 71%] [32mBuilding CXX object CMakeFiles/canopen_interfaces__rosidl_typesupport_fastrtps_c.dir/rosidl_typesupport_fastrtps_c/canopen_interfaces/srv/detail/co_write_id__type_support_c.cpp.o[0m
[5.571s] [ 72%] [32mBuilding CXX object CMakeFiles/canopen_interfaces__rosidl_typesupport_fastrtps_cpp.dir/rosidl_typesupport_fastrtps_cpp/canopen_interfaces/srv/detail/dds_fastrtps/co_node__type_support.cpp.o[0m
[5.771s] [ 73%] [32mBuilding CXX object CMakeFiles/canopen_interfaces__rosidl_typesupport_fastrtps_c.dir/rosidl_typesupport_fastrtps_c/canopen_interfaces/srv/detail/co_target_double__type_support_c.cpp.o[0m
[5.802s] [ 74%] [32mBuilding CXX object CMakeFiles/canopen_interfaces__rosidl_typesupport_introspection_cpp.dir/rosidl_typesupport_introspection_cpp/canopen_interfaces/srv/detail/co_node__type_support.cpp.o[0m
[5.979s] [ 75%] [32mBuilding CXX object CMakeFiles/canopen_interfaces__rosidl_typesupport_introspection_cpp.dir/rosidl_typesupport_introspection_cpp/canopen_interfaces/msg/detail/co_data__type_support.cpp.o[0m
[6.087s] [ 76%] [32mBuilding CXX object CMakeFiles/canopen_interfaces__rosidl_typesupport_fastrtps_cpp.dir/rosidl_typesupport_fastrtps_cpp/canopen_interfaces/msg/detail/dds_fastrtps/co_data__type_support.cpp.o[0m
[6.140s] [ 77%] [32mBuilding CXX object CMakeFiles/canopen_interfaces__rosidl_typesupport_fastrtps_c.dir/rosidl_typesupport_fastrtps_c/canopen_interfaces/srv/detail/co_node__type_support_c.cpp.o[0m
[6.190s] [ 78%] [32mBuilding CXX object CMakeFiles/canopen_interfaces__rosidl_typesupport_fastrtps_c.dir/rosidl_typesupport_fastrtps_c/canopen_interfaces/msg/detail/co_data__type_support_c.cpp.o[0m
[6.867s] [ 80%] [32m[1mLinking CXX shared library libcanopen_interfaces__rosidl_typesupport_introspection_cpp.so[0m
[6.949s] [ 80%] Built target canopen_interfaces__rosidl_typesupport_introspection_cpp
[7.241s] [ 81%] [32m[1mLinking CXX shared library libcanopen_interfaces__rosidl_typesupport_fastrtps_c.so[0m
[7.280s] [ 82%] [32m[1mLinking CXX shared library libcanopen_interfaces__rosidl_typesupport_fastrtps_cpp.so[0m
[7.417s] [ 82%] Built target canopen_interfaces__rosidl_typesupport_fastrtps_c
[7.446s] [ 82%] Built target canopen_interfaces__rosidl_typesupport_fastrtps_cpp
[7.526s] [ 82%] Built target canopen_interfaces
[7.591s] [ 83%] [34m[1mGenerating Python code for ROS interfaces[0m
[11.504s] [ 83%] Built target canopen_interfaces__py
[11.631s] [ 84%] [32mBuilding C object CMakeFiles/canopen_interfaces__rosidl_generator_py.dir/rosidl_generator_py/canopen_interfaces/srv/_co_heartbeat_id_s.c.o[0m
[11.633s] [ 85%] [32mBuilding C object CMakeFiles/canopen_interfaces__rosidl_generator_py.dir/rosidl_generator_py/canopen_interfaces/srv/_co_nmt_id_s.c.o[0m
[11.642s] [ 86%] [32mBuilding C object CMakeFiles/canopen_interfaces__rosidl_generator_py.dir/rosidl_generator_py/canopen_interfaces/srv/_co_read_s.c.o[0m
[11.655s] [ 87%] [32mBuilding C object CMakeFiles/canopen_interfaces__rosidl_generator_py.dir/rosidl_generator_py/canopen_interfaces/srv/_co_read_id_s.c.o[0m
[11.761s] [ 88%] [32mBuilding C object CMakeFiles/canopen_interfaces__rosidl_generator_py.dir/rosidl_generator_py/canopen_interfaces/srv/_co_write_id_s.c.o[0m
[11.761s] [ 89%] [32mBuilding C object CMakeFiles/canopen_interfaces__rosidl_generator_py.dir/rosidl_generator_py/canopen_interfaces/srv/_co_write_s.c.o[0m
[11.774s] [ 90%] [32mBuilding C object CMakeFiles/canopen_interfaces__rosidl_generator_py.dir/rosidl_generator_py/canopen_interfaces/msg/_co_data_s.c.o[0m
[11.790s] [ 91%] [32mBuilding C object CMakeFiles/canopen_interfaces__rosidl_generator_py.dir/rosidl_generator_py/canopen_interfaces/srv/_co_target_double_s.c.o[0m
[11.813s] [ 92%] [32mBuilding C object CMakeFiles/canopen_interfaces__rosidl_generator_py.dir/rosidl_generator_py/canopen_interfaces/srv/_co_node_s.c.o[0m
[12.214s] [ 93%] [32m[1mLinking C shared library rosidl_generator_py/canopen_interfaces/libcanopen_interfaces__rosidl_generator_py.so[0m
[12.634s] [ 93%] Built target canopen_interfaces__rosidl_generator_py
[12.858s] [ 94%] [32mBuilding C object CMakeFiles/canopen_interfaces__rosidl_typesupport_fastrtps_c__pyext.dir/rosidl_generator_py/canopen_interfaces/_canopen_interfaces_s.ep.rosidl_typesupport_fastrtps_c.c.o[0m
[12.873s] [ 95%] [32mBuilding C object CMakeFiles/canopen_interfaces__rosidl_typesupport_introspection_c__pyext.dir/rosidl_generator_py/canopen_interfaces/_canopen_interfaces_s.ep.rosidl_typesupport_introspection_c.c.o[0m
[12.878s] [ 96%] [32mBuilding C object CMakeFiles/canopen_interfaces__rosidl_typesupport_c__pyext.dir/rosidl_generator_py/canopen_interfaces/_canopen_interfaces_s.ep.rosidl_typesupport_c.c.o[0m
[13.177s] [ 97%] [32m[1mLinking C shared library rosidl_generator_py/canopen_interfaces/canopen_interfaces_s__rosidl_typesupport_c.cpython-310-x86_64-linux-gnu.so[0m
[13.271s] [ 97%] Built target canopen_interfaces__rosidl_typesupport_c__pyext
[13.294s] [ 98%] [32m[1mLinking C shared library rosidl_generator_py/canopen_interfaces/canopen_interfaces_s__rosidl_typesupport_fastrtps_c.cpython-310-x86_64-linux-gnu.so[0m
[13.310s] [100%] [32m[1mLinking C shared library rosidl_generator_py/canopen_interfaces/canopen_interfaces_s__rosidl_typesupport_introspection_c.cpython-310-x86_64-linux-gnu.so[0m
[13.384s] [100%] Built target canopen_interfaces__rosidl_typesupport_introspection_c__pyext
[13.447s] [100%] Built target canopen_interfaces__rosidl_typesupport_fastrtps_c__pyext
[13.499s] Invoked command in '/home/serhat/workspace/build/canopen_interfaces' returned '0': CMAKE_PREFIX_PATH=${CMAKE_PREFIX_PATH}:/home/serhat/workspace/install/canopen_utils:/opt/ros/humble /usr/bin/cmake --build /home/serhat/workspace/build/canopen_interfaces -- -j12 -l12
[16.563s] Invoking command in '/home/serhat/workspace/build/canopen_interfaces': CMAKE_PREFIX_PATH=${CMAKE_PREFIX_PATH}:/home/serhat/workspace/install/canopen_utils:/opt/ros/humble /usr/bin/cmake --install /home/serhat/workspace/build/canopen_interfaces
[16.583s] -- Install configuration: ""
[16.584s] -- Execute custom install script
[16.585s] -- Symlinking: /home/serhat/workspace/install/canopen_interfaces/share/ament_index/resource_index/rosidl_interfaces/canopen_interfaces
[16.602s] -- Symlinking: /home/serhat/workspace/install/canopen_interfaces/include/canopen_interfaces/canopen_interfaces/msg/co_data.h
[16.616s] -- Symlinking: /home/serhat/workspace/install/canopen_interfaces/include/canopen_interfaces/canopen_interfaces/msg/detail/co_data__functions.h
[16.630s] -- Symlinking: /home/serhat/workspace/install/canopen_interfaces/include/canopen_interfaces/canopen_interfaces/msg/detail/co_data__struct.h
[16.670s] -- Symlinking: /home/serhat/workspace/install/canopen_interfaces/include/canopen_interfaces/canopen_interfaces/msg/detail/co_data__type_support.h
[16.704s] -- Symlinking: /home/serhat/workspace/install/canopen_interfaces/include/canopen_interfaces/canopen_interfaces/msg/rosidl_generator_c__visibility_control.h
[16.727s] -- Symlinking: /home/serhat/workspace/install/canopen_interfaces/include/canopen_interfaces/canopen_interfaces/srv/co_heartbeat_id.h
[16.775s] -- Symlinking: /home/serhat/workspace/install/canopen_interfaces/include/canopen_interfaces/canopen_interfaces/srv/co_nmt_id.h
[16.820s] -- Symlinking: /home/serhat/workspace/install/canopen_interfaces/include/canopen_interfaces/canopen_interfaces/srv/co_node.h
[16.838s] -- Symlinking: /home/serhat/workspace/install/canopen_interfaces/include/canopen_interfaces/canopen_interfaces/srv/co_read.h
[16.862s] -- Symlinking: /home/serhat/workspace/install/canopen_interfaces/include/canopen_interfaces/canopen_interfaces/srv/co_read_id.h
[16.905s] -- Symlinking: /home/serhat/workspace/install/canopen_interfaces/include/canopen_interfaces/canopen_interfaces/srv/co_target_double.h
[16.931s] -- Symlinking: /home/serhat/workspace/install/canopen_interfaces/include/canopen_interfaces/canopen_interfaces/srv/co_write.h
[16.946s] -- Symlinking: /home/serhat/workspace/install/canopen_interfaces/include/canopen_interfaces/canopen_interfaces/srv/co_write_id.h
[16.971s] -- Symlinking: /home/serhat/workspace/install/canopen_interfaces/include/canopen_interfaces/canopen_interfaces/srv/detail/co_heartbeat_id__functions.h
[16.985s] -- Symlinking: /home/serhat/workspace/install/canopen_interfaces/include/canopen_interfaces/canopen_interfaces/srv/detail/co_heartbeat_id__struct.h
[16.999s] -- Symlinking: /home/serhat/workspace/install/canopen_interfaces/include/canopen_interfaces/canopen_interfaces/srv/detail/co_heartbeat_id__type_support.h
[17.023s] -- Symlinking: /home/serhat/workspace/install/canopen_interfaces/include/canopen_interfaces/canopen_interfaces/srv/detail/co_nmt_id__functions.h
[17.037s] -- Symlinking: /home/serhat/workspace/install/canopen_interfaces/include/canopen_interfaces/canopen_interfaces/srv/detail/co_nmt_id__struct.h
[17.054s] -- Symlinking: /home/serhat/workspace/install/canopen_interfaces/include/canopen_interfaces/canopen_interfaces/srv/detail/co_nmt_id__type_support.h
[17.080s] -- Symlinking: /home/serhat/workspace/install/canopen_interfaces/include/canopen_interfaces/canopen_interfaces/srv/detail/co_node__functions.h
[17.103s] -- Symlinking: /home/serhat/workspace/install/canopen_interfaces/include/canopen_interfaces/canopen_interfaces/srv/detail/co_node__struct.h
[17.133s] -- Symlinking: /home/serhat/workspace/install/canopen_interfaces/include/canopen_interfaces/canopen_interfaces/srv/detail/co_node__type_support.h
[17.156s] -- Symlinking: /home/serhat/workspace/install/canopen_interfaces/include/canopen_interfaces/canopen_interfaces/srv/detail/co_read__functions.h
[17.180s] -- Symlinking: /home/serhat/workspace/install/canopen_interfaces/include/canopen_interfaces/canopen_interfaces/srv/detail/co_read__struct.h
[17.192s] -- Symlinking: /home/serhat/workspace/install/canopen_interfaces/include/canopen_interfaces/canopen_interfaces/srv/detail/co_read__type_support.h
[17.223s] -- Symlinking: /home/serhat/workspace/install/canopen_interfaces/include/canopen_interfaces/canopen_interfaces/srv/detail/co_read_id__functions.h
[17.257s] -- Symlinking: /home/serhat/workspace/install/canopen_interfaces/include/canopen_interfaces/canopen_interfaces/srv/detail/co_read_id__struct.h
[17.289s] -- Symlinking: /home/serhat/workspace/install/canopen_interfaces/include/canopen_interfaces/canopen_interfaces/srv/detail/co_read_id__type_support.h
[17.313s] -- Symlinking: /home/serhat/workspace/install/canopen_interfaces/include/canopen_interfaces/canopen_interfaces/srv/detail/co_target_double__functions.h
[17.353s] -- Symlinking: /home/serhat/workspace/install/canopen_interfaces/include/canopen_interfaces/canopen_interfaces/srv/detail/co_target_double__struct.h
[17.393s] -- Symlinking: /home/serhat/workspace/install/canopen_interfaces/include/canopen_interfaces/canopen_interfaces/srv/detail/co_target_double__type_support.h
[17.433s] -- Symlinking: /home/serhat/workspace/install/canopen_interfaces/include/canopen_interfaces/canopen_interfaces/srv/detail/co_write__functions.h
[17.481s] -- Symlinking: /home/serhat/workspace/install/canopen_interfaces/include/canopen_interfaces/canopen_interfaces/srv/detail/co_write__struct.h
[17.522s] -- Symlinking: /home/serhat/workspace/install/canopen_interfaces/include/canopen_interfaces/canopen_interfaces/srv/detail/co_write__type_support.h
[17.545s] -- Symlinking: /home/serhat/workspace/install/canopen_interfaces/include/canopen_interfaces/canopen_interfaces/srv/detail/co_write_id__functions.h
[17.585s] -- Symlinking: /home/serhat/workspace/install/canopen_interfaces/include/canopen_interfaces/canopen_interfaces/srv/detail/co_write_id__struct.h
[17.617s] -- Symlinking: /home/serhat/workspace/install/canopen_interfaces/include/canopen_interfaces/canopen_interfaces/srv/detail/co_write_id__type_support.h
[17.641s] -- Symlinking: /home/serhat/workspace/install/canopen_interfaces/share/canopen_interfaces/environment/library_path.sh
[17.665s] -- Symlinking: /home/serhat/workspace/install/canopen_interfaces/share/canopen_interfaces/environment/library_path.dsv
[17.689s] -- Symlinking: /home/serhat/workspace/install/canopen_interfaces/include/canopen_interfaces/canopen_interfaces/msg/detail/co_data__rosidl_typesupport_fastrtps_c.h
[17.701s] -- Symlinking: /home/serhat/workspace/install/canopen_interfaces/include/canopen_interfaces/canopen_interfaces/msg/rosidl_typesupport_fastrtps_c__visibility_control.h
[17.726s] -- Symlinking: /home/serhat/workspace/install/canopen_interfaces/include/canopen_interfaces/canopen_interfaces/srv/detail/co_heartbeat_id__rosidl_typesupport_fastrtps_c.h
[17.752s] -- Symlinking: /home/serhat/workspace/install/canopen_interfaces/include/canopen_interfaces/canopen_interfaces/srv/detail/co_nmt_id__rosidl_typesupport_fastrtps_c.h
[17.789s] -- Symlinking: /home/serhat/workspace/install/canopen_interfaces/include/canopen_interfaces/canopen_interfaces/srv/detail/co_node__rosidl_typesupport_fastrtps_c.h
[17.864s] -- Symlinking: /home/serhat/workspace/install/canopen_interfaces/include/canopen_interfaces/canopen_interfaces/srv/detail/co_read__rosidl_typesupport_fastrtps_c.h
[17.881s] -- Symlinking: /home/serhat/workspace/install/canopen_interfaces/include/canopen_interfaces/canopen_interfaces/srv/detail/co_read_id__rosidl_typesupport_fastrtps_c.h
[17.909s] -- Symlinking: /home/serhat/workspace/install/canopen_interfaces/include/canopen_interfaces/canopen_interfaces/srv/detail/co_target_double__rosidl_typesupport_fastrtps_c.h
[17.935s] -- Symlinking: /home/serhat/workspace/install/canopen_interfaces/include/canopen_interfaces/canopen_interfaces/srv/detail/co_write__rosidl_typesupport_fastrtps_c.h
[17.973s] -- Symlinking: /home/serhat/workspace/install/canopen_interfaces/include/canopen_interfaces/canopen_interfaces/srv/detail/co_write_id__rosidl_typesupport_fastrtps_c.h
[18.024s] -- Symlinking: /home/serhat/workspace/install/canopen_interfaces/include/canopen_interfaces/canopen_interfaces/msg/detail/co_data__rosidl_typesupport_introspection_c.h
[18.054s] -- Symlinking: /home/serhat/workspace/install/canopen_interfaces/include/canopen_interfaces/canopen_interfaces/msg/rosidl_typesupport_introspection_c__visibility_control.h
[18.075s] -- Symlinking: /home/serhat/workspace/install/canopen_interfaces/include/canopen_interfaces/canopen_interfaces/srv/detail/co_heartbeat_id__rosidl_typesupport_introspection_c.h
[18.090s] -- Symlinking: /home/serhat/workspace/install/canopen_interfaces/include/canopen_interfaces/canopen_interfaces/srv/detail/co_nmt_id__rosidl_typesupport_introspection_c.h
[18.117s] -- Symlinking: /home/serhat/workspace/install/canopen_interfaces/include/canopen_interfaces/canopen_interfaces/srv/detail/co_node__rosidl_typesupport_introspection_c.h
[18.158s] -- Symlinking: /home/serhat/workspace/install/canopen_interfaces/include/canopen_interfaces/canopen_interfaces/srv/detail/co_read__rosidl_typesupport_introspection_c.h
[18.201s] -- Symlinking: /home/serhat/workspace/install/canopen_interfaces/include/canopen_interfaces/canopen_interfaces/srv/detail/co_read_id__rosidl_typesupport_introspection_c.h
[18.237s] -- Symlinking: /home/serhat/workspace/install/canopen_interfaces/include/canopen_interfaces/canopen_interfaces/srv/detail/co_target_double__rosidl_typesupport_introspection_c.h
[18.262s] -- Symlinking: /home/serhat/workspace/install/canopen_interfaces/include/canopen_interfaces/canopen_interfaces/srv/detail/co_write__rosidl_typesupport_introspection_c.h
[18.297s] -- Symlinking: /home/serhat/workspace/install/canopen_interfaces/include/canopen_interfaces/canopen_interfaces/srv/detail/co_write_id__rosidl_typesupport_introspection_c.h
[18.350s] -- Symlinking: /home/serhat/workspace/install/canopen_interfaces/include/canopen_interfaces/canopen_interfaces/msg/co_data.hpp
[18.385s] -- Symlinking: /home/serhat/workspace/install/canopen_interfaces/include/canopen_interfaces/canopen_interfaces/msg/detail/co_data__builder.hpp
[18.416s] -- Symlinking: /home/serhat/workspace/install/canopen_interfaces/include/canopen_interfaces/canopen_interfaces/msg/detail/co_data__struct.hpp
[18.429s] -- Symlinking: /home/serhat/workspace/install/canopen_interfaces/include/canopen_interfaces/canopen_interfaces/msg/detail/co_data__traits.hpp
[18.442s] -- Symlinking: /home/serhat/workspace/install/canopen_interfaces/include/canopen_interfaces/canopen_interfaces/srv/co_heartbeat_id.hpp
[18.459s] -- Symlinking: /home/serhat/workspace/install/canopen_interfaces/include/canopen_interfaces/canopen_interfaces/srv/co_nmt_id.hpp
[18.492s] -- Symlinking: /home/serhat/workspace/install/canopen_interfaces/include/canopen_interfaces/canopen_interfaces/srv/co_node.hpp
[18.505s] -- Symlinking: /home/serhat/workspace/install/canopen_interfaces/include/canopen_interfaces/canopen_interfaces/srv/co_read.hpp
[18.522s] -- Symlinking: /home/serhat/workspace/install/canopen_interfaces/include/canopen_interfaces/canopen_interfaces/srv/co_read_id.hpp
[18.536s] -- Symlinking: /home/serhat/workspace/install/canopen_interfaces/include/canopen_interfaces/canopen_interfaces/srv/co_target_double.hpp
[18.551s] -- Symlinking: /home/serhat/workspace/install/canopen_interfaces/include/canopen_interfaces/canopen_interfaces/srv/co_write.hpp
[18.564s] -- Symlinking: /home/serhat/workspace/install/canopen_interfaces/include/canopen_interfaces/canopen_interfaces/srv/co_write_id.hpp
[18.579s] -- Symlinking: /home/serhat/workspace/install/canopen_interfaces/include/canopen_interfaces/canopen_interfaces/srv/detail/co_heartbeat_id__builder.hpp
[18.593s] -- Symlinking: /home/serhat/workspace/install/canopen_interfaces/include/canopen_interfaces/canopen_interfaces/srv/detail/co_heartbeat_id__struct.hpp
[18.606s] -- Symlinking: /home/serhat/workspace/install/canopen_interfaces/include/canopen_interfaces/canopen_interfaces/srv/detail/co_heartbeat_id__traits.hpp
[18.620s] -- Symlinking: /home/serhat/workspace/install/canopen_interfaces/include/canopen_interfaces/canopen_interfaces/srv/detail/co_nmt_id__builder.hpp
[18.633s] -- Symlinking: /home/serhat/workspace/install/canopen_interfaces/include/canopen_interfaces/canopen_interfaces/srv/detail/co_nmt_id__struct.hpp
[18.648s] -- Symlinking: /home/serhat/workspace/install/canopen_interfaces/include/canopen_interfaces/canopen_interfaces/srv/detail/co_nmt_id__traits.hpp
[18.664s] -- Symlinking: /home/serhat/workspace/install/canopen_interfaces/include/canopen_interfaces/canopen_interfaces/srv/detail/co_node__builder.hpp
[18.677s] -- Symlinking: /home/serhat/workspace/install/canopen_interfaces/include/canopen_interfaces/canopen_interfaces/srv/detail/co_node__struct.hpp
[18.690s] -- Symlinking: /home/serhat/workspace/install/canopen_interfaces/include/canopen_interfaces/canopen_interfaces/srv/detail/co_node__traits.hpp
[18.703s] -- Symlinking: /home/serhat/workspace/install/canopen_interfaces/include/canopen_interfaces/canopen_interfaces/srv/detail/co_read__builder.hpp
[18.717s] -- Symlinking: /home/serhat/workspace/install/canopen_interfaces/include/canopen_interfaces/canopen_interfaces/srv/detail/co_read__struct.hpp
[18.731s] -- Symlinking: /home/serhat/workspace/install/canopen_interfaces/include/canopen_interfaces/canopen_interfaces/srv/detail/co_read__traits.hpp
[18.744s] -- Symlinking: /home/serhat/workspace/install/canopen_interfaces/include/canopen_interfaces/canopen_interfaces/srv/detail/co_read_id__builder.hpp
[18.757s] -- Symlinking: /home/serhat/workspace/install/canopen_interfaces/include/canopen_interfaces/canopen_interfaces/srv/detail/co_read_id__struct.hpp
[18.770s] -- Symlinking: /home/serhat/workspace/install/canopen_interfaces/include/canopen_interfaces/canopen_interfaces/srv/detail/co_read_id__traits.hpp
[18.783s] -- Symlinking: /home/serhat/workspace/install/canopen_interfaces/include/canopen_interfaces/canopen_interfaces/srv/detail/co_target_double__builder.hpp
[18.801s] -- Symlinking: /home/serhat/workspace/install/canopen_interfaces/include/canopen_interfaces/canopen_interfaces/srv/detail/co_target_double__struct.hpp
[18.813s] -- Symlinking: /home/serhat/workspace/install/canopen_interfaces/include/canopen_interfaces/canopen_interfaces/srv/detail/co_target_double__traits.hpp
[18.826s] -- Symlinking: /home/serhat/workspace/install/canopen_interfaces/include/canopen_interfaces/canopen_interfaces/srv/detail/co_write__builder.hpp
[18.840s] -- Symlinking: /home/serhat/workspace/install/canopen_interfaces/include/canopen_interfaces/canopen_interfaces/srv/detail/co_write__struct.hpp
[18.853s] -- Symlinking: /home/serhat/workspace/install/canopen_interfaces/include/canopen_interfaces/canopen_interfaces/srv/detail/co_write__traits.hpp
[18.866s] -- Symlinking: /home/serhat/workspace/install/canopen_interfaces/include/canopen_interfaces/canopen_interfaces/srv/detail/co_write_id__builder.hpp
[18.880s] -- Symlinking: /home/serhat/workspace/install/canopen_interfaces/include/canopen_interfaces/canopen_interfaces/srv/detail/co_write_id__struct.hpp
[18.894s] -- Symlinking: /home/serhat/workspace/install/canopen_interfaces/include/canopen_interfaces/canopen_interfaces/srv/detail/co_write_id__traits.hpp
[18.909s] -- Symlinking: /home/serhat/workspace/install/canopen_interfaces/include/canopen_interfaces/canopen_interfaces/msg/detail/co_data__rosidl_typesupport_fastrtps_cpp.hpp
[18.923s] -- Symlinking: /home/serhat/workspace/install/canopen_interfaces/include/canopen_interfaces/canopen_interfaces/msg/rosidl_typesupport_fastrtps_cpp__visibility_control.h
[18.937s] -- Symlinking: /home/serhat/workspace/install/canopen_interfaces/include/canopen_interfaces/canopen_interfaces/srv/detail/co_heartbeat_id__rosidl_typesupport_fastrtps_cpp.hpp
[18.950s] -- Symlinking: /home/serhat/workspace/install/canopen_interfaces/include/canopen_interfaces/canopen_interfaces/srv/detail/co_nmt_id__rosidl_typesupport_fastrtps_cpp.hpp
[18.966s] -- Symlinking: /home/serhat/workspace/install/canopen_interfaces/include/canopen_interfaces/canopen_interfaces/srv/detail/co_node__rosidl_typesupport_fastrtps_cpp.hpp
[18.984s] -- Symlinking: /home/serhat/workspace/install/canopen_interfaces/include/canopen_interfaces/canopen_interfaces/srv/detail/co_read__rosidl_typesupport_fastrtps_cpp.hpp
[19.012s] -- Symlinking: /home/serhat/workspace/install/canopen_interfaces/include/canopen_interfaces/canopen_interfaces/srv/detail/co_read_id__rosidl_typesupport_fastrtps_cpp.hpp
[19.026s] -- Symlinking: /home/serhat/workspace/install/canopen_interfaces/include/canopen_interfaces/canopen_interfaces/srv/detail/co_target_double__rosidl_typesupport_fastrtps_cpp.hpp
[19.040s] -- Symlinking: /home/serhat/workspace/install/canopen_interfaces/include/canopen_interfaces/canopen_interfaces/srv/detail/co_write__rosidl_typesupport_fastrtps_cpp.hpp
[19.052s] -- Symlinking: /home/serhat/workspace/install/canopen_interfaces/include/canopen_interfaces/canopen_interfaces/srv/detail/co_write_id__rosidl_typesupport_fastrtps_cpp.hpp
[19.063s] -- Symlinking: /home/serhat/workspace/install/canopen_interfaces/include/canopen_interfaces/canopen_interfaces/msg/detail/co_data__rosidl_typesupport_introspection_cpp.hpp
[19.077s] -- Symlinking: /home/serhat/workspace/install/canopen_interfaces/include/canopen_interfaces/canopen_interfaces/srv/detail/co_heartbeat_id__rosidl_typesupport_introspection_cpp.hpp
[19.097s] -- Symlinking: /home/serhat/workspace/install/canopen_interfaces/include/canopen_interfaces/canopen_interfaces/srv/detail/co_nmt_id__rosidl_typesupport_introspection_cpp.hpp
[19.112s] -- Symlinking: /home/serhat/workspace/install/canopen_interfaces/include/canopen_interfaces/canopen_interfaces/srv/detail/co_node__rosidl_typesupport_introspection_cpp.hpp
[19.126s] -- Symlinking: /home/serhat/workspace/install/canopen_interfaces/include/canopen_interfaces/canopen_interfaces/srv/detail/co_read__rosidl_typesupport_introspection_cpp.hpp
[19.139s] -- Symlinking: /home/serhat/workspace/install/canopen_interfaces/include/canopen_interfaces/canopen_interfaces/srv/detail/co_read_id__rosidl_typesupport_introspection_cpp.hpp
[19.152s] -- Symlinking: /home/serhat/workspace/install/canopen_interfaces/include/canopen_interfaces/canopen_interfaces/srv/detail/co_target_double__rosidl_typesupport_introspection_cpp.hpp
[19.165s] -- Symlinking: /home/serhat/workspace/install/canopen_interfaces/include/canopen_interfaces/canopen_interfaces/srv/detail/co_write__rosidl_typesupport_introspection_cpp.hpp
[19.178s] -- Symlinking: /home/serhat/workspace/install/canopen_interfaces/include/canopen_interfaces/canopen_interfaces/srv/detail/co_write_id__rosidl_typesupport_introspection_cpp.hpp
[19.193s] -- Symlinking: /home/serhat/workspace/install/canopen_interfaces/share/canopen_interfaces/environment/pythonpath.sh
[19.207s] -- Symlinking: /home/serhat/workspace/install/canopen_interfaces/share/canopen_interfaces/environment/pythonpath.dsv
[19.220s] -- Symlinking: /home/serhat/workspace/install/canopen_interfaces/local/lib/python3.10/dist-packages/canopen_interfaces-0.0.1-py3.10.egg-info/PKG-INFO
[19.229s] -- Symlinking: /home/serhat/workspace/install/canopen_interfaces/local/lib/python3.10/dist-packages/canopen_interfaces-0.0.1-py3.10.egg-info/SOURCES.txt
[19.242s] -- Symlinking: /home/serhat/workspace/install/canopen_interfaces/local/lib/python3.10/dist-packages/canopen_interfaces-0.0.1-py3.10.egg-info/dependency_links.txt
[19.254s] -- Symlinking: /home/serhat/workspace/install/canopen_interfaces/local/lib/python3.10/dist-packages/canopen_interfaces-0.0.1-py3.10.egg-info/top_level.txt
[19.268s] -- Symlinking: /home/serhat/workspace/install/canopen_interfaces/local/lib/python3.10/dist-packages/canopen_interfaces/__init__.py
[19.281s] -- Symlinking: /home/serhat/workspace/install/canopen_interfaces/local/lib/python3.10/dist-packages/canopen_interfaces/_canopen_interfaces_s.ep.rosidl_typesupport_c.c
[19.298s] -- Symlinking: /home/serhat/workspace/install/canopen_interfaces/local/lib/python3.10/dist-packages/canopen_interfaces/_canopen_interfaces_s.ep.rosidl_typesupport_fastrtps_c.c
[19.325s] -- Symlinking: /home/serhat/workspace/install/canopen_interfaces/local/lib/python3.10/dist-packages/canopen_interfaces/_canopen_interfaces_s.ep.rosidl_typesupport_introspection_c.c
[19.351s] -- Symlinking: /home/serhat/workspace/install/canopen_interfaces/local/lib/python3.10/dist-packages/canopen_interfaces/canopen_interfaces_s__rosidl_typesupport_c.cpython-310-x86_64-linux-gnu.so
[19.374s] -- Symlinking: /home/serhat/workspace/install/canopen_interfaces/local/lib/python3.10/dist-packages/canopen_interfaces/canopen_interfaces_s__rosidl_typesupport_fastrtps_c.cpython-310-x86_64-linux-gnu.so
[19.380s] -- Symlinking: /home/serhat/workspace/install/canopen_interfaces/local/lib/python3.10/dist-packages/canopen_interfaces/canopen_interfaces_s__rosidl_typesupport_introspection_c.cpython-310-x86_64-linux-gnu.so
[19.393s] -- Symlinking: /home/serhat/workspace/install/canopen_interfaces/local/lib/python3.10/dist-packages/canopen_interfaces/libcanopen_interfaces__rosidl_generator_py.so
[19.409s] -- Symlinking: /home/serhat/workspace/install/canopen_interfaces/local/lib/python3.10/dist-packages/canopen_interfaces/msg/__init__.py
[19.422s] -- Symlinking: /home/serhat/workspace/install/canopen_interfaces/local/lib/python3.10/dist-packages/canopen_interfaces/msg/_co_data.py
[19.436s] -- Symlinking: /home/serhat/workspace/install/canopen_interfaces/local/lib/python3.10/dist-packages/canopen_interfaces/msg/_co_data_s.c
[19.448s] -- Symlinking: /home/serhat/workspace/install/canopen_interfaces/local/lib/python3.10/dist-packages/canopen_interfaces/srv/__init__.py
[19.464s] -- Symlinking: /home/serhat/workspace/install/canopen_interfaces/local/lib/python3.10/dist-packages/canopen_interfaces/srv/_co_heartbeat_id.py
[19.478s] -- Symlinking: /home/serhat/workspace/install/canopen_interfaces/local/lib/python3.10/dist-packages/canopen_interfaces/srv/_co_heartbeat_id_s.c
[19.490s] -- Symlinking: /home/serhat/workspace/install/canopen_interfaces/local/lib/python3.10/dist-packages/canopen_interfaces/srv/_co_nmt_id.py
[19.504s] -- Symlinking: /home/serhat/workspace/install/canopen_interfaces/local/lib/python3.10/dist-packages/canopen_interfaces/srv/_co_nmt_id_s.c
[19.529s] -- Symlinking: /home/serhat/workspace/install/canopen_interfaces/local/lib/python3.10/dist-packages/canopen_interfaces/srv/_co_node.py
[19.543s] -- Symlinking: /home/serhat/workspace/install/canopen_interfaces/local/lib/python3.10/dist-packages/canopen_interfaces/srv/_co_node_s.c
[19.565s] -- Symlinking: /home/serhat/workspace/install/canopen_interfaces/local/lib/python3.10/dist-packages/canopen_interfaces/srv/_co_read.py
[19.578s] -- Symlinking: /home/serhat/workspace/install/canopen_interfaces/local/lib/python3.10/dist-packages/canopen_interfaces/srv/_co_read_id.py
[19.591s] -- Symlinking: /home/serhat/workspace/install/canopen_interfaces/local/lib/python3.10/dist-packages/canopen_interfaces/srv/_co_read_id_s.c
[19.607s] -- Symlinking: /home/serhat/workspace/install/canopen_interfaces/local/lib/python3.10/dist-packages/canopen_interfaces/srv/_co_read_s.c
[19.620s] -- Symlinking: /home/serhat/workspace/install/canopen_interfaces/local/lib/python3.10/dist-packages/canopen_interfaces/srv/_co_target_double.py
[19.633s] -- Symlinking: /home/serhat/workspace/install/canopen_interfaces/local/lib/python3.10/dist-packages/canopen_interfaces/srv/_co_target_double_s.c
[19.647s] -- Symlinking: /home/serhat/workspace/install/canopen_interfaces/local/lib/python3.10/dist-packages/canopen_interfaces/srv/_co_write.py
[19.661s] -- Symlinking: /home/serhat/workspace/install/canopen_interfaces/local/lib/python3.10/dist-packages/canopen_interfaces/srv/_co_write_id.py
[19.675s] -- Symlinking: /home/serhat/workspace/install/canopen_interfaces/local/lib/python3.10/dist-packages/canopen_interfaces/srv/_co_write_id_s.c
[19.688s] -- Symlinking: /home/serhat/workspace/install/canopen_interfaces/local/lib/python3.10/dist-packages/canopen_interfaces/srv/_co_write_s.c
[19.731s] -- Up-to-date symlink: /home/serhat/workspace/install/canopen_interfaces/local/lib/python3.10/dist-packages/canopen_interfaces/canopen_interfaces_s__rosidl_typesupport_fastrtps_c.cpython-310-x86_64-linux-gnu.so
[19.732s] -- Up-to-date symlink: /home/serhat/workspace/install/canopen_interfaces/local/lib/python3.10/dist-packages/canopen_interfaces/canopen_interfaces_s__rosidl_typesupport_introspection_c.cpython-310-x86_64-linux-gnu.so
[19.732s] -- Up-to-date symlink: /home/serhat/workspace/install/canopen_interfaces/local/lib/python3.10/dist-packages/canopen_interfaces/canopen_interfaces_s__rosidl_typesupport_c.cpython-310-x86_64-linux-gnu.so
[19.733s] -- Symlinking: /home/serhat/workspace/install/canopen_interfaces/share/canopen_interfaces/srv/COHeartbeatID.idl
[19.761s] -- Symlinking: /home/serhat/workspace/install/canopen_interfaces/share/canopen_interfaces/srv/CONmtID.idl
[19.773s] -- Symlinking: /home/serhat/workspace/install/canopen_interfaces/share/canopen_interfaces/srv/CORead.idl
[19.787s] -- Symlinking: /home/serhat/workspace/install/canopen_interfaces/share/canopen_interfaces/srv/COReadID.idl
[19.797s] -- Symlinking: /home/serhat/workspace/install/canopen_interfaces/share/canopen_interfaces/srv/COWrite.idl
[19.811s] -- Symlinking: /home/serhat/workspace/install/canopen_interfaces/share/canopen_interfaces/srv/COWriteID.idl
[19.825s] -- Symlinking: /home/serhat/workspace/install/canopen_interfaces/share/canopen_interfaces/srv/COTargetDouble.idl
[19.840s] -- Symlinking: /home/serhat/workspace/install/canopen_interfaces/share/canopen_interfaces/srv/CONode.idl
[19.855s] -- Symlinking: /home/serhat/workspace/install/canopen_interfaces/share/canopen_interfaces/msg/COData.idl
[19.867s] -- Symlinking: /home/serhat/workspace/install/canopen_interfaces/share/canopen_interfaces/srv/COHeartbeatID.srv
[19.880s] -- Symlinking: /home/serhat/workspace/install/canopen_interfaces/share/canopen_interfaces/srv/COHeartbeatID_Request.msg
[19.892s] -- Symlinking: /home/serhat/workspace/install/canopen_interfaces/share/canopen_interfaces/srv/COHeartbeatID_Response.msg
[19.906s] -- Symlinking: /home/serhat/workspace/install/canopen_interfaces/share/canopen_interfaces/srv/CONmtID.srv
[19.931s] -- Symlinking: /home/serhat/workspace/install/canopen_interfaces/share/canopen_interfaces/srv/CONmtID_Request.msg
[19.944s] -- Symlinking: /home/serhat/workspace/install/canopen_interfaces/share/canopen_interfaces/srv/CONmtID_Response.msg
[19.957s] -- Symlinking: /home/serhat/workspace/install/canopen_interfaces/share/canopen_interfaces/srv/CORead.srv
[19.970s] -- Symlinking: /home/serhat/workspace/install/canopen_interfaces/share/canopen_interfaces/srv/CORead_Request.msg
[19.986s] -- Symlinking: /home/serhat/workspace/install/canopen_interfaces/share/canopen_interfaces/srv/CORead_Response.msg
[20.000s] -- Symlinking: /home/serhat/workspace/install/canopen_interfaces/share/canopen_interfaces/srv/COReadID.srv
[20.026s] -- Symlinking: /home/serhat/workspace/install/canopen_interfaces/share/canopen_interfaces/srv/COReadID_Request.msg
[20.041s] -- Symlinking: /home/serhat/workspace/install/canopen_interfaces/share/canopen_interfaces/srv/COReadID_Response.msg
[20.059s] -- Symlinking: /home/serhat/workspace/install/canopen_interfaces/share/canopen_interfaces/srv/COWrite.srv
[20.074s] -- Symlinking: /home/serhat/workspace/install/canopen_interfaces/share/canopen_interfaces/srv/COWrite_Request.msg
[20.107s] -- Symlinking: /home/serhat/workspace/install/canopen_interfaces/share/canopen_interfaces/srv/COWrite_Response.msg
[20.124s] -- Symlinking: /home/serhat/workspace/install/canopen_interfaces/share/canopen_interfaces/srv/COWriteID.srv
[20.138s] -- Symlinking: /home/serhat/workspace/install/canopen_interfaces/share/canopen_interfaces/srv/COWriteID_Request.msg
[20.152s] -- Symlinking: /home/serhat/workspace/install/canopen_interfaces/share/canopen_interfaces/srv/COWriteID_Response.msg
[20.166s] -- Symlinking: /home/serhat/workspace/install/canopen_interfaces/share/canopen_interfaces/srv/COTargetDouble.srv
[20.181s] -- Symlinking: /home/serhat/workspace/install/canopen_interfaces/share/canopen_interfaces/srv/COTargetDouble_Request.msg
[20.191s] -- Symlinking: /home/serhat/workspace/install/canopen_interfaces/share/canopen_interfaces/srv/COTargetDouble_Response.msg
[20.208s] -- Symlinking: /home/serhat/workspace/install/canopen_interfaces/share/canopen_interfaces/srv/CONode.srv
[20.218s] -- Symlinking: /home/serhat/workspace/install/canopen_interfaces/share/canopen_interfaces/srv/CONode_Request.msg
[20.227s] -- Symlinking: /home/serhat/workspace/install/canopen_interfaces/share/canopen_interfaces/srv/CONode_Response.msg
[20.244s] -- Symlinking: /home/serhat/workspace/install/canopen_interfaces/share/canopen_interfaces/msg/COData.msg
[20.257s] -- Symlinking: /home/serhat/workspace/install/canopen_interfaces/share/ament_index/resource_index/package_run_dependencies/canopen_interfaces
[20.270s] -- Symlinking: /home/serhat/workspace/install/canopen_interfaces/share/ament_index/resource_index/parent_prefix_path/canopen_interfaces
[20.284s] -- Symlinking: /home/serhat/workspace/install/canopen_interfaces/share/canopen_interfaces/environment/ament_prefix_path.sh
[20.298s] -- Symlinking: /home/serhat/workspace/install/canopen_interfaces/share/canopen_interfaces/environment/ament_prefix_path.dsv
[20.311s] -- Symlinking: /home/serhat/workspace/install/canopen_interfaces/share/canopen_interfaces/environment/path.sh
[20.323s] -- Symlinking: /home/serhat/workspace/install/canopen_interfaces/share/canopen_interfaces/environment/path.dsv
[20.337s] -- Symlinking: /home/serhat/workspace/install/canopen_interfaces/share/canopen_interfaces/local_setup.bash
[20.358s] -- Symlinking: /home/serhat/workspace/install/canopen_interfaces/share/canopen_interfaces/local_setup.sh
[20.372s] -- Symlinking: /home/serhat/workspace/install/canopen_interfaces/share/canopen_interfaces/local_setup.zsh
[20.386s] -- Symlinking: /home/serhat/workspace/install/canopen_interfaces/share/canopen_interfaces/local_setup.dsv
[20.401s] -- Symlinking: /home/serhat/workspace/install/canopen_interfaces/share/canopen_interfaces/package.dsv
[20.416s] -- Symlinking: /home/serhat/workspace/install/canopen_interfaces/share/ament_index/resource_index/packages/canopen_interfaces
[20.430s] -- Symlinking: /home/serhat/workspace/install/canopen_interfaces/share/canopen_interfaces/cmake/rosidl_cmake-extras.cmake
[20.443s] -- Symlinking: /home/serhat/workspace/install/canopen_interfaces/share/canopen_interfaces/cmake/ament_cmake_export_include_directories-extras.cmake
[20.456s] -- Symlinking: /home/serhat/workspace/install/canopen_interfaces/share/canopen_interfaces/cmake/ament_cmake_export_libraries-extras.cmake
[20.475s] -- Symlinking: /home/serhat/workspace/install/canopen_interfaces/share/canopen_interfaces/cmake/ament_cmake_export_targets-extras.cmake
[20.493s] -- Symlinking: /home/serhat/workspace/install/canopen_interfaces/share/canopen_interfaces/cmake/rosidl_cmake_export_typesupport_targets-extras.cmake
[20.506s] -- Symlinking: /home/serhat/workspace/install/canopen_interfaces/share/canopen_interfaces/cmake/ament_cmake_export_dependencies-extras.cmake
[20.527s] -- Symlinking: /home/serhat/workspace/install/canopen_interfaces/share/canopen_interfaces/cmake/rosidl_cmake_export_typesupport_libraries-extras.cmake
[20.536s] -- Symlinking: /home/serhat/workspace/install/canopen_interfaces/share/canopen_interfaces/cmake/canopen_interfacesConfig.cmake
[20.559s] -- Symlinking: /home/serhat/workspace/install/canopen_interfaces/share/canopen_interfaces/cmake/canopen_interfacesConfig-version.cmake
[20.576s] -- Symlinking: /home/serhat/workspace/install/canopen_interfaces/share/canopen_interfaces/package.xml
[20.588s] -- Installing: /home/serhat/workspace/install/canopen_interfaces/lib/libcanopen_interfaces__rosidl_generator_c.so
[20.603s] -- Set runtime path of "/home/serhat/workspace/install/canopen_interfaces/lib/libcanopen_interfaces__rosidl_generator_c.so" to ""
[20.603s] -- Installing: /home/serhat/workspace/install/canopen_interfaces/lib/libcanopen_interfaces__rosidl_typesupport_fastrtps_c.so
[20.604s] -- Set runtime path of "/home/serhat/workspace/install/canopen_interfaces/lib/libcanopen_interfaces__rosidl_typesupport_fastrtps_c.so" to ""
[20.606s] -- Installing: /home/serhat/workspace/install/canopen_interfaces/lib/libcanopen_interfaces__rosidl_typesupport_introspection_c.so
[20.619s] -- Set runtime path of "/home/serhat/workspace/install/canopen_interfaces/lib/libcanopen_interfaces__rosidl_typesupport_introspection_c.so" to ""
[20.619s] -- Installing: /home/serhat/workspace/install/canopen_interfaces/lib/libcanopen_interfaces__rosidl_typesupport_c.so
[20.630s] -- Set runtime path of "/home/serhat/workspace/install/canopen_interfaces/lib/libcanopen_interfaces__rosidl_typesupport_c.so" to ""
[20.630s] -- Installing: /home/serhat/workspace/install/canopen_interfaces/lib/libcanopen_interfaces__rosidl_typesupport_fastrtps_cpp.so
[20.632s] -- Set runtime path of "/home/serhat/workspace/install/canopen_interfaces/lib/libcanopen_interfaces__rosidl_typesupport_fastrtps_cpp.so" to ""
[20.632s] -- Installing: /home/serhat/workspace/install/canopen_interfaces/lib/libcanopen_interfaces__rosidl_typesupport_introspection_cpp.so
[20.644s] -- Set runtime path of "/home/serhat/workspace/install/canopen_interfaces/lib/libcanopen_interfaces__rosidl_typesupport_introspection_cpp.so" to ""
[20.644s] -- Installing: /home/serhat/workspace/install/canopen_interfaces/lib/libcanopen_interfaces__rosidl_typesupport_cpp.so
[20.645s] -- Set runtime path of "/home/serhat/workspace/install/canopen_interfaces/lib/libcanopen_interfaces__rosidl_typesupport_cpp.so" to ""
[20.768s] Listing '/home/serhat/workspace/install/canopen_interfaces/local/lib/python3.10/dist-packages/canopen_interfaces'...
[20.769s] Compiling '/home/serhat/workspace/install/canopen_interfaces/local/lib/python3.10/dist-packages/canopen_interfaces/__init__.py'...
[20.769s] Listing '/home/serhat/workspace/install/canopen_interfaces/local/lib/python3.10/dist-packages/canopen_interfaces/msg'...
[20.769s] Compiling '/home/serhat/workspace/install/canopen_interfaces/local/lib/python3.10/dist-packages/canopen_interfaces/msg/__init__.py'...
[20.769s] Compiling '/home/serhat/workspace/install/canopen_interfaces/local/lib/python3.10/dist-packages/canopen_interfaces/msg/_co_data.py'...
[20.769s] Listing '/home/serhat/workspace/install/canopen_interfaces/local/lib/python3.10/dist-packages/canopen_interfaces/srv'...
[20.769s] Compiling '/home/serhat/workspace/install/canopen_interfaces/local/lib/python3.10/dist-packages/canopen_interfaces/srv/__init__.py'...
[20.769s] Compiling '/home/serhat/workspace/install/canopen_interfaces/local/lib/python3.10/dist-packages/canopen_interfaces/srv/_co_heartbeat_id.py'...
[20.769s] Compiling '/home/serhat/workspace/install/canopen_interfaces/local/lib/python3.10/dist-packages/canopen_interfaces/srv/_co_nmt_id.py'...
[20.770s] Compiling '/home/serhat/workspace/install/canopen_interfaces/local/lib/python3.10/dist-packages/canopen_interfaces/srv/_co_node.py'...
[20.770s] Compiling '/home/serhat/workspace/install/canopen_interfaces/local/lib/python3.10/dist-packages/canopen_interfaces/srv/_co_read.py'...
[20.770s] Compiling '/home/serhat/workspace/install/canopen_interfaces/local/lib/python3.10/dist-packages/canopen_interfaces/srv/_co_read_id.py'...
[20.770s] Compiling '/home/serhat/workspace/install/canopen_interfaces/local/lib/python3.10/dist-packages/canopen_interfaces/srv/_co_target_double.py'...
[20.770s] Compiling '/home/serhat/workspace/install/canopen_interfaces/local/lib/python3.10/dist-packages/canopen_interfaces/srv/_co_write.py'...
[20.770s] Compiling '/home/serhat/workspace/install/canopen_interfaces/local/lib/python3.10/dist-packages/canopen_interfaces/srv/_co_write_id.py'...
[20.780s] -- Installing: /home/serhat/workspace/install/canopen_interfaces/lib/libcanopen_interfaces__rosidl_generator_py.so
[20.781s] -- Set runtime path of "/home/serhat/workspace/install/canopen_interfaces/lib/libcanopen_interfaces__rosidl_generator_py.so" to ""
[20.795s] -- Installing: /home/serhat/workspace/install/canopen_interfaces/share/canopen_interfaces/cmake/export_canopen_interfaces__rosidl_generator_cExport.cmake
[20.796s] -- Installing: /home/serhat/workspace/install/canopen_interfaces/share/canopen_interfaces/cmake/export_canopen_interfaces__rosidl_generator_cExport-noconfig.cmake
[20.796s] -- Installing: /home/serhat/workspace/install/canopen_interfaces/share/canopen_interfaces/cmake/export_canopen_interfaces__rosidl_typesupport_fastrtps_cExport.cmake
[20.804s] -- Installing: /home/serhat/workspace/install/canopen_interfaces/share/canopen_interfaces/cmake/export_canopen_interfaces__rosidl_typesupport_fastrtps_cExport-noconfig.cmake
[20.805s] -- Installing: /home/serhat/workspace/install/canopen_interfaces/share/canopen_interfaces/cmake/canopen_interfaces__rosidl_typesupport_introspection_cExport.cmake
[20.805s] -- Installing: /home/serhat/workspace/install/canopen_interfaces/share/canopen_interfaces/cmake/canopen_interfaces__rosidl_typesupport_introspection_cExport-noconfig.cmake
[20.806s] -- Installing: /home/serhat/workspace/install/canopen_interfaces/share/canopen_interfaces/cmake/canopen_interfaces__rosidl_typesupport_cExport.cmake
[20.808s] -- Installing: /home/serhat/workspace/install/canopen_interfaces/share/canopen_interfaces/cmake/canopen_interfaces__rosidl_typesupport_cExport-noconfig.cmake
[20.809s] -- Installing: /home/serhat/workspace/install/canopen_interfaces/share/canopen_interfaces/cmake/export_canopen_interfaces__rosidl_generator_cppExport.cmake
[20.810s] -- Installing: /home/serhat/workspace/install/canopen_interfaces/share/canopen_interfaces/cmake/export_canopen_interfaces__rosidl_typesupport_fastrtps_cppExport.cmake
[20.811s] -- Installing: /home/serhat/workspace/install/canopen_interfaces/share/canopen_interfaces/cmake/export_canopen_interfaces__rosidl_typesupport_fastrtps_cppExport-noconfig.cmake
[20.812s] -- Installing: /home/serhat/workspace/install/canopen_interfaces/share/canopen_interfaces/cmake/canopen_interfaces__rosidl_typesupport_introspection_cppExport.cmake
[20.816s] -- Installing: /home/serhat/workspace/install/canopen_interfaces/share/canopen_interfaces/cmake/canopen_interfaces__rosidl_typesupport_introspection_cppExport-noconfig.cmake
[20.817s] -- Installing: /home/serhat/workspace/install/canopen_interfaces/share/canopen_interfaces/cmake/canopen_interfaces__rosidl_typesupport_cppExport.cmake
[20.818s] -- Installing: /home/serhat/workspace/install/canopen_interfaces/share/canopen_interfaces/cmake/canopen_interfaces__rosidl_typesupport_cppExport-noconfig.cmake
[20.820s] -- Installing: /home/serhat/workspace/install/canopen_interfaces/share/canopen_interfaces/cmake/export_canopen_interfaces__rosidl_generator_pyExport.cmake
[20.821s] -- Installing: /home/serhat/workspace/install/canopen_interfaces/share/canopen_interfaces/cmake/export_canopen_interfaces__rosidl_generator_pyExport-noconfig.cmake
[20.830s] Invoked command in '/home/serhat/workspace/build/canopen_interfaces' returned '0': CMAKE_PREFIX_PATH=${CMAKE_PREFIX_PATH}:/home/serhat/workspace/install/canopen_utils:/opt/ros/humble /usr/bin/cmake --install /home/serhat/workspace/build/canopen_interfaces
