[0.020s] Invoking command in '/home/serhat/workspace/build/udemy_ros2_pkg': CMAKE_PREFIX_PATH=${CMAKE_PREFIX_PATH}:/home/serhat/workspace/install/canopen_utils:/opt/ros/humble /usr/bin/cmake --build /home/serhat/workspace/build/udemy_ros2_pkg -- -j12 -l12
[0.107s] [  2%] Built target can_sender_node
[0.108s] [  6%] Built target subscriber
[0.108s] [ 13%] Built target udemy_ros2_pkg__rosidl_generator_c
[0.108s] [ 15%] Built target udemy_ros2_pkg__cpp
[0.109s] [ 17%] Built target can_receiver_node
[0.110s] [ 19%] Built target publisher
[0.112s] [ 19%] Built target ament_cmake_python_symlink_udemy_ros2_pkg
[0.115s] [ 21%] Built target canbustest
[0.120s] [ 24%] Built target canbustest2
[0.121s] [ 30%] Built target rpm_pub
[0.121s] [ 30%] Built target rpm_speed
[0.129s] [ 32%] Built target speed_calc
[0.146s] [ 39%] Built target udemy_ros2_pkg__rosidl_typesupport_introspection_cpp
[0.147s] [ 46%] Built target udemy_ros2_pkg__rosidl_typesupport_cpp
[0.147s] [ 56%] Built target udemy_ros2_pkg__rosidl_typesupport_introspection_c
[0.147s] [ 60%] Built target udemy_ros2_pkg__rosidl_typesupport_fastrtps_cpp
[0.154s] [ 67%] Built target udemy_ros2_pkg__rosidl_typesupport_fastrtps_c
[0.154s] [ 73%] Built target udemy_ros2_pkg__rosidl_typesupport_c
[0.181s] [ 73%] Built target udemy_ros2_pkg
[0.183s] [ 76%] Built target service_server
[0.188s] [ 82%] Built target service_client
[0.188s] [ 82%] Built target action_server
[0.193s] [ 84%] Built target action_client
[0.212s] [ 86%] Built target udemy_ros2_pkg__py
[0.241s] [ 91%] Built target udemy_ros2_pkg__rosidl_generator_py
[0.268s] [100%] Built target udemy_ros2_pkg__rosidl_typesupport_introspection_c__pyext
[0.268s] [100%] Built target udemy_ros2_pkg__rosidl_typesupport_c__pyext
[0.269s] [100%] Built target udemy_ros2_pkg__rosidl_typesupport_fastrtps_c__pyext
[0.504s] running egg_info
[0.505s] writing udemy_ros2_pkg.egg-info/PKG-INFO
[0.505s] writing dependency_links to udemy_ros2_pkg.egg-info/dependency_links.txt
[0.505s] writing top-level names to udemy_ros2_pkg.egg-info/top_level.txt
[0.509s] reading manifest file 'udemy_ros2_pkg.egg-info/SOURCES.txt'
[0.509s] writing manifest file 'udemy_ros2_pkg.egg-info/SOURCES.txt'
[0.537s] [100%] Built target ament_cmake_python_build_udemy_ros2_pkg_egg
[0.554s] Invoked command in '/home/serhat/workspace/build/udemy_ros2_pkg' returned '0': CMAKE_PREFIX_PATH=${CMAKE_PREFIX_PATH}:/home/serhat/workspace/install/canopen_utils:/opt/ros/humble /usr/bin/cmake --build /home/serhat/workspace/build/udemy_ros2_pkg -- -j12 -l12
[0.757s] Invoking command in '/home/serhat/workspace/build/udemy_ros2_pkg': CMAKE_PREFIX_PATH=${CMAKE_PREFIX_PATH}:/home/serhat/workspace/install/canopen_utils:/opt/ros/humble /usr/bin/cmake --install /home/serhat/workspace/build/udemy_ros2_pkg
[0.766s] -- Install configuration: ""
[0.766s] -- Execute custom install script
[0.767s] -- Up-to-date symlink: /home/serhat/workspace/install/udemy_ros2_pkg/share/ament_index/resource_index/rosidl_interfaces/udemy_ros2_pkg
[0.767s] -- Up-to-date symlink: /home/serhat/workspace/install/udemy_ros2_pkg/include/udemy_ros2_pkg/udemy_ros2_pkg/action/detail/navigate__functions.h
[0.768s] -- Up-to-date symlink: /home/serhat/workspace/install/udemy_ros2_pkg/include/udemy_ros2_pkg/udemy_ros2_pkg/action/detail/navigate__struct.h
[0.768s] -- Up-to-date symlink: /home/serhat/workspace/install/udemy_ros2_pkg/include/udemy_ros2_pkg/udemy_ros2_pkg/action/detail/navigate__type_support.h
[0.768s] -- Up-to-date symlink: /home/serhat/workspace/install/udemy_ros2_pkg/include/udemy_ros2_pkg/udemy_ros2_pkg/action/navigate.h
[0.768s] -- Up-to-date symlink: /home/serhat/workspace/install/udemy_ros2_pkg/include/udemy_ros2_pkg/udemy_ros2_pkg/msg/rosidl_generator_c__visibility_control.h
[0.768s] -- Up-to-date symlink: /home/serhat/workspace/install/udemy_ros2_pkg/include/udemy_ros2_pkg/udemy_ros2_pkg/srv/detail/odd_even_check__functions.h
[0.768s] -- Up-to-date symlink: /home/serhat/workspace/install/udemy_ros2_pkg/include/udemy_ros2_pkg/udemy_ros2_pkg/srv/detail/odd_even_check__struct.h
[0.768s] -- Up-to-date symlink: /home/serhat/workspace/install/udemy_ros2_pkg/include/udemy_ros2_pkg/udemy_ros2_pkg/srv/detail/odd_even_check__type_support.h
[0.769s] -- Up-to-date symlink: /home/serhat/workspace/install/udemy_ros2_pkg/include/udemy_ros2_pkg/udemy_ros2_pkg/srv/detail/turn_camera__functions.h
[0.769s] -- Up-to-date symlink: /home/serhat/workspace/install/udemy_ros2_pkg/include/udemy_ros2_pkg/udemy_ros2_pkg/srv/detail/turn_camera__struct.h
[0.769s] -- Up-to-date symlink: /home/serhat/workspace/install/udemy_ros2_pkg/include/udemy_ros2_pkg/udemy_ros2_pkg/srv/detail/turn_camera__type_support.h
[0.769s] -- Up-to-date symlink: /home/serhat/workspace/install/udemy_ros2_pkg/include/udemy_ros2_pkg/udemy_ros2_pkg/srv/odd_even_check.h
[0.769s] -- Up-to-date symlink: /home/serhat/workspace/install/udemy_ros2_pkg/include/udemy_ros2_pkg/udemy_ros2_pkg/srv/turn_camera.h
[0.770s] -- Up-to-date symlink: /home/serhat/workspace/install/udemy_ros2_pkg/share/udemy_ros2_pkg/environment/library_path.sh
[0.770s] -- Up-to-date symlink: /home/serhat/workspace/install/udemy_ros2_pkg/share/udemy_ros2_pkg/environment/library_path.dsv
[0.771s] -- Up-to-date symlink: /home/serhat/workspace/install/udemy_ros2_pkg/include/udemy_ros2_pkg/udemy_ros2_pkg/action/detail/navigate__rosidl_typesupport_fastrtps_c.h
[0.771s] -- Up-to-date symlink: /home/serhat/workspace/install/udemy_ros2_pkg/include/udemy_ros2_pkg/udemy_ros2_pkg/msg/rosidl_typesupport_fastrtps_c__visibility_control.h
[0.771s] -- Up-to-date symlink: /home/serhat/workspace/install/udemy_ros2_pkg/include/udemy_ros2_pkg/udemy_ros2_pkg/srv/detail/odd_even_check__rosidl_typesupport_fastrtps_c.h
[0.771s] -- Up-to-date symlink: /home/serhat/workspace/install/udemy_ros2_pkg/include/udemy_ros2_pkg/udemy_ros2_pkg/srv/detail/turn_camera__rosidl_typesupport_fastrtps_c.h
[0.772s] -- Up-to-date symlink: /home/serhat/workspace/install/udemy_ros2_pkg/include/udemy_ros2_pkg/udemy_ros2_pkg/action/detail/navigate__builder.hpp
[0.772s] -- Up-to-date symlink: /home/serhat/workspace/install/udemy_ros2_pkg/include/udemy_ros2_pkg/udemy_ros2_pkg/action/detail/navigate__struct.hpp
[0.772s] -- Up-to-date symlink: /home/serhat/workspace/install/udemy_ros2_pkg/include/udemy_ros2_pkg/udemy_ros2_pkg/action/detail/navigate__traits.hpp
[0.772s] -- Up-to-date symlink: /home/serhat/workspace/install/udemy_ros2_pkg/include/udemy_ros2_pkg/udemy_ros2_pkg/action/navigate.hpp
[0.773s] -- Up-to-date symlink: /home/serhat/workspace/install/udemy_ros2_pkg/include/udemy_ros2_pkg/udemy_ros2_pkg/srv/detail/odd_even_check__builder.hpp
[0.773s] -- Up-to-date symlink: /home/serhat/workspace/install/udemy_ros2_pkg/include/udemy_ros2_pkg/udemy_ros2_pkg/srv/detail/odd_even_check__struct.hpp
[0.773s] -- Up-to-date symlink: /home/serhat/workspace/install/udemy_ros2_pkg/include/udemy_ros2_pkg/udemy_ros2_pkg/srv/detail/odd_even_check__traits.hpp
[0.773s] -- Up-to-date symlink: /home/serhat/workspace/install/udemy_ros2_pkg/include/udemy_ros2_pkg/udemy_ros2_pkg/srv/detail/turn_camera__builder.hpp
[0.773s] -- Up-to-date symlink: /home/serhat/workspace/install/udemy_ros2_pkg/include/udemy_ros2_pkg/udemy_ros2_pkg/srv/detail/turn_camera__struct.hpp
[0.774s] -- Up-to-date symlink: /home/serhat/workspace/install/udemy_ros2_pkg/include/udemy_ros2_pkg/udemy_ros2_pkg/srv/detail/turn_camera__traits.hpp
[0.774s] -- Up-to-date symlink: /home/serhat/workspace/install/udemy_ros2_pkg/include/udemy_ros2_pkg/udemy_ros2_pkg/srv/odd_even_check.hpp
[0.774s] -- Up-to-date symlink: /home/serhat/workspace/install/udemy_ros2_pkg/include/udemy_ros2_pkg/udemy_ros2_pkg/srv/turn_camera.hpp
[0.775s] -- Up-to-date symlink: /home/serhat/workspace/install/udemy_ros2_pkg/include/udemy_ros2_pkg/udemy_ros2_pkg/action/detail/navigate__rosidl_typesupport_fastrtps_cpp.hpp
[0.775s] -- Up-to-date symlink: /home/serhat/workspace/install/udemy_ros2_pkg/include/udemy_ros2_pkg/udemy_ros2_pkg/msg/rosidl_typesupport_fastrtps_cpp__visibility_control.h
[0.775s] -- Up-to-date symlink: /home/serhat/workspace/install/udemy_ros2_pkg/include/udemy_ros2_pkg/udemy_ros2_pkg/srv/detail/odd_even_check__rosidl_typesupport_fastrtps_cpp.hpp
[0.775s] -- Up-to-date symlink: /home/serhat/workspace/install/udemy_ros2_pkg/include/udemy_ros2_pkg/udemy_ros2_pkg/srv/detail/turn_camera__rosidl_typesupport_fastrtps_cpp.hpp
[0.776s] -- Up-to-date symlink: /home/serhat/workspace/install/udemy_ros2_pkg/include/udemy_ros2_pkg/udemy_ros2_pkg/action/detail/navigate__rosidl_typesupport_introspection_c.h
[0.776s] -- Up-to-date symlink: /home/serhat/workspace/install/udemy_ros2_pkg/include/udemy_ros2_pkg/udemy_ros2_pkg/msg/rosidl_typesupport_introspection_c__visibility_control.h
[0.776s] -- Up-to-date symlink: /home/serhat/workspace/install/udemy_ros2_pkg/include/udemy_ros2_pkg/udemy_ros2_pkg/srv/detail/odd_even_check__rosidl_typesupport_introspection_c.h
[0.776s] -- Up-to-date symlink: /home/serhat/workspace/install/udemy_ros2_pkg/include/udemy_ros2_pkg/udemy_ros2_pkg/srv/detail/turn_camera__rosidl_typesupport_introspection_c.h
[0.777s] -- Up-to-date symlink: /home/serhat/workspace/install/udemy_ros2_pkg/include/udemy_ros2_pkg/udemy_ros2_pkg/action/detail/navigate__rosidl_typesupport_introspection_cpp.hpp
[0.777s] -- Up-to-date symlink: /home/serhat/workspace/install/udemy_ros2_pkg/include/udemy_ros2_pkg/udemy_ros2_pkg/srv/detail/odd_even_check__rosidl_typesupport_introspection_cpp.hpp
[0.777s] -- Up-to-date symlink: /home/serhat/workspace/install/udemy_ros2_pkg/include/udemy_ros2_pkg/udemy_ros2_pkg/srv/detail/turn_camera__rosidl_typesupport_introspection_cpp.hpp
[0.778s] -- Up-to-date symlink: /home/serhat/workspace/install/udemy_ros2_pkg/share/udemy_ros2_pkg/environment/pythonpath.sh
[0.778s] -- Up-to-date symlink: /home/serhat/workspace/install/udemy_ros2_pkg/share/udemy_ros2_pkg/environment/pythonpath.dsv
[0.778s] -- Up-to-date symlink: /home/serhat/workspace/install/udemy_ros2_pkg/local/lib/python3.10/dist-packages/udemy_ros2_pkg-0.0.0-py3.10.egg-info/PKG-INFO
[0.778s] -- Up-to-date symlink: /home/serhat/workspace/install/udemy_ros2_pkg/local/lib/python3.10/dist-packages/udemy_ros2_pkg-0.0.0-py3.10.egg-info/SOURCES.txt
[0.779s] -- Up-to-date symlink: /home/serhat/workspace/install/udemy_ros2_pkg/local/lib/python3.10/dist-packages/udemy_ros2_pkg-0.0.0-py3.10.egg-info/dependency_links.txt
[0.779s] -- Up-to-date symlink: /home/serhat/workspace/install/udemy_ros2_pkg/local/lib/python3.10/dist-packages/udemy_ros2_pkg-0.0.0-py3.10.egg-info/top_level.txt
[0.780s] -- Up-to-date symlink: /home/serhat/workspace/install/udemy_ros2_pkg/local/lib/python3.10/dist-packages/udemy_ros2_pkg/__init__.py
[0.780s] -- Up-to-date symlink: /home/serhat/workspace/install/udemy_ros2_pkg/local/lib/python3.10/dist-packages/udemy_ros2_pkg/_udemy_ros2_pkg_s.ep.rosidl_typesupport_c.c
[0.780s] -- Up-to-date symlink: /home/serhat/workspace/install/udemy_ros2_pkg/local/lib/python3.10/dist-packages/udemy_ros2_pkg/_udemy_ros2_pkg_s.ep.rosidl_typesupport_fastrtps_c.c
[0.780s] -- Up-to-date symlink: /home/serhat/workspace/install/udemy_ros2_pkg/local/lib/python3.10/dist-packages/udemy_ros2_pkg/_udemy_ros2_pkg_s.ep.rosidl_typesupport_introspection_c.c
[0.780s] -- Up-to-date symlink: /home/serhat/workspace/install/udemy_ros2_pkg/local/lib/python3.10/dist-packages/udemy_ros2_pkg/action/__init__.py
[0.781s] -- Up-to-date symlink: /home/serhat/workspace/install/udemy_ros2_pkg/local/lib/python3.10/dist-packages/udemy_ros2_pkg/action/_navigate.py
[0.781s] -- Up-to-date symlink: /home/serhat/workspace/install/udemy_ros2_pkg/local/lib/python3.10/dist-packages/udemy_ros2_pkg/action/_navigate_s.c
[0.781s] -- Up-to-date symlink: /home/serhat/workspace/install/udemy_ros2_pkg/local/lib/python3.10/dist-packages/udemy_ros2_pkg/libudemy_ros2_pkg__rosidl_generator_py.so
[0.781s] -- Up-to-date symlink: /home/serhat/workspace/install/udemy_ros2_pkg/local/lib/python3.10/dist-packages/udemy_ros2_pkg/srv/__init__.py
[0.781s] -- Up-to-date symlink: /home/serhat/workspace/install/udemy_ros2_pkg/local/lib/python3.10/dist-packages/udemy_ros2_pkg/srv/_odd_even_check.py
[0.781s] -- Up-to-date symlink: /home/serhat/workspace/install/udemy_ros2_pkg/local/lib/python3.10/dist-packages/udemy_ros2_pkg/srv/_odd_even_check_s.c
[0.782s] -- Up-to-date symlink: /home/serhat/workspace/install/udemy_ros2_pkg/local/lib/python3.10/dist-packages/udemy_ros2_pkg/srv/_turn_camera.py
[0.782s] -- Up-to-date symlink: /home/serhat/workspace/install/udemy_ros2_pkg/local/lib/python3.10/dist-packages/udemy_ros2_pkg/srv/_turn_camera_s.c
[0.782s] -- Up-to-date symlink: /home/serhat/workspace/install/udemy_ros2_pkg/local/lib/python3.10/dist-packages/udemy_ros2_pkg/udemy_ros2_pkg_s__rosidl_typesupport_c.cpython-310-x86_64-linux-gnu.so
[0.782s] -- Up-to-date symlink: /home/serhat/workspace/install/udemy_ros2_pkg/local/lib/python3.10/dist-packages/udemy_ros2_pkg/udemy_ros2_pkg_s__rosidl_typesupport_fastrtps_c.cpython-310-x86_64-linux-gnu.so
[0.783s] -- Up-to-date symlink: /home/serhat/workspace/install/udemy_ros2_pkg/local/lib/python3.10/dist-packages/udemy_ros2_pkg/udemy_ros2_pkg_s__rosidl_typesupport_introspection_c.cpython-310-x86_64-linux-gnu.so
[0.783s] -- Up-to-date symlink: /home/serhat/workspace/install/udemy_ros2_pkg/local/lib/python3.10/dist-packages/udemy_ros2_pkg/udemy_ros2_pkg_s__rosidl_typesupport_fastrtps_c.cpython-310-x86_64-linux-gnu.so
[0.783s] -- Up-to-date symlink: /home/serhat/workspace/install/udemy_ros2_pkg/local/lib/python3.10/dist-packages/udemy_ros2_pkg/udemy_ros2_pkg_s__rosidl_typesupport_introspection_c.cpython-310-x86_64-linux-gnu.so
[0.784s] -- Up-to-date symlink: /home/serhat/workspace/install/udemy_ros2_pkg/local/lib/python3.10/dist-packages/udemy_ros2_pkg/udemy_ros2_pkg_s__rosidl_typesupport_c.cpython-310-x86_64-linux-gnu.so
[0.784s] -- Up-to-date symlink: /home/serhat/workspace/install/udemy_ros2_pkg/share/udemy_ros2_pkg/srv/OddEvenCheck.idl
[0.784s] -- Up-to-date symlink: /home/serhat/workspace/install/udemy_ros2_pkg/share/udemy_ros2_pkg/srv/TurnCamera.idl
[0.784s] -- Up-to-date symlink: /home/serhat/workspace/install/udemy_ros2_pkg/share/udemy_ros2_pkg/action/Navigate.idl
[0.785s] -- Up-to-date symlink: /home/serhat/workspace/install/udemy_ros2_pkg/share/udemy_ros2_pkg/srv/OddEvenCheck.srv
[0.785s] -- Up-to-date symlink: /home/serhat/workspace/install/udemy_ros2_pkg/share/udemy_ros2_pkg/srv/OddEvenCheck_Request.msg
[0.785s] -- Up-to-date symlink: /home/serhat/workspace/install/udemy_ros2_pkg/share/udemy_ros2_pkg/srv/OddEvenCheck_Response.msg
[0.785s] -- Up-to-date symlink: /home/serhat/workspace/install/udemy_ros2_pkg/share/udemy_ros2_pkg/srv/TurnCamera.srv
[0.786s] -- Up-to-date symlink: /home/serhat/workspace/install/udemy_ros2_pkg/share/udemy_ros2_pkg/srv/TurnCamera_Request.msg
[0.786s] -- Up-to-date symlink: /home/serhat/workspace/install/udemy_ros2_pkg/share/udemy_ros2_pkg/srv/TurnCamera_Response.msg
[0.786s] -- Up-to-date symlink: /home/serhat/workspace/install/udemy_ros2_pkg/share/udemy_ros2_pkg/action/Navigate.action
[0.787s] -- Up-to-date symlink: /home/serhat/workspace/install/udemy_ros2_pkg/lib/udemy_ros2_pkg/publisher
[0.787s] -- Up-to-date symlink: /home/serhat/workspace/install/udemy_ros2_pkg/lib/udemy_ros2_pkg/subscriber
[0.787s] -- Up-to-date symlink: /home/serhat/workspace/install/udemy_ros2_pkg/lib/udemy_ros2_pkg/rpm_speed
[0.787s] -- Up-to-date symlink: /home/serhat/workspace/install/udemy_ros2_pkg/lib/udemy_ros2_pkg/rpm_pub
[0.787s] -- Up-to-date symlink: /home/serhat/workspace/install/udemy_ros2_pkg/lib/udemy_ros2_pkg/can_receiver_node
[0.788s] -- Up-to-date symlink: /home/serhat/workspace/install/udemy_ros2_pkg/lib/udemy_ros2_pkg/can_sender_node
[0.788s] -- Up-to-date symlink: /home/serhat/workspace/install/udemy_ros2_pkg/lib/udemy_ros2_pkg/canbustest
[0.788s] -- Up-to-date symlink: /home/serhat/workspace/install/udemy_ros2_pkg/lib/udemy_ros2_pkg/canbustest2
[0.788s] -- Up-to-date symlink: /home/serhat/workspace/install/udemy_ros2_pkg/lib/udemy_ros2_pkg/speed_calc
[0.789s] -- Up-to-date symlink: /home/serhat/workspace/install/udemy_ros2_pkg/lib/udemy_ros2_pkg/service_server
[0.789s] -- Up-to-date symlink: /home/serhat/workspace/install/udemy_ros2_pkg/lib/udemy_ros2_pkg/service_client
[0.789s] -- Up-to-date symlink: /home/serhat/workspace/install/udemy_ros2_pkg/lib/udemy_ros2_pkg/action_server
[0.789s] -- Up-to-date symlink: /home/serhat/workspace/install/udemy_ros2_pkg/lib/udemy_ros2_pkg/action_client
[0.790s] -- Up-to-date symlink: /home/serhat/workspace/install/udemy_ros2_pkg/share/udemy_ros2_pkg//launch/__pycache__/rpm_node.launch.cpython-310.pyc
[0.790s] -- Up-to-date symlink: /home/serhat/workspace/install/udemy_ros2_pkg/share/udemy_ros2_pkg//launch/cantest.launch.py
[0.790s] -- Up-to-date symlink: /home/serhat/workspace/install/udemy_ros2_pkg/share/udemy_ros2_pkg//launch/deneme.launch.py
[0.790s] -- Up-to-date symlink: /home/serhat/workspace/install/udemy_ros2_pkg/share/udemy_ros2_pkg//launch/launch_project.launch.py
[0.791s] -- Up-to-date symlink: /home/serhat/workspace/install/udemy_ros2_pkg/share/udemy_ros2_pkg//launch/my_launch.launch.py
[0.791s] -- Up-to-date symlink: /home/serhat/workspace/install/udemy_ros2_pkg/share/udemy_ros2_pkg//launch/rpm_node.launch.py
[0.791s] -- Up-to-date symlink: /home/serhat/workspace/install/udemy_ros2_pkg/share/udemy_ros2_pkg//launch/simulation.launch.py
[0.791s] -- Up-to-date symlink: /home/serhat/workspace/install/udemy_ros2_pkg/share/udemy_ros2_pkg//launch/simulation_project.launch.py
[0.791s] -- Up-to-date symlink: /home/serhat/workspace/install/udemy_ros2_pkg/share/udemy_ros2_pkg//launch/speed_project.launch.py
[0.791s] -- Up-to-date symlink: /home/serhat/workspace/install/udemy_ros2_pkg/share/udemy_ros2_pkg//launch/wheeled_model_simulation.launch.py
[0.792s] -- Up-to-date symlink: /home/serhat/workspace/install/udemy_ros2_pkg/share/udemy_ros2_pkg//worlds/project_world.sdf
[0.792s] -- Up-to-date symlink: /home/serhat/workspace/install/udemy_ros2_pkg/share/udemy_ros2_pkg//worlds/simulation_project_world.sdf
[0.792s] -- Up-to-date symlink: /home/serhat/workspace/install/udemy_ros2_pkg/share/udemy_ros2_pkg//worlds/test_world.sdf
[0.792s] -- Up-to-date symlink: /home/serhat/workspace/install/udemy_ros2_pkg/share/udemy_ros2_pkg//worlds/wheeled_model.sdf
[0.792s] -- Up-to-date symlink: /home/serhat/workspace/install/udemy_ros2_pkg/share/udemy_ros2_pkg//worlds/wheeled_model_world.sdf
[0.793s] -- Up-to-date symlink: /home/serhat/workspace/install/udemy_ros2_pkg/share/udemy_ros2_pkg//models/ground_plane/ground_plane.sdf
[0.793s] -- Up-to-date symlink: /home/serhat/workspace/install/udemy_ros2_pkg/share/udemy_ros2_pkg//models/ground_plane/model.config
[0.793s] -- Up-to-date symlink: /home/serhat/workspace/install/udemy_ros2_pkg/share/udemy_ros2_pkg//models/ground_plane/my_ground_plane.sdf
[0.793s] -- Up-to-date symlink: /home/serhat/workspace/install/udemy_ros2_pkg/share/udemy_ros2_pkg//models/project_robot_model/model.config
[0.793s] -- Up-to-date symlink: /home/serhat/workspace/install/udemy_ros2_pkg/share/udemy_ros2_pkg//models/project_robot_model/model.sdf
[0.794s] -- Up-to-date symlink: /home/serhat/workspace/install/udemy_ros2_pkg/share/udemy_ros2_pkg//models/wheeled_model/model.config
[0.794s] -- Up-to-date symlink: /home/serhat/workspace/install/udemy_ros2_pkg/share/udemy_ros2_pkg//models/wheeled_model/model.sdf
[0.794s] -- Up-to-date symlink: /home/serhat/workspace/install/udemy_ros2_pkg/share/ament_index/resource_index/package_run_dependencies/udemy_ros2_pkg
[0.794s] -- Up-to-date symlink: /home/serhat/workspace/install/udemy_ros2_pkg/share/ament_index/resource_index/parent_prefix_path/udemy_ros2_pkg
[0.794s] -- Up-to-date symlink: /home/serhat/workspace/install/udemy_ros2_pkg/share/udemy_ros2_pkg/environment/ament_prefix_path.sh
[0.795s] -- Up-to-date symlink: /home/serhat/workspace/install/udemy_ros2_pkg/share/udemy_ros2_pkg/environment/ament_prefix_path.dsv
[0.795s] -- Up-to-date symlink: /home/serhat/workspace/install/udemy_ros2_pkg/share/udemy_ros2_pkg/environment/path.sh
[0.795s] -- Up-to-date symlink: /home/serhat/workspace/install/udemy_ros2_pkg/share/udemy_ros2_pkg/environment/path.dsv
[0.795s] -- Up-to-date symlink: /home/serhat/workspace/install/udemy_ros2_pkg/share/udemy_ros2_pkg/local_setup.bash
[0.796s] -- Up-to-date symlink: /home/serhat/workspace/install/udemy_ros2_pkg/share/udemy_ros2_pkg/local_setup.sh
[0.796s] -- Up-to-date symlink: /home/serhat/workspace/install/udemy_ros2_pkg/share/udemy_ros2_pkg/local_setup.zsh
[0.796s] -- Up-to-date symlink: /home/serhat/workspace/install/udemy_ros2_pkg/share/udemy_ros2_pkg/local_setup.dsv
[0.796s] -- Symlinking: /home/serhat/workspace/install/udemy_ros2_pkg/share/udemy_ros2_pkg/package.dsv
[0.807s] -- Up-to-date symlink: /home/serhat/workspace/install/udemy_ros2_pkg/share/ament_index/resource_index/packages/udemy_ros2_pkg
[0.807s] -- Up-to-date symlink: /home/serhat/workspace/install/udemy_ros2_pkg/share/udemy_ros2_pkg/cmake/rosidl_cmake-extras.cmake
[0.807s] -- Up-to-date symlink: /home/serhat/workspace/install/udemy_ros2_pkg/share/udemy_ros2_pkg/cmake/ament_cmake_export_dependencies-extras.cmake
[0.808s] -- Up-to-date symlink: /home/serhat/workspace/install/udemy_ros2_pkg/share/udemy_ros2_pkg/cmake/ament_cmake_export_include_directories-extras.cmake
[0.808s] -- Up-to-date symlink: /home/serhat/workspace/install/udemy_ros2_pkg/share/udemy_ros2_pkg/cmake/ament_cmake_export_libraries-extras.cmake
[0.808s] -- Up-to-date symlink: /home/serhat/workspace/install/udemy_ros2_pkg/share/udemy_ros2_pkg/cmake/ament_cmake_export_targets-extras.cmake
[0.808s] -- Up-to-date symlink: /home/serhat/workspace/install/udemy_ros2_pkg/share/udemy_ros2_pkg/cmake/rosidl_cmake_export_typesupport_targets-extras.cmake
[0.809s] -- Up-to-date symlink: /home/serhat/workspace/install/udemy_ros2_pkg/share/udemy_ros2_pkg/cmake/rosidl_cmake_export_typesupport_libraries-extras.cmake
[0.809s] -- Up-to-date symlink: /home/serhat/workspace/install/udemy_ros2_pkg/share/udemy_ros2_pkg/cmake/udemy_ros2_pkgConfig.cmake
[0.809s] -- Up-to-date symlink: /home/serhat/workspace/install/udemy_ros2_pkg/share/udemy_ros2_pkg/cmake/udemy_ros2_pkgConfig-version.cmake
[0.809s] -- Up-to-date symlink: /home/serhat/workspace/install/udemy_ros2_pkg/share/udemy_ros2_pkg/package.xml
[0.810s] -- Up-to-date: /home/serhat/workspace/install/udemy_ros2_pkg/lib/libudemy_ros2_pkg__rosidl_generator_c.so
[0.810s] -- Up-to-date: /home/serhat/workspace/install/udemy_ros2_pkg/lib/libudemy_ros2_pkg__rosidl_typesupport_fastrtps_c.so
[0.811s] -- Up-to-date: /home/serhat/workspace/install/udemy_ros2_pkg/lib/libudemy_ros2_pkg__rosidl_typesupport_fastrtps_cpp.so
[0.811s] -- Up-to-date: /home/serhat/workspace/install/udemy_ros2_pkg/lib/libudemy_ros2_pkg__rosidl_typesupport_introspection_c.so
[0.811s] -- Up-to-date: /home/serhat/workspace/install/udemy_ros2_pkg/lib/libudemy_ros2_pkg__rosidl_typesupport_c.so
[0.812s] -- Up-to-date: /home/serhat/workspace/install/udemy_ros2_pkg/lib/libudemy_ros2_pkg__rosidl_typesupport_introspection_cpp.so
[0.812s] -- Up-to-date: /home/serhat/workspace/install/udemy_ros2_pkg/lib/libudemy_ros2_pkg__rosidl_typesupport_cpp.so
[0.859s] Listing '/home/serhat/workspace/install/udemy_ros2_pkg/local/lib/python3.10/dist-packages/udemy_ros2_pkg'...
[0.859s] Listing '/home/serhat/workspace/install/udemy_ros2_pkg/local/lib/python3.10/dist-packages/udemy_ros2_pkg/action'...
[0.859s] Listing '/home/serhat/workspace/install/udemy_ros2_pkg/local/lib/python3.10/dist-packages/udemy_ros2_pkg/srv'...
[0.864s] -- Up-to-date: /home/serhat/workspace/install/udemy_ros2_pkg/lib/libudemy_ros2_pkg__rosidl_generator_py.so
[0.865s] -- Up-to-date: /home/serhat/workspace/install/udemy_ros2_pkg/share/udemy_ros2_pkg/cmake/export_udemy_ros2_pkg__rosidl_generator_cExport.cmake
[0.865s] -- Up-to-date: /home/serhat/workspace/install/udemy_ros2_pkg/share/udemy_ros2_pkg/cmake/export_udemy_ros2_pkg__rosidl_generator_cExport-noconfig.cmake
[0.865s] -- Up-to-date: /home/serhat/workspace/install/udemy_ros2_pkg/share/udemy_ros2_pkg/cmake/export_udemy_ros2_pkg__rosidl_typesupport_fastrtps_cExport.cmake
[0.865s] -- Up-to-date: /home/serhat/workspace/install/udemy_ros2_pkg/share/udemy_ros2_pkg/cmake/export_udemy_ros2_pkg__rosidl_typesupport_fastrtps_cExport-noconfig.cmake
[0.865s] -- Up-to-date: /home/serhat/workspace/install/udemy_ros2_pkg/share/udemy_ros2_pkg/cmake/export_udemy_ros2_pkg__rosidl_generator_cppExport.cmake
[0.865s] -- Up-to-date: /home/serhat/workspace/install/udemy_ros2_pkg/share/udemy_ros2_pkg/cmake/export_udemy_ros2_pkg__rosidl_typesupport_fastrtps_cppExport.cmake
[0.866s] -- Up-to-date: /home/serhat/workspace/install/udemy_ros2_pkg/share/udemy_ros2_pkg/cmake/export_udemy_ros2_pkg__rosidl_typesupport_fastrtps_cppExport-noconfig.cmake
[0.867s] -- Up-to-date: /home/serhat/workspace/install/udemy_ros2_pkg/share/udemy_ros2_pkg/cmake/udemy_ros2_pkg__rosidl_typesupport_introspection_cExport.cmake
[0.867s] -- Up-to-date: /home/serhat/workspace/install/udemy_ros2_pkg/share/udemy_ros2_pkg/cmake/udemy_ros2_pkg__rosidl_typesupport_introspection_cExport-noconfig.cmake
[0.867s] -- Up-to-date: /home/serhat/workspace/install/udemy_ros2_pkg/share/udemy_ros2_pkg/cmake/udemy_ros2_pkg__rosidl_typesupport_cExport.cmake
[0.867s] -- Up-to-date: /home/serhat/workspace/install/udemy_ros2_pkg/share/udemy_ros2_pkg/cmake/udemy_ros2_pkg__rosidl_typesupport_cExport-noconfig.cmake
[0.867s] -- Up-to-date: /home/serhat/workspace/install/udemy_ros2_pkg/share/udemy_ros2_pkg/cmake/udemy_ros2_pkg__rosidl_typesupport_introspection_cppExport.cmake
[0.867s] -- Up-to-date: /home/serhat/workspace/install/udemy_ros2_pkg/share/udemy_ros2_pkg/cmake/udemy_ros2_pkg__rosidl_typesupport_introspection_cppExport-noconfig.cmake
[0.867s] -- Up-to-date: /home/serhat/workspace/install/udemy_ros2_pkg/share/udemy_ros2_pkg/cmake/udemy_ros2_pkg__rosidl_typesupport_cppExport.cmake
[0.867s] -- Up-to-date: /home/serhat/workspace/install/udemy_ros2_pkg/share/udemy_ros2_pkg/cmake/udemy_ros2_pkg__rosidl_typesupport_cppExport-noconfig.cmake
[0.868s] -- Up-to-date: /home/serhat/workspace/install/udemy_ros2_pkg/share/udemy_ros2_pkg/cmake/export_udemy_ros2_pkg__rosidl_generator_pyExport.cmake
[0.868s] -- Up-to-date: /home/serhat/workspace/install/udemy_ros2_pkg/share/udemy_ros2_pkg/cmake/export_udemy_ros2_pkg__rosidl_generator_pyExport-noconfig.cmake
[0.870s] Invoked command in '/home/serhat/workspace/build/udemy_ros2_pkg' returned '0': CMAKE_PREFIX_PATH=${CMAKE_PREFIX_PATH}:/home/serhat/workspace/install/canopen_utils:/opt/ros/humble /usr/bin/cmake --install /home/serhat/workspace/build/udemy_ros2_pkg
