[0.052s] Invoking command in '/home/serhat/workspaces/ros2_cpp_ws/build/udemy_ros2_pkg': CMAKE_PREFIX_PATH=${CMAKE_PREFIX_PATH}:/opt/ros/humble /usr/bin/cmake /home/serhat/workspaces/ros2_cpp_ws/src/udemy_ros2_pkg -DAMENT_CMAKE_SYMLINK_INSTALL=1 -DCMAKE_INSTALL_PREFIX=/home/serhat/workspaces/ros2_cpp_ws/install/udemy_ros2_pkg
[0.067s] -- Found ament_cmake: 1.3.3 (/opt/ros/humble/share/ament_cmake/cmake)
[0.246s] -- Override CMake install command with custom implementation using symlinks instead of copying resources
[0.254s] -- Found rclcpp: 16.0.3 (/opt/ros/humble/share/rclcpp/cmake)
[0.281s] -- Found rosidl_generator_c: 3.1.4 (/opt/ros/humble/share/rosidl_generator_c/cmake)
[0.284s] -- Found rosidl_adapter: 3.1.4 (/opt/ros/humble/share/rosidl_adapter/cmake)
[0.289s] -- Found rosidl_generator_cpp: 3.1.4 (/opt/ros/humble/share/rosidl_generator_cpp/cmake)
[0.300s] -- Using all available rosidl_typesupport_c: rosidl_typesupport_fastrtps_c;rosidl_typesupport_introspection_c
[0.314s] -- Using all available rosidl_typesupport_cpp: rosidl_typesupport_fastrtps_cpp;rosidl_typesupport_introspection_cpp
[0.370s] -- Found rmw_implementation_cmake: 6.1.1 (/opt/ros/humble/share/rmw_implementation_cmake/cmake)
[0.371s] -- Found rmw_fastrtps_cpp: 6.2.2 (/opt/ros/humble/share/rmw_fastrtps_cpp/cmake)
[0.488s] -- Using RMW implementation 'rmw_fastrtps_cpp' as default
[0.653s] -- Found rosidl_default_generators: 1.2.0 (/opt/ros/humble/share/rosidl_default_generators/cmake)
[0.868s] -- Found ament_cmake_cppcheck: 0.12.5 (/opt/ros/humble/share/ament_cmake_cppcheck/cmake)
[0.870s] -- Found ament_cmake_cpplint: 0.12.5 (/opt/ros/humble/share/ament_cmake_cpplint/cmake)
[0.871s] -- Found ament_cmake_uncrustify: 0.12.5 (/opt/ros/humble/share/ament_cmake_uncrustify/cmake)
[0.873s] -- Found ament_cmake_ros: 0.10.0 (/opt/ros/humble/share/ament_cmake_ros/cmake)
[1.135s] -- Using all available rosidl_typesupport_c: rosidl_typesupport_fastrtps_c;rosidl_typesupport_introspection_c
[1.241s] -- Using all available rosidl_typesupport_cpp: rosidl_typesupport_fastrtps_cpp;rosidl_typesupport_introspection_cpp
[1.263s] -- Found PythonInterp: /usr/bin/python3 (found suitable version "3.10.6", minimum required is "3.6") 
[1.265s] -- Found python_cmake_module: 0.10.0 (/opt/ros/humble/share/python_cmake_module/cmake)
[1.289s] -- Found PythonLibs: /usr/lib/x86_64-linux-gnu/libpython3.10.so (found suitable version "3.10.6", minimum required is "3.5") 
[1.289s] -- Using PYTHON_EXECUTABLE: /usr/bin/python3
[1.289s] -- Using PYTHON_INCLUDE_DIRS: /usr/include/python3.10
[1.289s] -- Using PYTHON_LIBRARIES: /usr/lib/x86_64-linux-gnu/libpython3.10.so
[1.307s] -- Found PythonExtra: .so  
[1.338s] -- Found ament_cmake_flake8: 0.12.5 (/opt/ros/humble/share/ament_cmake_flake8/cmake)
[1.338s] -- Found ament_cmake_pep257: 0.12.5 (/opt/ros/humble/share/ament_cmake_pep257/cmake)
[1.347s] -- Found ament_lint_auto: 0.12.5 (/opt/ros/humble/share/ament_lint_auto/cmake)
[1.359s] -- Added test 'cppcheck' to perform static code analysis on C / C++ code
[1.360s] -- Configured cppcheck include dirs: 
[1.360s] -- Configured cppcheck exclude dirs and/or files: 
[1.361s] -- Added test 'cpplint' to check C / C++ code against the Google style
[1.361s] -- Configured cpplint exclude dirs and/or files: 
[1.362s] -- Added test 'uncrustify' to check C / C++ code style
[1.362s] -- Configured uncrustify additional arguments: 
[1.363s] -- Added test 'flake8' to check Python code syntax and style conventions
[1.363s] -- Added test 'pep257' to check Python code against some of the docstring style conventions in PEP 257
[1.364s] -- Added test 'lint_cmake' to check CMake code style
[1.364s] -- Added test 'xmllint' to check XML markup files
[1.369s] -- Configuring done
[1.430s] -- Generating done
[1.432s] -- Build files have been written to: /home/serhat/workspaces/ros2_cpp_ws/build/udemy_ros2_pkg
[1.443s] Invoked command in '/home/serhat/workspaces/ros2_cpp_ws/build/udemy_ros2_pkg' returned '0': CMAKE_PREFIX_PATH=${CMAKE_PREFIX_PATH}:/opt/ros/humble /usr/bin/cmake /home/serhat/workspaces/ros2_cpp_ws/src/udemy_ros2_pkg -DAMENT_CMAKE_SYMLINK_INSTALL=1 -DCMAKE_INSTALL_PREFIX=/home/serhat/workspaces/ros2_cpp_ws/install/udemy_ros2_pkg
[1.445s] Invoking command in '/home/serhat/workspaces/ros2_cpp_ws/build/udemy_ros2_pkg': CMAKE_PREFIX_PATH=${CMAKE_PREFIX_PATH}:/opt/ros/humble /usr/bin/cmake --build /home/serhat/workspaces/ros2_cpp_ws/build/udemy_ros2_pkg -- -j12 -l12
[1.479s] [  2%] [34m[1mGenerating C code for ROS interfaces[0m
[1.490s] [  5%] [34m[1mGenerating C++ code for ROS interfaces[0m
[1.490s] [  7%] [32mBuilding CXX object CMakeFiles/subscriber.dir/src/subscriber.cpp.o[0m
[1.493s] [ 10%] [32mBuilding CXX object CMakeFiles/rpm_pub.dir/src/rpm_pub.cpp.o[0m
[1.495s] [ 12%] [32mBuilding CXX object CMakeFiles/speed_calc.dir/src/speed_calc.cpp.o[0m
[1.498s] [35m[1mConsolidate compiler generated dependencies of target publisher[0m
[1.498s] [ 12%] Built target ament_cmake_python_symlink_udemy_ros2_pkg
[1.515s] [ 15%] [32mBuilding CXX object CMakeFiles/publisher.dir/src/publisher.cpp.o[0m
[1.787s] running egg_info
[1.788s] creating udemy_ros2_pkg.egg-info
[1.789s] writing udemy_ros2_pkg.egg-info/PKG-INFO
[1.789s] writing dependency_links to udemy_ros2_pkg.egg-info/dependency_links.txt
[1.789s] writing top-level names to udemy_ros2_pkg.egg-info/top_level.txt
[1.790s] writing manifest file 'udemy_ros2_pkg.egg-info/SOURCES.txt'
[1.793s] reading manifest file 'udemy_ros2_pkg.egg-info/SOURCES.txt'
[1.794s] writing manifest file 'udemy_ros2_pkg.egg-info/SOURCES.txt'
[1.820s] [ 15%] Built target ament_cmake_python_build_udemy_ros2_pkg_egg
[1.988s] [ 15%] Built target udemy_ros2_pkg__cpp
[2.004s] [ 23%] [34m[1mGenerating C++ introspection for ROS interfaces[0m
[2.004s] [ 23%] [34m[1mGenerating C++ type support dispatch for ROS interfaces[0m
[2.004s] [ 23%] [34m[1mGenerating C++ type support for eProsima Fast-RTPS[0m
[2.162s] [ 25%] [32mBuilding C object CMakeFiles/udemy_ros2_pkg__rosidl_generator_c.dir/rosidl_generator_c/udemy_ros2_pkg/srv/detail/odd_even_check__functions.c.o[0m
[2.421s] [ 30%] [32mBuilding CXX object CMakeFiles/udemy_ros2_pkg__rosidl_typesupport_fastrtps_cpp.dir/rosidl_typesupport_fastrtps_cpp/udemy_ros2_pkg/srv/detail/dds_fastrtps/odd_even_check__type_support.cpp.o[0m
[2.421s] [ 30%] [32mBuilding CXX object CMakeFiles/udemy_ros2_pkg__rosidl_typesupport_introspection_cpp.dir/rosidl_typesupport_introspection_cpp/udemy_ros2_pkg/srv/detail/odd_even_check__type_support.cpp.o[0m
[2.540s] [ 33%] [32mBuilding CXX object CMakeFiles/udemy_ros2_pkg__rosidl_typesupport_cpp.dir/rosidl_typesupport_cpp/udemy_ros2_pkg/srv/odd_even_check__type_support.cpp.o[0m
[2.730s] [ 35%] [32m[1mLinking C shared library libudemy_ros2_pkg__rosidl_generator_c.so[0m
[2.997s] [ 38%] [32m[1mLinking CXX shared library libudemy_ros2_pkg__rosidl_typesupport_cpp.so[0m
[3.001s] [ 41%] [32m[1mLinking CXX shared library libudemy_ros2_pkg__rosidl_typesupport_introspection_cpp.so[0m
[3.004s] [ 41%] Built target udemy_ros2_pkg__rosidl_generator_c
[3.017s] [ 48%] [34m[1mGenerating C introspection for ROS interfaces[0m
[3.018s] [ 48%] [34m[1mGenerating C type support for eProsima Fast-RTPS[0m
[3.018s] [ 48%] [34m[1mGenerating C type support dispatch for ROS interfaces[0m
[3.116s] [ 51%] [32m[1mLinking CXX shared library libudemy_ros2_pkg__rosidl_typesupport_fastrtps_cpp.so[0m
[3.148s] [ 51%] Built target udemy_ros2_pkg__rosidl_typesupport_cpp
[3.200s] [ 51%] Built target udemy_ros2_pkg__rosidl_typesupport_introspection_cpp
[3.285s] [ 51%] Built target udemy_ros2_pkg__rosidl_typesupport_fastrtps_cpp
[3.396s] [ 53%] [32mBuilding CXX object CMakeFiles/udemy_ros2_pkg__rosidl_typesupport_c.dir/rosidl_typesupport_c/udemy_ros2_pkg/srv/odd_even_check__type_support.cpp.o[0m
[3.430s] [ 56%] [32m[1mLinking CXX shared library libudemy_ros2_pkg__rosidl_typesupport_c.so[0m
[3.477s] [ 56%] Built target udemy_ros2_pkg__rosidl_typesupport_c
[3.573s] [ 58%] [32mBuilding C object CMakeFiles/udemy_ros2_pkg__rosidl_typesupport_introspection_c.dir/rosidl_typesupport_introspection_c/udemy_ros2_pkg/srv/detail/odd_even_check__type_support.c.o[0m
[3.574s] [ 61%] [32mBuilding CXX object CMakeFiles/udemy_ros2_pkg__rosidl_typesupport_fastrtps_c.dir/rosidl_typesupport_fastrtps_c/udemy_ros2_pkg/srv/detail/odd_even_check__type_support_c.cpp.o[0m
[3.614s] [ 64%] [32m[1mLinking C shared library libudemy_ros2_pkg__rosidl_typesupport_introspection_c.so[0m
[3.646s] [ 64%] Built target udemy_ros2_pkg__rosidl_typesupport_introspection_c
[3.950s] [ 66%] [32m[1mLinking CXX shared library libudemy_ros2_pkg__rosidl_typesupport_fastrtps_c.so[0m
[4.032s] [ 66%] Built target udemy_ros2_pkg__rosidl_typesupport_fastrtps_c
[4.053s] [ 66%] Built target udemy_ros2_pkg
[4.073s] [ 69%] [34m[1mGenerating Python code for ROS interfaces[0m
[4.552s] [ 69%] Built target udemy_ros2_pkg__py
[4.572s] [ 71%] [32mBuilding C object CMakeFiles/udemy_ros2_pkg__rosidl_generator_py.dir/rosidl_generator_py/udemy_ros2_pkg/srv/_odd_even_check_s.c.o[0m
[4.923s] [ 74%] [32m[1mLinking C shared library rosidl_generator_py/udemy_ros2_pkg/libudemy_ros2_pkg__rosidl_generator_py.so[0m
[4.982s] [ 74%] Built target udemy_ros2_pkg__rosidl_generator_py
[5.003s] [ 79%] [32mBuilding C object CMakeFiles/udemy_ros2_pkg__rosidl_typesupport_c__pyext.dir/rosidl_generator_py/udemy_ros2_pkg/_udemy_ros2_pkg_s.ep.rosidl_typesupport_c.c.o[0m
[5.003s] [ 79%] [32mBuilding C object CMakeFiles/udemy_ros2_pkg__rosidl_typesupport_introspection_c__pyext.dir/rosidl_generator_py/udemy_ros2_pkg/_udemy_ros2_pkg_s.ep.rosidl_typesupport_introspection_c.c.o[0m
[5.009s] [ 82%] [32mBuilding C object CMakeFiles/udemy_ros2_pkg__rosidl_typesupport_fastrtps_c__pyext.dir/rosidl_generator_py/udemy_ros2_pkg/_udemy_ros2_pkg_s.ep.rosidl_typesupport_fastrtps_c.c.o[0m
[5.126s] [ 87%] [32m[1mLinking C shared library rosidl_generator_py/udemy_ros2_pkg/udemy_ros2_pkg_s__rosidl_typesupport_c.cpython-310-x86_64-linux-gnu.so[0m
[5.126s] [ 87%] [32m[1mLinking C shared library rosidl_generator_py/udemy_ros2_pkg/udemy_ros2_pkg_s__rosidl_typesupport_fastrtps_c.cpython-310-x86_64-linux-gnu.so[0m
[5.127s] [ 89%] [32m[1mLinking C shared library rosidl_generator_py/udemy_ros2_pkg/udemy_ros2_pkg_s__rosidl_typesupport_introspection_c.cpython-310-x86_64-linux-gnu.so[0m
[5.168s] [ 89%] Built target udemy_ros2_pkg__rosidl_typesupport_introspection_c__pyext
[5.172s] [ 89%] Built target udemy_ros2_pkg__rosidl_typesupport_fastrtps_c__pyext
[5.172s] [ 89%] Built target udemy_ros2_pkg__rosidl_typesupport_c__pyext
[6.415s] [ 92%] [32m[1mLinking CXX executable publisher[0m
[6.415s] [ 94%] [32m[1mLinking CXX executable rpm_pub[0m
[7.018s] [ 94%] Built target publisher
[7.041s] [ 94%] Built target rpm_pub
[9.910s] [ 97%] [32m[1mLinking CXX executable subscriber[0m
[10.102s] [100%] [32m[1mLinking CXX executable speed_calc[0m
[10.256s] [100%] Built target subscriber
[10.452s] [100%] Built target speed_calc
[10.464s] Invoked command in '/home/serhat/workspaces/ros2_cpp_ws/build/udemy_ros2_pkg' returned '0': CMAKE_PREFIX_PATH=${CMAKE_PREFIX_PATH}:/opt/ros/humble /usr/bin/cmake --build /home/serhat/workspaces/ros2_cpp_ws/build/udemy_ros2_pkg -- -j12 -l12
[10.533s] Invoking command in '/home/serhat/workspaces/ros2_cpp_ws/build/udemy_ros2_pkg': CMAKE_PREFIX_PATH=${CMAKE_PREFIX_PATH}:/opt/ros/humble /usr/bin/cmake --install /home/serhat/workspaces/ros2_cpp_ws/build/udemy_ros2_pkg
[10.539s] -- Install configuration: ""
[10.539s] -- Execute custom install script
[10.540s] -- Symlinking: /home/serhat/workspaces/ros2_cpp_ws/install/udemy_ros2_pkg/share/ament_index/resource_index/rosidl_interfaces/udemy_ros2_pkg
[10.548s] -- Symlinking: /home/serhat/workspaces/ros2_cpp_ws/install/udemy_ros2_pkg/include/udemy_ros2_pkg/udemy_ros2_pkg/msg/rosidl_generator_c__visibility_control.h
[10.555s] -- Symlinking: /home/serhat/workspaces/ros2_cpp_ws/install/udemy_ros2_pkg/include/udemy_ros2_pkg/udemy_ros2_pkg/srv/detail/odd_even_check__functions.h
[10.563s] -- Symlinking: /home/serhat/workspaces/ros2_cpp_ws/install/udemy_ros2_pkg/include/udemy_ros2_pkg/udemy_ros2_pkg/srv/detail/odd_even_check__struct.h
[10.570s] -- Symlinking: /home/serhat/workspaces/ros2_cpp_ws/install/udemy_ros2_pkg/include/udemy_ros2_pkg/udemy_ros2_pkg/srv/detail/odd_even_check__type_support.h
[10.577s] -- Symlinking: /home/serhat/workspaces/ros2_cpp_ws/install/udemy_ros2_pkg/include/udemy_ros2_pkg/udemy_ros2_pkg/srv/odd_even_check.h
[10.585s] -- Symlinking: /home/serhat/workspaces/ros2_cpp_ws/install/udemy_ros2_pkg/share/udemy_ros2_pkg/environment/library_path.sh
[10.594s] -- Symlinking: /home/serhat/workspaces/ros2_cpp_ws/install/udemy_ros2_pkg/share/udemy_ros2_pkg/environment/library_path.dsv
[10.602s] -- Symlinking: /home/serhat/workspaces/ros2_cpp_ws/install/udemy_ros2_pkg/include/udemy_ros2_pkg/udemy_ros2_pkg/msg/rosidl_typesupport_fastrtps_c__visibility_control.h
[10.609s] -- Symlinking: /home/serhat/workspaces/ros2_cpp_ws/install/udemy_ros2_pkg/include/udemy_ros2_pkg/udemy_ros2_pkg/srv/detail/odd_even_check__rosidl_typesupport_fastrtps_c.h
[10.616s] -- Symlinking: /home/serhat/workspaces/ros2_cpp_ws/install/udemy_ros2_pkg/include/udemy_ros2_pkg/udemy_ros2_pkg/srv/detail/odd_even_check__builder.hpp
[10.623s] -- Symlinking: /home/serhat/workspaces/ros2_cpp_ws/install/udemy_ros2_pkg/include/udemy_ros2_pkg/udemy_ros2_pkg/srv/detail/odd_even_check__struct.hpp
[10.630s] -- Symlinking: /home/serhat/workspaces/ros2_cpp_ws/install/udemy_ros2_pkg/include/udemy_ros2_pkg/udemy_ros2_pkg/srv/detail/odd_even_check__traits.hpp
[10.637s] -- Symlinking: /home/serhat/workspaces/ros2_cpp_ws/install/udemy_ros2_pkg/include/udemy_ros2_pkg/udemy_ros2_pkg/srv/odd_even_check.hpp
[10.645s] -- Symlinking: /home/serhat/workspaces/ros2_cpp_ws/install/udemy_ros2_pkg/include/udemy_ros2_pkg/udemy_ros2_pkg/msg/rosidl_typesupport_fastrtps_cpp__visibility_control.h
[10.652s] -- Symlinking: /home/serhat/workspaces/ros2_cpp_ws/install/udemy_ros2_pkg/include/udemy_ros2_pkg/udemy_ros2_pkg/srv/detail/odd_even_check__rosidl_typesupport_fastrtps_cpp.hpp
[10.659s] -- Symlinking: /home/serhat/workspaces/ros2_cpp_ws/install/udemy_ros2_pkg/include/udemy_ros2_pkg/udemy_ros2_pkg/msg/rosidl_typesupport_introspection_c__visibility_control.h
[10.667s] -- Symlinking: /home/serhat/workspaces/ros2_cpp_ws/install/udemy_ros2_pkg/include/udemy_ros2_pkg/udemy_ros2_pkg/srv/detail/odd_even_check__rosidl_typesupport_introspection_c.h
[10.674s] -- Symlinking: /home/serhat/workspaces/ros2_cpp_ws/install/udemy_ros2_pkg/include/udemy_ros2_pkg/udemy_ros2_pkg/srv/detail/odd_even_check__rosidl_typesupport_introspection_cpp.hpp
[10.681s] -- Symlinking: /home/serhat/workspaces/ros2_cpp_ws/install/udemy_ros2_pkg/share/udemy_ros2_pkg/environment/pythonpath.sh
[10.688s] -- Symlinking: /home/serhat/workspaces/ros2_cpp_ws/install/udemy_ros2_pkg/share/udemy_ros2_pkg/environment/pythonpath.dsv
[10.695s] -- Symlinking: /home/serhat/workspaces/ros2_cpp_ws/install/udemy_ros2_pkg/local/lib/python3.10/dist-packages/udemy_ros2_pkg-0.0.0-py3.10.egg-info/PKG-INFO
[10.702s] -- Symlinking: /home/serhat/workspaces/ros2_cpp_ws/install/udemy_ros2_pkg/local/lib/python3.10/dist-packages/udemy_ros2_pkg-0.0.0-py3.10.egg-info/SOURCES.txt
[10.710s] -- Symlinking: /home/serhat/workspaces/ros2_cpp_ws/install/udemy_ros2_pkg/local/lib/python3.10/dist-packages/udemy_ros2_pkg-0.0.0-py3.10.egg-info/dependency_links.txt
[10.717s] -- Symlinking: /home/serhat/workspaces/ros2_cpp_ws/install/udemy_ros2_pkg/local/lib/python3.10/dist-packages/udemy_ros2_pkg-0.0.0-py3.10.egg-info/top_level.txt
[10.723s] -- Symlinking: /home/serhat/workspaces/ros2_cpp_ws/install/udemy_ros2_pkg/local/lib/python3.10/dist-packages/udemy_ros2_pkg/__init__.py
[10.730s] -- Symlinking: /home/serhat/workspaces/ros2_cpp_ws/install/udemy_ros2_pkg/local/lib/python3.10/dist-packages/udemy_ros2_pkg/_udemy_ros2_pkg_s.ep.rosidl_typesupport_c.c
[10.737s] -- Symlinking: /home/serhat/workspaces/ros2_cpp_ws/install/udemy_ros2_pkg/local/lib/python3.10/dist-packages/udemy_ros2_pkg/_udemy_ros2_pkg_s.ep.rosidl_typesupport_fastrtps_c.c
[10.744s] -- Symlinking: /home/serhat/workspaces/ros2_cpp_ws/install/udemy_ros2_pkg/local/lib/python3.10/dist-packages/udemy_ros2_pkg/_udemy_ros2_pkg_s.ep.rosidl_typesupport_introspection_c.c
[10.751s] -- Symlinking: /home/serhat/workspaces/ros2_cpp_ws/install/udemy_ros2_pkg/local/lib/python3.10/dist-packages/udemy_ros2_pkg/libudemy_ros2_pkg__rosidl_generator_py.so
[10.759s] -- Symlinking: /home/serhat/workspaces/ros2_cpp_ws/install/udemy_ros2_pkg/local/lib/python3.10/dist-packages/udemy_ros2_pkg/srv/__init__.py
[10.766s] -- Symlinking: /home/serhat/workspaces/ros2_cpp_ws/install/udemy_ros2_pkg/local/lib/python3.10/dist-packages/udemy_ros2_pkg/srv/_odd_even_check.py
[10.772s] -- Symlinking: /home/serhat/workspaces/ros2_cpp_ws/install/udemy_ros2_pkg/local/lib/python3.10/dist-packages/udemy_ros2_pkg/srv/_odd_even_check_s.c
[10.780s] -- Symlinking: /home/serhat/workspaces/ros2_cpp_ws/install/udemy_ros2_pkg/local/lib/python3.10/dist-packages/udemy_ros2_pkg/udemy_ros2_pkg_s__rosidl_typesupport_c.cpython-310-x86_64-linux-gnu.so
[10.787s] -- Symlinking: /home/serhat/workspaces/ros2_cpp_ws/install/udemy_ros2_pkg/local/lib/python3.10/dist-packages/udemy_ros2_pkg/udemy_ros2_pkg_s__rosidl_typesupport_fastrtps_c.cpython-310-x86_64-linux-gnu.so
[10.795s] -- Symlinking: /home/serhat/workspaces/ros2_cpp_ws/install/udemy_ros2_pkg/local/lib/python3.10/dist-packages/udemy_ros2_pkg/udemy_ros2_pkg_s__rosidl_typesupport_introspection_c.cpython-310-x86_64-linux-gnu.so
[10.803s] -- Up-to-date symlink: /home/serhat/workspaces/ros2_cpp_ws/install/udemy_ros2_pkg/local/lib/python3.10/dist-packages/udemy_ros2_pkg/udemy_ros2_pkg_s__rosidl_typesupport_fastrtps_c.cpython-310-x86_64-linux-gnu.so
[10.803s] -- Up-to-date symlink: /home/serhat/workspaces/ros2_cpp_ws/install/udemy_ros2_pkg/local/lib/python3.10/dist-packages/udemy_ros2_pkg/udemy_ros2_pkg_s__rosidl_typesupport_introspection_c.cpython-310-x86_64-linux-gnu.so
[10.804s] -- Up-to-date symlink: /home/serhat/workspaces/ros2_cpp_ws/install/udemy_ros2_pkg/local/lib/python3.10/dist-packages/udemy_ros2_pkg/udemy_ros2_pkg_s__rosidl_typesupport_c.cpython-310-x86_64-linux-gnu.so
[10.804s] -- Symlinking: /home/serhat/workspaces/ros2_cpp_ws/install/udemy_ros2_pkg/share/udemy_ros2_pkg/srv/OddEvenCheck.idl
[10.812s] -- Symlinking: /home/serhat/workspaces/ros2_cpp_ws/install/udemy_ros2_pkg/share/udemy_ros2_pkg/srv/OddEvenCheck.srv
[10.819s] -- Symlinking: /home/serhat/workspaces/ros2_cpp_ws/install/udemy_ros2_pkg/share/udemy_ros2_pkg/srv/OddEvenCheck_Request.msg
[10.827s] -- Symlinking: /home/serhat/workspaces/ros2_cpp_ws/install/udemy_ros2_pkg/share/udemy_ros2_pkg/srv/OddEvenCheck_Response.msg
[10.835s] -- Symlinking: /home/serhat/workspaces/ros2_cpp_ws/install/udemy_ros2_pkg/lib/udemy_ros2_pkg/publisher
[10.843s] -- Symlinking: /home/serhat/workspaces/ros2_cpp_ws/install/udemy_ros2_pkg/lib/udemy_ros2_pkg/subscriber
[10.851s] -- Symlinking: /home/serhat/workspaces/ros2_cpp_ws/install/udemy_ros2_pkg/lib/udemy_ros2_pkg/speed_calc
[10.859s] -- Symlinking: /home/serhat/workspaces/ros2_cpp_ws/install/udemy_ros2_pkg/lib/udemy_ros2_pkg/rpm_pub
[10.867s] -- Symlinking: /home/serhat/workspaces/ros2_cpp_ws/install/udemy_ros2_pkg/share/udemy_ros2_pkg/launch/launch_project.launch.py
[10.875s] -- Symlinking: /home/serhat/workspaces/ros2_cpp_ws/install/udemy_ros2_pkg/share/udemy_ros2_pkg/launch/rpm_node.launch.py
[10.883s] -- Symlinking: /home/serhat/workspaces/ros2_cpp_ws/install/udemy_ros2_pkg/share/ament_index/resource_index/package_run_dependencies/udemy_ros2_pkg
[10.890s] -- Symlinking: /home/serhat/workspaces/ros2_cpp_ws/install/udemy_ros2_pkg/share/ament_index/resource_index/parent_prefix_path/udemy_ros2_pkg
[10.898s] -- Symlinking: /home/serhat/workspaces/ros2_cpp_ws/install/udemy_ros2_pkg/share/udemy_ros2_pkg/environment/ament_prefix_path.sh
[10.906s] -- Symlinking: /home/serhat/workspaces/ros2_cpp_ws/install/udemy_ros2_pkg/share/udemy_ros2_pkg/environment/ament_prefix_path.dsv
[10.914s] -- Symlinking: /home/serhat/workspaces/ros2_cpp_ws/install/udemy_ros2_pkg/share/udemy_ros2_pkg/environment/path.sh
[10.921s] -- Symlinking: /home/serhat/workspaces/ros2_cpp_ws/install/udemy_ros2_pkg/share/udemy_ros2_pkg/environment/path.dsv
[10.929s] -- Symlinking: /home/serhat/workspaces/ros2_cpp_ws/install/udemy_ros2_pkg/share/udemy_ros2_pkg/local_setup.bash
[10.937s] -- Symlinking: /home/serhat/workspaces/ros2_cpp_ws/install/udemy_ros2_pkg/share/udemy_ros2_pkg/local_setup.sh
[10.945s] -- Symlinking: /home/serhat/workspaces/ros2_cpp_ws/install/udemy_ros2_pkg/share/udemy_ros2_pkg/local_setup.zsh
[10.953s] -- Symlinking: /home/serhat/workspaces/ros2_cpp_ws/install/udemy_ros2_pkg/share/udemy_ros2_pkg/local_setup.dsv
[10.961s] -- Symlinking: /home/serhat/workspaces/ros2_cpp_ws/install/udemy_ros2_pkg/share/udemy_ros2_pkg/package.dsv
[10.969s] -- Symlinking: /home/serhat/workspaces/ros2_cpp_ws/install/udemy_ros2_pkg/share/ament_index/resource_index/packages/udemy_ros2_pkg
[10.976s] -- Symlinking: /home/serhat/workspaces/ros2_cpp_ws/install/udemy_ros2_pkg/share/udemy_ros2_pkg/cmake/rosidl_cmake-extras.cmake
[10.984s] -- Symlinking: /home/serhat/workspaces/ros2_cpp_ws/install/udemy_ros2_pkg/share/udemy_ros2_pkg/cmake/ament_cmake_export_include_directories-extras.cmake
[10.991s] -- Symlinking: /home/serhat/workspaces/ros2_cpp_ws/install/udemy_ros2_pkg/share/udemy_ros2_pkg/cmake/ament_cmake_export_libraries-extras.cmake
[10.998s] -- Symlinking: /home/serhat/workspaces/ros2_cpp_ws/install/udemy_ros2_pkg/share/udemy_ros2_pkg/cmake/ament_cmake_export_targets-extras.cmake
[11.004s] -- Symlinking: /home/serhat/workspaces/ros2_cpp_ws/install/udemy_ros2_pkg/share/udemy_ros2_pkg/cmake/rosidl_cmake_export_typesupport_targets-extras.cmake
[11.011s] -- Symlinking: /home/serhat/workspaces/ros2_cpp_ws/install/udemy_ros2_pkg/share/udemy_ros2_pkg/cmake/ament_cmake_export_dependencies-extras.cmake
[11.018s] -- Symlinking: /home/serhat/workspaces/ros2_cpp_ws/install/udemy_ros2_pkg/share/udemy_ros2_pkg/cmake/rosidl_cmake_export_typesupport_libraries-extras.cmake
[11.024s] -- Symlinking: /home/serhat/workspaces/ros2_cpp_ws/install/udemy_ros2_pkg/share/udemy_ros2_pkg/cmake/udemy_ros2_pkgConfig.cmake
[11.031s] -- Symlinking: /home/serhat/workspaces/ros2_cpp_ws/install/udemy_ros2_pkg/share/udemy_ros2_pkg/cmake/udemy_ros2_pkgConfig-version.cmake
[11.038s] -- Symlinking: /home/serhat/workspaces/ros2_cpp_ws/install/udemy_ros2_pkg/share/udemy_ros2_pkg/package.xml
[11.045s] -- Installing: /home/serhat/workspaces/ros2_cpp_ws/install/udemy_ros2_pkg/lib/libudemy_ros2_pkg__rosidl_generator_c.so
[11.045s] -- Set runtime path of "/home/serhat/workspaces/ros2_cpp_ws/install/udemy_ros2_pkg/lib/libudemy_ros2_pkg__rosidl_generator_c.so" to ""
[11.045s] -- Installing: /home/serhat/workspaces/ros2_cpp_ws/install/udemy_ros2_pkg/lib/libudemy_ros2_pkg__rosidl_typesupport_fastrtps_c.so
[11.046s] -- Set runtime path of "/home/serhat/workspaces/ros2_cpp_ws/install/udemy_ros2_pkg/lib/libudemy_ros2_pkg__rosidl_typesupport_fastrtps_c.so" to ""
[11.046s] -- Installing: /home/serhat/workspaces/ros2_cpp_ws/install/udemy_ros2_pkg/lib/libudemy_ros2_pkg__rosidl_typesupport_fastrtps_cpp.so
[11.046s] -- Set runtime path of "/home/serhat/workspaces/ros2_cpp_ws/install/udemy_ros2_pkg/lib/libudemy_ros2_pkg__rosidl_typesupport_fastrtps_cpp.so" to ""
[11.046s] -- Installing: /home/serhat/workspaces/ros2_cpp_ws/install/udemy_ros2_pkg/lib/libudemy_ros2_pkg__rosidl_typesupport_introspection_c.so
[11.047s] -- Set runtime path of "/home/serhat/workspaces/ros2_cpp_ws/install/udemy_ros2_pkg/lib/libudemy_ros2_pkg__rosidl_typesupport_introspection_c.so" to ""
[11.047s] -- Installing: /home/serhat/workspaces/ros2_cpp_ws/install/udemy_ros2_pkg/lib/libudemy_ros2_pkg__rosidl_typesupport_c.so
[11.047s] -- Set runtime path of "/home/serhat/workspaces/ros2_cpp_ws/install/udemy_ros2_pkg/lib/libudemy_ros2_pkg__rosidl_typesupport_c.so" to ""
[11.047s] -- Installing: /home/serhat/workspaces/ros2_cpp_ws/install/udemy_ros2_pkg/lib/libudemy_ros2_pkg__rosidl_typesupport_introspection_cpp.so
[11.048s] -- Set runtime path of "/home/serhat/workspaces/ros2_cpp_ws/install/udemy_ros2_pkg/lib/libudemy_ros2_pkg__rosidl_typesupport_introspection_cpp.so" to ""
[11.048s] -- Installing: /home/serhat/workspaces/ros2_cpp_ws/install/udemy_ros2_pkg/lib/libudemy_ros2_pkg__rosidl_typesupport_cpp.so
[11.048s] -- Set runtime path of "/home/serhat/workspaces/ros2_cpp_ws/install/udemy_ros2_pkg/lib/libudemy_ros2_pkg__rosidl_typesupport_cpp.so" to ""
[11.076s] Listing '/home/serhat/workspaces/ros2_cpp_ws/install/udemy_ros2_pkg/local/lib/python3.10/dist-packages/udemy_ros2_pkg'...
[11.076s] Compiling '/home/serhat/workspaces/ros2_cpp_ws/install/udemy_ros2_pkg/local/lib/python3.10/dist-packages/udemy_ros2_pkg/__init__.py'...
[11.076s] Listing '/home/serhat/workspaces/ros2_cpp_ws/install/udemy_ros2_pkg/local/lib/python3.10/dist-packages/udemy_ros2_pkg/srv'...
[11.076s] Compiling '/home/serhat/workspaces/ros2_cpp_ws/install/udemy_ros2_pkg/local/lib/python3.10/dist-packages/udemy_ros2_pkg/srv/__init__.py'...
[11.076s] Compiling '/home/serhat/workspaces/ros2_cpp_ws/install/udemy_ros2_pkg/local/lib/python3.10/dist-packages/udemy_ros2_pkg/srv/_odd_even_check.py'...
[11.081s] -- Installing: /home/serhat/workspaces/ros2_cpp_ws/install/udemy_ros2_pkg/lib/libudemy_ros2_pkg__rosidl_generator_py.so
[11.081s] -- Set runtime path of "/home/serhat/workspaces/ros2_cpp_ws/install/udemy_ros2_pkg/lib/libudemy_ros2_pkg__rosidl_generator_py.so" to ""
[11.081s] -- Installing: /home/serhat/workspaces/ros2_cpp_ws/install/udemy_ros2_pkg/share/udemy_ros2_pkg/cmake/export_udemy_ros2_pkg__rosidl_generator_cExport.cmake
[11.081s] -- Installing: /home/serhat/workspaces/ros2_cpp_ws/install/udemy_ros2_pkg/share/udemy_ros2_pkg/cmake/export_udemy_ros2_pkg__rosidl_generator_cExport-noconfig.cmake
[11.081s] -- Installing: /home/serhat/workspaces/ros2_cpp_ws/install/udemy_ros2_pkg/share/udemy_ros2_pkg/cmake/export_udemy_ros2_pkg__rosidl_typesupport_fastrtps_cExport.cmake
[11.082s] -- Installing: /home/serhat/workspaces/ros2_cpp_ws/install/udemy_ros2_pkg/share/udemy_ros2_pkg/cmake/export_udemy_ros2_pkg__rosidl_typesupport_fastrtps_cExport-noconfig.cmake
[11.082s] -- Installing: /home/serhat/workspaces/ros2_cpp_ws/install/udemy_ros2_pkg/share/udemy_ros2_pkg/cmake/export_udemy_ros2_pkg__rosidl_generator_cppExport.cmake
[11.082s] -- Installing: /home/serhat/workspaces/ros2_cpp_ws/install/udemy_ros2_pkg/share/udemy_ros2_pkg/cmake/export_udemy_ros2_pkg__rosidl_typesupport_fastrtps_cppExport.cmake
[11.082s] -- Installing: /home/serhat/workspaces/ros2_cpp_ws/install/udemy_ros2_pkg/share/udemy_ros2_pkg/cmake/export_udemy_ros2_pkg__rosidl_typesupport_fastrtps_cppExport-noconfig.cmake
[11.082s] -- Installing: /home/serhat/workspaces/ros2_cpp_ws/install/udemy_ros2_pkg/share/udemy_ros2_pkg/cmake/udemy_ros2_pkg__rosidl_typesupport_introspection_cExport.cmake
[11.083s] -- Installing: /home/serhat/workspaces/ros2_cpp_ws/install/udemy_ros2_pkg/share/udemy_ros2_pkg/cmake/udemy_ros2_pkg__rosidl_typesupport_introspection_cExport-noconfig.cmake
[11.083s] -- Installing: /home/serhat/workspaces/ros2_cpp_ws/install/udemy_ros2_pkg/share/udemy_ros2_pkg/cmake/udemy_ros2_pkg__rosidl_typesupport_cExport.cmake
[11.083s] -- Installing: /home/serhat/workspaces/ros2_cpp_ws/install/udemy_ros2_pkg/share/udemy_ros2_pkg/cmake/udemy_ros2_pkg__rosidl_typesupport_cExport-noconfig.cmake
[11.083s] -- Installing: /home/serhat/workspaces/ros2_cpp_ws/install/udemy_ros2_pkg/share/udemy_ros2_pkg/cmake/udemy_ros2_pkg__rosidl_typesupport_introspection_cppExport.cmake
[11.083s] -- Installing: /home/serhat/workspaces/ros2_cpp_ws/install/udemy_ros2_pkg/share/udemy_ros2_pkg/cmake/udemy_ros2_pkg__rosidl_typesupport_introspection_cppExport-noconfig.cmake
[11.084s] -- Installing: /home/serhat/workspaces/ros2_cpp_ws/install/udemy_ros2_pkg/share/udemy_ros2_pkg/cmake/udemy_ros2_pkg__rosidl_typesupport_cppExport.cmake
[11.084s] -- Installing: /home/serhat/workspaces/ros2_cpp_ws/install/udemy_ros2_pkg/share/udemy_ros2_pkg/cmake/udemy_ros2_pkg__rosidl_typesupport_cppExport-noconfig.cmake
[11.084s] -- Installing: /home/serhat/workspaces/ros2_cpp_ws/install/udemy_ros2_pkg/share/udemy_ros2_pkg/cmake/export_udemy_ros2_pkg__rosidl_generator_pyExport.cmake
[11.084s] -- Installing: /home/serhat/workspaces/ros2_cpp_ws/install/udemy_ros2_pkg/share/udemy_ros2_pkg/cmake/export_udemy_ros2_pkg__rosidl_generator_pyExport-noconfig.cmake
[11.087s] Invoked command in '/home/serhat/workspaces/ros2_cpp_ws/build/udemy_ros2_pkg' returned '0': CMAKE_PREFIX_PATH=${CMAKE_PREFIX_PATH}:/opt/ros/humble /usr/bin/cmake --install /home/serhat/workspaces/ros2_cpp_ws/build/udemy_ros2_pkg
