-- The C compiler identification is GNU 11.3.0
-- The CXX compiler identification is GNU 11.3.0
-- Detecting C compiler ABI info
-- Detecting C compiler ABI info - done
-- Check for working C compiler: /usr/bin/cc - skipped
-- Detecting C compile features
-- Detecting C compile features - done
-- Detecting CXX compiler ABI info
-- Detecting CXX compiler ABI info - done
-- Check for working CXX compiler: /usr/bin/c++ - skipped
-- Detecting CXX compile features
-- Detecting CXX compile features - done
-- Found ament_cmake: 1.3.3 (/opt/ros/humble/share/ament_cmake/cmake)
-- Found Python3: /usr/bin/python3.10 (found version "3.10.6") found components: Interpreter 
-- Found ament_cmake_ros: 0.10.0 (/opt/ros/humble/share/ament_cmake_ros/cmake)
-- Found rclcpp: 16.0.3 (/opt/ros/humble/share/rclcpp/cmake)
-- Found rosidl_generator_c: 3.1.4 (/opt/ros/humble/share/rosidl_generator_c/cmake)
-- Found rosidl_adapter: 3.1.4 (/opt/ros/humble/share/rosidl_adapter/cmake)
-- Found rosidl_generator_cpp: 3.1.4 (/opt/ros/humble/share/rosidl_generator_cpp/cmake)
-- Using all available rosidl_typesupport_c: rosidl_typesupport_fastrtps_c;rosidl_typesupport_introspection_c
-- Using all available rosidl_typesupport_cpp: rosidl_typesupport_fastrtps_cpp;rosidl_typesupport_introspection_cpp
-- Found rmw_implementation_cmake: 6.1.1 (/opt/ros/humble/share/rmw_implementation_cmake/cmake)
-- Found rmw_fastrtps_cpp: 6.2.2 (/opt/ros/humble/share/rmw_fastrtps_cpp/cmake)
-- Found OpenSSL: /usr/lib/x86_64-linux-gnu/libcrypto.so (found version "3.0.2")  
-- Found FastRTPS: /opt/ros/humble/include  
-- Using RMW implementation 'rmw_fastrtps_cpp' as default
-- Looking for pthread.h
-- Looking for pthread.h - found
-- Performing Test CMAKE_HAVE_LIBC_PTHREAD
-- Performing Test CMAKE_HAVE_LIBC_PTHREAD - Success
-- Found Threads: TRUE  
-- Found rclcpp_components: 16.0.3 (/opt/ros/humble/share/rclcpp_components/cmake)
-- Found canopen_interfaces: 0.0.1 (/home/serhat/workspace/install/canopen_interfaces/share/canopen_interfaces/cmake)
-- Found std_srvs: 4.2.3 (/opt/ros/humble/share/std_srvs/cmake)
-- Found lely_core_libraries: 0.0.1 (/home/serhat/workspace/install/lely_core_libraries/share/lely_core_libraries/cmake)
-- Found canopen_core: 0.0.1 (/home/serhat/workspace/install/canopen_core/share/canopen_core/cmake)
-- Found rclcpp_lifecycle: 16.0.3 (/opt/ros/humble/share/rclcpp_lifecycle/cmake)
-- Found ament_lint_auto: 0.12.5 (/opt/ros/humble/share/ament_lint_auto/cmake)
-- Configuring done
-- Generating done
-- Build files have been written to: /home/serhat/workspace/build/canopen_base_driver
[ 33%] [32mBuilding CXX object CMakeFiles/lifecycle_canopen_base_driver.dir/src/lely_bridge.cpp.o[0m
[ 50%] [32mBuilding CXX object CMakeFiles/lifecycle_canopen_base_driver.dir/src/lifecycle_canopen_base_driver.cpp.o[0m
[ 50%] [32mBuilding CXX object CMakeFiles/canopen_base_driver.dir/src/canopen_base_driver.cpp.o[0m
[ 66%] [32mBuilding CXX object CMakeFiles/canopen_base_driver.dir/src/lely_bridge.cpp.o[0m
[ 83%] [32m[1mLinking CXX shared library libcanopen_base_driver.so[0m
[ 83%] Built target canopen_base_driver
[100%] [32m[1mLinking CXX shared library liblifecycle_canopen_base_driver.so[0m
[100%] Built target lifecycle_canopen_base_driver
-- Install configuration: ""
-- Installing: /home/serhat/workspace/install/canopen_base_driver/include
-- Installing: /home/serhat/workspace/install/canopen_base_driver/include/canopen_base_driver
-- Installing: /home/serhat/workspace/install/canopen_base_driver/include/canopen_base_driver/lifecycle_canopen_base_driver.hpp
-- Installing: /home/serhat/workspace/install/canopen_base_driver/include/canopen_base_driver/lely_bridge.hpp
-- Installing: /home/serhat/workspace/install/canopen_base_driver/include/canopen_base_driver/visibility_control.h
-- Installing: /home/serhat/workspace/install/canopen_base_driver/include/canopen_base_driver/canopen_base_driver.hpp
-- Installing: /home/serhat/workspace/install/canopen_base_driver/lib/libcanopen_base_driver.so
-- Set runtime path of "/home/serhat/workspace/install/canopen_base_driver/lib/libcanopen_base_driver.so" to ""
-- Installing: /home/serhat/workspace/install/canopen_base_driver/lib/liblifecycle_canopen_base_driver.so
-- Set runtime path of "/home/serhat/workspace/install/canopen_base_driver/lib/liblifecycle_canopen_base_driver.so" to ""
-- Installing: /home/serhat/workspace/install/canopen_base_driver/share/canopen_base_driver/environment/library_path.sh
-- Installing: /home/serhat/workspace/install/canopen_base_driver/share/canopen_base_driver/environment/library_path.dsv
-- Installing: /home/serhat/workspace/install/canopen_base_driver/share/ament_index/resource_index/package_run_dependencies/canopen_base_driver
-- Installing: /home/serhat/workspace/install/canopen_base_driver/share/ament_index/resource_index/parent_prefix_path/canopen_base_driver
-- Installing: /home/serhat/workspace/install/canopen_base_driver/share/canopen_base_driver/environment/ament_prefix_path.sh
-- Installing: /home/serhat/workspace/install/canopen_base_driver/share/canopen_base_driver/environment/ament_prefix_path.dsv
-- Installing: /home/serhat/workspace/install/canopen_base_driver/share/canopen_base_driver/environment/path.sh
-- Installing: /home/serhat/workspace/install/canopen_base_driver/share/canopen_base_driver/environment/path.dsv
-- Installing: /home/serhat/workspace/install/canopen_base_driver/share/canopen_base_driver/local_setup.bash
-- Installing: /home/serhat/workspace/install/canopen_base_driver/share/canopen_base_driver/local_setup.sh
-- Installing: /home/serhat/workspace/install/canopen_base_driver/share/canopen_base_driver/local_setup.zsh
-- Installing: /home/serhat/workspace/install/canopen_base_driver/share/canopen_base_driver/local_setup.dsv
-- Installing: /home/serhat/workspace/install/canopen_base_driver/share/canopen_base_driver/package.dsv
-- Installing: /home/serhat/workspace/install/canopen_base_driver/share/ament_index/resource_index/packages/canopen_base_driver
-- Installing: /home/serhat/workspace/install/canopen_base_driver/share/canopen_base_driver/cmake/export_canopen_base_driverExport.cmake
-- Installing: /home/serhat/workspace/install/canopen_base_driver/share/canopen_base_driver/cmake/export_canopen_base_driverExport-noconfig.cmake
-- Installing: /home/serhat/workspace/install/canopen_base_driver/share/canopen_base_driver/cmake/export_lifecycle_canopen_base_driverExport.cmake
-- Installing: /home/serhat/workspace/install/canopen_base_driver/share/canopen_base_driver/cmake/export_lifecycle_canopen_base_driverExport-noconfig.cmake
-- Installing: /home/serhat/workspace/install/canopen_base_driver/share/canopen_base_driver/cmake/ament_cmake_export_include_directories-extras.cmake
-- Installing: /home/serhat/workspace/install/canopen_base_driver/share/canopen_base_driver/cmake/ament_cmake_export_libraries-extras.cmake
-- Installing: /home/serhat/workspace/install/canopen_base_driver/share/canopen_base_driver/cmake/ament_cmake_export_targets-extras.cmake
-- Installing: /home/serhat/workspace/install/canopen_base_driver/share/canopen_base_driver/cmake/ament_cmake_export_dependencies-extras.cmake
-- Installing: /home/serhat/workspace/install/canopen_base_driver/share/canopen_base_driver/cmake/canopen_base_driverConfig.cmake
-- Installing: /home/serhat/workspace/install/canopen_base_driver/share/canopen_base_driver/cmake/canopen_base_driverConfig-version.cmake
-- Installing: /home/serhat/workspace/install/canopen_base_driver/share/canopen_base_driver/package.xml
