[0.020s] Invoking command in '/home/serhat/workspace/build/canopen_base_driver': AMENT_PREFIX_PATH=/home/serhat/workspace/install/canopen_core:/home/serhat/workspace/install/lely_core_libraries:/home/serhat/workspace/install/canopen_interfaces:${AMENT_PREFIX_PATH} CMAKE_PREFIX_PATH=/home/serhat/workspace/install/canopen_core:/home/serhat/workspace/install/lely_core_libraries:/home/serhat/workspace/install/canopen_interfaces:/opt/ros/humble LD_LIBRARY_PATH=/home/serhat/workspace/install/canopen_core/lib:/home/serhat/workspace/install/lely_core_libraries/lib:/home/serhat/workspace/install/canopen_interfaces/lib:${LD_LIBRARY_PATH} PATH=/home/serhat/workspace/install/lely_core_libraries/bin:${PATH} PYTHONPATH=/home/serhat/workspace/install/lely_core_libraries/lib/python3.10/site-packages:/home/serhat/workspace/install/canopen_interfaces/local/lib/python3.10/dist-packages:${PYTHONPATH} /usr/bin/cmake /home/serhat/workspace/ros2_canopen/canopen_base_driver -DCMAKE_INSTALL_PREFIX=/home/serhat/workspace/install/canopen_base_driver
[0.095s] -- The C compiler identification is GNU 11.3.0
[0.168s] -- The CXX compiler identification is GNU 11.3.0
[0.176s] -- Detecting C compiler ABI info
[0.270s] -- Detecting C compiler ABI info - done
[0.280s] -- Check for working C compiler: /usr/bin/cc - skipped
[0.281s] -- Detecting C compile features
[0.281s] -- Detecting C compile features - done
[0.285s] -- Detecting CXX compiler ABI info
[0.378s] -- Detecting CXX compiler ABI info - done
[0.387s] -- Check for working CXX compiler: /usr/bin/c++ - skipped
[0.387s] -- Detecting CXX compile features
[0.388s] -- Detecting CXX compile features - done
[0.390s] -- Found ament_cmake: 1.3.3 (/opt/ros/humble/share/ament_cmake/cmake)
[0.595s] -- Found Python3: /usr/bin/python3.10 (found version "3.10.6") found components: Interpreter 
[0.704s] -- Found ament_cmake_ros: 0.10.0 (/opt/ros/humble/share/ament_cmake_ros/cmake)
[0.715s] -- Found rclcpp: 16.0.3 (/opt/ros/humble/share/rclcpp/cmake)
[0.770s] -- Found rosidl_generator_c: 3.1.4 (/opt/ros/humble/share/rosidl_generator_c/cmake)
[0.777s] -- Found rosidl_adapter: 3.1.4 (/opt/ros/humble/share/rosidl_adapter/cmake)
[0.787s] -- Found rosidl_generator_cpp: 3.1.4 (/opt/ros/humble/share/rosidl_generator_cpp/cmake)
[0.807s] -- Using all available rosidl_typesupport_c: rosidl_typesupport_fastrtps_c;rosidl_typesupport_introspection_c
[0.837s] -- Using all available rosidl_typesupport_cpp: rosidl_typesupport_fastrtps_cpp;rosidl_typesupport_introspection_cpp
[0.921s] -- Found rmw_implementation_cmake: 6.1.1 (/opt/ros/humble/share/rmw_implementation_cmake/cmake)
[0.925s] -- Found rmw_fastrtps_cpp: 6.2.2 (/opt/ros/humble/share/rmw_fastrtps_cpp/cmake)
[1.044s] -- Found OpenSSL: /usr/lib/x86_64-linux-gnu/libcrypto.so (found version "3.0.2")  
[1.081s] -- Found FastRTPS: /opt/ros/humble/include  
[1.147s] -- Using RMW implementation 'rmw_fastrtps_cpp' as default
[1.164s] -- Looking for pthread.h
[1.249s] -- Looking for pthread.h - found
[1.249s] -- Performing Test CMAKE_HAVE_LIBC_PTHREAD
[1.341s] -- Performing Test CMAKE_HAVE_LIBC_PTHREAD - Success
[1.343s] -- Found Threads: TRUE  
[1.550s] -- Found rclcpp_components: 16.0.3 (/opt/ros/humble/share/rclcpp_components/cmake)
[1.639s] -- Found canopen_interfaces: 0.0.1 (/home/serhat/workspace/install/canopen_interfaces/share/canopen_interfaces/cmake)
[1.659s] -- Found std_srvs: 4.2.3 (/opt/ros/humble/share/std_srvs/cmake)
[1.678s] -- Found lely_core_libraries: 0.0.1 (/home/serhat/workspace/install/lely_core_libraries/share/lely_core_libraries/cmake)
[1.681s] -- Found canopen_core: 0.0.1 (/home/serhat/workspace/install/canopen_core/share/canopen_core/cmake)
[1.697s] -- Found rclcpp_lifecycle: 16.0.3 (/opt/ros/humble/share/rclcpp_lifecycle/cmake)
[1.756s] -- Found ament_lint_auto: 0.12.5 (/opt/ros/humble/share/ament_lint_auto/cmake)
[1.835s] -- Configuring done
[1.864s] -- Generating done
[1.866s] -- Build files have been written to: /home/serhat/workspace/build/canopen_base_driver
[1.876s] Invoked command in '/home/serhat/workspace/build/canopen_base_driver' returned '0': AMENT_PREFIX_PATH=/home/serhat/workspace/install/canopen_core:/home/serhat/workspace/install/lely_core_libraries:/home/serhat/workspace/install/canopen_interfaces:${AMENT_PREFIX_PATH} CMAKE_PREFIX_PATH=/home/serhat/workspace/install/canopen_core:/home/serhat/workspace/install/lely_core_libraries:/home/serhat/workspace/install/canopen_interfaces:/opt/ros/humble LD_LIBRARY_PATH=/home/serhat/workspace/install/canopen_core/lib:/home/serhat/workspace/install/lely_core_libraries/lib:/home/serhat/workspace/install/canopen_interfaces/lib:${LD_LIBRARY_PATH} PATH=/home/serhat/workspace/install/lely_core_libraries/bin:${PATH} PYTHONPATH=/home/serhat/workspace/install/lely_core_libraries/lib/python3.10/site-packages:/home/serhat/workspace/install/canopen_interfaces/local/lib/python3.10/dist-packages:${PYTHONPATH} /usr/bin/cmake /home/serhat/workspace/ros2_canopen/canopen_base_driver -DCMAKE_INSTALL_PREFIX=/home/serhat/workspace/install/canopen_base_driver
[1.879s] Invoking command in '/home/serhat/workspace/build/canopen_base_driver': AMENT_PREFIX_PATH=/home/serhat/workspace/install/canopen_core:/home/serhat/workspace/install/lely_core_libraries:/home/serhat/workspace/install/canopen_interfaces:${AMENT_PREFIX_PATH} CMAKE_PREFIX_PATH=/home/serhat/workspace/install/canopen_core:/home/serhat/workspace/install/lely_core_libraries:/home/serhat/workspace/install/canopen_interfaces:/opt/ros/humble LD_LIBRARY_PATH=/home/serhat/workspace/install/canopen_core/lib:/home/serhat/workspace/install/lely_core_libraries/lib:/home/serhat/workspace/install/canopen_interfaces/lib:${LD_LIBRARY_PATH} PATH=/home/serhat/workspace/install/lely_core_libraries/bin:${PATH} PYTHONPATH=/home/serhat/workspace/install/lely_core_libraries/lib/python3.10/site-packages:/home/serhat/workspace/install/canopen_interfaces/local/lib/python3.10/dist-packages:${PYTHONPATH} /usr/bin/cmake --build /home/serhat/workspace/build/canopen_base_driver -- -j12 -l12
[1.936s] [ 33%] [32mBuilding CXX object CMakeFiles/lifecycle_canopen_base_driver.dir/src/lely_bridge.cpp.o[0m
[1.936s] [ 50%] [32mBuilding CXX object CMakeFiles/lifecycle_canopen_base_driver.dir/src/lifecycle_canopen_base_driver.cpp.o[0m
[1.936s] [ 50%] [32mBuilding CXX object CMakeFiles/canopen_base_driver.dir/src/canopen_base_driver.cpp.o[0m
[1.936s] [ 66%] [32mBuilding CXX object CMakeFiles/canopen_base_driver.dir/src/lely_bridge.cpp.o[0m
[6.689s] [ 83%] [32m[1mLinking CXX shared library libcanopen_base_driver.so[0m
[6.922s] [ 83%] Built target canopen_base_driver
[7.268s] [100%] [32m[1mLinking CXX shared library liblifecycle_canopen_base_driver.so[0m
[7.537s] [100%] Built target lifecycle_canopen_base_driver
[7.549s] Invoked command in '/home/serhat/workspace/build/canopen_base_driver' returned '0': AMENT_PREFIX_PATH=/home/serhat/workspace/install/canopen_core:/home/serhat/workspace/install/lely_core_libraries:/home/serhat/workspace/install/canopen_interfaces:${AMENT_PREFIX_PATH} CMAKE_PREFIX_PATH=/home/serhat/workspace/install/canopen_core:/home/serhat/workspace/install/lely_core_libraries:/home/serhat/workspace/install/canopen_interfaces:/opt/ros/humble LD_LIBRARY_PATH=/home/serhat/workspace/install/canopen_core/lib:/home/serhat/workspace/install/lely_core_libraries/lib:/home/serhat/workspace/install/canopen_interfaces/lib:${LD_LIBRARY_PATH} PATH=/home/serhat/workspace/install/lely_core_libraries/bin:${PATH} PYTHONPATH=/home/serhat/workspace/install/lely_core_libraries/lib/python3.10/site-packages:/home/serhat/workspace/install/canopen_interfaces/local/lib/python3.10/dist-packages:${PYTHONPATH} /usr/bin/cmake --build /home/serhat/workspace/build/canopen_base_driver -- -j12 -l12
[7.584s] Invoking command in '/home/serhat/workspace/build/canopen_base_driver': AMENT_PREFIX_PATH=/home/serhat/workspace/install/canopen_core:/home/serhat/workspace/install/lely_core_libraries:/home/serhat/workspace/install/canopen_interfaces:${AMENT_PREFIX_PATH} CMAKE_PREFIX_PATH=/home/serhat/workspace/install/canopen_core:/home/serhat/workspace/install/lely_core_libraries:/home/serhat/workspace/install/canopen_interfaces:/opt/ros/humble LD_LIBRARY_PATH=/home/serhat/workspace/install/canopen_core/lib:/home/serhat/workspace/install/lely_core_libraries/lib:/home/serhat/workspace/install/canopen_interfaces/lib:${LD_LIBRARY_PATH} PATH=/home/serhat/workspace/install/lely_core_libraries/bin:${PATH} PYTHONPATH=/home/serhat/workspace/install/lely_core_libraries/lib/python3.10/site-packages:/home/serhat/workspace/install/canopen_interfaces/local/lib/python3.10/dist-packages:${PYTHONPATH} /usr/bin/cmake --install /home/serhat/workspace/build/canopen_base_driver
[7.592s] -- Install configuration: ""
[7.593s] -- Installing: /home/serhat/workspace/install/canopen_base_driver/include
[7.593s] -- Installing: /home/serhat/workspace/install/canopen_base_driver/include/canopen_base_driver
[7.593s] -- Installing: /home/serhat/workspace/install/canopen_base_driver/include/canopen_base_driver/lifecycle_canopen_base_driver.hpp
[7.593s] -- Installing: /home/serhat/workspace/install/canopen_base_driver/include/canopen_base_driver/lely_bridge.hpp
[7.593s] -- Installing: /home/serhat/workspace/install/canopen_base_driver/include/canopen_base_driver/visibility_control.h
[7.593s] -- Installing: /home/serhat/workspace/install/canopen_base_driver/include/canopen_base_driver/canopen_base_driver.hpp
[7.593s] -- Installing: /home/serhat/workspace/install/canopen_base_driver/lib/libcanopen_base_driver.so
[7.596s] -- Set runtime path of "/home/serhat/workspace/install/canopen_base_driver/lib/libcanopen_base_driver.so" to ""
[7.596s] -- Installing: /home/serhat/workspace/install/canopen_base_driver/lib/liblifecycle_canopen_base_driver.so
[7.599s] -- Set runtime path of "/home/serhat/workspace/install/canopen_base_driver/lib/liblifecycle_canopen_base_driver.so" to ""
[7.600s] -- Installing: /home/serhat/workspace/install/canopen_base_driver/share/canopen_base_driver/environment/library_path.sh
[7.600s] -- Installing: /home/serhat/workspace/install/canopen_base_driver/share/canopen_base_driver/environment/library_path.dsv
[7.600s] -- Installing: /home/serhat/workspace/install/canopen_base_driver/share/ament_index/resource_index/package_run_dependencies/canopen_base_driver
[7.601s] -- Installing: /home/serhat/workspace/install/canopen_base_driver/share/ament_index/resource_index/parent_prefix_path/canopen_base_driver
[7.601s] -- Installing: /home/serhat/workspace/install/canopen_base_driver/share/canopen_base_driver/environment/ament_prefix_path.sh
[7.601s] -- Installing: /home/serhat/workspace/install/canopen_base_driver/share/canopen_base_driver/environment/ament_prefix_path.dsv
[7.601s] -- Installing: /home/serhat/workspace/install/canopen_base_driver/share/canopen_base_driver/environment/path.sh
[7.601s] -- Installing: /home/serhat/workspace/install/canopen_base_driver/share/canopen_base_driver/environment/path.dsv
[7.602s] -- Installing: /home/serhat/workspace/install/canopen_base_driver/share/canopen_base_driver/local_setup.bash
[7.602s] -- Installing: /home/serhat/workspace/install/canopen_base_driver/share/canopen_base_driver/local_setup.sh
[7.602s] -- Installing: /home/serhat/workspace/install/canopen_base_driver/share/canopen_base_driver/local_setup.zsh
[7.602s] -- Installing: /home/serhat/workspace/install/canopen_base_driver/share/canopen_base_driver/local_setup.dsv
[7.603s] -- Installing: /home/serhat/workspace/install/canopen_base_driver/share/canopen_base_driver/package.dsv
[7.603s] -- Installing: /home/serhat/workspace/install/canopen_base_driver/share/ament_index/resource_index/packages/canopen_base_driver
[7.603s] -- Installing: /home/serhat/workspace/install/canopen_base_driver/share/canopen_base_driver/cmake/export_canopen_base_driverExport.cmake
[7.603s] -- Installing: /home/serhat/workspace/install/canopen_base_driver/share/canopen_base_driver/cmake/export_canopen_base_driverExport-noconfig.cmake
[7.604s] -- Installing: /home/serhat/workspace/install/canopen_base_driver/share/canopen_base_driver/cmake/export_lifecycle_canopen_base_driverExport.cmake
[7.604s] -- Installing: /home/serhat/workspace/install/canopen_base_driver/share/canopen_base_driver/cmake/export_lifecycle_canopen_base_driverExport-noconfig.cmake
[7.604s] -- Installing: /home/serhat/workspace/install/canopen_base_driver/share/canopen_base_driver/cmake/ament_cmake_export_include_directories-extras.cmake
[7.604s] -- Installing: /home/serhat/workspace/install/canopen_base_driver/share/canopen_base_driver/cmake/ament_cmake_export_libraries-extras.cmake
[7.605s] -- Installing: /home/serhat/workspace/install/canopen_base_driver/share/canopen_base_driver/cmake/ament_cmake_export_targets-extras.cmake
[7.605s] -- Installing: /home/serhat/workspace/install/canopen_base_driver/share/canopen_base_driver/cmake/ament_cmake_export_dependencies-extras.cmake
[7.605s] -- Installing: /home/serhat/workspace/install/canopen_base_driver/share/canopen_base_driver/cmake/canopen_base_driverConfig.cmake
[7.606s] -- Installing: /home/serhat/workspace/install/canopen_base_driver/share/canopen_base_driver/cmake/canopen_base_driverConfig-version.cmake
[7.606s] -- Installing: /home/serhat/workspace/install/canopen_base_driver/share/canopen_base_driver/package.xml
[7.612s] Invoked command in '/home/serhat/workspace/build/canopen_base_driver' returned '0': AMENT_PREFIX_PATH=/home/serhat/workspace/install/canopen_core:/home/serhat/workspace/install/lely_core_libraries:/home/serhat/workspace/install/canopen_interfaces:${AMENT_PREFIX_PATH} CMAKE_PREFIX_PATH=/home/serhat/workspace/install/canopen_core:/home/serhat/workspace/install/lely_core_libraries:/home/serhat/workspace/install/canopen_interfaces:/opt/ros/humble LD_LIBRARY_PATH=/home/serhat/workspace/install/canopen_core/lib:/home/serhat/workspace/install/lely_core_libraries/lib:/home/serhat/workspace/install/canopen_interfaces/lib:${LD_LIBRARY_PATH} PATH=/home/serhat/workspace/install/lely_core_libraries/bin:${PATH} PYTHONPATH=/home/serhat/workspace/install/lely_core_libraries/lib/python3.10/site-packages:/home/serhat/workspace/install/canopen_interfaces/local/lib/python3.10/dist-packages:${PYTHONPATH} /usr/bin/cmake --install /home/serhat/workspace/build/canopen_base_driver
