[0.061s] Invoking command in '/home/serhat/workspace/build/canopen_402_driver': AMENT_PREFIX_PATH=/home/serhat/workspace/install/canopen_proxy_driver:/home/serhat/workspace/install/canopen_base_driver:/home/serhat/workspace/install/canopen_core:/home/serhat/workspace/install/lely_core_libraries:/home/serhat/workspace/install/canopen_interfaces:${AMENT_PREFIX_PATH} CMAKE_PREFIX_PATH=/home/serhat/workspace/install/canopen_proxy_driver:/home/serhat/workspace/install/canopen_base_driver:/home/serhat/workspace/install/canopen_core:/home/serhat/workspace/install/lely_core_libraries:/home/serhat/workspace/install/canopen_interfaces:/opt/ros/humble LD_LIBRARY_PATH=/home/serhat/workspace/install/canopen_proxy_driver/lib:/home/serhat/workspace/install/canopen_base_driver/lib:/home/serhat/workspace/install/canopen_core/lib:/home/serhat/workspace/install/lely_core_libraries/lib:/home/serhat/workspace/install/canopen_interfaces/lib:${LD_LIBRARY_PATH} PATH=/home/serhat/workspace/install/lely_core_libraries/bin:${PATH} PYTHONPATH=/home/serhat/workspace/install/lely_core_libraries/lib/python3.10/site-packages:/home/serhat/workspace/install/canopen_interfaces/local/lib/python3.10/dist-packages:${PYTHONPATH} /usr/bin/cmake --build /home/serhat/workspace/build/canopen_402_driver -- -j12 -l12
[0.439s] [35m[1mConsolidate compiler generated dependencies of target lifecycle_canopen_402_driver[0m
[0.439s] [35m[1mConsolidate compiler generated dependencies of target canopen_402_driver[0m
[0.514s] [ 33%] [32mBuilding CXX object CMakeFiles/lifecycle_canopen_402_driver.dir/src/lifecycle_canopen_402_driver.cpp.o[0m
[0.514s] [ 33%] [32mBuilding CXX object CMakeFiles/canopen_402_driver.dir/src/canopen_402_driver.cpp.o[0m
[0.514s] [ 50%] [32mBuilding CXX object CMakeFiles/canopen_402_driver.dir/src/motor.cpp.o[0m
[0.515s] [ 66%] [32mBuilding CXX object CMakeFiles/lifecycle_canopen_402_driver.dir/src/motor.cpp.o[0m
[8.461s] [ 83%] [32m[1mLinking CXX shared library liblifecycle_canopen_402_driver.so[0m
[9.020s] [ 83%] Built target lifecycle_canopen_402_driver
[12.555s] [100%] [32m[1mLinking CXX shared library libcanopen_402_driver.so[0m
[13.234s] [100%] Built target canopen_402_driver
[13.243s] Invoked command in '/home/serhat/workspace/build/canopen_402_driver' returned '0': AMENT_PREFIX_PATH=/home/serhat/workspace/install/canopen_proxy_driver:/home/serhat/workspace/install/canopen_base_driver:/home/serhat/workspace/install/canopen_core:/home/serhat/workspace/install/lely_core_libraries:/home/serhat/workspace/install/canopen_interfaces:${AMENT_PREFIX_PATH} CMAKE_PREFIX_PATH=/home/serhat/workspace/install/canopen_proxy_driver:/home/serhat/workspace/install/canopen_base_driver:/home/serhat/workspace/install/canopen_core:/home/serhat/workspace/install/lely_core_libraries:/home/serhat/workspace/install/canopen_interfaces:/opt/ros/humble LD_LIBRARY_PATH=/home/serhat/workspace/install/canopen_proxy_driver/lib:/home/serhat/workspace/install/canopen_base_driver/lib:/home/serhat/workspace/install/canopen_core/lib:/home/serhat/workspace/install/lely_core_libraries/lib:/home/serhat/workspace/install/canopen_interfaces/lib:${LD_LIBRARY_PATH} PATH=/home/serhat/workspace/install/lely_core_libraries/bin:${PATH} PYTHONPATH=/home/serhat/workspace/install/lely_core_libraries/lib/python3.10/site-packages:/home/serhat/workspace/install/canopen_interfaces/local/lib/python3.10/dist-packages:${PYTHONPATH} /usr/bin/cmake --build /home/serhat/workspace/build/canopen_402_driver -- -j12 -l12
[13.267s] Invoking command in '/home/serhat/workspace/build/canopen_402_driver': AMENT_PREFIX_PATH=/home/serhat/workspace/install/canopen_proxy_driver:/home/serhat/workspace/install/canopen_base_driver:/home/serhat/workspace/install/canopen_core:/home/serhat/workspace/install/lely_core_libraries:/home/serhat/workspace/install/canopen_interfaces:${AMENT_PREFIX_PATH} CMAKE_PREFIX_PATH=/home/serhat/workspace/install/canopen_proxy_driver:/home/serhat/workspace/install/canopen_base_driver:/home/serhat/workspace/install/canopen_core:/home/serhat/workspace/install/lely_core_libraries:/home/serhat/workspace/install/canopen_interfaces:/opt/ros/humble LD_LIBRARY_PATH=/home/serhat/workspace/install/canopen_proxy_driver/lib:/home/serhat/workspace/install/canopen_base_driver/lib:/home/serhat/workspace/install/canopen_core/lib:/home/serhat/workspace/install/lely_core_libraries/lib:/home/serhat/workspace/install/canopen_interfaces/lib:${LD_LIBRARY_PATH} PATH=/home/serhat/workspace/install/lely_core_libraries/bin:${PATH} PYTHONPATH=/home/serhat/workspace/install/lely_core_libraries/lib/python3.10/site-packages:/home/serhat/workspace/install/canopen_interfaces/local/lib/python3.10/dist-packages:${PYTHONPATH} /usr/bin/cmake --install /home/serhat/workspace/build/canopen_402_driver
[13.273s] -- Install configuration: ""
[13.287s] -- Execute custom install script
[13.310s] -- Up-to-date symlink: /home/serhat/workspace/install/canopen_402_driver/include/canopen_402_driver/base.hpp
[13.310s] -- Up-to-date symlink: /home/serhat/workspace/install/canopen_402_driver/include/canopen_402_driver/canopen_402_driver.hpp
[13.311s] -- Up-to-date symlink: /home/serhat/workspace/install/canopen_402_driver/include/canopen_402_driver/lifecycle_canopen_402_driver.hpp
[13.311s] -- Up-to-date symlink: /home/serhat/workspace/install/canopen_402_driver/include/canopen_402_driver/mc_device_driver.hpp
[13.312s] -- Up-to-date symlink: /home/serhat/workspace/install/canopen_402_driver/include/canopen_402_driver/motor.hpp
[13.312s] -- Up-to-date symlink: /home/serhat/workspace/install/canopen_402_driver/include/canopen_402_driver/visibility_control.h
[13.313s] -- Up-to-date symlink: /home/serhat/workspace/install/canopen_402_driver/share/canopen_402_driver/environment/library_path.sh
[13.314s] -- Up-to-date symlink: /home/serhat/workspace/install/canopen_402_driver/share/canopen_402_driver/environment/library_path.dsv
[13.315s] -- Up-to-date symlink: /home/serhat/workspace/install/canopen_402_driver/share/ament_index/resource_index/package_run_dependencies/canopen_402_driver
[13.315s] -- Up-to-date symlink: /home/serhat/workspace/install/canopen_402_driver/share/ament_index/resource_index/parent_prefix_path/canopen_402_driver
[13.316s] -- Up-to-date symlink: /home/serhat/workspace/install/canopen_402_driver/share/canopen_402_driver/environment/ament_prefix_path.sh
[13.317s] -- Up-to-date symlink: /home/serhat/workspace/install/canopen_402_driver/share/canopen_402_driver/environment/ament_prefix_path.dsv
[13.317s] -- Up-to-date symlink: /home/serhat/workspace/install/canopen_402_driver/share/canopen_402_driver/environment/path.sh
[13.318s] -- Up-to-date symlink: /home/serhat/workspace/install/canopen_402_driver/share/canopen_402_driver/environment/path.dsv
[13.318s] -- Up-to-date symlink: /home/serhat/workspace/install/canopen_402_driver/share/canopen_402_driver/local_setup.bash
[13.319s] -- Up-to-date symlink: /home/serhat/workspace/install/canopen_402_driver/share/canopen_402_driver/local_setup.sh
[13.320s] -- Up-to-date symlink: /home/serhat/workspace/install/canopen_402_driver/share/canopen_402_driver/local_setup.zsh
[13.320s] -- Up-to-date symlink: /home/serhat/workspace/install/canopen_402_driver/share/canopen_402_driver/local_setup.dsv
[13.321s] -- Symlinking: /home/serhat/workspace/install/canopen_402_driver/share/canopen_402_driver/package.dsv
[13.332s] -- Up-to-date symlink: /home/serhat/workspace/install/canopen_402_driver/share/ament_index/resource_index/packages/canopen_402_driver
[13.332s] -- Up-to-date symlink: /home/serhat/workspace/install/canopen_402_driver/share/ament_index/resource_index/rclcpp_components/canopen_402_driver
[13.332s] -- Up-to-date symlink: /home/serhat/workspace/install/canopen_402_driver/share/canopen_402_driver/cmake/ament_cmake_export_include_directories-extras.cmake
[13.333s] -- Up-to-date symlink: /home/serhat/workspace/install/canopen_402_driver/share/canopen_402_driver/cmake/ament_cmake_export_libraries-extras.cmake
[13.333s] -- Up-to-date symlink: /home/serhat/workspace/install/canopen_402_driver/share/canopen_402_driver/cmake/ament_cmake_export_targets-extras.cmake
[13.333s] -- Up-to-date symlink: /home/serhat/workspace/install/canopen_402_driver/share/canopen_402_driver/cmake/canopen_402_driverConfig.cmake
[13.334s] -- Up-to-date symlink: /home/serhat/workspace/install/canopen_402_driver/share/canopen_402_driver/cmake/canopen_402_driverConfig-version.cmake
[13.334s] -- Up-to-date symlink: /home/serhat/workspace/install/canopen_402_driver/share/canopen_402_driver/package.xml
[13.356s] -- Installing: /home/serhat/workspace/install/canopen_402_driver/lib/libcanopen_402_driver.so
[13.371s] -- Set runtime path of "/home/serhat/workspace/install/canopen_402_driver/lib/libcanopen_402_driver.so" to ""
[13.387s] -- Installing: /home/serhat/workspace/install/canopen_402_driver/lib/liblifecycle_canopen_402_driver.so
[13.395s] -- Set runtime path of "/home/serhat/workspace/install/canopen_402_driver/lib/liblifecycle_canopen_402_driver.so" to ""
[13.405s] -- Up-to-date: /home/serhat/workspace/install/canopen_402_driver/share/canopen_402_driver/cmake/export_canopen_402_driverExport.cmake
[13.405s] -- Up-to-date: /home/serhat/workspace/install/canopen_402_driver/share/canopen_402_driver/cmake/export_canopen_402_driverExport-noconfig.cmake
[13.405s] -- Up-to-date: /home/serhat/workspace/install/canopen_402_driver/share/canopen_402_driver/cmake/export_lifecycle_canopen_402_driverExport.cmake
[13.405s] -- Up-to-date: /home/serhat/workspace/install/canopen_402_driver/share/canopen_402_driver/cmake/export_lifecycle_canopen_402_driverExport-noconfig.cmake
[13.410s] Invoked command in '/home/serhat/workspace/build/canopen_402_driver' returned '0': AMENT_PREFIX_PATH=/home/serhat/workspace/install/canopen_proxy_driver:/home/serhat/workspace/install/canopen_base_driver:/home/serhat/workspace/install/canopen_core:/home/serhat/workspace/install/lely_core_libraries:/home/serhat/workspace/install/canopen_interfaces:${AMENT_PREFIX_PATH} CMAKE_PREFIX_PATH=/home/serhat/workspace/install/canopen_proxy_driver:/home/serhat/workspace/install/canopen_base_driver:/home/serhat/workspace/install/canopen_core:/home/serhat/workspace/install/lely_core_libraries:/home/serhat/workspace/install/canopen_interfaces:/opt/ros/humble LD_LIBRARY_PATH=/home/serhat/workspace/install/canopen_proxy_driver/lib:/home/serhat/workspace/install/canopen_base_driver/lib:/home/serhat/workspace/install/canopen_core/lib:/home/serhat/workspace/install/lely_core_libraries/lib:/home/serhat/workspace/install/canopen_interfaces/lib:${LD_LIBRARY_PATH} PATH=/home/serhat/workspace/install/lely_core_libraries/bin:${PATH} PYTHONPATH=/home/serhat/workspace/install/lely_core_libraries/lib/python3.10/site-packages:/home/serhat/workspace/install/canopen_interfaces/local/lib/python3.10/dist-packages:${PYTHONPATH} /usr/bin/cmake --install /home/serhat/workspace/build/canopen_402_driver
