[0.278s] DEBUG:colcon:Command line arguments: ['/usr/bin/colcon', 'build', '--packages-select', 'udemy_ros2_pkg']
[0.278s] DEBUG:colcon:Parsed command line arguments: Namespace(log_base=None, log_level=None, verb_name='build', build_base='build', install_base='install', merge_install=False, symlink_install=False, test_result_base=None, continue_on_error=False, executor='parallel', parallel_workers=12, event_handlers=None, ignore_user_meta=False, metas=['./colcon.meta'], base_paths=['.'], packages_ignore=None, packages_ignore_regex=None, paths=None, packages_up_to=None, packages_up_to_regex=None, packages_above=None, packages_above_and_dependencies=None, packages_above_depth=None, packages_select_by_dep=None, packages_skip_by_dep=None, packages_skip_up_to=None, packages_select_build_failed=False, packages_skip_build_finished=False, packages_select_test_failures=False, packages_skip_test_passed=False, packages_select=['udemy_ros2_pkg'], packages_skip=None, packages_select_regex=None, packages_skip_regex=None, packages_start=None, packages_end=None, allow_overriding=[], cmake_args=None, cmake_target=None, cmake_target_skip_unavailable=False, cmake_clean_cache=False, cmake_clean_first=False, cmake_force_configure=False, ament_cmake_args=None, catkin_cmake_args=None, catkin_skip_building_tests=False, verb_parser=<colcon_defaults.argument_parser.defaults.DefaultArgumentsDecorator object at 0x7f2fc54d3c40>, verb_extension=<colcon_core.verb.build.BuildVerb object at 0x7f2fc5520d90>, main=<bound method BuildVerb.main of <colcon_core.verb.build.BuildVerb object at 0x7f2fc5520d90>>)
[0.298s] Level 1:colcon.colcon_core.package_discovery:discover_packages(colcon_meta) check parameters
[0.298s] Level 1:colcon.colcon_core.package_discovery:discover_packages(recursive) check parameters
[0.298s] Level 1:colcon.colcon_core.package_discovery:discover_packages(ignore) check parameters
[0.298s] Level 1:colcon.colcon_core.package_discovery:discover_packages(path) check parameters
[0.298s] Level 1:colcon.colcon_core.package_discovery:discover_packages(colcon_meta) discover
[0.298s] Level 1:colcon.colcon_core.package_discovery:discover_packages(recursive) discover
[0.298s] INFO:colcon.colcon_core.package_discovery:Crawling recursively for packages in '/home/serhat/workspaces/ros2_cpp_ws'
[0.298s] Level 1:colcon.colcon_core.package_identification:_identify(.) by extensions ['ignore', 'ignore_ament_install']
[0.298s] Level 1:colcon.colcon_core.package_identification:_identify(.) by extension 'ignore'
[0.298s] Level 1:colcon.colcon_core.package_identification:_identify(.) by extension 'ignore_ament_install'
[0.298s] Level 1:colcon.colcon_core.package_identification:_identify(.) by extensions ['colcon_pkg']
[0.298s] Level 1:colcon.colcon_core.package_identification:_identify(.) by extension 'colcon_pkg'
[0.299s] Level 1:colcon.colcon_core.package_identification:_identify(.) by extensions ['colcon_meta']
[0.299s] Level 1:colcon.colcon_core.package_identification:_identify(.) by extension 'colcon_meta'
[0.299s] Level 1:colcon.colcon_core.package_identification:_identify(.) by extensions ['ros']
[0.299s] Level 1:colcon.colcon_core.package_identification:_identify(.) by extension 'ros'
[0.308s] Level 1:colcon.colcon_core.package_identification:_identify(.) by extensions ['cmake', 'python']
[0.308s] Level 1:colcon.colcon_core.package_identification:_identify(.) by extension 'cmake'
[0.308s] Level 1:colcon.colcon_core.package_identification:_identify(.) by extension 'python'
[0.308s] Level 1:colcon.colcon_core.package_identification:_identify(.) by extensions ['python_setup_py']
[0.308s] Level 1:colcon.colcon_core.package_identification:_identify(.) by extension 'python_setup_py'
[0.308s] Level 1:colcon.colcon_core.package_identification:_identify(build) by extensions ['ignore', 'ignore_ament_install']
[0.308s] Level 1:colcon.colcon_core.package_identification:_identify(build) by extension 'ignore'
[0.308s] Level 1:colcon.colcon_core.package_identification:_identify(build) ignored
[0.308s] Level 1:colcon.colcon_core.package_identification:_identify(images) by extensions ['ignore', 'ignore_ament_install']
[0.308s] Level 1:colcon.colcon_core.package_identification:_identify(images) by extension 'ignore'
[0.308s] Level 1:colcon.colcon_core.package_identification:_identify(images) by extension 'ignore_ament_install'
[0.309s] Level 1:colcon.colcon_core.package_identification:_identify(images) by extensions ['colcon_pkg']
[0.309s] Level 1:colcon.colcon_core.package_identification:_identify(images) by extension 'colcon_pkg'
[0.309s] Level 1:colcon.colcon_core.package_identification:_identify(images) by extensions ['colcon_meta']
[0.309s] Level 1:colcon.colcon_core.package_identification:_identify(images) by extension 'colcon_meta'
[0.309s] Level 1:colcon.colcon_core.package_identification:_identify(images) by extensions ['ros']
[0.309s] Level 1:colcon.colcon_core.package_identification:_identify(images) by extension 'ros'
[0.309s] Level 1:colcon.colcon_core.package_identification:_identify(images) by extensions ['cmake', 'python']
[0.309s] Level 1:colcon.colcon_core.package_identification:_identify(images) by extension 'cmake'
[0.309s] Level 1:colcon.colcon_core.package_identification:_identify(images) by extension 'python'
[0.309s] Level 1:colcon.colcon_core.package_identification:_identify(images) by extensions ['python_setup_py']
[0.309s] Level 1:colcon.colcon_core.package_identification:_identify(images) by extension 'python_setup_py'
[0.309s] Level 1:colcon.colcon_core.package_identification:_identify(install) by extensions ['ignore', 'ignore_ament_install']
[0.309s] Level 1:colcon.colcon_core.package_identification:_identify(install) by extension 'ignore'
[0.309s] Level 1:colcon.colcon_core.package_identification:_identify(install) ignored
[0.310s] Level 1:colcon.colcon_core.package_identification:_identify(log) by extensions ['ignore', 'ignore_ament_install']
[0.310s] Level 1:colcon.colcon_core.package_identification:_identify(log) by extension 'ignore'
[0.310s] Level 1:colcon.colcon_core.package_identification:_identify(log) ignored
[0.310s] Level 1:colcon.colcon_core.package_identification:_identify(src) by extensions ['ignore', 'ignore_ament_install']
[0.310s] Level 1:colcon.colcon_core.package_identification:_identify(src) by extension 'ignore'
[0.310s] Level 1:colcon.colcon_core.package_identification:_identify(src) by extension 'ignore_ament_install'
[0.310s] Level 1:colcon.colcon_core.package_identification:_identify(src) by extensions ['colcon_pkg']
[0.310s] Level 1:colcon.colcon_core.package_identification:_identify(src) by extension 'colcon_pkg'
[0.310s] Level 1:colcon.colcon_core.package_identification:_identify(src) by extensions ['colcon_meta']
[0.310s] Level 1:colcon.colcon_core.package_identification:_identify(src) by extension 'colcon_meta'
[0.310s] Level 1:colcon.colcon_core.package_identification:_identify(src) by extensions ['ros']
[0.310s] Level 1:colcon.colcon_core.package_identification:_identify(src) by extension 'ros'
[0.310s] Level 1:colcon.colcon_core.package_identification:_identify(src) by extensions ['cmake', 'python']
[0.310s] Level 1:colcon.colcon_core.package_identification:_identify(src) by extension 'cmake'
[0.311s] Level 1:colcon.colcon_core.package_identification:_identify(src) by extension 'python'
[0.311s] Level 1:colcon.colcon_core.package_identification:_identify(src) by extensions ['python_setup_py']
[0.311s] Level 1:colcon.colcon_core.package_identification:_identify(src) by extension 'python_setup_py'
[0.311s] Level 1:colcon.colcon_core.package_identification:_identify(src/build) by extensions ['ignore', 'ignore_ament_install']
[0.311s] Level 1:colcon.colcon_core.package_identification:_identify(src/build) by extension 'ignore'
[0.311s] Level 1:colcon.colcon_core.package_identification:_identify(src/build) ignored
[0.311s] Level 1:colcon.colcon_core.package_identification:_identify(src/install) by extensions ['ignore', 'ignore_ament_install']
[0.311s] Level 1:colcon.colcon_core.package_identification:_identify(src/install) by extension 'ignore'
[0.311s] Level 1:colcon.colcon_core.package_identification:_identify(src/install) ignored
[0.311s] Level 1:colcon.colcon_core.package_identification:_identify(src/log) by extensions ['ignore', 'ignore_ament_install']
[0.311s] Level 1:colcon.colcon_core.package_identification:_identify(src/log) by extension 'ignore'
[0.311s] Level 1:colcon.colcon_core.package_identification:_identify(src/log) ignored
[0.312s] Level 1:colcon.colcon_core.package_identification:_identify(src/realsense2_camera) by extensions ['ignore', 'ignore_ament_install']
[0.312s] Level 1:colcon.colcon_core.package_identification:_identify(src/realsense2_camera) by extension 'ignore'
[0.312s] Level 1:colcon.colcon_core.package_identification:_identify(src/realsense2_camera) by extension 'ignore_ament_install'
[0.312s] Level 1:colcon.colcon_core.package_identification:_identify(src/realsense2_camera) by extensions ['colcon_pkg']
[0.312s] Level 1:colcon.colcon_core.package_identification:_identify(src/realsense2_camera) by extension 'colcon_pkg'
[0.312s] Level 1:colcon.colcon_core.package_identification:_identify(src/realsense2_camera) by extensions ['colcon_meta']
[0.312s] Level 1:colcon.colcon_core.package_identification:_identify(src/realsense2_camera) by extension 'colcon_meta'
[0.312s] Level 1:colcon.colcon_core.package_identification:_identify(src/realsense2_camera) by extensions ['ros']
[0.312s] Level 1:colcon.colcon_core.package_identification:_identify(src/realsense2_camera) by extension 'ros'
[0.317s] DEBUG:colcon.colcon_core.package_identification:Package 'src/realsense2_camera' with type 'ros.ament_cmake' and name 'realsense2_camera'
[0.317s] Level 1:colcon.colcon_core.package_identification:_identify(src/udemy_ros2_pkg) by extensions ['ignore', 'ignore_ament_install']
[0.317s] Level 1:colcon.colcon_core.package_identification:_identify(src/udemy_ros2_pkg) by extension 'ignore'
[0.318s] Level 1:colcon.colcon_core.package_identification:_identify(src/udemy_ros2_pkg) by extension 'ignore_ament_install'
[0.318s] Level 1:colcon.colcon_core.package_identification:_identify(src/udemy_ros2_pkg) by extensions ['colcon_pkg']
[0.318s] Level 1:colcon.colcon_core.package_identification:_identify(src/udemy_ros2_pkg) by extension 'colcon_pkg'
[0.318s] Level 1:colcon.colcon_core.package_identification:_identify(src/udemy_ros2_pkg) by extensions ['colcon_meta']
[0.318s] Level 1:colcon.colcon_core.package_identification:_identify(src/udemy_ros2_pkg) by extension 'colcon_meta'
[0.318s] Level 1:colcon.colcon_core.package_identification:_identify(src/udemy_ros2_pkg) by extensions ['ros']
[0.318s] Level 1:colcon.colcon_core.package_identification:_identify(src/udemy_ros2_pkg) by extension 'ros'
[0.319s] DEBUG:colcon.colcon_core.package_identification:Package 'src/udemy_ros2_pkg' with type 'ros.ament_cmake' and name 'udemy_ros2_pkg'
[0.319s] Level 1:colcon.colcon_core.package_identification:_identify(src/usb_cam) by extensions ['ignore', 'ignore_ament_install']
[0.319s] Level 1:colcon.colcon_core.package_identification:_identify(src/usb_cam) by extension 'ignore'
[0.319s] Level 1:colcon.colcon_core.package_identification:_identify(src/usb_cam) by extension 'ignore_ament_install'
[0.319s] Level 1:colcon.colcon_core.package_identification:_identify(src/usb_cam) by extensions ['colcon_pkg']
[0.319s] Level 1:colcon.colcon_core.package_identification:_identify(src/usb_cam) by extension 'colcon_pkg'
[0.320s] Level 1:colcon.colcon_core.package_identification:_identify(src/usb_cam) by extensions ['colcon_meta']
[0.320s] Level 1:colcon.colcon_core.package_identification:_identify(src/usb_cam) by extension 'colcon_meta'
[0.320s] Level 1:colcon.colcon_core.package_identification:_identify(src/usb_cam) by extensions ['ros']
[0.320s] Level 1:colcon.colcon_core.package_identification:_identify(src/usb_cam) by extension 'ros'
[0.321s] DEBUG:colcon.colcon_core.package_identification:Package 'src/usb_cam' with type 'ros.ament_cmake' and name 'usb_cam'
[0.321s] Level 1:colcon.colcon_core.package_discovery:discover_packages(recursive) using defaults
[0.321s] Level 1:colcon.colcon_core.package_discovery:discover_packages(ignore) discover
[0.321s] Level 1:colcon.colcon_core.package_discovery:discover_packages(ignore) using defaults
[0.321s] Level 1:colcon.colcon_core.package_discovery:discover_packages(path) discover
[0.322s] Level 1:colcon.colcon_core.package_discovery:discover_packages(path) using defaults
[0.339s] INFO:colcon.colcon_core.package_selection:Skipping not selected package 'realsense2_camera' in 'src/realsense2_camera'
[0.339s] INFO:colcon.colcon_core.package_selection:Skipping not selected package 'usb_cam' in 'src/usb_cam'
[0.340s] Level 1:colcon.colcon_core.package_discovery:discover_packages(prefix_path) check parameters
[0.340s] Level 1:colcon.colcon_core.package_discovery:discover_packages(prefix_path) discover
[0.342s] DEBUG:colcon.colcon_installed_package_information.package_discovery:Found 2 installed packages in /home/serhat/workspaces/ros2_cpp_ws/install
[0.343s] DEBUG:colcon.colcon_installed_package_information.package_discovery:Found 2 installed packages in /home/serhat/workspaces/install
[0.345s] DEBUG:colcon.colcon_installed_package_information.package_discovery:Found 361 installed packages in /opt/ros/humble
[0.346s] Level 1:colcon.colcon_core.package_discovery:discover_packages(prefix_path) using defaults
[0.405s] Level 5:colcon.colcon_core.verb:set package 'udemy_ros2_pkg' build argument 'cmake_args' from command line to 'None'
[0.405s] Level 5:colcon.colcon_core.verb:set package 'udemy_ros2_pkg' build argument 'cmake_target' from command line to 'None'
[0.405s] Level 5:colcon.colcon_core.verb:set package 'udemy_ros2_pkg' build argument 'cmake_target_skip_unavailable' from command line to 'False'
[0.405s] Level 5:colcon.colcon_core.verb:set package 'udemy_ros2_pkg' build argument 'cmake_clean_cache' from command line to 'False'
[0.405s] Level 5:colcon.colcon_core.verb:set package 'udemy_ros2_pkg' build argument 'cmake_clean_first' from command line to 'False'
[0.405s] Level 5:colcon.colcon_core.verb:set package 'udemy_ros2_pkg' build argument 'cmake_force_configure' from command line to 'False'
[0.405s] Level 5:colcon.colcon_core.verb:set package 'udemy_ros2_pkg' build argument 'ament_cmake_args' from command line to 'None'
[0.405s] Level 5:colcon.colcon_core.verb:set package 'udemy_ros2_pkg' build argument 'catkin_cmake_args' from command line to 'None'
[0.405s] Level 5:colcon.colcon_core.verb:set package 'udemy_ros2_pkg' build argument 'catkin_skip_building_tests' from command line to 'False'
[0.405s] DEBUG:colcon.colcon_core.verb:Building package 'udemy_ros2_pkg' with the following arguments: {'ament_cmake_args': None, 'build_base': '/home/serhat/workspaces/ros2_cpp_ws/build/udemy_ros2_pkg', 'catkin_cmake_args': None, 'catkin_skip_building_tests': False, 'cmake_args': None, 'cmake_clean_cache': False, 'cmake_clean_first': False, 'cmake_force_configure': False, 'cmake_target': None, 'cmake_target_skip_unavailable': False, 'install_base': '/home/serhat/workspaces/ros2_cpp_ws/install/udemy_ros2_pkg', 'merge_install': False, 'path': '/home/serhat/workspaces/ros2_cpp_ws/src/udemy_ros2_pkg', 'symlink_install': False, 'test_result_base': None}
[0.406s] INFO:colcon.colcon_core.executor:Executing jobs using 'parallel' executor
[0.408s] DEBUG:colcon.colcon_parallel_executor.executor.parallel:run_until_complete
[0.409s] INFO:colcon.colcon_ros.task.ament_cmake.build:Building ROS package in '/home/serhat/workspaces/ros2_cpp_ws/src/udemy_ros2_pkg' with build type 'ament_cmake'
[0.409s] INFO:colcon.colcon_cmake.task.cmake.build:Building CMake package in '/home/serhat/workspaces/ros2_cpp_ws/src/udemy_ros2_pkg'
[0.412s] INFO:colcon.colcon_core.plugin_system:Skipping extension 'colcon_core.shell.bat': Not used on non-Windows systems
[0.413s] INFO:colcon.colcon_core.shell:Skip shell extension 'powershell' for command environment: Not usable outside of PowerShell
[0.413s] DEBUG:colcon.colcon_core.shell:Skip shell extension 'dsv' for command environment
[0.422s] DEBUG:colcon.colcon_core.event_handler.log_command:Invoking command in '/home/serhat/workspaces/ros2_cpp_ws/build/udemy_ros2_pkg': CMAKE_PREFIX_PATH=${CMAKE_PREFIX_PATH}:/opt/ros/humble /usr/bin/cmake --build /home/serhat/workspaces/ros2_cpp_ws/build/udemy_ros2_pkg -- -j12 -l12
[11.379s] DEBUG:colcon.colcon_core.event_handler.log_command:Invoked command in '/home/serhat/workspaces/ros2_cpp_ws/build/udemy_ros2_pkg' returned '0': CMAKE_PREFIX_PATH=${CMAKE_PREFIX_PATH}:/opt/ros/humble /usr/bin/cmake --build /home/serhat/workspaces/ros2_cpp_ws/build/udemy_ros2_pkg -- -j12 -l12
[11.578s] DEBUG:colcon.colcon_core.event_handler.log_command:Invoking command in '/home/serhat/workspaces/ros2_cpp_ws/build/udemy_ros2_pkg': CMAKE_PREFIX_PATH=${CMAKE_PREFIX_PATH}:/opt/ros/humble /usr/bin/cmake --install /home/serhat/workspaces/ros2_cpp_ws/build/udemy_ros2_pkg
[11.781s] Level 1:colcon.colcon_core.environment:create_environment_scripts_only(udemy_ros2_pkg)
[11.784s] DEBUG:colcon.colcon_core.event_handler.log_command:Invoked command in '/home/serhat/workspaces/ros2_cpp_ws/build/udemy_ros2_pkg' returned '0': CMAKE_PREFIX_PATH=${CMAKE_PREFIX_PATH}:/opt/ros/humble /usr/bin/cmake --install /home/serhat/workspaces/ros2_cpp_ws/build/udemy_ros2_pkg
[11.799s] Level 1:colcon.colcon_core.environment:checking '/home/serhat/workspaces/ros2_cpp_ws/install/udemy_ros2_pkg' for CMake module files
[11.801s] Level 1:colcon.colcon_core.environment:checking '/home/serhat/workspaces/ros2_cpp_ws/install/udemy_ros2_pkg' for CMake config files
[11.804s] Level 1:colcon.colcon_core.shell:create_environment_hook('udemy_ros2_pkg', 'cmake_prefix_path')
[11.807s] INFO:colcon.colcon_core.shell:Creating environment hook '/home/serhat/workspaces/ros2_cpp_ws/install/udemy_ros2_pkg/share/udemy_ros2_pkg/hook/cmake_prefix_path.ps1'
[11.808s] INFO:colcon.colcon_core.shell:Creating environment descriptor '/home/serhat/workspaces/ros2_cpp_ws/install/udemy_ros2_pkg/share/udemy_ros2_pkg/hook/cmake_prefix_path.dsv'
[11.809s] INFO:colcon.colcon_core.shell:Creating environment hook '/home/serhat/workspaces/ros2_cpp_ws/install/udemy_ros2_pkg/share/udemy_ros2_pkg/hook/cmake_prefix_path.sh'
[11.810s] Level 1:colcon.colcon_core.environment:checking '/home/serhat/workspaces/ros2_cpp_ws/install/udemy_ros2_pkg/lib'
[11.811s] Level 1:colcon.colcon_core.shell:create_environment_hook('udemy_ros2_pkg', 'ld_library_path_lib')
[11.813s] INFO:colcon.colcon_core.shell:Creating environment hook '/home/serhat/workspaces/ros2_cpp_ws/install/udemy_ros2_pkg/share/udemy_ros2_pkg/hook/ld_library_path_lib.ps1'
[11.813s] INFO:colcon.colcon_core.shell:Creating environment descriptor '/home/serhat/workspaces/ros2_cpp_ws/install/udemy_ros2_pkg/share/udemy_ros2_pkg/hook/ld_library_path_lib.dsv'
[11.814s] INFO:colcon.colcon_core.shell:Creating environment hook '/home/serhat/workspaces/ros2_cpp_ws/install/udemy_ros2_pkg/share/udemy_ros2_pkg/hook/ld_library_path_lib.sh'
[11.814s] Level 1:colcon.colcon_core.environment:checking '/home/serhat/workspaces/ros2_cpp_ws/install/udemy_ros2_pkg/bin'
[11.814s] Level 1:colcon.colcon_core.environment:checking '/home/serhat/workspaces/ros2_cpp_ws/install/udemy_ros2_pkg/lib/pkgconfig/udemy_ros2_pkg.pc'
[11.815s] Level 1:colcon.colcon_core.environment:checking '/home/serhat/workspaces/ros2_cpp_ws/install/udemy_ros2_pkg/lib/python3.10/site-packages'
[11.815s] Level 1:colcon.colcon_core.environment:checking '/home/serhat/workspaces/ros2_cpp_ws/install/udemy_ros2_pkg/bin'
[11.817s] INFO:colcon.colcon_core.shell:Creating package script '/home/serhat/workspaces/ros2_cpp_ws/install/udemy_ros2_pkg/share/udemy_ros2_pkg/package.ps1'
[11.818s] INFO:colcon.colcon_core.shell:Creating package descriptor '/home/serhat/workspaces/ros2_cpp_ws/install/udemy_ros2_pkg/share/udemy_ros2_pkg/package.dsv'
[11.819s] INFO:colcon.colcon_core.shell:Creating package script '/home/serhat/workspaces/ros2_cpp_ws/install/udemy_ros2_pkg/share/udemy_ros2_pkg/package.sh'
[11.820s] INFO:colcon.colcon_core.shell:Creating package script '/home/serhat/workspaces/ros2_cpp_ws/install/udemy_ros2_pkg/share/udemy_ros2_pkg/package.bash'
[11.820s] INFO:colcon.colcon_core.shell:Creating package script '/home/serhat/workspaces/ros2_cpp_ws/install/udemy_ros2_pkg/share/udemy_ros2_pkg/package.zsh'
[11.821s] Level 1:colcon.colcon_core.environment:create_file_with_runtime_dependencies(/home/serhat/workspaces/ros2_cpp_ws/install/udemy_ros2_pkg/share/colcon-core/packages/udemy_ros2_pkg)
[12.005s] Level 1:colcon.colcon_core.environment:create_environment_scripts_only(udemy_ros2_pkg)
[12.008s] Level 1:colcon.colcon_core.environment:checking '/home/serhat/workspaces/ros2_cpp_ws/install/udemy_ros2_pkg' for CMake module files
[12.010s] Level 1:colcon.colcon_core.environment:checking '/home/serhat/workspaces/ros2_cpp_ws/install/udemy_ros2_pkg' for CMake config files
[12.012s] Level 1:colcon.colcon_core.shell:create_environment_hook('udemy_ros2_pkg', 'cmake_prefix_path')
[12.015s] INFO:colcon.colcon_core.shell:Creating environment hook '/home/serhat/workspaces/ros2_cpp_ws/install/udemy_ros2_pkg/share/udemy_ros2_pkg/hook/cmake_prefix_path.ps1'
[12.015s] INFO:colcon.colcon_core.shell:Creating environment descriptor '/home/serhat/workspaces/ros2_cpp_ws/install/udemy_ros2_pkg/share/udemy_ros2_pkg/hook/cmake_prefix_path.dsv'
[12.016s] INFO:colcon.colcon_core.shell:Creating environment hook '/home/serhat/workspaces/ros2_cpp_ws/install/udemy_ros2_pkg/share/udemy_ros2_pkg/hook/cmake_prefix_path.sh'
[12.017s] Level 1:colcon.colcon_core.environment:checking '/home/serhat/workspaces/ros2_cpp_ws/install/udemy_ros2_pkg/lib'
[12.017s] Level 1:colcon.colcon_core.shell:create_environment_hook('udemy_ros2_pkg', 'ld_library_path_lib')
[12.019s] INFO:colcon.colcon_core.shell:Creating environment hook '/home/serhat/workspaces/ros2_cpp_ws/install/udemy_ros2_pkg/share/udemy_ros2_pkg/hook/ld_library_path_lib.ps1'
[12.020s] INFO:colcon.colcon_core.shell:Creating environment descriptor '/home/serhat/workspaces/ros2_cpp_ws/install/udemy_ros2_pkg/share/udemy_ros2_pkg/hook/ld_library_path_lib.dsv'
[12.020s] INFO:colcon.colcon_core.shell:Creating environment hook '/home/serhat/workspaces/ros2_cpp_ws/install/udemy_ros2_pkg/share/udemy_ros2_pkg/hook/ld_library_path_lib.sh'
[12.021s] Level 1:colcon.colcon_core.environment:checking '/home/serhat/workspaces/ros2_cpp_ws/install/udemy_ros2_pkg/bin'
[12.021s] Level 1:colcon.colcon_core.environment:checking '/home/serhat/workspaces/ros2_cpp_ws/install/udemy_ros2_pkg/lib/pkgconfig/udemy_ros2_pkg.pc'
[12.022s] Level 1:colcon.colcon_core.environment:checking '/home/serhat/workspaces/ros2_cpp_ws/install/udemy_ros2_pkg/lib/python3.10/site-packages'
[12.022s] Level 1:colcon.colcon_core.environment:checking '/home/serhat/workspaces/ros2_cpp_ws/install/udemy_ros2_pkg/bin'
[12.025s] INFO:colcon.colcon_core.shell:Creating package script '/home/serhat/workspaces/ros2_cpp_ws/install/udemy_ros2_pkg/share/udemy_ros2_pkg/package.ps1'
[12.025s] INFO:colcon.colcon_core.shell:Creating package descriptor '/home/serhat/workspaces/ros2_cpp_ws/install/udemy_ros2_pkg/share/udemy_ros2_pkg/package.dsv'
[12.026s] INFO:colcon.colcon_core.shell:Creating package script '/home/serhat/workspaces/ros2_cpp_ws/install/udemy_ros2_pkg/share/udemy_ros2_pkg/package.sh'
[12.027s] INFO:colcon.colcon_core.shell:Creating package script '/home/serhat/workspaces/ros2_cpp_ws/install/udemy_ros2_pkg/share/udemy_ros2_pkg/package.bash'
[12.028s] INFO:colcon.colcon_core.shell:Creating package script '/home/serhat/workspaces/ros2_cpp_ws/install/udemy_ros2_pkg/share/udemy_ros2_pkg/package.zsh'
[12.028s] Level 1:colcon.colcon_core.environment:create_file_with_runtime_dependencies(/home/serhat/workspaces/ros2_cpp_ws/install/udemy_ros2_pkg/share/colcon-core/packages/udemy_ros2_pkg)
[12.029s] DEBUG:colcon.colcon_parallel_executor.executor.parallel:closing loop
[12.029s] DEBUG:colcon.colcon_parallel_executor.executor.parallel:loop closed
[12.029s] DEBUG:colcon.colcon_parallel_executor.executor.parallel:run_until_complete finished with '0'
[12.029s] DEBUG:colcon.colcon_core.event_reactor:joining thread
[12.036s] INFO:colcon.colcon_core.plugin_system:Skipping extension 'colcon_notification.desktop_notification.terminal_notifier': Not used on non-Darwin systems
[12.036s] INFO:colcon.colcon_core.plugin_system:Skipping extension 'colcon_notification.desktop_notification.win32': Not used on non-Windows systems
[12.036s] INFO:colcon.colcon_notification.desktop_notification:Sending desktop notification using 'notify2'
[12.050s] DEBUG:colcon.colcon_core.event_reactor:joined thread
[12.051s] INFO:colcon.colcon_core.shell:Creating prefix script '/home/serhat/workspaces/ros2_cpp_ws/install/local_setup.ps1'
[12.053s] INFO:colcon.colcon_core.shell:Creating prefix util module '/home/serhat/workspaces/ros2_cpp_ws/install/_local_setup_util_ps1.py'
[12.054s] INFO:colcon.colcon_core.shell:Creating prefix chain script '/home/serhat/workspaces/ros2_cpp_ws/install/setup.ps1'
[12.056s] INFO:colcon.colcon_core.shell:Creating prefix script '/home/serhat/workspaces/ros2_cpp_ws/install/local_setup.sh'
[12.056s] INFO:colcon.colcon_core.shell:Creating prefix util module '/home/serhat/workspaces/ros2_cpp_ws/install/_local_setup_util_sh.py'
[12.057s] INFO:colcon.colcon_core.shell:Creating prefix chain script '/home/serhat/workspaces/ros2_cpp_ws/install/setup.sh'
[12.058s] INFO:colcon.colcon_core.shell:Creating prefix script '/home/serhat/workspaces/ros2_cpp_ws/install/local_setup.bash'
[12.059s] INFO:colcon.colcon_core.shell:Creating prefix chain script '/home/serhat/workspaces/ros2_cpp_ws/install/setup.bash'
[12.061s] INFO:colcon.colcon_core.shell:Creating prefix script '/home/serhat/workspaces/ros2_cpp_ws/install/local_setup.zsh'
[12.061s] INFO:colcon.colcon_core.shell:Creating prefix chain script '/home/serhat/workspaces/ros2_cpp_ws/install/setup.zsh'
