[0.012s] Invoking command in '/home/serhat/workspace/build/udemy_ros2_pkg': CMAKE_PREFIX_PATH=/opt/ros/humble /usr/bin/cmake /home/serhat/workspace/ros2_cpp_ws/src/udemy_ros2_pkg -DCMAKE_INSTALL_PREFIX=/home/serhat/workspace/install/udemy_ros2_pkg
[0.681s] -- The C compiler identification is GNU 11.3.0
[1.092s] -- The CXX compiler identification is GNU 11.3.0
[1.142s] -- Detecting C compiler ABI info
[1.342s] -- Detecting C compiler ABI info - done
[1.353s] -- Check for working C compiler: /usr/bin/cc - skipped
[1.354s] -- Detecting C compile features
[1.368s] -- Detecting C compile features - done
[1.373s] -- Detecting CXX compiler ABI info
[1.549s] -- Detecting CXX compiler ABI info - done
[1.558s] -- Check for working CXX compiler: /usr/bin/c++ - skipped
[1.558s] -- Detecting CXX compile features
[1.558s] -- Detecting CXX compile features - done
[1.643s] -- Found ament_cmake: 1.3.3 (/opt/ros/humble/share/ament_cmake/cmake)
[1.913s] -- Found Python3: /usr/bin/python3.10 (found version "3.10.6") found components: Interpreter 
[2.150s] -- Found rclcpp: 16.0.3 (/opt/ros/humble/share/rclcpp/cmake)
[2.475s] -- Found rosidl_generator_c: 3.1.4 (/opt/ros/humble/share/rosidl_generator_c/cmake)
[2.523s] -- Found rosidl_adapter: 3.1.4 (/opt/ros/humble/share/rosidl_adapter/cmake)
[2.561s] -- Found rosidl_generator_cpp: 3.1.4 (/opt/ros/humble/share/rosidl_generator_cpp/cmake)
[2.609s] -- Using all available rosidl_typesupport_c: rosidl_typesupport_fastrtps_c;rosidl_typesupport_introspection_c
[2.682s] -- Using all available rosidl_typesupport_cpp: rosidl_typesupport_fastrtps_cpp;rosidl_typesupport_introspection_cpp
[2.830s] -- Found rmw_implementation_cmake: 6.1.1 (/opt/ros/humble/share/rmw_implementation_cmake/cmake)
[2.846s] -- Found rmw_fastrtps_cpp: 6.2.2 (/opt/ros/humble/share/rmw_fastrtps_cpp/cmake)
[3.211s] -- Found OpenSSL: /usr/lib/x86_64-linux-gnu/libcrypto.so (found version "3.0.2")  
[3.308s] -- Found FastRTPS: /opt/ros/humble/include  
[3.363s] -- Using RMW implementation 'rmw_fastrtps_cpp' as default
[3.479s] -- Looking for pthread.h
[3.681s] -- Looking for pthread.h - found
[3.681s] -- Performing Test CMAKE_HAVE_LIBC_PTHREAD
[3.834s] -- Performing Test CMAKE_HAVE_LIBC_PTHREAD - Success
[3.836s] -- Found Threads: TRUE  
[4.171s] -- Found rosidl_default_generators: 1.2.0 (/opt/ros/humble/share/rosidl_default_generators/cmake)
[4.227s] -- Found sensor_msgs: 4.2.3 (/opt/ros/humble/share/sensor_msgs/cmake)
[4.424s] -- Found OpenCV: /usr (found version "4.5.4") 
[4.457s] -- Found cv_bridge: 3.2.1 (/opt/ros/humble/share/cv_bridge/cmake)
[4.482s] -- Found action_msgs: 1.2.1 (/opt/ros/humble/share/action_msgs/cmake)
[4.612s] -- Found rclcpp_action: 16.0.3 (/opt/ros/humble/share/rclcpp_action/cmake)
[4.658s] -- Found ros_ign_gazebo: 0.244.9 (/opt/ros/humble/share/ros_ign_gazebo/cmake)
[6.077s] -- Found ament_cmake_cppcheck: 0.12.5 (/opt/ros/humble/share/ament_cmake_cppcheck/cmake)
[6.090s] -- Found ament_cmake_cpplint: 0.12.5 (/opt/ros/humble/share/ament_cmake_cpplint/cmake)
[6.107s] -- Found ament_cmake_uncrustify: 0.12.5 (/opt/ros/humble/share/ament_cmake_uncrustify/cmake)
[6.135s] -- Found ament_cmake_ros: 0.10.0 (/opt/ros/humble/share/ament_cmake_ros/cmake)
[6.716s] -- Using all available rosidl_typesupport_c: rosidl_typesupport_fastrtps_c;rosidl_typesupport_introspection_c
[6.896s] -- Using all available rosidl_typesupport_cpp: rosidl_typesupport_fastrtps_cpp;rosidl_typesupport_introspection_cpp
[6.978s] -- Found PythonInterp: /usr/bin/python3 (found suitable version "3.10.6", minimum required is "3.6") 
[6.996s] -- Found python_cmake_module: 0.10.0 (/opt/ros/humble/share/python_cmake_module/cmake)
[7.069s] -- Found PythonLibs: /usr/lib/x86_64-linux-gnu/libpython3.10.so (found suitable version "3.10.6", minimum required is "3.5") 
[7.070s] -- Using PYTHON_EXECUTABLE: /usr/bin/python3
[7.070s] -- Using PYTHON_INCLUDE_DIRS: /usr/include/python3.10
[7.070s] -- Using PYTHON_LIBRARIES: /usr/lib/x86_64-linux-gnu/libpython3.10.so
[7.123s] -- Found PythonExtra: .so  
[7.257s] -- Found ament_cmake_flake8: 0.12.5 (/opt/ros/humble/share/ament_cmake_flake8/cmake)
[7.270s] -- Found ament_cmake_pep257: 0.12.5 (/opt/ros/humble/share/ament_cmake_pep257/cmake)
[7.302s] -- Found ament_lint_auto: 0.12.5 (/opt/ros/humble/share/ament_lint_auto/cmake)
[7.382s] -- Added test 'cppcheck' to perform static code analysis on C / C++ code
[7.386s] -- Configured cppcheck include dirs: 
[7.386s] -- Configured cppcheck exclude dirs and/or files: 
[7.421s] -- Added test 'cpplint' to check C / C++ code against the Google style
[7.421s] -- Configured cpplint exclude dirs and/or files: 
[7.445s] -- Added test 'uncrustify' to check C / C++ code style
[7.446s] -- Configured uncrustify additional arguments: 
[7.448s] -- Added test 'flake8' to check Python code syntax and style conventions
[7.450s] -- Added test 'pep257' to check Python code against some of the docstring style conventions in PEP 257
[7.453s] -- Added test 'lint_cmake' to check CMake code style
[7.455s] -- Added test 'xmllint' to check XML markup files
[7.470s] -- Configuring done
[7.613s] -- Generating done
[7.617s] -- Build files have been written to: /home/serhat/workspace/build/udemy_ros2_pkg
[7.630s] Invoked command in '/home/serhat/workspace/build/udemy_ros2_pkg' returned '0': CMAKE_PREFIX_PATH=/opt/ros/humble /usr/bin/cmake /home/serhat/workspace/ros2_cpp_ws/src/udemy_ros2_pkg -DCMAKE_INSTALL_PREFIX=/home/serhat/workspace/install/udemy_ros2_pkg
[7.631s] Invoking command in '/home/serhat/workspace/build/udemy_ros2_pkg': CMAKE_PREFIX_PATH=/opt/ros/humble /usr/bin/cmake --build /home/serhat/workspace/build/udemy_ros2_pkg -- -j12 -l12
[7.666s] [  1%] [34m[1mGenerating C code for ROS interfaces[0m
[7.667s] [35m[1mConsolidate compiler generated dependencies of target subscriber[0m
[7.667s] [35m[1mConsolidate compiler generated dependencies of target rpm_speed[0m
[7.670s] [35m[1mConsolidate compiler generated dependencies of target publisher[0m
[7.670s] [35m[1mConsolidate compiler generated dependencies of target canbustest[0m
[7.670s] [35m[1mConsolidate compiler generated dependencies of target speed_calc[0m
[7.671s] [35m[1mConsolidate compiler generated dependencies of target rpm_pub[0m
[7.679s] [  2%] [34m[1mGenerating C++ code for ROS interfaces[0m
[7.682s] [  4%] [32mBuilding CXX object CMakeFiles/canbustest.dir/src/canbustest.cpp.o[0m
[7.687s] [  5%] [32mBuilding CXX object CMakeFiles/publisher.dir/src/publisher.cpp.o[0m
[7.690s] [  7%] [32mBuilding CXX object CMakeFiles/subscriber.dir/src/subscriber.cpp.o[0m
[7.690s] [  8%] [32mBuilding CXX object CMakeFiles/rpm_speed.dir/src/rpm_speed.cpp.o[0m
[7.690s] [ 10%] [32mBuilding CXX object CMakeFiles/rpm_pub.dir/src/rpm_pub.cpp.o[0m
[7.691s] [ 10%] Built target ament_cmake_python_copy_udemy_ros2_pkg
[7.693s] [ 11%] [32mBuilding CXX object CMakeFiles/speed_calc.dir/src/speed_calc.cpp.o[0m
[8.095s] running egg_info
[8.095s] writing udemy_ros2_pkg.egg-info/PKG-INFO
[8.095s] writing dependency_links to udemy_ros2_pkg.egg-info/dependency_links.txt
[8.096s] writing top-level names to udemy_ros2_pkg.egg-info/top_level.txt
[8.157s] reading manifest file 'udemy_ros2_pkg.egg-info/SOURCES.txt'
[8.157s] writing manifest file 'udemy_ros2_pkg.egg-info/SOURCES.txt'
[8.178s] [ 11%] Built target ament_cmake_python_build_udemy_ros2_pkg_egg
[8.487s] [ 11%] Built target udemy_ros2_pkg__cpp
[8.497s] [ 13%] [34m[1mGenerating C++ type support dispatch for ROS interfaces[0m
[8.500s] [ 16%] [34m[1mGenerating C++ introspection for ROS interfaces[0m
[8.500s] [ 16%] [34m[1mGenerating C++ type support for eProsima Fast-RTPS[0m
[8.591s] [35m[1mConsolidate compiler generated dependencies of target udemy_ros2_pkg__rosidl_generator_c[0m
[8.610s] [ 17%] [32mBuilding C object CMakeFiles/udemy_ros2_pkg__rosidl_generator_c.dir/rosidl_generator_c/udemy_ros2_pkg/srv/detail/odd_even_check__functions.c.o[0m
[8.611s] [ 19%] [32mBuilding C object CMakeFiles/udemy_ros2_pkg__rosidl_generator_c.dir/rosidl_generator_c/udemy_ros2_pkg/action/detail/navigate__functions.c.o[0m
[8.617s] [ 20%] [32mBuilding C object CMakeFiles/udemy_ros2_pkg__rosidl_generator_c.dir/rosidl_generator_c/udemy_ros2_pkg/srv/detail/turn_camera__functions.c.o[0m
[8.966s] [ 22%] [32m[1mLinking C shared library libudemy_ros2_pkg__rosidl_generator_c.so[0m
[9.079s] [35m[1mConsolidate compiler generated dependencies of target udemy_ros2_pkg__rosidl_typesupport_cpp[0m
[9.096s] [ 23%] [32mBuilding CXX object CMakeFiles/udemy_ros2_pkg__rosidl_typesupport_cpp.dir/rosidl_typesupport_cpp/udemy_ros2_pkg/srv/odd_even_check__type_support.cpp.o[0m
[9.106s] [ 25%] [32mBuilding CXX object CMakeFiles/udemy_ros2_pkg__rosidl_typesupport_cpp.dir/rosidl_typesupport_cpp/udemy_ros2_pkg/srv/turn_camera__type_support.cpp.o[0m
[9.106s] [ 25%] Built target udemy_ros2_pkg__rosidl_generator_c
[9.108s] [ 26%] [32mBuilding CXX object CMakeFiles/udemy_ros2_pkg__rosidl_typesupport_cpp.dir/rosidl_typesupport_cpp/udemy_ros2_pkg/action/navigate__type_support.cpp.o[0m
[9.119s] [ 28%] [34m[1mGenerating C type support for eProsima Fast-RTPS[0m
[9.329s] [35m[1mConsolidate compiler generated dependencies of target udemy_ros2_pkg__rosidl_typesupport_introspection_cpp[0m
[9.351s] [ 29%] [32mBuilding CXX object CMakeFiles/udemy_ros2_pkg__rosidl_typesupport_introspection_cpp.dir/rosidl_typesupport_introspection_cpp/udemy_ros2_pkg/srv/detail/odd_even_check__type_support.cpp.o[0m
[9.377s] [35m[1mConsolidate compiler generated dependencies of target udemy_ros2_pkg__rosidl_typesupport_fastrtps_cpp[0m
[9.401s] [ 31%] [32mBuilding CXX object CMakeFiles/udemy_ros2_pkg__rosidl_typesupport_fastrtps_cpp.dir/rosidl_typesupport_fastrtps_cpp/udemy_ros2_pkg/srv/detail/dds_fastrtps/odd_even_check__type_support.cpp.o[0m
[9.614s] [ 32%] [32mBuilding CXX object CMakeFiles/udemy_ros2_pkg__rosidl_typesupport_introspection_cpp.dir/rosidl_typesupport_introspection_cpp/udemy_ros2_pkg/srv/detail/turn_camera__type_support.cpp.o[0m
[9.625s] [ 34%] [32mBuilding CXX object CMakeFiles/udemy_ros2_pkg__rosidl_typesupport_introspection_cpp.dir/rosidl_typesupport_introspection_cpp/udemy_ros2_pkg/action/detail/navigate__type_support.cpp.o[0m
[9.871s] [ 35%] [32m[1mLinking CXX shared library libudemy_ros2_pkg__rosidl_typesupport_cpp.so[0m
[9.975s] [ 35%] Built target udemy_ros2_pkg__rosidl_typesupport_cpp
[9.996s] [ 37%] [34m[1mGenerating C introspection for ROS interfaces[0m
[10.019s] [ 38%] [34m[1mGenerating C type support dispatch for ROS interfaces[0m
[10.099s] [35m[1mConsolidate compiler generated dependencies of target udemy_ros2_pkg__rosidl_typesupport_fastrtps_c[0m
[10.125s] [ 40%] [32mBuilding CXX object CMakeFiles/udemy_ros2_pkg__rosidl_typesupport_fastrtps_c.dir/rosidl_typesupport_fastrtps_c/udemy_ros2_pkg/srv/detail/odd_even_check__type_support_c.cpp.o[0m
[10.195s] [ 41%] [32mBuilding CXX object CMakeFiles/udemy_ros2_pkg__rosidl_typesupport_fastrtps_cpp.dir/rosidl_typesupport_fastrtps_cpp/udemy_ros2_pkg/srv/detail/dds_fastrtps/turn_camera__type_support.cpp.o[0m
[10.259s] [ 43%] [32mBuilding CXX object CMakeFiles/udemy_ros2_pkg__rosidl_typesupport_fastrtps_c.dir/rosidl_typesupport_fastrtps_c/udemy_ros2_pkg/srv/detail/turn_camera__type_support_c.cpp.o[0m
[10.843s] [ 46%] [32mBuilding CXX object CMakeFiles/udemy_ros2_pkg__rosidl_typesupport_fastrtps_cpp.dir/rosidl_typesupport_fastrtps_cpp/udemy_ros2_pkg/action/detail/dds_fastrtps/navigate__type_support.cpp.o[0m
[10.843s] [ 46%] [32mBuilding CXX object CMakeFiles/udemy_ros2_pkg__rosidl_typesupport_fastrtps_c.dir/rosidl_typesupport_fastrtps_c/udemy_ros2_pkg/action/detail/navigate__type_support_c.cpp.o[0m
[10.844s] [35m[1mConsolidate compiler generated dependencies of target service_server[0m
[10.847s] [ 47%] [32m[1mLinking CXX shared library libudemy_ros2_pkg__rosidl_typesupport_introspection_cpp.so[0m
[10.864s] [35m[1mConsolidate compiler generated dependencies of target udemy_ros2_pkg__rosidl_typesupport_c[0m
[10.870s] [ 49%] [32mBuilding CXX object CMakeFiles/service_server.dir/src/service_server.cpp.o[0m
[10.879s] [ 50%] [32mBuilding CXX object CMakeFiles/udemy_ros2_pkg__rosidl_typesupport_c.dir/rosidl_typesupport_c/udemy_ros2_pkg/srv/odd_even_check__type_support.cpp.o[0m
[10.897s] [35m[1mConsolidate compiler generated dependencies of target udemy_ros2_pkg__rosidl_typesupport_introspection_c[0m
[10.916s] [ 52%] [32mBuilding C object CMakeFiles/udemy_ros2_pkg__rosidl_typesupport_introspection_c.dir/rosidl_typesupport_introspection_c/udemy_ros2_pkg/srv/detail/odd_even_check__type_support.c.o[0m
[10.958s] [ 53%] [32mBuilding CXX object CMakeFiles/udemy_ros2_pkg__rosidl_typesupport_c.dir/rosidl_typesupport_c/udemy_ros2_pkg/srv/turn_camera__type_support.cpp.o[0m
[10.974s] [ 55%] [32mBuilding C object CMakeFiles/udemy_ros2_pkg__rosidl_typesupport_introspection_c.dir/rosidl_typesupport_introspection_c/udemy_ros2_pkg/srv/detail/turn_camera__type_support.c.o[0m
[11.001s] [ 56%] [32mBuilding CXX object CMakeFiles/udemy_ros2_pkg__rosidl_typesupport_c.dir/rosidl_typesupport_c/udemy_ros2_pkg/action/navigate__type_support.cpp.o[0m
[11.052s] [ 56%] Built target udemy_ros2_pkg__rosidl_typesupport_introspection_cpp
[11.068s] [35m[1mConsolidate compiler generated dependencies of target service_client[0m
[11.085s] [ 58%] [32mBuilding C object CMakeFiles/udemy_ros2_pkg__rosidl_typesupport_introspection_c.dir/rosidl_typesupport_introspection_c/udemy_ros2_pkg/action/detail/navigate__type_support.c.o[0m
[11.093s] [ 59%] [32mBuilding CXX object CMakeFiles/service_client.dir/src/service_client.cpp.o[0m
[11.117s] [ 61%] [32m[1mLinking CXX shared library libudemy_ros2_pkg__rosidl_typesupport_c.so[0m
[11.208s] [ 61%] Built target udemy_ros2_pkg__rosidl_typesupport_c
[11.208s] [ 62%] [32m[1mLinking C shared library libudemy_ros2_pkg__rosidl_typesupport_introspection_c.so[0m
[11.222s] [35m[1mConsolidate compiler generated dependencies of target action_server[0m
[11.249s] [ 64%] [32mBuilding CXX object CMakeFiles/action_server.dir/src/action_server.cpp.o[0m
[11.343s] [ 64%] Built target udemy_ros2_pkg__rosidl_typesupport_introspection_c
[11.436s] [ 65%] [32m[1mLinking CXX shared library libudemy_ros2_pkg__rosidl_typesupport_fastrtps_c.so[0m
[11.437s] [35m[1mConsolidate compiler generated dependencies of target action_client[0m
[11.465s] [ 67%] [32mBuilding CXX object CMakeFiles/action_client.dir/src/action_client.cpp.o[0m
[11.661s] [ 68%] [32m[1mLinking CXX shared library libudemy_ros2_pkg__rosidl_typesupport_fastrtps_cpp.so[0m
[12.574s] [ 68%] Built target udemy_ros2_pkg__rosidl_typesupport_fastrtps_c
[12.575s] [ 68%] Built target udemy_ros2_pkg__rosidl_typesupport_fastrtps_cpp
[12.575s] [ 70%] [32m[1mLinking CXX executable canbustest[0m
[12.608s] [ 70%] Built target udemy_ros2_pkg
[12.629s] [ 71%] [34m[1mGenerating Python code for ROS interfaces[0m
[13.863s] [ 71%] Built target canbustest
[14.133s] [ 73%] [32m[1mLinking CXX executable publisher[0m
[14.321s] [ 74%] [32m[1mLinking CXX executable rpm_pub[0m
[14.441s] [ 74%] Built target publisher
[14.643s] [ 74%] Built target rpm_pub
[15.480s] [ 74%] Built target udemy_ros2_pkg__py
[15.490s] [35m[1mConsolidate compiler generated dependencies of target udemy_ros2_pkg__rosidl_generator_py[0m
[15.511s] [ 77%] [32mBuilding C object CMakeFiles/udemy_ros2_pkg__rosidl_generator_py.dir/rosidl_generator_py/udemy_ros2_pkg/srv/_turn_camera_s.c.o[0m
[15.511s] [ 79%] [32mBuilding C object CMakeFiles/udemy_ros2_pkg__rosidl_generator_py.dir/rosidl_generator_py/udemy_ros2_pkg/action/_navigate_s.c.o[0m
[15.511s] [ 79%] [32mBuilding C object CMakeFiles/udemy_ros2_pkg__rosidl_generator_py.dir/rosidl_generator_py/udemy_ros2_pkg/srv/_odd_even_check_s.c.o[0m
[15.684s] [ 80%] [32m[1mLinking CXX executable service_client[0m
[15.868s] [ 82%] [32m[1mLinking C shared library rosidl_generator_py/udemy_ros2_pkg/libudemy_ros2_pkg__rosidl_generator_py.so[0m
[15.868s] [ 82%] Built target service_client
[15.955s] [ 83%] [32m[1mLinking CXX executable service_server[0m
[15.969s] [ 83%] Built target udemy_ros2_pkg__rosidl_generator_py
[15.983s] [35m[1mConsolidate compiler generated dependencies of target udemy_ros2_pkg__rosidl_typesupport_fastrtps_c__pyext[0m
[15.983s] [35m[1mConsolidate compiler generated dependencies of target udemy_ros2_pkg__rosidl_typesupport_introspection_c__pyext[0m
[15.983s] [35m[1mConsolidate compiler generated dependencies of target udemy_ros2_pkg__rosidl_typesupport_c__pyext[0m
[16.021s] [ 88%] [32mBuilding C object CMakeFiles/udemy_ros2_pkg__rosidl_typesupport_c__pyext.dir/rosidl_generator_py/udemy_ros2_pkg/_udemy_ros2_pkg_s.ep.rosidl_typesupport_c.c.o[0m
[16.021s] [ 88%] [32mBuilding C object CMakeFiles/udemy_ros2_pkg__rosidl_typesupport_introspection_c__pyext.dir/rosidl_generator_py/udemy_ros2_pkg/_udemy_ros2_pkg_s.ep.rosidl_typesupport_introspection_c.c.o[0m
[16.021s] [ 88%] [32mBuilding C object CMakeFiles/udemy_ros2_pkg__rosidl_typesupport_fastrtps_c__pyext.dir/rosidl_generator_py/udemy_ros2_pkg/_udemy_ros2_pkg_s.ep.rosidl_typesupport_fastrtps_c.c.o[0m
[16.198s] [ 88%] Built target service_server
[16.200s] [ 89%] [32m[1mLinking C shared library rosidl_generator_py/udemy_ros2_pkg/udemy_ros2_pkg_s__rosidl_typesupport_introspection_c.cpython-310-x86_64-linux-gnu.so[0m
[16.218s] [ 91%] [32m[1mLinking C shared library rosidl_generator_py/udemy_ros2_pkg/udemy_ros2_pkg_s__rosidl_typesupport_fastrtps_c.cpython-310-x86_64-linux-gnu.so[0m
[16.239s] [ 92%] [32m[1mLinking C shared library rosidl_generator_py/udemy_ros2_pkg/udemy_ros2_pkg_s__rosidl_typesupport_c.cpython-310-x86_64-linux-gnu.so[0m
[16.266s] [ 92%] Built target udemy_ros2_pkg__rosidl_typesupport_introspection_c__pyext
[16.270s] [ 92%] Built target udemy_ros2_pkg__rosidl_typesupport_fastrtps_c__pyext
[16.302s] [ 92%] Built target udemy_ros2_pkg__rosidl_typesupport_c__pyext
[17.205s] [ 94%] [32m[1mLinking CXX executable action_client[0m
[17.429s] [ 94%] Built target action_client
[18.390s] [ 95%] [32m[1mLinking CXX executable subscriber[0m
[18.751s] [ 95%] Built target subscriber
[18.880s] [ 97%] [32m[1mLinking CXX executable speed_calc[0m
[19.231s] [ 97%] Built target speed_calc
[21.368s] [ 98%] [32m[1mLinking CXX executable rpm_speed[0m
[21.753s] [100%] [32m[1mLinking CXX executable action_server[0m
[21.855s] [100%] Built target rpm_speed
[22.132s] [100%] Built target action_server
[22.142s] Invoked command in '/home/serhat/workspace/build/udemy_ros2_pkg' returned '0': CMAKE_PREFIX_PATH=/opt/ros/humble /usr/bin/cmake --build /home/serhat/workspace/build/udemy_ros2_pkg -- -j12 -l12
[22.270s] Invoking command in '/home/serhat/workspace/build/udemy_ros2_pkg': CMAKE_PREFIX_PATH=/opt/ros/humble /usr/bin/cmake --install /home/serhat/workspace/build/udemy_ros2_pkg
[22.277s] -- Install configuration: ""
[22.277s] -- Up-to-date: /home/serhat/workspace/install/udemy_ros2_pkg/share/ament_index/resource_index/rosidl_interfaces/udemy_ros2_pkg
[22.277s] -- Up-to-date: /home/serhat/workspace/install/udemy_ros2_pkg/include/udemy_ros2_pkg/udemy_ros2_pkg
[22.277s] -- Up-to-date: /home/serhat/workspace/install/udemy_ros2_pkg/include/udemy_ros2_pkg/udemy_ros2_pkg/msg
[22.277s] -- Up-to-date: /home/serhat/workspace/install/udemy_ros2_pkg/include/udemy_ros2_pkg/udemy_ros2_pkg/msg/rosidl_generator_c__visibility_control.h
[22.277s] -- Up-to-date: /home/serhat/workspace/install/udemy_ros2_pkg/include/udemy_ros2_pkg/udemy_ros2_pkg/action
[22.277s] -- Up-to-date: /home/serhat/workspace/install/udemy_ros2_pkg/include/udemy_ros2_pkg/udemy_ros2_pkg/action/detail
[22.277s] -- Installing: /home/serhat/workspace/install/udemy_ros2_pkg/include/udemy_ros2_pkg/udemy_ros2_pkg/action/detail/navigate__functions.c
[22.278s] -- Installing: /home/serhat/workspace/install/udemy_ros2_pkg/include/udemy_ros2_pkg/udemy_ros2_pkg/action/detail/navigate__type_support.h
[22.278s] -- Installing: /home/serhat/workspace/install/udemy_ros2_pkg/include/udemy_ros2_pkg/udemy_ros2_pkg/action/detail/navigate__struct.h
[22.278s] -- Installing: /home/serhat/workspace/install/udemy_ros2_pkg/include/udemy_ros2_pkg/udemy_ros2_pkg/action/detail/navigate__functions.h
[22.278s] -- Installing: /home/serhat/workspace/install/udemy_ros2_pkg/include/udemy_ros2_pkg/udemy_ros2_pkg/action/navigate.h
[22.278s] -- Up-to-date: /home/serhat/workspace/install/udemy_ros2_pkg/include/udemy_ros2_pkg/udemy_ros2_pkg/srv
[22.278s] -- Up-to-date: /home/serhat/workspace/install/udemy_ros2_pkg/include/udemy_ros2_pkg/udemy_ros2_pkg/srv/detail
[22.278s] -- Installing: /home/serhat/workspace/install/udemy_ros2_pkg/include/udemy_ros2_pkg/udemy_ros2_pkg/srv/detail/odd_even_check__functions.c
[22.278s] -- Installing: /home/serhat/workspace/install/udemy_ros2_pkg/include/udemy_ros2_pkg/udemy_ros2_pkg/srv/detail/odd_even_check__struct.h
[22.278s] -- Installing: /home/serhat/workspace/install/udemy_ros2_pkg/include/udemy_ros2_pkg/udemy_ros2_pkg/srv/detail/odd_even_check__functions.h
[22.278s] -- Installing: /home/serhat/workspace/install/udemy_ros2_pkg/include/udemy_ros2_pkg/udemy_ros2_pkg/srv/detail/turn_camera__struct.h
[22.278s] -- Installing: /home/serhat/workspace/install/udemy_ros2_pkg/include/udemy_ros2_pkg/udemy_ros2_pkg/srv/detail/odd_even_check__type_support.h
[22.279s] -- Installing: /home/serhat/workspace/install/udemy_ros2_pkg/include/udemy_ros2_pkg/udemy_ros2_pkg/srv/detail/turn_camera__type_support.h
[22.279s] -- Installing: /home/serhat/workspace/install/udemy_ros2_pkg/include/udemy_ros2_pkg/udemy_ros2_pkg/srv/detail/turn_camera__functions.c
[22.279s] -- Installing: /home/serhat/workspace/install/udemy_ros2_pkg/include/udemy_ros2_pkg/udemy_ros2_pkg/srv/detail/turn_camera__functions.h
[22.279s] -- Installing: /home/serhat/workspace/install/udemy_ros2_pkg/include/udemy_ros2_pkg/udemy_ros2_pkg/srv/turn_camera.h
[22.279s] -- Installing: /home/serhat/workspace/install/udemy_ros2_pkg/include/udemy_ros2_pkg/udemy_ros2_pkg/srv/odd_even_check.h
[22.279s] -- Installing: /home/serhat/workspace/install/udemy_ros2_pkg/share/udemy_ros2_pkg/environment/library_path.dsv
[22.279s] -- Installing: /home/serhat/workspace/install/udemy_ros2_pkg/lib/libudemy_ros2_pkg__rosidl_generator_c.so
[22.280s] -- Set runtime path of "/home/serhat/workspace/install/udemy_ros2_pkg/lib/libudemy_ros2_pkg__rosidl_generator_c.so" to ""
[22.280s] -- Up-to-date: /home/serhat/workspace/install/udemy_ros2_pkg/include/udemy_ros2_pkg/udemy_ros2_pkg
[22.280s] -- Up-to-date: /home/serhat/workspace/install/udemy_ros2_pkg/include/udemy_ros2_pkg/udemy_ros2_pkg/msg
[22.280s] -- Up-to-date: /home/serhat/workspace/install/udemy_ros2_pkg/include/udemy_ros2_pkg/udemy_ros2_pkg/msg/rosidl_typesupport_fastrtps_c__visibility_control.h
[22.280s] -- Up-to-date: /home/serhat/workspace/install/udemy_ros2_pkg/include/udemy_ros2_pkg/udemy_ros2_pkg/action
[22.280s] -- Up-to-date: /home/serhat/workspace/install/udemy_ros2_pkg/include/udemy_ros2_pkg/udemy_ros2_pkg/action/detail
[22.280s] -- Installing: /home/serhat/workspace/install/udemy_ros2_pkg/include/udemy_ros2_pkg/udemy_ros2_pkg/action/detail/navigate__rosidl_typesupport_fastrtps_c.h
[22.280s] -- Up-to-date: /home/serhat/workspace/install/udemy_ros2_pkg/include/udemy_ros2_pkg/udemy_ros2_pkg/srv
[22.280s] -- Up-to-date: /home/serhat/workspace/install/udemy_ros2_pkg/include/udemy_ros2_pkg/udemy_ros2_pkg/srv/detail
[22.281s] -- Installing: /home/serhat/workspace/install/udemy_ros2_pkg/include/udemy_ros2_pkg/udemy_ros2_pkg/srv/detail/odd_even_check__rosidl_typesupport_fastrtps_c.h
[22.281s] -- Installing: /home/serhat/workspace/install/udemy_ros2_pkg/include/udemy_ros2_pkg/udemy_ros2_pkg/srv/detail/turn_camera__rosidl_typesupport_fastrtps_c.h
[22.281s] -- Installing: /home/serhat/workspace/install/udemy_ros2_pkg/lib/libudemy_ros2_pkg__rosidl_typesupport_fastrtps_c.so
[22.281s] -- Set runtime path of "/home/serhat/workspace/install/udemy_ros2_pkg/lib/libudemy_ros2_pkg__rosidl_typesupport_fastrtps_c.so" to ""
[22.281s] -- Up-to-date: /home/serhat/workspace/install/udemy_ros2_pkg/include/udemy_ros2_pkg/udemy_ros2_pkg
[22.281s] -- Up-to-date: /home/serhat/workspace/install/udemy_ros2_pkg/include/udemy_ros2_pkg/udemy_ros2_pkg/action
[22.281s] -- Up-to-date: /home/serhat/workspace/install/udemy_ros2_pkg/include/udemy_ros2_pkg/udemy_ros2_pkg/action/detail
[22.281s] -- Installing: /home/serhat/workspace/install/udemy_ros2_pkg/include/udemy_ros2_pkg/udemy_ros2_pkg/action/detail/navigate__builder.hpp
[22.282s] -- Installing: /home/serhat/workspace/install/udemy_ros2_pkg/include/udemy_ros2_pkg/udemy_ros2_pkg/action/detail/navigate__struct.hpp
[22.282s] -- Installing: /home/serhat/workspace/install/udemy_ros2_pkg/include/udemy_ros2_pkg/udemy_ros2_pkg/action/detail/navigate__traits.hpp
[22.282s] -- Installing: /home/serhat/workspace/install/udemy_ros2_pkg/include/udemy_ros2_pkg/udemy_ros2_pkg/action/navigate.hpp
[22.282s] -- Up-to-date: /home/serhat/workspace/install/udemy_ros2_pkg/include/udemy_ros2_pkg/udemy_ros2_pkg/srv
[22.282s] -- Up-to-date: /home/serhat/workspace/install/udemy_ros2_pkg/include/udemy_ros2_pkg/udemy_ros2_pkg/srv/detail
[22.282s] -- Installing: /home/serhat/workspace/install/udemy_ros2_pkg/include/udemy_ros2_pkg/udemy_ros2_pkg/srv/detail/turn_camera__builder.hpp
[22.282s] -- Installing: /home/serhat/workspace/install/udemy_ros2_pkg/include/udemy_ros2_pkg/udemy_ros2_pkg/srv/detail/odd_even_check__struct.hpp
[22.282s] -- Installing: /home/serhat/workspace/install/udemy_ros2_pkg/include/udemy_ros2_pkg/udemy_ros2_pkg/srv/detail/turn_camera__struct.hpp
[22.282s] -- Installing: /home/serhat/workspace/install/udemy_ros2_pkg/include/udemy_ros2_pkg/udemy_ros2_pkg/srv/detail/odd_even_check__builder.hpp
[22.282s] -- Installing: /home/serhat/workspace/install/udemy_ros2_pkg/include/udemy_ros2_pkg/udemy_ros2_pkg/srv/detail/odd_even_check__traits.hpp
[22.283s] -- Installing: /home/serhat/workspace/install/udemy_ros2_pkg/include/udemy_ros2_pkg/udemy_ros2_pkg/srv/detail/turn_camera__traits.hpp
[22.283s] -- Installing: /home/serhat/workspace/install/udemy_ros2_pkg/include/udemy_ros2_pkg/udemy_ros2_pkg/srv/turn_camera.hpp
[22.283s] -- Installing: /home/serhat/workspace/install/udemy_ros2_pkg/include/udemy_ros2_pkg/udemy_ros2_pkg/srv/odd_even_check.hpp
[22.283s] -- Up-to-date: /home/serhat/workspace/install/udemy_ros2_pkg/include/udemy_ros2_pkg/udemy_ros2_pkg
[22.283s] -- Up-to-date: /home/serhat/workspace/install/udemy_ros2_pkg/include/udemy_ros2_pkg/udemy_ros2_pkg/msg
[22.283s] -- Up-to-date: /home/serhat/workspace/install/udemy_ros2_pkg/include/udemy_ros2_pkg/udemy_ros2_pkg/msg/rosidl_typesupport_fastrtps_cpp__visibility_control.h
[22.283s] -- Up-to-date: /home/serhat/workspace/install/udemy_ros2_pkg/include/udemy_ros2_pkg/udemy_ros2_pkg/action
[22.283s] -- Up-to-date: /home/serhat/workspace/install/udemy_ros2_pkg/include/udemy_ros2_pkg/udemy_ros2_pkg/action/detail
[22.283s] -- Installing: /home/serhat/workspace/install/udemy_ros2_pkg/include/udemy_ros2_pkg/udemy_ros2_pkg/action/detail/dds_fastrtps
[22.283s] -- Installing: /home/serhat/workspace/install/udemy_ros2_pkg/include/udemy_ros2_pkg/udemy_ros2_pkg/action/detail/navigate__rosidl_typesupport_fastrtps_cpp.hpp
[22.284s] -- Up-to-date: /home/serhat/workspace/install/udemy_ros2_pkg/include/udemy_ros2_pkg/udemy_ros2_pkg/srv
[22.284s] -- Up-to-date: /home/serhat/workspace/install/udemy_ros2_pkg/include/udemy_ros2_pkg/udemy_ros2_pkg/srv/detail
[22.284s] -- Installing: /home/serhat/workspace/install/udemy_ros2_pkg/include/udemy_ros2_pkg/udemy_ros2_pkg/srv/detail/odd_even_check__rosidl_typesupport_fastrtps_cpp.hpp
[22.284s] -- Installing: /home/serhat/workspace/install/udemy_ros2_pkg/include/udemy_ros2_pkg/udemy_ros2_pkg/srv/detail/dds_fastrtps
[22.284s] -- Installing: /home/serhat/workspace/install/udemy_ros2_pkg/include/udemy_ros2_pkg/udemy_ros2_pkg/srv/detail/turn_camera__rosidl_typesupport_fastrtps_cpp.hpp
[22.284s] -- Installing: /home/serhat/workspace/install/udemy_ros2_pkg/lib/libudemy_ros2_pkg__rosidl_typesupport_fastrtps_cpp.so
[22.284s] -- Set runtime path of "/home/serhat/workspace/install/udemy_ros2_pkg/lib/libudemy_ros2_pkg__rosidl_typesupport_fastrtps_cpp.so" to ""
[22.285s] -- Up-to-date: /home/serhat/workspace/install/udemy_ros2_pkg/include/udemy_ros2_pkg/udemy_ros2_pkg
[22.285s] -- Up-to-date: /home/serhat/workspace/install/udemy_ros2_pkg/include/udemy_ros2_pkg/udemy_ros2_pkg/msg
[22.285s] -- Up-to-date: /home/serhat/workspace/install/udemy_ros2_pkg/include/udemy_ros2_pkg/udemy_ros2_pkg/msg/rosidl_typesupport_introspection_c__visibility_control.h
[22.285s] -- Up-to-date: /home/serhat/workspace/install/udemy_ros2_pkg/include/udemy_ros2_pkg/udemy_ros2_pkg/action
[22.285s] -- Up-to-date: /home/serhat/workspace/install/udemy_ros2_pkg/include/udemy_ros2_pkg/udemy_ros2_pkg/action/detail
[22.285s] -- Installing: /home/serhat/workspace/install/udemy_ros2_pkg/include/udemy_ros2_pkg/udemy_ros2_pkg/action/detail/navigate__rosidl_typesupport_introspection_c.h
[22.285s] -- Installing: /home/serhat/workspace/install/udemy_ros2_pkg/include/udemy_ros2_pkg/udemy_ros2_pkg/action/detail/navigate__type_support.c
[22.285s] -- Up-to-date: /home/serhat/workspace/install/udemy_ros2_pkg/include/udemy_ros2_pkg/udemy_ros2_pkg/srv
[22.285s] -- Up-to-date: /home/serhat/workspace/install/udemy_ros2_pkg/include/udemy_ros2_pkg/udemy_ros2_pkg/srv/detail
[22.285s] -- Installing: /home/serhat/workspace/install/udemy_ros2_pkg/include/udemy_ros2_pkg/udemy_ros2_pkg/srv/detail/turn_camera__rosidl_typesupport_introspection_c.h
[22.285s] -- Installing: /home/serhat/workspace/install/udemy_ros2_pkg/include/udemy_ros2_pkg/udemy_ros2_pkg/srv/detail/odd_even_check__type_support.c
[22.285s] -- Installing: /home/serhat/workspace/install/udemy_ros2_pkg/include/udemy_ros2_pkg/udemy_ros2_pkg/srv/detail/odd_even_check__rosidl_typesupport_introspection_c.h
[22.285s] -- Installing: /home/serhat/workspace/install/udemy_ros2_pkg/include/udemy_ros2_pkg/udemy_ros2_pkg/srv/detail/turn_camera__type_support.c
[22.286s] -- Installing: /home/serhat/workspace/install/udemy_ros2_pkg/lib/libudemy_ros2_pkg__rosidl_typesupport_introspection_c.so
[22.286s] -- Set runtime path of "/home/serhat/workspace/install/udemy_ros2_pkg/lib/libudemy_ros2_pkg__rosidl_typesupport_introspection_c.so" to ""
[22.286s] -- Installing: /home/serhat/workspace/install/udemy_ros2_pkg/lib/libudemy_ros2_pkg__rosidl_typesupport_c.so
[22.287s] -- Set runtime path of "/home/serhat/workspace/install/udemy_ros2_pkg/lib/libudemy_ros2_pkg__rosidl_typesupport_c.so" to ""
[22.287s] -- Up-to-date: /home/serhat/workspace/install/udemy_ros2_pkg/include/udemy_ros2_pkg/udemy_ros2_pkg
[22.287s] -- Up-to-date: /home/serhat/workspace/install/udemy_ros2_pkg/include/udemy_ros2_pkg/udemy_ros2_pkg/action
[22.287s] -- Up-to-date: /home/serhat/workspace/install/udemy_ros2_pkg/include/udemy_ros2_pkg/udemy_ros2_pkg/action/detail
[22.287s] -- Installing: /home/serhat/workspace/install/udemy_ros2_pkg/include/udemy_ros2_pkg/udemy_ros2_pkg/action/detail/navigate__type_support.cpp
[22.287s] -- Installing: /home/serhat/workspace/install/udemy_ros2_pkg/include/udemy_ros2_pkg/udemy_ros2_pkg/action/detail/navigate__rosidl_typesupport_introspection_cpp.hpp
[22.287s] -- Up-to-date: /home/serhat/workspace/install/udemy_ros2_pkg/include/udemy_ros2_pkg/udemy_ros2_pkg/srv
[22.287s] -- Up-to-date: /home/serhat/workspace/install/udemy_ros2_pkg/include/udemy_ros2_pkg/udemy_ros2_pkg/srv/detail
[22.288s] -- Installing: /home/serhat/workspace/install/udemy_ros2_pkg/include/udemy_ros2_pkg/udemy_ros2_pkg/srv/detail/odd_even_check__type_support.cpp
[22.288s] -- Installing: /home/serhat/workspace/install/udemy_ros2_pkg/include/udemy_ros2_pkg/udemy_ros2_pkg/srv/detail/turn_camera__rosidl_typesupport_introspection_cpp.hpp
[22.288s] -- Installing: /home/serhat/workspace/install/udemy_ros2_pkg/include/udemy_ros2_pkg/udemy_ros2_pkg/srv/detail/odd_even_check__rosidl_typesupport_introspection_cpp.hpp
[22.288s] -- Installing: /home/serhat/workspace/install/udemy_ros2_pkg/include/udemy_ros2_pkg/udemy_ros2_pkg/srv/detail/turn_camera__type_support.cpp
[22.288s] -- Installing: /home/serhat/workspace/install/udemy_ros2_pkg/lib/libudemy_ros2_pkg__rosidl_typesupport_introspection_cpp.so
[22.288s] -- Set runtime path of "/home/serhat/workspace/install/udemy_ros2_pkg/lib/libudemy_ros2_pkg__rosidl_typesupport_introspection_cpp.so" to ""
[22.289s] -- Installing: /home/serhat/workspace/install/udemy_ros2_pkg/lib/libudemy_ros2_pkg__rosidl_typesupport_cpp.so
[22.289s] -- Set runtime path of "/home/serhat/workspace/install/udemy_ros2_pkg/lib/libudemy_ros2_pkg__rosidl_typesupport_cpp.so" to ""
[22.289s] -- Up-to-date: /home/serhat/workspace/install/udemy_ros2_pkg/share/udemy_ros2_pkg/environment/pythonpath.sh
[22.289s] -- Installing: /home/serhat/workspace/install/udemy_ros2_pkg/share/udemy_ros2_pkg/environment/pythonpath.dsv
[22.289s] -- Up-to-date: /home/serhat/workspace/install/udemy_ros2_pkg/local/lib/python3.10/dist-packages/udemy_ros2_pkg-0.0.0-py3.10.egg-info
[22.289s] -- Installing: /home/serhat/workspace/install/udemy_ros2_pkg/local/lib/python3.10/dist-packages/udemy_ros2_pkg-0.0.0-py3.10.egg-info/dependency_links.txt
[22.289s] -- Installing: /home/serhat/workspace/install/udemy_ros2_pkg/local/lib/python3.10/dist-packages/udemy_ros2_pkg-0.0.0-py3.10.egg-info/SOURCES.txt
[22.290s] -- Installing: /home/serhat/workspace/install/udemy_ros2_pkg/local/lib/python3.10/dist-packages/udemy_ros2_pkg-0.0.0-py3.10.egg-info/top_level.txt
[22.290s] -- Installing: /home/serhat/workspace/install/udemy_ros2_pkg/local/lib/python3.10/dist-packages/udemy_ros2_pkg-0.0.0-py3.10.egg-info/PKG-INFO
[22.290s] -- Up-to-date: /home/serhat/workspace/install/udemy_ros2_pkg/local/lib/python3.10/dist-packages/udemy_ros2_pkg
[22.290s] -- Installing: /home/serhat/workspace/install/udemy_ros2_pkg/local/lib/python3.10/dist-packages/udemy_ros2_pkg/udemy_ros2_pkg_s__rosidl_typesupport_introspection_c.cpython-310-x86_64-linux-gnu.so
[22.290s] -- Up-to-date: /home/serhat/workspace/install/udemy_ros2_pkg/local/lib/python3.10/dist-packages/udemy_ros2_pkg/action
[22.290s] -- Installing: /home/serhat/workspace/install/udemy_ros2_pkg/local/lib/python3.10/dist-packages/udemy_ros2_pkg/action/_navigate_s.c
[22.290s] -- Installing: /home/serhat/workspace/install/udemy_ros2_pkg/local/lib/python3.10/dist-packages/udemy_ros2_pkg/action/_navigate.py
[22.290s] -- Installing: /home/serhat/workspace/install/udemy_ros2_pkg/local/lib/python3.10/dist-packages/udemy_ros2_pkg/action/__init__.py
[22.291s] -- Installing: /home/serhat/workspace/install/udemy_ros2_pkg/local/lib/python3.10/dist-packages/udemy_ros2_pkg/_udemy_ros2_pkg_s.ep.rosidl_typesupport_introspection_c.c
[22.291s] -- Installing: /home/serhat/workspace/install/udemy_ros2_pkg/local/lib/python3.10/dist-packages/udemy_ros2_pkg/libudemy_ros2_pkg__rosidl_generator_py.so
[22.291s] -- Installing: /home/serhat/workspace/install/udemy_ros2_pkg/local/lib/python3.10/dist-packages/udemy_ros2_pkg/udemy_ros2_pkg_s__rosidl_typesupport_fastrtps_c.cpython-310-x86_64-linux-gnu.so
[22.291s] -- Installing: /home/serhat/workspace/install/udemy_ros2_pkg/local/lib/python3.10/dist-packages/udemy_ros2_pkg/udemy_ros2_pkg_s__rosidl_typesupport_c.cpython-310-x86_64-linux-gnu.so
[22.291s] -- Up-to-date: /home/serhat/workspace/install/udemy_ros2_pkg/local/lib/python3.10/dist-packages/udemy_ros2_pkg/srv
[22.291s] -- Installing: /home/serhat/workspace/install/udemy_ros2_pkg/local/lib/python3.10/dist-packages/udemy_ros2_pkg/srv/_odd_even_check.py
[22.291s] -- Installing: /home/serhat/workspace/install/udemy_ros2_pkg/local/lib/python3.10/dist-packages/udemy_ros2_pkg/srv/_turn_camera_s.c
[22.291s] -- Installing: /home/serhat/workspace/install/udemy_ros2_pkg/local/lib/python3.10/dist-packages/udemy_ros2_pkg/srv/_odd_even_check_s.c
[22.291s] -- Installing: /home/serhat/workspace/install/udemy_ros2_pkg/local/lib/python3.10/dist-packages/udemy_ros2_pkg/srv/__init__.py
[22.292s] -- Installing: /home/serhat/workspace/install/udemy_ros2_pkg/local/lib/python3.10/dist-packages/udemy_ros2_pkg/srv/_turn_camera.py
[22.292s] -- Up-to-date: /home/serhat/workspace/install/udemy_ros2_pkg/local/lib/python3.10/dist-packages/udemy_ros2_pkg/__init__.py
[22.292s] -- Installing: /home/serhat/workspace/install/udemy_ros2_pkg/local/lib/python3.10/dist-packages/udemy_ros2_pkg/_udemy_ros2_pkg_s.ep.rosidl_typesupport_fastrtps_c.c
[22.292s] -- Installing: /home/serhat/workspace/install/udemy_ros2_pkg/local/lib/python3.10/dist-packages/udemy_ros2_pkg/_udemy_ros2_pkg_s.ep.rosidl_typesupport_c.c
[22.371s] Listing '/home/serhat/workspace/install/udemy_ros2_pkg/local/lib/python3.10/dist-packages/udemy_ros2_pkg'...
[22.371s] Compiling '/home/serhat/workspace/install/udemy_ros2_pkg/local/lib/python3.10/dist-packages/udemy_ros2_pkg/__init__.py'...
[22.371s] Listing '/home/serhat/workspace/install/udemy_ros2_pkg/local/lib/python3.10/dist-packages/udemy_ros2_pkg/action'...
[22.372s] Compiling '/home/serhat/workspace/install/udemy_ros2_pkg/local/lib/python3.10/dist-packages/udemy_ros2_pkg/action/__init__.py'...
[22.372s] Compiling '/home/serhat/workspace/install/udemy_ros2_pkg/local/lib/python3.10/dist-packages/udemy_ros2_pkg/action/_navigate.py'...
[22.372s] Listing '/home/serhat/workspace/install/udemy_ros2_pkg/local/lib/python3.10/dist-packages/udemy_ros2_pkg/srv'...
[22.372s] Compiling '/home/serhat/workspace/install/udemy_ros2_pkg/local/lib/python3.10/dist-packages/udemy_ros2_pkg/srv/__init__.py'...
[22.372s] Compiling '/home/serhat/workspace/install/udemy_ros2_pkg/local/lib/python3.10/dist-packages/udemy_ros2_pkg/srv/_odd_even_check.py'...
[22.372s] Compiling '/home/serhat/workspace/install/udemy_ros2_pkg/local/lib/python3.10/dist-packages/udemy_ros2_pkg/srv/_turn_camera.py'...
[22.376s] -- Installing: /home/serhat/workspace/install/udemy_ros2_pkg/local/lib/python3.10/dist-packages/udemy_ros2_pkg/udemy_ros2_pkg_s__rosidl_typesupport_fastrtps_c.cpython-310-x86_64-linux-gnu.so
[22.376s] -- Set runtime path of "/home/serhat/workspace/install/udemy_ros2_pkg/local/lib/python3.10/dist-packages/udemy_ros2_pkg/udemy_ros2_pkg_s__rosidl_typesupport_fastrtps_c.cpython-310-x86_64-linux-gnu.so" to ""
[22.376s] -- Installing: /home/serhat/workspace/install/udemy_ros2_pkg/local/lib/python3.10/dist-packages/udemy_ros2_pkg/udemy_ros2_pkg_s__rosidl_typesupport_introspection_c.cpython-310-x86_64-linux-gnu.so
[22.377s] -- Set runtime path of "/home/serhat/workspace/install/udemy_ros2_pkg/local/lib/python3.10/dist-packages/udemy_ros2_pkg/udemy_ros2_pkg_s__rosidl_typesupport_introspection_c.cpython-310-x86_64-linux-gnu.so" to ""
[22.377s] -- Installing: /home/serhat/workspace/install/udemy_ros2_pkg/local/lib/python3.10/dist-packages/udemy_ros2_pkg/udemy_ros2_pkg_s__rosidl_typesupport_c.cpython-310-x86_64-linux-gnu.so
[22.377s] -- Set runtime path of "/home/serhat/workspace/install/udemy_ros2_pkg/local/lib/python3.10/dist-packages/udemy_ros2_pkg/udemy_ros2_pkg_s__rosidl_typesupport_c.cpython-310-x86_64-linux-gnu.so" to ""
[22.378s] -- Installing: /home/serhat/workspace/install/udemy_ros2_pkg/lib/libudemy_ros2_pkg__rosidl_generator_py.so
[22.378s] -- Set runtime path of "/home/serhat/workspace/install/udemy_ros2_pkg/lib/libudemy_ros2_pkg__rosidl_generator_py.so" to ""
[22.378s] -- Up-to-date: /home/serhat/workspace/install/udemy_ros2_pkg/share/udemy_ros2_pkg/srv/OddEvenCheck.idl
[22.378s] -- Up-to-date: /home/serhat/workspace/install/udemy_ros2_pkg/share/udemy_ros2_pkg/srv/TurnCamera.idl
[22.378s] -- Up-to-date: /home/serhat/workspace/install/udemy_ros2_pkg/share/udemy_ros2_pkg/action/Navigate.idl
[22.397s] -- Up-to-date: /home/serhat/workspace/install/udemy_ros2_pkg/share/udemy_ros2_pkg/srv/OddEvenCheck.srv
[22.397s] -- Up-to-date: /home/serhat/workspace/install/udemy_ros2_pkg/share/udemy_ros2_pkg/srv/OddEvenCheck_Request.msg
[22.397s] -- Up-to-date: /home/serhat/workspace/install/udemy_ros2_pkg/share/udemy_ros2_pkg/srv/OddEvenCheck_Response.msg
[22.397s] -- Up-to-date: /home/serhat/workspace/install/udemy_ros2_pkg/share/udemy_ros2_pkg/srv/TurnCamera.srv
[22.397s] -- Up-to-date: /home/serhat/workspace/install/udemy_ros2_pkg/share/udemy_ros2_pkg/srv/TurnCamera_Request.msg
[22.397s] -- Up-to-date: /home/serhat/workspace/install/udemy_ros2_pkg/share/udemy_ros2_pkg/srv/TurnCamera_Response.msg
[22.397s] -- Up-to-date: /home/serhat/workspace/install/udemy_ros2_pkg/share/udemy_ros2_pkg/action/Navigate.action
[22.397s] -- Installing: /home/serhat/workspace/install/udemy_ros2_pkg/lib/udemy_ros2_pkg/publisher
[22.398s] -- Set runtime path of "/home/serhat/workspace/install/udemy_ros2_pkg/lib/udemy_ros2_pkg/publisher" to ""
[22.398s] -- Installing: /home/serhat/workspace/install/udemy_ros2_pkg/lib/udemy_ros2_pkg/subscriber
[22.401s] -- Set runtime path of "/home/serhat/workspace/install/udemy_ros2_pkg/lib/udemy_ros2_pkg/subscriber" to ""
[22.401s] -- Installing: /home/serhat/workspace/install/udemy_ros2_pkg/lib/udemy_ros2_pkg/rpm_speed
[22.406s] -- Set runtime path of "/home/serhat/workspace/install/udemy_ros2_pkg/lib/udemy_ros2_pkg/rpm_speed" to ""
[22.406s] -- Installing: /home/serhat/workspace/install/udemy_ros2_pkg/lib/udemy_ros2_pkg/rpm_pub
[22.409s] -- Set runtime path of "/home/serhat/workspace/install/udemy_ros2_pkg/lib/udemy_ros2_pkg/rpm_pub" to ""
[22.409s] -- Installing: /home/serhat/workspace/install/udemy_ros2_pkg/lib/udemy_ros2_pkg/canbustest
[22.409s] -- Set runtime path of "/home/serhat/workspace/install/udemy_ros2_pkg/lib/udemy_ros2_pkg/canbustest" to ""
[22.409s] -- Installing: /home/serhat/workspace/install/udemy_ros2_pkg/lib/udemy_ros2_pkg/speed_calc
[22.412s] -- Set runtime path of "/home/serhat/workspace/install/udemy_ros2_pkg/lib/udemy_ros2_pkg/speed_calc" to ""
[22.412s] -- Installing: /home/serhat/workspace/install/udemy_ros2_pkg/lib/udemy_ros2_pkg/service_server
[22.413s] -- Set runtime path of "/home/serhat/workspace/install/udemy_ros2_pkg/lib/udemy_ros2_pkg/service_server" to ""
[22.413s] -- Installing: /home/serhat/workspace/install/udemy_ros2_pkg/lib/udemy_ros2_pkg/service_client
[22.414s] -- Set runtime path of "/home/serhat/workspace/install/udemy_ros2_pkg/lib/udemy_ros2_pkg/service_client" to ""
[22.414s] -- Installing: /home/serhat/workspace/install/udemy_ros2_pkg/lib/udemy_ros2_pkg/action_server
[22.418s] -- Set runtime path of "/home/serhat/workspace/install/udemy_ros2_pkg/lib/udemy_ros2_pkg/action_server" to ""
[22.418s] -- Installing: /home/serhat/workspace/install/udemy_ros2_pkg/lib/udemy_ros2_pkg/action_client
[22.419s] -- Set runtime path of "/home/serhat/workspace/install/udemy_ros2_pkg/lib/udemy_ros2_pkg/action_client" to ""
[22.419s] -- Up-to-date: /home/serhat/workspace/install/udemy_ros2_pkg/share/udemy_ros2_pkg//launch
[22.419s] -- Up-to-date: /home/serhat/workspace/install/udemy_ros2_pkg/share/udemy_ros2_pkg//launch/my_launch.launch.py
[22.419s] -- Up-to-date: /home/serhat/workspace/install/udemy_ros2_pkg/share/udemy_ros2_pkg//launch/__pycache__
[22.419s] -- Up-to-date: /home/serhat/workspace/install/udemy_ros2_pkg/share/udemy_ros2_pkg//launch/__pycache__/rpm_node.launch.cpython-310.pyc
[22.419s] -- Up-to-date: /home/serhat/workspace/install/udemy_ros2_pkg/share/udemy_ros2_pkg//launch/simulation.launch.py
[22.419s] -- Up-to-date: /home/serhat/workspace/install/udemy_ros2_pkg/share/udemy_ros2_pkg//launch/rpm_node.launch.py
[22.420s] -- Up-to-date: /home/serhat/workspace/install/udemy_ros2_pkg/share/udemy_ros2_pkg//launch/wheeled_model_simulation.launch.py
[22.420s] -- Up-to-date: /home/serhat/workspace/install/udemy_ros2_pkg/share/udemy_ros2_pkg//launch/simulation_project.launch.py
[22.420s] -- Up-to-date: /home/serhat/workspace/install/udemy_ros2_pkg/share/udemy_ros2_pkg//launch/speed_project.launch.py
[22.420s] -- Up-to-date: /home/serhat/workspace/install/udemy_ros2_pkg/share/udemy_ros2_pkg//launch/launch_project.launch.py
[22.424s] -- Up-to-date: /home/serhat/workspace/install/udemy_ros2_pkg/share/udemy_ros2_pkg//worlds
[22.424s] -- Up-to-date: /home/serhat/workspace/install/udemy_ros2_pkg/share/udemy_ros2_pkg//worlds/wheeled_model.sdf
[22.424s] -- Up-to-date: /home/serhat/workspace/install/udemy_ros2_pkg/share/udemy_ros2_pkg//worlds/test_world.sdf
[22.425s] -- Up-to-date: /home/serhat/workspace/install/udemy_ros2_pkg/share/udemy_ros2_pkg//worlds/wheeled_model_world.sdf
[22.425s] -- Up-to-date: /home/serhat/workspace/install/udemy_ros2_pkg/share/udemy_ros2_pkg//worlds/simulation_project_world.sdf
[22.425s] -- Up-to-date: /home/serhat/workspace/install/udemy_ros2_pkg/share/udemy_ros2_pkg//worlds/project_world.sdf
[22.425s] -- Up-to-date: /home/serhat/workspace/install/udemy_ros2_pkg/share/udemy_ros2_pkg//models
[22.425s] -- Up-to-date: /home/serhat/workspace/install/udemy_ros2_pkg/share/udemy_ros2_pkg//models/wheeled_model
[22.425s] -- Up-to-date: /home/serhat/workspace/install/udemy_ros2_pkg/share/udemy_ros2_pkg//models/wheeled_model/model.sdf
[22.425s] -- Up-to-date: /home/serhat/workspace/install/udemy_ros2_pkg/share/udemy_ros2_pkg//models/wheeled_model/model.config
[22.425s] -- Up-to-date: /home/serhat/workspace/install/udemy_ros2_pkg/share/udemy_ros2_pkg//models/project_robot_model
[22.425s] -- Up-to-date: /home/serhat/workspace/install/udemy_ros2_pkg/share/udemy_ros2_pkg//models/project_robot_model/model.sdf
[22.445s] -- Up-to-date: /home/serhat/workspace/install/udemy_ros2_pkg/share/udemy_ros2_pkg//models/project_robot_model/model.config
[22.445s] -- Up-to-date: /home/serhat/workspace/install/udemy_ros2_pkg/share/udemy_ros2_pkg//models/ground_plane
[22.446s] -- Up-to-date: /home/serhat/workspace/install/udemy_ros2_pkg/share/udemy_ros2_pkg//models/ground_plane/my_ground_plane.sdf
[22.446s] -- Up-to-date: /home/serhat/workspace/install/udemy_ros2_pkg/share/udemy_ros2_pkg//models/ground_plane/model.config
[22.446s] -- Up-to-date: /home/serhat/workspace/install/udemy_ros2_pkg/share/udemy_ros2_pkg//models/ground_plane/ground_plane.sdf
[22.446s] -- Up-to-date: /home/serhat/workspace/install/udemy_ros2_pkg/share/ament_index/resource_index/package_run_dependencies/udemy_ros2_pkg
[22.446s] -- Installing: /home/serhat/workspace/install/udemy_ros2_pkg/share/ament_index/resource_index/parent_prefix_path/udemy_ros2_pkg
[22.446s] -- Installing: /home/serhat/workspace/install/udemy_ros2_pkg/share/udemy_ros2_pkg/environment/ament_prefix_path.dsv
[22.446s] -- Installing: /home/serhat/workspace/install/udemy_ros2_pkg/share/udemy_ros2_pkg/environment/path.dsv
[22.447s] -- Up-to-date: /home/serhat/workspace/install/udemy_ros2_pkg/share/udemy_ros2_pkg/local_setup.bash
[22.447s] -- Installing: /home/serhat/workspace/install/udemy_ros2_pkg/share/udemy_ros2_pkg/local_setup.sh
[22.447s] -- Up-to-date: /home/serhat/workspace/install/udemy_ros2_pkg/share/udemy_ros2_pkg/local_setup.zsh
[22.447s] -- Installing: /home/serhat/workspace/install/udemy_ros2_pkg/share/udemy_ros2_pkg/local_setup.dsv
[22.447s] -- Installing: /home/serhat/workspace/install/udemy_ros2_pkg/share/udemy_ros2_pkg/package.dsv
[22.447s] -- Up-to-date: /home/serhat/workspace/install/udemy_ros2_pkg/share/ament_index/resource_index/packages/udemy_ros2_pkg
[22.447s] -- Up-to-date: /home/serhat/workspace/install/udemy_ros2_pkg/share/udemy_ros2_pkg/cmake/export_udemy_ros2_pkg__rosidl_generator_cExport.cmake
[22.447s] -- Installing: /home/serhat/workspace/install/udemy_ros2_pkg/share/udemy_ros2_pkg/cmake/export_udemy_ros2_pkg__rosidl_generator_cExport-noconfig.cmake
[22.447s] -- Up-to-date: /home/serhat/workspace/install/udemy_ros2_pkg/share/udemy_ros2_pkg/cmake/export_udemy_ros2_pkg__rosidl_typesupport_fastrtps_cExport.cmake
[22.447s] -- Installing: /home/serhat/workspace/install/udemy_ros2_pkg/share/udemy_ros2_pkg/cmake/export_udemy_ros2_pkg__rosidl_typesupport_fastrtps_cExport-noconfig.cmake
[22.448s] -- Up-to-date: /home/serhat/workspace/install/udemy_ros2_pkg/share/udemy_ros2_pkg/cmake/export_udemy_ros2_pkg__rosidl_generator_cppExport.cmake
[22.448s] -- Up-to-date: /home/serhat/workspace/install/udemy_ros2_pkg/share/udemy_ros2_pkg/cmake/export_udemy_ros2_pkg__rosidl_typesupport_fastrtps_cppExport.cmake
[22.448s] -- Installing: /home/serhat/workspace/install/udemy_ros2_pkg/share/udemy_ros2_pkg/cmake/export_udemy_ros2_pkg__rosidl_typesupport_fastrtps_cppExport-noconfig.cmake
[22.448s] -- Up-to-date: /home/serhat/workspace/install/udemy_ros2_pkg/share/udemy_ros2_pkg/cmake/udemy_ros2_pkg__rosidl_typesupport_introspection_cExport.cmake
[22.448s] -- Installing: /home/serhat/workspace/install/udemy_ros2_pkg/share/udemy_ros2_pkg/cmake/udemy_ros2_pkg__rosidl_typesupport_introspection_cExport-noconfig.cmake
[22.448s] -- Up-to-date: /home/serhat/workspace/install/udemy_ros2_pkg/share/udemy_ros2_pkg/cmake/udemy_ros2_pkg__rosidl_typesupport_cExport.cmake
[22.448s] -- Installing: /home/serhat/workspace/install/udemy_ros2_pkg/share/udemy_ros2_pkg/cmake/udemy_ros2_pkg__rosidl_typesupport_cExport-noconfig.cmake
[22.448s] -- Up-to-date: /home/serhat/workspace/install/udemy_ros2_pkg/share/udemy_ros2_pkg/cmake/udemy_ros2_pkg__rosidl_typesupport_introspection_cppExport.cmake
[22.448s] -- Installing: /home/serhat/workspace/install/udemy_ros2_pkg/share/udemy_ros2_pkg/cmake/udemy_ros2_pkg__rosidl_typesupport_introspection_cppExport-noconfig.cmake
[22.449s] -- Up-to-date: /home/serhat/workspace/install/udemy_ros2_pkg/share/udemy_ros2_pkg/cmake/udemy_ros2_pkg__rosidl_typesupport_cppExport.cmake
[22.449s] -- Installing: /home/serhat/workspace/install/udemy_ros2_pkg/share/udemy_ros2_pkg/cmake/udemy_ros2_pkg__rosidl_typesupport_cppExport-noconfig.cmake
[22.449s] -- Up-to-date: /home/serhat/workspace/install/udemy_ros2_pkg/share/udemy_ros2_pkg/cmake/export_udemy_ros2_pkg__rosidl_generator_pyExport.cmake
[22.449s] -- Installing: /home/serhat/workspace/install/udemy_ros2_pkg/share/udemy_ros2_pkg/cmake/export_udemy_ros2_pkg__rosidl_generator_pyExport-noconfig.cmake
[22.449s] -- Up-to-date: /home/serhat/workspace/install/udemy_ros2_pkg/share/udemy_ros2_pkg/cmake/rosidl_cmake-extras.cmake
[22.449s] -- Up-to-date: /home/serhat/workspace/install/udemy_ros2_pkg/share/udemy_ros2_pkg/cmake/ament_cmake_export_dependencies-extras.cmake
[22.449s] -- Up-to-date: /home/serhat/workspace/install/udemy_ros2_pkg/share/udemy_ros2_pkg/cmake/ament_cmake_export_include_directories-extras.cmake
[22.449s] -- Up-to-date: /home/serhat/workspace/install/udemy_ros2_pkg/share/udemy_ros2_pkg/cmake/ament_cmake_export_libraries-extras.cmake
[22.449s] -- Up-to-date: /home/serhat/workspace/install/udemy_ros2_pkg/share/udemy_ros2_pkg/cmake/ament_cmake_export_targets-extras.cmake
[22.450s] -- Up-to-date: /home/serhat/workspace/install/udemy_ros2_pkg/share/udemy_ros2_pkg/cmake/rosidl_cmake_export_typesupport_targets-extras.cmake
[22.450s] -- Up-to-date: /home/serhat/workspace/install/udemy_ros2_pkg/share/udemy_ros2_pkg/cmake/rosidl_cmake_export_typesupport_libraries-extras.cmake
[22.450s] -- Up-to-date: /home/serhat/workspace/install/udemy_ros2_pkg/share/udemy_ros2_pkg/cmake/udemy_ros2_pkgConfig.cmake
[22.450s] -- Up-to-date: /home/serhat/workspace/install/udemy_ros2_pkg/share/udemy_ros2_pkg/cmake/udemy_ros2_pkgConfig-version.cmake
[22.450s] -- Up-to-date: /home/serhat/workspace/install/udemy_ros2_pkg/share/udemy_ros2_pkg/package.xml
[22.452s] Invoked command in '/home/serhat/workspace/build/udemy_ros2_pkg' returned '0': CMAKE_PREFIX_PATH=/opt/ros/humble /usr/bin/cmake --install /home/serhat/workspace/build/udemy_ros2_pkg
