[0.175s] Invoking command in '/home/serhat/workspace/build/ros2_socketcan': AMENT_PREFIX_PATH=/home/serhat/workspace/install/ros2_socketcan_msgs:${AMENT_PREFIX_PATH} CMAKE_PREFIX_PATH=/home/serhat/workspace/install/ros2_socketcan_msgs:/opt/ros/humble LD_LIBRARY_PATH=/home/serhat/workspace/install/ros2_socketcan_msgs/lib:${LD_LIBRARY_PATH} PYTHONPATH=/home/serhat/workspace/install/ros2_socketcan_msgs/local/lib/python3.10/dist-packages:${PYTHONPATH} /usr/bin/cmake --build /home/serhat/workspace/build/ros2_socketcan -- -j12 -l12
[1.060s] [  9%] Built target socket_can_receiver_node_exe
[1.064s] [ 19%] Built target socket_can_sender_node_exe
[1.067s] [ 28%] Built target gtest_main
[1.101s] [ 38%] Built target gtest
[1.118s] [ 61%] Built target ros2_socketcan
[1.224s] [ 80%] Built target ros2_socketcan_test
[1.226s] [ 90%] Built target socket_can_receiver_node
[1.288s] [100%] Built target socket_can_sender_node
[1.330s] Invoked command in '/home/serhat/workspace/build/ros2_socketcan' returned '0': AMENT_PREFIX_PATH=/home/serhat/workspace/install/ros2_socketcan_msgs:${AMENT_PREFIX_PATH} CMAKE_PREFIX_PATH=/home/serhat/workspace/install/ros2_socketcan_msgs:/opt/ros/humble LD_LIBRARY_PATH=/home/serhat/workspace/install/ros2_socketcan_msgs/lib:${LD_LIBRARY_PATH} PYTHONPATH=/home/serhat/workspace/install/ros2_socketcan_msgs/local/lib/python3.10/dist-packages:${PYTHONPATH} /usr/bin/cmake --build /home/serhat/workspace/build/ros2_socketcan -- -j12 -l12
[1.376s] Invoking command in '/home/serhat/workspace/build/ros2_socketcan': AMENT_PREFIX_PATH=/home/serhat/workspace/install/ros2_socketcan_msgs:${AMENT_PREFIX_PATH} CMAKE_PREFIX_PATH=/home/serhat/workspace/install/ros2_socketcan_msgs:/opt/ros/humble LD_LIBRARY_PATH=/home/serhat/workspace/install/ros2_socketcan_msgs/lib:${LD_LIBRARY_PATH} PYTHONPATH=/home/serhat/workspace/install/ros2_socketcan_msgs/local/lib/python3.10/dist-packages:${PYTHONPATH} /usr/bin/cmake --install /home/serhat/workspace/build/ros2_socketcan
[1.386s] -- Install configuration: ""
[1.403s] -- Execute custom install script
[1.461s] -- Up-to-date symlink: /home/serhat/workspace/install/ros2_socketcan/lib/ros2_socketcan/socket_can_receiver_node_exe
[1.481s] -- Up-to-date symlink: /home/serhat/workspace/install/ros2_socketcan/lib/ros2_socketcan/socket_can_sender_node_exe
[1.507s] -- Up-to-date symlink: /home/serhat/workspace/install/ros2_socketcan/include/ros2_socketcan/socket_can_common.hpp
[1.507s] -- Up-to-date symlink: /home/serhat/workspace/install/ros2_socketcan/include/ros2_socketcan/socket_can_id.hpp
[1.521s] -- Up-to-date symlink: /home/serhat/workspace/install/ros2_socketcan/include/ros2_socketcan/socket_can_receiver.hpp
[1.521s] -- Up-to-date symlink: /home/serhat/workspace/install/ros2_socketcan/include/ros2_socketcan/socket_can_receiver_node.hpp
[1.521s] -- Up-to-date symlink: /home/serhat/workspace/install/ros2_socketcan/include/ros2_socketcan/socket_can_sender.hpp
[1.521s] -- Up-to-date symlink: /home/serhat/workspace/install/ros2_socketcan/include/ros2_socketcan/socket_can_sender_node.hpp
[1.521s] -- Up-to-date symlink: /home/serhat/workspace/install/ros2_socketcan/include/ros2_socketcan/visibility_control.hpp
[1.521s] -- Up-to-date symlink: /home/serhat/workspace/install/ros2_socketcan/share/ros2_socketcan/environment/library_path.sh
[1.525s] -- Up-to-date symlink: /home/serhat/workspace/install/ros2_socketcan/share/ros2_socketcan/environment/library_path.dsv
[1.543s] -- Up-to-date symlink: /home/serhat/workspace/install/ros2_socketcan/lib/libros2_socketcan.so
[1.543s] -- Up-to-date symlink: /home/serhat/workspace/install/ros2_socketcan/lib/libsocket_can_receiver_node.so
[1.543s] -- Up-to-date symlink: /home/serhat/workspace/install/ros2_socketcan/lib/libsocket_can_sender_node.so
[1.547s] -- Up-to-date symlink: /home/serhat/workspace/install/ros2_socketcan/share/ros2_socketcan/launch/socket_can_bridge.launch.xml
[1.547s] -- Up-to-date symlink: /home/serhat/workspace/install/ros2_socketcan/share/ros2_socketcan/launch/socket_can_receiver.launch.py
[1.547s] -- Up-to-date symlink: /home/serhat/workspace/install/ros2_socketcan/share/ros2_socketcan/launch/socket_can_sender.launch.py
[1.560s] -- Up-to-date symlink: /home/serhat/workspace/install/ros2_socketcan/share/ament_index/resource_index/package_run_dependencies/ros2_socketcan
[1.560s] -- Up-to-date symlink: /home/serhat/workspace/install/ros2_socketcan/share/ament_index/resource_index/parent_prefix_path/ros2_socketcan
[1.560s] -- Up-to-date symlink: /home/serhat/workspace/install/ros2_socketcan/share/ros2_socketcan/environment/ament_prefix_path.sh
[1.560s] -- Up-to-date symlink: /home/serhat/workspace/install/ros2_socketcan/share/ros2_socketcan/environment/ament_prefix_path.dsv
[1.561s] -- Up-to-date symlink: /home/serhat/workspace/install/ros2_socketcan/share/ros2_socketcan/environment/path.sh
[1.561s] -- Up-to-date symlink: /home/serhat/workspace/install/ros2_socketcan/share/ros2_socketcan/environment/path.dsv
[1.585s] -- Up-to-date symlink: /home/serhat/workspace/install/ros2_socketcan/share/ros2_socketcan/local_setup.bash
[1.585s] -- Up-to-date symlink: /home/serhat/workspace/install/ros2_socketcan/share/ros2_socketcan/local_setup.sh
[1.618s] -- Up-to-date symlink: /home/serhat/workspace/install/ros2_socketcan/share/ros2_socketcan/local_setup.zsh
[1.618s] -- Up-to-date symlink: /home/serhat/workspace/install/ros2_socketcan/share/ros2_socketcan/local_setup.dsv
[1.618s] -- Symlinking: /home/serhat/workspace/install/ros2_socketcan/share/ros2_socketcan/package.dsv
[1.627s] -- Up-to-date symlink: /home/serhat/workspace/install/ros2_socketcan/share/ament_index/resource_index/packages/ros2_socketcan
[1.648s] -- Up-to-date symlink: /home/serhat/workspace/install/ros2_socketcan/share/ament_index/resource_index/rclcpp_components/ros2_socketcan
[1.649s] -- Up-to-date symlink: /home/serhat/workspace/install/ros2_socketcan/share/ros2_socketcan/cmake/ament_cmake_export_dependencies-extras.cmake
[1.660s] -- Up-to-date symlink: /home/serhat/workspace/install/ros2_socketcan/share/ros2_socketcan/cmake/ament_cmake_export_include_directories-extras.cmake
[1.661s] -- Up-to-date symlink: /home/serhat/workspace/install/ros2_socketcan/share/ros2_socketcan/cmake/ament_cmake_export_libraries-extras.cmake
[1.663s] -- Up-to-date symlink: /home/serhat/workspace/install/ros2_socketcan/share/ros2_socketcan/cmake/ros2_socketcanConfig.cmake
[1.677s] -- Up-to-date symlink: /home/serhat/workspace/install/ros2_socketcan/share/ros2_socketcan/cmake/ros2_socketcanConfig-version.cmake
[1.678s] -- Up-to-date symlink: /home/serhat/workspace/install/ros2_socketcan/share/ros2_socketcan/package.xml
[1.958s] Invoked command in '/home/serhat/workspace/build/ros2_socketcan' returned '0': AMENT_PREFIX_PATH=/home/serhat/workspace/install/ros2_socketcan_msgs:${AMENT_PREFIX_PATH} CMAKE_PREFIX_PATH=/home/serhat/workspace/install/ros2_socketcan_msgs:/opt/ros/humble LD_LIBRARY_PATH=/home/serhat/workspace/install/ros2_socketcan_msgs/lib:${LD_LIBRARY_PATH} PYTHONPATH=/home/serhat/workspace/install/ros2_socketcan_msgs/local/lib/python3.10/dist-packages:${PYTHONPATH} /usr/bin/cmake --install /home/serhat/workspace/build/ros2_socketcan
