[0.013s] Invoking command in '/home/serhat/workspaces/build/udemy_ros2_pkg': CMAKE_PREFIX_PATH=${CMAKE_PREFIX_PATH}:/opt/ros/humble /usr/bin/cmake --build /home/serhat/workspaces/build/udemy_ros2_pkg -- -j12 -l12
[0.044s] -- Found ament_cmake: 1.3.3 (/opt/ros/humble/share/ament_cmake/cmake)
[0.175s] -- Override CMake install command with custom implementation using symlinks instead of copying resources
[0.182s] -- Found rclcpp: 16.0.3 (/opt/ros/humble/share/rclcpp/cmake)
[0.210s] -- Found rosidl_generator_c: 3.1.4 (/opt/ros/humble/share/rosidl_generator_c/cmake)
[0.213s] -- Found rosidl_adapter: 3.1.4 (/opt/ros/humble/share/rosidl_adapter/cmake)
[0.224s] -- Found rosidl_generator_cpp: 3.1.4 (/opt/ros/humble/share/rosidl_generator_cpp/cmake)
[0.235s] -- Using all available rosidl_typesupport_c: rosidl_typesupport_fastrtps_c;rosidl_typesupport_introspection_c
[0.249s] -- Using all available rosidl_typesupport_cpp: rosidl_typesupport_fastrtps_cpp;rosidl_typesupport_introspection_cpp
[0.301s] -- Found rmw_implementation_cmake: 6.1.1 (/opt/ros/humble/share/rmw_implementation_cmake/cmake)
[0.302s] -- Found rmw_fastrtps_cpp: 6.2.2 (/opt/ros/humble/share/rmw_fastrtps_cpp/cmake)
[0.433s] -- Using RMW implementation 'rmw_fastrtps_cpp' as default
[0.602s] -- Found sensor_msgs: 4.2.3 (/opt/ros/humble/share/sensor_msgs/cmake)
[0.737s] -- Found cv_bridge: 3.2.1 (/opt/ros/humble/share/cv_bridge/cmake)
[0.745s] -- Found rosidl_default_generators: 1.2.0 (/opt/ros/humble/share/rosidl_default_generators/cmake)
[1.067s] -- Found ament_cmake_cppcheck: 0.12.5 (/opt/ros/humble/share/ament_cmake_cppcheck/cmake)
[1.067s] -- Found ament_cmake_cpplint: 0.12.5 (/opt/ros/humble/share/ament_cmake_cpplint/cmake)
[1.068s] -- Found ament_cmake_uncrustify: 0.12.5 (/opt/ros/humble/share/ament_cmake_uncrustify/cmake)
[1.069s] -- Found ament_cmake_ros: 0.10.0 (/opt/ros/humble/share/ament_cmake_ros/cmake)
[1.531s] -- Using all available rosidl_typesupport_c: rosidl_typesupport_fastrtps_c;rosidl_typesupport_introspection_c
[1.697s] -- Using all available rosidl_typesupport_cpp: rosidl_typesupport_fastrtps_cpp;rosidl_typesupport_introspection_cpp
[1.727s] -- Found python_cmake_module: 0.10.0 (/opt/ros/humble/share/python_cmake_module/cmake)
[1.750s] -- Using PYTHON_EXECUTABLE: /usr/bin/python3
[1.750s] -- Using PYTHON_INCLUDE_DIRS: /usr/include/python3.10
[1.750s] -- Using PYTHON_LIBRARIES: /usr/lib/x86_64-linux-gnu/libpython3.10.so
[1.801s] -- Found ament_cmake_flake8: 0.12.5 (/opt/ros/humble/share/ament_cmake_flake8/cmake)
[1.801s] -- Found ament_cmake_pep257: 0.12.5 (/opt/ros/humble/share/ament_cmake_pep257/cmake)
[1.807s] -- Found ament_lint_auto: 0.12.5 (/opt/ros/humble/share/ament_lint_auto/cmake)
[1.818s] -- Added test 'cppcheck' to perform static code analysis on C / C++ code
[1.820s] -- Configured cppcheck include dirs: 
[1.820s] -- Configured cppcheck exclude dirs and/or files: 
[1.822s] -- Added test 'cpplint' to check C / C++ code against the Google style
[1.823s] -- Configured cpplint exclude dirs and/or files: 
[1.825s] -- Added test 'uncrustify' to check C / C++ code style
[1.826s] -- Configured uncrustify additional arguments: 
[1.826s] -- Added test 'flake8' to check Python code syntax and style conventions
[1.827s] -- Added test 'pep257' to check Python code against some of the docstring style conventions in PEP 257
[1.828s] -- Added test 'lint_cmake' to check CMake code style
[1.828s] -- Added test 'xmllint' to check XML markup files
[1.833s] -- Configuring done
[1.894s] -- Generating done
[1.899s] -- Build files have been written to: /home/serhat/workspaces/build/udemy_ros2_pkg
[1.933s] [35m[1mConsolidate compiler generated dependencies of target speed_calc[0m
[1.933s] [35m[1mConsolidate compiler generated dependencies of target rpm_pub[0m
[1.934s] [  1%] [34m[1mGenerating C code for ROS interfaces[0m
[1.935s] [35m[1mConsolidate compiler generated dependencies of target publisher[0m
[1.936s] [35m[1mConsolidate compiler generated dependencies of target subscriber[0m
[1.942s] [  3%] [34m[1mGenerating C++ code for ROS interfaces[0m
[1.950s] [  3%] Built target ament_cmake_python_symlink_udemy_ros2_pkg
[1.955s] [  7%] Built target speed_calc
[1.959s] [ 11%] Built target rpm_pub
[1.962s] [ 15%] Built target subscriber
[1.963s] [ 19%] Built target publisher
[2.252s] running egg_info
[2.252s] writing udemy_ros2_pkg.egg-info/PKG-INFO
[2.253s] writing dependency_links to udemy_ros2_pkg.egg-info/dependency_links.txt
[2.253s] writing top-level names to udemy_ros2_pkg.egg-info/top_level.txt
[2.256s] reading manifest file 'udemy_ros2_pkg.egg-info/SOURCES.txt'
[2.257s] writing manifest file 'udemy_ros2_pkg.egg-info/SOURCES.txt'
[2.279s] [ 19%] Built target ament_cmake_python_build_udemy_ros2_pkg_egg
[2.319s] [ 19%] Built target udemy_ros2_pkg__cpp
[2.334s] [ 21%] [34m[1mGenerating C++ type support dispatch for ROS interfaces[0m
[2.341s] [ 23%] [34m[1mGenerating C++ type support for eProsima Fast-RTPS[0m
[2.343s] [ 25%] [34m[1mGenerating C++ introspection for ROS interfaces[0m
[2.347s] [35m[1mConsolidate compiler generated dependencies of target udemy_ros2_pkg__rosidl_generator_c[0m
[2.361s] [ 27%] [32mBuilding C object CMakeFiles/udemy_ros2_pkg__rosidl_generator_c.dir/rosidl_generator_c/udemy_ros2_pkg/srv/detail/turn_camera__functions.c.o[0m
[2.362s] [ 29%] [32mBuilding C object CMakeFiles/udemy_ros2_pkg__rosidl_generator_c.dir/rosidl_generator_c/udemy_ros2_pkg/srv/detail/odd_even_check__functions.c.o[0m
[2.644s] [ 31%] [32m[1mLinking C shared library libudemy_ros2_pkg__rosidl_generator_c.so[0m
[2.678s] [35m[1mConsolidate compiler generated dependencies of target udemy_ros2_pkg__rosidl_typesupport_cpp[0m
[2.692s] [ 35%] [32mBuilding CXX object CMakeFiles/udemy_ros2_pkg__rosidl_typesupport_cpp.dir/rosidl_typesupport_cpp/udemy_ros2_pkg/srv/odd_even_check__type_support.cpp.o[0m
[2.692s] [ 35%] [32mBuilding CXX object CMakeFiles/udemy_ros2_pkg__rosidl_typesupport_cpp.dir/rosidl_typesupport_cpp/udemy_ros2_pkg/srv/turn_camera__type_support.cpp.o[0m
[2.712s] [ 35%] Built target udemy_ros2_pkg__rosidl_generator_c
[2.715s] [35m[1mConsolidate compiler generated dependencies of target udemy_ros2_pkg__rosidl_typesupport_introspection_cpp[0m
[2.728s] [ 37%] [34m[1mGenerating C type support dispatch for ROS interfaces[0m
[2.729s] [ 39%] [34m[1mGenerating C introspection for ROS interfaces[0m
[2.737s] [ 41%] [32mBuilding CXX object CMakeFiles/udemy_ros2_pkg__rosidl_typesupport_introspection_cpp.dir/rosidl_typesupport_introspection_cpp/udemy_ros2_pkg/srv/detail/turn_camera__type_support.cpp.o[0m
[2.740s] [ 43%] [32mBuilding CXX object CMakeFiles/udemy_ros2_pkg__rosidl_typesupport_introspection_cpp.dir/rosidl_typesupport_introspection_cpp/udemy_ros2_pkg/srv/detail/odd_even_check__type_support.cpp.o[0m
[2.740s] [ 45%] [34m[1mGenerating C type support for eProsima Fast-RTPS[0m
[2.821s] [35m[1mConsolidate compiler generated dependencies of target udemy_ros2_pkg__rosidl_typesupport_fastrtps_cpp[0m
[2.847s] [ 49%] [32mBuilding CXX object CMakeFiles/udemy_ros2_pkg__rosidl_typesupport_fastrtps_cpp.dir/rosidl_typesupport_fastrtps_cpp/udemy_ros2_pkg/srv/detail/dds_fastrtps/odd_even_check__type_support.cpp.o[0m
[2.847s] [ 49%] [32mBuilding CXX object CMakeFiles/udemy_ros2_pkg__rosidl_typesupport_fastrtps_cpp.dir/rosidl_typesupport_fastrtps_cpp/udemy_ros2_pkg/srv/detail/dds_fastrtps/turn_camera__type_support.cpp.o[0m
[3.232s] [ 50%] [32m[1mLinking CXX shared library libudemy_ros2_pkg__rosidl_typesupport_cpp.so[0m
[3.269s] [35m[1mConsolidate compiler generated dependencies of target udemy_ros2_pkg__rosidl_typesupport_c[0m
[3.287s] [ 52%] [32mBuilding CXX object CMakeFiles/udemy_ros2_pkg__rosidl_typesupport_c.dir/rosidl_typesupport_c/udemy_ros2_pkg/srv/turn_camera__type_support.cpp.o[0m
[3.288s] [ 54%] [32mBuilding CXX object CMakeFiles/udemy_ros2_pkg__rosidl_typesupport_c.dir/rosidl_typesupport_c/udemy_ros2_pkg/srv/odd_even_check__type_support.cpp.o[0m
[3.330s] [ 54%] Built target udemy_ros2_pkg__rosidl_typesupport_cpp
[3.353s] [35m[1mConsolidate compiler generated dependencies of target service_server[0m
[3.356s] [ 56%] [32m[1mLinking CXX shared library libudemy_ros2_pkg__rosidl_typesupport_c.so[0m
[3.363s] [35m[1mConsolidate compiler generated dependencies of target service_client[0m
[3.388s] [35m[1mConsolidate compiler generated dependencies of target udemy_ros2_pkg__rosidl_typesupport_introspection_c[0m
[3.396s] [ 58%] [32mBuilding CXX object CMakeFiles/service_server.dir/src/service_server.cpp.o[0m
[3.397s] [ 60%] [32mBuilding CXX object CMakeFiles/service_client.dir/src/service_client.cpp.o[0m
[3.408s] [ 64%] [32mBuilding C object CMakeFiles/udemy_ros2_pkg__rosidl_typesupport_introspection_c.dir/rosidl_typesupport_introspection_c/udemy_ros2_pkg/srv/detail/odd_even_check__type_support.c.o[0m
[3.408s] [ 64%] [32mBuilding C object CMakeFiles/udemy_ros2_pkg__rosidl_typesupport_introspection_c.dir/rosidl_typesupport_introspection_c/udemy_ros2_pkg/srv/detail/turn_camera__type_support.c.o[0m
[3.450s] [ 64%] Built target udemy_ros2_pkg__rosidl_typesupport_c
[3.478s] [35m[1mConsolidate compiler generated dependencies of target udemy_ros2_pkg__rosidl_typesupport_fastrtps_c[0m
[3.504s] [ 66%] [32mBuilding CXX object CMakeFiles/udemy_ros2_pkg__rosidl_typesupport_fastrtps_c.dir/rosidl_typesupport_fastrtps_c/udemy_ros2_pkg/srv/detail/odd_even_check__type_support_c.cpp.o[0m
[3.517s] [ 68%] [32mBuilding CXX object CMakeFiles/udemy_ros2_pkg__rosidl_typesupport_fastrtps_c.dir/rosidl_typesupport_fastrtps_c/udemy_ros2_pkg/srv/detail/turn_camera__type_support_c.cpp.o[0m
[3.551s] [ 70%] [32m[1mLinking CXX shared library libudemy_ros2_pkg__rosidl_typesupport_introspection_cpp.so[0m
[3.554s] [ 72%] [32m[1mLinking C shared library libudemy_ros2_pkg__rosidl_typesupport_introspection_c.so[0m
[3.671s] [ 72%] Built target udemy_ros2_pkg__rosidl_typesupport_introspection_c
[3.693s] [ 74%] [32m[1mLinking CXX shared library libudemy_ros2_pkg__rosidl_typesupport_fastrtps_cpp.so[0m
[3.694s] [ 74%] Built target udemy_ros2_pkg__rosidl_typesupport_introspection_cpp
[3.798s] [ 74%] Built target udemy_ros2_pkg__rosidl_typesupport_fastrtps_cpp
[4.214s] [ 76%] [32m[1mLinking CXX shared library libudemy_ros2_pkg__rosidl_typesupport_fastrtps_c.so[0m
[4.298s] [ 76%] Built target udemy_ros2_pkg__rosidl_typesupport_fastrtps_c
[4.316s] [ 76%] Built target udemy_ros2_pkg
[4.343s] [ 78%] [34m[1mGenerating Python code for ROS interfaces[0m
[4.935s] [ 78%] Built target udemy_ros2_pkg__py
[4.949s] [35m[1mConsolidate compiler generated dependencies of target udemy_ros2_pkg__rosidl_generator_py[0m
[4.967s] [ 80%] [32mBuilding C object CMakeFiles/udemy_ros2_pkg__rosidl_generator_py.dir/rosidl_generator_py/udemy_ros2_pkg/srv/_turn_camera_s.c.o[0m
[4.967s] [ 82%] [32mBuilding C object CMakeFiles/udemy_ros2_pkg__rosidl_generator_py.dir/rosidl_generator_py/udemy_ros2_pkg/srv/_odd_even_check_s.c.o[0m
[5.194s] [ 84%] [32m[1mLinking C shared library rosidl_generator_py/udemy_ros2_pkg/libudemy_ros2_pkg__rosidl_generator_py.so[0m
[5.261s] [ 84%] Built target udemy_ros2_pkg__rosidl_generator_py
[5.271s] [35m[1mConsolidate compiler generated dependencies of target udemy_ros2_pkg__rosidl_typesupport_fastrtps_c__pyext[0m
[5.271s] [35m[1mConsolidate compiler generated dependencies of target udemy_ros2_pkg__rosidl_typesupport_introspection_c__pyext[0m
[5.271s] [35m[1mConsolidate compiler generated dependencies of target udemy_ros2_pkg__rosidl_typesupport_c__pyext[0m
[5.287s] [ 86%] [32mBuilding C object CMakeFiles/udemy_ros2_pkg__rosidl_typesupport_introspection_c__pyext.dir/rosidl_generator_py/udemy_ros2_pkg/_udemy_ros2_pkg_s.ep.rosidl_typesupport_introspection_c.c.o[0m
[5.287s] [ 90%] [32mBuilding C object CMakeFiles/udemy_ros2_pkg__rosidl_typesupport_c__pyext.dir/rosidl_generator_py/udemy_ros2_pkg/_udemy_ros2_pkg_s.ep.rosidl_typesupport_c.c.o[0m
[5.287s] [ 90%] [32mBuilding C object CMakeFiles/udemy_ros2_pkg__rosidl_typesupport_fastrtps_c__pyext.dir/rosidl_generator_py/udemy_ros2_pkg/_udemy_ros2_pkg_s.ep.rosidl_typesupport_fastrtps_c.c.o[0m
[5.511s] [ 92%] [32m[1mLinking C shared library rosidl_generator_py/udemy_ros2_pkg/udemy_ros2_pkg_s__rosidl_typesupport_fastrtps_c.cpython-310-x86_64-linux-gnu.so[0m
[5.514s] [ 94%] [32m[1mLinking C shared library rosidl_generator_py/udemy_ros2_pkg/udemy_ros2_pkg_s__rosidl_typesupport_introspection_c.cpython-310-x86_64-linux-gnu.so[0m
[5.566s] [ 96%] [32m[1mLinking C shared library rosidl_generator_py/udemy_ros2_pkg/udemy_ros2_pkg_s__rosidl_typesupport_c.cpython-310-x86_64-linux-gnu.so[0m
[5.574s] [ 96%] Built target udemy_ros2_pkg__rosidl_typesupport_fastrtps_c__pyext
[5.575s] [ 96%] Built target udemy_ros2_pkg__rosidl_typesupport_introspection_c__pyext
[5.609s] [ 96%] Built target udemy_ros2_pkg__rosidl_typesupport_c__pyext
[8.824s] [ 98%] [32m[1mLinking CXX executable service_server[0m
[8.911s] [100%] [32m[1mLinking CXX executable service_client[0m
[8.959s] [100%] Built target service_server
[9.036s] [100%] Built target service_client
[9.053s] Invoked command in '/home/serhat/workspaces/build/udemy_ros2_pkg' returned '0': CMAKE_PREFIX_PATH=${CMAKE_PREFIX_PATH}:/opt/ros/humble /usr/bin/cmake --build /home/serhat/workspaces/build/udemy_ros2_pkg -- -j12 -l12
[9.141s] Invoking command in '/home/serhat/workspaces/build/udemy_ros2_pkg': CMAKE_PREFIX_PATH=${CMAKE_PREFIX_PATH}:/opt/ros/humble /usr/bin/cmake --install /home/serhat/workspaces/build/udemy_ros2_pkg
[9.152s] -- Install configuration: "RelWithDebInfo"
[9.153s] -- Execute custom install script
[9.154s] -- Up-to-date symlink: /home/serhat/workspaces/install/udemy_ros2_pkg/share/ament_index/resource_index/rosidl_interfaces/udemy_ros2_pkg
[9.155s] -- Up-to-date symlink: /home/serhat/workspaces/install/udemy_ros2_pkg/include/udemy_ros2_pkg/udemy_ros2_pkg/msg/rosidl_generator_c__visibility_control.h
[9.155s] -- Up-to-date symlink: /home/serhat/workspaces/install/udemy_ros2_pkg/include/udemy_ros2_pkg/udemy_ros2_pkg/srv/detail/odd_even_check__functions.h
[9.156s] -- Up-to-date symlink: /home/serhat/workspaces/install/udemy_ros2_pkg/include/udemy_ros2_pkg/udemy_ros2_pkg/srv/detail/odd_even_check__struct.h
[9.156s] -- Up-to-date symlink: /home/serhat/workspaces/install/udemy_ros2_pkg/include/udemy_ros2_pkg/udemy_ros2_pkg/srv/detail/odd_even_check__type_support.h
[9.156s] -- Symlinking: /home/serhat/workspaces/install/udemy_ros2_pkg/include/udemy_ros2_pkg/udemy_ros2_pkg/srv/detail/turn_camera__functions.h
[9.164s] -- Symlinking: /home/serhat/workspaces/install/udemy_ros2_pkg/include/udemy_ros2_pkg/udemy_ros2_pkg/srv/detail/turn_camera__struct.h
[9.170s] -- Symlinking: /home/serhat/workspaces/install/udemy_ros2_pkg/include/udemy_ros2_pkg/udemy_ros2_pkg/srv/detail/turn_camera__type_support.h
[9.177s] -- Up-to-date symlink: /home/serhat/workspaces/install/udemy_ros2_pkg/include/udemy_ros2_pkg/udemy_ros2_pkg/srv/odd_even_check.h
[9.178s] -- Symlinking: /home/serhat/workspaces/install/udemy_ros2_pkg/include/udemy_ros2_pkg/udemy_ros2_pkg/srv/turn_camera.h
[9.185s] -- Up-to-date symlink: /home/serhat/workspaces/install/udemy_ros2_pkg/share/udemy_ros2_pkg/environment/library_path.sh
[9.185s] -- Up-to-date symlink: /home/serhat/workspaces/install/udemy_ros2_pkg/share/udemy_ros2_pkg/environment/library_path.dsv
[9.186s] -- Up-to-date symlink: /home/serhat/workspaces/install/udemy_ros2_pkg/include/udemy_ros2_pkg/udemy_ros2_pkg/msg/rosidl_typesupport_fastrtps_c__visibility_control.h
[9.186s] -- Up-to-date symlink: /home/serhat/workspaces/install/udemy_ros2_pkg/include/udemy_ros2_pkg/udemy_ros2_pkg/srv/detail/odd_even_check__rosidl_typesupport_fastrtps_c.h
[9.186s] -- Symlinking: /home/serhat/workspaces/install/udemy_ros2_pkg/include/udemy_ros2_pkg/udemy_ros2_pkg/srv/detail/turn_camera__rosidl_typesupport_fastrtps_c.h
[9.194s] -- Up-to-date symlink: /home/serhat/workspaces/install/udemy_ros2_pkg/include/udemy_ros2_pkg/udemy_ros2_pkg/srv/detail/odd_even_check__builder.hpp
[9.194s] -- Up-to-date symlink: /home/serhat/workspaces/install/udemy_ros2_pkg/include/udemy_ros2_pkg/udemy_ros2_pkg/srv/detail/odd_even_check__struct.hpp
[9.194s] -- Up-to-date symlink: /home/serhat/workspaces/install/udemy_ros2_pkg/include/udemy_ros2_pkg/udemy_ros2_pkg/srv/detail/odd_even_check__traits.hpp
[9.194s] -- Symlinking: /home/serhat/workspaces/install/udemy_ros2_pkg/include/udemy_ros2_pkg/udemy_ros2_pkg/srv/detail/turn_camera__builder.hpp
[9.201s] -- Symlinking: /home/serhat/workspaces/install/udemy_ros2_pkg/include/udemy_ros2_pkg/udemy_ros2_pkg/srv/detail/turn_camera__struct.hpp
[9.207s] -- Symlinking: /home/serhat/workspaces/install/udemy_ros2_pkg/include/udemy_ros2_pkg/udemy_ros2_pkg/srv/detail/turn_camera__traits.hpp
[9.215s] -- Up-to-date symlink: /home/serhat/workspaces/install/udemy_ros2_pkg/include/udemy_ros2_pkg/udemy_ros2_pkg/srv/odd_even_check.hpp
[9.215s] -- Symlinking: /home/serhat/workspaces/install/udemy_ros2_pkg/include/udemy_ros2_pkg/udemy_ros2_pkg/srv/turn_camera.hpp
[9.221s] -- Up-to-date symlink: /home/serhat/workspaces/install/udemy_ros2_pkg/include/udemy_ros2_pkg/udemy_ros2_pkg/msg/rosidl_typesupport_fastrtps_cpp__visibility_control.h
[9.221s] -- Up-to-date symlink: /home/serhat/workspaces/install/udemy_ros2_pkg/include/udemy_ros2_pkg/udemy_ros2_pkg/srv/detail/odd_even_check__rosidl_typesupport_fastrtps_cpp.hpp
[9.221s] -- Symlinking: /home/serhat/workspaces/install/udemy_ros2_pkg/include/udemy_ros2_pkg/udemy_ros2_pkg/srv/detail/turn_camera__rosidl_typesupport_fastrtps_cpp.hpp
[9.228s] -- Up-to-date symlink: /home/serhat/workspaces/install/udemy_ros2_pkg/include/udemy_ros2_pkg/udemy_ros2_pkg/msg/rosidl_typesupport_introspection_c__visibility_control.h
[9.228s] -- Up-to-date symlink: /home/serhat/workspaces/install/udemy_ros2_pkg/include/udemy_ros2_pkg/udemy_ros2_pkg/srv/detail/odd_even_check__rosidl_typesupport_introspection_c.h
[9.229s] -- Symlinking: /home/serhat/workspaces/install/udemy_ros2_pkg/include/udemy_ros2_pkg/udemy_ros2_pkg/srv/detail/turn_camera__rosidl_typesupport_introspection_c.h
[9.236s] -- Up-to-date symlink: /home/serhat/workspaces/install/udemy_ros2_pkg/include/udemy_ros2_pkg/udemy_ros2_pkg/srv/detail/odd_even_check__rosidl_typesupport_introspection_cpp.hpp
[9.237s] -- Symlinking: /home/serhat/workspaces/install/udemy_ros2_pkg/include/udemy_ros2_pkg/udemy_ros2_pkg/srv/detail/turn_camera__rosidl_typesupport_introspection_cpp.hpp
[9.248s] -- Up-to-date symlink: /home/serhat/workspaces/install/udemy_ros2_pkg/share/udemy_ros2_pkg/environment/pythonpath.sh
[9.248s] -- Up-to-date symlink: /home/serhat/workspaces/install/udemy_ros2_pkg/share/udemy_ros2_pkg/environment/pythonpath.dsv
[9.249s] -- Up-to-date symlink: /home/serhat/workspaces/install/udemy_ros2_pkg/local/lib/python3.10/dist-packages/udemy_ros2_pkg-0.0.0-py3.10.egg-info/PKG-INFO
[9.249s] -- Up-to-date symlink: /home/serhat/workspaces/install/udemy_ros2_pkg/local/lib/python3.10/dist-packages/udemy_ros2_pkg-0.0.0-py3.10.egg-info/SOURCES.txt
[9.249s] -- Up-to-date symlink: /home/serhat/workspaces/install/udemy_ros2_pkg/local/lib/python3.10/dist-packages/udemy_ros2_pkg-0.0.0-py3.10.egg-info/dependency_links.txt
[9.249s] -- Up-to-date symlink: /home/serhat/workspaces/install/udemy_ros2_pkg/local/lib/python3.10/dist-packages/udemy_ros2_pkg-0.0.0-py3.10.egg-info/top_level.txt
[9.250s] -- Up-to-date symlink: /home/serhat/workspaces/install/udemy_ros2_pkg/local/lib/python3.10/dist-packages/udemy_ros2_pkg/__init__.py
[9.250s] -- Up-to-date symlink: /home/serhat/workspaces/install/udemy_ros2_pkg/local/lib/python3.10/dist-packages/udemy_ros2_pkg/_udemy_ros2_pkg_s.ep.rosidl_typesupport_c.c
[9.250s] -- Up-to-date symlink: /home/serhat/workspaces/install/udemy_ros2_pkg/local/lib/python3.10/dist-packages/udemy_ros2_pkg/_udemy_ros2_pkg_s.ep.rosidl_typesupport_fastrtps_c.c
[9.250s] -- Up-to-date symlink: /home/serhat/workspaces/install/udemy_ros2_pkg/local/lib/python3.10/dist-packages/udemy_ros2_pkg/_udemy_ros2_pkg_s.ep.rosidl_typesupport_introspection_c.c
[9.250s] -- Up-to-date symlink: /home/serhat/workspaces/install/udemy_ros2_pkg/local/lib/python3.10/dist-packages/udemy_ros2_pkg/libudemy_ros2_pkg__rosidl_generator_py.so
[9.251s] -- Up-to-date symlink: /home/serhat/workspaces/install/udemy_ros2_pkg/local/lib/python3.10/dist-packages/udemy_ros2_pkg/srv/__init__.py
[9.251s] -- Up-to-date symlink: /home/serhat/workspaces/install/udemy_ros2_pkg/local/lib/python3.10/dist-packages/udemy_ros2_pkg/srv/_odd_even_check.py
[9.251s] -- Up-to-date symlink: /home/serhat/workspaces/install/udemy_ros2_pkg/local/lib/python3.10/dist-packages/udemy_ros2_pkg/srv/_odd_even_check_s.c
[9.251s] -- Symlinking: /home/serhat/workspaces/install/udemy_ros2_pkg/local/lib/python3.10/dist-packages/udemy_ros2_pkg/srv/_turn_camera.py
[9.258s] -- Symlinking: /home/serhat/workspaces/install/udemy_ros2_pkg/local/lib/python3.10/dist-packages/udemy_ros2_pkg/srv/_turn_camera_s.c
[9.265s] -- Up-to-date symlink: /home/serhat/workspaces/install/udemy_ros2_pkg/local/lib/python3.10/dist-packages/udemy_ros2_pkg/udemy_ros2_pkg_s__rosidl_typesupport_c.cpython-310-x86_64-linux-gnu.so
[9.265s] -- Up-to-date symlink: /home/serhat/workspaces/install/udemy_ros2_pkg/local/lib/python3.10/dist-packages/udemy_ros2_pkg/udemy_ros2_pkg_s__rosidl_typesupport_fastrtps_c.cpython-310-x86_64-linux-gnu.so
[9.265s] -- Up-to-date symlink: /home/serhat/workspaces/install/udemy_ros2_pkg/local/lib/python3.10/dist-packages/udemy_ros2_pkg/udemy_ros2_pkg_s__rosidl_typesupport_introspection_c.cpython-310-x86_64-linux-gnu.so
[9.265s] -- Up-to-date symlink: /home/serhat/workspaces/install/udemy_ros2_pkg/local/lib/python3.10/dist-packages/udemy_ros2_pkg/udemy_ros2_pkg_s__rosidl_typesupport_fastrtps_c.cpython-310-x86_64-linux-gnu.so
[9.266s] -- Up-to-date symlink: /home/serhat/workspaces/install/udemy_ros2_pkg/local/lib/python3.10/dist-packages/udemy_ros2_pkg/udemy_ros2_pkg_s__rosidl_typesupport_introspection_c.cpython-310-x86_64-linux-gnu.so
[9.266s] -- Up-to-date symlink: /home/serhat/workspaces/install/udemy_ros2_pkg/local/lib/python3.10/dist-packages/udemy_ros2_pkg/udemy_ros2_pkg_s__rosidl_typesupport_c.cpython-310-x86_64-linux-gnu.so
[9.266s] -- Up-to-date symlink: /home/serhat/workspaces/install/udemy_ros2_pkg/share/udemy_ros2_pkg/srv/OddEvenCheck.idl
[9.266s] -- Symlinking: /home/serhat/workspaces/install/udemy_ros2_pkg/share/udemy_ros2_pkg/srv/TurnCamera.idl
[9.273s] -- Up-to-date symlink: /home/serhat/workspaces/install/udemy_ros2_pkg/share/udemy_ros2_pkg/srv/OddEvenCheck.srv
[9.273s] -- Up-to-date symlink: /home/serhat/workspaces/install/udemy_ros2_pkg/share/udemy_ros2_pkg/srv/OddEvenCheck_Request.msg
[9.274s] -- Up-to-date symlink: /home/serhat/workspaces/install/udemy_ros2_pkg/share/udemy_ros2_pkg/srv/OddEvenCheck_Response.msg
[9.274s] -- Symlinking: /home/serhat/workspaces/install/udemy_ros2_pkg/share/udemy_ros2_pkg/srv/TurnCamera.srv
[9.281s] -- Symlinking: /home/serhat/workspaces/install/udemy_ros2_pkg/share/udemy_ros2_pkg/srv/TurnCamera_Request.msg
[9.287s] -- Symlinking: /home/serhat/workspaces/install/udemy_ros2_pkg/share/udemy_ros2_pkg/srv/TurnCamera_Response.msg
[9.294s] -- Up-to-date symlink: /home/serhat/workspaces/install/udemy_ros2_pkg/lib/udemy_ros2_pkg/publisher
[9.295s] -- Up-to-date symlink: /home/serhat/workspaces/install/udemy_ros2_pkg/lib/udemy_ros2_pkg/subscriber
[9.295s] -- Up-to-date symlink: /home/serhat/workspaces/install/udemy_ros2_pkg/lib/udemy_ros2_pkg/speed_calc
[9.295s] -- Up-to-date symlink: /home/serhat/workspaces/install/udemy_ros2_pkg/lib/udemy_ros2_pkg/rpm_pub
[9.295s] -- Up-to-date symlink: /home/serhat/workspaces/install/udemy_ros2_pkg/lib/udemy_ros2_pkg/service_server
[9.295s] -- Up-to-date symlink: /home/serhat/workspaces/install/udemy_ros2_pkg/lib/udemy_ros2_pkg/service_client
[9.295s] -- Up-to-date symlink: /home/serhat/workspaces/install/udemy_ros2_pkg/share/udemy_ros2_pkg/launch/launch_project.launch.py
[9.296s] -- Up-to-date symlink: /home/serhat/workspaces/install/udemy_ros2_pkg/share/udemy_ros2_pkg/launch/rpm_node.launch.py
[9.296s] -- Up-to-date symlink: /home/serhat/workspaces/install/udemy_ros2_pkg/share/ament_index/resource_index/package_run_dependencies/udemy_ros2_pkg
[9.296s] -- Up-to-date symlink: /home/serhat/workspaces/install/udemy_ros2_pkg/share/ament_index/resource_index/parent_prefix_path/udemy_ros2_pkg
[9.296s] -- Up-to-date symlink: /home/serhat/workspaces/install/udemy_ros2_pkg/share/udemy_ros2_pkg/environment/ament_prefix_path.sh
[9.296s] -- Up-to-date symlink: /home/serhat/workspaces/install/udemy_ros2_pkg/share/udemy_ros2_pkg/environment/ament_prefix_path.dsv
[9.296s] -- Up-to-date symlink: /home/serhat/workspaces/install/udemy_ros2_pkg/share/udemy_ros2_pkg/environment/path.sh
[9.297s] -- Up-to-date symlink: /home/serhat/workspaces/install/udemy_ros2_pkg/share/udemy_ros2_pkg/environment/path.dsv
[9.297s] -- Up-to-date symlink: /home/serhat/workspaces/install/udemy_ros2_pkg/share/udemy_ros2_pkg/local_setup.bash
[9.297s] -- Up-to-date symlink: /home/serhat/workspaces/install/udemy_ros2_pkg/share/udemy_ros2_pkg/local_setup.sh
[9.297s] -- Up-to-date symlink: /home/serhat/workspaces/install/udemy_ros2_pkg/share/udemy_ros2_pkg/local_setup.zsh
[9.297s] -- Up-to-date symlink: /home/serhat/workspaces/install/udemy_ros2_pkg/share/udemy_ros2_pkg/local_setup.dsv
[9.297s] -- Symlinking: /home/serhat/workspaces/install/udemy_ros2_pkg/share/udemy_ros2_pkg/package.dsv
[9.304s] -- Up-to-date symlink: /home/serhat/workspaces/install/udemy_ros2_pkg/share/ament_index/resource_index/packages/udemy_ros2_pkg
[9.305s] -- Up-to-date symlink: /home/serhat/workspaces/install/udemy_ros2_pkg/share/udemy_ros2_pkg/cmake/rosidl_cmake-extras.cmake
[9.305s] -- Up-to-date symlink: /home/serhat/workspaces/install/udemy_ros2_pkg/share/udemy_ros2_pkg/cmake/ament_cmake_export_dependencies-extras.cmake
[9.305s] -- Up-to-date symlink: /home/serhat/workspaces/install/udemy_ros2_pkg/share/udemy_ros2_pkg/cmake/ament_cmake_export_include_directories-extras.cmake
[9.305s] -- Up-to-date symlink: /home/serhat/workspaces/install/udemy_ros2_pkg/share/udemy_ros2_pkg/cmake/ament_cmake_export_libraries-extras.cmake
[9.305s] -- Up-to-date symlink: /home/serhat/workspaces/install/udemy_ros2_pkg/share/udemy_ros2_pkg/cmake/ament_cmake_export_targets-extras.cmake
[9.305s] -- Up-to-date symlink: /home/serhat/workspaces/install/udemy_ros2_pkg/share/udemy_ros2_pkg/cmake/rosidl_cmake_export_typesupport_targets-extras.cmake
[9.305s] -- Up-to-date symlink: /home/serhat/workspaces/install/udemy_ros2_pkg/share/udemy_ros2_pkg/cmake/rosidl_cmake_export_typesupport_libraries-extras.cmake
[9.305s] -- Up-to-date symlink: /home/serhat/workspaces/install/udemy_ros2_pkg/share/udemy_ros2_pkg/cmake/udemy_ros2_pkgConfig.cmake
[9.306s] -- Up-to-date symlink: /home/serhat/workspaces/install/udemy_ros2_pkg/share/udemy_ros2_pkg/cmake/udemy_ros2_pkgConfig-version.cmake
[9.306s] -- Up-to-date symlink: /home/serhat/workspaces/install/udemy_ros2_pkg/share/udemy_ros2_pkg/package.xml
[9.306s] -- Installing: /home/serhat/workspaces/install/udemy_ros2_pkg/lib/libudemy_ros2_pkg__rosidl_generator_c.so
[9.307s] -- Set runtime path of "/home/serhat/workspaces/install/udemy_ros2_pkg/lib/libudemy_ros2_pkg__rosidl_generator_c.so" to ""
[9.307s] -- Installing: /home/serhat/workspaces/install/udemy_ros2_pkg/lib/libudemy_ros2_pkg__rosidl_typesupport_fastrtps_c.so
[9.307s] -- Set runtime path of "/home/serhat/workspaces/install/udemy_ros2_pkg/lib/libudemy_ros2_pkg__rosidl_typesupport_fastrtps_c.so" to ""
[9.308s] -- Installing: /home/serhat/workspaces/install/udemy_ros2_pkg/lib/libudemy_ros2_pkg__rosidl_typesupport_fastrtps_cpp.so
[9.308s] -- Set runtime path of "/home/serhat/workspaces/install/udemy_ros2_pkg/lib/libudemy_ros2_pkg__rosidl_typesupport_fastrtps_cpp.so" to ""
[9.308s] -- Installing: /home/serhat/workspaces/install/udemy_ros2_pkg/lib/libudemy_ros2_pkg__rosidl_typesupport_introspection_c.so
[9.309s] -- Set runtime path of "/home/serhat/workspaces/install/udemy_ros2_pkg/lib/libudemy_ros2_pkg__rosidl_typesupport_introspection_c.so" to ""
[9.309s] -- Installing: /home/serhat/workspaces/install/udemy_ros2_pkg/lib/libudemy_ros2_pkg__rosidl_typesupport_c.so
[9.310s] -- Set runtime path of "/home/serhat/workspaces/install/udemy_ros2_pkg/lib/libudemy_ros2_pkg__rosidl_typesupport_c.so" to ""
[9.310s] -- Installing: /home/serhat/workspaces/install/udemy_ros2_pkg/lib/libudemy_ros2_pkg__rosidl_typesupport_introspection_cpp.so
[9.310s] -- Set runtime path of "/home/serhat/workspaces/install/udemy_ros2_pkg/lib/libudemy_ros2_pkg__rosidl_typesupport_introspection_cpp.so" to ""
[9.311s] -- Installing: /home/serhat/workspaces/install/udemy_ros2_pkg/lib/libudemy_ros2_pkg__rosidl_typesupport_cpp.so
[9.311s] -- Set runtime path of "/home/serhat/workspaces/install/udemy_ros2_pkg/lib/libudemy_ros2_pkg__rosidl_typesupport_cpp.so" to ""
[9.341s] Listing '/home/serhat/workspaces/install/udemy_ros2_pkg/local/lib/python3.10/dist-packages/udemy_ros2_pkg'...
[9.341s] Compiling '/home/serhat/workspaces/install/udemy_ros2_pkg/local/lib/python3.10/dist-packages/udemy_ros2_pkg/__init__.py'...
[9.341s] Listing '/home/serhat/workspaces/install/udemy_ros2_pkg/local/lib/python3.10/dist-packages/udemy_ros2_pkg/srv'...
[9.341s] Compiling '/home/serhat/workspaces/install/udemy_ros2_pkg/local/lib/python3.10/dist-packages/udemy_ros2_pkg/srv/__init__.py'...
[9.341s] Compiling '/home/serhat/workspaces/install/udemy_ros2_pkg/local/lib/python3.10/dist-packages/udemy_ros2_pkg/srv/_odd_even_check.py'...
[9.341s] Compiling '/home/serhat/workspaces/install/udemy_ros2_pkg/local/lib/python3.10/dist-packages/udemy_ros2_pkg/srv/_turn_camera.py'...
[9.346s] -- Installing: /home/serhat/workspaces/install/udemy_ros2_pkg/lib/libudemy_ros2_pkg__rosidl_generator_py.so
[9.347s] -- Set runtime path of "/home/serhat/workspaces/install/udemy_ros2_pkg/lib/libudemy_ros2_pkg__rosidl_generator_py.so" to ""
[9.347s] -- Old export file "/home/serhat/workspaces/install/udemy_ros2_pkg/share/udemy_ros2_pkg/cmake/export_udemy_ros2_pkg__rosidl_generator_cExport.cmake" will be replaced.  Removing files [/home/serhat/workspaces/install/udemy_ros2_pkg/share/udemy_ros2_pkg/cmake/export_udemy_ros2_pkg__rosidl_generator_cExport-relwithdebinfo.cmake].
[9.347s] -- Installing: /home/serhat/workspaces/install/udemy_ros2_pkg/share/udemy_ros2_pkg/cmake/export_udemy_ros2_pkg__rosidl_generator_cExport.cmake
[9.347s] -- Installing: /home/serhat/workspaces/install/udemy_ros2_pkg/share/udemy_ros2_pkg/cmake/export_udemy_ros2_pkg__rosidl_generator_cExport-relwithdebinfo.cmake
[9.348s] -- Old export file "/home/serhat/workspaces/install/udemy_ros2_pkg/share/udemy_ros2_pkg/cmake/export_udemy_ros2_pkg__rosidl_typesupport_fastrtps_cExport.cmake" will be replaced.  Removing files [/home/serhat/workspaces/install/udemy_ros2_pkg/share/udemy_ros2_pkg/cmake/export_udemy_ros2_pkg__rosidl_typesupport_fastrtps_cExport-relwithdebinfo.cmake].
[9.348s] -- Installing: /home/serhat/workspaces/install/udemy_ros2_pkg/share/udemy_ros2_pkg/cmake/export_udemy_ros2_pkg__rosidl_typesupport_fastrtps_cExport.cmake
[9.348s] -- Installing: /home/serhat/workspaces/install/udemy_ros2_pkg/share/udemy_ros2_pkg/cmake/export_udemy_ros2_pkg__rosidl_typesupport_fastrtps_cExport-relwithdebinfo.cmake
[9.349s] -- Installing: /home/serhat/workspaces/install/udemy_ros2_pkg/share/udemy_ros2_pkg/cmake/export_udemy_ros2_pkg__rosidl_generator_cppExport.cmake
[9.349s] -- Old export file "/home/serhat/workspaces/install/udemy_ros2_pkg/share/udemy_ros2_pkg/cmake/export_udemy_ros2_pkg__rosidl_typesupport_fastrtps_cppExport.cmake" will be replaced.  Removing files [/home/serhat/workspaces/install/udemy_ros2_pkg/share/udemy_ros2_pkg/cmake/export_udemy_ros2_pkg__rosidl_typesupport_fastrtps_cppExport-relwithdebinfo.cmake].
[9.349s] -- Installing: /home/serhat/workspaces/install/udemy_ros2_pkg/share/udemy_ros2_pkg/cmake/export_udemy_ros2_pkg__rosidl_typesupport_fastrtps_cppExport.cmake
[9.350s] -- Installing: /home/serhat/workspaces/install/udemy_ros2_pkg/share/udemy_ros2_pkg/cmake/export_udemy_ros2_pkg__rosidl_typesupport_fastrtps_cppExport-relwithdebinfo.cmake
[9.350s] -- Old export file "/home/serhat/workspaces/install/udemy_ros2_pkg/share/udemy_ros2_pkg/cmake/udemy_ros2_pkg__rosidl_typesupport_introspection_cExport.cmake" will be replaced.  Removing files [/home/serhat/workspaces/install/udemy_ros2_pkg/share/udemy_ros2_pkg/cmake/udemy_ros2_pkg__rosidl_typesupport_introspection_cExport-relwithdebinfo.cmake].
[9.350s] -- Installing: /home/serhat/workspaces/install/udemy_ros2_pkg/share/udemy_ros2_pkg/cmake/udemy_ros2_pkg__rosidl_typesupport_introspection_cExport.cmake
[9.350s] -- Installing: /home/serhat/workspaces/install/udemy_ros2_pkg/share/udemy_ros2_pkg/cmake/udemy_ros2_pkg__rosidl_typesupport_introspection_cExport-relwithdebinfo.cmake
[9.351s] -- Old export file "/home/serhat/workspaces/install/udemy_ros2_pkg/share/udemy_ros2_pkg/cmake/udemy_ros2_pkg__rosidl_typesupport_cExport.cmake" will be replaced.  Removing files [/home/serhat/workspaces/install/udemy_ros2_pkg/share/udemy_ros2_pkg/cmake/udemy_ros2_pkg__rosidl_typesupport_cExport-relwithdebinfo.cmake].
[9.351s] -- Installing: /home/serhat/workspaces/install/udemy_ros2_pkg/share/udemy_ros2_pkg/cmake/udemy_ros2_pkg__rosidl_typesupport_cExport.cmake
[9.351s] -- Installing: /home/serhat/workspaces/install/udemy_ros2_pkg/share/udemy_ros2_pkg/cmake/udemy_ros2_pkg__rosidl_typesupport_cExport-relwithdebinfo.cmake
[9.352s] -- Old export file "/home/serhat/workspaces/install/udemy_ros2_pkg/share/udemy_ros2_pkg/cmake/udemy_ros2_pkg__rosidl_typesupport_introspection_cppExport.cmake" will be replaced.  Removing files [/home/serhat/workspaces/install/udemy_ros2_pkg/share/udemy_ros2_pkg/cmake/udemy_ros2_pkg__rosidl_typesupport_introspection_cppExport-relwithdebinfo.cmake].
[9.352s] -- Installing: /home/serhat/workspaces/install/udemy_ros2_pkg/share/udemy_ros2_pkg/cmake/udemy_ros2_pkg__rosidl_typesupport_introspection_cppExport.cmake
[9.352s] -- Installing: /home/serhat/workspaces/install/udemy_ros2_pkg/share/udemy_ros2_pkg/cmake/udemy_ros2_pkg__rosidl_typesupport_introspection_cppExport-relwithdebinfo.cmake
[9.353s] -- Old export file "/home/serhat/workspaces/install/udemy_ros2_pkg/share/udemy_ros2_pkg/cmake/udemy_ros2_pkg__rosidl_typesupport_cppExport.cmake" will be replaced.  Removing files [/home/serhat/workspaces/install/udemy_ros2_pkg/share/udemy_ros2_pkg/cmake/udemy_ros2_pkg__rosidl_typesupport_cppExport-relwithdebinfo.cmake].
[9.353s] -- Installing: /home/serhat/workspaces/install/udemy_ros2_pkg/share/udemy_ros2_pkg/cmake/udemy_ros2_pkg__rosidl_typesupport_cppExport.cmake
[9.353s] -- Installing: /home/serhat/workspaces/install/udemy_ros2_pkg/share/udemy_ros2_pkg/cmake/udemy_ros2_pkg__rosidl_typesupport_cppExport-relwithdebinfo.cmake
[9.353s] -- Old export file "/home/serhat/workspaces/install/udemy_ros2_pkg/share/udemy_ros2_pkg/cmake/export_udemy_ros2_pkg__rosidl_generator_pyExport.cmake" will be replaced.  Removing files [/home/serhat/workspaces/install/udemy_ros2_pkg/share/udemy_ros2_pkg/cmake/export_udemy_ros2_pkg__rosidl_generator_pyExport-relwithdebinfo.cmake].
[9.354s] -- Installing: /home/serhat/workspaces/install/udemy_ros2_pkg/share/udemy_ros2_pkg/cmake/export_udemy_ros2_pkg__rosidl_generator_pyExport.cmake
[9.354s] -- Installing: /home/serhat/workspaces/install/udemy_ros2_pkg/share/udemy_ros2_pkg/cmake/export_udemy_ros2_pkg__rosidl_generator_pyExport-relwithdebinfo.cmake
[9.358s] Invoked command in '/home/serhat/workspaces/build/udemy_ros2_pkg' returned '0': CMAKE_PREFIX_PATH=${CMAKE_PREFIX_PATH}:/opt/ros/humble /usr/bin/cmake --install /home/serhat/workspaces/build/udemy_ros2_pkg
