[0.080s] Invoking command in '/home/serhat/workspace/build/canopen_mock_slave': AMENT_PREFIX_PATH=/home/serhat/workspace/install/lely_core_libraries:${AMENT_PREFIX_PATH} CMAKE_PREFIX_PATH=/home/serhat/workspace/install/lely_core_libraries:/opt/ros/humble LD_LIBRARY_PATH=/home/serhat/workspace/install/lely_core_libraries/lib:${LD_LIBRARY_PATH} PATH=/home/serhat/workspace/install/lely_core_libraries/bin:${PATH} PYTHONPATH=/home/serhat/workspace/install/lely_core_libraries/lib/python3.10/site-packages:${PYTHONPATH} /usr/bin/cmake --build /home/serhat/workspace/build/canopen_mock_slave -- -j12 -l12
[0.434s] [35m[1mConsolidate compiler generated dependencies of target cia402_slave_node[0m
[0.456s] [35m[1mConsolidate compiler generated dependencies of target basic_slave_node[0m
[0.491s] [ 25%] [32mBuilding CXX object CMakeFiles/cia402_slave_node.dir/src/cia402_slave.cpp.o[0m
[0.499s] [ 50%] [32mBuilding CXX object CMakeFiles/basic_slave_node.dir/src/basic_slave.cpp.o[0m
[3.258s] [ 75%] [32m[1mLinking CXX executable basic_slave_node[0m
[3.432s] [100%] [32m[1mLinking CXX executable cia402_slave_node[0m
[3.472s] [100%] Built target basic_slave_node
[3.592s] [100%] Built target cia402_slave_node
[3.601s] Invoked command in '/home/serhat/workspace/build/canopen_mock_slave' returned '0': AMENT_PREFIX_PATH=/home/serhat/workspace/install/lely_core_libraries:${AMENT_PREFIX_PATH} CMAKE_PREFIX_PATH=/home/serhat/workspace/install/lely_core_libraries:/opt/ros/humble LD_LIBRARY_PATH=/home/serhat/workspace/install/lely_core_libraries/lib:${LD_LIBRARY_PATH} PATH=/home/serhat/workspace/install/lely_core_libraries/bin:${PATH} PYTHONPATH=/home/serhat/workspace/install/lely_core_libraries/lib/python3.10/site-packages:${PYTHONPATH} /usr/bin/cmake --build /home/serhat/workspace/build/canopen_mock_slave -- -j12 -l12
[3.625s] Invoking command in '/home/serhat/workspace/build/canopen_mock_slave': AMENT_PREFIX_PATH=/home/serhat/workspace/install/lely_core_libraries:${AMENT_PREFIX_PATH} CMAKE_PREFIX_PATH=/home/serhat/workspace/install/lely_core_libraries:/opt/ros/humble LD_LIBRARY_PATH=/home/serhat/workspace/install/lely_core_libraries/lib:${LD_LIBRARY_PATH} PATH=/home/serhat/workspace/install/lely_core_libraries/bin:${PATH} PYTHONPATH=/home/serhat/workspace/install/lely_core_libraries/lib/python3.10/site-packages:${PYTHONPATH} /usr/bin/cmake --install /home/serhat/workspace/build/canopen_mock_slave
[3.630s] -- Install configuration: ""
[3.643s] -- Execute custom install script
[3.665s] -- Up-to-date symlink: /home/serhat/workspace/install/canopen_mock_slave/lib/canopen_mock_slave/basic_slave_node
[3.665s] -- Up-to-date symlink: /home/serhat/workspace/install/canopen_mock_slave/lib/canopen_mock_slave/cia402_slave_node
[3.680s] -- Up-to-date symlink: /home/serhat/workspace/install/canopen_mock_slave/share/canopen_mock_slave/launch//basic_slave.launch.py
[3.680s] -- Up-to-date symlink: /home/serhat/workspace/install/canopen_mock_slave/share/canopen_mock_slave/launch//cia402_slave.launch.py
[3.681s] -- Up-to-date symlink: /home/serhat/workspace/install/canopen_mock_slave/share/canopen_mock_slave/config//cia402_slave.eds
[3.681s] -- Up-to-date symlink: /home/serhat/workspace/install/canopen_mock_slave/share/canopen_mock_slave/config//simple_slave.eds
[3.681s] -- Up-to-date symlink: /home/serhat/workspace/install/canopen_mock_slave/share/ament_index/resource_index/package_run_dependencies/canopen_mock_slave
[3.682s] -- Up-to-date symlink: /home/serhat/workspace/install/canopen_mock_slave/share/ament_index/resource_index/parent_prefix_path/canopen_mock_slave
[3.682s] -- Up-to-date symlink: /home/serhat/workspace/install/canopen_mock_slave/share/canopen_mock_slave/environment/ament_prefix_path.sh
[3.682s] -- Up-to-date symlink: /home/serhat/workspace/install/canopen_mock_slave/share/canopen_mock_slave/environment/ament_prefix_path.dsv
[3.687s] -- Up-to-date symlink: /home/serhat/workspace/install/canopen_mock_slave/share/canopen_mock_slave/environment/path.sh
[3.688s] -- Up-to-date symlink: /home/serhat/workspace/install/canopen_mock_slave/share/canopen_mock_slave/environment/path.dsv
[3.689s] -- Up-to-date symlink: /home/serhat/workspace/install/canopen_mock_slave/share/canopen_mock_slave/local_setup.bash
[3.689s] -- Up-to-date symlink: /home/serhat/workspace/install/canopen_mock_slave/share/canopen_mock_slave/local_setup.sh
[3.689s] -- Up-to-date symlink: /home/serhat/workspace/install/canopen_mock_slave/share/canopen_mock_slave/local_setup.zsh
[3.690s] -- Up-to-date symlink: /home/serhat/workspace/install/canopen_mock_slave/share/canopen_mock_slave/local_setup.dsv
[3.690s] -- Symlinking: /home/serhat/workspace/install/canopen_mock_slave/share/canopen_mock_slave/package.dsv
[3.697s] -- Up-to-date symlink: /home/serhat/workspace/install/canopen_mock_slave/share/ament_index/resource_index/packages/canopen_mock_slave
[3.697s] -- Up-to-date symlink: /home/serhat/workspace/install/canopen_mock_slave/share/canopen_mock_slave/cmake/canopen_mock_slaveConfig.cmake
[3.698s] -- Up-to-date symlink: /home/serhat/workspace/install/canopen_mock_slave/share/canopen_mock_slave/cmake/canopen_mock_slaveConfig-version.cmake
[3.698s] -- Up-to-date symlink: /home/serhat/workspace/install/canopen_mock_slave/share/canopen_mock_slave/package.xml
[3.701s] Invoked command in '/home/serhat/workspace/build/canopen_mock_slave' returned '0': AMENT_PREFIX_PATH=/home/serhat/workspace/install/lely_core_libraries:${AMENT_PREFIX_PATH} CMAKE_PREFIX_PATH=/home/serhat/workspace/install/lely_core_libraries:/opt/ros/humble LD_LIBRARY_PATH=/home/serhat/workspace/install/lely_core_libraries/lib:${LD_LIBRARY_PATH} PATH=/home/serhat/workspace/install/lely_core_libraries/bin:${PATH} PYTHONPATH=/home/serhat/workspace/install/lely_core_libraries/lib/python3.10/site-packages:${PYTHONPATH} /usr/bin/cmake --install /home/serhat/workspace/build/canopen_mock_slave
