[0.014s] Invoking command in '/home/serhat/workspaces/build/udemy_ros2_pkg': CMAKE_PREFIX_PATH=${CMAKE_PREFIX_PATH}:/opt/ros/humble /usr/bin/cmake --build /home/serhat/workspaces/build/udemy_ros2_pkg -- -j12 -l12
[0.041s] [33mCMake Warning (dev) at CMakeLists.txt:21:
[0.042s]   Syntax Warning in cmake code at column 71
[0.042s] 
[0.042s]   Argument not separated from preceding token by whitespace.
[0.042s] This warning is for project developers.  Use -Wno-dev to suppress it.
[0.042s] [0m
[0.048s] -- Found ament_cmake: 1.3.3 (/opt/ros/humble/share/ament_cmake/cmake)
[0.203s] -- Override CMake install command with custom implementation using symlinks instead of copying resources
[0.210s] -- Found rclcpp: 16.0.3 (/opt/ros/humble/share/rclcpp/cmake)
[0.269s] -- Found rosidl_generator_c: 3.1.4 (/opt/ros/humble/share/rosidl_generator_c/cmake)
[0.271s] -- Found rosidl_adapter: 3.1.4 (/opt/ros/humble/share/rosidl_adapter/cmake)
[0.277s] -- Found rosidl_generator_cpp: 3.1.4 (/opt/ros/humble/share/rosidl_generator_cpp/cmake)
[0.288s] -- Using all available rosidl_typesupport_c: rosidl_typesupport_fastrtps_c;rosidl_typesupport_introspection_c
[0.304s] -- Using all available rosidl_typesupport_cpp: rosidl_typesupport_fastrtps_cpp;rosidl_typesupport_introspection_cpp
[0.367s] -- Found rmw_implementation_cmake: 6.1.1 (/opt/ros/humble/share/rmw_implementation_cmake/cmake)
[0.368s] -- Found rmw_fastrtps_cpp: 6.2.2 (/opt/ros/humble/share/rmw_fastrtps_cpp/cmake)
[0.508s] -- Using RMW implementation 'rmw_fastrtps_cpp' as default
[0.692s] -- Found rosidl_default_generators: 1.2.0 (/opt/ros/humble/share/rosidl_default_generators/cmake)
[0.940s] -- Found ament_cmake_cppcheck: 0.12.5 (/opt/ros/humble/share/ament_cmake_cppcheck/cmake)
[0.941s] -- Found ament_cmake_cpplint: 0.12.5 (/opt/ros/humble/share/ament_cmake_cpplint/cmake)
[0.942s] -- Found ament_cmake_uncrustify: 0.12.5 (/opt/ros/humble/share/ament_cmake_uncrustify/cmake)
[0.944s] -- Found ament_cmake_ros: 0.10.0 (/opt/ros/humble/share/ament_cmake_ros/cmake)
[1.263s] -- Using all available rosidl_typesupport_c: rosidl_typesupport_fastrtps_c;rosidl_typesupport_introspection_c
[1.374s] -- Using all available rosidl_typesupport_cpp: rosidl_typesupport_fastrtps_cpp;rosidl_typesupport_introspection_cpp
[1.395s] -- Found python_cmake_module: 0.10.0 (/opt/ros/humble/share/python_cmake_module/cmake)
[1.419s] -- Using PYTHON_EXECUTABLE: /usr/bin/python3
[1.419s] -- Using PYTHON_INCLUDE_DIRS: /usr/include/python3.10
[1.419s] -- Using PYTHON_LIBRARIES: /usr/lib/x86_64-linux-gnu/libpython3.10.so
[1.432s] -- Found ament_cmake_flake8: 0.12.5 (/opt/ros/humble/share/ament_cmake_flake8/cmake)
[1.432s] -- Found ament_cmake_pep257: 0.12.5 (/opt/ros/humble/share/ament_cmake_pep257/cmake)
[1.439s] -- Found ament_lint_auto: 0.12.5 (/opt/ros/humble/share/ament_lint_auto/cmake)
[1.448s] -- Added test 'cppcheck' to perform static code analysis on C / C++ code
[1.448s] -- Configured cppcheck include dirs: 
[1.449s] -- Configured cppcheck exclude dirs and/or files: 
[1.450s] -- Added test 'cpplint' to check C / C++ code against the Google style
[1.450s] -- Configured cpplint exclude dirs and/or files: 
[1.452s] -- Added test 'uncrustify' to check C / C++ code style
[1.452s] -- Configured uncrustify additional arguments: 
[1.453s] -- Added test 'flake8' to check Python code syntax and style conventions
[1.453s] -- Added test 'pep257' to check Python code against some of the docstring style conventions in PEP 257
[1.454s] -- Added test 'lint_cmake' to check CMake code style
[1.454s] -- Added test 'xmllint' to check XML markup files
[1.458s] -- Configuring done
[1.461s] [0mCMake Error: The following variables are used in this project, but they are set to NOTFOUND.
[1.461s] Please set them or make sure they are set and tested correctly in the CMake files:
[1.461s] udemy_ros2_pkg__,"rosidl_typesupport_cpp"
[1.461s]     linked by target "service_server" in directory /home/serhat/workspaces/ros2_cpp_ws/src/udemy_ros2_pkg
[1.461s] [0m
[1.504s] -- Generating done
[1.508s] [0mCMake Generate step failed.  Build files cannot be regenerated correctly.[0m
[1.536s] gmake: *** [Makefile:911: cmake_check_build_system] Error 1
[1.538s] Invoked command in '/home/serhat/workspaces/build/udemy_ros2_pkg' returned '2': CMAKE_PREFIX_PATH=${CMAKE_PREFIX_PATH}:/opt/ros/humble /usr/bin/cmake --build /home/serhat/workspaces/build/udemy_ros2_pkg -- -j12 -l12
