[0.010s] Invoking command in '/home/serhat/workspaces/build/usb_cam': CMAKE_PREFIX_PATH=${CMAKE_PREFIX_PATH}:/opt/ros/humble /usr/bin/cmake /home/serhat/workspaces/ros2_cpp_ws/src/usb_cam -DAMENT_CMAKE_SYMLINK_INSTALL=1 -DCMAKE_INSTALL_PREFIX=/home/serhat/workspaces/install/usb_cam
[0.199s] -- Found ament_cmake_auto: 1.3.3 (/opt/ros/humble/share/ament_cmake_auto/cmake)
[0.453s] -- Override CMake install command with custom implementation using symlinks instead of copying resources
[0.831s] -- Found rosidl_generator_c: 3.1.4 (/opt/ros/humble/share/rosidl_generator_c/cmake)
[0.833s] -- Found rosidl_adapter: 3.1.4 (/opt/ros/humble/share/rosidl_adapter/cmake)
[0.838s] -- Found rosidl_generator_cpp: 3.1.4 (/opt/ros/humble/share/rosidl_generator_cpp/cmake)
[0.888s] -- Using all available rosidl_typesupport_c: rosidl_typesupport_fastrtps_c;rosidl_typesupport_introspection_c
[0.955s] -- Using all available rosidl_typesupport_cpp: rosidl_typesupport_fastrtps_cpp;rosidl_typesupport_introspection_cpp
[1.474s] -- Found rmw_implementation_cmake: 6.1.1 (/opt/ros/humble/share/rmw_implementation_cmake/cmake)
[1.475s] -- Found rmw_fastrtps_cpp: 6.2.2 (/opt/ros/humble/share/rmw_fastrtps_cpp/cmake)
[1.583s] -- Using RMW implementation 'rmw_fastrtps_cpp' as default
[2.429s] -- Found ament_lint_auto: 0.12.5 (/opt/ros/humble/share/ament_lint_auto/cmake)
[2.490s] -- Found gtest sources under '/opt/ros/humble/src/gtest_vendor': C++ tests using 'Google Test' will be built
[2.572s] -- Added test 'copyright' to check source files copyright and LICENSE
[2.576s] -- Added test 'cppcheck' to perform static code analysis on C / C++ code
[2.576s] -- Configured cppcheck include dirs: /home/serhat/workspaces/ros2_cpp_ws/src/usb_cam/include
[2.577s] -- Configured cppcheck exclude dirs and/or files: 
[2.580s] -- Added test 'cpplint' to check C / C++ code against the Google style
[2.580s] -- Configured cpplint exclude dirs and/or files: 
[2.581s] -- Added test 'flake8' to check Python code syntax and style conventions
[2.582s] -- Added test 'lint_cmake' to check CMake code style
[2.583s] -- Added test 'pep257' to check Python code against some of the docstring style conventions in PEP 257
[2.587s] -- Added test 'uncrustify' to check C / C++ code style
[2.587s] -- Configured uncrustify additional arguments: 
[2.587s] -- Added test 'xmllint' to check XML markup files
[2.604s] -- Configuring done
[2.760s] -- Generating done
[2.762s] -- Build files have been written to: /home/serhat/workspaces/build/usb_cam
[2.770s] Invoked command in '/home/serhat/workspaces/build/usb_cam' returned '0': CMAKE_PREFIX_PATH=${CMAKE_PREFIX_PATH}:/opt/ros/humble /usr/bin/cmake /home/serhat/workspaces/ros2_cpp_ws/src/usb_cam -DAMENT_CMAKE_SYMLINK_INSTALL=1 -DCMAKE_INSTALL_PREFIX=/home/serhat/workspaces/install/usb_cam
[2.772s] Invoking command in '/home/serhat/workspaces/build/usb_cam': CMAKE_PREFIX_PATH=${CMAKE_PREFIX_PATH}:/opt/ros/humble /usr/bin/cmake --build /home/serhat/workspaces/build/usb_cam -- -j12 -l12
[2.804s] [35m[1mConsolidate compiler generated dependencies of target gtest_main[0m
[2.804s] [35m[1mConsolidate compiler generated dependencies of target usb_cam[0m
[2.804s] [35m[1mConsolidate compiler generated dependencies of target gtest[0m
[2.804s] [35m[1mConsolidate compiler generated dependencies of target usb_cam_node_exe[0m
[2.816s] [ 14%] Built target gtest_main
[2.816s] [ 28%] Built target usb_cam
[2.816s] [ 42%] Built target gtest
[2.820s] [ 57%] Built target usb_cam_node_exe
[2.825s] [35m[1mConsolidate compiler generated dependencies of target test_usb_cam_utils[0m
[2.826s] [35m[1mConsolidate compiler generated dependencies of target test_usb_cam_lib[0m
[2.826s] [35m[1mConsolidate compiler generated dependencies of target usb_cam_node[0m
[2.838s] [ 71%] Built target test_usb_cam_utils
[2.839s] [ 85%] Built target test_usb_cam_lib
[2.843s] [100%] Built target usb_cam_node
[2.851s] Invoked command in '/home/serhat/workspaces/build/usb_cam' returned '0': CMAKE_PREFIX_PATH=${CMAKE_PREFIX_PATH}:/opt/ros/humble /usr/bin/cmake --build /home/serhat/workspaces/build/usb_cam -- -j12 -l12
[2.891s] Invoking command in '/home/serhat/workspaces/build/usb_cam': CMAKE_PREFIX_PATH=${CMAKE_PREFIX_PATH}:/opt/ros/humble /usr/bin/cmake --install /home/serhat/workspaces/build/usb_cam
[2.897s] -- Install configuration: ""
[2.897s] -- Execute custom install script
[2.898s] -- Up-to-date symlink: /home/serhat/workspaces/install/usb_cam/share/usb_cam/environment/library_path.sh
[2.898s] -- Up-to-date symlink: /home/serhat/workspaces/install/usb_cam/share/usb_cam/environment/library_path.dsv
[2.898s] -- Up-to-date symlink: /home/serhat/workspaces/install/usb_cam/lib/usb_cam/usb_cam_node_exe
[2.898s] -- Up-to-date symlink: /home/serhat/workspaces/install/usb_cam/lib/usb_cam/show_image.py
[2.898s] -- Up-to-date symlink: /home/serhat/workspaces/install/usb_cam/lib/libusb_cam.so
[2.898s] -- Up-to-date symlink: /home/serhat/workspaces/install/usb_cam/lib/libusb_cam_node.so
[2.899s] -- Up-to-date symlink: /home/serhat/workspaces/install/usb_cam/include/usb_cam/constants.hpp
[2.899s] -- Up-to-date symlink: /home/serhat/workspaces/install/usb_cam/include/usb_cam/conversions.hpp
[2.899s] -- Up-to-date symlink: /home/serhat/workspaces/install/usb_cam/include/usb_cam/usb_cam.hpp
[2.899s] -- Up-to-date symlink: /home/serhat/workspaces/install/usb_cam/include/usb_cam/usb_cam_node.hpp
[2.899s] -- Up-to-date symlink: /home/serhat/workspaces/install/usb_cam/include/usb_cam/utils.hpp
[2.899s] -- Up-to-date symlink: /home/serhat/workspaces/install/usb_cam/lib/libusb_cam_node.so
[2.900s] -- Up-to-date symlink: /home/serhat/workspaces/install/usb_cam/share/usb_cam/launch/demo_launch.py
[2.900s] -- Up-to-date symlink: /home/serhat/workspaces/install/usb_cam/share/usb_cam/config/camera_info.yaml
[2.900s] -- Up-to-date symlink: /home/serhat/workspaces/install/usb_cam/share/usb_cam/config/params.yaml
[2.900s] -- Up-to-date symlink: /home/serhat/workspaces/install/usb_cam/share/ament_index/resource_index/package_run_dependencies/usb_cam
[2.900s] -- Up-to-date symlink: /home/serhat/workspaces/install/usb_cam/share/ament_index/resource_index/parent_prefix_path/usb_cam
[2.900s] -- Up-to-date symlink: /home/serhat/workspaces/install/usb_cam/share/usb_cam/environment/ament_prefix_path.sh
[2.900s] -- Up-to-date symlink: /home/serhat/workspaces/install/usb_cam/share/usb_cam/environment/ament_prefix_path.dsv
[2.901s] -- Up-to-date symlink: /home/serhat/workspaces/install/usb_cam/share/usb_cam/environment/path.sh
[2.901s] -- Up-to-date symlink: /home/serhat/workspaces/install/usb_cam/share/usb_cam/environment/path.dsv
[2.901s] -- Up-to-date symlink: /home/serhat/workspaces/install/usb_cam/share/usb_cam/local_setup.bash
[2.901s] -- Up-to-date symlink: /home/serhat/workspaces/install/usb_cam/share/usb_cam/local_setup.sh
[2.901s] -- Up-to-date symlink: /home/serhat/workspaces/install/usb_cam/share/usb_cam/local_setup.zsh
[2.901s] -- Up-to-date symlink: /home/serhat/workspaces/install/usb_cam/share/usb_cam/local_setup.dsv
[2.901s] -- Symlinking: /home/serhat/workspaces/install/usb_cam/share/usb_cam/package.dsv
[2.908s] -- Up-to-date symlink: /home/serhat/workspaces/install/usb_cam/share/ament_index/resource_index/packages/usb_cam
[2.908s] -- Up-to-date symlink: /home/serhat/workspaces/install/usb_cam/share/ament_index/resource_index/rclcpp_components/usb_cam
[2.908s] -- Up-to-date symlink: /home/serhat/workspaces/install/usb_cam/share/usb_cam/cmake/ament_cmake_export_libraries-extras.cmake
[2.908s] -- Up-to-date symlink: /home/serhat/workspaces/install/usb_cam/share/usb_cam/cmake/ament_cmake_export_dependencies-extras.cmake
[2.909s] -- Up-to-date symlink: /home/serhat/workspaces/install/usb_cam/share/usb_cam/cmake/ament_cmake_export_include_directories-extras.cmake
[2.909s] -- Up-to-date symlink: /home/serhat/workspaces/install/usb_cam/share/usb_cam/cmake/usb_camConfig.cmake
[2.909s] -- Up-to-date symlink: /home/serhat/workspaces/install/usb_cam/share/usb_cam/cmake/usb_camConfig-version.cmake
[2.909s] -- Up-to-date symlink: /home/serhat/workspaces/install/usb_cam/share/usb_cam/package.xml
[2.911s] Invoked command in '/home/serhat/workspaces/build/usb_cam' returned '0': CMAKE_PREFIX_PATH=${CMAKE_PREFIX_PATH}:/opt/ros/humble /usr/bin/cmake --install /home/serhat/workspaces/build/usb_cam
