[0.057s] Invoking command in '/home/serhat/workspace/build/canopen_core': AMENT_PREFIX_PATH=/home/serhat/workspace/install/lely_core_libraries:/home/serhat/workspace/install/canopen_interfaces:${AMENT_PREFIX_PATH} CMAKE_PREFIX_PATH=/home/serhat/workspace/install/lely_core_libraries:/home/serhat/workspace/install/canopen_interfaces:/opt/ros/humble LD_LIBRARY_PATH=/home/serhat/workspace/install/lely_core_libraries/lib:/home/serhat/workspace/install/canopen_interfaces/lib:${LD_LIBRARY_PATH} PATH=/home/serhat/workspace/install/lely_core_libraries/bin:${PATH} PYTHONPATH=/home/serhat/workspace/install/lely_core_libraries/lib/python3.10/site-packages:/home/serhat/workspace/install/canopen_interfaces/local/lib/python3.10/dist-packages:${PYTHONPATH} /usr/bin/cmake --build /home/serhat/workspace/build/canopen_core -- -j12 -l12
[0.460s] [ 14%] Built target configuration_manager
[0.465s] [35m[1mConsolidate compiler generated dependencies of target master_node[0m
[0.515s] [ 21%] [32mBuilding CXX object CMakeFiles/master_node.dir/src/master_node.cpp.o[0m
[0.516s] [ 28%] [32mBuilding CXX object CMakeFiles/master_node.dir/src/lely_master_bridge.cpp.o[0m
[0.543s] [ 42%] Built target lifecycle_device_manager_node
[0.544s] [35m[1mConsolidate compiler generated dependencies of target lifecycle_master_node[0m
[0.563s] [ 57%] [32mBuilding CXX object CMakeFiles/lifecycle_master_node.dir/src/lely_master_bridge.cpp.o[0m
[0.563s] [ 57%] [32mBuilding CXX object CMakeFiles/lifecycle_master_node.dir/src/lifecycle_master_node.cpp.o[0m
[5.439s] [ 64%] [32m[1mLinking CXX shared library libmaster_node.so[0m
[5.480s] [ 71%] [32m[1mLinking CXX shared library liblifecycle_master_node.so[0m
[5.774s] [ 71%] Built target master_node
[5.776s] [ 71%] Built target lifecycle_master_node
[5.877s] [35m[1mConsolidate compiler generated dependencies of target device_container_node[0m
[5.881s] [35m[1mConsolidate compiler generated dependencies of target lifecycle_device_container_node[0m
[5.913s] [ 78%] [32mBuilding CXX object CMakeFiles/device_container_node.dir/src/device_container_node.cpp.o[0m
[5.916s] [ 85%] [32mBuilding CXX object CMakeFiles/lifecycle_device_container_node.dir/src/lifecycle_device_container_node.cpp.o[0m
[10.016s] [ 92%] [32m[1mLinking CXX executable device_container_node[0m
[10.163s] [ 92%] Built target device_container_node
[10.673s] [100%] [32m[1mLinking CXX executable lifecycle_device_container_node[0m
[10.994s] [100%] Built target lifecycle_device_container_node
[11.013s] Invoked command in '/home/serhat/workspace/build/canopen_core' returned '0': AMENT_PREFIX_PATH=/home/serhat/workspace/install/lely_core_libraries:/home/serhat/workspace/install/canopen_interfaces:${AMENT_PREFIX_PATH} CMAKE_PREFIX_PATH=/home/serhat/workspace/install/lely_core_libraries:/home/serhat/workspace/install/canopen_interfaces:/opt/ros/humble LD_LIBRARY_PATH=/home/serhat/workspace/install/lely_core_libraries/lib:/home/serhat/workspace/install/canopen_interfaces/lib:${LD_LIBRARY_PATH} PATH=/home/serhat/workspace/install/lely_core_libraries/bin:${PATH} PYTHONPATH=/home/serhat/workspace/install/lely_core_libraries/lib/python3.10/site-packages:/home/serhat/workspace/install/canopen_interfaces/local/lib/python3.10/dist-packages:${PYTHONPATH} /usr/bin/cmake --build /home/serhat/workspace/build/canopen_core -- -j12 -l12
[11.055s] Invoking command in '/home/serhat/workspace/build/canopen_core': AMENT_PREFIX_PATH=/home/serhat/workspace/install/lely_core_libraries:/home/serhat/workspace/install/canopen_interfaces:${AMENT_PREFIX_PATH} CMAKE_PREFIX_PATH=/home/serhat/workspace/install/lely_core_libraries:/home/serhat/workspace/install/canopen_interfaces:/opt/ros/humble LD_LIBRARY_PATH=/home/serhat/workspace/install/lely_core_libraries/lib:/home/serhat/workspace/install/canopen_interfaces/lib:${LD_LIBRARY_PATH} PATH=/home/serhat/workspace/install/lely_core_libraries/bin:${PATH} PYTHONPATH=/home/serhat/workspace/install/lely_core_libraries/lib/python3.10/site-packages:/home/serhat/workspace/install/canopen_interfaces/local/lib/python3.10/dist-packages:${PYTHONPATH} /usr/bin/cmake --install /home/serhat/workspace/build/canopen_core
[11.066s] -- Install configuration: ""
[11.264s] -- Execute custom install script
[11.293s] -- Up-to-date symlink: /home/serhat/workspace/install/canopen_core/include/canopen_core/configuration_manager.hpp
[11.294s] -- Up-to-date symlink: /home/serhat/workspace/install/canopen_core/include/canopen_core/device.hpp
[11.294s] -- Up-to-date symlink: /home/serhat/workspace/install/canopen_core/include/canopen_core/device_container_node.hpp
[11.294s] -- Up-to-date symlink: /home/serhat/workspace/install/canopen_core/include/canopen_core/exchange.hpp
[11.294s] -- Up-to-date symlink: /home/serhat/workspace/install/canopen_core/include/canopen_core/lely_master_bridge.hpp
[11.295s] -- Up-to-date symlink: /home/serhat/workspace/install/canopen_core/include/canopen_core/lifecycle_device_container_node.hpp
[11.295s] -- Up-to-date symlink: /home/serhat/workspace/install/canopen_core/include/canopen_core/lifecycle_device_manager_node.hpp
[11.295s] -- Up-to-date symlink: /home/serhat/workspace/install/canopen_core/include/canopen_core/lifecycle_master_node.hpp
[11.295s] -- Up-to-date symlink: /home/serhat/workspace/install/canopen_core/include/canopen_core/master_node.hpp
[11.296s] -- Up-to-date symlink: /home/serhat/workspace/install/canopen_core/include/canopen_core/visibility_control.h
[11.317s] -- Up-to-date symlink: /home/serhat/workspace/install/canopen_core/lib/canopen_core/lifecycle_device_container_node
[11.318s] -- Up-to-date symlink: /home/serhat/workspace/install/canopen_core/lib/canopen_core/device_container_node
[11.340s] -- Up-to-date symlink: /home/serhat/workspace/install/canopen_core/share/canopen_core/launch//canopen.launch.py
[11.340s] -- Up-to-date symlink: /home/serhat/workspace/install/canopen_core/share/canopen_core/launch//canopen_lifecycle.launch.py
[11.340s] -- Up-to-date symlink: /home/serhat/workspace/install/canopen_core/share/canopen_core/environment/library_path.sh
[11.341s] -- Up-to-date symlink: /home/serhat/workspace/install/canopen_core/share/canopen_core/environment/library_path.dsv
[11.342s] -- Up-to-date symlink: /home/serhat/workspace/install/canopen_core/share/ament_index/resource_index/package_run_dependencies/canopen_core
[11.342s] -- Up-to-date symlink: /home/serhat/workspace/install/canopen_core/share/ament_index/resource_index/parent_prefix_path/canopen_core
[11.342s] -- Up-to-date symlink: /home/serhat/workspace/install/canopen_core/share/canopen_core/environment/ament_prefix_path.sh
[11.343s] -- Up-to-date symlink: /home/serhat/workspace/install/canopen_core/share/canopen_core/environment/ament_prefix_path.dsv
[11.343s] -- Up-to-date symlink: /home/serhat/workspace/install/canopen_core/share/canopen_core/environment/path.sh
[11.344s] -- Up-to-date symlink: /home/serhat/workspace/install/canopen_core/share/canopen_core/environment/path.dsv
[11.344s] -- Up-to-date symlink: /home/serhat/workspace/install/canopen_core/share/canopen_core/local_setup.bash
[11.344s] -- Up-to-date symlink: /home/serhat/workspace/install/canopen_core/share/canopen_core/local_setup.sh
[11.345s] -- Up-to-date symlink: /home/serhat/workspace/install/canopen_core/share/canopen_core/local_setup.zsh
[11.345s] -- Up-to-date symlink: /home/serhat/workspace/install/canopen_core/share/canopen_core/local_setup.dsv
[11.346s] -- Symlinking: /home/serhat/workspace/install/canopen_core/share/canopen_core/package.dsv
[11.367s] -- Up-to-date symlink: /home/serhat/workspace/install/canopen_core/share/ament_index/resource_index/packages/canopen_core
[11.368s] -- Up-to-date symlink: /home/serhat/workspace/install/canopen_core/share/ament_index/resource_index/rclcpp_components/canopen_core
[11.369s] -- Up-to-date symlink: /home/serhat/workspace/install/canopen_core/share/canopen_core/cmake/ament_cmake_export_include_directories-extras.cmake
[11.369s] -- Up-to-date symlink: /home/serhat/workspace/install/canopen_core/share/canopen_core/cmake/ament_cmake_export_libraries-extras.cmake
[11.370s] -- Up-to-date symlink: /home/serhat/workspace/install/canopen_core/share/canopen_core/cmake/ament_cmake_export_targets-extras.cmake
[11.371s] -- Up-to-date symlink: /home/serhat/workspace/install/canopen_core/share/canopen_core/cmake/ament_cmake_export_dependencies-extras.cmake
[11.371s] -- Up-to-date symlink: /home/serhat/workspace/install/canopen_core/share/canopen_core/cmake/canopen_coreConfig.cmake
[11.372s] -- Up-to-date symlink: /home/serhat/workspace/install/canopen_core/share/canopen_core/cmake/canopen_coreConfig-version.cmake
[11.373s] -- Up-to-date symlink: /home/serhat/workspace/install/canopen_core/share/canopen_core/package.xml
[11.388s] -- Up-to-date: /home/serhat/workspace/install/canopen_core/lib/libconfiguration_manager.so
[11.414s] -- Installing: /home/serhat/workspace/install/canopen_core/lib/libmaster_node.so
[11.423s] -- Set runtime path of "/home/serhat/workspace/install/canopen_core/lib/libmaster_node.so" to ""
[11.441s] -- Installing: /home/serhat/workspace/install/canopen_core/lib/liblifecycle_master_node.so
[11.451s] -- Set runtime path of "/home/serhat/workspace/install/canopen_core/lib/liblifecycle_master_node.so" to ""
[11.481s] -- Up-to-date: /home/serhat/workspace/install/canopen_core/lib/liblifecycle_device_manager_node.so
[11.554s] -- Up-to-date: /home/serhat/workspace/install/canopen_core/share/canopen_core/cmake/export_configuration_managerExport.cmake
[11.555s] -- Up-to-date: /home/serhat/workspace/install/canopen_core/share/canopen_core/cmake/export_configuration_managerExport-noconfig.cmake
[11.555s] -- Up-to-date: /home/serhat/workspace/install/canopen_core/share/canopen_core/cmake/export_master_nodeExport.cmake
[11.556s] -- Up-to-date: /home/serhat/workspace/install/canopen_core/share/canopen_core/cmake/export_master_nodeExport-noconfig.cmake
[11.556s] -- Up-to-date: /home/serhat/workspace/install/canopen_core/share/canopen_core/cmake/export_lifecycle_master_nodeExport.cmake
[11.557s] -- Up-to-date: /home/serhat/workspace/install/canopen_core/share/canopen_core/cmake/export_lifecycle_master_nodeExport-noconfig.cmake
[11.557s] -- Up-to-date: /home/serhat/workspace/install/canopen_core/share/canopen_core/cmake/export_lifecycle_device_manager_nodeExport.cmake
[11.558s] -- Up-to-date: /home/serhat/workspace/install/canopen_core/share/canopen_core/cmake/export_lifecycle_device_manager_nodeExport-noconfig.cmake
[11.569s] Invoked command in '/home/serhat/workspace/build/canopen_core' returned '0': AMENT_PREFIX_PATH=/home/serhat/workspace/install/lely_core_libraries:/home/serhat/workspace/install/canopen_interfaces:${AMENT_PREFIX_PATH} CMAKE_PREFIX_PATH=/home/serhat/workspace/install/lely_core_libraries:/home/serhat/workspace/install/canopen_interfaces:/opt/ros/humble LD_LIBRARY_PATH=/home/serhat/workspace/install/lely_core_libraries/lib:/home/serhat/workspace/install/canopen_interfaces/lib:${LD_LIBRARY_PATH} PATH=/home/serhat/workspace/install/lely_core_libraries/bin:${PATH} PYTHONPATH=/home/serhat/workspace/install/lely_core_libraries/lib/python3.10/site-packages:/home/serhat/workspace/install/canopen_interfaces/local/lib/python3.10/dist-packages:${PYTHONPATH} /usr/bin/cmake --install /home/serhat/workspace/build/canopen_core
