-- Found ament_cmake: 1.3.3 (/opt/ros/humble/share/ament_cmake/cmake)
-- Override CMake install command with custom implementation using symlinks instead of copying resources
-- Found ament_cmake_ros: 0.10.0 (/opt/ros/humble/share/ament_cmake_ros/cmake)
-- Found rclcpp: 16.0.3 (/opt/ros/humble/share/rclcpp/cmake)
-- Found rosidl_generator_c: 3.1.4 (/opt/ros/humble/share/rosidl_generator_c/cmake)
-- Found rosidl_adapter: 3.1.4 (/opt/ros/humble/share/rosidl_adapter/cmake)
-- Found rosidl_generator_cpp: 3.1.4 (/opt/ros/humble/share/rosidl_generator_cpp/cmake)
-- Using all available rosidl_typesupport_c: rosidl_typesupport_fastrtps_c;rosidl_typesupport_introspection_c
-- Using all available rosidl_typesupport_cpp: rosidl_typesupport_fastrtps_cpp;rosidl_typesupport_introspection_cpp
-- Found rmw_implementation_cmake: 6.1.1 (/opt/ros/humble/share/rmw_implementation_cmake/cmake)
-- Found rmw_fastrtps_cpp: 6.2.2 (/opt/ros/humble/share/rmw_fastrtps_cpp/cmake)
-- Using RMW implementation 'rmw_fastrtps_cpp' as default
-- Found rclcpp_components: 16.0.3 (/opt/ros/humble/share/rclcpp_components/cmake)
-- Found std_srvs: 4.2.3 (/opt/ros/humble/share/std_srvs/cmake)
-- Found canopen_proxy_driver: 0.0.1 (/home/serhat/workspace/install/canopen_proxy_driver/share/canopen_proxy_driver/cmake)
-- Found rclcpp_lifecycle: 16.0.3 (/opt/ros/humble/share/rclcpp_lifecycle/cmake)
-- Found ament_lint_auto: 0.12.5 (/opt/ros/humble/share/ament_lint_auto/cmake)
-- Configuring done
-- Generating done
-- Build files have been written to: /home/serhat/workspace/build/canopen_402_driver
[35m[1mConsolidate compiler generated dependencies of target canopen_402_driver[0m
[35m[1mConsolidate compiler generated dependencies of target lifecycle_canopen_402_driver[0m
[ 16%] [32mBuilding CXX object CMakeFiles/canopen_402_driver.dir/src/canopen_402_driver.cpp.o[0m
[ 33%] [32mBuilding CXX object CMakeFiles/lifecycle_canopen_402_driver.dir/src/lifecycle_canopen_402_driver.cpp.o[0m
[ 50%] [32mBuilding CXX object CMakeFiles/lifecycle_canopen_402_driver.dir/src/motor.cpp.o[0m
[ 66%] [32mBuilding CXX object CMakeFiles/canopen_402_driver.dir/src/motor.cpp.o[0m
[ 83%] [32m[1mLinking CXX shared library liblifecycle_canopen_402_driver.so[0m
[ 83%] Built target lifecycle_canopen_402_driver
[100%] [32m[1mLinking CXX shared library libcanopen_402_driver.so[0m
[100%] Built target canopen_402_driver
-- Install configuration: ""
-- Execute custom install script
-- Up-to-date symlink: /home/serhat/workspace/install/canopen_402_driver/include/canopen_402_driver/base.hpp
-- Up-to-date symlink: /home/serhat/workspace/install/canopen_402_driver/include/canopen_402_driver/canopen_402_driver.hpp
-- Up-to-date symlink: /home/serhat/workspace/install/canopen_402_driver/include/canopen_402_driver/lifecycle_canopen_402_driver.hpp
-- Up-to-date symlink: /home/serhat/workspace/install/canopen_402_driver/include/canopen_402_driver/mc_device_driver.hpp
-- Up-to-date symlink: /home/serhat/workspace/install/canopen_402_driver/include/canopen_402_driver/motor.hpp
-- Up-to-date symlink: /home/serhat/workspace/install/canopen_402_driver/include/canopen_402_driver/visibility_control.h
-- Up-to-date symlink: /home/serhat/workspace/install/canopen_402_driver/share/canopen_402_driver/environment/library_path.sh
-- Up-to-date symlink: /home/serhat/workspace/install/canopen_402_driver/share/canopen_402_driver/environment/library_path.dsv
-- Up-to-date symlink: /home/serhat/workspace/install/canopen_402_driver/share/ament_index/resource_index/package_run_dependencies/canopen_402_driver
-- Up-to-date symlink: /home/serhat/workspace/install/canopen_402_driver/share/ament_index/resource_index/parent_prefix_path/canopen_402_driver
-- Up-to-date symlink: /home/serhat/workspace/install/canopen_402_driver/share/canopen_402_driver/environment/ament_prefix_path.sh
-- Up-to-date symlink: /home/serhat/workspace/install/canopen_402_driver/share/canopen_402_driver/environment/ament_prefix_path.dsv
-- Up-to-date symlink: /home/serhat/workspace/install/canopen_402_driver/share/canopen_402_driver/environment/path.sh
-- Up-to-date symlink: /home/serhat/workspace/install/canopen_402_driver/share/canopen_402_driver/environment/path.dsv
-- Up-to-date symlink: /home/serhat/workspace/install/canopen_402_driver/share/canopen_402_driver/local_setup.bash
-- Up-to-date symlink: /home/serhat/workspace/install/canopen_402_driver/share/canopen_402_driver/local_setup.sh
-- Up-to-date symlink: /home/serhat/workspace/install/canopen_402_driver/share/canopen_402_driver/local_setup.zsh
-- Up-to-date symlink: /home/serhat/workspace/install/canopen_402_driver/share/canopen_402_driver/local_setup.dsv
-- Symlinking: /home/serhat/workspace/install/canopen_402_driver/share/canopen_402_driver/package.dsv
-- Up-to-date symlink: /home/serhat/workspace/install/canopen_402_driver/share/ament_index/resource_index/packages/canopen_402_driver
-- Up-to-date symlink: /home/serhat/workspace/install/canopen_402_driver/share/ament_index/resource_index/rclcpp_components/canopen_402_driver
-- Up-to-date symlink: /home/serhat/workspace/install/canopen_402_driver/share/canopen_402_driver/cmake/ament_cmake_export_include_directories-extras.cmake
-- Up-to-date symlink: /home/serhat/workspace/install/canopen_402_driver/share/canopen_402_driver/cmake/ament_cmake_export_libraries-extras.cmake
-- Up-to-date symlink: /home/serhat/workspace/install/canopen_402_driver/share/canopen_402_driver/cmake/ament_cmake_export_targets-extras.cmake
-- Up-to-date symlink: /home/serhat/workspace/install/canopen_402_driver/share/canopen_402_driver/cmake/canopen_402_driverConfig.cmake
-- Up-to-date symlink: /home/serhat/workspace/install/canopen_402_driver/share/canopen_402_driver/cmake/canopen_402_driverConfig-version.cmake
-- Up-to-date symlink: /home/serhat/workspace/install/canopen_402_driver/share/canopen_402_driver/package.xml
-- Installing: /home/serhat/workspace/install/canopen_402_driver/lib/libcanopen_402_driver.so
-- Set runtime path of "/home/serhat/workspace/install/canopen_402_driver/lib/libcanopen_402_driver.so" to ""
-- Installing: /home/serhat/workspace/install/canopen_402_driver/lib/liblifecycle_canopen_402_driver.so
-- Set runtime path of "/home/serhat/workspace/install/canopen_402_driver/lib/liblifecycle_canopen_402_driver.so" to ""
-- Up-to-date: /home/serhat/workspace/install/canopen_402_driver/share/canopen_402_driver/cmake/export_canopen_402_driverExport.cmake
-- Up-to-date: /home/serhat/workspace/install/canopen_402_driver/share/canopen_402_driver/cmake/export_canopen_402_driverExport-noconfig.cmake
-- Up-to-date: /home/serhat/workspace/install/canopen_402_driver/share/canopen_402_driver/cmake/export_lifecycle_canopen_402_driverExport.cmake
-- Up-to-date: /home/serhat/workspace/install/canopen_402_driver/share/canopen_402_driver/cmake/export_lifecycle_canopen_402_driverExport-noconfig.cmake
