[0.020s] Invoking command in '/home/serhat/workspace/build/canopen_402_driver': CMAKE_PREFIX_PATH=/home/serhat/workspace/install/canopen_proxy_driver:/home/serhat/workspace/install/canopen_base_driver:/home/serhat/workspace/install/canopen_core:/home/serhat/workspace/install/lely_core_libraries:/home/serhat/workspace/install/canopen_interfaces:/home/serhat/workspace/install/ros2_socketcan:/home/serhat/workspace/install/ros2_socketcan_msgs:/home/serhat/workspace/install/usb_cam:/home/serhat/workspace/install/udemy_ros2_pkg:/home/serhat/workspace/install/canopen_tests:/home/serhat/workspace/install/canopen:/home/serhat/workspace/install/canopen_402_driver:/home/serhat/workspace/install/canopen_mock_slave:/home/serhat/workspace/install/canopen_utils:/opt/ros/humble LD_LIBRARY_PATH=/home/serhat/workspace/install/canopen_proxy_driver/lib:/home/serhat/workspace/install/canopen_base_driver/lib:/home/serhat/workspace/install/canopen_core/lib:/home/serhat/workspace/install/lely_core_libraries/lib:/home/serhat/workspace/install/canopen_interfaces/lib:/home/serhat/workspace/install/ros2_socketcan/lib:/home/serhat/workspace/install/ros2_socketcan_msgs/lib:/home/serhat/workspace/install/usb_cam/lib:/home/serhat/workspace/install/udemy_ros2_pkg/lib:/home/serhat/workspace/install/canopen_402_driver/lib:/usr/lib/x86_64-linux-gnu/gazebo-11/plugins:/opt/ros/humble/opt/rviz_ogre_vendor/lib:/opt/ros/humble/lib/x86_64-linux-gnu:/opt/ros/humble/lib PYTHONPATH=/home/serhat/workspace/install/lely_core_libraries/lib/python3.10/site-packages:/home/serhat/workspace/install/ros2_socketcan_msgs/local/lib/python3.10/dist-packages:/home/serhat/workspace/build/canopen_utils:/home/serhat/workspace/install/udemy_ros2_pkg/local/lib/python3.10/dist-packages:/home/serhat/workspace/install/canopen_utils/lib/python3.10/site-packages:/home/serhat/workspace/install/canopen_interfaces/local/lib/python3.10/dist-packages:/opt/ros/humble/lib/python3.10/site-packages:/opt/ros/humble/local/lib/python3.10/dist-packages /usr/bin/cmake /home/serhat/workspace/ros2_canopen/canopen_402_driver -DCMAKE_INSTALL_PREFIX=/home/serhat/workspace/install/canopen_402_driver
[0.030s] -- Found ament_cmake: 1.3.3 (/opt/ros/humble/share/ament_cmake/cmake)
[0.156s] -- Override CMake install command with custom implementation using symlinks instead of copying resources
[0.162s] -- Found ament_cmake_ros: 0.10.0 (/opt/ros/humble/share/ament_cmake_ros/cmake)
[0.164s] -- Found rclcpp: 16.0.3 (/opt/ros/humble/share/rclcpp/cmake)
[0.193s] -- Found rosidl_generator_c: 3.1.4 (/opt/ros/humble/share/rosidl_generator_c/cmake)
[0.195s] -- Found rosidl_adapter: 3.1.4 (/opt/ros/humble/share/rosidl_adapter/cmake)
[0.200s] -- Found rosidl_generator_cpp: 3.1.4 (/opt/ros/humble/share/rosidl_generator_cpp/cmake)
[0.210s] -- Using all available rosidl_typesupport_c: rosidl_typesupport_fastrtps_c;rosidl_typesupport_introspection_c
[0.225s] -- Using all available rosidl_typesupport_cpp: rosidl_typesupport_fastrtps_cpp;rosidl_typesupport_introspection_cpp
[0.284s] -- Found rmw_implementation_cmake: 6.1.1 (/opt/ros/humble/share/rmw_implementation_cmake/cmake)
[0.286s] -- Found rmw_fastrtps_cpp: 6.2.2 (/opt/ros/humble/share/rmw_fastrtps_cpp/cmake)
[0.411s] -- Using RMW implementation 'rmw_fastrtps_cpp' as default
[0.564s] -- Found rclcpp_components: 16.0.3 (/opt/ros/humble/share/rclcpp_components/cmake)
[0.620s] -- Found std_srvs: 4.2.3 (/opt/ros/humble/share/std_srvs/cmake)
[0.636s] -- Found canopen_proxy_driver: 0.0.1 (/home/serhat/workspace/install/canopen_proxy_driver/share/canopen_proxy_driver/cmake)
[0.685s] -- Found rclcpp_lifecycle: 16.0.3 (/opt/ros/humble/share/rclcpp_lifecycle/cmake)
[0.733s] -- Found ament_lint_auto: 0.12.5 (/opt/ros/humble/share/ament_lint_auto/cmake)
[0.794s] -- Configuring done
[0.819s] -- Generating done
[0.821s] -- Build files have been written to: /home/serhat/workspace/build/canopen_402_driver
[0.828s] Invoked command in '/home/serhat/workspace/build/canopen_402_driver' returned '0': CMAKE_PREFIX_PATH=/home/serhat/workspace/install/canopen_proxy_driver:/home/serhat/workspace/install/canopen_base_driver:/home/serhat/workspace/install/canopen_core:/home/serhat/workspace/install/lely_core_libraries:/home/serhat/workspace/install/canopen_interfaces:/home/serhat/workspace/install/ros2_socketcan:/home/serhat/workspace/install/ros2_socketcan_msgs:/home/serhat/workspace/install/usb_cam:/home/serhat/workspace/install/udemy_ros2_pkg:/home/serhat/workspace/install/canopen_tests:/home/serhat/workspace/install/canopen:/home/serhat/workspace/install/canopen_402_driver:/home/serhat/workspace/install/canopen_mock_slave:/home/serhat/workspace/install/canopen_utils:/opt/ros/humble LD_LIBRARY_PATH=/home/serhat/workspace/install/canopen_proxy_driver/lib:/home/serhat/workspace/install/canopen_base_driver/lib:/home/serhat/workspace/install/canopen_core/lib:/home/serhat/workspace/install/lely_core_libraries/lib:/home/serhat/workspace/install/canopen_interfaces/lib:/home/serhat/workspace/install/ros2_socketcan/lib:/home/serhat/workspace/install/ros2_socketcan_msgs/lib:/home/serhat/workspace/install/usb_cam/lib:/home/serhat/workspace/install/udemy_ros2_pkg/lib:/home/serhat/workspace/install/canopen_402_driver/lib:/usr/lib/x86_64-linux-gnu/gazebo-11/plugins:/opt/ros/humble/opt/rviz_ogre_vendor/lib:/opt/ros/humble/lib/x86_64-linux-gnu:/opt/ros/humble/lib PYTHONPATH=/home/serhat/workspace/install/lely_core_libraries/lib/python3.10/site-packages:/home/serhat/workspace/install/ros2_socketcan_msgs/local/lib/python3.10/dist-packages:/home/serhat/workspace/build/canopen_utils:/home/serhat/workspace/install/udemy_ros2_pkg/local/lib/python3.10/dist-packages:/home/serhat/workspace/install/canopen_utils/lib/python3.10/site-packages:/home/serhat/workspace/install/canopen_interfaces/local/lib/python3.10/dist-packages:/opt/ros/humble/lib/python3.10/site-packages:/opt/ros/humble/local/lib/python3.10/dist-packages /usr/bin/cmake /home/serhat/workspace/ros2_canopen/canopen_402_driver -DCMAKE_INSTALL_PREFIX=/home/serhat/workspace/install/canopen_402_driver
[0.829s] Invoking command in '/home/serhat/workspace/build/canopen_402_driver': CMAKE_PREFIX_PATH=/home/serhat/workspace/install/canopen_proxy_driver:/home/serhat/workspace/install/canopen_base_driver:/home/serhat/workspace/install/canopen_core:/home/serhat/workspace/install/lely_core_libraries:/home/serhat/workspace/install/canopen_interfaces:/home/serhat/workspace/install/ros2_socketcan:/home/serhat/workspace/install/ros2_socketcan_msgs:/home/serhat/workspace/install/usb_cam:/home/serhat/workspace/install/udemy_ros2_pkg:/home/serhat/workspace/install/canopen_tests:/home/serhat/workspace/install/canopen:/home/serhat/workspace/install/canopen_402_driver:/home/serhat/workspace/install/canopen_mock_slave:/home/serhat/workspace/install/canopen_utils:/opt/ros/humble LD_LIBRARY_PATH=/home/serhat/workspace/install/canopen_proxy_driver/lib:/home/serhat/workspace/install/canopen_base_driver/lib:/home/serhat/workspace/install/canopen_core/lib:/home/serhat/workspace/install/lely_core_libraries/lib:/home/serhat/workspace/install/canopen_interfaces/lib:/home/serhat/workspace/install/ros2_socketcan/lib:/home/serhat/workspace/install/ros2_socketcan_msgs/lib:/home/serhat/workspace/install/usb_cam/lib:/home/serhat/workspace/install/udemy_ros2_pkg/lib:/home/serhat/workspace/install/canopen_402_driver/lib:/usr/lib/x86_64-linux-gnu/gazebo-11/plugins:/opt/ros/humble/opt/rviz_ogre_vendor/lib:/opt/ros/humble/lib/x86_64-linux-gnu:/opt/ros/humble/lib PYTHONPATH=/home/serhat/workspace/install/lely_core_libraries/lib/python3.10/site-packages:/home/serhat/workspace/install/ros2_socketcan_msgs/local/lib/python3.10/dist-packages:/home/serhat/workspace/build/canopen_utils:/home/serhat/workspace/install/udemy_ros2_pkg/local/lib/python3.10/dist-packages:/home/serhat/workspace/install/canopen_utils/lib/python3.10/site-packages:/home/serhat/workspace/install/canopen_interfaces/local/lib/python3.10/dist-packages:/opt/ros/humble/lib/python3.10/site-packages:/opt/ros/humble/local/lib/python3.10/dist-packages /usr/bin/cmake --build /home/serhat/workspace/build/canopen_402_driver -- -j12 -l12
[0.869s] [35m[1mConsolidate compiler generated dependencies of target canopen_402_driver[0m
[0.869s] [35m[1mConsolidate compiler generated dependencies of target lifecycle_canopen_402_driver[0m
[0.895s] [ 16%] [32mBuilding CXX object CMakeFiles/canopen_402_driver.dir/src/canopen_402_driver.cpp.o[0m
[0.895s] [ 33%] [32mBuilding CXX object CMakeFiles/lifecycle_canopen_402_driver.dir/src/lifecycle_canopen_402_driver.cpp.o[0m
[0.896s] [ 50%] [32mBuilding CXX object CMakeFiles/lifecycle_canopen_402_driver.dir/src/motor.cpp.o[0m
[0.896s] [ 66%] [32mBuilding CXX object CMakeFiles/canopen_402_driver.dir/src/motor.cpp.o[0m
[8.646s] [ 83%] [32m[1mLinking CXX shared library liblifecycle_canopen_402_driver.so[0m
[9.247s] [ 83%] Built target lifecycle_canopen_402_driver
[13.894s] [100%] [32m[1mLinking CXX shared library libcanopen_402_driver.so[0m
[14.692s] [100%] Built target canopen_402_driver
[14.701s] Invoked command in '/home/serhat/workspace/build/canopen_402_driver' returned '0': CMAKE_PREFIX_PATH=/home/serhat/workspace/install/canopen_proxy_driver:/home/serhat/workspace/install/canopen_base_driver:/home/serhat/workspace/install/canopen_core:/home/serhat/workspace/install/lely_core_libraries:/home/serhat/workspace/install/canopen_interfaces:/home/serhat/workspace/install/ros2_socketcan:/home/serhat/workspace/install/ros2_socketcan_msgs:/home/serhat/workspace/install/usb_cam:/home/serhat/workspace/install/udemy_ros2_pkg:/home/serhat/workspace/install/canopen_tests:/home/serhat/workspace/install/canopen:/home/serhat/workspace/install/canopen_402_driver:/home/serhat/workspace/install/canopen_mock_slave:/home/serhat/workspace/install/canopen_utils:/opt/ros/humble LD_LIBRARY_PATH=/home/serhat/workspace/install/canopen_proxy_driver/lib:/home/serhat/workspace/install/canopen_base_driver/lib:/home/serhat/workspace/install/canopen_core/lib:/home/serhat/workspace/install/lely_core_libraries/lib:/home/serhat/workspace/install/canopen_interfaces/lib:/home/serhat/workspace/install/ros2_socketcan/lib:/home/serhat/workspace/install/ros2_socketcan_msgs/lib:/home/serhat/workspace/install/usb_cam/lib:/home/serhat/workspace/install/udemy_ros2_pkg/lib:/home/serhat/workspace/install/canopen_402_driver/lib:/usr/lib/x86_64-linux-gnu/gazebo-11/plugins:/opt/ros/humble/opt/rviz_ogre_vendor/lib:/opt/ros/humble/lib/x86_64-linux-gnu:/opt/ros/humble/lib PYTHONPATH=/home/serhat/workspace/install/lely_core_libraries/lib/python3.10/site-packages:/home/serhat/workspace/install/ros2_socketcan_msgs/local/lib/python3.10/dist-packages:/home/serhat/workspace/build/canopen_utils:/home/serhat/workspace/install/udemy_ros2_pkg/local/lib/python3.10/dist-packages:/home/serhat/workspace/install/canopen_utils/lib/python3.10/site-packages:/home/serhat/workspace/install/canopen_interfaces/local/lib/python3.10/dist-packages:/opt/ros/humble/lib/python3.10/site-packages:/opt/ros/humble/local/lib/python3.10/dist-packages /usr/bin/cmake --build /home/serhat/workspace/build/canopen_402_driver -- -j12 -l12
[14.736s] Invoking command in '/home/serhat/workspace/build/canopen_402_driver': CMAKE_PREFIX_PATH=/home/serhat/workspace/install/canopen_proxy_driver:/home/serhat/workspace/install/canopen_base_driver:/home/serhat/workspace/install/canopen_core:/home/serhat/workspace/install/lely_core_libraries:/home/serhat/workspace/install/canopen_interfaces:/home/serhat/workspace/install/ros2_socketcan:/home/serhat/workspace/install/ros2_socketcan_msgs:/home/serhat/workspace/install/usb_cam:/home/serhat/workspace/install/udemy_ros2_pkg:/home/serhat/workspace/install/canopen_tests:/home/serhat/workspace/install/canopen:/home/serhat/workspace/install/canopen_402_driver:/home/serhat/workspace/install/canopen_mock_slave:/home/serhat/workspace/install/canopen_utils:/opt/ros/humble LD_LIBRARY_PATH=/home/serhat/workspace/install/canopen_proxy_driver/lib:/home/serhat/workspace/install/canopen_base_driver/lib:/home/serhat/workspace/install/canopen_core/lib:/home/serhat/workspace/install/lely_core_libraries/lib:/home/serhat/workspace/install/canopen_interfaces/lib:/home/serhat/workspace/install/ros2_socketcan/lib:/home/serhat/workspace/install/ros2_socketcan_msgs/lib:/home/serhat/workspace/install/usb_cam/lib:/home/serhat/workspace/install/udemy_ros2_pkg/lib:/home/serhat/workspace/install/canopen_402_driver/lib:/usr/lib/x86_64-linux-gnu/gazebo-11/plugins:/opt/ros/humble/opt/rviz_ogre_vendor/lib:/opt/ros/humble/lib/x86_64-linux-gnu:/opt/ros/humble/lib PYTHONPATH=/home/serhat/workspace/install/lely_core_libraries/lib/python3.10/site-packages:/home/serhat/workspace/install/ros2_socketcan_msgs/local/lib/python3.10/dist-packages:/home/serhat/workspace/build/canopen_utils:/home/serhat/workspace/install/udemy_ros2_pkg/local/lib/python3.10/dist-packages:/home/serhat/workspace/install/canopen_utils/lib/python3.10/site-packages:/home/serhat/workspace/install/canopen_interfaces/local/lib/python3.10/dist-packages:/opt/ros/humble/lib/python3.10/site-packages:/opt/ros/humble/local/lib/python3.10/dist-packages /usr/bin/cmake --install /home/serhat/workspace/build/canopen_402_driver
[14.743s] -- Install configuration: ""
[14.744s] -- Execute custom install script
[14.744s] -- Up-to-date symlink: /home/serhat/workspace/install/canopen_402_driver/include/canopen_402_driver/base.hpp
[14.744s] -- Up-to-date symlink: /home/serhat/workspace/install/canopen_402_driver/include/canopen_402_driver/canopen_402_driver.hpp
[14.744s] -- Up-to-date symlink: /home/serhat/workspace/install/canopen_402_driver/include/canopen_402_driver/lifecycle_canopen_402_driver.hpp
[14.744s] -- Up-to-date symlink: /home/serhat/workspace/install/canopen_402_driver/include/canopen_402_driver/mc_device_driver.hpp
[14.745s] -- Up-to-date symlink: /home/serhat/workspace/install/canopen_402_driver/include/canopen_402_driver/motor.hpp
[14.745s] -- Up-to-date symlink: /home/serhat/workspace/install/canopen_402_driver/include/canopen_402_driver/visibility_control.h
[14.745s] -- Up-to-date symlink: /home/serhat/workspace/install/canopen_402_driver/share/canopen_402_driver/environment/library_path.sh
[14.745s] -- Up-to-date symlink: /home/serhat/workspace/install/canopen_402_driver/share/canopen_402_driver/environment/library_path.dsv
[14.745s] -- Up-to-date symlink: /home/serhat/workspace/install/canopen_402_driver/share/ament_index/resource_index/package_run_dependencies/canopen_402_driver
[14.745s] -- Up-to-date symlink: /home/serhat/workspace/install/canopen_402_driver/share/ament_index/resource_index/parent_prefix_path/canopen_402_driver
[14.745s] -- Up-to-date symlink: /home/serhat/workspace/install/canopen_402_driver/share/canopen_402_driver/environment/ament_prefix_path.sh
[14.745s] -- Up-to-date symlink: /home/serhat/workspace/install/canopen_402_driver/share/canopen_402_driver/environment/ament_prefix_path.dsv
[14.746s] -- Up-to-date symlink: /home/serhat/workspace/install/canopen_402_driver/share/canopen_402_driver/environment/path.sh
[14.746s] -- Up-to-date symlink: /home/serhat/workspace/install/canopen_402_driver/share/canopen_402_driver/environment/path.dsv
[14.746s] -- Up-to-date symlink: /home/serhat/workspace/install/canopen_402_driver/share/canopen_402_driver/local_setup.bash
[14.746s] -- Up-to-date symlink: /home/serhat/workspace/install/canopen_402_driver/share/canopen_402_driver/local_setup.sh
[14.746s] -- Up-to-date symlink: /home/serhat/workspace/install/canopen_402_driver/share/canopen_402_driver/local_setup.zsh
[14.746s] -- Up-to-date symlink: /home/serhat/workspace/install/canopen_402_driver/share/canopen_402_driver/local_setup.dsv
[14.746s] -- Symlinking: /home/serhat/workspace/install/canopen_402_driver/share/canopen_402_driver/package.dsv
[14.754s] -- Up-to-date symlink: /home/serhat/workspace/install/canopen_402_driver/share/ament_index/resource_index/packages/canopen_402_driver
[14.754s] -- Up-to-date symlink: /home/serhat/workspace/install/canopen_402_driver/share/ament_index/resource_index/rclcpp_components/canopen_402_driver
[14.755s] -- Up-to-date symlink: /home/serhat/workspace/install/canopen_402_driver/share/canopen_402_driver/cmake/ament_cmake_export_include_directories-extras.cmake
[14.755s] -- Up-to-date symlink: /home/serhat/workspace/install/canopen_402_driver/share/canopen_402_driver/cmake/ament_cmake_export_libraries-extras.cmake
[14.755s] -- Up-to-date symlink: /home/serhat/workspace/install/canopen_402_driver/share/canopen_402_driver/cmake/ament_cmake_export_targets-extras.cmake
[14.755s] -- Up-to-date symlink: /home/serhat/workspace/install/canopen_402_driver/share/canopen_402_driver/cmake/canopen_402_driverConfig.cmake
[14.755s] -- Up-to-date symlink: /home/serhat/workspace/install/canopen_402_driver/share/canopen_402_driver/cmake/canopen_402_driverConfig-version.cmake
[14.755s] -- Up-to-date symlink: /home/serhat/workspace/install/canopen_402_driver/share/canopen_402_driver/package.xml
[14.755s] -- Installing: /home/serhat/workspace/install/canopen_402_driver/lib/libcanopen_402_driver.so
[14.767s] -- Set runtime path of "/home/serhat/workspace/install/canopen_402_driver/lib/libcanopen_402_driver.so" to ""
[14.768s] -- Installing: /home/serhat/workspace/install/canopen_402_driver/lib/liblifecycle_canopen_402_driver.so
[14.774s] -- Set runtime path of "/home/serhat/workspace/install/canopen_402_driver/lib/liblifecycle_canopen_402_driver.so" to ""
[14.774s] -- Up-to-date: /home/serhat/workspace/install/canopen_402_driver/share/canopen_402_driver/cmake/export_canopen_402_driverExport.cmake
[14.774s] -- Up-to-date: /home/serhat/workspace/install/canopen_402_driver/share/canopen_402_driver/cmake/export_canopen_402_driverExport-noconfig.cmake
[14.774s] -- Up-to-date: /home/serhat/workspace/install/canopen_402_driver/share/canopen_402_driver/cmake/export_lifecycle_canopen_402_driverExport.cmake
[14.774s] -- Up-to-date: /home/serhat/workspace/install/canopen_402_driver/share/canopen_402_driver/cmake/export_lifecycle_canopen_402_driverExport-noconfig.cmake
[14.777s] Invoked command in '/home/serhat/workspace/build/canopen_402_driver' returned '0': CMAKE_PREFIX_PATH=/home/serhat/workspace/install/canopen_proxy_driver:/home/serhat/workspace/install/canopen_base_driver:/home/serhat/workspace/install/canopen_core:/home/serhat/workspace/install/lely_core_libraries:/home/serhat/workspace/install/canopen_interfaces:/home/serhat/workspace/install/ros2_socketcan:/home/serhat/workspace/install/ros2_socketcan_msgs:/home/serhat/workspace/install/usb_cam:/home/serhat/workspace/install/udemy_ros2_pkg:/home/serhat/workspace/install/canopen_tests:/home/serhat/workspace/install/canopen:/home/serhat/workspace/install/canopen_402_driver:/home/serhat/workspace/install/canopen_mock_slave:/home/serhat/workspace/install/canopen_utils:/opt/ros/humble LD_LIBRARY_PATH=/home/serhat/workspace/install/canopen_proxy_driver/lib:/home/serhat/workspace/install/canopen_base_driver/lib:/home/serhat/workspace/install/canopen_core/lib:/home/serhat/workspace/install/lely_core_libraries/lib:/home/serhat/workspace/install/canopen_interfaces/lib:/home/serhat/workspace/install/ros2_socketcan/lib:/home/serhat/workspace/install/ros2_socketcan_msgs/lib:/home/serhat/workspace/install/usb_cam/lib:/home/serhat/workspace/install/udemy_ros2_pkg/lib:/home/serhat/workspace/install/canopen_402_driver/lib:/usr/lib/x86_64-linux-gnu/gazebo-11/plugins:/opt/ros/humble/opt/rviz_ogre_vendor/lib:/opt/ros/humble/lib/x86_64-linux-gnu:/opt/ros/humble/lib PYTHONPATH=/home/serhat/workspace/install/lely_core_libraries/lib/python3.10/site-packages:/home/serhat/workspace/install/ros2_socketcan_msgs/local/lib/python3.10/dist-packages:/home/serhat/workspace/build/canopen_utils:/home/serhat/workspace/install/udemy_ros2_pkg/local/lib/python3.10/dist-packages:/home/serhat/workspace/install/canopen_utils/lib/python3.10/site-packages:/home/serhat/workspace/install/canopen_interfaces/local/lib/python3.10/dist-packages:/opt/ros/humble/lib/python3.10/site-packages:/opt/ros/humble/local/lib/python3.10/dist-packages /usr/bin/cmake --install /home/serhat/workspace/build/canopen_402_driver
