[0.312s] DEBUG:colcon:Command line arguments: ['/usr/bin/colcon', 'build', '--symlink-install']
[0.312s] DEBUG:colcon:Parsed command line arguments: Namespace(log_base=None, log_level=None, verb_name='build', build_base='build', install_base='install', merge_install=False, symlink_install=True, test_result_base=None, continue_on_error=False, executor='parallel', parallel_workers=12, event_handlers=None, ignore_user_meta=False, metas=['./colcon.meta'], base_paths=['.'], packages_ignore=None, packages_ignore_regex=None, paths=None, packages_up_to=None, packages_up_to_regex=None, packages_above=None, packages_above_and_dependencies=None, packages_above_depth=None, packages_select_by_dep=None, packages_skip_by_dep=None, packages_skip_up_to=None, packages_select_build_failed=False, packages_skip_build_finished=False, packages_select_test_failures=False, packages_skip_test_passed=False, packages_select=None, packages_skip=None, packages_select_regex=None, packages_skip_regex=None, packages_start=None, packages_end=None, allow_overriding=[], cmake_args=None, cmake_target=None, cmake_target_skip_unavailable=False, cmake_clean_cache=False, cmake_clean_first=False, cmake_force_configure=False, ament_cmake_args=None, catkin_cmake_args=None, catkin_skip_building_tests=False, verb_parser=<colcon_defaults.argument_parser.defaults.DefaultArgumentsDecorator object at 0x7f5b382dba60>, verb_extension=<colcon_core.verb.build.BuildVerb object at 0x7f5b38aa6a10>, main=<bound method BuildVerb.main of <colcon_core.verb.build.BuildVerb object at 0x7f5b38aa6a10>>)
[0.340s] Level 1:colcon.colcon_core.package_discovery:discover_packages(colcon_meta) check parameters
[0.341s] Level 1:colcon.colcon_core.package_discovery:discover_packages(recursive) check parameters
[0.341s] Level 1:colcon.colcon_core.package_discovery:discover_packages(ignore) check parameters
[0.341s] Level 1:colcon.colcon_core.package_discovery:discover_packages(path) check parameters
[0.341s] Level 1:colcon.colcon_core.package_discovery:discover_packages(colcon_meta) discover
[0.341s] Level 1:colcon.colcon_core.package_discovery:discover_packages(recursive) discover
[0.341s] INFO:colcon.colcon_core.package_discovery:Crawling recursively for packages in '/home/serhat/workspaces'
[0.341s] Level 1:colcon.colcon_core.package_identification:_identify(.) by extensions ['ignore', 'ignore_ament_install']
[0.341s] Level 1:colcon.colcon_core.package_identification:_identify(.) by extension 'ignore'
[0.341s] Level 1:colcon.colcon_core.package_identification:_identify(.) by extension 'ignore_ament_install'
[0.341s] Level 1:colcon.colcon_core.package_identification:_identify(.) by extensions ['colcon_pkg']
[0.341s] Level 1:colcon.colcon_core.package_identification:_identify(.) by extension 'colcon_pkg'
[0.341s] Level 1:colcon.colcon_core.package_identification:_identify(.) by extensions ['colcon_meta']
[0.341s] Level 1:colcon.colcon_core.package_identification:_identify(.) by extension 'colcon_meta'
[0.341s] Level 1:colcon.colcon_core.package_identification:_identify(.) by extensions ['ros']
[0.341s] Level 1:colcon.colcon_core.package_identification:_identify(.) by extension 'ros'
[0.351s] Level 1:colcon.colcon_core.package_identification:_identify(.) by extensions ['cmake', 'python']
[0.351s] Level 1:colcon.colcon_core.package_identification:_identify(.) by extension 'cmake'
[0.351s] Level 1:colcon.colcon_core.package_identification:_identify(.) by extension 'python'
[0.351s] Level 1:colcon.colcon_core.package_identification:_identify(.) by extensions ['python_setup_py']
[0.351s] Level 1:colcon.colcon_core.package_identification:_identify(.) by extension 'python_setup_py'
[0.352s] Level 1:colcon.colcon_core.package_identification:_identify(build) by extensions ['ignore', 'ignore_ament_install']
[0.352s] Level 1:colcon.colcon_core.package_identification:_identify(build) by extension 'ignore'
[0.352s] Level 1:colcon.colcon_core.package_identification:_identify(build) ignored
[0.352s] Level 1:colcon.colcon_core.package_identification:_identify(install) by extensions ['ignore', 'ignore_ament_install']
[0.352s] Level 1:colcon.colcon_core.package_identification:_identify(install) by extension 'ignore'
[0.352s] Level 1:colcon.colcon_core.package_identification:_identify(install) ignored
[0.352s] Level 1:colcon.colcon_core.package_identification:_identify(log) by extensions ['ignore', 'ignore_ament_install']
[0.352s] Level 1:colcon.colcon_core.package_identification:_identify(log) by extension 'ignore'
[0.352s] Level 1:colcon.colcon_core.package_identification:_identify(log) ignored
[0.352s] Level 1:colcon.colcon_core.package_identification:_identify(ros2_cpp_ws) by extensions ['ignore', 'ignore_ament_install']
[0.352s] Level 1:colcon.colcon_core.package_identification:_identify(ros2_cpp_ws) by extension 'ignore'
[0.352s] Level 1:colcon.colcon_core.package_identification:_identify(ros2_cpp_ws) by extension 'ignore_ament_install'
[0.352s] Level 1:colcon.colcon_core.package_identification:_identify(ros2_cpp_ws) by extensions ['colcon_pkg']
[0.352s] Level 1:colcon.colcon_core.package_identification:_identify(ros2_cpp_ws) by extension 'colcon_pkg'
[0.352s] Level 1:colcon.colcon_core.package_identification:_identify(ros2_cpp_ws) by extensions ['colcon_meta']
[0.352s] Level 1:colcon.colcon_core.package_identification:_identify(ros2_cpp_ws) by extension 'colcon_meta'
[0.352s] Level 1:colcon.colcon_core.package_identification:_identify(ros2_cpp_ws) by extensions ['ros']
[0.352s] Level 1:colcon.colcon_core.package_identification:_identify(ros2_cpp_ws) by extension 'ros'
[0.353s] Level 1:colcon.colcon_core.package_identification:_identify(ros2_cpp_ws) by extensions ['cmake', 'python']
[0.353s] Level 1:colcon.colcon_core.package_identification:_identify(ros2_cpp_ws) by extension 'cmake'
[0.353s] Level 1:colcon.colcon_core.package_identification:_identify(ros2_cpp_ws) by extension 'python'
[0.353s] Level 1:colcon.colcon_core.package_identification:_identify(ros2_cpp_ws) by extensions ['python_setup_py']
[0.353s] Level 1:colcon.colcon_core.package_identification:_identify(ros2_cpp_ws) by extension 'python_setup_py'
[0.353s] Level 1:colcon.colcon_core.package_identification:_identify(ros2_cpp_ws/build) by extensions ['ignore', 'ignore_ament_install']
[0.353s] Level 1:colcon.colcon_core.package_identification:_identify(ros2_cpp_ws/build) by extension 'ignore'
[0.353s] Level 1:colcon.colcon_core.package_identification:_identify(ros2_cpp_ws/build) ignored
[0.353s] Level 1:colcon.colcon_core.package_identification:_identify(ros2_cpp_ws/install) by extensions ['ignore', 'ignore_ament_install']
[0.353s] Level 1:colcon.colcon_core.package_identification:_identify(ros2_cpp_ws/install) by extension 'ignore'
[0.353s] Level 1:colcon.colcon_core.package_identification:_identify(ros2_cpp_ws/install) ignored
[0.353s] Level 1:colcon.colcon_core.package_identification:_identify(ros2_cpp_ws/log) by extensions ['ignore', 'ignore_ament_install']
[0.353s] Level 1:colcon.colcon_core.package_identification:_identify(ros2_cpp_ws/log) by extension 'ignore'
[0.353s] Level 1:colcon.colcon_core.package_identification:_identify(ros2_cpp_ws/log) ignored
[0.353s] Level 1:colcon.colcon_core.package_identification:_identify(ros2_cpp_ws/src) by extensions ['ignore', 'ignore_ament_install']
[0.353s] Level 1:colcon.colcon_core.package_identification:_identify(ros2_cpp_ws/src) by extension 'ignore'
[0.353s] Level 1:colcon.colcon_core.package_identification:_identify(ros2_cpp_ws/src) by extension 'ignore_ament_install'
[0.354s] Level 1:colcon.colcon_core.package_identification:_identify(ros2_cpp_ws/src) by extensions ['colcon_pkg']
[0.354s] Level 1:colcon.colcon_core.package_identification:_identify(ros2_cpp_ws/src) by extension 'colcon_pkg'
[0.354s] Level 1:colcon.colcon_core.package_identification:_identify(ros2_cpp_ws/src) by extensions ['colcon_meta']
[0.354s] Level 1:colcon.colcon_core.package_identification:_identify(ros2_cpp_ws/src) by extension 'colcon_meta'
[0.354s] Level 1:colcon.colcon_core.package_identification:_identify(ros2_cpp_ws/src) by extensions ['ros']
[0.354s] Level 1:colcon.colcon_core.package_identification:_identify(ros2_cpp_ws/src) by extension 'ros'
[0.354s] Level 1:colcon.colcon_core.package_identification:_identify(ros2_cpp_ws/src) by extensions ['cmake', 'python']
[0.354s] Level 1:colcon.colcon_core.package_identification:_identify(ros2_cpp_ws/src) by extension 'cmake'
[0.354s] Level 1:colcon.colcon_core.package_identification:_identify(ros2_cpp_ws/src) by extension 'python'
[0.354s] Level 1:colcon.colcon_core.package_identification:_identify(ros2_cpp_ws/src) by extensions ['python_setup_py']
[0.354s] Level 1:colcon.colcon_core.package_identification:_identify(ros2_cpp_ws/src) by extension 'python_setup_py'
[0.354s] Level 1:colcon.colcon_core.package_identification:_identify(ros2_cpp_ws/src/udemy_ros2_pkg) by extensions ['ignore', 'ignore_ament_install']
[0.354s] Level 1:colcon.colcon_core.package_identification:_identify(ros2_cpp_ws/src/udemy_ros2_pkg) by extension 'ignore'
[0.354s] Level 1:colcon.colcon_core.package_identification:_identify(ros2_cpp_ws/src/udemy_ros2_pkg) by extension 'ignore_ament_install'
[0.354s] Level 1:colcon.colcon_core.package_identification:_identify(ros2_cpp_ws/src/udemy_ros2_pkg) by extensions ['colcon_pkg']
[0.354s] Level 1:colcon.colcon_core.package_identification:_identify(ros2_cpp_ws/src/udemy_ros2_pkg) by extension 'colcon_pkg'
[0.354s] Level 1:colcon.colcon_core.package_identification:_identify(ros2_cpp_ws/src/udemy_ros2_pkg) by extensions ['colcon_meta']
[0.354s] Level 1:colcon.colcon_core.package_identification:_identify(ros2_cpp_ws/src/udemy_ros2_pkg) by extension 'colcon_meta'
[0.354s] Level 1:colcon.colcon_core.package_identification:_identify(ros2_cpp_ws/src/udemy_ros2_pkg) by extensions ['ros']
[0.354s] Level 1:colcon.colcon_core.package_identification:_identify(ros2_cpp_ws/src/udemy_ros2_pkg) by extension 'ros'
[0.356s] DEBUG:colcon.colcon_core.package_identification:Package 'ros2_cpp_ws/src/udemy_ros2_pkg' with type 'ros.ament_cmake' and name 'udemy_ros2_pkg'
[0.356s] Level 1:colcon.colcon_core.package_discovery:discover_packages(recursive) using defaults
[0.356s] Level 1:colcon.colcon_core.package_discovery:discover_packages(ignore) discover
[0.356s] Level 1:colcon.colcon_core.package_discovery:discover_packages(ignore) using defaults
[0.356s] Level 1:colcon.colcon_core.package_discovery:discover_packages(path) discover
[0.356s] Level 1:colcon.colcon_core.package_discovery:discover_packages(path) using defaults
[0.377s] Level 1:colcon.colcon_core.package_discovery:discover_packages(prefix_path) check parameters
[0.377s] Level 1:colcon.colcon_core.package_discovery:discover_packages(prefix_path) discover
[0.379s] DEBUG:colcon.colcon_installed_package_information.package_discovery:Found 1 installed packages in /home/serhat/workspaces/ros2_cpp_ws/install
[0.381s] DEBUG:colcon.colcon_installed_package_information.package_discovery:Found 343 installed packages in /opt/ros/humble
[0.382s] Level 1:colcon.colcon_core.package_discovery:discover_packages(prefix_path) using defaults
[0.446s] Level 5:colcon.colcon_core.verb:set package 'udemy_ros2_pkg' build argument 'cmake_args' from command line to 'None'
[0.446s] Level 5:colcon.colcon_core.verb:set package 'udemy_ros2_pkg' build argument 'cmake_target' from command line to 'None'
[0.446s] Level 5:colcon.colcon_core.verb:set package 'udemy_ros2_pkg' build argument 'cmake_target_skip_unavailable' from command line to 'False'
[0.446s] Level 5:colcon.colcon_core.verb:set package 'udemy_ros2_pkg' build argument 'cmake_clean_cache' from command line to 'False'
[0.446s] Level 5:colcon.colcon_core.verb:set package 'udemy_ros2_pkg' build argument 'cmake_clean_first' from command line to 'False'
[0.446s] Level 5:colcon.colcon_core.verb:set package 'udemy_ros2_pkg' build argument 'cmake_force_configure' from command line to 'False'
[0.446s] Level 5:colcon.colcon_core.verb:set package 'udemy_ros2_pkg' build argument 'ament_cmake_args' from command line to 'None'
[0.446s] Level 5:colcon.colcon_core.verb:set package 'udemy_ros2_pkg' build argument 'catkin_cmake_args' from command line to 'None'
[0.446s] Level 5:colcon.colcon_core.verb:set package 'udemy_ros2_pkg' build argument 'catkin_skip_building_tests' from command line to 'False'
[0.446s] DEBUG:colcon.colcon_core.verb:Building package 'udemy_ros2_pkg' with the following arguments: {'ament_cmake_args': None, 'build_base': '/home/serhat/workspaces/build/udemy_ros2_pkg', 'catkin_cmake_args': None, 'catkin_skip_building_tests': False, 'cmake_args': None, 'cmake_clean_cache': False, 'cmake_clean_first': False, 'cmake_force_configure': False, 'cmake_target': None, 'cmake_target_skip_unavailable': False, 'install_base': '/home/serhat/workspaces/install/udemy_ros2_pkg', 'merge_install': False, 'path': '/home/serhat/workspaces/ros2_cpp_ws/src/udemy_ros2_pkg', 'symlink_install': True, 'test_result_base': None}
[0.447s] INFO:colcon.colcon_core.executor:Executing jobs using 'parallel' executor
[0.450s] DEBUG:colcon.colcon_parallel_executor.executor.parallel:run_until_complete
[0.450s] INFO:colcon.colcon_ros.task.ament_cmake.build:Building ROS package in '/home/serhat/workspaces/ros2_cpp_ws/src/udemy_ros2_pkg' with build type 'ament_cmake'
[0.450s] INFO:colcon.colcon_cmake.task.cmake.build:Building CMake package in '/home/serhat/workspaces/ros2_cpp_ws/src/udemy_ros2_pkg'
[0.454s] INFO:colcon.colcon_core.plugin_system:Skipping extension 'colcon_core.shell.bat': Not used on non-Windows systems
[0.455s] INFO:colcon.colcon_core.shell:Skip shell extension 'powershell' for command environment: Not usable outside of PowerShell
[0.455s] DEBUG:colcon.colcon_core.shell:Skip shell extension 'dsv' for command environment
[0.468s] DEBUG:colcon.colcon_core.event_handler.log_command:Invoking command in '/home/serhat/workspaces/build/udemy_ros2_pkg': CMAKE_PREFIX_PATH=${CMAKE_PREFIX_PATH}:/opt/ros/humble /usr/bin/cmake --build /home/serhat/workspaces/build/udemy_ros2_pkg -- -j12 -l12
[14.012s] DEBUG:colcon.colcon_core.event_handler.log_command:Invoked command in '/home/serhat/workspaces/build/udemy_ros2_pkg' returned '0': CMAKE_PREFIX_PATH=${CMAKE_PREFIX_PATH}:/opt/ros/humble /usr/bin/cmake --build /home/serhat/workspaces/build/udemy_ros2_pkg -- -j12 -l12
[14.045s] DEBUG:colcon.colcon_core.event_handler.log_command:Invoking command in '/home/serhat/workspaces/build/udemy_ros2_pkg': CMAKE_PREFIX_PATH=${CMAKE_PREFIX_PATH}:/opt/ros/humble /usr/bin/cmake --install /home/serhat/workspaces/build/udemy_ros2_pkg
[14.063s] Level 1:colcon.colcon_core.environment:create_environment_scripts_only(udemy_ros2_pkg)
[14.064s] DEBUG:colcon.colcon_core.event_handler.log_command:Invoked command in '/home/serhat/workspaces/build/udemy_ros2_pkg' returned '0': CMAKE_PREFIX_PATH=${CMAKE_PREFIX_PATH}:/opt/ros/humble /usr/bin/cmake --install /home/serhat/workspaces/build/udemy_ros2_pkg
[14.068s] Level 1:colcon.colcon_core.environment:checking '/home/serhat/workspaces/install/udemy_ros2_pkg' for CMake module files
[14.068s] Level 1:colcon.colcon_core.environment:checking '/home/serhat/workspaces/install/udemy_ros2_pkg' for CMake config files
[14.069s] Level 1:colcon.colcon_core.shell:create_environment_hook('udemy_ros2_pkg', 'cmake_prefix_path')
[14.070s] INFO:colcon.colcon_core.shell:Creating environment hook '/home/serhat/workspaces/install/udemy_ros2_pkg/share/udemy_ros2_pkg/hook/cmake_prefix_path.ps1'
[14.071s] INFO:colcon.colcon_core.shell:Creating environment descriptor '/home/serhat/workspaces/install/udemy_ros2_pkg/share/udemy_ros2_pkg/hook/cmake_prefix_path.dsv'
[14.071s] INFO:colcon.colcon_core.shell:Creating environment hook '/home/serhat/workspaces/install/udemy_ros2_pkg/share/udemy_ros2_pkg/hook/cmake_prefix_path.sh'
[14.072s] Level 1:colcon.colcon_core.environment:checking '/home/serhat/workspaces/install/udemy_ros2_pkg/lib'
[14.072s] Level 1:colcon.colcon_core.environment:checking '/home/serhat/workspaces/install/udemy_ros2_pkg/bin'
[14.072s] Level 1:colcon.colcon_core.environment:checking '/home/serhat/workspaces/install/udemy_ros2_pkg/lib/pkgconfig/udemy_ros2_pkg.pc'
[14.072s] Level 1:colcon.colcon_core.environment:checking '/home/serhat/workspaces/install/udemy_ros2_pkg/lib/python3.10/site-packages'
[14.073s] Level 1:colcon.colcon_core.environment:checking '/home/serhat/workspaces/install/udemy_ros2_pkg/bin'
[14.074s] INFO:colcon.colcon_core.shell:Creating package script '/home/serhat/workspaces/install/udemy_ros2_pkg/share/udemy_ros2_pkg/package.ps1'
[14.074s] INFO:colcon.colcon_core.shell:Creating package descriptor '/home/serhat/workspaces/install/udemy_ros2_pkg/share/udemy_ros2_pkg/package.dsv'
[14.075s] INFO:colcon.colcon_core.shell:Creating package script '/home/serhat/workspaces/install/udemy_ros2_pkg/share/udemy_ros2_pkg/package.sh'
[14.075s] INFO:colcon.colcon_core.shell:Creating package script '/home/serhat/workspaces/install/udemy_ros2_pkg/share/udemy_ros2_pkg/package.bash'
[14.076s] INFO:colcon.colcon_core.shell:Creating package script '/home/serhat/workspaces/install/udemy_ros2_pkg/share/udemy_ros2_pkg/package.zsh'
[14.076s] Level 1:colcon.colcon_core.environment:create_file_with_runtime_dependencies(/home/serhat/workspaces/install/udemy_ros2_pkg/share/colcon-core/packages/udemy_ros2_pkg)
[14.103s] Level 1:colcon.colcon_core.environment:create_environment_scripts_only(udemy_ros2_pkg)
[14.106s] Level 1:colcon.colcon_core.environment:checking '/home/serhat/workspaces/install/udemy_ros2_pkg' for CMake module files
[14.107s] Level 1:colcon.colcon_core.environment:checking '/home/serhat/workspaces/install/udemy_ros2_pkg' for CMake config files
[14.107s] Level 1:colcon.colcon_core.shell:create_environment_hook('udemy_ros2_pkg', 'cmake_prefix_path')
[14.109s] INFO:colcon.colcon_core.shell:Creating environment hook '/home/serhat/workspaces/install/udemy_ros2_pkg/share/udemy_ros2_pkg/hook/cmake_prefix_path.ps1'
[14.109s] INFO:colcon.colcon_core.shell:Creating environment descriptor '/home/serhat/workspaces/install/udemy_ros2_pkg/share/udemy_ros2_pkg/hook/cmake_prefix_path.dsv'
[14.110s] INFO:colcon.colcon_core.shell:Creating environment hook '/home/serhat/workspaces/install/udemy_ros2_pkg/share/udemy_ros2_pkg/hook/cmake_prefix_path.sh'
[14.110s] Level 1:colcon.colcon_core.environment:checking '/home/serhat/workspaces/install/udemy_ros2_pkg/lib'
[14.110s] Level 1:colcon.colcon_core.environment:checking '/home/serhat/workspaces/install/udemy_ros2_pkg/bin'
[14.110s] Level 1:colcon.colcon_core.environment:checking '/home/serhat/workspaces/install/udemy_ros2_pkg/lib/pkgconfig/udemy_ros2_pkg.pc'
[14.111s] Level 1:colcon.colcon_core.environment:checking '/home/serhat/workspaces/install/udemy_ros2_pkg/lib/python3.10/site-packages'
[14.111s] Level 1:colcon.colcon_core.environment:checking '/home/serhat/workspaces/install/udemy_ros2_pkg/bin'
[14.112s] INFO:colcon.colcon_core.shell:Creating package script '/home/serhat/workspaces/install/udemy_ros2_pkg/share/udemy_ros2_pkg/package.ps1'
[14.113s] INFO:colcon.colcon_core.shell:Creating package descriptor '/home/serhat/workspaces/install/udemy_ros2_pkg/share/udemy_ros2_pkg/package.dsv'
[14.113s] INFO:colcon.colcon_core.shell:Creating package script '/home/serhat/workspaces/install/udemy_ros2_pkg/share/udemy_ros2_pkg/package.sh'
[14.113s] INFO:colcon.colcon_core.shell:Creating package script '/home/serhat/workspaces/install/udemy_ros2_pkg/share/udemy_ros2_pkg/package.bash'
[14.114s] INFO:colcon.colcon_core.shell:Creating package script '/home/serhat/workspaces/install/udemy_ros2_pkg/share/udemy_ros2_pkg/package.zsh'
[14.114s] Level 1:colcon.colcon_core.environment:create_file_with_runtime_dependencies(/home/serhat/workspaces/install/udemy_ros2_pkg/share/colcon-core/packages/udemy_ros2_pkg)
[14.114s] DEBUG:colcon.colcon_parallel_executor.executor.parallel:closing loop
[14.115s] DEBUG:colcon.colcon_parallel_executor.executor.parallel:loop closed
[14.115s] DEBUG:colcon.colcon_parallel_executor.executor.parallel:run_until_complete finished with '0'
[14.115s] DEBUG:colcon.colcon_core.event_reactor:joining thread
[14.120s] INFO:colcon.colcon_core.plugin_system:Skipping extension 'colcon_notification.desktop_notification.terminal_notifier': Not used on non-Darwin systems
[14.120s] INFO:colcon.colcon_core.plugin_system:Skipping extension 'colcon_notification.desktop_notification.win32': Not used on non-Windows systems
[14.120s] INFO:colcon.colcon_notification.desktop_notification:Sending desktop notification using 'notify2'
[14.133s] DEBUG:colcon.colcon_core.event_reactor:joined thread
[14.136s] INFO:colcon.colcon_core.shell:Creating prefix script '/home/serhat/workspaces/install/local_setup.ps1'
[14.138s] INFO:colcon.colcon_core.shell:Creating prefix util module '/home/serhat/workspaces/install/_local_setup_util_ps1.py'
[14.139s] INFO:colcon.colcon_core.shell:Creating prefix chain script '/home/serhat/workspaces/install/setup.ps1'
[14.141s] INFO:colcon.colcon_core.shell:Creating prefix script '/home/serhat/workspaces/install/local_setup.sh'
[14.142s] INFO:colcon.colcon_core.shell:Creating prefix util module '/home/serhat/workspaces/install/_local_setup_util_sh.py'
[14.142s] INFO:colcon.colcon_core.shell:Creating prefix chain script '/home/serhat/workspaces/install/setup.sh'
[14.143s] INFO:colcon.colcon_core.shell:Creating prefix script '/home/serhat/workspaces/install/local_setup.bash'
[14.144s] INFO:colcon.colcon_core.shell:Creating prefix chain script '/home/serhat/workspaces/install/setup.bash'
[14.146s] INFO:colcon.colcon_core.shell:Creating prefix script '/home/serhat/workspaces/install/local_setup.zsh'
[14.146s] INFO:colcon.colcon_core.shell:Creating prefix chain script '/home/serhat/workspaces/install/setup.zsh'
