[0.025s] Invoking command in '/home/serhat/workspace/build/canopen_core': CMAKE_PREFIX_PATH=/home/serhat/workspace/install/lely_core_libraries:/home/serhat/workspace/install/canopen_interfaces:/home/serhat/workspace/install/usb_cam:/home/serhat/workspace/install/udemy_ros2_pkg:/home/serhat/workspace/install/canopen_tests:/home/serhat/workspace/install/canopen:/home/serhat/workspace/install/canopen_402_driver:/home/serhat/workspace/install/canopen_proxy_driver:/home/serhat/workspace/install/canopen_mock_slave:/home/serhat/workspace/install/canopen_base_driver:/home/serhat/workspace/install/canopen_core:/home/serhat/workspace/install/canopen_utils:/opt/ros/humble LD_LIBRARY_PATH=/home/serhat/workspace/install/lely_core_libraries/lib:/home/serhat/workspace/install/canopen_interfaces/lib:/home/serhat/workspace/install/usb_cam/lib:/home/serhat/workspace/install/udemy_ros2_pkg/lib:/home/serhat/workspace/install/canopen_402_driver/lib:/home/serhat/workspace/install/canopen_proxy_driver/lib:/home/serhat/workspace/install/canopen_base_driver/lib:/home/serhat/workspace/install/canopen_core/lib:/usr/lib/x86_64-linux-gnu/gazebo-11/plugins:/opt/ros/humble/opt/rviz_ogre_vendor/lib:/opt/ros/humble/lib/x86_64-linux-gnu:/opt/ros/humble/lib PYTHONPATH=/home/serhat/workspace/install/lely_core_libraries/lib/python3.10/site-packages:/home/serhat/workspace/install/udemy_ros2_pkg/local/lib/python3.10/dist-packages:/home/serhat/workspace/install/canopen_utils/lib/python3.10/site-packages:/home/serhat/workspace/install/canopen_interfaces/local/lib/python3.10/dist-packages:/opt/ros/humble/lib/python3.10/site-packages:/opt/ros/humble/local/lib/python3.10/dist-packages /usr/bin/cmake --build /home/serhat/workspace/build/canopen_core -- -j12 -l12
[0.082s] [35m[1mConsolidate compiler generated dependencies of target master_node[0m
[0.083s] [35m[1mConsolidate compiler generated dependencies of target lifecycle_master_node[0m
[0.100s] [ 14%] Built target configuration_manager
[0.132s] [ 21%] [32mBuilding CXX object CMakeFiles/master_node.dir/src/lely_master_bridge.cpp.o[0m
[0.132s] [ 28%] [32mBuilding CXX object CMakeFiles/master_node.dir/src/master_node.cpp.o[0m
[0.134s] [ 35%] [32mBuilding CXX object CMakeFiles/lifecycle_master_node.dir/src/lifecycle_master_node.cpp.o[0m
[0.137s] [ 42%] [32mBuilding CXX object CMakeFiles/lifecycle_master_node.dir/src/lely_master_bridge.cpp.o[0m
[0.146s] [ 57%] Built target lifecycle_device_manager_node
[8.779s] [ 64%] [32m[1mLinking CXX shared library liblifecycle_master_node.so[0m
[8.984s] [ 71%] [32m[1mLinking CXX shared library libmaster_node.so[0m
[9.169s] [ 71%] Built target lifecycle_master_node
[9.188s] [35m[1mConsolidate compiler generated dependencies of target device_container_node[0m
[9.188s] [35m[1mConsolidate compiler generated dependencies of target lifecycle_device_container_node[0m
[9.220s] [ 78%] [32mBuilding CXX object CMakeFiles/device_container_node.dir/src/device_container_node.cpp.o[0m
[9.223s] [ 85%] [32mBuilding CXX object CMakeFiles/lifecycle_device_container_node.dir/src/lifecycle_device_container_node.cpp.o[0m
[9.394s] [ 85%] Built target master_node
[15.897s] [ 92%] [32m[1mLinking CXX executable device_container_node[0m
[16.131s] [ 92%] Built target device_container_node
[16.811s] [100%] [32m[1mLinking CXX executable lifecycle_device_container_node[0m
[17.117s] [100%] Built target lifecycle_device_container_node
[17.129s] Invoked command in '/home/serhat/workspace/build/canopen_core' returned '0': CMAKE_PREFIX_PATH=/home/serhat/workspace/install/lely_core_libraries:/home/serhat/workspace/install/canopen_interfaces:/home/serhat/workspace/install/usb_cam:/home/serhat/workspace/install/udemy_ros2_pkg:/home/serhat/workspace/install/canopen_tests:/home/serhat/workspace/install/canopen:/home/serhat/workspace/install/canopen_402_driver:/home/serhat/workspace/install/canopen_proxy_driver:/home/serhat/workspace/install/canopen_mock_slave:/home/serhat/workspace/install/canopen_base_driver:/home/serhat/workspace/install/canopen_core:/home/serhat/workspace/install/canopen_utils:/opt/ros/humble LD_LIBRARY_PATH=/home/serhat/workspace/install/lely_core_libraries/lib:/home/serhat/workspace/install/canopen_interfaces/lib:/home/serhat/workspace/install/usb_cam/lib:/home/serhat/workspace/install/udemy_ros2_pkg/lib:/home/serhat/workspace/install/canopen_402_driver/lib:/home/serhat/workspace/install/canopen_proxy_driver/lib:/home/serhat/workspace/install/canopen_base_driver/lib:/home/serhat/workspace/install/canopen_core/lib:/usr/lib/x86_64-linux-gnu/gazebo-11/plugins:/opt/ros/humble/opt/rviz_ogre_vendor/lib:/opt/ros/humble/lib/x86_64-linux-gnu:/opt/ros/humble/lib PYTHONPATH=/home/serhat/workspace/install/lely_core_libraries/lib/python3.10/site-packages:/home/serhat/workspace/install/udemy_ros2_pkg/local/lib/python3.10/dist-packages:/home/serhat/workspace/install/canopen_utils/lib/python3.10/site-packages:/home/serhat/workspace/install/canopen_interfaces/local/lib/python3.10/dist-packages:/opt/ros/humble/lib/python3.10/site-packages:/opt/ros/humble/local/lib/python3.10/dist-packages /usr/bin/cmake --build /home/serhat/workspace/build/canopen_core -- -j12 -l12
[17.182s] Invoking command in '/home/serhat/workspace/build/canopen_core': CMAKE_PREFIX_PATH=/home/serhat/workspace/install/lely_core_libraries:/home/serhat/workspace/install/canopen_interfaces:/home/serhat/workspace/install/usb_cam:/home/serhat/workspace/install/udemy_ros2_pkg:/home/serhat/workspace/install/canopen_tests:/home/serhat/workspace/install/canopen:/home/serhat/workspace/install/canopen_402_driver:/home/serhat/workspace/install/canopen_proxy_driver:/home/serhat/workspace/install/canopen_mock_slave:/home/serhat/workspace/install/canopen_base_driver:/home/serhat/workspace/install/canopen_core:/home/serhat/workspace/install/canopen_utils:/opt/ros/humble LD_LIBRARY_PATH=/home/serhat/workspace/install/lely_core_libraries/lib:/home/serhat/workspace/install/canopen_interfaces/lib:/home/serhat/workspace/install/usb_cam/lib:/home/serhat/workspace/install/udemy_ros2_pkg/lib:/home/serhat/workspace/install/canopen_402_driver/lib:/home/serhat/workspace/install/canopen_proxy_driver/lib:/home/serhat/workspace/install/canopen_base_driver/lib:/home/serhat/workspace/install/canopen_core/lib:/usr/lib/x86_64-linux-gnu/gazebo-11/plugins:/opt/ros/humble/opt/rviz_ogre_vendor/lib:/opt/ros/humble/lib/x86_64-linux-gnu:/opt/ros/humble/lib PYTHONPATH=/home/serhat/workspace/install/lely_core_libraries/lib/python3.10/site-packages:/home/serhat/workspace/install/udemy_ros2_pkg/local/lib/python3.10/dist-packages:/home/serhat/workspace/install/canopen_utils/lib/python3.10/site-packages:/home/serhat/workspace/install/canopen_interfaces/local/lib/python3.10/dist-packages:/opt/ros/humble/lib/python3.10/site-packages:/opt/ros/humble/local/lib/python3.10/dist-packages /usr/bin/cmake --install /home/serhat/workspace/build/canopen_core
[17.191s] -- Install configuration: ""
[17.192s] -- Execute custom install script
[17.193s] -- Up-to-date symlink: /home/serhat/workspace/install/canopen_core/include/canopen_core/configuration_manager.hpp
[17.193s] -- Up-to-date symlink: /home/serhat/workspace/install/canopen_core/include/canopen_core/device.hpp
[17.194s] -- Up-to-date symlink: /home/serhat/workspace/install/canopen_core/include/canopen_core/device_container_node.hpp
[17.194s] -- Up-to-date symlink: /home/serhat/workspace/install/canopen_core/include/canopen_core/exchange.hpp
[17.194s] -- Up-to-date symlink: /home/serhat/workspace/install/canopen_core/include/canopen_core/lely_master_bridge.hpp
[17.195s] -- Up-to-date symlink: /home/serhat/workspace/install/canopen_core/include/canopen_core/lifecycle_device_container_node.hpp
[17.195s] -- Up-to-date symlink: /home/serhat/workspace/install/canopen_core/include/canopen_core/lifecycle_device_manager_node.hpp
[17.195s] -- Up-to-date symlink: /home/serhat/workspace/install/canopen_core/include/canopen_core/lifecycle_master_node.hpp
[17.195s] -- Up-to-date symlink: /home/serhat/workspace/install/canopen_core/include/canopen_core/master_node.hpp
[17.195s] -- Up-to-date symlink: /home/serhat/workspace/install/canopen_core/include/canopen_core/visibility_control.h
[17.195s] -- Up-to-date symlink: /home/serhat/workspace/install/canopen_core/lib/canopen_core/lifecycle_device_container_node
[17.195s] -- Up-to-date symlink: /home/serhat/workspace/install/canopen_core/lib/canopen_core/device_container_node
[17.195s] -- Up-to-date symlink: /home/serhat/workspace/install/canopen_core/share/canopen_core/launch//canopen.launch.py
[17.196s] -- Up-to-date symlink: /home/serhat/workspace/install/canopen_core/share/canopen_core/launch//canopen_lifecycle.launch.py
[17.196s] -- Up-to-date symlink: /home/serhat/workspace/install/canopen_core/share/canopen_core/environment/library_path.sh
[17.196s] -- Up-to-date symlink: /home/serhat/workspace/install/canopen_core/share/canopen_core/environment/library_path.dsv
[17.196s] -- Up-to-date symlink: /home/serhat/workspace/install/canopen_core/share/ament_index/resource_index/package_run_dependencies/canopen_core
[17.197s] -- Up-to-date symlink: /home/serhat/workspace/install/canopen_core/share/ament_index/resource_index/parent_prefix_path/canopen_core
[17.197s] -- Up-to-date symlink: /home/serhat/workspace/install/canopen_core/share/canopen_core/environment/ament_prefix_path.sh
[17.197s] -- Up-to-date symlink: /home/serhat/workspace/install/canopen_core/share/canopen_core/environment/ament_prefix_path.dsv
[17.197s] -- Up-to-date symlink: /home/serhat/workspace/install/canopen_core/share/canopen_core/environment/path.sh
[17.198s] -- Up-to-date symlink: /home/serhat/workspace/install/canopen_core/share/canopen_core/environment/path.dsv
[17.198s] -- Up-to-date symlink: /home/serhat/workspace/install/canopen_core/share/canopen_core/local_setup.bash
[17.198s] -- Up-to-date symlink: /home/serhat/workspace/install/canopen_core/share/canopen_core/local_setup.sh
[17.199s] -- Up-to-date symlink: /home/serhat/workspace/install/canopen_core/share/canopen_core/local_setup.zsh
[17.199s] -- Up-to-date symlink: /home/serhat/workspace/install/canopen_core/share/canopen_core/local_setup.dsv
[17.199s] -- Symlinking: /home/serhat/workspace/install/canopen_core/share/canopen_core/package.dsv
[17.209s] -- Up-to-date symlink: /home/serhat/workspace/install/canopen_core/share/ament_index/resource_index/packages/canopen_core
[17.209s] -- Up-to-date symlink: /home/serhat/workspace/install/canopen_core/share/ament_index/resource_index/rclcpp_components/canopen_core
[17.210s] -- Up-to-date symlink: /home/serhat/workspace/install/canopen_core/share/canopen_core/cmake/ament_cmake_export_include_directories-extras.cmake
[17.210s] -- Up-to-date symlink: /home/serhat/workspace/install/canopen_core/share/canopen_core/cmake/ament_cmake_export_libraries-extras.cmake
[17.210s] -- Up-to-date symlink: /home/serhat/workspace/install/canopen_core/share/canopen_core/cmake/ament_cmake_export_targets-extras.cmake
[17.210s] -- Up-to-date symlink: /home/serhat/workspace/install/canopen_core/share/canopen_core/cmake/ament_cmake_export_dependencies-extras.cmake
[17.211s] -- Up-to-date symlink: /home/serhat/workspace/install/canopen_core/share/canopen_core/cmake/canopen_coreConfig.cmake
[17.211s] -- Up-to-date symlink: /home/serhat/workspace/install/canopen_core/share/canopen_core/cmake/canopen_coreConfig-version.cmake
[17.211s] -- Up-to-date symlink: /home/serhat/workspace/install/canopen_core/share/canopen_core/package.xml
[17.211s] -- Up-to-date: /home/serhat/workspace/install/canopen_core/lib/libconfiguration_manager.so
[17.212s] -- Installing: /home/serhat/workspace/install/canopen_core/lib/libmaster_node.so
[17.217s] -- Set runtime path of "/home/serhat/workspace/install/canopen_core/lib/libmaster_node.so" to ""
[17.217s] -- Installing: /home/serhat/workspace/install/canopen_core/lib/liblifecycle_master_node.so
[17.223s] -- Set runtime path of "/home/serhat/workspace/install/canopen_core/lib/liblifecycle_master_node.so" to ""
[17.223s] -- Up-to-date: /home/serhat/workspace/install/canopen_core/lib/liblifecycle_device_manager_node.so
[17.223s] -- Up-to-date: /home/serhat/workspace/install/canopen_core/share/canopen_core/cmake/export_configuration_managerExport.cmake
[17.223s] -- Up-to-date: /home/serhat/workspace/install/canopen_core/share/canopen_core/cmake/export_configuration_managerExport-noconfig.cmake
[17.224s] -- Up-to-date: /home/serhat/workspace/install/canopen_core/share/canopen_core/cmake/export_master_nodeExport.cmake
[17.224s] -- Up-to-date: /home/serhat/workspace/install/canopen_core/share/canopen_core/cmake/export_master_nodeExport-noconfig.cmake
[17.224s] -- Up-to-date: /home/serhat/workspace/install/canopen_core/share/canopen_core/cmake/export_lifecycle_master_nodeExport.cmake
[17.224s] -- Up-to-date: /home/serhat/workspace/install/canopen_core/share/canopen_core/cmake/export_lifecycle_master_nodeExport-noconfig.cmake
[17.224s] -- Up-to-date: /home/serhat/workspace/install/canopen_core/share/canopen_core/cmake/export_lifecycle_device_manager_nodeExport.cmake
[17.224s] -- Up-to-date: /home/serhat/workspace/install/canopen_core/share/canopen_core/cmake/export_lifecycle_device_manager_nodeExport-noconfig.cmake
[17.230s] Invoked command in '/home/serhat/workspace/build/canopen_core' returned '0': CMAKE_PREFIX_PATH=/home/serhat/workspace/install/lely_core_libraries:/home/serhat/workspace/install/canopen_interfaces:/home/serhat/workspace/install/usb_cam:/home/serhat/workspace/install/udemy_ros2_pkg:/home/serhat/workspace/install/canopen_tests:/home/serhat/workspace/install/canopen:/home/serhat/workspace/install/canopen_402_driver:/home/serhat/workspace/install/canopen_proxy_driver:/home/serhat/workspace/install/canopen_mock_slave:/home/serhat/workspace/install/canopen_base_driver:/home/serhat/workspace/install/canopen_core:/home/serhat/workspace/install/canopen_utils:/opt/ros/humble LD_LIBRARY_PATH=/home/serhat/workspace/install/lely_core_libraries/lib:/home/serhat/workspace/install/canopen_interfaces/lib:/home/serhat/workspace/install/usb_cam/lib:/home/serhat/workspace/install/udemy_ros2_pkg/lib:/home/serhat/workspace/install/canopen_402_driver/lib:/home/serhat/workspace/install/canopen_proxy_driver/lib:/home/serhat/workspace/install/canopen_base_driver/lib:/home/serhat/workspace/install/canopen_core/lib:/usr/lib/x86_64-linux-gnu/gazebo-11/plugins:/opt/ros/humble/opt/rviz_ogre_vendor/lib:/opt/ros/humble/lib/x86_64-linux-gnu:/opt/ros/humble/lib PYTHONPATH=/home/serhat/workspace/install/lely_core_libraries/lib/python3.10/site-packages:/home/serhat/workspace/install/udemy_ros2_pkg/local/lib/python3.10/dist-packages:/home/serhat/workspace/install/canopen_utils/lib/python3.10/site-packages:/home/serhat/workspace/install/canopen_interfaces/local/lib/python3.10/dist-packages:/opt/ros/humble/lib/python3.10/site-packages:/opt/ros/humble/local/lib/python3.10/dist-packages /usr/bin/cmake --install /home/serhat/workspace/build/canopen_core
