[0.278s] DEBUG:colcon:Command line arguments: ['/usr/bin/colcon', 'build']
[0.278s] DEBUG:colcon:Parsed command line arguments: Namespace(log_base=None, log_level=None, verb_name='build', build_base='build', install_base='install', merge_install=False, symlink_install=False, test_result_base=None, continue_on_error=False, executor='parallel', parallel_workers=12, event_handlers=None, ignore_user_meta=False, metas=['./colcon.meta'], base_paths=['.'], packages_ignore=None, packages_ignore_regex=None, paths=None, packages_up_to=None, packages_up_to_regex=None, packages_above=None, packages_above_and_dependencies=None, packages_above_depth=None, packages_select_by_dep=None, packages_skip_by_dep=None, packages_skip_up_to=None, packages_select_build_failed=False, packages_skip_build_finished=False, packages_select_test_failures=False, packages_skip_test_passed=False, packages_select=None, packages_skip=None, packages_select_regex=None, packages_skip_regex=None, packages_start=None, packages_end=None, allow_overriding=[], cmake_args=None, cmake_target=None, cmake_target_skip_unavailable=False, cmake_clean_cache=False, cmake_clean_first=False, cmake_force_configure=False, ament_cmake_args=None, catkin_cmake_args=None, catkin_skip_building_tests=False, verb_parser=<colcon_defaults.argument_parser.defaults.DefaultArgumentsDecorator object at 0x7f4060dfd720>, verb_extension=<colcon_core.verb.build.BuildVerb object at 0x7f4060d38400>, main=<bound method BuildVerb.main of <colcon_core.verb.build.BuildVerb object at 0x7f4060d38400>>)
[0.297s] Level 1:colcon.colcon_core.package_discovery:discover_packages(colcon_meta) check parameters
[0.297s] Level 1:colcon.colcon_core.package_discovery:discover_packages(recursive) check parameters
[0.297s] Level 1:colcon.colcon_core.package_discovery:discover_packages(ignore) check parameters
[0.297s] Level 1:colcon.colcon_core.package_discovery:discover_packages(path) check parameters
[0.297s] Level 1:colcon.colcon_core.package_discovery:discover_packages(colcon_meta) discover
[0.297s] Level 1:colcon.colcon_core.package_discovery:discover_packages(recursive) discover
[0.298s] INFO:colcon.colcon_core.package_discovery:Crawling recursively for packages in '/home/serhat/workspaces/ros2_cpp_ws'
[0.298s] Level 1:colcon.colcon_core.package_identification:_identify(.) by extensions ['ignore', 'ignore_ament_install']
[0.298s] Level 1:colcon.colcon_core.package_identification:_identify(.) by extension 'ignore'
[0.298s] Level 1:colcon.colcon_core.package_identification:_identify(.) by extension 'ignore_ament_install'
[0.298s] Level 1:colcon.colcon_core.package_identification:_identify(.) by extensions ['colcon_pkg']
[0.298s] Level 1:colcon.colcon_core.package_identification:_identify(.) by extension 'colcon_pkg'
[0.298s] Level 1:colcon.colcon_core.package_identification:_identify(.) by extensions ['colcon_meta']
[0.298s] Level 1:colcon.colcon_core.package_identification:_identify(.) by extension 'colcon_meta'
[0.298s] Level 1:colcon.colcon_core.package_identification:_identify(.) by extensions ['ros']
[0.298s] Level 1:colcon.colcon_core.package_identification:_identify(.) by extension 'ros'
[0.306s] Level 1:colcon.colcon_core.package_identification:_identify(.) by extensions ['cmake', 'python']
[0.306s] Level 1:colcon.colcon_core.package_identification:_identify(.) by extension 'cmake'
[0.306s] Level 1:colcon.colcon_core.package_identification:_identify(.) by extension 'python'
[0.306s] Level 1:colcon.colcon_core.package_identification:_identify(.) by extensions ['python_setup_py']
[0.307s] Level 1:colcon.colcon_core.package_identification:_identify(.) by extension 'python_setup_py'
[0.307s] Level 1:colcon.colcon_core.package_identification:_identify(build) by extensions ['ignore', 'ignore_ament_install']
[0.307s] Level 1:colcon.colcon_core.package_identification:_identify(build) by extension 'ignore'
[0.307s] Level 1:colcon.colcon_core.package_identification:_identify(build) ignored
[0.307s] Level 1:colcon.colcon_core.package_identification:_identify(images) by extensions ['ignore', 'ignore_ament_install']
[0.307s] Level 1:colcon.colcon_core.package_identification:_identify(images) by extension 'ignore'
[0.307s] Level 1:colcon.colcon_core.package_identification:_identify(images) by extension 'ignore_ament_install'
[0.307s] Level 1:colcon.colcon_core.package_identification:_identify(images) by extensions ['colcon_pkg']
[0.307s] Level 1:colcon.colcon_core.package_identification:_identify(images) by extension 'colcon_pkg'
[0.307s] Level 1:colcon.colcon_core.package_identification:_identify(images) by extensions ['colcon_meta']
[0.307s] Level 1:colcon.colcon_core.package_identification:_identify(images) by extension 'colcon_meta'
[0.307s] Level 1:colcon.colcon_core.package_identification:_identify(images) by extensions ['ros']
[0.307s] Level 1:colcon.colcon_core.package_identification:_identify(images) by extension 'ros'
[0.307s] Level 1:colcon.colcon_core.package_identification:_identify(images) by extensions ['cmake', 'python']
[0.307s] Level 1:colcon.colcon_core.package_identification:_identify(images) by extension 'cmake'
[0.307s] Level 1:colcon.colcon_core.package_identification:_identify(images) by extension 'python'
[0.307s] Level 1:colcon.colcon_core.package_identification:_identify(images) by extensions ['python_setup_py']
[0.307s] Level 1:colcon.colcon_core.package_identification:_identify(images) by extension 'python_setup_py'
[0.307s] Level 1:colcon.colcon_core.package_identification:_identify(install) by extensions ['ignore', 'ignore_ament_install']
[0.308s] Level 1:colcon.colcon_core.package_identification:_identify(install) by extension 'ignore'
[0.308s] Level 1:colcon.colcon_core.package_identification:_identify(install) ignored
[0.308s] Level 1:colcon.colcon_core.package_identification:_identify(log) by extensions ['ignore', 'ignore_ament_install']
[0.308s] Level 1:colcon.colcon_core.package_identification:_identify(log) by extension 'ignore'
[0.308s] Level 1:colcon.colcon_core.package_identification:_identify(log) ignored
[0.308s] Level 1:colcon.colcon_core.package_identification:_identify(src) by extensions ['ignore', 'ignore_ament_install']
[0.308s] Level 1:colcon.colcon_core.package_identification:_identify(src) by extension 'ignore'
[0.308s] Level 1:colcon.colcon_core.package_identification:_identify(src) by extension 'ignore_ament_install'
[0.308s] Level 1:colcon.colcon_core.package_identification:_identify(src) by extensions ['colcon_pkg']
[0.308s] Level 1:colcon.colcon_core.package_identification:_identify(src) by extension 'colcon_pkg'
[0.308s] Level 1:colcon.colcon_core.package_identification:_identify(src) by extensions ['colcon_meta']
[0.308s] Level 1:colcon.colcon_core.package_identification:_identify(src) by extension 'colcon_meta'
[0.308s] Level 1:colcon.colcon_core.package_identification:_identify(src) by extensions ['ros']
[0.308s] Level 1:colcon.colcon_core.package_identification:_identify(src) by extension 'ros'
[0.308s] Level 1:colcon.colcon_core.package_identification:_identify(src) by extensions ['cmake', 'python']
[0.308s] Level 1:colcon.colcon_core.package_identification:_identify(src) by extension 'cmake'
[0.308s] Level 1:colcon.colcon_core.package_identification:_identify(src) by extension 'python'
[0.308s] Level 1:colcon.colcon_core.package_identification:_identify(src) by extensions ['python_setup_py']
[0.308s] Level 1:colcon.colcon_core.package_identification:_identify(src) by extension 'python_setup_py'
[0.308s] Level 1:colcon.colcon_core.package_identification:_identify(src/build) by extensions ['ignore', 'ignore_ament_install']
[0.308s] Level 1:colcon.colcon_core.package_identification:_identify(src/build) by extension 'ignore'
[0.309s] Level 1:colcon.colcon_core.package_identification:_identify(src/build) ignored
[0.309s] Level 1:colcon.colcon_core.package_identification:_identify(src/install) by extensions ['ignore', 'ignore_ament_install']
[0.309s] Level 1:colcon.colcon_core.package_identification:_identify(src/install) by extension 'ignore'
[0.309s] Level 1:colcon.colcon_core.package_identification:_identify(src/install) ignored
[0.309s] Level 1:colcon.colcon_core.package_identification:_identify(src/log) by extensions ['ignore', 'ignore_ament_install']
[0.309s] Level 1:colcon.colcon_core.package_identification:_identify(src/log) by extension 'ignore'
[0.309s] Level 1:colcon.colcon_core.package_identification:_identify(src/log) ignored
[0.309s] Level 1:colcon.colcon_core.package_identification:_identify(src/udemy_ros2_pkg) by extensions ['ignore', 'ignore_ament_install']
[0.309s] Level 1:colcon.colcon_core.package_identification:_identify(src/udemy_ros2_pkg) by extension 'ignore'
[0.309s] Level 1:colcon.colcon_core.package_identification:_identify(src/udemy_ros2_pkg) by extension 'ignore_ament_install'
[0.309s] Level 1:colcon.colcon_core.package_identification:_identify(src/udemy_ros2_pkg) by extensions ['colcon_pkg']
[0.309s] Level 1:colcon.colcon_core.package_identification:_identify(src/udemy_ros2_pkg) by extension 'colcon_pkg'
[0.309s] Level 1:colcon.colcon_core.package_identification:_identify(src/udemy_ros2_pkg) by extensions ['colcon_meta']
[0.309s] Level 1:colcon.colcon_core.package_identification:_identify(src/udemy_ros2_pkg) by extension 'colcon_meta'
[0.309s] Level 1:colcon.colcon_core.package_identification:_identify(src/udemy_ros2_pkg) by extensions ['ros']
[0.309s] Level 1:colcon.colcon_core.package_identification:_identify(src/udemy_ros2_pkg) by extension 'ros'
[0.311s] DEBUG:colcon.colcon_core.package_identification:Package 'src/udemy_ros2_pkg' with type 'ros.ament_cmake' and name 'udemy_ros2_pkg'
[0.311s] Level 1:colcon.colcon_core.package_identification:_identify(src/usb_cam) by extensions ['ignore', 'ignore_ament_install']
[0.311s] Level 1:colcon.colcon_core.package_identification:_identify(src/usb_cam) by extension 'ignore'
[0.312s] Level 1:colcon.colcon_core.package_identification:_identify(src/usb_cam) by extension 'ignore_ament_install'
[0.312s] Level 1:colcon.colcon_core.package_identification:_identify(src/usb_cam) by extensions ['colcon_pkg']
[0.312s] Level 1:colcon.colcon_core.package_identification:_identify(src/usb_cam) by extension 'colcon_pkg'
[0.312s] Level 1:colcon.colcon_core.package_identification:_identify(src/usb_cam) by extensions ['colcon_meta']
[0.312s] Level 1:colcon.colcon_core.package_identification:_identify(src/usb_cam) by extension 'colcon_meta'
[0.312s] Level 1:colcon.colcon_core.package_identification:_identify(src/usb_cam) by extensions ['ros']
[0.312s] Level 1:colcon.colcon_core.package_identification:_identify(src/usb_cam) by extension 'ros'
[0.313s] DEBUG:colcon.colcon_core.package_identification:Package 'src/usb_cam' with type 'ros.ament_cmake' and name 'usb_cam'
[0.313s] Level 1:colcon.colcon_core.package_discovery:discover_packages(recursive) using defaults
[0.313s] Level 1:colcon.colcon_core.package_discovery:discover_packages(ignore) discover
[0.313s] Level 1:colcon.colcon_core.package_discovery:discover_packages(ignore) using defaults
[0.313s] Level 1:colcon.colcon_core.package_discovery:discover_packages(path) discover
[0.313s] Level 1:colcon.colcon_core.package_discovery:discover_packages(path) using defaults
[0.332s] Level 1:colcon.colcon_core.package_discovery:discover_packages(prefix_path) check parameters
[0.332s] Level 1:colcon.colcon_core.package_discovery:discover_packages(prefix_path) discover
[0.334s] DEBUG:colcon.colcon_installed_package_information.package_discovery:Found 2 installed packages in /home/serhat/workspaces/ros2_cpp_ws/install
[0.335s] DEBUG:colcon.colcon_installed_package_information.package_discovery:Found 2 installed packages in /home/serhat/workspaces/install
[0.337s] DEBUG:colcon.colcon_installed_package_information.package_discovery:Found 359 installed packages in /opt/ros/humble
[0.338s] Level 1:colcon.colcon_core.package_discovery:discover_packages(prefix_path) using defaults
[0.397s] Level 5:colcon.colcon_core.verb:set package 'udemy_ros2_pkg' build argument 'cmake_args' from command line to 'None'
[0.397s] Level 5:colcon.colcon_core.verb:set package 'udemy_ros2_pkg' build argument 'cmake_target' from command line to 'None'
[0.397s] Level 5:colcon.colcon_core.verb:set package 'udemy_ros2_pkg' build argument 'cmake_target_skip_unavailable' from command line to 'False'
[0.397s] Level 5:colcon.colcon_core.verb:set package 'udemy_ros2_pkg' build argument 'cmake_clean_cache' from command line to 'False'
[0.397s] Level 5:colcon.colcon_core.verb:set package 'udemy_ros2_pkg' build argument 'cmake_clean_first' from command line to 'False'
[0.397s] Level 5:colcon.colcon_core.verb:set package 'udemy_ros2_pkg' build argument 'cmake_force_configure' from command line to 'False'
[0.397s] Level 5:colcon.colcon_core.verb:set package 'udemy_ros2_pkg' build argument 'ament_cmake_args' from command line to 'None'
[0.397s] Level 5:colcon.colcon_core.verb:set package 'udemy_ros2_pkg' build argument 'catkin_cmake_args' from command line to 'None'
[0.397s] Level 5:colcon.colcon_core.verb:set package 'udemy_ros2_pkg' build argument 'catkin_skip_building_tests' from command line to 'False'
[0.397s] DEBUG:colcon.colcon_core.verb:Building package 'udemy_ros2_pkg' with the following arguments: {'ament_cmake_args': None, 'build_base': '/home/serhat/workspaces/ros2_cpp_ws/build/udemy_ros2_pkg', 'catkin_cmake_args': None, 'catkin_skip_building_tests': False, 'cmake_args': None, 'cmake_clean_cache': False, 'cmake_clean_first': False, 'cmake_force_configure': False, 'cmake_target': None, 'cmake_target_skip_unavailable': False, 'install_base': '/home/serhat/workspaces/ros2_cpp_ws/install/udemy_ros2_pkg', 'merge_install': False, 'path': '/home/serhat/workspaces/ros2_cpp_ws/src/udemy_ros2_pkg', 'symlink_install': False, 'test_result_base': None}
[0.398s] Level 5:colcon.colcon_core.verb:set package 'usb_cam' build argument 'cmake_args' from command line to 'None'
[0.398s] Level 5:colcon.colcon_core.verb:set package 'usb_cam' build argument 'cmake_target' from command line to 'None'
[0.398s] Level 5:colcon.colcon_core.verb:set package 'usb_cam' build argument 'cmake_target_skip_unavailable' from command line to 'False'
[0.398s] Level 5:colcon.colcon_core.verb:set package 'usb_cam' build argument 'cmake_clean_cache' from command line to 'False'
[0.398s] Level 5:colcon.colcon_core.verb:set package 'usb_cam' build argument 'cmake_clean_first' from command line to 'False'
[0.398s] Level 5:colcon.colcon_core.verb:set package 'usb_cam' build argument 'cmake_force_configure' from command line to 'False'
[0.398s] Level 5:colcon.colcon_core.verb:set package 'usb_cam' build argument 'ament_cmake_args' from command line to 'None'
[0.398s] Level 5:colcon.colcon_core.verb:set package 'usb_cam' build argument 'catkin_cmake_args' from command line to 'None'
[0.398s] Level 5:colcon.colcon_core.verb:set package 'usb_cam' build argument 'catkin_skip_building_tests' from command line to 'False'
[0.398s] DEBUG:colcon.colcon_core.verb:Building package 'usb_cam' with the following arguments: {'ament_cmake_args': None, 'build_base': '/home/serhat/workspaces/ros2_cpp_ws/build/usb_cam', 'catkin_cmake_args': None, 'catkin_skip_building_tests': False, 'cmake_args': None, 'cmake_clean_cache': False, 'cmake_clean_first': False, 'cmake_force_configure': False, 'cmake_target': None, 'cmake_target_skip_unavailable': False, 'install_base': '/home/serhat/workspaces/ros2_cpp_ws/install/usb_cam', 'merge_install': False, 'path': '/home/serhat/workspaces/ros2_cpp_ws/src/usb_cam', 'symlink_install': False, 'test_result_base': None}
[0.399s] INFO:colcon.colcon_core.executor:Executing jobs using 'parallel' executor
[0.401s] DEBUG:colcon.colcon_parallel_executor.executor.parallel:run_until_complete
[0.401s] INFO:colcon.colcon_ros.task.ament_cmake.build:Building ROS package in '/home/serhat/workspaces/ros2_cpp_ws/src/udemy_ros2_pkg' with build type 'ament_cmake'
[0.401s] INFO:colcon.colcon_cmake.task.cmake.build:Building CMake package in '/home/serhat/workspaces/ros2_cpp_ws/src/udemy_ros2_pkg'
[0.405s] INFO:colcon.colcon_core.plugin_system:Skipping extension 'colcon_core.shell.bat': Not used on non-Windows systems
[0.405s] INFO:colcon.colcon_core.shell:Skip shell extension 'powershell' for command environment: Not usable outside of PowerShell
[0.405s] DEBUG:colcon.colcon_core.shell:Skip shell extension 'dsv' for command environment
[0.410s] INFO:colcon.colcon_ros.task.ament_cmake.build:Building ROS package in '/home/serhat/workspaces/ros2_cpp_ws/src/usb_cam' with build type 'ament_cmake'
[0.410s] INFO:colcon.colcon_cmake.task.cmake.build:Building CMake package in '/home/serhat/workspaces/ros2_cpp_ws/src/usb_cam'
[0.412s] INFO:colcon.colcon_core.shell:Skip shell extension 'powershell' for command environment: Not usable outside of PowerShell
[0.412s] DEBUG:colcon.colcon_core.shell:Skip shell extension 'dsv' for command environment
[0.422s] DEBUG:colcon.colcon_core.event_handler.log_command:Invoking command in '/home/serhat/workspaces/ros2_cpp_ws/build/udemy_ros2_pkg': CMAKE_PREFIX_PATH=${CMAKE_PREFIX_PATH}:/opt/ros/humble /usr/bin/cmake --build /home/serhat/workspaces/ros2_cpp_ws/build/udemy_ros2_pkg -- -j12 -l12
[0.426s] DEBUG:colcon.colcon_core.event_handler.log_command:Invoking command in '/home/serhat/workspaces/ros2_cpp_ws/build/usb_cam': CMAKE_PREFIX_PATH=${CMAKE_PREFIX_PATH}:/opt/ros/humble /usr/bin/cmake --build /home/serhat/workspaces/ros2_cpp_ws/build/usb_cam -- -j12 -l12
[0.534s] DEBUG:colcon.colcon_core.event_handler.log_command:Invoked command in '/home/serhat/workspaces/ros2_cpp_ws/build/usb_cam' returned '0': CMAKE_PREFIX_PATH=${CMAKE_PREFIX_PATH}:/opt/ros/humble /usr/bin/cmake --build /home/serhat/workspaces/ros2_cpp_ws/build/usb_cam -- -j12 -l12
[0.584s] DEBUG:colcon.colcon_core.event_handler.log_command:Invoking command in '/home/serhat/workspaces/ros2_cpp_ws/build/usb_cam': CMAKE_PREFIX_PATH=${CMAKE_PREFIX_PATH}:/opt/ros/humble /usr/bin/cmake --install /home/serhat/workspaces/ros2_cpp_ws/build/usb_cam
[0.595s] Level 1:colcon.colcon_core.environment:create_environment_scripts_only(usb_cam)
[0.602s] DEBUG:colcon.colcon_core.event_handler.log_command:Invoked command in '/home/serhat/workspaces/ros2_cpp_ws/build/usb_cam' returned '0': CMAKE_PREFIX_PATH=${CMAKE_PREFIX_PATH}:/opt/ros/humble /usr/bin/cmake --install /home/serhat/workspaces/ros2_cpp_ws/build/usb_cam
[0.604s] Level 1:colcon.colcon_core.environment:checking '/home/serhat/workspaces/ros2_cpp_ws/install/usb_cam' for CMake module files
[0.605s] Level 1:colcon.colcon_core.environment:checking '/home/serhat/workspaces/ros2_cpp_ws/install/usb_cam' for CMake config files
[0.605s] Level 1:colcon.colcon_core.shell:create_environment_hook('usb_cam', 'cmake_prefix_path')
[0.607s] INFO:colcon.colcon_core.shell:Creating environment hook '/home/serhat/workspaces/ros2_cpp_ws/install/usb_cam/share/usb_cam/hook/cmake_prefix_path.ps1'
[0.607s] INFO:colcon.colcon_core.shell:Creating environment descriptor '/home/serhat/workspaces/ros2_cpp_ws/install/usb_cam/share/usb_cam/hook/cmake_prefix_path.dsv'
[0.608s] INFO:colcon.colcon_core.shell:Creating environment hook '/home/serhat/workspaces/ros2_cpp_ws/install/usb_cam/share/usb_cam/hook/cmake_prefix_path.sh'
[0.608s] Level 1:colcon.colcon_core.environment:checking '/home/serhat/workspaces/ros2_cpp_ws/install/usb_cam/lib'
[0.609s] Level 1:colcon.colcon_core.shell:create_environment_hook('usb_cam', 'ld_library_path_lib')
[0.610s] INFO:colcon.colcon_core.shell:Creating environment hook '/home/serhat/workspaces/ros2_cpp_ws/install/usb_cam/share/usb_cam/hook/ld_library_path_lib.ps1'
[0.610s] INFO:colcon.colcon_core.shell:Creating environment descriptor '/home/serhat/workspaces/ros2_cpp_ws/install/usb_cam/share/usb_cam/hook/ld_library_path_lib.dsv'
[0.611s] INFO:colcon.colcon_core.shell:Creating environment hook '/home/serhat/workspaces/ros2_cpp_ws/install/usb_cam/share/usb_cam/hook/ld_library_path_lib.sh'
[0.611s] Level 1:colcon.colcon_core.environment:checking '/home/serhat/workspaces/ros2_cpp_ws/install/usb_cam/bin'
[0.611s] Level 1:colcon.colcon_core.environment:checking '/home/serhat/workspaces/ros2_cpp_ws/install/usb_cam/lib/pkgconfig/usb_cam.pc'
[0.611s] Level 1:colcon.colcon_core.environment:checking '/home/serhat/workspaces/ros2_cpp_ws/install/usb_cam/lib/python3.10/site-packages'
[0.612s] Level 1:colcon.colcon_core.environment:checking '/home/serhat/workspaces/ros2_cpp_ws/install/usb_cam/bin'
[0.613s] INFO:colcon.colcon_core.shell:Creating package script '/home/serhat/workspaces/ros2_cpp_ws/install/usb_cam/share/usb_cam/package.ps1'
[0.614s] INFO:colcon.colcon_core.shell:Creating package descriptor '/home/serhat/workspaces/ros2_cpp_ws/install/usb_cam/share/usb_cam/package.dsv'
[0.615s] INFO:colcon.colcon_core.shell:Creating package script '/home/serhat/workspaces/ros2_cpp_ws/install/usb_cam/share/usb_cam/package.sh'
[0.615s] INFO:colcon.colcon_core.shell:Creating package script '/home/serhat/workspaces/ros2_cpp_ws/install/usb_cam/share/usb_cam/package.bash'
[0.616s] INFO:colcon.colcon_core.shell:Creating package script '/home/serhat/workspaces/ros2_cpp_ws/install/usb_cam/share/usb_cam/package.zsh'
[0.616s] Level 1:colcon.colcon_core.environment:create_file_with_runtime_dependencies(/home/serhat/workspaces/ros2_cpp_ws/install/usb_cam/share/colcon-core/packages/usb_cam)
[0.655s] Level 1:colcon.colcon_core.environment:create_environment_scripts_only(usb_cam)
[0.657s] Level 1:colcon.colcon_core.environment:checking '/home/serhat/workspaces/ros2_cpp_ws/install/usb_cam' for CMake module files
[0.657s] Level 1:colcon.colcon_core.environment:checking '/home/serhat/workspaces/ros2_cpp_ws/install/usb_cam' for CMake config files
[0.658s] Level 1:colcon.colcon_core.shell:create_environment_hook('usb_cam', 'cmake_prefix_path')
[0.659s] INFO:colcon.colcon_core.shell:Creating environment hook '/home/serhat/workspaces/ros2_cpp_ws/install/usb_cam/share/usb_cam/hook/cmake_prefix_path.ps1'
[0.659s] INFO:colcon.colcon_core.shell:Creating environment descriptor '/home/serhat/workspaces/ros2_cpp_ws/install/usb_cam/share/usb_cam/hook/cmake_prefix_path.dsv'
[0.659s] INFO:colcon.colcon_core.shell:Creating environment hook '/home/serhat/workspaces/ros2_cpp_ws/install/usb_cam/share/usb_cam/hook/cmake_prefix_path.sh'
[0.660s] Level 1:colcon.colcon_core.environment:checking '/home/serhat/workspaces/ros2_cpp_ws/install/usb_cam/lib'
[0.660s] Level 1:colcon.colcon_core.shell:create_environment_hook('usb_cam', 'ld_library_path_lib')
[0.661s] INFO:colcon.colcon_core.shell:Creating environment hook '/home/serhat/workspaces/ros2_cpp_ws/install/usb_cam/share/usb_cam/hook/ld_library_path_lib.ps1'
[0.662s] INFO:colcon.colcon_core.shell:Creating environment descriptor '/home/serhat/workspaces/ros2_cpp_ws/install/usb_cam/share/usb_cam/hook/ld_library_path_lib.dsv'
[0.662s] INFO:colcon.colcon_core.shell:Creating environment hook '/home/serhat/workspaces/ros2_cpp_ws/install/usb_cam/share/usb_cam/hook/ld_library_path_lib.sh'
[0.662s] Level 1:colcon.colcon_core.environment:checking '/home/serhat/workspaces/ros2_cpp_ws/install/usb_cam/bin'
[0.662s] Level 1:colcon.colcon_core.environment:checking '/home/serhat/workspaces/ros2_cpp_ws/install/usb_cam/lib/pkgconfig/usb_cam.pc'
[0.663s] Level 1:colcon.colcon_core.environment:checking '/home/serhat/workspaces/ros2_cpp_ws/install/usb_cam/lib/python3.10/site-packages'
[0.663s] Level 1:colcon.colcon_core.environment:checking '/home/serhat/workspaces/ros2_cpp_ws/install/usb_cam/bin'
[0.664s] INFO:colcon.colcon_core.shell:Creating package script '/home/serhat/workspaces/ros2_cpp_ws/install/usb_cam/share/usb_cam/package.ps1'
[0.665s] INFO:colcon.colcon_core.shell:Creating package descriptor '/home/serhat/workspaces/ros2_cpp_ws/install/usb_cam/share/usb_cam/package.dsv'
[0.665s] INFO:colcon.colcon_core.shell:Creating package script '/home/serhat/workspaces/ros2_cpp_ws/install/usb_cam/share/usb_cam/package.sh'
[0.666s] INFO:colcon.colcon_core.shell:Creating package script '/home/serhat/workspaces/ros2_cpp_ws/install/usb_cam/share/usb_cam/package.bash'
[0.666s] INFO:colcon.colcon_core.shell:Creating package script '/home/serhat/workspaces/ros2_cpp_ws/install/usb_cam/share/usb_cam/package.zsh'
[0.666s] Level 1:colcon.colcon_core.environment:create_file_with_runtime_dependencies(/home/serhat/workspaces/ros2_cpp_ws/install/usb_cam/share/colcon-core/packages/usb_cam)
[0.852s] DEBUG:colcon.colcon_core.event_handler.log_command:Invoked command in '/home/serhat/workspaces/ros2_cpp_ws/build/udemy_ros2_pkg' returned '0': CMAKE_PREFIX_PATH=${CMAKE_PREFIX_PATH}:/opt/ros/humble /usr/bin/cmake --build /home/serhat/workspaces/ros2_cpp_ws/build/udemy_ros2_pkg -- -j12 -l12
[0.948s] DEBUG:colcon.colcon_core.event_handler.log_command:Invoking command in '/home/serhat/workspaces/ros2_cpp_ws/build/udemy_ros2_pkg': CMAKE_PREFIX_PATH=${CMAKE_PREFIX_PATH}:/opt/ros/humble /usr/bin/cmake --install /home/serhat/workspaces/ros2_cpp_ws/build/udemy_ros2_pkg
[1.053s] Level 1:colcon.colcon_core.environment:create_environment_scripts_only(udemy_ros2_pkg)
[1.054s] Level 1:colcon.colcon_core.environment:checking '/home/serhat/workspaces/ros2_cpp_ws/install/udemy_ros2_pkg' for CMake module files
[1.055s] DEBUG:colcon.colcon_core.event_handler.log_command:Invoked command in '/home/serhat/workspaces/ros2_cpp_ws/build/udemy_ros2_pkg' returned '0': CMAKE_PREFIX_PATH=${CMAKE_PREFIX_PATH}:/opt/ros/humble /usr/bin/cmake --install /home/serhat/workspaces/ros2_cpp_ws/build/udemy_ros2_pkg
[1.055s] Level 1:colcon.colcon_core.environment:checking '/home/serhat/workspaces/ros2_cpp_ws/install/udemy_ros2_pkg' for CMake config files
[1.057s] Level 1:colcon.colcon_core.shell:create_environment_hook('udemy_ros2_pkg', 'cmake_prefix_path')
[1.058s] INFO:colcon.colcon_core.shell:Creating environment hook '/home/serhat/workspaces/ros2_cpp_ws/install/udemy_ros2_pkg/share/udemy_ros2_pkg/hook/cmake_prefix_path.ps1'
[1.058s] INFO:colcon.colcon_core.shell:Creating environment descriptor '/home/serhat/workspaces/ros2_cpp_ws/install/udemy_ros2_pkg/share/udemy_ros2_pkg/hook/cmake_prefix_path.dsv'
[1.058s] INFO:colcon.colcon_core.shell:Creating environment hook '/home/serhat/workspaces/ros2_cpp_ws/install/udemy_ros2_pkg/share/udemy_ros2_pkg/hook/cmake_prefix_path.sh'
[1.059s] Level 1:colcon.colcon_core.environment:checking '/home/serhat/workspaces/ros2_cpp_ws/install/udemy_ros2_pkg/lib'
[1.059s] Level 1:colcon.colcon_core.shell:create_environment_hook('udemy_ros2_pkg', 'ld_library_path_lib')
[1.060s] INFO:colcon.colcon_core.shell:Creating environment hook '/home/serhat/workspaces/ros2_cpp_ws/install/udemy_ros2_pkg/share/udemy_ros2_pkg/hook/ld_library_path_lib.ps1'
[1.060s] INFO:colcon.colcon_core.shell:Creating environment descriptor '/home/serhat/workspaces/ros2_cpp_ws/install/udemy_ros2_pkg/share/udemy_ros2_pkg/hook/ld_library_path_lib.dsv'
[1.060s] INFO:colcon.colcon_core.shell:Creating environment hook '/home/serhat/workspaces/ros2_cpp_ws/install/udemy_ros2_pkg/share/udemy_ros2_pkg/hook/ld_library_path_lib.sh'
[1.061s] Level 1:colcon.colcon_core.environment:checking '/home/serhat/workspaces/ros2_cpp_ws/install/udemy_ros2_pkg/bin'
[1.061s] Level 1:colcon.colcon_core.environment:checking '/home/serhat/workspaces/ros2_cpp_ws/install/udemy_ros2_pkg/lib/pkgconfig/udemy_ros2_pkg.pc'
[1.061s] Level 1:colcon.colcon_core.environment:checking '/home/serhat/workspaces/ros2_cpp_ws/install/udemy_ros2_pkg/lib/python3.10/site-packages'
[1.061s] Level 1:colcon.colcon_core.environment:checking '/home/serhat/workspaces/ros2_cpp_ws/install/udemy_ros2_pkg/bin'
[1.062s] INFO:colcon.colcon_core.shell:Creating package script '/home/serhat/workspaces/ros2_cpp_ws/install/udemy_ros2_pkg/share/udemy_ros2_pkg/package.ps1'
[1.062s] INFO:colcon.colcon_core.shell:Creating package descriptor '/home/serhat/workspaces/ros2_cpp_ws/install/udemy_ros2_pkg/share/udemy_ros2_pkg/package.dsv'
[1.063s] INFO:colcon.colcon_core.shell:Creating package script '/home/serhat/workspaces/ros2_cpp_ws/install/udemy_ros2_pkg/share/udemy_ros2_pkg/package.sh'
[1.063s] INFO:colcon.colcon_core.shell:Creating package script '/home/serhat/workspaces/ros2_cpp_ws/install/udemy_ros2_pkg/share/udemy_ros2_pkg/package.bash'
[1.063s] INFO:colcon.colcon_core.shell:Creating package script '/home/serhat/workspaces/ros2_cpp_ws/install/udemy_ros2_pkg/share/udemy_ros2_pkg/package.zsh'
[1.063s] Level 1:colcon.colcon_core.environment:create_file_with_runtime_dependencies(/home/serhat/workspaces/ros2_cpp_ws/install/udemy_ros2_pkg/share/colcon-core/packages/udemy_ros2_pkg)
[1.160s] Level 1:colcon.colcon_core.environment:create_environment_scripts_only(udemy_ros2_pkg)
[1.162s] Level 1:colcon.colcon_core.environment:checking '/home/serhat/workspaces/ros2_cpp_ws/install/udemy_ros2_pkg' for CMake module files
[1.162s] Level 1:colcon.colcon_core.environment:checking '/home/serhat/workspaces/ros2_cpp_ws/install/udemy_ros2_pkg' for CMake config files
[1.164s] Level 1:colcon.colcon_core.shell:create_environment_hook('udemy_ros2_pkg', 'cmake_prefix_path')
[1.165s] INFO:colcon.colcon_core.shell:Creating environment hook '/home/serhat/workspaces/ros2_cpp_ws/install/udemy_ros2_pkg/share/udemy_ros2_pkg/hook/cmake_prefix_path.ps1'
[1.165s] INFO:colcon.colcon_core.shell:Creating environment descriptor '/home/serhat/workspaces/ros2_cpp_ws/install/udemy_ros2_pkg/share/udemy_ros2_pkg/hook/cmake_prefix_path.dsv'
[1.165s] INFO:colcon.colcon_core.shell:Creating environment hook '/home/serhat/workspaces/ros2_cpp_ws/install/udemy_ros2_pkg/share/udemy_ros2_pkg/hook/cmake_prefix_path.sh'
[1.166s] Level 1:colcon.colcon_core.environment:checking '/home/serhat/workspaces/ros2_cpp_ws/install/udemy_ros2_pkg/lib'
[1.166s] Level 1:colcon.colcon_core.shell:create_environment_hook('udemy_ros2_pkg', 'ld_library_path_lib')
[1.167s] INFO:colcon.colcon_core.shell:Creating environment hook '/home/serhat/workspaces/ros2_cpp_ws/install/udemy_ros2_pkg/share/udemy_ros2_pkg/hook/ld_library_path_lib.ps1'
[1.167s] INFO:colcon.colcon_core.shell:Creating environment descriptor '/home/serhat/workspaces/ros2_cpp_ws/install/udemy_ros2_pkg/share/udemy_ros2_pkg/hook/ld_library_path_lib.dsv'
[1.167s] INFO:colcon.colcon_core.shell:Creating environment hook '/home/serhat/workspaces/ros2_cpp_ws/install/udemy_ros2_pkg/share/udemy_ros2_pkg/hook/ld_library_path_lib.sh'
[1.168s] Level 1:colcon.colcon_core.environment:checking '/home/serhat/workspaces/ros2_cpp_ws/install/udemy_ros2_pkg/bin'
[1.168s] Level 1:colcon.colcon_core.environment:checking '/home/serhat/workspaces/ros2_cpp_ws/install/udemy_ros2_pkg/lib/pkgconfig/udemy_ros2_pkg.pc'
[1.168s] Level 1:colcon.colcon_core.environment:checking '/home/serhat/workspaces/ros2_cpp_ws/install/udemy_ros2_pkg/lib/python3.10/site-packages'
[1.168s] Level 1:colcon.colcon_core.environment:checking '/home/serhat/workspaces/ros2_cpp_ws/install/udemy_ros2_pkg/bin'
[1.169s] INFO:colcon.colcon_core.shell:Creating package script '/home/serhat/workspaces/ros2_cpp_ws/install/udemy_ros2_pkg/share/udemy_ros2_pkg/package.ps1'
[1.169s] INFO:colcon.colcon_core.shell:Creating package descriptor '/home/serhat/workspaces/ros2_cpp_ws/install/udemy_ros2_pkg/share/udemy_ros2_pkg/package.dsv'
[1.170s] INFO:colcon.colcon_core.shell:Creating package script '/home/serhat/workspaces/ros2_cpp_ws/install/udemy_ros2_pkg/share/udemy_ros2_pkg/package.sh'
[1.170s] INFO:colcon.colcon_core.shell:Creating package script '/home/serhat/workspaces/ros2_cpp_ws/install/udemy_ros2_pkg/share/udemy_ros2_pkg/package.bash'
[1.171s] INFO:colcon.colcon_core.shell:Creating package script '/home/serhat/workspaces/ros2_cpp_ws/install/udemy_ros2_pkg/share/udemy_ros2_pkg/package.zsh'
[1.171s] Level 1:colcon.colcon_core.environment:create_file_with_runtime_dependencies(/home/serhat/workspaces/ros2_cpp_ws/install/udemy_ros2_pkg/share/colcon-core/packages/udemy_ros2_pkg)
[1.171s] DEBUG:colcon.colcon_parallel_executor.executor.parallel:closing loop
[1.171s] DEBUG:colcon.colcon_parallel_executor.executor.parallel:loop closed
[1.172s] DEBUG:colcon.colcon_parallel_executor.executor.parallel:run_until_complete finished with '0'
[1.172s] DEBUG:colcon.colcon_core.event_reactor:joining thread
[1.176s] INFO:colcon.colcon_core.plugin_system:Skipping extension 'colcon_notification.desktop_notification.terminal_notifier': Not used on non-Darwin systems
[1.177s] INFO:colcon.colcon_core.plugin_system:Skipping extension 'colcon_notification.desktop_notification.win32': Not used on non-Windows systems
[1.177s] INFO:colcon.colcon_notification.desktop_notification:Sending desktop notification using 'notify2'
[1.189s] DEBUG:colcon.colcon_core.event_reactor:joined thread
[1.191s] INFO:colcon.colcon_core.shell:Creating prefix script '/home/serhat/workspaces/ros2_cpp_ws/install/local_setup.ps1'
[1.192s] INFO:colcon.colcon_core.shell:Creating prefix util module '/home/serhat/workspaces/ros2_cpp_ws/install/_local_setup_util_ps1.py'
[1.193s] INFO:colcon.colcon_core.shell:Creating prefix chain script '/home/serhat/workspaces/ros2_cpp_ws/install/setup.ps1'
[1.194s] INFO:colcon.colcon_core.shell:Creating prefix script '/home/serhat/workspaces/ros2_cpp_ws/install/local_setup.sh'
[1.194s] INFO:colcon.colcon_core.shell:Creating prefix util module '/home/serhat/workspaces/ros2_cpp_ws/install/_local_setup_util_sh.py'
[1.195s] INFO:colcon.colcon_core.shell:Creating prefix chain script '/home/serhat/workspaces/ros2_cpp_ws/install/setup.sh'
[1.196s] INFO:colcon.colcon_core.shell:Creating prefix script '/home/serhat/workspaces/ros2_cpp_ws/install/local_setup.bash'
[1.196s] INFO:colcon.colcon_core.shell:Creating prefix chain script '/home/serhat/workspaces/ros2_cpp_ws/install/setup.bash'
[1.197s] INFO:colcon.colcon_core.shell:Creating prefix script '/home/serhat/workspaces/ros2_cpp_ws/install/local_setup.zsh'
[1.198s] INFO:colcon.colcon_core.shell:Creating prefix chain script '/home/serhat/workspaces/ros2_cpp_ws/install/setup.zsh'
