[0.194s] Invoking command in '/home/serhat/workspace/build/ros2_socketcan_msgs': CMAKE_PREFIX_PATH=/opt/ros/humble /usr/bin/cmake --build /home/serhat/workspace/build/ros2_socketcan_msgs -- -j12 -l12
[1.229s] [  3%] Built target ros2_socketcan_msgs__cpp
[1.232s] [  3%] Built target ament_cmake_python_symlink_ros2_socketcan_msgs
[1.253s] [ 12%] Built target ros2_socketcan_msgs__rosidl_generator_c
[1.345s] [ 22%] Built target ros2_socketcan_msgs__rosidl_typesupport_c
[1.427s] [ 32%] Built target ros2_socketcan_msgs__rosidl_typesupport_introspection_c
[1.456s] [ 41%] Built target ros2_socketcan_msgs__rosidl_typesupport_cpp
[1.465s] [ 51%] Built target ros2_socketcan_msgs__rosidl_typesupport_introspection_cpp
[1.520s] [ 70%] Built target ros2_socketcan_msgs__rosidl_typesupport_fastrtps_c
[1.521s] [ 70%] Built target ros2_socketcan_msgs__rosidl_typesupport_fastrtps_cpp
[1.554s] [ 70%] Built target ros2_socketcan_msgs
[1.978s] running egg_info
[1.980s] writing ros2_socketcan_msgs.egg-info/PKG-INFO
[1.981s] writing dependency_links to ros2_socketcan_msgs.egg-info/dependency_links.txt
[1.982s] writing top-level names to ros2_socketcan_msgs.egg-info/top_level.txt
[2.007s] [ 74%] Built target ros2_socketcan_msgs__py
[2.295s] reading manifest file 'ros2_socketcan_msgs.egg-info/SOURCES.txt'
[2.400s] writing manifest file 'ros2_socketcan_msgs.egg-info/SOURCES.txt'
[2.538s] [ 74%] Built target ament_cmake_python_build_ros2_socketcan_msgs_egg
[2.975s] [ 80%] Built target ros2_socketcan_msgs__rosidl_generator_py
[3.144s] [ 87%] Built target ros2_socketcan_msgs__rosidl_typesupport_c__pyext
[3.155s] [ 93%] Built target ros2_socketcan_msgs__rosidl_typesupport_introspection_c__pyext
[3.191s] [100%] Built target ros2_socketcan_msgs__rosidl_typesupport_fastrtps_c__pyext
[3.201s] Invoked command in '/home/serhat/workspace/build/ros2_socketcan_msgs' returned '0': CMAKE_PREFIX_PATH=/opt/ros/humble /usr/bin/cmake --build /home/serhat/workspace/build/ros2_socketcan_msgs -- -j12 -l12
[3.256s] Invoking command in '/home/serhat/workspace/build/ros2_socketcan_msgs': CMAKE_PREFIX_PATH=/opt/ros/humble /usr/bin/cmake --install /home/serhat/workspace/build/ros2_socketcan_msgs
[3.320s] -- Install configuration: ""
[3.450s] -- Execute custom install script
[3.476s] -- Up-to-date symlink: /home/serhat/workspace/install/ros2_socketcan_msgs/share/ament_index/resource_index/rosidl_interfaces/ros2_socketcan_msgs
[3.485s] -- Up-to-date symlink: /home/serhat/workspace/install/ros2_socketcan_msgs/include/ros2_socketcan_msgs/ros2_socketcan_msgs/msg/detail/fd_frame__functions.h
[3.489s] -- Up-to-date symlink: /home/serhat/workspace/install/ros2_socketcan_msgs/include/ros2_socketcan_msgs/ros2_socketcan_msgs/msg/detail/fd_frame__struct.h
[3.489s] -- Up-to-date symlink: /home/serhat/workspace/install/ros2_socketcan_msgs/include/ros2_socketcan_msgs/ros2_socketcan_msgs/msg/detail/fd_frame__type_support.h
[3.495s] -- Up-to-date symlink: /home/serhat/workspace/install/ros2_socketcan_msgs/include/ros2_socketcan_msgs/ros2_socketcan_msgs/msg/fd_frame.h
[3.496s] -- Up-to-date symlink: /home/serhat/workspace/install/ros2_socketcan_msgs/include/ros2_socketcan_msgs/ros2_socketcan_msgs/msg/rosidl_generator_c__visibility_control.h
[3.516s] -- Up-to-date symlink: /home/serhat/workspace/install/ros2_socketcan_msgs/share/ros2_socketcan_msgs/environment/library_path.sh
[3.522s] -- Up-to-date symlink: /home/serhat/workspace/install/ros2_socketcan_msgs/share/ros2_socketcan_msgs/environment/library_path.dsv
[3.523s] -- Up-to-date symlink: /home/serhat/workspace/install/ros2_socketcan_msgs/include/ros2_socketcan_msgs/ros2_socketcan_msgs/msg/detail/fd_frame__rosidl_typesupport_fastrtps_c.h
[3.525s] -- Up-to-date symlink: /home/serhat/workspace/install/ros2_socketcan_msgs/include/ros2_socketcan_msgs/ros2_socketcan_msgs/msg/rosidl_typesupport_fastrtps_c__visibility_control.h
[3.532s] -- Up-to-date symlink: /home/serhat/workspace/install/ros2_socketcan_msgs/include/ros2_socketcan_msgs/ros2_socketcan_msgs/msg/detail/fd_frame__rosidl_typesupport_introspection_c.h
[3.533s] -- Up-to-date symlink: /home/serhat/workspace/install/ros2_socketcan_msgs/include/ros2_socketcan_msgs/ros2_socketcan_msgs/msg/rosidl_typesupport_introspection_c__visibility_control.h
[3.534s] -- Up-to-date symlink: /home/serhat/workspace/install/ros2_socketcan_msgs/include/ros2_socketcan_msgs/ros2_socketcan_msgs/msg/detail/fd_frame__builder.hpp
[3.534s] -- Up-to-date symlink: /home/serhat/workspace/install/ros2_socketcan_msgs/include/ros2_socketcan_msgs/ros2_socketcan_msgs/msg/detail/fd_frame__struct.hpp
[3.534s] -- Up-to-date symlink: /home/serhat/workspace/install/ros2_socketcan_msgs/include/ros2_socketcan_msgs/ros2_socketcan_msgs/msg/detail/fd_frame__traits.hpp
[3.542s] -- Up-to-date symlink: /home/serhat/workspace/install/ros2_socketcan_msgs/include/ros2_socketcan_msgs/ros2_socketcan_msgs/msg/fd_frame.hpp
[3.543s] -- Up-to-date symlink: /home/serhat/workspace/install/ros2_socketcan_msgs/include/ros2_socketcan_msgs/ros2_socketcan_msgs/msg/detail/fd_frame__rosidl_typesupport_fastrtps_cpp.hpp
[3.546s] -- Up-to-date symlink: /home/serhat/workspace/install/ros2_socketcan_msgs/include/ros2_socketcan_msgs/ros2_socketcan_msgs/msg/rosidl_typesupport_fastrtps_cpp__visibility_control.h
[3.550s] -- Up-to-date symlink: /home/serhat/workspace/install/ros2_socketcan_msgs/include/ros2_socketcan_msgs/ros2_socketcan_msgs/msg/detail/fd_frame__rosidl_typesupport_introspection_cpp.hpp
[3.561s] -- Up-to-date symlink: /home/serhat/workspace/install/ros2_socketcan_msgs/share/ros2_socketcan_msgs/environment/pythonpath.sh
[3.561s] -- Up-to-date symlink: /home/serhat/workspace/install/ros2_socketcan_msgs/share/ros2_socketcan_msgs/environment/pythonpath.dsv
[3.578s] -- Up-to-date symlink: /home/serhat/workspace/install/ros2_socketcan_msgs/local/lib/python3.10/dist-packages/ros2_socketcan_msgs-1.2.0-py3.10.egg-info/PKG-INFO
[3.596s] -- Up-to-date symlink: /home/serhat/workspace/install/ros2_socketcan_msgs/local/lib/python3.10/dist-packages/ros2_socketcan_msgs-1.2.0-py3.10.egg-info/SOURCES.txt
[3.597s] -- Up-to-date symlink: /home/serhat/workspace/install/ros2_socketcan_msgs/local/lib/python3.10/dist-packages/ros2_socketcan_msgs-1.2.0-py3.10.egg-info/dependency_links.txt
[3.598s] -- Up-to-date symlink: /home/serhat/workspace/install/ros2_socketcan_msgs/local/lib/python3.10/dist-packages/ros2_socketcan_msgs-1.2.0-py3.10.egg-info/top_level.txt
[3.625s] -- Up-to-date symlink: /home/serhat/workspace/install/ros2_socketcan_msgs/local/lib/python3.10/dist-packages/ros2_socketcan_msgs/__init__.py
[3.626s] -- Up-to-date symlink: /home/serhat/workspace/install/ros2_socketcan_msgs/local/lib/python3.10/dist-packages/ros2_socketcan_msgs/_ros2_socketcan_msgs_s.ep.rosidl_typesupport_c.c
[3.626s] -- Up-to-date symlink: /home/serhat/workspace/install/ros2_socketcan_msgs/local/lib/python3.10/dist-packages/ros2_socketcan_msgs/_ros2_socketcan_msgs_s.ep.rosidl_typesupport_fastrtps_c.c
[3.627s] -- Up-to-date symlink: /home/serhat/workspace/install/ros2_socketcan_msgs/local/lib/python3.10/dist-packages/ros2_socketcan_msgs/_ros2_socketcan_msgs_s.ep.rosidl_typesupport_introspection_c.c
[3.627s] -- Up-to-date symlink: /home/serhat/workspace/install/ros2_socketcan_msgs/local/lib/python3.10/dist-packages/ros2_socketcan_msgs/libros2_socketcan_msgs__rosidl_generator_py.so
[3.627s] -- Up-to-date symlink: /home/serhat/workspace/install/ros2_socketcan_msgs/local/lib/python3.10/dist-packages/ros2_socketcan_msgs/msg/__init__.py
[3.627s] -- Up-to-date symlink: /home/serhat/workspace/install/ros2_socketcan_msgs/local/lib/python3.10/dist-packages/ros2_socketcan_msgs/msg/_fd_frame.py
[3.634s] -- Up-to-date symlink: /home/serhat/workspace/install/ros2_socketcan_msgs/local/lib/python3.10/dist-packages/ros2_socketcan_msgs/msg/_fd_frame_s.c
[3.635s] -- Up-to-date symlink: /home/serhat/workspace/install/ros2_socketcan_msgs/local/lib/python3.10/dist-packages/ros2_socketcan_msgs/ros2_socketcan_msgs_s__rosidl_typesupport_c.cpython-310-x86_64-linux-gnu.so
[3.636s] -- Up-to-date symlink: /home/serhat/workspace/install/ros2_socketcan_msgs/local/lib/python3.10/dist-packages/ros2_socketcan_msgs/ros2_socketcan_msgs_s__rosidl_typesupport_fastrtps_c.cpython-310-x86_64-linux-gnu.so
[3.636s] -- Up-to-date symlink: /home/serhat/workspace/install/ros2_socketcan_msgs/local/lib/python3.10/dist-packages/ros2_socketcan_msgs/ros2_socketcan_msgs_s__rosidl_typesupport_introspection_c.cpython-310-x86_64-linux-gnu.so
[3.665s] -- Up-to-date symlink: /home/serhat/workspace/install/ros2_socketcan_msgs/local/lib/python3.10/dist-packages/ros2_socketcan_msgs/ros2_socketcan_msgs_s__rosidl_typesupport_fastrtps_c.cpython-310-x86_64-linux-gnu.so
[3.666s] -- Up-to-date symlink: /home/serhat/workspace/install/ros2_socketcan_msgs/local/lib/python3.10/dist-packages/ros2_socketcan_msgs/ros2_socketcan_msgs_s__rosidl_typesupport_introspection_c.cpython-310-x86_64-linux-gnu.so
[3.678s] -- Up-to-date symlink: /home/serhat/workspace/install/ros2_socketcan_msgs/local/lib/python3.10/dist-packages/ros2_socketcan_msgs/ros2_socketcan_msgs_s__rosidl_typesupport_c.cpython-310-x86_64-linux-gnu.so
[3.717s] -- Up-to-date symlink: /home/serhat/workspace/install/ros2_socketcan_msgs/share/ros2_socketcan_msgs/msg/FdFrame.idl
[3.718s] -- Up-to-date symlink: /home/serhat/workspace/install/ros2_socketcan_msgs/share/ros2_socketcan_msgs/msg/FdFrame.msg
[3.731s] -- Up-to-date symlink: /home/serhat/workspace/install/ros2_socketcan_msgs/share/ament_index/resource_index/package_run_dependencies/ros2_socketcan_msgs
[3.739s] -- Up-to-date symlink: /home/serhat/workspace/install/ros2_socketcan_msgs/share/ament_index/resource_index/parent_prefix_path/ros2_socketcan_msgs
[3.739s] -- Up-to-date symlink: /home/serhat/workspace/install/ros2_socketcan_msgs/share/ros2_socketcan_msgs/environment/ament_prefix_path.sh
[3.758s] -- Up-to-date symlink: /home/serhat/workspace/install/ros2_socketcan_msgs/share/ros2_socketcan_msgs/environment/ament_prefix_path.dsv
[3.759s] -- Up-to-date symlink: /home/serhat/workspace/install/ros2_socketcan_msgs/share/ros2_socketcan_msgs/environment/path.sh
[3.759s] -- Up-to-date symlink: /home/serhat/workspace/install/ros2_socketcan_msgs/share/ros2_socketcan_msgs/environment/path.dsv
[3.760s] -- Up-to-date symlink: /home/serhat/workspace/install/ros2_socketcan_msgs/share/ros2_socketcan_msgs/local_setup.bash
[3.760s] -- Up-to-date symlink: /home/serhat/workspace/install/ros2_socketcan_msgs/share/ros2_socketcan_msgs/local_setup.sh
[3.770s] -- Up-to-date symlink: /home/serhat/workspace/install/ros2_socketcan_msgs/share/ros2_socketcan_msgs/local_setup.zsh
[3.771s] -- Up-to-date symlink: /home/serhat/workspace/install/ros2_socketcan_msgs/share/ros2_socketcan_msgs/local_setup.dsv
[3.772s] -- Symlinking: /home/serhat/workspace/install/ros2_socketcan_msgs/share/ros2_socketcan_msgs/package.dsv
[3.784s] -- Up-to-date symlink: /home/serhat/workspace/install/ros2_socketcan_msgs/share/ament_index/resource_index/packages/ros2_socketcan_msgs
[3.788s] -- Up-to-date symlink: /home/serhat/workspace/install/ros2_socketcan_msgs/share/ros2_socketcan_msgs/cmake/rosidl_cmake-extras.cmake
[3.893s] -- Up-to-date symlink: /home/serhat/workspace/install/ros2_socketcan_msgs/share/ros2_socketcan_msgs/cmake/ament_cmake_export_dependencies-extras.cmake
[3.894s] -- Up-to-date symlink: /home/serhat/workspace/install/ros2_socketcan_msgs/share/ros2_socketcan_msgs/cmake/ament_cmake_export_include_directories-extras.cmake
[3.895s] -- Up-to-date symlink: /home/serhat/workspace/install/ros2_socketcan_msgs/share/ros2_socketcan_msgs/cmake/ament_cmake_export_libraries-extras.cmake
[3.907s] -- Up-to-date symlink: /home/serhat/workspace/install/ros2_socketcan_msgs/share/ros2_socketcan_msgs/cmake/ament_cmake_export_targets-extras.cmake
[3.910s] -- Up-to-date symlink: /home/serhat/workspace/install/ros2_socketcan_msgs/share/ros2_socketcan_msgs/cmake/rosidl_cmake_export_typesupport_targets-extras.cmake
[3.920s] -- Up-to-date symlink: /home/serhat/workspace/install/ros2_socketcan_msgs/share/ros2_socketcan_msgs/cmake/rosidl_cmake_export_typesupport_libraries-extras.cmake
[3.921s] -- Up-to-date symlink: /home/serhat/workspace/install/ros2_socketcan_msgs/share/ros2_socketcan_msgs/cmake/ros2_socketcan_msgsConfig.cmake
[3.922s] -- Up-to-date symlink: /home/serhat/workspace/install/ros2_socketcan_msgs/share/ros2_socketcan_msgs/cmake/ros2_socketcan_msgsConfig-version.cmake
[3.931s] -- Up-to-date symlink: /home/serhat/workspace/install/ros2_socketcan_msgs/share/ros2_socketcan_msgs/package.xml
[3.942s] -- Up-to-date: /home/serhat/workspace/install/ros2_socketcan_msgs/lib/libros2_socketcan_msgs__rosidl_generator_c.so
[3.952s] -- Up-to-date: /home/serhat/workspace/install/ros2_socketcan_msgs/lib/libros2_socketcan_msgs__rosidl_typesupport_fastrtps_c.so
[3.967s] -- Up-to-date: /home/serhat/workspace/install/ros2_socketcan_msgs/lib/libros2_socketcan_msgs__rosidl_typesupport_introspection_c.so
[3.972s] -- Up-to-date: /home/serhat/workspace/install/ros2_socketcan_msgs/lib/libros2_socketcan_msgs__rosidl_typesupport_c.so
[4.036s] -- Up-to-date: /home/serhat/workspace/install/ros2_socketcan_msgs/lib/libros2_socketcan_msgs__rosidl_typesupport_fastrtps_cpp.so
[4.046s] -- Up-to-date: /home/serhat/workspace/install/ros2_socketcan_msgs/lib/libros2_socketcan_msgs__rosidl_typesupport_introspection_cpp.so
[4.050s] -- Up-to-date: /home/serhat/workspace/install/ros2_socketcan_msgs/lib/libros2_socketcan_msgs__rosidl_typesupport_cpp.so
[4.418s] Listing '/home/serhat/workspace/install/ros2_socketcan_msgs/local/lib/python3.10/dist-packages/ros2_socketcan_msgs'...
[4.418s] Listing '/home/serhat/workspace/install/ros2_socketcan_msgs/local/lib/python3.10/dist-packages/ros2_socketcan_msgs/msg'...
[4.586s] -- Up-to-date: /home/serhat/workspace/install/ros2_socketcan_msgs/lib/libros2_socketcan_msgs__rosidl_generator_py.so
[4.644s] -- Up-to-date: /home/serhat/workspace/install/ros2_socketcan_msgs/share/ros2_socketcan_msgs/cmake/export_ros2_socketcan_msgs__rosidl_generator_cExport.cmake
[4.644s] -- Up-to-date: /home/serhat/workspace/install/ros2_socketcan_msgs/share/ros2_socketcan_msgs/cmake/export_ros2_socketcan_msgs__rosidl_generator_cExport-noconfig.cmake
[4.645s] -- Up-to-date: /home/serhat/workspace/install/ros2_socketcan_msgs/share/ros2_socketcan_msgs/cmake/export_ros2_socketcan_msgs__rosidl_typesupport_fastrtps_cExport.cmake
[4.645s] -- Up-to-date: /home/serhat/workspace/install/ros2_socketcan_msgs/share/ros2_socketcan_msgs/cmake/export_ros2_socketcan_msgs__rosidl_typesupport_fastrtps_cExport-noconfig.cmake
[4.664s] -- Up-to-date: /home/serhat/workspace/install/ros2_socketcan_msgs/share/ros2_socketcan_msgs/cmake/ros2_socketcan_msgs__rosidl_typesupport_introspection_cExport.cmake
[4.664s] -- Up-to-date: /home/serhat/workspace/install/ros2_socketcan_msgs/share/ros2_socketcan_msgs/cmake/ros2_socketcan_msgs__rosidl_typesupport_introspection_cExport-noconfig.cmake
[4.675s] -- Up-to-date: /home/serhat/workspace/install/ros2_socketcan_msgs/share/ros2_socketcan_msgs/cmake/ros2_socketcan_msgs__rosidl_typesupport_cExport.cmake
[4.675s] -- Up-to-date: /home/serhat/workspace/install/ros2_socketcan_msgs/share/ros2_socketcan_msgs/cmake/ros2_socketcan_msgs__rosidl_typesupport_cExport-noconfig.cmake
[4.676s] -- Up-to-date: /home/serhat/workspace/install/ros2_socketcan_msgs/share/ros2_socketcan_msgs/cmake/export_ros2_socketcan_msgs__rosidl_generator_cppExport.cmake
[4.677s] -- Up-to-date: /home/serhat/workspace/install/ros2_socketcan_msgs/share/ros2_socketcan_msgs/cmake/export_ros2_socketcan_msgs__rosidl_typesupport_fastrtps_cppExport.cmake
[4.677s] -- Up-to-date: /home/serhat/workspace/install/ros2_socketcan_msgs/share/ros2_socketcan_msgs/cmake/export_ros2_socketcan_msgs__rosidl_typesupport_fastrtps_cppExport-noconfig.cmake
[4.692s] -- Up-to-date: /home/serhat/workspace/install/ros2_socketcan_msgs/share/ros2_socketcan_msgs/cmake/ros2_socketcan_msgs__rosidl_typesupport_introspection_cppExport.cmake
[4.692s] -- Up-to-date: /home/serhat/workspace/install/ros2_socketcan_msgs/share/ros2_socketcan_msgs/cmake/ros2_socketcan_msgs__rosidl_typesupport_introspection_cppExport-noconfig.cmake
[4.693s] -- Up-to-date: /home/serhat/workspace/install/ros2_socketcan_msgs/share/ros2_socketcan_msgs/cmake/ros2_socketcan_msgs__rosidl_typesupport_cppExport.cmake
[4.693s] -- Up-to-date: /home/serhat/workspace/install/ros2_socketcan_msgs/share/ros2_socketcan_msgs/cmake/ros2_socketcan_msgs__rosidl_typesupport_cppExport-noconfig.cmake
[4.703s] -- Up-to-date: /home/serhat/workspace/install/ros2_socketcan_msgs/share/ros2_socketcan_msgs/cmake/export_ros2_socketcan_msgs__rosidl_generator_pyExport.cmake
[4.703s] -- Up-to-date: /home/serhat/workspace/install/ros2_socketcan_msgs/share/ros2_socketcan_msgs/cmake/export_ros2_socketcan_msgs__rosidl_generator_pyExport-noconfig.cmake
[4.775s] Invoked command in '/home/serhat/workspace/build/ros2_socketcan_msgs' returned '0': CMAKE_PREFIX_PATH=/opt/ros/humble /usr/bin/cmake --install /home/serhat/workspace/build/ros2_socketcan_msgs
