[0.020s] Invoking command in '/home/serhat/workspaces/ros2_cpp_ws/build/udemy_ros2_pkg': CMAKE_PREFIX_PATH=${CMAKE_PREFIX_PATH}:/opt/ros/humble /usr/bin/cmake --build /home/serhat/workspaces/ros2_cpp_ws/build/udemy_ros2_pkg -- -j12 -l12
[0.094s] [  1%] Built target udemy_ros2_pkg__cpp
[0.094s] [  8%] Built target udemy_ros2_pkg__rosidl_generator_c
[0.096s] [  8%] Built target ament_cmake_python_symlink_udemy_ros2_pkg
[0.096s] [ 11%] Built target publisher
[0.097s] [ 14%] Built target subscriber
[0.099s] [ 19%] Built target speed_calc
[0.100s] [ 20%] Built target rpm_pub
[0.126s] [ 28%] Built target udemy_ros2_pkg__rosidl_typesupport_cpp
[0.134s] [ 35%] Built target udemy_ros2_pkg__rosidl_typesupport_fastrtps_cpp
[0.135s] [ 43%] Built target udemy_ros2_pkg__rosidl_typesupport_introspection_cpp
[0.135s] [ 58%] Built target udemy_ros2_pkg__rosidl_typesupport_c
[0.136s] [ 58%] Built target udemy_ros2_pkg__rosidl_typesupport_fastrtps_c
[0.137s] [ 65%] Built target udemy_ros2_pkg__rosidl_typesupport_introspection_c
[0.156s] [35m[1mConsolidate compiler generated dependencies of target action_client[0m
[0.157s] [35m[1mConsolidate compiler generated dependencies of target action_server[0m
[0.164s] [ 71%] [32m[1mLinking CXX executable turn_camera_client[0m
[0.165s] [ 71%] Built target service_server
[0.165s] [ 71%] [32m[1mLinking CXX executable turn_camera_service[0m
[0.170s] [ 71%] Built target udemy_ros2_pkg
[0.171s] [ 74%] Built target service_client
[0.188s] [ 76%] [32mBuilding CXX object CMakeFiles/action_client.dir/src/action_client.cpp.o[0m
[0.192s] [ 77%] [32mBuilding CXX object CMakeFiles/action_server.dir/src/action_server.cpp.o[0m
[0.201s] [ 79%] Built target udemy_ros2_pkg__py
[0.238s] [ 85%] Built target udemy_ros2_pkg__rosidl_generator_py
[0.273s] [ 88%] Built target udemy_ros2_pkg__rosidl_typesupport_c__pyext
[0.273s] [ 91%] Built target udemy_ros2_pkg__rosidl_typesupport_introspection_c__pyext
[0.274s] [ 94%] Built target udemy_ros2_pkg__rosidl_typesupport_fastrtps_c__pyext
[0.515s] /usr/bin/ld: /usr/lib/gcc/x86_64-linux-gnu/11/../../../x86_64-linux-gnu/Scrt1.o: in function `_start':
[0.515s] (.text+0x1b): undefined reference to `main'
[0.518s] collect2: error: ld returned 1 exit status
[0.520s] gmake[2]: *** [CMakeFiles/turn_camera_client.dir/build.make:233: turn_camera_client] Error 1
[0.520s] gmake[1]: *** [CMakeFiles/Makefile2:796: CMakeFiles/turn_camera_client.dir/all] Error 2
[0.520s] gmake[1]: *** Waiting for unfinished jobs....
[0.582s] running egg_info
[0.583s] writing udemy_ros2_pkg.egg-info/PKG-INFO
[0.583s] writing dependency_links to udemy_ros2_pkg.egg-info/dependency_links.txt
[0.583s] writing top-level names to udemy_ros2_pkg.egg-info/top_level.txt
[0.589s] reading manifest file 'udemy_ros2_pkg.egg-info/SOURCES.txt'
[0.590s] writing manifest file 'udemy_ros2_pkg.egg-info/SOURCES.txt'
[0.598s] /usr/bin/ld: /usr/lib/gcc/x86_64-linux-gnu/11/../../../x86_64-linux-gnu/Scrt1.o: in function `_start':
[0.598s] (.text+0x1b): undefined reference to `main'
[0.601s] collect2: error: ld returned 1 exit status
[0.603s] gmake[2]: *** [CMakeFiles/turn_camera_service.dir/build.make:233: turn_camera_service] Error 1
[0.603s] gmake[1]: *** [CMakeFiles/Makefile2:769: CMakeFiles/turn_camera_service.dir/all] Error 2
[0.619s] [ 94%] Built target ament_cmake_python_build_udemy_ros2_pkg_egg
[4.018s] [ 95%] [32m[1mLinking CXX executable action_client[0m
[4.171s] [ 95%] Built target action_client
[7.840s] [ 97%] [32m[1mLinking CXX executable action_server[0m
[8.241s] [ 97%] Built target action_server
[8.242s] gmake: *** [Makefile:146: all] Error 2
[8.245s] Invoked command in '/home/serhat/workspaces/ros2_cpp_ws/build/udemy_ros2_pkg' returned '2': CMAKE_PREFIX_PATH=${CMAKE_PREFIX_PATH}:/opt/ros/humble /usr/bin/cmake --build /home/serhat/workspaces/ros2_cpp_ws/build/udemy_ros2_pkg -- -j12 -l12
