-- Found ament_cmake: 1.3.3 (/opt/ros/humble/share/ament_cmake/cmake)
-- Found Python3: /usr/bin/python3.10 (found version "3.10.6") found components: Interpreter 
-- Configuring done
-- Generating done
-- Build files have been written to: /home/serhat/workspace/build/canopen
-- Install configuration: ""
-- Installing: /home/serhat/workspace/install/canopen/share/ament_index/resource_index/package_run_dependencies/canopen
-- Installing: /home/serhat/workspace/install/canopen/share/ament_index/resource_index/parent_prefix_path/canopen
-- Installing: /home/serhat/workspace/install/canopen/share/canopen/environment/ament_prefix_path.sh
-- Installing: /home/serhat/workspace/install/canopen/share/canopen/environment/ament_prefix_path.dsv
-- Installing: /home/serhat/workspace/install/canopen/share/canopen/environment/path.sh
-- Installing: /home/serhat/workspace/install/canopen/share/canopen/environment/path.dsv
-- Installing: /home/serhat/workspace/install/canopen/share/canopen/local_setup.bash
-- Installing: /home/serhat/workspace/install/canopen/share/canopen/local_setup.sh
-- Installing: /home/serhat/workspace/install/canopen/share/canopen/local_setup.zsh
-- Installing: /home/serhat/workspace/install/canopen/share/canopen/local_setup.dsv
-- Installing: /home/serhat/workspace/install/canopen/share/canopen/package.dsv
-- Installing: /home/serhat/workspace/install/canopen/share/ament_index/resource_index/packages/canopen
-- Installing: /home/serhat/workspace/install/canopen/share/canopen/cmake/canopenConfig.cmake
-- Installing: /home/serhat/workspace/install/canopen/share/canopen/cmake/canopenConfig-version.cmake
-- Installing: /home/serhat/workspace/install/canopen/share/canopen/package.xml
