[0.020s] Invoking command in '/home/serhat/workspaces/ros2_cpp_ws/build/udemy_ros2_pkg': CMAKE_PREFIX_PATH=${CMAKE_PREFIX_PATH}:/opt/ros/humble /usr/bin/cmake --build /home/serhat/workspaces/ros2_cpp_ws/build/udemy_ros2_pkg -- -j12 -l12
[0.043s] -- Found ament_cmake: 1.3.3 (/opt/ros/humble/share/ament_cmake/cmake)
[0.179s] -- Override CMake install command with custom implementation using symlinks instead of copying resources
[0.186s] -- Found rclcpp: 16.0.3 (/opt/ros/humble/share/rclcpp/cmake)
[0.213s] -- Found rosidl_generator_c: 3.1.4 (/opt/ros/humble/share/rosidl_generator_c/cmake)
[0.215s] -- Found rosidl_adapter: 3.1.4 (/opt/ros/humble/share/rosidl_adapter/cmake)
[0.222s] -- Found rosidl_generator_cpp: 3.1.4 (/opt/ros/humble/share/rosidl_generator_cpp/cmake)
[0.231s] -- Using all available rosidl_typesupport_c: rosidl_typesupport_fastrtps_c;rosidl_typesupport_introspection_c
[0.246s] -- Using all available rosidl_typesupport_cpp: rosidl_typesupport_fastrtps_cpp;rosidl_typesupport_introspection_cpp
[0.303s] -- Found rmw_implementation_cmake: 6.1.1 (/opt/ros/humble/share/rmw_implementation_cmake/cmake)
[0.304s] -- Found rmw_fastrtps_cpp: 6.2.2 (/opt/ros/humble/share/rmw_fastrtps_cpp/cmake)
[0.422s] -- Using RMW implementation 'rmw_fastrtps_cpp' as default
[0.580s] -- Found rosidl_default_generators: 1.2.0 (/opt/ros/humble/share/rosidl_default_generators/cmake)
[0.587s] -- Found sensor_msgs: 4.2.3 (/opt/ros/humble/share/sensor_msgs/cmake)
[0.718s] -- Found cv_bridge: 3.2.1 (/opt/ros/humble/share/cv_bridge/cmake)
[0.725s] -- Found action_msgs: 1.2.1 (/opt/ros/humble/share/action_msgs/cmake)
[0.783s] -- Found rclcpp_action: 16.0.3 (/opt/ros/humble/share/rclcpp_action/cmake)
[0.809s] -- Found ros_ign_gazebo: 0.244.9 (/opt/ros/humble/share/ros_ign_gazebo/cmake)
[1.799s] -- Found ament_cmake_cppcheck: 0.12.5 (/opt/ros/humble/share/ament_cmake_cppcheck/cmake)
[1.800s] -- Found ament_cmake_cpplint: 0.12.5 (/opt/ros/humble/share/ament_cmake_cpplint/cmake)
[1.800s] -- Found ament_cmake_uncrustify: 0.12.5 (/opt/ros/humble/share/ament_cmake_uncrustify/cmake)
[1.801s] -- Found ament_cmake_ros: 0.10.0 (/opt/ros/humble/share/ament_cmake_ros/cmake)
[2.257s] -- Using all available rosidl_typesupport_c: rosidl_typesupport_fastrtps_c;rosidl_typesupport_introspection_c
[2.482s] -- Using all available rosidl_typesupport_cpp: rosidl_typesupport_fastrtps_cpp;rosidl_typesupport_introspection_cpp
[2.513s] -- Found python_cmake_module: 0.10.0 (/opt/ros/humble/share/python_cmake_module/cmake)
[2.539s] -- Using PYTHON_EXECUTABLE: /usr/bin/python3
[2.539s] -- Using PYTHON_INCLUDE_DIRS: /usr/include/python3.10
[2.539s] -- Using PYTHON_LIBRARIES: /usr/lib/x86_64-linux-gnu/libpython3.10.so
[2.626s] -- Found ament_cmake_flake8: 0.12.5 (/opt/ros/humble/share/ament_cmake_flake8/cmake)
[2.626s] -- Found ament_cmake_pep257: 0.12.5 (/opt/ros/humble/share/ament_cmake_pep257/cmake)
[2.630s] [31mCMake Error at CMakeLists.txt:39 (add_executable):
[2.631s]   add_executable cannot create target "publisher" because another target with
[2.631s]   the same name already exists.  The existing target is an executable created
[2.631s]   in source directory
[2.631s]   "/home/serhat/workspaces/ros2_cpp_ws/src/udemy_ros2_pkg".  See
[2.631s]   documentation for policy CMP0002 for more details.
[2.631s] 
[2.631s] [0m
[2.631s] [31mCMake Error at /opt/ros/humble/share/ament_cmake_target_dependencies/cmake/ament_target_dependencies.cmake:42 (message):
[2.631s]   ament_target_dependencies() the first argument must be a valid target name
[2.631s] Call Stack (most recent call first):
[2.631s]   CMakeLists.txt:40 (ament_target_dependencies)
[2.631s] 
[2.631s] [0m
[2.631s] -- Configuring incomplete, errors occurred!
[2.631s] See also "/home/serhat/workspaces/ros2_cpp_ws/build/udemy_ros2_pkg/CMakeFiles/CMakeOutput.log".
[2.643s] gmake: *** [Makefile:1507: cmake_check_build_system] Error 1
[2.645s] Invoked command in '/home/serhat/workspaces/ros2_cpp_ws/build/udemy_ros2_pkg' returned '2': CMAKE_PREFIX_PATH=${CMAKE_PREFIX_PATH}:/opt/ros/humble /usr/bin/cmake --build /home/serhat/workspaces/ros2_cpp_ws/build/udemy_ros2_pkg -- -j12 -l12
