running develop
/usr/lib/python3/dist-packages/setuptools/command/easy_install.py:158: EasyInstallDeprecationWarning: easy_install command is deprecated. Use build and pip and other standards-based tools.
  warnings.warn(
/usr/lib/python3/dist-packages/setuptools/command/install.py:34: SetuptoolsDeprecationWarning: setup.py install is deprecated. Use build and pip and other standards-based tools.
  warnings.warn(
/usr/lib/python3/dist-packages/pkg_resources/__init__.py:116: PkgResourcesDeprecationWarning: 1.16.0-unknown is an invalid version and will not be supported in a future release
  warnings.warn(
/usr/lib/python3/dist-packages/pkg_resources/__init__.py:116: PkgResourcesDeprecationWarning: 1.1build1 is an invalid version and will not be supported in a future release
  warnings.warn(
/usr/lib/python3/dist-packages/pkg_resources/__init__.py:116: PkgResourcesDeprecationWarning: 0.1.43ubuntu1 is an invalid version and will not be supported in a future release
  warnings.warn(
running egg_info
writing ../../build/canopen_utils/canopen_utils.egg-info/PKG-INFO
writing dependency_links to ../../build/canopen_utils/canopen_utils.egg-info/dependency_links.txt
writing entry points to ../../build/canopen_utils/canopen_utils.egg-info/entry_points.txt
writing requirements to ../../build/canopen_utils/canopen_utils.egg-info/requires.txt
writing top-level names to ../../build/canopen_utils/canopen_utils.egg-info/top_level.txt
reading manifest file '../../build/canopen_utils/canopen_utils.egg-info/SOURCES.txt'
writing manifest file '../../build/canopen_utils/canopen_utils.egg-info/SOURCES.txt'
running build
running build_py
running install
/usr/lib/python3/dist-packages/setuptools/command/install.py:34: SetuptoolsDeprecationWarning: setup.py install is deprecated. Use build and pip and other standards-based tools.
  warnings.warn(
running install_lib
running install_data
running install_egg_info
removing '/home/serhat/workspace/install/canopen_utils/lib/python3.10/site-packages/canopen_utils-0.0.0-py3.10.egg-info' (and everything under it)
Copying ../../build/canopen_utils/canopen_utils.egg-info to /home/serhat/workspace/install/canopen_utils/lib/python3.10/site-packages/canopen_utils-0.0.0-py3.10.egg-info
running install_scripts
Installing cyclic_tester script to /home/serhat/workspace/install/canopen_utils/lib/canopen_utils
writing list of installed files to '/home/serhat/workspace/build/canopen_utils/install.log'
