[0.015s] Invoking command in '/home/serhat/workspace/build/udemy_ros2_pkg': CMAKE_PREFIX_PATH=${CMAKE_PREFIX_PATH}:/home/serhat/workspace/install/canopen_utils:/opt/ros/humble /usr/bin/cmake --build /home/serhat/workspace/build/udemy_ros2_pkg -- -j12 -l12
[0.071s] [  2%] Built target canbustest2
[0.072s] [  4%] Built target udemy_ros2_pkg__cpp
[0.073s] [ 11%] Built target udemy_ros2_pkg__rosidl_generator_c
[0.075s] [ 14%] Built target canbustest
[0.078s] [ 18%] Built target publisher
[0.078s] [ 20%] Built target rpm_pub
[0.078s] [ 23%] Built target rpm_speed
[0.081s] [ 26%] Built target subscriber
[0.083s] [ 28%] Built target speed_calc
[0.085s] [ 28%] Built target ament_cmake_python_copy_udemy_ros2_pkg
[0.099s] [ 42%] Built target udemy_ros2_pkg__rosidl_typesupport_cpp
[0.099s] [ 43%] Built target udemy_ros2_pkg__rosidl_typesupport_fastrtps_c
[0.099s] [ 50%] Built target udemy_ros2_pkg__rosidl_typesupport_fastrtps_cpp
[0.100s] [ 57%] Built target udemy_ros2_pkg__rosidl_typesupport_introspection_c
[0.102s] [ 65%] Built target udemy_ros2_pkg__rosidl_typesupport_introspection_cpp
[0.104s] [ 72%] Built target udemy_ros2_pkg__rosidl_typesupport_c
[0.127s] [ 75%] Built target action_server
[0.127s] [ 78%] Built target udemy_ros2_pkg
[0.128s] [ 78%] Built target action_client
[0.129s] [ 81%] Built target service_server
[0.129s] [ 84%] Built target service_client
[0.147s] [ 85%] Built target udemy_ros2_pkg__py
[0.168s] [ 91%] Built target udemy_ros2_pkg__rosidl_generator_py
[0.190s] [100%] Built target udemy_ros2_pkg__rosidl_typesupport_introspection_c__pyext
[0.190s] [100%] Built target udemy_ros2_pkg__rosidl_typesupport_fastrtps_c__pyext
[0.190s] [100%] Built target udemy_ros2_pkg__rosidl_typesupport_c__pyext
[0.349s] running egg_info
[0.350s] writing udemy_ros2_pkg.egg-info/PKG-INFO
[0.350s] writing dependency_links to udemy_ros2_pkg.egg-info/dependency_links.txt
[0.350s] writing top-level names to udemy_ros2_pkg.egg-info/top_level.txt
[0.352s] reading manifest file 'udemy_ros2_pkg.egg-info/SOURCES.txt'
[0.352s] writing manifest file 'udemy_ros2_pkg.egg-info/SOURCES.txt'
[0.374s] [100%] Built target ament_cmake_python_build_udemy_ros2_pkg_egg
[0.385s] Invoked command in '/home/serhat/workspace/build/udemy_ros2_pkg' returned '0': CMAKE_PREFIX_PATH=${CMAKE_PREFIX_PATH}:/home/serhat/workspace/install/canopen_utils:/opt/ros/humble /usr/bin/cmake --build /home/serhat/workspace/build/udemy_ros2_pkg -- -j12 -l12
[0.542s] Invoking command in '/home/serhat/workspace/build/udemy_ros2_pkg': CMAKE_PREFIX_PATH=${CMAKE_PREFIX_PATH}:/home/serhat/workspace/install/canopen_utils:/opt/ros/humble /usr/bin/cmake --install /home/serhat/workspace/build/udemy_ros2_pkg
[0.550s] -- Install configuration: ""
[0.550s] -- Up-to-date: /home/serhat/workspace/install/udemy_ros2_pkg/share/ament_index/resource_index/rosidl_interfaces/udemy_ros2_pkg
[0.551s] -- Up-to-date: /home/serhat/workspace/install/udemy_ros2_pkg/include/udemy_ros2_pkg/udemy_ros2_pkg
[0.551s] -- Up-to-date: /home/serhat/workspace/install/udemy_ros2_pkg/include/udemy_ros2_pkg/udemy_ros2_pkg/msg
[0.551s] -- Up-to-date: /home/serhat/workspace/install/udemy_ros2_pkg/include/udemy_ros2_pkg/udemy_ros2_pkg/msg/rosidl_generator_c__visibility_control.h
[0.551s] -- Up-to-date: /home/serhat/workspace/install/udemy_ros2_pkg/include/udemy_ros2_pkg/udemy_ros2_pkg/action
[0.551s] -- Up-to-date: /home/serhat/workspace/install/udemy_ros2_pkg/include/udemy_ros2_pkg/udemy_ros2_pkg/action/detail
[0.551s] -- Up-to-date: /home/serhat/workspace/install/udemy_ros2_pkg/include/udemy_ros2_pkg/udemy_ros2_pkg/action/detail/navigate__functions.c
[0.551s] -- Up-to-date: /home/serhat/workspace/install/udemy_ros2_pkg/include/udemy_ros2_pkg/udemy_ros2_pkg/action/detail/navigate__type_support.h
[0.551s] -- Up-to-date: /home/serhat/workspace/install/udemy_ros2_pkg/include/udemy_ros2_pkg/udemy_ros2_pkg/action/detail/navigate__struct.h
[0.551s] -- Up-to-date: /home/serhat/workspace/install/udemy_ros2_pkg/include/udemy_ros2_pkg/udemy_ros2_pkg/action/detail/navigate__functions.h
[0.551s] -- Up-to-date: /home/serhat/workspace/install/udemy_ros2_pkg/include/udemy_ros2_pkg/udemy_ros2_pkg/action/navigate.h
[0.551s] -- Up-to-date: /home/serhat/workspace/install/udemy_ros2_pkg/include/udemy_ros2_pkg/udemy_ros2_pkg/srv
[0.551s] -- Up-to-date: /home/serhat/workspace/install/udemy_ros2_pkg/include/udemy_ros2_pkg/udemy_ros2_pkg/srv/detail
[0.551s] -- Up-to-date: /home/serhat/workspace/install/udemy_ros2_pkg/include/udemy_ros2_pkg/udemy_ros2_pkg/srv/detail/odd_even_check__functions.c
[0.552s] -- Up-to-date: /home/serhat/workspace/install/udemy_ros2_pkg/include/udemy_ros2_pkg/udemy_ros2_pkg/srv/detail/odd_even_check__struct.h
[0.552s] -- Up-to-date: /home/serhat/workspace/install/udemy_ros2_pkg/include/udemy_ros2_pkg/udemy_ros2_pkg/srv/detail/odd_even_check__functions.h
[0.552s] -- Up-to-date: /home/serhat/workspace/install/udemy_ros2_pkg/include/udemy_ros2_pkg/udemy_ros2_pkg/srv/detail/turn_camera__struct.h
[0.552s] -- Up-to-date: /home/serhat/workspace/install/udemy_ros2_pkg/include/udemy_ros2_pkg/udemy_ros2_pkg/srv/detail/odd_even_check__type_support.h
[0.552s] -- Up-to-date: /home/serhat/workspace/install/udemy_ros2_pkg/include/udemy_ros2_pkg/udemy_ros2_pkg/srv/detail/turn_camera__type_support.h
[0.552s] -- Up-to-date: /home/serhat/workspace/install/udemy_ros2_pkg/include/udemy_ros2_pkg/udemy_ros2_pkg/srv/detail/turn_camera__functions.c
[0.552s] -- Up-to-date: /home/serhat/workspace/install/udemy_ros2_pkg/include/udemy_ros2_pkg/udemy_ros2_pkg/srv/detail/turn_camera__functions.h
[0.552s] -- Up-to-date: /home/serhat/workspace/install/udemy_ros2_pkg/include/udemy_ros2_pkg/udemy_ros2_pkg/srv/turn_camera.h
[0.552s] -- Up-to-date: /home/serhat/workspace/install/udemy_ros2_pkg/include/udemy_ros2_pkg/udemy_ros2_pkg/srv/odd_even_check.h
[0.552s] -- Up-to-date: /home/serhat/workspace/install/udemy_ros2_pkg/share/udemy_ros2_pkg/environment/library_path.dsv
[0.552s] -- Up-to-date: /home/serhat/workspace/install/udemy_ros2_pkg/lib/libudemy_ros2_pkg__rosidl_generator_c.so
[0.552s] -- Up-to-date: /home/serhat/workspace/install/udemy_ros2_pkg/include/udemy_ros2_pkg/udemy_ros2_pkg
[0.552s] -- Up-to-date: /home/serhat/workspace/install/udemy_ros2_pkg/include/udemy_ros2_pkg/udemy_ros2_pkg/msg
[0.552s] -- Up-to-date: /home/serhat/workspace/install/udemy_ros2_pkg/include/udemy_ros2_pkg/udemy_ros2_pkg/msg/rosidl_typesupport_fastrtps_c__visibility_control.h
[0.553s] -- Up-to-date: /home/serhat/workspace/install/udemy_ros2_pkg/include/udemy_ros2_pkg/udemy_ros2_pkg/action
[0.553s] -- Up-to-date: /home/serhat/workspace/install/udemy_ros2_pkg/include/udemy_ros2_pkg/udemy_ros2_pkg/action/detail
[0.553s] -- Up-to-date: /home/serhat/workspace/install/udemy_ros2_pkg/include/udemy_ros2_pkg/udemy_ros2_pkg/action/detail/navigate__rosidl_typesupport_fastrtps_c.h
[0.553s] -- Up-to-date: /home/serhat/workspace/install/udemy_ros2_pkg/include/udemy_ros2_pkg/udemy_ros2_pkg/srv
[0.553s] -- Up-to-date: /home/serhat/workspace/install/udemy_ros2_pkg/include/udemy_ros2_pkg/udemy_ros2_pkg/srv/detail
[0.553s] -- Up-to-date: /home/serhat/workspace/install/udemy_ros2_pkg/include/udemy_ros2_pkg/udemy_ros2_pkg/srv/detail/odd_even_check__rosidl_typesupport_fastrtps_c.h
[0.553s] -- Up-to-date: /home/serhat/workspace/install/udemy_ros2_pkg/include/udemy_ros2_pkg/udemy_ros2_pkg/srv/detail/turn_camera__rosidl_typesupport_fastrtps_c.h
[0.553s] -- Up-to-date: /home/serhat/workspace/install/udemy_ros2_pkg/lib/libudemy_ros2_pkg__rosidl_typesupport_fastrtps_c.so
[0.553s] -- Up-to-date: /home/serhat/workspace/install/udemy_ros2_pkg/include/udemy_ros2_pkg/udemy_ros2_pkg
[0.553s] -- Up-to-date: /home/serhat/workspace/install/udemy_ros2_pkg/include/udemy_ros2_pkg/udemy_ros2_pkg/action
[0.553s] -- Up-to-date: /home/serhat/workspace/install/udemy_ros2_pkg/include/udemy_ros2_pkg/udemy_ros2_pkg/action/detail
[0.553s] -- Up-to-date: /home/serhat/workspace/install/udemy_ros2_pkg/include/udemy_ros2_pkg/udemy_ros2_pkg/action/detail/navigate__builder.hpp
[0.553s] -- Up-to-date: /home/serhat/workspace/install/udemy_ros2_pkg/include/udemy_ros2_pkg/udemy_ros2_pkg/action/detail/navigate__struct.hpp
[0.553s] -- Up-to-date: /home/serhat/workspace/install/udemy_ros2_pkg/include/udemy_ros2_pkg/udemy_ros2_pkg/action/detail/navigate__traits.hpp
[0.553s] -- Up-to-date: /home/serhat/workspace/install/udemy_ros2_pkg/include/udemy_ros2_pkg/udemy_ros2_pkg/action/navigate.hpp
[0.554s] -- Up-to-date: /home/serhat/workspace/install/udemy_ros2_pkg/include/udemy_ros2_pkg/udemy_ros2_pkg/srv
[0.554s] -- Up-to-date: /home/serhat/workspace/install/udemy_ros2_pkg/include/udemy_ros2_pkg/udemy_ros2_pkg/srv/detail
[0.554s] -- Up-to-date: /home/serhat/workspace/install/udemy_ros2_pkg/include/udemy_ros2_pkg/udemy_ros2_pkg/srv/detail/turn_camera__builder.hpp
[0.554s] -- Up-to-date: /home/serhat/workspace/install/udemy_ros2_pkg/include/udemy_ros2_pkg/udemy_ros2_pkg/srv/detail/odd_even_check__struct.hpp
[0.554s] -- Up-to-date: /home/serhat/workspace/install/udemy_ros2_pkg/include/udemy_ros2_pkg/udemy_ros2_pkg/srv/detail/turn_camera__struct.hpp
[0.554s] -- Up-to-date: /home/serhat/workspace/install/udemy_ros2_pkg/include/udemy_ros2_pkg/udemy_ros2_pkg/srv/detail/odd_even_check__builder.hpp
[0.554s] -- Up-to-date: /home/serhat/workspace/install/udemy_ros2_pkg/include/udemy_ros2_pkg/udemy_ros2_pkg/srv/detail/odd_even_check__traits.hpp
[0.554s] -- Up-to-date: /home/serhat/workspace/install/udemy_ros2_pkg/include/udemy_ros2_pkg/udemy_ros2_pkg/srv/detail/turn_camera__traits.hpp
[0.554s] -- Up-to-date: /home/serhat/workspace/install/udemy_ros2_pkg/include/udemy_ros2_pkg/udemy_ros2_pkg/srv/turn_camera.hpp
[0.554s] -- Up-to-date: /home/serhat/workspace/install/udemy_ros2_pkg/include/udemy_ros2_pkg/udemy_ros2_pkg/srv/odd_even_check.hpp
[0.554s] -- Up-to-date: /home/serhat/workspace/install/udemy_ros2_pkg/include/udemy_ros2_pkg/udemy_ros2_pkg
[0.554s] -- Up-to-date: /home/serhat/workspace/install/udemy_ros2_pkg/include/udemy_ros2_pkg/udemy_ros2_pkg/msg
[0.554s] -- Up-to-date: /home/serhat/workspace/install/udemy_ros2_pkg/include/udemy_ros2_pkg/udemy_ros2_pkg/msg/rosidl_typesupport_fastrtps_cpp__visibility_control.h
[0.554s] -- Up-to-date: /home/serhat/workspace/install/udemy_ros2_pkg/include/udemy_ros2_pkg/udemy_ros2_pkg/action
[0.554s] -- Up-to-date: /home/serhat/workspace/install/udemy_ros2_pkg/include/udemy_ros2_pkg/udemy_ros2_pkg/action/detail
[0.555s] -- Up-to-date: /home/serhat/workspace/install/udemy_ros2_pkg/include/udemy_ros2_pkg/udemy_ros2_pkg/action/detail/dds_fastrtps
[0.555s] -- Up-to-date: /home/serhat/workspace/install/udemy_ros2_pkg/include/udemy_ros2_pkg/udemy_ros2_pkg/action/detail/navigate__rosidl_typesupport_fastrtps_cpp.hpp
[0.555s] -- Up-to-date: /home/serhat/workspace/install/udemy_ros2_pkg/include/udemy_ros2_pkg/udemy_ros2_pkg/srv
[0.555s] -- Up-to-date: /home/serhat/workspace/install/udemy_ros2_pkg/include/udemy_ros2_pkg/udemy_ros2_pkg/srv/detail
[0.555s] -- Up-to-date: /home/serhat/workspace/install/udemy_ros2_pkg/include/udemy_ros2_pkg/udemy_ros2_pkg/srv/detail/odd_even_check__rosidl_typesupport_fastrtps_cpp.hpp
[0.555s] -- Up-to-date: /home/serhat/workspace/install/udemy_ros2_pkg/include/udemy_ros2_pkg/udemy_ros2_pkg/srv/detail/dds_fastrtps
[0.555s] -- Up-to-date: /home/serhat/workspace/install/udemy_ros2_pkg/include/udemy_ros2_pkg/udemy_ros2_pkg/srv/detail/turn_camera__rosidl_typesupport_fastrtps_cpp.hpp
[0.555s] -- Up-to-date: /home/serhat/workspace/install/udemy_ros2_pkg/lib/libudemy_ros2_pkg__rosidl_typesupport_fastrtps_cpp.so
[0.555s] -- Up-to-date: /home/serhat/workspace/install/udemy_ros2_pkg/include/udemy_ros2_pkg/udemy_ros2_pkg
[0.555s] -- Up-to-date: /home/serhat/workspace/install/udemy_ros2_pkg/include/udemy_ros2_pkg/udemy_ros2_pkg/msg
[0.556s] -- Up-to-date: /home/serhat/workspace/install/udemy_ros2_pkg/include/udemy_ros2_pkg/udemy_ros2_pkg/msg/rosidl_typesupport_introspection_c__visibility_control.h
[0.556s] -- Up-to-date: /home/serhat/workspace/install/udemy_ros2_pkg/include/udemy_ros2_pkg/udemy_ros2_pkg/action
[0.556s] -- Up-to-date: /home/serhat/workspace/install/udemy_ros2_pkg/include/udemy_ros2_pkg/udemy_ros2_pkg/action/detail
[0.556s] -- Up-to-date: /home/serhat/workspace/install/udemy_ros2_pkg/include/udemy_ros2_pkg/udemy_ros2_pkg/action/detail/navigate__rosidl_typesupport_introspection_c.h
[0.556s] -- Up-to-date: /home/serhat/workspace/install/udemy_ros2_pkg/include/udemy_ros2_pkg/udemy_ros2_pkg/action/detail/navigate__type_support.c
[0.556s] -- Up-to-date: /home/serhat/workspace/install/udemy_ros2_pkg/include/udemy_ros2_pkg/udemy_ros2_pkg/srv
[0.556s] -- Up-to-date: /home/serhat/workspace/install/udemy_ros2_pkg/include/udemy_ros2_pkg/udemy_ros2_pkg/srv/detail
[0.556s] -- Up-to-date: /home/serhat/workspace/install/udemy_ros2_pkg/include/udemy_ros2_pkg/udemy_ros2_pkg/srv/detail/turn_camera__rosidl_typesupport_introspection_c.h
[0.556s] -- Up-to-date: /home/serhat/workspace/install/udemy_ros2_pkg/include/udemy_ros2_pkg/udemy_ros2_pkg/srv/detail/odd_even_check__type_support.c
[0.556s] -- Up-to-date: /home/serhat/workspace/install/udemy_ros2_pkg/include/udemy_ros2_pkg/udemy_ros2_pkg/srv/detail/odd_even_check__rosidl_typesupport_introspection_c.h
[0.556s] -- Up-to-date: /home/serhat/workspace/install/udemy_ros2_pkg/include/udemy_ros2_pkg/udemy_ros2_pkg/srv/detail/turn_camera__type_support.c
[0.556s] -- Up-to-date: /home/serhat/workspace/install/udemy_ros2_pkg/lib/libudemy_ros2_pkg__rosidl_typesupport_introspection_c.so
[0.556s] -- Up-to-date: /home/serhat/workspace/install/udemy_ros2_pkg/lib/libudemy_ros2_pkg__rosidl_typesupport_c.so
[0.556s] -- Up-to-date: /home/serhat/workspace/install/udemy_ros2_pkg/include/udemy_ros2_pkg/udemy_ros2_pkg
[0.556s] -- Up-to-date: /home/serhat/workspace/install/udemy_ros2_pkg/include/udemy_ros2_pkg/udemy_ros2_pkg/action
[0.556s] -- Up-to-date: /home/serhat/workspace/install/udemy_ros2_pkg/include/udemy_ros2_pkg/udemy_ros2_pkg/action/detail
[0.556s] -- Up-to-date: /home/serhat/workspace/install/udemy_ros2_pkg/include/udemy_ros2_pkg/udemy_ros2_pkg/action/detail/navigate__type_support.cpp
[0.557s] -- Up-to-date: /home/serhat/workspace/install/udemy_ros2_pkg/include/udemy_ros2_pkg/udemy_ros2_pkg/action/detail/navigate__rosidl_typesupport_introspection_cpp.hpp
[0.557s] -- Up-to-date: /home/serhat/workspace/install/udemy_ros2_pkg/include/udemy_ros2_pkg/udemy_ros2_pkg/srv
[0.557s] -- Up-to-date: /home/serhat/workspace/install/udemy_ros2_pkg/include/udemy_ros2_pkg/udemy_ros2_pkg/srv/detail
[0.557s] -- Up-to-date: /home/serhat/workspace/install/udemy_ros2_pkg/include/udemy_ros2_pkg/udemy_ros2_pkg/srv/detail/odd_even_check__type_support.cpp
[0.557s] -- Up-to-date: /home/serhat/workspace/install/udemy_ros2_pkg/include/udemy_ros2_pkg/udemy_ros2_pkg/srv/detail/turn_camera__rosidl_typesupport_introspection_cpp.hpp
[0.557s] -- Up-to-date: /home/serhat/workspace/install/udemy_ros2_pkg/include/udemy_ros2_pkg/udemy_ros2_pkg/srv/detail/odd_even_check__rosidl_typesupport_introspection_cpp.hpp
[0.557s] -- Up-to-date: /home/serhat/workspace/install/udemy_ros2_pkg/include/udemy_ros2_pkg/udemy_ros2_pkg/srv/detail/turn_camera__type_support.cpp
[0.557s] -- Up-to-date: /home/serhat/workspace/install/udemy_ros2_pkg/lib/libudemy_ros2_pkg__rosidl_typesupport_introspection_cpp.so
[0.557s] -- Up-to-date: /home/serhat/workspace/install/udemy_ros2_pkg/lib/libudemy_ros2_pkg__rosidl_typesupport_cpp.so
[0.557s] -- Up-to-date: /home/serhat/workspace/install/udemy_ros2_pkg/share/udemy_ros2_pkg/environment/pythonpath.sh
[0.557s] -- Up-to-date: /home/serhat/workspace/install/udemy_ros2_pkg/share/udemy_ros2_pkg/environment/pythonpath.dsv
[0.557s] -- Up-to-date: /home/serhat/workspace/install/udemy_ros2_pkg/local/lib/python3.10/dist-packages/udemy_ros2_pkg-0.0.0-py3.10.egg-info
[0.557s] -- Installing: /home/serhat/workspace/install/udemy_ros2_pkg/local/lib/python3.10/dist-packages/udemy_ros2_pkg-0.0.0-py3.10.egg-info/dependency_links.txt
[0.557s] -- Installing: /home/serhat/workspace/install/udemy_ros2_pkg/local/lib/python3.10/dist-packages/udemy_ros2_pkg-0.0.0-py3.10.egg-info/SOURCES.txt
[0.557s] -- Installing: /home/serhat/workspace/install/udemy_ros2_pkg/local/lib/python3.10/dist-packages/udemy_ros2_pkg-0.0.0-py3.10.egg-info/top_level.txt
[0.557s] -- Installing: /home/serhat/workspace/install/udemy_ros2_pkg/local/lib/python3.10/dist-packages/udemy_ros2_pkg-0.0.0-py3.10.egg-info/PKG-INFO
[0.558s] -- Up-to-date: /home/serhat/workspace/install/udemy_ros2_pkg/local/lib/python3.10/dist-packages/udemy_ros2_pkg
[0.558s] -- Up-to-date: /home/serhat/workspace/install/udemy_ros2_pkg/local/lib/python3.10/dist-packages/udemy_ros2_pkg/udemy_ros2_pkg_s__rosidl_typesupport_introspection_c.cpython-310-x86_64-linux-gnu.so
[0.558s] -- Up-to-date: /home/serhat/workspace/install/udemy_ros2_pkg/local/lib/python3.10/dist-packages/udemy_ros2_pkg/action
[0.558s] -- Up-to-date: /home/serhat/workspace/install/udemy_ros2_pkg/local/lib/python3.10/dist-packages/udemy_ros2_pkg/action/_navigate_s.c
[0.558s] -- Up-to-date: /home/serhat/workspace/install/udemy_ros2_pkg/local/lib/python3.10/dist-packages/udemy_ros2_pkg/action/_navigate.py
[0.558s] -- Up-to-date: /home/serhat/workspace/install/udemy_ros2_pkg/local/lib/python3.10/dist-packages/udemy_ros2_pkg/action/__init__.py
[0.558s] -- Up-to-date: /home/serhat/workspace/install/udemy_ros2_pkg/local/lib/python3.10/dist-packages/udemy_ros2_pkg/_udemy_ros2_pkg_s.ep.rosidl_typesupport_introspection_c.c
[0.558s] -- Up-to-date: /home/serhat/workspace/install/udemy_ros2_pkg/local/lib/python3.10/dist-packages/udemy_ros2_pkg/libudemy_ros2_pkg__rosidl_generator_py.so
[0.558s] -- Up-to-date: /home/serhat/workspace/install/udemy_ros2_pkg/local/lib/python3.10/dist-packages/udemy_ros2_pkg/udemy_ros2_pkg_s__rosidl_typesupport_fastrtps_c.cpython-310-x86_64-linux-gnu.so
[0.558s] -- Up-to-date: /home/serhat/workspace/install/udemy_ros2_pkg/local/lib/python3.10/dist-packages/udemy_ros2_pkg/udemy_ros2_pkg_s__rosidl_typesupport_c.cpython-310-x86_64-linux-gnu.so
[0.558s] -- Up-to-date: /home/serhat/workspace/install/udemy_ros2_pkg/local/lib/python3.10/dist-packages/udemy_ros2_pkg/srv
[0.558s] -- Up-to-date: /home/serhat/workspace/install/udemy_ros2_pkg/local/lib/python3.10/dist-packages/udemy_ros2_pkg/srv/_odd_even_check.py
[0.558s] -- Up-to-date: /home/serhat/workspace/install/udemy_ros2_pkg/local/lib/python3.10/dist-packages/udemy_ros2_pkg/srv/_turn_camera_s.c
[0.558s] -- Up-to-date: /home/serhat/workspace/install/udemy_ros2_pkg/local/lib/python3.10/dist-packages/udemy_ros2_pkg/srv/_odd_even_check_s.c
[0.558s] -- Up-to-date: /home/serhat/workspace/install/udemy_ros2_pkg/local/lib/python3.10/dist-packages/udemy_ros2_pkg/srv/__init__.py
[0.558s] -- Up-to-date: /home/serhat/workspace/install/udemy_ros2_pkg/local/lib/python3.10/dist-packages/udemy_ros2_pkg/srv/_turn_camera.py
[0.558s] -- Up-to-date: /home/serhat/workspace/install/udemy_ros2_pkg/local/lib/python3.10/dist-packages/udemy_ros2_pkg/__init__.py
[0.558s] -- Up-to-date: /home/serhat/workspace/install/udemy_ros2_pkg/local/lib/python3.10/dist-packages/udemy_ros2_pkg/_udemy_ros2_pkg_s.ep.rosidl_typesupport_fastrtps_c.c
[0.559s] -- Up-to-date: /home/serhat/workspace/install/udemy_ros2_pkg/local/lib/python3.10/dist-packages/udemy_ros2_pkg/_udemy_ros2_pkg_s.ep.rosidl_typesupport_c.c
[0.586s] Listing '/home/serhat/workspace/install/udemy_ros2_pkg/local/lib/python3.10/dist-packages/udemy_ros2_pkg'...
[0.586s] Listing '/home/serhat/workspace/install/udemy_ros2_pkg/local/lib/python3.10/dist-packages/udemy_ros2_pkg/action'...
[0.586s] Listing '/home/serhat/workspace/install/udemy_ros2_pkg/local/lib/python3.10/dist-packages/udemy_ros2_pkg/srv'...
[0.589s] -- Up-to-date: /home/serhat/workspace/install/udemy_ros2_pkg/local/lib/python3.10/dist-packages/udemy_ros2_pkg/udemy_ros2_pkg_s__rosidl_typesupport_fastrtps_c.cpython-310-x86_64-linux-gnu.so
[0.589s] -- Up-to-date: /home/serhat/workspace/install/udemy_ros2_pkg/local/lib/python3.10/dist-packages/udemy_ros2_pkg/udemy_ros2_pkg_s__rosidl_typesupport_introspection_c.cpython-310-x86_64-linux-gnu.so
[0.590s] -- Up-to-date: /home/serhat/workspace/install/udemy_ros2_pkg/local/lib/python3.10/dist-packages/udemy_ros2_pkg/udemy_ros2_pkg_s__rosidl_typesupport_c.cpython-310-x86_64-linux-gnu.so
[0.590s] -- Up-to-date: /home/serhat/workspace/install/udemy_ros2_pkg/lib/libudemy_ros2_pkg__rosidl_generator_py.so
[0.591s] -- Up-to-date: /home/serhat/workspace/install/udemy_ros2_pkg/share/udemy_ros2_pkg/srv/OddEvenCheck.idl
[0.591s] -- Up-to-date: /home/serhat/workspace/install/udemy_ros2_pkg/share/udemy_ros2_pkg/srv/TurnCamera.idl
[0.591s] -- Up-to-date: /home/serhat/workspace/install/udemy_ros2_pkg/share/udemy_ros2_pkg/action/Navigate.idl
[0.591s] -- Up-to-date: /home/serhat/workspace/install/udemy_ros2_pkg/share/udemy_ros2_pkg/srv/OddEvenCheck.srv
[0.591s] -- Up-to-date: /home/serhat/workspace/install/udemy_ros2_pkg/share/udemy_ros2_pkg/srv/OddEvenCheck_Request.msg
[0.591s] -- Up-to-date: /home/serhat/workspace/install/udemy_ros2_pkg/share/udemy_ros2_pkg/srv/OddEvenCheck_Response.msg
[0.591s] -- Up-to-date: /home/serhat/workspace/install/udemy_ros2_pkg/share/udemy_ros2_pkg/srv/TurnCamera.srv
[0.591s] -- Up-to-date: /home/serhat/workspace/install/udemy_ros2_pkg/share/udemy_ros2_pkg/srv/TurnCamera_Request.msg
[0.591s] -- Up-to-date: /home/serhat/workspace/install/udemy_ros2_pkg/share/udemy_ros2_pkg/srv/TurnCamera_Response.msg
[0.591s] -- Up-to-date: /home/serhat/workspace/install/udemy_ros2_pkg/share/udemy_ros2_pkg/action/Navigate.action
[0.591s] -- Up-to-date: /home/serhat/workspace/install/udemy_ros2_pkg/lib/udemy_ros2_pkg/publisher
[0.592s] -- Up-to-date: /home/serhat/workspace/install/udemy_ros2_pkg/lib/udemy_ros2_pkg/subscriber
[0.592s] -- Up-to-date: /home/serhat/workspace/install/udemy_ros2_pkg/lib/udemy_ros2_pkg/rpm_speed
[0.592s] -- Up-to-date: /home/serhat/workspace/install/udemy_ros2_pkg/lib/udemy_ros2_pkg/rpm_pub
[0.593s] -- Up-to-date: /home/serhat/workspace/install/udemy_ros2_pkg/lib/udemy_ros2_pkg/canbustest
[0.593s] -- Up-to-date: /home/serhat/workspace/install/udemy_ros2_pkg/lib/udemy_ros2_pkg/canbustest2
[0.593s] -- Up-to-date: /home/serhat/workspace/install/udemy_ros2_pkg/lib/udemy_ros2_pkg/speed_calc
[0.594s] -- Up-to-date: /home/serhat/workspace/install/udemy_ros2_pkg/lib/udemy_ros2_pkg/service_server
[0.594s] -- Up-to-date: /home/serhat/workspace/install/udemy_ros2_pkg/lib/udemy_ros2_pkg/service_client
[0.594s] -- Up-to-date: /home/serhat/workspace/install/udemy_ros2_pkg/lib/udemy_ros2_pkg/action_server
[0.595s] -- Up-to-date: /home/serhat/workspace/install/udemy_ros2_pkg/lib/udemy_ros2_pkg/action_client
[0.595s] -- Up-to-date: /home/serhat/workspace/install/udemy_ros2_pkg/share/udemy_ros2_pkg//launch
[0.595s] -- Up-to-date: /home/serhat/workspace/install/udemy_ros2_pkg/share/udemy_ros2_pkg//launch/my_launch.launch.py
[0.595s] -- Up-to-date: /home/serhat/workspace/install/udemy_ros2_pkg/share/udemy_ros2_pkg//launch/__pycache__
[0.595s] -- Up-to-date: /home/serhat/workspace/install/udemy_ros2_pkg/share/udemy_ros2_pkg//launch/__pycache__/rpm_node.launch.cpython-310.pyc
[0.595s] -- Up-to-date: /home/serhat/workspace/install/udemy_ros2_pkg/share/udemy_ros2_pkg//launch/simulation.launch.py
[0.595s] -- Up-to-date: /home/serhat/workspace/install/udemy_ros2_pkg/share/udemy_ros2_pkg//launch/rpm_node.launch.py
[0.595s] -- Up-to-date: /home/serhat/workspace/install/udemy_ros2_pkg/share/udemy_ros2_pkg//launch/wheeled_model_simulation.launch.py
[0.595s] -- Installing: /home/serhat/workspace/install/udemy_ros2_pkg/share/udemy_ros2_pkg//launch/vcan.launch.py
[0.596s] -- Up-to-date: /home/serhat/workspace/install/udemy_ros2_pkg/share/udemy_ros2_pkg//launch/simulation_project.launch.py
[0.596s] -- Up-to-date: /home/serhat/workspace/install/udemy_ros2_pkg/share/udemy_ros2_pkg//launch/speed_project.launch.py
[0.596s] -- Up-to-date: /home/serhat/workspace/install/udemy_ros2_pkg/share/udemy_ros2_pkg//launch/launch_project.launch.py
[0.596s] -- Up-to-date: /home/serhat/workspace/install/udemy_ros2_pkg/share/udemy_ros2_pkg//worlds
[0.596s] -- Up-to-date: /home/serhat/workspace/install/udemy_ros2_pkg/share/udemy_ros2_pkg//worlds/wheeled_model.sdf
[0.596s] -- Up-to-date: /home/serhat/workspace/install/udemy_ros2_pkg/share/udemy_ros2_pkg//worlds/test_world.sdf
[0.596s] -- Up-to-date: /home/serhat/workspace/install/udemy_ros2_pkg/share/udemy_ros2_pkg//worlds/wheeled_model_world.sdf
[0.596s] -- Up-to-date: /home/serhat/workspace/install/udemy_ros2_pkg/share/udemy_ros2_pkg//worlds/simulation_project_world.sdf
[0.596s] -- Up-to-date: /home/serhat/workspace/install/udemy_ros2_pkg/share/udemy_ros2_pkg//worlds/project_world.sdf
[0.596s] -- Up-to-date: /home/serhat/workspace/install/udemy_ros2_pkg/share/udemy_ros2_pkg//models
[0.596s] -- Up-to-date: /home/serhat/workspace/install/udemy_ros2_pkg/share/udemy_ros2_pkg//models/wheeled_model
[0.596s] -- Up-to-date: /home/serhat/workspace/install/udemy_ros2_pkg/share/udemy_ros2_pkg//models/wheeled_model/model.sdf
[0.596s] -- Up-to-date: /home/serhat/workspace/install/udemy_ros2_pkg/share/udemy_ros2_pkg//models/wheeled_model/model.config
[0.596s] -- Up-to-date: /home/serhat/workspace/install/udemy_ros2_pkg/share/udemy_ros2_pkg//models/project_robot_model
[0.596s] -- Up-to-date: /home/serhat/workspace/install/udemy_ros2_pkg/share/udemy_ros2_pkg//models/project_robot_model/model.sdf
[0.597s] -- Up-to-date: /home/serhat/workspace/install/udemy_ros2_pkg/share/udemy_ros2_pkg//models/project_robot_model/model.config
[0.597s] -- Up-to-date: /home/serhat/workspace/install/udemy_ros2_pkg/share/udemy_ros2_pkg//models/ground_plane
[0.597s] -- Up-to-date: /home/serhat/workspace/install/udemy_ros2_pkg/share/udemy_ros2_pkg//models/ground_plane/my_ground_plane.sdf
[0.597s] -- Up-to-date: /home/serhat/workspace/install/udemy_ros2_pkg/share/udemy_ros2_pkg//models/ground_plane/model.config
[0.597s] -- Up-to-date: /home/serhat/workspace/install/udemy_ros2_pkg/share/udemy_ros2_pkg//models/ground_plane/ground_plane.sdf
[0.597s] -- Up-to-date: /home/serhat/workspace/install/udemy_ros2_pkg/share/ament_index/resource_index/package_run_dependencies/udemy_ros2_pkg
[0.597s] -- Up-to-date: /home/serhat/workspace/install/udemy_ros2_pkg/share/ament_index/resource_index/parent_prefix_path/udemy_ros2_pkg
[0.597s] -- Up-to-date: /home/serhat/workspace/install/udemy_ros2_pkg/share/udemy_ros2_pkg/environment/ament_prefix_path.dsv
[0.597s] -- Up-to-date: /home/serhat/workspace/install/udemy_ros2_pkg/share/udemy_ros2_pkg/environment/path.dsv
[0.597s] -- Up-to-date: /home/serhat/workspace/install/udemy_ros2_pkg/share/udemy_ros2_pkg/local_setup.bash
[0.597s] -- Up-to-date: /home/serhat/workspace/install/udemy_ros2_pkg/share/udemy_ros2_pkg/local_setup.sh
[0.597s] -- Up-to-date: /home/serhat/workspace/install/udemy_ros2_pkg/share/udemy_ros2_pkg/local_setup.zsh
[0.597s] -- Up-to-date: /home/serhat/workspace/install/udemy_ros2_pkg/share/udemy_ros2_pkg/local_setup.dsv
[0.597s] -- Installing: /home/serhat/workspace/install/udemy_ros2_pkg/share/udemy_ros2_pkg/package.dsv
[0.597s] -- Up-to-date: /home/serhat/workspace/install/udemy_ros2_pkg/share/ament_index/resource_index/packages/udemy_ros2_pkg
[0.598s] -- Up-to-date: /home/serhat/workspace/install/udemy_ros2_pkg/share/udemy_ros2_pkg/cmake/export_udemy_ros2_pkg__rosidl_generator_cExport.cmake
[0.598s] -- Up-to-date: /home/serhat/workspace/install/udemy_ros2_pkg/share/udemy_ros2_pkg/cmake/export_udemy_ros2_pkg__rosidl_generator_cExport-noconfig.cmake
[0.598s] -- Up-to-date: /home/serhat/workspace/install/udemy_ros2_pkg/share/udemy_ros2_pkg/cmake/export_udemy_ros2_pkg__rosidl_typesupport_fastrtps_cExport.cmake
[0.598s] -- Up-to-date: /home/serhat/workspace/install/udemy_ros2_pkg/share/udemy_ros2_pkg/cmake/export_udemy_ros2_pkg__rosidl_typesupport_fastrtps_cExport-noconfig.cmake
[0.598s] -- Up-to-date: /home/serhat/workspace/install/udemy_ros2_pkg/share/udemy_ros2_pkg/cmake/export_udemy_ros2_pkg__rosidl_generator_cppExport.cmake
[0.598s] -- Up-to-date: /home/serhat/workspace/install/udemy_ros2_pkg/share/udemy_ros2_pkg/cmake/export_udemy_ros2_pkg__rosidl_typesupport_fastrtps_cppExport.cmake
[0.598s] -- Up-to-date: /home/serhat/workspace/install/udemy_ros2_pkg/share/udemy_ros2_pkg/cmake/export_udemy_ros2_pkg__rosidl_typesupport_fastrtps_cppExport-noconfig.cmake
[0.598s] -- Up-to-date: /home/serhat/workspace/install/udemy_ros2_pkg/share/udemy_ros2_pkg/cmake/udemy_ros2_pkg__rosidl_typesupport_introspection_cExport.cmake
[0.598s] -- Up-to-date: /home/serhat/workspace/install/udemy_ros2_pkg/share/udemy_ros2_pkg/cmake/udemy_ros2_pkg__rosidl_typesupport_introspection_cExport-noconfig.cmake
[0.598s] -- Up-to-date: /home/serhat/workspace/install/udemy_ros2_pkg/share/udemy_ros2_pkg/cmake/udemy_ros2_pkg__rosidl_typesupport_cExport.cmake
[0.598s] -- Up-to-date: /home/serhat/workspace/install/udemy_ros2_pkg/share/udemy_ros2_pkg/cmake/udemy_ros2_pkg__rosidl_typesupport_cExport-noconfig.cmake
[0.598s] -- Up-to-date: /home/serhat/workspace/install/udemy_ros2_pkg/share/udemy_ros2_pkg/cmake/udemy_ros2_pkg__rosidl_typesupport_introspection_cppExport.cmake
[0.598s] -- Up-to-date: /home/serhat/workspace/install/udemy_ros2_pkg/share/udemy_ros2_pkg/cmake/udemy_ros2_pkg__rosidl_typesupport_introspection_cppExport-noconfig.cmake
[0.599s] -- Up-to-date: /home/serhat/workspace/install/udemy_ros2_pkg/share/udemy_ros2_pkg/cmake/udemy_ros2_pkg__rosidl_typesupport_cppExport.cmake
[0.599s] -- Up-to-date: /home/serhat/workspace/install/udemy_ros2_pkg/share/udemy_ros2_pkg/cmake/udemy_ros2_pkg__rosidl_typesupport_cppExport-noconfig.cmake
[0.599s] -- Up-to-date: /home/serhat/workspace/install/udemy_ros2_pkg/share/udemy_ros2_pkg/cmake/export_udemy_ros2_pkg__rosidl_generator_pyExport.cmake
[0.599s] -- Up-to-date: /home/serhat/workspace/install/udemy_ros2_pkg/share/udemy_ros2_pkg/cmake/export_udemy_ros2_pkg__rosidl_generator_pyExport-noconfig.cmake
[0.599s] -- Up-to-date: /home/serhat/workspace/install/udemy_ros2_pkg/share/udemy_ros2_pkg/cmake/rosidl_cmake-extras.cmake
[0.599s] -- Up-to-date: /home/serhat/workspace/install/udemy_ros2_pkg/share/udemy_ros2_pkg/cmake/ament_cmake_export_dependencies-extras.cmake
[0.600s] -- Up-to-date: /home/serhat/workspace/install/udemy_ros2_pkg/share/udemy_ros2_pkg/cmake/ament_cmake_export_include_directories-extras.cmake
[0.600s] -- Up-to-date: /home/serhat/workspace/install/udemy_ros2_pkg/share/udemy_ros2_pkg/cmake/ament_cmake_export_libraries-extras.cmake
[0.600s] -- Up-to-date: /home/serhat/workspace/install/udemy_ros2_pkg/share/udemy_ros2_pkg/cmake/ament_cmake_export_targets-extras.cmake
[0.600s] -- Up-to-date: /home/serhat/workspace/install/udemy_ros2_pkg/share/udemy_ros2_pkg/cmake/rosidl_cmake_export_typesupport_targets-extras.cmake
[0.600s] -- Up-to-date: /home/serhat/workspace/install/udemy_ros2_pkg/share/udemy_ros2_pkg/cmake/rosidl_cmake_export_typesupport_libraries-extras.cmake
[0.600s] -- Up-to-date: /home/serhat/workspace/install/udemy_ros2_pkg/share/udemy_ros2_pkg/cmake/udemy_ros2_pkgConfig.cmake
[0.600s] -- Up-to-date: /home/serhat/workspace/install/udemy_ros2_pkg/share/udemy_ros2_pkg/cmake/udemy_ros2_pkgConfig-version.cmake
[0.600s] -- Up-to-date: /home/serhat/workspace/install/udemy_ros2_pkg/share/udemy_ros2_pkg/package.xml
[0.602s] Invoked command in '/home/serhat/workspace/build/udemy_ros2_pkg' returned '0': CMAKE_PREFIX_PATH=${CMAKE_PREFIX_PATH}:/home/serhat/workspace/install/canopen_utils:/opt/ros/humble /usr/bin/cmake --install /home/serhat/workspace/build/udemy_ros2_pkg
