[0.012s] Invoking command in '/home/serhat/workspaces/build/usb_cam': CMAKE_PREFIX_PATH=${CMAKE_PREFIX_PATH}:/opt/ros/humble /usr/bin/cmake /home/serhat/workspaces/ros2_cpp_ws/src/usb_cam -DAMENT_CMAKE_SYMLINK_INSTALL=1 -DCMAKE_INSTALL_PREFIX=/home/serhat/workspaces/install/usb_cam
[0.021s] -- Found ament_cmake_auto: 1.3.3 (/opt/ros/humble/share/ament_cmake_auto/cmake)
[0.137s] -- Override CMake install command with custom implementation using symlinks instead of copying resources
[0.226s] -- Found rosidl_generator_c: 3.1.4 (/opt/ros/humble/share/rosidl_generator_c/cmake)
[0.228s] -- Found rosidl_adapter: 3.1.4 (/opt/ros/humble/share/rosidl_adapter/cmake)
[0.233s] -- Found rosidl_generator_cpp: 3.1.4 (/opt/ros/humble/share/rosidl_generator_cpp/cmake)
[0.243s] -- Using all available rosidl_typesupport_c: rosidl_typesupport_fastrtps_c;rosidl_typesupport_introspection_c
[0.258s] -- Using all available rosidl_typesupport_cpp: rosidl_typesupport_fastrtps_cpp;rosidl_typesupport_introspection_cpp
[0.516s] -- Found rmw_implementation_cmake: 6.1.1 (/opt/ros/humble/share/rmw_implementation_cmake/cmake)
[0.517s] -- Found rmw_fastrtps_cpp: 6.2.2 (/opt/ros/humble/share/rmw_fastrtps_cpp/cmake)
[0.636s] -- Using RMW implementation 'rmw_fastrtps_cpp' as default
[0.936s] -- Found ament_lint_auto: 0.12.5 (/opt/ros/humble/share/ament_lint_auto/cmake)
[0.941s] -- Found gtest sources under '/opt/ros/humble/src/gtest_vendor': C++ tests using 'Google Test' will be built
[0.951s] -- Added test 'copyright' to check source files copyright and LICENSE
[0.955s] -- Added test 'cppcheck' to perform static code analysis on C / C++ code
[0.955s] -- Configured cppcheck include dirs: /home/serhat/workspaces/ros2_cpp_ws/src/usb_cam/include
[0.956s] -- Configured cppcheck exclude dirs and/or files: 
[0.959s] -- Added test 'cpplint' to check C / C++ code against the Google style
[0.959s] -- Configured cpplint exclude dirs and/or files: 
[0.960s] -- Added test 'flake8' to check Python code syntax and style conventions
[0.961s] -- Added test 'lint_cmake' to check CMake code style
[0.962s] -- Added test 'pep257' to check Python code against some of the docstring style conventions in PEP 257
[0.965s] -- Added test 'uncrustify' to check C / C++ code style
[0.965s] -- Configured uncrustify additional arguments: 
[0.966s] -- Added test 'xmllint' to check XML markup files
[0.968s] -- Configuring done
[0.995s] -- Generating done
[0.998s] -- Build files have been written to: /home/serhat/workspaces/build/usb_cam
[1.005s] Invoked command in '/home/serhat/workspaces/build/usb_cam' returned '0': CMAKE_PREFIX_PATH=${CMAKE_PREFIX_PATH}:/opt/ros/humble /usr/bin/cmake /home/serhat/workspaces/ros2_cpp_ws/src/usb_cam -DAMENT_CMAKE_SYMLINK_INSTALL=1 -DCMAKE_INSTALL_PREFIX=/home/serhat/workspaces/install/usb_cam
[1.007s] Invoking command in '/home/serhat/workspaces/build/usb_cam': CMAKE_PREFIX_PATH=${CMAKE_PREFIX_PATH}:/opt/ros/humble /usr/bin/cmake --build /home/serhat/workspaces/build/usb_cam -- -j12 -l12
[1.041s] [35m[1mConsolidate compiler generated dependencies of target gtest_main[0m
[1.041s] [35m[1mConsolidate compiler generated dependencies of target usb_cam[0m
[1.042s] [35m[1mConsolidate compiler generated dependencies of target gtest[0m
[1.042s] [35m[1mConsolidate compiler generated dependencies of target usb_cam_node_exe[0m
[1.055s] [ 21%] Built target gtest_main
[1.055s] [ 42%] Built target usb_cam
[1.055s] [ 42%] Built target gtest
[1.059s] [ 57%] Built target usb_cam_node_exe
[1.064s] [35m[1mConsolidate compiler generated dependencies of target test_usb_cam_utils[0m
[1.064s] [35m[1mConsolidate compiler generated dependencies of target test_usb_cam_lib[0m
[1.064s] [35m[1mConsolidate compiler generated dependencies of target usb_cam_node[0m
[1.077s] [ 78%] Built target test_usb_cam_utils
[1.077s] [ 85%] Built target test_usb_cam_lib
[1.082s] [100%] Built target usb_cam_node
[1.091s] Invoked command in '/home/serhat/workspaces/build/usb_cam' returned '0': CMAKE_PREFIX_PATH=${CMAKE_PREFIX_PATH}:/opt/ros/humble /usr/bin/cmake --build /home/serhat/workspaces/build/usb_cam -- -j12 -l12
[1.132s] Invoking command in '/home/serhat/workspaces/build/usb_cam': CMAKE_PREFIX_PATH=${CMAKE_PREFIX_PATH}:/opt/ros/humble /usr/bin/cmake --install /home/serhat/workspaces/build/usb_cam
[1.139s] -- Install configuration: ""
[1.139s] -- Execute custom install script
[1.139s] -- Up-to-date symlink: /home/serhat/workspaces/install/usb_cam/share/usb_cam/environment/library_path.sh
[1.139s] -- Up-to-date symlink: /home/serhat/workspaces/install/usb_cam/share/usb_cam/environment/library_path.dsv
[1.140s] -- Up-to-date symlink: /home/serhat/workspaces/install/usb_cam/lib/usb_cam/usb_cam_node_exe
[1.140s] -- Up-to-date symlink: /home/serhat/workspaces/install/usb_cam/lib/usb_cam/show_image.py
[1.140s] -- Up-to-date symlink: /home/serhat/workspaces/install/usb_cam/lib/libusb_cam.so
[1.140s] -- Up-to-date symlink: /home/serhat/workspaces/install/usb_cam/lib/libusb_cam_node.so
[1.140s] -- Up-to-date symlink: /home/serhat/workspaces/install/usb_cam/include/usb_cam/constants.hpp
[1.141s] -- Up-to-date symlink: /home/serhat/workspaces/install/usb_cam/include/usb_cam/conversions.hpp
[1.141s] -- Up-to-date symlink: /home/serhat/workspaces/install/usb_cam/include/usb_cam/usb_cam.hpp
[1.141s] -- Up-to-date symlink: /home/serhat/workspaces/install/usb_cam/include/usb_cam/usb_cam_node.hpp
[1.141s] -- Up-to-date symlink: /home/serhat/workspaces/install/usb_cam/include/usb_cam/utils.hpp
[1.141s] -- Up-to-date symlink: /home/serhat/workspaces/install/usb_cam/lib/libusb_cam_node.so
[1.142s] -- Up-to-date symlink: /home/serhat/workspaces/install/usb_cam/share/usb_cam/launch/demo_launch.py
[1.142s] -- Up-to-date symlink: /home/serhat/workspaces/install/usb_cam/share/usb_cam/config/camera_info.yaml
[1.142s] -- Up-to-date symlink: /home/serhat/workspaces/install/usb_cam/share/usb_cam/config/params.yaml
[1.142s] -- Up-to-date symlink: /home/serhat/workspaces/install/usb_cam/share/ament_index/resource_index/package_run_dependencies/usb_cam
[1.143s] -- Up-to-date symlink: /home/serhat/workspaces/install/usb_cam/share/ament_index/resource_index/parent_prefix_path/usb_cam
[1.143s] -- Up-to-date symlink: /home/serhat/workspaces/install/usb_cam/share/usb_cam/environment/ament_prefix_path.sh
[1.143s] -- Up-to-date symlink: /home/serhat/workspaces/install/usb_cam/share/usb_cam/environment/ament_prefix_path.dsv
[1.143s] -- Up-to-date symlink: /home/serhat/workspaces/install/usb_cam/share/usb_cam/environment/path.sh
[1.143s] -- Up-to-date symlink: /home/serhat/workspaces/install/usb_cam/share/usb_cam/environment/path.dsv
[1.143s] -- Up-to-date symlink: /home/serhat/workspaces/install/usb_cam/share/usb_cam/local_setup.bash
[1.144s] -- Up-to-date symlink: /home/serhat/workspaces/install/usb_cam/share/usb_cam/local_setup.sh
[1.144s] -- Up-to-date symlink: /home/serhat/workspaces/install/usb_cam/share/usb_cam/local_setup.zsh
[1.144s] -- Up-to-date symlink: /home/serhat/workspaces/install/usb_cam/share/usb_cam/local_setup.dsv
[1.144s] -- Symlinking: /home/serhat/workspaces/install/usb_cam/share/usb_cam/package.dsv
[1.151s] -- Up-to-date symlink: /home/serhat/workspaces/install/usb_cam/share/ament_index/resource_index/packages/usb_cam
[1.151s] -- Up-to-date symlink: /home/serhat/workspaces/install/usb_cam/share/ament_index/resource_index/rclcpp_components/usb_cam
[1.151s] -- Up-to-date symlink: /home/serhat/workspaces/install/usb_cam/share/usb_cam/cmake/ament_cmake_export_libraries-extras.cmake
[1.152s] -- Up-to-date symlink: /home/serhat/workspaces/install/usb_cam/share/usb_cam/cmake/ament_cmake_export_dependencies-extras.cmake
[1.152s] -- Up-to-date symlink: /home/serhat/workspaces/install/usb_cam/share/usb_cam/cmake/ament_cmake_export_include_directories-extras.cmake
[1.152s] -- Up-to-date symlink: /home/serhat/workspaces/install/usb_cam/share/usb_cam/cmake/usb_camConfig.cmake
[1.152s] -- Up-to-date symlink: /home/serhat/workspaces/install/usb_cam/share/usb_cam/cmake/usb_camConfig-version.cmake
[1.152s] -- Up-to-date symlink: /home/serhat/workspaces/install/usb_cam/share/usb_cam/package.xml
[1.154s] Invoked command in '/home/serhat/workspaces/build/usb_cam' returned '0': CMAKE_PREFIX_PATH=${CMAKE_PREFIX_PATH}:/opt/ros/humble /usr/bin/cmake --install /home/serhat/workspaces/build/usb_cam
