[0.020s] Invoking command in '/home/serhat/workspace/build/canopen_base_driver': CMAKE_PREFIX_PATH=/home/serhat/workspace/install/canopen_core:/home/serhat/workspace/install/lely_core_libraries:/home/serhat/workspace/install/canopen_interfaces:/home/serhat/workspace/install/usb_cam:/home/serhat/workspace/install/udemy_ros2_pkg:/home/serhat/workspace/install/canopen_tests:/home/serhat/workspace/install/canopen:/home/serhat/workspace/install/canopen_402_driver:/home/serhat/workspace/install/canopen_proxy_driver:/home/serhat/workspace/install/canopen_mock_slave:/home/serhat/workspace/install/canopen_base_driver:/home/serhat/workspace/install/canopen_utils:/opt/ros/humble LD_LIBRARY_PATH=/home/serhat/workspace/install/canopen_core/lib:/home/serhat/workspace/install/lely_core_libraries/lib:/home/serhat/workspace/install/canopen_interfaces/lib:/home/serhat/workspace/install/usb_cam/lib:/home/serhat/workspace/install/udemy_ros2_pkg/lib:/home/serhat/workspace/install/canopen_402_driver/lib:/home/serhat/workspace/install/canopen_proxy_driver/lib:/home/serhat/workspace/install/canopen_base_driver/lib:/usr/lib/x86_64-linux-gnu/gazebo-11/plugins:/opt/ros/humble/opt/rviz_ogre_vendor/lib:/opt/ros/humble/lib/x86_64-linux-gnu:/opt/ros/humble/lib PYTHONPATH=/home/serhat/workspace/install/lely_core_libraries/lib/python3.10/site-packages:/home/serhat/workspace/install/udemy_ros2_pkg/local/lib/python3.10/dist-packages:/home/serhat/workspace/install/canopen_utils/lib/python3.10/site-packages:/home/serhat/workspace/install/canopen_interfaces/local/lib/python3.10/dist-packages:/opt/ros/humble/lib/python3.10/site-packages:/opt/ros/humble/local/lib/python3.10/dist-packages /usr/bin/cmake --build /home/serhat/workspace/build/canopen_base_driver -- -j12 -l12
[0.063s] [35m[1mConsolidate compiler generated dependencies of target lifecycle_canopen_base_driver[0m
[0.063s] [35m[1mConsolidate compiler generated dependencies of target canopen_base_driver[0m
[0.083s] [ 66%] [32mBuilding CXX object CMakeFiles/lifecycle_canopen_base_driver.dir/src/lifecycle_canopen_base_driver.cpp.o[0m
[0.083s] [ 66%] [32mBuilding CXX object CMakeFiles/canopen_base_driver.dir/src/lely_bridge.cpp.o[0m
[0.083s] [ 66%] [32mBuilding CXX object CMakeFiles/lifecycle_canopen_base_driver.dir/src/lely_bridge.cpp.o[0m
[0.083s] [ 66%] [32mBuilding CXX object CMakeFiles/canopen_base_driver.dir/src/canopen_base_driver.cpp.o[0m
[3.569s] [ 83%] [32m[1mLinking CXX shared library libcanopen_base_driver.so[0m
[3.752s] [ 83%] Built target canopen_base_driver
[4.054s] [100%] [32m[1mLinking CXX shared library liblifecycle_canopen_base_driver.so[0m
[4.272s] [100%] Built target lifecycle_canopen_base_driver
[4.282s] Invoked command in '/home/serhat/workspace/build/canopen_base_driver' returned '0': CMAKE_PREFIX_PATH=/home/serhat/workspace/install/canopen_core:/home/serhat/workspace/install/lely_core_libraries:/home/serhat/workspace/install/canopen_interfaces:/home/serhat/workspace/install/usb_cam:/home/serhat/workspace/install/udemy_ros2_pkg:/home/serhat/workspace/install/canopen_tests:/home/serhat/workspace/install/canopen:/home/serhat/workspace/install/canopen_402_driver:/home/serhat/workspace/install/canopen_proxy_driver:/home/serhat/workspace/install/canopen_mock_slave:/home/serhat/workspace/install/canopen_base_driver:/home/serhat/workspace/install/canopen_utils:/opt/ros/humble LD_LIBRARY_PATH=/home/serhat/workspace/install/canopen_core/lib:/home/serhat/workspace/install/lely_core_libraries/lib:/home/serhat/workspace/install/canopen_interfaces/lib:/home/serhat/workspace/install/usb_cam/lib:/home/serhat/workspace/install/udemy_ros2_pkg/lib:/home/serhat/workspace/install/canopen_402_driver/lib:/home/serhat/workspace/install/canopen_proxy_driver/lib:/home/serhat/workspace/install/canopen_base_driver/lib:/usr/lib/x86_64-linux-gnu/gazebo-11/plugins:/opt/ros/humble/opt/rviz_ogre_vendor/lib:/opt/ros/humble/lib/x86_64-linux-gnu:/opt/ros/humble/lib PYTHONPATH=/home/serhat/workspace/install/lely_core_libraries/lib/python3.10/site-packages:/home/serhat/workspace/install/udemy_ros2_pkg/local/lib/python3.10/dist-packages:/home/serhat/workspace/install/canopen_utils/lib/python3.10/site-packages:/home/serhat/workspace/install/canopen_interfaces/local/lib/python3.10/dist-packages:/opt/ros/humble/lib/python3.10/site-packages:/opt/ros/humble/local/lib/python3.10/dist-packages /usr/bin/cmake --build /home/serhat/workspace/build/canopen_base_driver -- -j12 -l12
[4.314s] Invoking command in '/home/serhat/workspace/build/canopen_base_driver': CMAKE_PREFIX_PATH=/home/serhat/workspace/install/canopen_core:/home/serhat/workspace/install/lely_core_libraries:/home/serhat/workspace/install/canopen_interfaces:/home/serhat/workspace/install/usb_cam:/home/serhat/workspace/install/udemy_ros2_pkg:/home/serhat/workspace/install/canopen_tests:/home/serhat/workspace/install/canopen:/home/serhat/workspace/install/canopen_402_driver:/home/serhat/workspace/install/canopen_proxy_driver:/home/serhat/workspace/install/canopen_mock_slave:/home/serhat/workspace/install/canopen_base_driver:/home/serhat/workspace/install/canopen_utils:/opt/ros/humble LD_LIBRARY_PATH=/home/serhat/workspace/install/canopen_core/lib:/home/serhat/workspace/install/lely_core_libraries/lib:/home/serhat/workspace/install/canopen_interfaces/lib:/home/serhat/workspace/install/usb_cam/lib:/home/serhat/workspace/install/udemy_ros2_pkg/lib:/home/serhat/workspace/install/canopen_402_driver/lib:/home/serhat/workspace/install/canopen_proxy_driver/lib:/home/serhat/workspace/install/canopen_base_driver/lib:/usr/lib/x86_64-linux-gnu/gazebo-11/plugins:/opt/ros/humble/opt/rviz_ogre_vendor/lib:/opt/ros/humble/lib/x86_64-linux-gnu:/opt/ros/humble/lib PYTHONPATH=/home/serhat/workspace/install/lely_core_libraries/lib/python3.10/site-packages:/home/serhat/workspace/install/udemy_ros2_pkg/local/lib/python3.10/dist-packages:/home/serhat/workspace/install/canopen_utils/lib/python3.10/site-packages:/home/serhat/workspace/install/canopen_interfaces/local/lib/python3.10/dist-packages:/opt/ros/humble/lib/python3.10/site-packages:/opt/ros/humble/local/lib/python3.10/dist-packages /usr/bin/cmake --install /home/serhat/workspace/build/canopen_base_driver
[4.320s] -- Install configuration: ""
[4.320s] -- Execute custom install script
[4.320s] -- Up-to-date symlink: /home/serhat/workspace/install/canopen_base_driver/include/canopen_base_driver/canopen_base_driver.hpp
[4.321s] -- Up-to-date symlink: /home/serhat/workspace/install/canopen_base_driver/include/canopen_base_driver/lely_bridge.hpp
[4.321s] -- Up-to-date symlink: /home/serhat/workspace/install/canopen_base_driver/include/canopen_base_driver/lifecycle_canopen_base_driver.hpp
[4.321s] -- Up-to-date symlink: /home/serhat/workspace/install/canopen_base_driver/include/canopen_base_driver/visibility_control.h
[4.321s] -- Up-to-date symlink: /home/serhat/workspace/install/canopen_base_driver/share/canopen_base_driver/environment/library_path.sh
[4.321s] -- Up-to-date symlink: /home/serhat/workspace/install/canopen_base_driver/share/canopen_base_driver/environment/library_path.dsv
[4.321s] -- Up-to-date symlink: /home/serhat/workspace/install/canopen_base_driver/share/ament_index/resource_index/package_run_dependencies/canopen_base_driver
[4.321s] -- Up-to-date symlink: /home/serhat/workspace/install/canopen_base_driver/share/ament_index/resource_index/parent_prefix_path/canopen_base_driver
[4.321s] -- Up-to-date symlink: /home/serhat/workspace/install/canopen_base_driver/share/canopen_base_driver/environment/ament_prefix_path.sh
[4.322s] -- Up-to-date symlink: /home/serhat/workspace/install/canopen_base_driver/share/canopen_base_driver/environment/ament_prefix_path.dsv
[4.322s] -- Up-to-date symlink: /home/serhat/workspace/install/canopen_base_driver/share/canopen_base_driver/environment/path.sh
[4.322s] -- Up-to-date symlink: /home/serhat/workspace/install/canopen_base_driver/share/canopen_base_driver/environment/path.dsv
[4.322s] -- Up-to-date symlink: /home/serhat/workspace/install/canopen_base_driver/share/canopen_base_driver/local_setup.bash
[4.322s] -- Up-to-date symlink: /home/serhat/workspace/install/canopen_base_driver/share/canopen_base_driver/local_setup.sh
[4.322s] -- Up-to-date symlink: /home/serhat/workspace/install/canopen_base_driver/share/canopen_base_driver/local_setup.zsh
[4.322s] -- Up-to-date symlink: /home/serhat/workspace/install/canopen_base_driver/share/canopen_base_driver/local_setup.dsv
[4.322s] -- Symlinking: /home/serhat/workspace/install/canopen_base_driver/share/canopen_base_driver/package.dsv
[4.331s] -- Up-to-date symlink: /home/serhat/workspace/install/canopen_base_driver/share/ament_index/resource_index/packages/canopen_base_driver
[4.331s] -- Up-to-date symlink: /home/serhat/workspace/install/canopen_base_driver/share/canopen_base_driver/cmake/ament_cmake_export_include_directories-extras.cmake
[4.331s] -- Up-to-date symlink: /home/serhat/workspace/install/canopen_base_driver/share/canopen_base_driver/cmake/ament_cmake_export_libraries-extras.cmake
[4.331s] -- Up-to-date symlink: /home/serhat/workspace/install/canopen_base_driver/share/canopen_base_driver/cmake/ament_cmake_export_targets-extras.cmake
[4.331s] -- Up-to-date symlink: /home/serhat/workspace/install/canopen_base_driver/share/canopen_base_driver/cmake/ament_cmake_export_dependencies-extras.cmake
[4.331s] -- Up-to-date symlink: /home/serhat/workspace/install/canopen_base_driver/share/canopen_base_driver/cmake/canopen_base_driverConfig.cmake
[4.331s] -- Up-to-date symlink: /home/serhat/workspace/install/canopen_base_driver/share/canopen_base_driver/cmake/canopen_base_driverConfig-version.cmake
[4.332s] -- Up-to-date symlink: /home/serhat/workspace/install/canopen_base_driver/share/canopen_base_driver/package.xml
[4.332s] -- Installing: /home/serhat/workspace/install/canopen_base_driver/lib/libcanopen_base_driver.so
[4.333s] -- Set runtime path of "/home/serhat/workspace/install/canopen_base_driver/lib/libcanopen_base_driver.so" to ""
[4.333s] -- Installing: /home/serhat/workspace/install/canopen_base_driver/lib/liblifecycle_canopen_base_driver.so
[4.335s] -- Set runtime path of "/home/serhat/workspace/install/canopen_base_driver/lib/liblifecycle_canopen_base_driver.so" to ""
[4.335s] -- Up-to-date: /home/serhat/workspace/install/canopen_base_driver/share/canopen_base_driver/cmake/export_canopen_base_driverExport.cmake
[4.335s] -- Up-to-date: /home/serhat/workspace/install/canopen_base_driver/share/canopen_base_driver/cmake/export_canopen_base_driverExport-noconfig.cmake
[4.336s] -- Up-to-date: /home/serhat/workspace/install/canopen_base_driver/share/canopen_base_driver/cmake/export_lifecycle_canopen_base_driverExport.cmake
[4.336s] -- Up-to-date: /home/serhat/workspace/install/canopen_base_driver/share/canopen_base_driver/cmake/export_lifecycle_canopen_base_driverExport-noconfig.cmake
[4.339s] Invoked command in '/home/serhat/workspace/build/canopen_base_driver' returned '0': CMAKE_PREFIX_PATH=/home/serhat/workspace/install/canopen_core:/home/serhat/workspace/install/lely_core_libraries:/home/serhat/workspace/install/canopen_interfaces:/home/serhat/workspace/install/usb_cam:/home/serhat/workspace/install/udemy_ros2_pkg:/home/serhat/workspace/install/canopen_tests:/home/serhat/workspace/install/canopen:/home/serhat/workspace/install/canopen_402_driver:/home/serhat/workspace/install/canopen_proxy_driver:/home/serhat/workspace/install/canopen_mock_slave:/home/serhat/workspace/install/canopen_base_driver:/home/serhat/workspace/install/canopen_utils:/opt/ros/humble LD_LIBRARY_PATH=/home/serhat/workspace/install/canopen_core/lib:/home/serhat/workspace/install/lely_core_libraries/lib:/home/serhat/workspace/install/canopen_interfaces/lib:/home/serhat/workspace/install/usb_cam/lib:/home/serhat/workspace/install/udemy_ros2_pkg/lib:/home/serhat/workspace/install/canopen_402_driver/lib:/home/serhat/workspace/install/canopen_proxy_driver/lib:/home/serhat/workspace/install/canopen_base_driver/lib:/usr/lib/x86_64-linux-gnu/gazebo-11/plugins:/opt/ros/humble/opt/rviz_ogre_vendor/lib:/opt/ros/humble/lib/x86_64-linux-gnu:/opt/ros/humble/lib PYTHONPATH=/home/serhat/workspace/install/lely_core_libraries/lib/python3.10/site-packages:/home/serhat/workspace/install/udemy_ros2_pkg/local/lib/python3.10/dist-packages:/home/serhat/workspace/install/canopen_utils/lib/python3.10/site-packages:/home/serhat/workspace/install/canopen_interfaces/local/lib/python3.10/dist-packages:/opt/ros/humble/lib/python3.10/site-packages:/opt/ros/humble/local/lib/python3.10/dist-packages /usr/bin/cmake --install /home/serhat/workspace/build/canopen_base_driver
