[0.022s] Invoking command in '/home/serhat/workspace/build/canopen_402_driver': CMAKE_PREFIX_PATH=/home/serhat/workspace/install/canopen_proxy_driver:/home/serhat/workspace/install/canopen_base_driver:/home/serhat/workspace/install/canopen_core:/home/serhat/workspace/install/lely_core_libraries:/home/serhat/workspace/install/canopen_interfaces:/home/serhat/workspace/install/usb_cam:/home/serhat/workspace/install/udemy_ros2_pkg:/home/serhat/workspace/install/canopen_tests:/home/serhat/workspace/install/canopen:/home/serhat/workspace/install/canopen_402_driver:/home/serhat/workspace/install/canopen_mock_slave:/home/serhat/workspace/install/canopen_utils:/opt/ros/humble LD_LIBRARY_PATH=/home/serhat/workspace/install/canopen_proxy_driver/lib:/home/serhat/workspace/install/canopen_base_driver/lib:/home/serhat/workspace/install/canopen_core/lib:/home/serhat/workspace/install/lely_core_libraries/lib:/home/serhat/workspace/install/canopen_interfaces/lib:/home/serhat/workspace/install/usb_cam/lib:/home/serhat/workspace/install/udemy_ros2_pkg/lib:/home/serhat/workspace/install/canopen_402_driver/lib:/usr/lib/x86_64-linux-gnu/gazebo-11/plugins:/opt/ros/humble/opt/rviz_ogre_vendor/lib:/opt/ros/humble/lib/x86_64-linux-gnu:/opt/ros/humble/lib PYTHONPATH=/home/serhat/workspace/install/lely_core_libraries/lib/python3.10/site-packages:/home/serhat/workspace/install/udemy_ros2_pkg/local/lib/python3.10/dist-packages:/home/serhat/workspace/install/canopen_utils/lib/python3.10/site-packages:/home/serhat/workspace/install/canopen_interfaces/local/lib/python3.10/dist-packages:/opt/ros/humble/lib/python3.10/site-packages:/opt/ros/humble/local/lib/python3.10/dist-packages /usr/bin/cmake --build /home/serhat/workspace/build/canopen_402_driver -- -j12 -l12
[0.066s] [35m[1mConsolidate compiler generated dependencies of target canopen_402_driver[0m
[0.066s] [35m[1mConsolidate compiler generated dependencies of target lifecycle_canopen_402_driver[0m
[0.092s] [ 16%] [32mBuilding CXX object CMakeFiles/canopen_402_driver.dir/src/canopen_402_driver.cpp.o[0m
[0.092s] [ 33%] [32mBuilding CXX object CMakeFiles/lifecycle_canopen_402_driver.dir/src/lifecycle_canopen_402_driver.cpp.o[0m
[0.092s] [ 50%] [32mBuilding CXX object CMakeFiles/canopen_402_driver.dir/src/motor.cpp.o[0m
[0.093s] [ 66%] [32mBuilding CXX object CMakeFiles/lifecycle_canopen_402_driver.dir/src/motor.cpp.o[0m
[7.753s] [ 83%] [32m[1mLinking CXX shared library liblifecycle_canopen_402_driver.so[0m
[8.380s] [ 83%] Built target lifecycle_canopen_402_driver
[12.676s] [100%] [32m[1mLinking CXX shared library libcanopen_402_driver.so[0m
[13.455s] [100%] Built target canopen_402_driver
[13.466s] Invoked command in '/home/serhat/workspace/build/canopen_402_driver' returned '0': CMAKE_PREFIX_PATH=/home/serhat/workspace/install/canopen_proxy_driver:/home/serhat/workspace/install/canopen_base_driver:/home/serhat/workspace/install/canopen_core:/home/serhat/workspace/install/lely_core_libraries:/home/serhat/workspace/install/canopen_interfaces:/home/serhat/workspace/install/usb_cam:/home/serhat/workspace/install/udemy_ros2_pkg:/home/serhat/workspace/install/canopen_tests:/home/serhat/workspace/install/canopen:/home/serhat/workspace/install/canopen_402_driver:/home/serhat/workspace/install/canopen_mock_slave:/home/serhat/workspace/install/canopen_utils:/opt/ros/humble LD_LIBRARY_PATH=/home/serhat/workspace/install/canopen_proxy_driver/lib:/home/serhat/workspace/install/canopen_base_driver/lib:/home/serhat/workspace/install/canopen_core/lib:/home/serhat/workspace/install/lely_core_libraries/lib:/home/serhat/workspace/install/canopen_interfaces/lib:/home/serhat/workspace/install/usb_cam/lib:/home/serhat/workspace/install/udemy_ros2_pkg/lib:/home/serhat/workspace/install/canopen_402_driver/lib:/usr/lib/x86_64-linux-gnu/gazebo-11/plugins:/opt/ros/humble/opt/rviz_ogre_vendor/lib:/opt/ros/humble/lib/x86_64-linux-gnu:/opt/ros/humble/lib PYTHONPATH=/home/serhat/workspace/install/lely_core_libraries/lib/python3.10/site-packages:/home/serhat/workspace/install/udemy_ros2_pkg/local/lib/python3.10/dist-packages:/home/serhat/workspace/install/canopen_utils/lib/python3.10/site-packages:/home/serhat/workspace/install/canopen_interfaces/local/lib/python3.10/dist-packages:/opt/ros/humble/lib/python3.10/site-packages:/opt/ros/humble/local/lib/python3.10/dist-packages /usr/bin/cmake --build /home/serhat/workspace/build/canopen_402_driver -- -j12 -l12
[13.498s] Invoking command in '/home/serhat/workspace/build/canopen_402_driver': CMAKE_PREFIX_PATH=/home/serhat/workspace/install/canopen_proxy_driver:/home/serhat/workspace/install/canopen_base_driver:/home/serhat/workspace/install/canopen_core:/home/serhat/workspace/install/lely_core_libraries:/home/serhat/workspace/install/canopen_interfaces:/home/serhat/workspace/install/usb_cam:/home/serhat/workspace/install/udemy_ros2_pkg:/home/serhat/workspace/install/canopen_tests:/home/serhat/workspace/install/canopen:/home/serhat/workspace/install/canopen_402_driver:/home/serhat/workspace/install/canopen_mock_slave:/home/serhat/workspace/install/canopen_utils:/opt/ros/humble LD_LIBRARY_PATH=/home/serhat/workspace/install/canopen_proxy_driver/lib:/home/serhat/workspace/install/canopen_base_driver/lib:/home/serhat/workspace/install/canopen_core/lib:/home/serhat/workspace/install/lely_core_libraries/lib:/home/serhat/workspace/install/canopen_interfaces/lib:/home/serhat/workspace/install/usb_cam/lib:/home/serhat/workspace/install/udemy_ros2_pkg/lib:/home/serhat/workspace/install/canopen_402_driver/lib:/usr/lib/x86_64-linux-gnu/gazebo-11/plugins:/opt/ros/humble/opt/rviz_ogre_vendor/lib:/opt/ros/humble/lib/x86_64-linux-gnu:/opt/ros/humble/lib PYTHONPATH=/home/serhat/workspace/install/lely_core_libraries/lib/python3.10/site-packages:/home/serhat/workspace/install/udemy_ros2_pkg/local/lib/python3.10/dist-packages:/home/serhat/workspace/install/canopen_utils/lib/python3.10/site-packages:/home/serhat/workspace/install/canopen_interfaces/local/lib/python3.10/dist-packages:/opt/ros/humble/lib/python3.10/site-packages:/opt/ros/humble/local/lib/python3.10/dist-packages /usr/bin/cmake --install /home/serhat/workspace/build/canopen_402_driver
[13.504s] -- Install configuration: ""
[13.505s] -- Execute custom install script
[13.505s] -- Up-to-date symlink: /home/serhat/workspace/install/canopen_402_driver/include/canopen_402_driver/base.hpp
[13.505s] -- Up-to-date symlink: /home/serhat/workspace/install/canopen_402_driver/include/canopen_402_driver/canopen_402_driver.hpp
[13.505s] -- Up-to-date symlink: /home/serhat/workspace/install/canopen_402_driver/include/canopen_402_driver/lifecycle_canopen_402_driver.hpp
[13.505s] -- Up-to-date symlink: /home/serhat/workspace/install/canopen_402_driver/include/canopen_402_driver/mc_device_driver.hpp
[13.506s] -- Up-to-date symlink: /home/serhat/workspace/install/canopen_402_driver/include/canopen_402_driver/motor.hpp
[13.506s] -- Up-to-date symlink: /home/serhat/workspace/install/canopen_402_driver/include/canopen_402_driver/visibility_control.h
[13.506s] -- Up-to-date symlink: /home/serhat/workspace/install/canopen_402_driver/share/canopen_402_driver/environment/library_path.sh
[13.506s] -- Up-to-date symlink: /home/serhat/workspace/install/canopen_402_driver/share/canopen_402_driver/environment/library_path.dsv
[13.506s] -- Up-to-date symlink: /home/serhat/workspace/install/canopen_402_driver/share/ament_index/resource_index/package_run_dependencies/canopen_402_driver
[13.506s] -- Up-to-date symlink: /home/serhat/workspace/install/canopen_402_driver/share/ament_index/resource_index/parent_prefix_path/canopen_402_driver
[13.506s] -- Up-to-date symlink: /home/serhat/workspace/install/canopen_402_driver/share/canopen_402_driver/environment/ament_prefix_path.sh
[13.506s] -- Up-to-date symlink: /home/serhat/workspace/install/canopen_402_driver/share/canopen_402_driver/environment/ament_prefix_path.dsv
[13.506s] -- Up-to-date symlink: /home/serhat/workspace/install/canopen_402_driver/share/canopen_402_driver/environment/path.sh
[13.507s] -- Up-to-date symlink: /home/serhat/workspace/install/canopen_402_driver/share/canopen_402_driver/environment/path.dsv
[13.507s] -- Up-to-date symlink: /home/serhat/workspace/install/canopen_402_driver/share/canopen_402_driver/local_setup.bash
[13.507s] -- Up-to-date symlink: /home/serhat/workspace/install/canopen_402_driver/share/canopen_402_driver/local_setup.sh
[13.507s] -- Up-to-date symlink: /home/serhat/workspace/install/canopen_402_driver/share/canopen_402_driver/local_setup.zsh
[13.507s] -- Up-to-date symlink: /home/serhat/workspace/install/canopen_402_driver/share/canopen_402_driver/local_setup.dsv
[13.507s] -- Symlinking: /home/serhat/workspace/install/canopen_402_driver/share/canopen_402_driver/package.dsv
[13.515s] -- Up-to-date symlink: /home/serhat/workspace/install/canopen_402_driver/share/ament_index/resource_index/packages/canopen_402_driver
[13.515s] -- Up-to-date symlink: /home/serhat/workspace/install/canopen_402_driver/share/ament_index/resource_index/rclcpp_components/canopen_402_driver
[13.516s] -- Up-to-date symlink: /home/serhat/workspace/install/canopen_402_driver/share/canopen_402_driver/cmake/ament_cmake_export_include_directories-extras.cmake
[13.516s] -- Up-to-date symlink: /home/serhat/workspace/install/canopen_402_driver/share/canopen_402_driver/cmake/ament_cmake_export_libraries-extras.cmake
[13.516s] -- Up-to-date symlink: /home/serhat/workspace/install/canopen_402_driver/share/canopen_402_driver/cmake/ament_cmake_export_targets-extras.cmake
[13.516s] -- Up-to-date symlink: /home/serhat/workspace/install/canopen_402_driver/share/canopen_402_driver/cmake/canopen_402_driverConfig.cmake
[13.516s] -- Up-to-date symlink: /home/serhat/workspace/install/canopen_402_driver/share/canopen_402_driver/cmake/canopen_402_driverConfig-version.cmake
[13.516s] -- Up-to-date symlink: /home/serhat/workspace/install/canopen_402_driver/share/canopen_402_driver/package.xml
[13.516s] -- Installing: /home/serhat/workspace/install/canopen_402_driver/lib/libcanopen_402_driver.so
[13.530s] -- Set runtime path of "/home/serhat/workspace/install/canopen_402_driver/lib/libcanopen_402_driver.so" to ""
[13.530s] -- Installing: /home/serhat/workspace/install/canopen_402_driver/lib/liblifecycle_canopen_402_driver.so
[13.537s] -- Set runtime path of "/home/serhat/workspace/install/canopen_402_driver/lib/liblifecycle_canopen_402_driver.so" to ""
[13.537s] -- Up-to-date: /home/serhat/workspace/install/canopen_402_driver/share/canopen_402_driver/cmake/export_canopen_402_driverExport.cmake
[13.537s] -- Up-to-date: /home/serhat/workspace/install/canopen_402_driver/share/canopen_402_driver/cmake/export_canopen_402_driverExport-noconfig.cmake
[13.537s] -- Up-to-date: /home/serhat/workspace/install/canopen_402_driver/share/canopen_402_driver/cmake/export_lifecycle_canopen_402_driverExport.cmake
[13.537s] -- Up-to-date: /home/serhat/workspace/install/canopen_402_driver/share/canopen_402_driver/cmake/export_lifecycle_canopen_402_driverExport-noconfig.cmake
[13.541s] Invoked command in '/home/serhat/workspace/build/canopen_402_driver' returned '0': CMAKE_PREFIX_PATH=/home/serhat/workspace/install/canopen_proxy_driver:/home/serhat/workspace/install/canopen_base_driver:/home/serhat/workspace/install/canopen_core:/home/serhat/workspace/install/lely_core_libraries:/home/serhat/workspace/install/canopen_interfaces:/home/serhat/workspace/install/usb_cam:/home/serhat/workspace/install/udemy_ros2_pkg:/home/serhat/workspace/install/canopen_tests:/home/serhat/workspace/install/canopen:/home/serhat/workspace/install/canopen_402_driver:/home/serhat/workspace/install/canopen_mock_slave:/home/serhat/workspace/install/canopen_utils:/opt/ros/humble LD_LIBRARY_PATH=/home/serhat/workspace/install/canopen_proxy_driver/lib:/home/serhat/workspace/install/canopen_base_driver/lib:/home/serhat/workspace/install/canopen_core/lib:/home/serhat/workspace/install/lely_core_libraries/lib:/home/serhat/workspace/install/canopen_interfaces/lib:/home/serhat/workspace/install/usb_cam/lib:/home/serhat/workspace/install/udemy_ros2_pkg/lib:/home/serhat/workspace/install/canopen_402_driver/lib:/usr/lib/x86_64-linux-gnu/gazebo-11/plugins:/opt/ros/humble/opt/rviz_ogre_vendor/lib:/opt/ros/humble/lib/x86_64-linux-gnu:/opt/ros/humble/lib PYTHONPATH=/home/serhat/workspace/install/lely_core_libraries/lib/python3.10/site-packages:/home/serhat/workspace/install/udemy_ros2_pkg/local/lib/python3.10/dist-packages:/home/serhat/workspace/install/canopen_utils/lib/python3.10/site-packages:/home/serhat/workspace/install/canopen_interfaces/local/lib/python3.10/dist-packages:/opt/ros/humble/lib/python3.10/site-packages:/opt/ros/humble/local/lib/python3.10/dist-packages /usr/bin/cmake --install /home/serhat/workspace/build/canopen_402_driver
