[0.049s] Invoking command in '/home/serhat/workspace/build/canopen_interfaces': CMAKE_PREFIX_PATH=${CMAKE_PREFIX_PATH}:/home/serhat/workspace/install/canopen_utils:/opt/ros/humble /usr/bin/cmake /home/serhat/workspace/ros2_canopen/canopen_interfaces -DCMAKE_INSTALL_PREFIX=/home/serhat/workspace/install/canopen_interfaces
[0.107s] -- Found ament_cmake: 1.3.3 (/opt/ros/humble/share/ament_cmake/cmake)
[0.285s] -- Override CMake install command with custom implementation using symlinks instead of copying resources
[0.346s] -- Found rosidl_default_generators: 1.2.0 (/opt/ros/humble/share/rosidl_default_generators/cmake)
[0.352s] -- Using all available rosidl_typesupport_c: rosidl_typesupport_fastrtps_c;rosidl_typesupport_introspection_c
[0.355s] -- Found rosidl_adapter: 3.1.4 (/opt/ros/humble/share/rosidl_adapter/cmake)
[0.389s] -- Using all available rosidl_typesupport_cpp: rosidl_typesupport_fastrtps_cpp;rosidl_typesupport_introspection_cpp
[0.918s] -- Found ament_cmake_ros: 0.10.0 (/opt/ros/humble/share/ament_cmake_ros/cmake)
[1.102s] -- Using all available rosidl_typesupport_c: rosidl_typesupport_fastrtps_c;rosidl_typesupport_introspection_c
[1.329s] -- Using all available rosidl_typesupport_cpp: rosidl_typesupport_fastrtps_cpp;rosidl_typesupport_introspection_cpp
[1.350s] -- Found python_cmake_module: 0.10.0 (/opt/ros/humble/share/python_cmake_module/cmake)
[1.414s] -- Using PYTHON_EXECUTABLE: /usr/bin/python3
[1.414s] -- Using PYTHON_INCLUDE_DIRS: /usr/include/python3.10
[1.414s] -- Using PYTHON_LIBRARIES: /usr/lib/x86_64-linux-gnu/libpython3.10.so
[1.461s] -- Found ament_lint_auto: 0.12.5 (/opt/ros/humble/share/ament_lint_auto/cmake)
[1.521s] -- Added test 'copyright' to check source files copyright and LICENSE
[1.523s] -- Added test 'lint_cmake' to check CMake code style
[1.524s] -- Added test 'xmllint' to check XML markup files
[1.553s] -- Configuring done
[1.997s] -- Generating done
[2.024s] -- Build files have been written to: /home/serhat/workspace/build/canopen_interfaces
[2.032s] Invoked command in '/home/serhat/workspace/build/canopen_interfaces' returned '0': CMAKE_PREFIX_PATH=${CMAKE_PREFIX_PATH}:/home/serhat/workspace/install/canopen_utils:/opt/ros/humble /usr/bin/cmake /home/serhat/workspace/ros2_canopen/canopen_interfaces -DCMAKE_INSTALL_PREFIX=/home/serhat/workspace/install/canopen_interfaces
[2.034s] Invoking command in '/home/serhat/workspace/build/canopen_interfaces': CMAKE_PREFIX_PATH=${CMAKE_PREFIX_PATH}:/home/serhat/workspace/install/canopen_utils:/opt/ros/humble /usr/bin/cmake --build /home/serhat/workspace/build/canopen_interfaces -- -j12 -l12
[2.088s] [  1%] Built target canopen_interfaces__cpp
[2.092s] [35m[1mConsolidate compiler generated dependencies of target canopen_interfaces__rosidl_generator_c[0m
[2.096s] [  1%] Built target ament_cmake_python_symlink_canopen_interfaces
[2.109s] [ 12%] Built target canopen_interfaces__rosidl_generator_c
[2.194s] [35m[1mConsolidate compiler generated dependencies of target canopen_interfaces__rosidl_typesupport_cpp[0m
[2.197s] [35m[1mConsolidate compiler generated dependencies of target canopen_interfaces__rosidl_typesupport_c[0m
[2.200s] [35m[1mConsolidate compiler generated dependencies of target canopen_interfaces__rosidl_typesupport_introspection_c[0m
[2.210s] [ 24%] Built target canopen_interfaces__rosidl_typesupport_c
[2.213s] [ 47%] Built target canopen_interfaces__rosidl_typesupport_introspection_c
[2.214s] [ 47%] Built target canopen_interfaces__rosidl_typesupport_cpp
[2.342s] [35m[1mConsolidate compiler generated dependencies of target canopen_interfaces__rosidl_typesupport_introspection_cpp[0m
[2.361s] [ 58%] Built target canopen_interfaces__rosidl_typesupport_introspection_cpp
[2.408s] [35m[1mConsolidate compiler generated dependencies of target canopen_interfaces__rosidl_typesupport_fastrtps_cpp[0m
[2.410s] running egg_info
[2.411s] writing canopen_interfaces.egg-info/PKG-INFO
[2.411s] writing dependency_links to canopen_interfaces.egg-info/dependency_links.txt
[2.411s] writing top-level names to canopen_interfaces.egg-info/top_level.txt
[2.414s] reading manifest file 'canopen_interfaces.egg-info/SOURCES.txt'
[2.416s] [35m[1mConsolidate compiler generated dependencies of target canopen_interfaces__rosidl_typesupport_fastrtps_c[0m
[2.432s] [ 70%] Built target canopen_interfaces__rosidl_typesupport_fastrtps_cpp
[2.437s] [ 82%] Built target canopen_interfaces__rosidl_typesupport_fastrtps_c
[2.449s] writing manifest file 'canopen_interfaces.egg-info/SOURCES.txt'
[2.458s] [ 82%] Built target canopen_interfaces
[2.473s] [ 82%] Built target ament_cmake_python_build_canopen_interfaces_egg
[2.479s] [ 83%] Built target canopen_interfaces__py
[2.492s] [35m[1mConsolidate compiler generated dependencies of target canopen_interfaces__rosidl_generator_py[0m
[2.511s] [ 93%] Built target canopen_interfaces__rosidl_generator_py
[2.521s] [35m[1mConsolidate compiler generated dependencies of target canopen_interfaces__rosidl_typesupport_introspection_c__pyext[0m
[2.521s] [35m[1mConsolidate compiler generated dependencies of target canopen_interfaces__rosidl_typesupport_fastrtps_c__pyext[0m
[2.522s] [35m[1mConsolidate compiler generated dependencies of target canopen_interfaces__rosidl_typesupport_c__pyext[0m
[2.537s] [ 95%] Built target canopen_interfaces__rosidl_typesupport_fastrtps_c__pyext
[2.537s] [ 97%] Built target canopen_interfaces__rosidl_typesupport_introspection_c__pyext
[2.537s] [100%] Built target canopen_interfaces__rosidl_typesupport_c__pyext
[2.551s] Invoked command in '/home/serhat/workspace/build/canopen_interfaces' returned '0': CMAKE_PREFIX_PATH=${CMAKE_PREFIX_PATH}:/home/serhat/workspace/install/canopen_utils:/opt/ros/humble /usr/bin/cmake --build /home/serhat/workspace/build/canopen_interfaces -- -j12 -l12
[2.812s] Invoking command in '/home/serhat/workspace/build/canopen_interfaces': CMAKE_PREFIX_PATH=${CMAKE_PREFIX_PATH}:/home/serhat/workspace/install/canopen_utils:/opt/ros/humble /usr/bin/cmake --install /home/serhat/workspace/build/canopen_interfaces
[2.819s] -- Install configuration: ""
[2.819s] -- Execute custom install script
[2.820s] -- Up-to-date symlink: /home/serhat/workspace/install/canopen_interfaces/share/ament_index/resource_index/rosidl_interfaces/canopen_interfaces
[2.820s] -- Up-to-date symlink: /home/serhat/workspace/install/canopen_interfaces/include/canopen_interfaces/canopen_interfaces/msg/co_data.h
[2.820s] -- Up-to-date symlink: /home/serhat/workspace/install/canopen_interfaces/include/canopen_interfaces/canopen_interfaces/msg/detail/co_data__functions.h
[2.821s] -- Up-to-date symlink: /home/serhat/workspace/install/canopen_interfaces/include/canopen_interfaces/canopen_interfaces/msg/detail/co_data__struct.h
[2.821s] -- Up-to-date symlink: /home/serhat/workspace/install/canopen_interfaces/include/canopen_interfaces/canopen_interfaces/msg/detail/co_data__type_support.h
[2.821s] -- Up-to-date symlink: /home/serhat/workspace/install/canopen_interfaces/include/canopen_interfaces/canopen_interfaces/msg/rosidl_generator_c__visibility_control.h
[2.821s] -- Up-to-date symlink: /home/serhat/workspace/install/canopen_interfaces/include/canopen_interfaces/canopen_interfaces/srv/co_heartbeat_id.h
[2.821s] -- Up-to-date symlink: /home/serhat/workspace/install/canopen_interfaces/include/canopen_interfaces/canopen_interfaces/srv/co_nmt_id.h
[2.822s] -- Up-to-date symlink: /home/serhat/workspace/install/canopen_interfaces/include/canopen_interfaces/canopen_interfaces/srv/co_node.h
[2.822s] -- Up-to-date symlink: /home/serhat/workspace/install/canopen_interfaces/include/canopen_interfaces/canopen_interfaces/srv/co_read.h
[2.822s] -- Up-to-date symlink: /home/serhat/workspace/install/canopen_interfaces/include/canopen_interfaces/canopen_interfaces/srv/co_read_id.h
[2.822s] -- Up-to-date symlink: /home/serhat/workspace/install/canopen_interfaces/include/canopen_interfaces/canopen_interfaces/srv/co_target_double.h
[2.822s] -- Up-to-date symlink: /home/serhat/workspace/install/canopen_interfaces/include/canopen_interfaces/canopen_interfaces/srv/co_write.h
[2.822s] -- Up-to-date symlink: /home/serhat/workspace/install/canopen_interfaces/include/canopen_interfaces/canopen_interfaces/srv/co_write_id.h
[2.823s] -- Up-to-date symlink: /home/serhat/workspace/install/canopen_interfaces/include/canopen_interfaces/canopen_interfaces/srv/detail/co_heartbeat_id__functions.h
[2.823s] -- Up-to-date symlink: /home/serhat/workspace/install/canopen_interfaces/include/canopen_interfaces/canopen_interfaces/srv/detail/co_heartbeat_id__struct.h
[2.823s] -- Up-to-date symlink: /home/serhat/workspace/install/canopen_interfaces/include/canopen_interfaces/canopen_interfaces/srv/detail/co_heartbeat_id__type_support.h
[2.823s] -- Up-to-date symlink: /home/serhat/workspace/install/canopen_interfaces/include/canopen_interfaces/canopen_interfaces/srv/detail/co_nmt_id__functions.h
[2.823s] -- Up-to-date symlink: /home/serhat/workspace/install/canopen_interfaces/include/canopen_interfaces/canopen_interfaces/srv/detail/co_nmt_id__struct.h
[2.823s] -- Up-to-date symlink: /home/serhat/workspace/install/canopen_interfaces/include/canopen_interfaces/canopen_interfaces/srv/detail/co_nmt_id__type_support.h
[2.823s] -- Up-to-date symlink: /home/serhat/workspace/install/canopen_interfaces/include/canopen_interfaces/canopen_interfaces/srv/detail/co_node__functions.h
[2.824s] -- Up-to-date symlink: /home/serhat/workspace/install/canopen_interfaces/include/canopen_interfaces/canopen_interfaces/srv/detail/co_node__struct.h
[2.824s] -- Up-to-date symlink: /home/serhat/workspace/install/canopen_interfaces/include/canopen_interfaces/canopen_interfaces/srv/detail/co_node__type_support.h
[2.824s] -- Up-to-date symlink: /home/serhat/workspace/install/canopen_interfaces/include/canopen_interfaces/canopen_interfaces/srv/detail/co_read__functions.h
[2.824s] -- Up-to-date symlink: /home/serhat/workspace/install/canopen_interfaces/include/canopen_interfaces/canopen_interfaces/srv/detail/co_read__struct.h
[2.824s] -- Up-to-date symlink: /home/serhat/workspace/install/canopen_interfaces/include/canopen_interfaces/canopen_interfaces/srv/detail/co_read__type_support.h
[2.824s] -- Up-to-date symlink: /home/serhat/workspace/install/canopen_interfaces/include/canopen_interfaces/canopen_interfaces/srv/detail/co_read_id__functions.h
[2.824s] -- Up-to-date symlink: /home/serhat/workspace/install/canopen_interfaces/include/canopen_interfaces/canopen_interfaces/srv/detail/co_read_id__struct.h
[2.825s] -- Up-to-date symlink: /home/serhat/workspace/install/canopen_interfaces/include/canopen_interfaces/canopen_interfaces/srv/detail/co_read_id__type_support.h
[2.825s] -- Up-to-date symlink: /home/serhat/workspace/install/canopen_interfaces/include/canopen_interfaces/canopen_interfaces/srv/detail/co_target_double__functions.h
[2.825s] -- Up-to-date symlink: /home/serhat/workspace/install/canopen_interfaces/include/canopen_interfaces/canopen_interfaces/srv/detail/co_target_double__struct.h
[2.825s] -- Up-to-date symlink: /home/serhat/workspace/install/canopen_interfaces/include/canopen_interfaces/canopen_interfaces/srv/detail/co_target_double__type_support.h
[2.825s] -- Up-to-date symlink: /home/serhat/workspace/install/canopen_interfaces/include/canopen_interfaces/canopen_interfaces/srv/detail/co_write__functions.h
[2.825s] -- Up-to-date symlink: /home/serhat/workspace/install/canopen_interfaces/include/canopen_interfaces/canopen_interfaces/srv/detail/co_write__struct.h
[2.826s] -- Up-to-date symlink: /home/serhat/workspace/install/canopen_interfaces/include/canopen_interfaces/canopen_interfaces/srv/detail/co_write__type_support.h
[2.826s] -- Up-to-date symlink: /home/serhat/workspace/install/canopen_interfaces/include/canopen_interfaces/canopen_interfaces/srv/detail/co_write_id__functions.h
[2.826s] -- Up-to-date symlink: /home/serhat/workspace/install/canopen_interfaces/include/canopen_interfaces/canopen_interfaces/srv/detail/co_write_id__struct.h
[2.826s] -- Up-to-date symlink: /home/serhat/workspace/install/canopen_interfaces/include/canopen_interfaces/canopen_interfaces/srv/detail/co_write_id__type_support.h
[2.826s] -- Up-to-date symlink: /home/serhat/workspace/install/canopen_interfaces/share/canopen_interfaces/environment/library_path.sh
[2.826s] -- Up-to-date symlink: /home/serhat/workspace/install/canopen_interfaces/share/canopen_interfaces/environment/library_path.dsv
[2.827s] -- Up-to-date symlink: /home/serhat/workspace/install/canopen_interfaces/include/canopen_interfaces/canopen_interfaces/msg/detail/co_data__rosidl_typesupport_fastrtps_c.h
[2.828s] -- Up-to-date symlink: /home/serhat/workspace/install/canopen_interfaces/include/canopen_interfaces/canopen_interfaces/msg/rosidl_typesupport_fastrtps_c__visibility_control.h
[2.828s] -- Up-to-date symlink: /home/serhat/workspace/install/canopen_interfaces/include/canopen_interfaces/canopen_interfaces/srv/detail/co_heartbeat_id__rosidl_typesupport_fastrtps_c.h
[2.828s] -- Up-to-date symlink: /home/serhat/workspace/install/canopen_interfaces/include/canopen_interfaces/canopen_interfaces/srv/detail/co_nmt_id__rosidl_typesupport_fastrtps_c.h
[2.828s] -- Up-to-date symlink: /home/serhat/workspace/install/canopen_interfaces/include/canopen_interfaces/canopen_interfaces/srv/detail/co_node__rosidl_typesupport_fastrtps_c.h
[2.828s] -- Up-to-date symlink: /home/serhat/workspace/install/canopen_interfaces/include/canopen_interfaces/canopen_interfaces/srv/detail/co_read__rosidl_typesupport_fastrtps_c.h
[2.828s] -- Up-to-date symlink: /home/serhat/workspace/install/canopen_interfaces/include/canopen_interfaces/canopen_interfaces/srv/detail/co_read_id__rosidl_typesupport_fastrtps_c.h
[2.828s] -- Up-to-date symlink: /home/serhat/workspace/install/canopen_interfaces/include/canopen_interfaces/canopen_interfaces/srv/detail/co_target_double__rosidl_typesupport_fastrtps_c.h
[2.829s] -- Up-to-date symlink: /home/serhat/workspace/install/canopen_interfaces/include/canopen_interfaces/canopen_interfaces/srv/detail/co_write__rosidl_typesupport_fastrtps_c.h
[2.829s] -- Up-to-date symlink: /home/serhat/workspace/install/canopen_interfaces/include/canopen_interfaces/canopen_interfaces/srv/detail/co_write_id__rosidl_typesupport_fastrtps_c.h
[2.829s] -- Up-to-date symlink: /home/serhat/workspace/install/canopen_interfaces/include/canopen_interfaces/canopen_interfaces/msg/detail/co_data__rosidl_typesupport_introspection_c.h
[2.829s] -- Up-to-date symlink: /home/serhat/workspace/install/canopen_interfaces/include/canopen_interfaces/canopen_interfaces/msg/rosidl_typesupport_introspection_c__visibility_control.h
[2.830s] -- Up-to-date symlink: /home/serhat/workspace/install/canopen_interfaces/include/canopen_interfaces/canopen_interfaces/srv/detail/co_heartbeat_id__rosidl_typesupport_introspection_c.h
[2.830s] -- Up-to-date symlink: /home/serhat/workspace/install/canopen_interfaces/include/canopen_interfaces/canopen_interfaces/srv/detail/co_nmt_id__rosidl_typesupport_introspection_c.h
[2.830s] -- Up-to-date symlink: /home/serhat/workspace/install/canopen_interfaces/include/canopen_interfaces/canopen_interfaces/srv/detail/co_node__rosidl_typesupport_introspection_c.h
[2.830s] -- Up-to-date symlink: /home/serhat/workspace/install/canopen_interfaces/include/canopen_interfaces/canopen_interfaces/srv/detail/co_read__rosidl_typesupport_introspection_c.h
[2.830s] -- Up-to-date symlink: /home/serhat/workspace/install/canopen_interfaces/include/canopen_interfaces/canopen_interfaces/srv/detail/co_read_id__rosidl_typesupport_introspection_c.h
[2.830s] -- Up-to-date symlink: /home/serhat/workspace/install/canopen_interfaces/include/canopen_interfaces/canopen_interfaces/srv/detail/co_target_double__rosidl_typesupport_introspection_c.h
[2.830s] -- Up-to-date symlink: /home/serhat/workspace/install/canopen_interfaces/include/canopen_interfaces/canopen_interfaces/srv/detail/co_write__rosidl_typesupport_introspection_c.h
[2.831s] -- Up-to-date symlink: /home/serhat/workspace/install/canopen_interfaces/include/canopen_interfaces/canopen_interfaces/srv/detail/co_write_id__rosidl_typesupport_introspection_c.h
[2.832s] -- Up-to-date symlink: /home/serhat/workspace/install/canopen_interfaces/include/canopen_interfaces/canopen_interfaces/msg/co_data.hpp
[2.832s] -- Up-to-date symlink: /home/serhat/workspace/install/canopen_interfaces/include/canopen_interfaces/canopen_interfaces/msg/detail/co_data__builder.hpp
[2.832s] -- Up-to-date symlink: /home/serhat/workspace/install/canopen_interfaces/include/canopen_interfaces/canopen_interfaces/msg/detail/co_data__struct.hpp
[2.832s] -- Up-to-date symlink: /home/serhat/workspace/install/canopen_interfaces/include/canopen_interfaces/canopen_interfaces/msg/detail/co_data__traits.hpp
[2.832s] -- Up-to-date symlink: /home/serhat/workspace/install/canopen_interfaces/include/canopen_interfaces/canopen_interfaces/srv/co_heartbeat_id.hpp
[2.832s] -- Up-to-date symlink: /home/serhat/workspace/install/canopen_interfaces/include/canopen_interfaces/canopen_interfaces/srv/co_nmt_id.hpp
[2.832s] -- Up-to-date symlink: /home/serhat/workspace/install/canopen_interfaces/include/canopen_interfaces/canopen_interfaces/srv/co_node.hpp
[2.833s] -- Up-to-date symlink: /home/serhat/workspace/install/canopen_interfaces/include/canopen_interfaces/canopen_interfaces/srv/co_read.hpp
[2.833s] -- Up-to-date symlink: /home/serhat/workspace/install/canopen_interfaces/include/canopen_interfaces/canopen_interfaces/srv/co_read_id.hpp
[2.833s] -- Up-to-date symlink: /home/serhat/workspace/install/canopen_interfaces/include/canopen_interfaces/canopen_interfaces/srv/co_target_double.hpp
[2.833s] -- Up-to-date symlink: /home/serhat/workspace/install/canopen_interfaces/include/canopen_interfaces/canopen_interfaces/srv/co_write.hpp
[2.833s] -- Up-to-date symlink: /home/serhat/workspace/install/canopen_interfaces/include/canopen_interfaces/canopen_interfaces/srv/co_write_id.hpp
[2.833s] -- Up-to-date symlink: /home/serhat/workspace/install/canopen_interfaces/include/canopen_interfaces/canopen_interfaces/srv/detail/co_heartbeat_id__builder.hpp
[2.834s] -- Up-to-date symlink: /home/serhat/workspace/install/canopen_interfaces/include/canopen_interfaces/canopen_interfaces/srv/detail/co_heartbeat_id__struct.hpp
[2.834s] -- Up-to-date symlink: /home/serhat/workspace/install/canopen_interfaces/include/canopen_interfaces/canopen_interfaces/srv/detail/co_heartbeat_id__traits.hpp
[2.834s] -- Up-to-date symlink: /home/serhat/workspace/install/canopen_interfaces/include/canopen_interfaces/canopen_interfaces/srv/detail/co_nmt_id__builder.hpp
[2.834s] -- Up-to-date symlink: /home/serhat/workspace/install/canopen_interfaces/include/canopen_interfaces/canopen_interfaces/srv/detail/co_nmt_id__struct.hpp
[2.834s] -- Up-to-date symlink: /home/serhat/workspace/install/canopen_interfaces/include/canopen_interfaces/canopen_interfaces/srv/detail/co_nmt_id__traits.hpp
[2.834s] -- Up-to-date symlink: /home/serhat/workspace/install/canopen_interfaces/include/canopen_interfaces/canopen_interfaces/srv/detail/co_node__builder.hpp
[2.834s] -- Up-to-date symlink: /home/serhat/workspace/install/canopen_interfaces/include/canopen_interfaces/canopen_interfaces/srv/detail/co_node__struct.hpp
[2.835s] -- Up-to-date symlink: /home/serhat/workspace/install/canopen_interfaces/include/canopen_interfaces/canopen_interfaces/srv/detail/co_node__traits.hpp
[2.835s] -- Up-to-date symlink: /home/serhat/workspace/install/canopen_interfaces/include/canopen_interfaces/canopen_interfaces/srv/detail/co_read__builder.hpp
[2.835s] -- Up-to-date symlink: /home/serhat/workspace/install/canopen_interfaces/include/canopen_interfaces/canopen_interfaces/srv/detail/co_read__struct.hpp
[2.835s] -- Up-to-date symlink: /home/serhat/workspace/install/canopen_interfaces/include/canopen_interfaces/canopen_interfaces/srv/detail/co_read__traits.hpp
[2.835s] -- Up-to-date symlink: /home/serhat/workspace/install/canopen_interfaces/include/canopen_interfaces/canopen_interfaces/srv/detail/co_read_id__builder.hpp
[2.835s] -- Up-to-date symlink: /home/serhat/workspace/install/canopen_interfaces/include/canopen_interfaces/canopen_interfaces/srv/detail/co_read_id__struct.hpp
[2.835s] -- Up-to-date symlink: /home/serhat/workspace/install/canopen_interfaces/include/canopen_interfaces/canopen_interfaces/srv/detail/co_read_id__traits.hpp
[2.835s] -- Up-to-date symlink: /home/serhat/workspace/install/canopen_interfaces/include/canopen_interfaces/canopen_interfaces/srv/detail/co_target_double__builder.hpp
[2.836s] -- Up-to-date symlink: /home/serhat/workspace/install/canopen_interfaces/include/canopen_interfaces/canopen_interfaces/srv/detail/co_target_double__struct.hpp
[2.836s] -- Up-to-date symlink: /home/serhat/workspace/install/canopen_interfaces/include/canopen_interfaces/canopen_interfaces/srv/detail/co_target_double__traits.hpp
[2.836s] -- Up-to-date symlink: /home/serhat/workspace/install/canopen_interfaces/include/canopen_interfaces/canopen_interfaces/srv/detail/co_write__builder.hpp
[2.836s] -- Up-to-date symlink: /home/serhat/workspace/install/canopen_interfaces/include/canopen_interfaces/canopen_interfaces/srv/detail/co_write__struct.hpp
[2.836s] -- Up-to-date symlink: /home/serhat/workspace/install/canopen_interfaces/include/canopen_interfaces/canopen_interfaces/srv/detail/co_write__traits.hpp
[2.836s] -- Up-to-date symlink: /home/serhat/workspace/install/canopen_interfaces/include/canopen_interfaces/canopen_interfaces/srv/detail/co_write_id__builder.hpp
[2.836s] -- Up-to-date symlink: /home/serhat/workspace/install/canopen_interfaces/include/canopen_interfaces/canopen_interfaces/srv/detail/co_write_id__struct.hpp
[2.836s] -- Up-to-date symlink: /home/serhat/workspace/install/canopen_interfaces/include/canopen_interfaces/canopen_interfaces/srv/detail/co_write_id__traits.hpp
[2.837s] -- Up-to-date symlink: /home/serhat/workspace/install/canopen_interfaces/include/canopen_interfaces/canopen_interfaces/msg/detail/co_data__rosidl_typesupport_fastrtps_cpp.hpp
[2.837s] -- Up-to-date symlink: /home/serhat/workspace/install/canopen_interfaces/include/canopen_interfaces/canopen_interfaces/msg/rosidl_typesupport_fastrtps_cpp__visibility_control.h
[2.837s] -- Up-to-date symlink: /home/serhat/workspace/install/canopen_interfaces/include/canopen_interfaces/canopen_interfaces/srv/detail/co_heartbeat_id__rosidl_typesupport_fastrtps_cpp.hpp
[2.837s] -- Up-to-date symlink: /home/serhat/workspace/install/canopen_interfaces/include/canopen_interfaces/canopen_interfaces/srv/detail/co_nmt_id__rosidl_typesupport_fastrtps_cpp.hpp
[2.837s] -- Up-to-date symlink: /home/serhat/workspace/install/canopen_interfaces/include/canopen_interfaces/canopen_interfaces/srv/detail/co_node__rosidl_typesupport_fastrtps_cpp.hpp
[2.837s] -- Up-to-date symlink: /home/serhat/workspace/install/canopen_interfaces/include/canopen_interfaces/canopen_interfaces/srv/detail/co_read__rosidl_typesupport_fastrtps_cpp.hpp
[2.837s] -- Up-to-date symlink: /home/serhat/workspace/install/canopen_interfaces/include/canopen_interfaces/canopen_interfaces/srv/detail/co_read_id__rosidl_typesupport_fastrtps_cpp.hpp
[2.837s] -- Up-to-date symlink: /home/serhat/workspace/install/canopen_interfaces/include/canopen_interfaces/canopen_interfaces/srv/detail/co_target_double__rosidl_typesupport_fastrtps_cpp.hpp
[2.838s] -- Up-to-date symlink: /home/serhat/workspace/install/canopen_interfaces/include/canopen_interfaces/canopen_interfaces/srv/detail/co_write__rosidl_typesupport_fastrtps_cpp.hpp
[2.838s] -- Up-to-date symlink: /home/serhat/workspace/install/canopen_interfaces/include/canopen_interfaces/canopen_interfaces/srv/detail/co_write_id__rosidl_typesupport_fastrtps_cpp.hpp
[2.838s] -- Up-to-date symlink: /home/serhat/workspace/install/canopen_interfaces/include/canopen_interfaces/canopen_interfaces/msg/detail/co_data__rosidl_typesupport_introspection_cpp.hpp
[2.838s] -- Up-to-date symlink: /home/serhat/workspace/install/canopen_interfaces/include/canopen_interfaces/canopen_interfaces/srv/detail/co_heartbeat_id__rosidl_typesupport_introspection_cpp.hpp
[2.838s] -- Up-to-date symlink: /home/serhat/workspace/install/canopen_interfaces/include/canopen_interfaces/canopen_interfaces/srv/detail/co_nmt_id__rosidl_typesupport_introspection_cpp.hpp
[2.838s] -- Up-to-date symlink: /home/serhat/workspace/install/canopen_interfaces/include/canopen_interfaces/canopen_interfaces/srv/detail/co_node__rosidl_typesupport_introspection_cpp.hpp
[2.838s] -- Up-to-date symlink: /home/serhat/workspace/install/canopen_interfaces/include/canopen_interfaces/canopen_interfaces/srv/detail/co_read__rosidl_typesupport_introspection_cpp.hpp
[2.839s] -- Up-to-date symlink: /home/serhat/workspace/install/canopen_interfaces/include/canopen_interfaces/canopen_interfaces/srv/detail/co_read_id__rosidl_typesupport_introspection_cpp.hpp
[2.839s] -- Up-to-date symlink: /home/serhat/workspace/install/canopen_interfaces/include/canopen_interfaces/canopen_interfaces/srv/detail/co_target_double__rosidl_typesupport_introspection_cpp.hpp
[2.839s] -- Up-to-date symlink: /home/serhat/workspace/install/canopen_interfaces/include/canopen_interfaces/canopen_interfaces/srv/detail/co_write__rosidl_typesupport_introspection_cpp.hpp
[2.839s] -- Up-to-date symlink: /home/serhat/workspace/install/canopen_interfaces/include/canopen_interfaces/canopen_interfaces/srv/detail/co_write_id__rosidl_typesupport_introspection_cpp.hpp
[2.839s] -- Up-to-date symlink: /home/serhat/workspace/install/canopen_interfaces/share/canopen_interfaces/environment/pythonpath.sh
[2.839s] -- Up-to-date symlink: /home/serhat/workspace/install/canopen_interfaces/share/canopen_interfaces/environment/pythonpath.dsv
[2.839s] -- Up-to-date symlink: /home/serhat/workspace/install/canopen_interfaces/local/lib/python3.10/dist-packages/canopen_interfaces-0.0.1-py3.10.egg-info/PKG-INFO
[2.840s] -- Up-to-date symlink: /home/serhat/workspace/install/canopen_interfaces/local/lib/python3.10/dist-packages/canopen_interfaces-0.0.1-py3.10.egg-info/SOURCES.txt
[2.840s] -- Up-to-date symlink: /home/serhat/workspace/install/canopen_interfaces/local/lib/python3.10/dist-packages/canopen_interfaces-0.0.1-py3.10.egg-info/dependency_links.txt
[2.840s] -- Up-to-date symlink: /home/serhat/workspace/install/canopen_interfaces/local/lib/python3.10/dist-packages/canopen_interfaces-0.0.1-py3.10.egg-info/top_level.txt
[2.840s] -- Up-to-date symlink: /home/serhat/workspace/install/canopen_interfaces/local/lib/python3.10/dist-packages/canopen_interfaces/__init__.py
[2.841s] -- Up-to-date symlink: /home/serhat/workspace/install/canopen_interfaces/local/lib/python3.10/dist-packages/canopen_interfaces/_canopen_interfaces_s.ep.rosidl_typesupport_c.c
[2.841s] -- Up-to-date symlink: /home/serhat/workspace/install/canopen_interfaces/local/lib/python3.10/dist-packages/canopen_interfaces/_canopen_interfaces_s.ep.rosidl_typesupport_fastrtps_c.c
[2.841s] -- Up-to-date symlink: /home/serhat/workspace/install/canopen_interfaces/local/lib/python3.10/dist-packages/canopen_interfaces/_canopen_interfaces_s.ep.rosidl_typesupport_introspection_c.c
[2.841s] -- Up-to-date symlink: /home/serhat/workspace/install/canopen_interfaces/local/lib/python3.10/dist-packages/canopen_interfaces/canopen_interfaces_s__rosidl_typesupport_c.cpython-310-x86_64-linux-gnu.so
[2.841s] -- Up-to-date symlink: /home/serhat/workspace/install/canopen_interfaces/local/lib/python3.10/dist-packages/canopen_interfaces/canopen_interfaces_s__rosidl_typesupport_fastrtps_c.cpython-310-x86_64-linux-gnu.so
[2.841s] -- Up-to-date symlink: /home/serhat/workspace/install/canopen_interfaces/local/lib/python3.10/dist-packages/canopen_interfaces/canopen_interfaces_s__rosidl_typesupport_introspection_c.cpython-310-x86_64-linux-gnu.so
[2.841s] -- Up-to-date symlink: /home/serhat/workspace/install/canopen_interfaces/local/lib/python3.10/dist-packages/canopen_interfaces/libcanopen_interfaces__rosidl_generator_py.so
[2.841s] -- Up-to-date symlink: /home/serhat/workspace/install/canopen_interfaces/local/lib/python3.10/dist-packages/canopen_interfaces/msg/__init__.py
[2.841s] -- Up-to-date symlink: /home/serhat/workspace/install/canopen_interfaces/local/lib/python3.10/dist-packages/canopen_interfaces/msg/_co_data.py
[2.841s] -- Up-to-date symlink: /home/serhat/workspace/install/canopen_interfaces/local/lib/python3.10/dist-packages/canopen_interfaces/msg/_co_data_s.c
[2.841s] -- Up-to-date symlink: /home/serhat/workspace/install/canopen_interfaces/local/lib/python3.10/dist-packages/canopen_interfaces/srv/__init__.py
[2.842s] -- Up-to-date symlink: /home/serhat/workspace/install/canopen_interfaces/local/lib/python3.10/dist-packages/canopen_interfaces/srv/_co_heartbeat_id.py
[2.842s] -- Up-to-date symlink: /home/serhat/workspace/install/canopen_interfaces/local/lib/python3.10/dist-packages/canopen_interfaces/srv/_co_heartbeat_id_s.c
[2.842s] -- Up-to-date symlink: /home/serhat/workspace/install/canopen_interfaces/local/lib/python3.10/dist-packages/canopen_interfaces/srv/_co_nmt_id.py
[2.842s] -- Up-to-date symlink: /home/serhat/workspace/install/canopen_interfaces/local/lib/python3.10/dist-packages/canopen_interfaces/srv/_co_nmt_id_s.c
[2.842s] -- Up-to-date symlink: /home/serhat/workspace/install/canopen_interfaces/local/lib/python3.10/dist-packages/canopen_interfaces/srv/_co_node.py
[2.842s] -- Up-to-date symlink: /home/serhat/workspace/install/canopen_interfaces/local/lib/python3.10/dist-packages/canopen_interfaces/srv/_co_node_s.c
[2.842s] -- Up-to-date symlink: /home/serhat/workspace/install/canopen_interfaces/local/lib/python3.10/dist-packages/canopen_interfaces/srv/_co_read.py
[2.842s] -- Up-to-date symlink: /home/serhat/workspace/install/canopen_interfaces/local/lib/python3.10/dist-packages/canopen_interfaces/srv/_co_read_id.py
[2.842s] -- Up-to-date symlink: /home/serhat/workspace/install/canopen_interfaces/local/lib/python3.10/dist-packages/canopen_interfaces/srv/_co_read_id_s.c
[2.842s] -- Up-to-date symlink: /home/serhat/workspace/install/canopen_interfaces/local/lib/python3.10/dist-packages/canopen_interfaces/srv/_co_read_s.c
[2.843s] -- Up-to-date symlink: /home/serhat/workspace/install/canopen_interfaces/local/lib/python3.10/dist-packages/canopen_interfaces/srv/_co_target_double.py
[2.843s] -- Up-to-date symlink: /home/serhat/workspace/install/canopen_interfaces/local/lib/python3.10/dist-packages/canopen_interfaces/srv/_co_target_double_s.c
[2.843s] -- Up-to-date symlink: /home/serhat/workspace/install/canopen_interfaces/local/lib/python3.10/dist-packages/canopen_interfaces/srv/_co_write.py
[2.843s] -- Up-to-date symlink: /home/serhat/workspace/install/canopen_interfaces/local/lib/python3.10/dist-packages/canopen_interfaces/srv/_co_write_id.py
[2.843s] -- Up-to-date symlink: /home/serhat/workspace/install/canopen_interfaces/local/lib/python3.10/dist-packages/canopen_interfaces/srv/_co_write_id_s.c
[2.843s] -- Up-to-date symlink: /home/serhat/workspace/install/canopen_interfaces/local/lib/python3.10/dist-packages/canopen_interfaces/srv/_co_write_s.c
[2.843s] -- Up-to-date symlink: /home/serhat/workspace/install/canopen_interfaces/local/lib/python3.10/dist-packages/canopen_interfaces/canopen_interfaces_s__rosidl_typesupport_fastrtps_c.cpython-310-x86_64-linux-gnu.so
[2.844s] -- Up-to-date symlink: /home/serhat/workspace/install/canopen_interfaces/local/lib/python3.10/dist-packages/canopen_interfaces/canopen_interfaces_s__rosidl_typesupport_introspection_c.cpython-310-x86_64-linux-gnu.so
[2.844s] -- Up-to-date symlink: /home/serhat/workspace/install/canopen_interfaces/local/lib/python3.10/dist-packages/canopen_interfaces/canopen_interfaces_s__rosidl_typesupport_c.cpython-310-x86_64-linux-gnu.so
[2.844s] -- Up-to-date symlink: /home/serhat/workspace/install/canopen_interfaces/share/canopen_interfaces/srv/COHeartbeatID.idl
[2.844s] -- Up-to-date symlink: /home/serhat/workspace/install/canopen_interfaces/share/canopen_interfaces/srv/CONmtID.idl
[2.844s] -- Up-to-date symlink: /home/serhat/workspace/install/canopen_interfaces/share/canopen_interfaces/srv/CORead.idl
[2.844s] -- Up-to-date symlink: /home/serhat/workspace/install/canopen_interfaces/share/canopen_interfaces/srv/COReadID.idl
[2.845s] -- Up-to-date symlink: /home/serhat/workspace/install/canopen_interfaces/share/canopen_interfaces/srv/COWrite.idl
[2.845s] -- Up-to-date symlink: /home/serhat/workspace/install/canopen_interfaces/share/canopen_interfaces/srv/COWriteID.idl
[2.845s] -- Up-to-date symlink: /home/serhat/workspace/install/canopen_interfaces/share/canopen_interfaces/srv/COTargetDouble.idl
[2.845s] -- Up-to-date symlink: /home/serhat/workspace/install/canopen_interfaces/share/canopen_interfaces/srv/CONode.idl
[2.845s] -- Up-to-date symlink: /home/serhat/workspace/install/canopen_interfaces/share/canopen_interfaces/msg/COData.idl
[2.845s] -- Up-to-date symlink: /home/serhat/workspace/install/canopen_interfaces/share/canopen_interfaces/srv/COHeartbeatID.srv
[2.846s] -- Up-to-date symlink: /home/serhat/workspace/install/canopen_interfaces/share/canopen_interfaces/srv/COHeartbeatID_Request.msg
[2.846s] -- Up-to-date symlink: /home/serhat/workspace/install/canopen_interfaces/share/canopen_interfaces/srv/COHeartbeatID_Response.msg
[2.846s] -- Up-to-date symlink: /home/serhat/workspace/install/canopen_interfaces/share/canopen_interfaces/srv/CONmtID.srv
[2.846s] -- Up-to-date symlink: /home/serhat/workspace/install/canopen_interfaces/share/canopen_interfaces/srv/CONmtID_Request.msg
[2.847s] -- Up-to-date symlink: /home/serhat/workspace/install/canopen_interfaces/share/canopen_interfaces/srv/CONmtID_Response.msg
[2.847s] -- Up-to-date symlink: /home/serhat/workspace/install/canopen_interfaces/share/canopen_interfaces/srv/CORead.srv
[2.847s] -- Up-to-date symlink: /home/serhat/workspace/install/canopen_interfaces/share/canopen_interfaces/srv/CORead_Request.msg
[2.847s] -- Up-to-date symlink: /home/serhat/workspace/install/canopen_interfaces/share/canopen_interfaces/srv/CORead_Response.msg
[2.848s] -- Up-to-date symlink: /home/serhat/workspace/install/canopen_interfaces/share/canopen_interfaces/srv/COReadID.srv
[2.848s] -- Up-to-date symlink: /home/serhat/workspace/install/canopen_interfaces/share/canopen_interfaces/srv/COReadID_Request.msg
[2.848s] -- Up-to-date symlink: /home/serhat/workspace/install/canopen_interfaces/share/canopen_interfaces/srv/COReadID_Response.msg
[2.848s] -- Up-to-date symlink: /home/serhat/workspace/install/canopen_interfaces/share/canopen_interfaces/srv/COWrite.srv
[2.849s] -- Up-to-date symlink: /home/serhat/workspace/install/canopen_interfaces/share/canopen_interfaces/srv/COWrite_Request.msg
[2.849s] -- Up-to-date symlink: /home/serhat/workspace/install/canopen_interfaces/share/canopen_interfaces/srv/COWrite_Response.msg
[2.849s] -- Up-to-date symlink: /home/serhat/workspace/install/canopen_interfaces/share/canopen_interfaces/srv/COWriteID.srv
[2.849s] -- Up-to-date symlink: /home/serhat/workspace/install/canopen_interfaces/share/canopen_interfaces/srv/COWriteID_Request.msg
[2.849s] -- Up-to-date symlink: /home/serhat/workspace/install/canopen_interfaces/share/canopen_interfaces/srv/COWriteID_Response.msg
[2.850s] -- Up-to-date symlink: /home/serhat/workspace/install/canopen_interfaces/share/canopen_interfaces/srv/COTargetDouble.srv
[2.850s] -- Up-to-date symlink: /home/serhat/workspace/install/canopen_interfaces/share/canopen_interfaces/srv/COTargetDouble_Request.msg
[2.850s] -- Up-to-date symlink: /home/serhat/workspace/install/canopen_interfaces/share/canopen_interfaces/srv/COTargetDouble_Response.msg
[2.850s] -- Up-to-date symlink: /home/serhat/workspace/install/canopen_interfaces/share/canopen_interfaces/srv/CONode.srv
[2.850s] -- Up-to-date symlink: /home/serhat/workspace/install/canopen_interfaces/share/canopen_interfaces/srv/CONode_Request.msg
[2.850s] -- Up-to-date symlink: /home/serhat/workspace/install/canopen_interfaces/share/canopen_interfaces/srv/CONode_Response.msg
[2.850s] -- Up-to-date symlink: /home/serhat/workspace/install/canopen_interfaces/share/canopen_interfaces/msg/COData.msg
[2.851s] -- Up-to-date symlink: /home/serhat/workspace/install/canopen_interfaces/share/ament_index/resource_index/package_run_dependencies/canopen_interfaces
[2.851s] -- Up-to-date symlink: /home/serhat/workspace/install/canopen_interfaces/share/ament_index/resource_index/parent_prefix_path/canopen_interfaces
[2.851s] -- Up-to-date symlink: /home/serhat/workspace/install/canopen_interfaces/share/canopen_interfaces/environment/ament_prefix_path.sh
[2.851s] -- Up-to-date symlink: /home/serhat/workspace/install/canopen_interfaces/share/canopen_interfaces/environment/ament_prefix_path.dsv
[2.851s] -- Up-to-date symlink: /home/serhat/workspace/install/canopen_interfaces/share/canopen_interfaces/environment/path.sh
[2.851s] -- Up-to-date symlink: /home/serhat/workspace/install/canopen_interfaces/share/canopen_interfaces/environment/path.dsv
[2.851s] -- Up-to-date symlink: /home/serhat/workspace/install/canopen_interfaces/share/canopen_interfaces/local_setup.bash
[2.851s] -- Up-to-date symlink: /home/serhat/workspace/install/canopen_interfaces/share/canopen_interfaces/local_setup.sh
[2.852s] -- Up-to-date symlink: /home/serhat/workspace/install/canopen_interfaces/share/canopen_interfaces/local_setup.zsh
[2.852s] -- Up-to-date symlink: /home/serhat/workspace/install/canopen_interfaces/share/canopen_interfaces/local_setup.dsv
[2.852s] -- Symlinking: /home/serhat/workspace/install/canopen_interfaces/share/canopen_interfaces/package.dsv
[2.860s] -- Up-to-date symlink: /home/serhat/workspace/install/canopen_interfaces/share/ament_index/resource_index/packages/canopen_interfaces
[2.860s] -- Up-to-date symlink: /home/serhat/workspace/install/canopen_interfaces/share/canopen_interfaces/cmake/rosidl_cmake-extras.cmake
[2.861s] -- Up-to-date symlink: /home/serhat/workspace/install/canopen_interfaces/share/canopen_interfaces/cmake/ament_cmake_export_include_directories-extras.cmake
[2.861s] -- Up-to-date symlink: /home/serhat/workspace/install/canopen_interfaces/share/canopen_interfaces/cmake/ament_cmake_export_libraries-extras.cmake
[2.861s] -- Up-to-date symlink: /home/serhat/workspace/install/canopen_interfaces/share/canopen_interfaces/cmake/ament_cmake_export_targets-extras.cmake
[2.861s] -- Up-to-date symlink: /home/serhat/workspace/install/canopen_interfaces/share/canopen_interfaces/cmake/rosidl_cmake_export_typesupport_targets-extras.cmake
[2.861s] -- Up-to-date symlink: /home/serhat/workspace/install/canopen_interfaces/share/canopen_interfaces/cmake/ament_cmake_export_dependencies-extras.cmake
[2.861s] -- Up-to-date symlink: /home/serhat/workspace/install/canopen_interfaces/share/canopen_interfaces/cmake/rosidl_cmake_export_typesupport_libraries-extras.cmake
[2.861s] -- Up-to-date symlink: /home/serhat/workspace/install/canopen_interfaces/share/canopen_interfaces/cmake/canopen_interfacesConfig.cmake
[2.862s] -- Up-to-date symlink: /home/serhat/workspace/install/canopen_interfaces/share/canopen_interfaces/cmake/canopen_interfacesConfig-version.cmake
[2.862s] -- Up-to-date symlink: /home/serhat/workspace/install/canopen_interfaces/share/canopen_interfaces/package.xml
[2.862s] -- Up-to-date: /home/serhat/workspace/install/canopen_interfaces/lib/libcanopen_interfaces__rosidl_generator_c.so
[2.862s] -- Up-to-date: /home/serhat/workspace/install/canopen_interfaces/lib/libcanopen_interfaces__rosidl_typesupport_fastrtps_c.so
[2.862s] -- Up-to-date: /home/serhat/workspace/install/canopen_interfaces/lib/libcanopen_interfaces__rosidl_typesupport_introspection_c.so
[2.863s] -- Up-to-date: /home/serhat/workspace/install/canopen_interfaces/lib/libcanopen_interfaces__rosidl_typesupport_c.so
[2.863s] -- Up-to-date: /home/serhat/workspace/install/canopen_interfaces/lib/libcanopen_interfaces__rosidl_typesupport_fastrtps_cpp.so
[2.863s] -- Up-to-date: /home/serhat/workspace/install/canopen_interfaces/lib/libcanopen_interfaces__rosidl_typesupport_introspection_cpp.so
[2.864s] -- Up-to-date: /home/serhat/workspace/install/canopen_interfaces/lib/libcanopen_interfaces__rosidl_typesupport_cpp.so
[2.898s] Listing '/home/serhat/workspace/install/canopen_interfaces/local/lib/python3.10/dist-packages/canopen_interfaces'...
[2.898s] Compiling '/home/serhat/workspace/install/canopen_interfaces/local/lib/python3.10/dist-packages/canopen_interfaces/__init__.py'...
[2.898s] Listing '/home/serhat/workspace/install/canopen_interfaces/local/lib/python3.10/dist-packages/canopen_interfaces/msg'...
[2.898s] Listing '/home/serhat/workspace/install/canopen_interfaces/local/lib/python3.10/dist-packages/canopen_interfaces/srv'...
[2.902s] -- Up-to-date: /home/serhat/workspace/install/canopen_interfaces/lib/libcanopen_interfaces__rosidl_generator_py.so
[2.902s] -- Up-to-date: /home/serhat/workspace/install/canopen_interfaces/share/canopen_interfaces/cmake/export_canopen_interfaces__rosidl_generator_cExport.cmake
[2.902s] -- Up-to-date: /home/serhat/workspace/install/canopen_interfaces/share/canopen_interfaces/cmake/export_canopen_interfaces__rosidl_generator_cExport-noconfig.cmake
[2.903s] -- Up-to-date: /home/serhat/workspace/install/canopen_interfaces/share/canopen_interfaces/cmake/export_canopen_interfaces__rosidl_typesupport_fastrtps_cExport.cmake
[2.903s] -- Up-to-date: /home/serhat/workspace/install/canopen_interfaces/share/canopen_interfaces/cmake/export_canopen_interfaces__rosidl_typesupport_fastrtps_cExport-noconfig.cmake
[2.903s] -- Up-to-date: /home/serhat/workspace/install/canopen_interfaces/share/canopen_interfaces/cmake/canopen_interfaces__rosidl_typesupport_introspection_cExport.cmake
[2.903s] -- Up-to-date: /home/serhat/workspace/install/canopen_interfaces/share/canopen_interfaces/cmake/canopen_interfaces__rosidl_typesupport_introspection_cExport-noconfig.cmake
[2.903s] -- Up-to-date: /home/serhat/workspace/install/canopen_interfaces/share/canopen_interfaces/cmake/canopen_interfaces__rosidl_typesupport_cExport.cmake
[2.903s] -- Up-to-date: /home/serhat/workspace/install/canopen_interfaces/share/canopen_interfaces/cmake/canopen_interfaces__rosidl_typesupport_cExport-noconfig.cmake
[2.903s] -- Up-to-date: /home/serhat/workspace/install/canopen_interfaces/share/canopen_interfaces/cmake/export_canopen_interfaces__rosidl_generator_cppExport.cmake
[2.903s] -- Up-to-date: /home/serhat/workspace/install/canopen_interfaces/share/canopen_interfaces/cmake/export_canopen_interfaces__rosidl_typesupport_fastrtps_cppExport.cmake
[2.903s] -- Up-to-date: /home/serhat/workspace/install/canopen_interfaces/share/canopen_interfaces/cmake/export_canopen_interfaces__rosidl_typesupport_fastrtps_cppExport-noconfig.cmake
[2.903s] -- Up-to-date: /home/serhat/workspace/install/canopen_interfaces/share/canopen_interfaces/cmake/canopen_interfaces__rosidl_typesupport_introspection_cppExport.cmake
[2.903s] -- Up-to-date: /home/serhat/workspace/install/canopen_interfaces/share/canopen_interfaces/cmake/canopen_interfaces__rosidl_typesupport_introspection_cppExport-noconfig.cmake
[2.904s] -- Up-to-date: /home/serhat/workspace/install/canopen_interfaces/share/canopen_interfaces/cmake/canopen_interfaces__rosidl_typesupport_cppExport.cmake
[2.904s] -- Up-to-date: /home/serhat/workspace/install/canopen_interfaces/share/canopen_interfaces/cmake/canopen_interfaces__rosidl_typesupport_cppExport-noconfig.cmake
[2.904s] -- Up-to-date: /home/serhat/workspace/install/canopen_interfaces/share/canopen_interfaces/cmake/export_canopen_interfaces__rosidl_generator_pyExport.cmake
[2.904s] -- Up-to-date: /home/serhat/workspace/install/canopen_interfaces/share/canopen_interfaces/cmake/export_canopen_interfaces__rosidl_generator_pyExport-noconfig.cmake
[2.908s] Invoked command in '/home/serhat/workspace/build/canopen_interfaces' returned '0': CMAKE_PREFIX_PATH=${CMAKE_PREFIX_PATH}:/home/serhat/workspace/install/canopen_utils:/opt/ros/humble /usr/bin/cmake --install /home/serhat/workspace/build/canopen_interfaces
