[0.064s] Invoking command in '/home/serhat/workspaces/build/usb_cam': CMAKE_PREFIX_PATH=${CMAKE_PREFIX_PATH}:/opt/ros/humble /usr/bin/cmake /home/serhat/workspaces/ros2_cpp_ws/src/usb_cam -DCMAKE_INSTALL_PREFIX=/home/serhat/workspaces/install/usb_cam
[0.299s] -- Found ament_cmake_auto: 1.3.3 (/opt/ros/humble/share/ament_cmake_auto/cmake)
[0.664s] -- Override CMake install command with custom implementation using symlinks instead of copying resources
[1.164s] -- Found rosidl_generator_c: 3.1.4 (/opt/ros/humble/share/rosidl_generator_c/cmake)
[1.166s] -- Found rosidl_adapter: 3.1.4 (/opt/ros/humble/share/rosidl_adapter/cmake)
[1.180s] -- Found rosidl_generator_cpp: 3.1.4 (/opt/ros/humble/share/rosidl_generator_cpp/cmake)
[1.221s] -- Using all available rosidl_typesupport_c: rosidl_typesupport_fastrtps_c;rosidl_typesupport_introspection_c
[1.236s] -- Using all available rosidl_typesupport_cpp: rosidl_typesupport_fastrtps_cpp;rosidl_typesupport_introspection_cpp
[1.800s] -- Found rmw_implementation_cmake: 6.1.1 (/opt/ros/humble/share/rmw_implementation_cmake/cmake)
[1.817s] -- Found rmw_fastrtps_cpp: 6.2.2 (/opt/ros/humble/share/rmw_fastrtps_cpp/cmake)
[2.229s] -- Using RMW implementation 'rmw_fastrtps_cpp' as default
[3.130s] -- Found ament_lint_auto: 0.12.5 (/opt/ros/humble/share/ament_lint_auto/cmake)
[3.209s] -- Found gtest sources under '/opt/ros/humble/src/gtest_vendor': C++ tests using 'Google Test' will be built
[3.274s] -- Added test 'copyright' to check source files copyright and LICENSE
[3.302s] -- Added test 'cppcheck' to perform static code analysis on C / C++ code
[3.303s] -- Configured cppcheck include dirs: /home/serhat/workspaces/ros2_cpp_ws/src/usb_cam/include
[3.303s] -- Configured cppcheck exclude dirs and/or files: 
[3.316s] -- Added test 'cpplint' to check C / C++ code against the Google style
[3.316s] -- Configured cpplint exclude dirs and/or files: 
[3.318s] -- Added test 'flake8' to check Python code syntax and style conventions
[3.320s] -- Added test 'lint_cmake' to check CMake code style
[3.322s] -- Added test 'pep257' to check Python code against some of the docstring style conventions in PEP 257
[3.328s] -- Added test 'uncrustify' to check C / C++ code style
[3.328s] -- Configured uncrustify additional arguments: 
[3.329s] -- Added test 'xmllint' to check XML markup files
[3.371s] -- Configuring done
[3.520s] -- Generating done
[3.522s] -- Build files have been written to: /home/serhat/workspaces/build/usb_cam
[3.532s] Invoked command in '/home/serhat/workspaces/build/usb_cam' returned '0': CMAKE_PREFIX_PATH=${CMAKE_PREFIX_PATH}:/opt/ros/humble /usr/bin/cmake /home/serhat/workspaces/ros2_cpp_ws/src/usb_cam -DCMAKE_INSTALL_PREFIX=/home/serhat/workspaces/install/usb_cam
[3.533s] Invoking command in '/home/serhat/workspaces/build/usb_cam': CMAKE_PREFIX_PATH=${CMAKE_PREFIX_PATH}:/opt/ros/humble /usr/bin/cmake --build /home/serhat/workspaces/build/usb_cam -- -j12 -l12
[3.604s] [35m[1mConsolidate compiler generated dependencies of target gtest_main[0m
[3.605s] [35m[1mConsolidate compiler generated dependencies of target usb_cam[0m
[3.614s] [35m[1mConsolidate compiler generated dependencies of target gtest[0m
[3.615s] [35m[1mConsolidate compiler generated dependencies of target usb_cam_node_exe[0m
[3.620s] [ 14%] Built target usb_cam
[3.630s] [ 28%] Built target usb_cam_node_exe
[3.637s] [35m[1mConsolidate compiler generated dependencies of target usb_cam_node[0m
[3.643s] [ 57%] Built target gtest
[3.643s] [ 57%] Built target gtest_main
[3.652s] [35m[1mConsolidate compiler generated dependencies of target test_usb_cam_utils[0m
[3.652s] [35m[1mConsolidate compiler generated dependencies of target test_usb_cam_lib[0m
[3.655s] [ 71%] Built target usb_cam_node
[3.664s] [ 85%] Built target test_usb_cam_lib
[3.664s] [100%] Built target test_usb_cam_utils
[3.673s] Invoked command in '/home/serhat/workspaces/build/usb_cam' returned '0': CMAKE_PREFIX_PATH=${CMAKE_PREFIX_PATH}:/opt/ros/humble /usr/bin/cmake --build /home/serhat/workspaces/build/usb_cam -- -j12 -l12
[3.714s] Invoking command in '/home/serhat/workspaces/build/usb_cam': CMAKE_PREFIX_PATH=${CMAKE_PREFIX_PATH}:/opt/ros/humble /usr/bin/cmake --install /home/serhat/workspaces/build/usb_cam
[3.719s] -- Install configuration: ""
[3.719s] -- Execute custom install script
[3.720s] -- Up-to-date symlink: /home/serhat/workspaces/install/usb_cam/share/usb_cam/environment/library_path.sh
[3.720s] -- Up-to-date symlink: /home/serhat/workspaces/install/usb_cam/share/usb_cam/environment/library_path.dsv
[3.721s] -- Up-to-date symlink: /home/serhat/workspaces/install/usb_cam/lib/usb_cam/usb_cam_node_exe
[3.721s] -- Up-to-date symlink: /home/serhat/workspaces/install/usb_cam/lib/usb_cam/show_image.py
[3.721s] -- Up-to-date symlink: /home/serhat/workspaces/install/usb_cam/lib/libusb_cam.so
[3.721s] -- Up-to-date symlink: /home/serhat/workspaces/install/usb_cam/lib/libusb_cam_node.so
[3.722s] -- Up-to-date symlink: /home/serhat/workspaces/install/usb_cam/include/usb_cam/constants.hpp
[3.722s] -- Up-to-date symlink: /home/serhat/workspaces/install/usb_cam/include/usb_cam/conversions.hpp
[3.722s] -- Up-to-date symlink: /home/serhat/workspaces/install/usb_cam/include/usb_cam/usb_cam.hpp
[3.723s] -- Up-to-date symlink: /home/serhat/workspaces/install/usb_cam/include/usb_cam/usb_cam_node.hpp
[3.723s] -- Up-to-date symlink: /home/serhat/workspaces/install/usb_cam/include/usb_cam/utils.hpp
[3.723s] -- Up-to-date symlink: /home/serhat/workspaces/install/usb_cam/lib/libusb_cam_node.so
[3.723s] -- Up-to-date symlink: /home/serhat/workspaces/install/usb_cam/share/usb_cam/launch/demo_launch.py
[3.724s] -- Up-to-date symlink: /home/serhat/workspaces/install/usb_cam/share/usb_cam/config/camera_info.yaml
[3.724s] -- Up-to-date symlink: /home/serhat/workspaces/install/usb_cam/share/usb_cam/config/params.yaml
[3.724s] -- Up-to-date symlink: /home/serhat/workspaces/install/usb_cam/share/ament_index/resource_index/package_run_dependencies/usb_cam
[3.725s] -- Up-to-date symlink: /home/serhat/workspaces/install/usb_cam/share/ament_index/resource_index/parent_prefix_path/usb_cam
[3.725s] -- Up-to-date symlink: /home/serhat/workspaces/install/usb_cam/share/usb_cam/environment/ament_prefix_path.sh
[3.725s] -- Up-to-date symlink: /home/serhat/workspaces/install/usb_cam/share/usb_cam/environment/ament_prefix_path.dsv
[3.725s] -- Up-to-date symlink: /home/serhat/workspaces/install/usb_cam/share/usb_cam/environment/path.sh
[3.726s] -- Up-to-date symlink: /home/serhat/workspaces/install/usb_cam/share/usb_cam/environment/path.dsv
[3.726s] -- Up-to-date symlink: /home/serhat/workspaces/install/usb_cam/share/usb_cam/local_setup.bash
[3.726s] -- Up-to-date symlink: /home/serhat/workspaces/install/usb_cam/share/usb_cam/local_setup.sh
[3.726s] -- Up-to-date symlink: /home/serhat/workspaces/install/usb_cam/share/usb_cam/local_setup.zsh
[3.727s] -- Up-to-date symlink: /home/serhat/workspaces/install/usb_cam/share/usb_cam/local_setup.dsv
[3.727s] -- Symlinking: /home/serhat/workspaces/install/usb_cam/share/usb_cam/package.dsv
[3.734s] -- Up-to-date symlink: /home/serhat/workspaces/install/usb_cam/share/ament_index/resource_index/packages/usb_cam
[3.734s] -- Up-to-date symlink: /home/serhat/workspaces/install/usb_cam/share/ament_index/resource_index/rclcpp_components/usb_cam
[3.735s] -- Up-to-date symlink: /home/serhat/workspaces/install/usb_cam/share/usb_cam/cmake/ament_cmake_export_libraries-extras.cmake
[3.735s] -- Up-to-date symlink: /home/serhat/workspaces/install/usb_cam/share/usb_cam/cmake/ament_cmake_export_dependencies-extras.cmake
[3.735s] -- Up-to-date symlink: /home/serhat/workspaces/install/usb_cam/share/usb_cam/cmake/ament_cmake_export_include_directories-extras.cmake
[3.735s] -- Up-to-date symlink: /home/serhat/workspaces/install/usb_cam/share/usb_cam/cmake/usb_camConfig.cmake
[3.736s] -- Up-to-date symlink: /home/serhat/workspaces/install/usb_cam/share/usb_cam/cmake/usb_camConfig-version.cmake
[3.736s] -- Up-to-date symlink: /home/serhat/workspaces/install/usb_cam/share/usb_cam/package.xml
[3.737s] Invoked command in '/home/serhat/workspaces/build/usb_cam' returned '0': CMAKE_PREFIX_PATH=${CMAKE_PREFIX_PATH}:/opt/ros/humble /usr/bin/cmake --install /home/serhat/workspaces/build/usb_cam
