[0.294s] DEBUG:colcon:Command line arguments: ['/usr/bin/colcon', 'build', '--packages-select', 'udemy_ros2_pkg']
[0.294s] DEBUG:colcon:Parsed command line arguments: Namespace(log_base=None, log_level=None, verb_name='build', build_base='build', install_base='install', merge_install=False, symlink_install=False, test_result_base=None, continue_on_error=False, executor='parallel', parallel_workers=12, event_handlers=None, ignore_user_meta=False, metas=['./colcon.meta'], base_paths=['.'], packages_ignore=None, packages_ignore_regex=None, paths=None, packages_up_to=None, packages_up_to_regex=None, packages_above=None, packages_above_and_dependencies=None, packages_above_depth=None, packages_select_by_dep=None, packages_skip_by_dep=None, packages_skip_up_to=None, packages_select_build_failed=False, packages_skip_build_finished=False, packages_select_test_failures=False, packages_skip_test_passed=False, packages_select=['udemy_ros2_pkg'], packages_skip=None, packages_select_regex=None, packages_skip_regex=None, packages_start=None, packages_end=None, allow_overriding=[], cmake_args=None, cmake_target=None, cmake_target_skip_unavailable=False, cmake_clean_cache=False, cmake_clean_first=False, cmake_force_configure=False, ament_cmake_args=None, catkin_cmake_args=None, catkin_skip_building_tests=False, verb_parser=<colcon_defaults.argument_parser.defaults.DefaultArgumentsDecorator object at 0x7f36ab1f9510>, verb_extension=<colcon_core.verb.build.BuildVerb object at 0x7f36ab9db8e0>, main=<bound method BuildVerb.main of <colcon_core.verb.build.BuildVerb object at 0x7f36ab9db8e0>>)
[0.316s] Level 1:colcon.colcon_core.package_discovery:discover_packages(colcon_meta) check parameters
[0.316s] Level 1:colcon.colcon_core.package_discovery:discover_packages(recursive) check parameters
[0.316s] Level 1:colcon.colcon_core.package_discovery:discover_packages(ignore) check parameters
[0.316s] Level 1:colcon.colcon_core.package_discovery:discover_packages(path) check parameters
[0.316s] Level 1:colcon.colcon_core.package_discovery:discover_packages(colcon_meta) discover
[0.316s] Level 1:colcon.colcon_core.package_discovery:discover_packages(recursive) discover
[0.316s] INFO:colcon.colcon_core.package_discovery:Crawling recursively for packages in '/home/serhat/workspaces'
[0.316s] Level 1:colcon.colcon_core.package_identification:_identify(.) by extensions ['ignore', 'ignore_ament_install']
[0.316s] Level 1:colcon.colcon_core.package_identification:_identify(.) by extension 'ignore'
[0.316s] Level 1:colcon.colcon_core.package_identification:_identify(.) by extension 'ignore_ament_install'
[0.317s] Level 1:colcon.colcon_core.package_identification:_identify(.) by extensions ['colcon_pkg']
[0.317s] Level 1:colcon.colcon_core.package_identification:_identify(.) by extension 'colcon_pkg'
[0.317s] Level 1:colcon.colcon_core.package_identification:_identify(.) by extensions ['colcon_meta']
[0.317s] Level 1:colcon.colcon_core.package_identification:_identify(.) by extension 'colcon_meta'
[0.317s] Level 1:colcon.colcon_core.package_identification:_identify(.) by extensions ['ros']
[0.317s] Level 1:colcon.colcon_core.package_identification:_identify(.) by extension 'ros'
[0.326s] Level 1:colcon.colcon_core.package_identification:_identify(.) by extensions ['cmake', 'python']
[0.326s] Level 1:colcon.colcon_core.package_identification:_identify(.) by extension 'cmake'
[0.326s] Level 1:colcon.colcon_core.package_identification:_identify(.) by extension 'python'
[0.326s] Level 1:colcon.colcon_core.package_identification:_identify(.) by extensions ['python_setup_py']
[0.326s] Level 1:colcon.colcon_core.package_identification:_identify(.) by extension 'python_setup_py'
[0.326s] Level 1:colcon.colcon_core.package_identification:_identify(build) by extensions ['ignore', 'ignore_ament_install']
[0.326s] Level 1:colcon.colcon_core.package_identification:_identify(build) by extension 'ignore'
[0.326s] Level 1:colcon.colcon_core.package_identification:_identify(build) ignored
[0.327s] Level 1:colcon.colcon_core.package_identification:_identify(install) by extensions ['ignore', 'ignore_ament_install']
[0.327s] Level 1:colcon.colcon_core.package_identification:_identify(install) by extension 'ignore'
[0.327s] Level 1:colcon.colcon_core.package_identification:_identify(install) ignored
[0.327s] Level 1:colcon.colcon_core.package_identification:_identify(log) by extensions ['ignore', 'ignore_ament_install']
[0.327s] Level 1:colcon.colcon_core.package_identification:_identify(log) by extension 'ignore'
[0.327s] Level 1:colcon.colcon_core.package_identification:_identify(log) ignored
[0.327s] Level 1:colcon.colcon_core.package_identification:_identify(ros2_cpp_ws) by extensions ['ignore', 'ignore_ament_install']
[0.327s] Level 1:colcon.colcon_core.package_identification:_identify(ros2_cpp_ws) by extension 'ignore'
[0.327s] Level 1:colcon.colcon_core.package_identification:_identify(ros2_cpp_ws) by extension 'ignore_ament_install'
[0.327s] Level 1:colcon.colcon_core.package_identification:_identify(ros2_cpp_ws) by extensions ['colcon_pkg']
[0.327s] Level 1:colcon.colcon_core.package_identification:_identify(ros2_cpp_ws) by extension 'colcon_pkg'
[0.327s] Level 1:colcon.colcon_core.package_identification:_identify(ros2_cpp_ws) by extensions ['colcon_meta']
[0.327s] Level 1:colcon.colcon_core.package_identification:_identify(ros2_cpp_ws) by extension 'colcon_meta'
[0.327s] Level 1:colcon.colcon_core.package_identification:_identify(ros2_cpp_ws) by extensions ['ros']
[0.327s] Level 1:colcon.colcon_core.package_identification:_identify(ros2_cpp_ws) by extension 'ros'
[0.327s] Level 1:colcon.colcon_core.package_identification:_identify(ros2_cpp_ws) by extensions ['cmake', 'python']
[0.328s] Level 1:colcon.colcon_core.package_identification:_identify(ros2_cpp_ws) by extension 'cmake'
[0.328s] Level 1:colcon.colcon_core.package_identification:_identify(ros2_cpp_ws) by extension 'python'
[0.328s] Level 1:colcon.colcon_core.package_identification:_identify(ros2_cpp_ws) by extensions ['python_setup_py']
[0.328s] Level 1:colcon.colcon_core.package_identification:_identify(ros2_cpp_ws) by extension 'python_setup_py'
[0.328s] Level 1:colcon.colcon_core.package_identification:_identify(ros2_cpp_ws/build) by extensions ['ignore', 'ignore_ament_install']
[0.328s] Level 1:colcon.colcon_core.package_identification:_identify(ros2_cpp_ws/build) by extension 'ignore'
[0.328s] Level 1:colcon.colcon_core.package_identification:_identify(ros2_cpp_ws/build) ignored
[0.328s] Level 1:colcon.colcon_core.package_identification:_identify(ros2_cpp_ws/images) by extensions ['ignore', 'ignore_ament_install']
[0.328s] Level 1:colcon.colcon_core.package_identification:_identify(ros2_cpp_ws/images) by extension 'ignore'
[0.328s] Level 1:colcon.colcon_core.package_identification:_identify(ros2_cpp_ws/images) by extension 'ignore_ament_install'
[0.328s] Level 1:colcon.colcon_core.package_identification:_identify(ros2_cpp_ws/images) by extensions ['colcon_pkg']
[0.328s] Level 1:colcon.colcon_core.package_identification:_identify(ros2_cpp_ws/images) by extension 'colcon_pkg'
[0.328s] Level 1:colcon.colcon_core.package_identification:_identify(ros2_cpp_ws/images) by extensions ['colcon_meta']
[0.328s] Level 1:colcon.colcon_core.package_identification:_identify(ros2_cpp_ws/images) by extension 'colcon_meta'
[0.328s] Level 1:colcon.colcon_core.package_identification:_identify(ros2_cpp_ws/images) by extensions ['ros']
[0.328s] Level 1:colcon.colcon_core.package_identification:_identify(ros2_cpp_ws/images) by extension 'ros'
[0.328s] Level 1:colcon.colcon_core.package_identification:_identify(ros2_cpp_ws/images) by extensions ['cmake', 'python']
[0.328s] Level 1:colcon.colcon_core.package_identification:_identify(ros2_cpp_ws/images) by extension 'cmake'
[0.328s] Level 1:colcon.colcon_core.package_identification:_identify(ros2_cpp_ws/images) by extension 'python'
[0.328s] Level 1:colcon.colcon_core.package_identification:_identify(ros2_cpp_ws/images) by extensions ['python_setup_py']
[0.328s] Level 1:colcon.colcon_core.package_identification:_identify(ros2_cpp_ws/images) by extension 'python_setup_py'
[0.328s] Level 1:colcon.colcon_core.package_identification:_identify(ros2_cpp_ws/install) by extensions ['ignore', 'ignore_ament_install']
[0.329s] Level 1:colcon.colcon_core.package_identification:_identify(ros2_cpp_ws/install) by extension 'ignore'
[0.329s] Level 1:colcon.colcon_core.package_identification:_identify(ros2_cpp_ws/install) ignored
[0.329s] Level 1:colcon.colcon_core.package_identification:_identify(ros2_cpp_ws/log) by extensions ['ignore', 'ignore_ament_install']
[0.329s] Level 1:colcon.colcon_core.package_identification:_identify(ros2_cpp_ws/log) by extension 'ignore'
[0.329s] Level 1:colcon.colcon_core.package_identification:_identify(ros2_cpp_ws/log) ignored
[0.329s] Level 1:colcon.colcon_core.package_identification:_identify(ros2_cpp_ws/src) by extensions ['ignore', 'ignore_ament_install']
[0.329s] Level 1:colcon.colcon_core.package_identification:_identify(ros2_cpp_ws/src) by extension 'ignore'
[0.329s] Level 1:colcon.colcon_core.package_identification:_identify(ros2_cpp_ws/src) by extension 'ignore_ament_install'
[0.329s] Level 1:colcon.colcon_core.package_identification:_identify(ros2_cpp_ws/src) by extensions ['colcon_pkg']
[0.329s] Level 1:colcon.colcon_core.package_identification:_identify(ros2_cpp_ws/src) by extension 'colcon_pkg'
[0.329s] Level 1:colcon.colcon_core.package_identification:_identify(ros2_cpp_ws/src) by extensions ['colcon_meta']
[0.329s] Level 1:colcon.colcon_core.package_identification:_identify(ros2_cpp_ws/src) by extension 'colcon_meta'
[0.329s] Level 1:colcon.colcon_core.package_identification:_identify(ros2_cpp_ws/src) by extensions ['ros']
[0.329s] Level 1:colcon.colcon_core.package_identification:_identify(ros2_cpp_ws/src) by extension 'ros'
[0.329s] Level 1:colcon.colcon_core.package_identification:_identify(ros2_cpp_ws/src) by extensions ['cmake', 'python']
[0.329s] Level 1:colcon.colcon_core.package_identification:_identify(ros2_cpp_ws/src) by extension 'cmake'
[0.329s] Level 1:colcon.colcon_core.package_identification:_identify(ros2_cpp_ws/src) by extension 'python'
[0.329s] Level 1:colcon.colcon_core.package_identification:_identify(ros2_cpp_ws/src) by extensions ['python_setup_py']
[0.329s] Level 1:colcon.colcon_core.package_identification:_identify(ros2_cpp_ws/src) by extension 'python_setup_py'
[0.329s] Level 1:colcon.colcon_core.package_identification:_identify(ros2_cpp_ws/src/build) by extensions ['ignore', 'ignore_ament_install']
[0.330s] Level 1:colcon.colcon_core.package_identification:_identify(ros2_cpp_ws/src/build) by extension 'ignore'
[0.330s] Level 1:colcon.colcon_core.package_identification:_identify(ros2_cpp_ws/src/build) ignored
[0.330s] Level 1:colcon.colcon_core.package_identification:_identify(ros2_cpp_ws/src/install) by extensions ['ignore', 'ignore_ament_install']
[0.330s] Level 1:colcon.colcon_core.package_identification:_identify(ros2_cpp_ws/src/install) by extension 'ignore'
[0.330s] Level 1:colcon.colcon_core.package_identification:_identify(ros2_cpp_ws/src/install) ignored
[0.330s] Level 1:colcon.colcon_core.package_identification:_identify(ros2_cpp_ws/src/log) by extensions ['ignore', 'ignore_ament_install']
[0.330s] Level 1:colcon.colcon_core.package_identification:_identify(ros2_cpp_ws/src/log) by extension 'ignore'
[0.330s] Level 1:colcon.colcon_core.package_identification:_identify(ros2_cpp_ws/src/log) ignored
[0.330s] Level 1:colcon.colcon_core.package_identification:_identify(ros2_cpp_ws/src/udemy_ros2_pkg) by extensions ['ignore', 'ignore_ament_install']
[0.330s] Level 1:colcon.colcon_core.package_identification:_identify(ros2_cpp_ws/src/udemy_ros2_pkg) by extension 'ignore'
[0.330s] Level 1:colcon.colcon_core.package_identification:_identify(ros2_cpp_ws/src/udemy_ros2_pkg) by extension 'ignore_ament_install'
[0.330s] Level 1:colcon.colcon_core.package_identification:_identify(ros2_cpp_ws/src/udemy_ros2_pkg) by extensions ['colcon_pkg']
[0.330s] Level 1:colcon.colcon_core.package_identification:_identify(ros2_cpp_ws/src/udemy_ros2_pkg) by extension 'colcon_pkg'
[0.330s] Level 1:colcon.colcon_core.package_identification:_identify(ros2_cpp_ws/src/udemy_ros2_pkg) by extensions ['colcon_meta']
[0.330s] Level 1:colcon.colcon_core.package_identification:_identify(ros2_cpp_ws/src/udemy_ros2_pkg) by extension 'colcon_meta'
[0.331s] Level 1:colcon.colcon_core.package_identification:_identify(ros2_cpp_ws/src/udemy_ros2_pkg) by extensions ['ros']
[0.331s] Level 1:colcon.colcon_core.package_identification:_identify(ros2_cpp_ws/src/udemy_ros2_pkg) by extension 'ros'
[0.335s] DEBUG:colcon.colcon_core.package_identification:Package 'ros2_cpp_ws/src/udemy_ros2_pkg' with type 'ros.ament_cmake' and name 'udemy_ros2_pkg'
[0.335s] Level 1:colcon.colcon_core.package_identification:_identify(ros2_cpp_ws/src/usb_cam) by extensions ['ignore', 'ignore_ament_install']
[0.335s] Level 1:colcon.colcon_core.package_identification:_identify(ros2_cpp_ws/src/usb_cam) by extension 'ignore'
[0.335s] Level 1:colcon.colcon_core.package_identification:_identify(ros2_cpp_ws/src/usb_cam) by extension 'ignore_ament_install'
[0.335s] Level 1:colcon.colcon_core.package_identification:_identify(ros2_cpp_ws/src/usb_cam) by extensions ['colcon_pkg']
[0.335s] Level 1:colcon.colcon_core.package_identification:_identify(ros2_cpp_ws/src/usb_cam) by extension 'colcon_pkg'
[0.335s] Level 1:colcon.colcon_core.package_identification:_identify(ros2_cpp_ws/src/usb_cam) by extensions ['colcon_meta']
[0.335s] Level 1:colcon.colcon_core.package_identification:_identify(ros2_cpp_ws/src/usb_cam) by extension 'colcon_meta'
[0.335s] Level 1:colcon.colcon_core.package_identification:_identify(ros2_cpp_ws/src/usb_cam) by extensions ['ros']
[0.335s] Level 1:colcon.colcon_core.package_identification:_identify(ros2_cpp_ws/src/usb_cam) by extension 'ros'
[0.337s] DEBUG:colcon.colcon_core.package_identification:Package 'ros2_cpp_ws/src/usb_cam' with type 'ros.ament_cmake' and name 'usb_cam'
[0.337s] Level 1:colcon.colcon_core.package_identification:_identify(test.bag) by extensions ['ignore', 'ignore_ament_install']
[0.337s] Level 1:colcon.colcon_core.package_identification:_identify(test.bag) by extension 'ignore'
[0.337s] Level 1:colcon.colcon_core.package_identification:_identify(test.bag) by extension 'ignore_ament_install'
[0.338s] Level 1:colcon.colcon_core.package_identification:_identify(test.bag) by extensions ['colcon_pkg']
[0.338s] Level 1:colcon.colcon_core.package_identification:_identify(test.bag) by extension 'colcon_pkg'
[0.338s] Level 1:colcon.colcon_core.package_identification:_identify(test.bag) by extensions ['colcon_meta']
[0.338s] Level 1:colcon.colcon_core.package_identification:_identify(test.bag) by extension 'colcon_meta'
[0.338s] Level 1:colcon.colcon_core.package_identification:_identify(test.bag) by extensions ['ros']
[0.338s] Level 1:colcon.colcon_core.package_identification:_identify(test.bag) by extension 'ros'
[0.338s] Level 1:colcon.colcon_core.package_identification:_identify(test.bag) by extensions ['cmake', 'python']
[0.338s] Level 1:colcon.colcon_core.package_identification:_identify(test.bag) by extension 'cmake'
[0.338s] Level 1:colcon.colcon_core.package_identification:_identify(test.bag) by extension 'python'
[0.338s] Level 1:colcon.colcon_core.package_identification:_identify(test.bag) by extensions ['python_setup_py']
[0.338s] Level 1:colcon.colcon_core.package_identification:_identify(test.bag) by extension 'python_setup_py'
[0.338s] Level 1:colcon.colcon_core.package_discovery:discover_packages(recursive) using defaults
[0.338s] Level 1:colcon.colcon_core.package_discovery:discover_packages(ignore) discover
[0.338s] Level 1:colcon.colcon_core.package_discovery:discover_packages(ignore) using defaults
[0.338s] Level 1:colcon.colcon_core.package_discovery:discover_packages(path) discover
[0.338s] Level 1:colcon.colcon_core.package_discovery:discover_packages(path) using defaults
[0.356s] INFO:colcon.colcon_core.package_selection:Skipping not selected package 'usb_cam' in 'ros2_cpp_ws/src/usb_cam'
[0.357s] Level 1:colcon.colcon_core.package_discovery:discover_packages(prefix_path) check parameters
[0.357s] Level 1:colcon.colcon_core.package_discovery:discover_packages(prefix_path) discover
[0.360s] DEBUG:colcon.colcon_installed_package_information.package_discovery:Found 361 installed packages in /opt/ros/humble
[0.361s] Level 1:colcon.colcon_core.package_discovery:discover_packages(prefix_path) using defaults
[0.421s] Level 5:colcon.colcon_core.verb:set package 'udemy_ros2_pkg' build argument 'cmake_args' from command line to 'None'
[0.421s] Level 5:colcon.colcon_core.verb:set package 'udemy_ros2_pkg' build argument 'cmake_target' from command line to 'None'
[0.421s] Level 5:colcon.colcon_core.verb:set package 'udemy_ros2_pkg' build argument 'cmake_target_skip_unavailable' from command line to 'False'
[0.422s] Level 5:colcon.colcon_core.verb:set package 'udemy_ros2_pkg' build argument 'cmake_clean_cache' from command line to 'False'
[0.422s] Level 5:colcon.colcon_core.verb:set package 'udemy_ros2_pkg' build argument 'cmake_clean_first' from command line to 'False'
[0.422s] Level 5:colcon.colcon_core.verb:set package 'udemy_ros2_pkg' build argument 'cmake_force_configure' from command line to 'False'
[0.422s] Level 5:colcon.colcon_core.verb:set package 'udemy_ros2_pkg' build argument 'ament_cmake_args' from command line to 'None'
[0.422s] Level 5:colcon.colcon_core.verb:set package 'udemy_ros2_pkg' build argument 'catkin_cmake_args' from command line to 'None'
[0.422s] Level 5:colcon.colcon_core.verb:set package 'udemy_ros2_pkg' build argument 'catkin_skip_building_tests' from command line to 'False'
[0.422s] DEBUG:colcon.colcon_core.verb:Building package 'udemy_ros2_pkg' with the following arguments: {'ament_cmake_args': None, 'build_base': '/home/serhat/workspaces/build/udemy_ros2_pkg', 'catkin_cmake_args': None, 'catkin_skip_building_tests': False, 'cmake_args': None, 'cmake_clean_cache': False, 'cmake_clean_first': False, 'cmake_force_configure': False, 'cmake_target': None, 'cmake_target_skip_unavailable': False, 'install_base': '/home/serhat/workspaces/install/udemy_ros2_pkg', 'merge_install': False, 'path': '/home/serhat/workspaces/ros2_cpp_ws/src/udemy_ros2_pkg', 'symlink_install': False, 'test_result_base': None}
[0.422s] INFO:colcon.colcon_core.executor:Executing jobs using 'parallel' executor
[0.425s] DEBUG:colcon.colcon_parallel_executor.executor.parallel:run_until_complete
[0.425s] INFO:colcon.colcon_ros.task.ament_cmake.build:Building ROS package in '/home/serhat/workspaces/ros2_cpp_ws/src/udemy_ros2_pkg' with build type 'ament_cmake'
[0.425s] INFO:colcon.colcon_cmake.task.cmake.build:Building CMake package in '/home/serhat/workspaces/ros2_cpp_ws/src/udemy_ros2_pkg'
[0.428s] INFO:colcon.colcon_core.plugin_system:Skipping extension 'colcon_core.shell.bat': Not used on non-Windows systems
[0.429s] INFO:colcon.colcon_core.shell:Skip shell extension 'powershell' for command environment: Not usable outside of PowerShell
[0.429s] DEBUG:colcon.colcon_core.shell:Skip shell extension 'dsv' for command environment
[0.476s] DEBUG:colcon.colcon_core.event_handler.log_command:Invoking command in '/home/serhat/workspaces/build/udemy_ros2_pkg': CMAKE_PREFIX_PATH=/opt/ros/humble /usr/bin/cmake --build /home/serhat/workspaces/build/udemy_ros2_pkg -- -j12 -l12
[18.536s] DEBUG:colcon.colcon_core.event_handler.log_command:Invoked command in '/home/serhat/workspaces/build/udemy_ros2_pkg' returned '0': CMAKE_PREFIX_PATH=/opt/ros/humble /usr/bin/cmake --build /home/serhat/workspaces/build/udemy_ros2_pkg -- -j12 -l12
[18.658s] DEBUG:colcon.colcon_core.event_handler.log_command:Invoking command in '/home/serhat/workspaces/build/udemy_ros2_pkg': CMAKE_PREFIX_PATH=/opt/ros/humble /usr/bin/cmake --install /home/serhat/workspaces/build/udemy_ros2_pkg
[19.299s] Level 1:colcon.colcon_core.environment:create_environment_scripts_only(udemy_ros2_pkg)
[19.302s] DEBUG:colcon.colcon_core.event_handler.log_command:Invoked command in '/home/serhat/workspaces/build/udemy_ros2_pkg' returned '0': CMAKE_PREFIX_PATH=/opt/ros/humble /usr/bin/cmake --install /home/serhat/workspaces/build/udemy_ros2_pkg
[19.316s] Level 1:colcon.colcon_core.environment:checking '/home/serhat/workspaces/install/udemy_ros2_pkg' for CMake module files
[19.318s] Level 1:colcon.colcon_core.environment:checking '/home/serhat/workspaces/install/udemy_ros2_pkg' for CMake config files
[19.321s] Level 1:colcon.colcon_core.shell:create_environment_hook('udemy_ros2_pkg', 'cmake_prefix_path')
[19.324s] INFO:colcon.colcon_core.shell:Creating environment hook '/home/serhat/workspaces/install/udemy_ros2_pkg/share/udemy_ros2_pkg/hook/cmake_prefix_path.ps1'
[19.325s] INFO:colcon.colcon_core.shell:Creating environment descriptor '/home/serhat/workspaces/install/udemy_ros2_pkg/share/udemy_ros2_pkg/hook/cmake_prefix_path.dsv'
[19.326s] INFO:colcon.colcon_core.shell:Creating environment hook '/home/serhat/workspaces/install/udemy_ros2_pkg/share/udemy_ros2_pkg/hook/cmake_prefix_path.sh'
[19.327s] Level 1:colcon.colcon_core.environment:checking '/home/serhat/workspaces/install/udemy_ros2_pkg/lib'
[19.327s] Level 1:colcon.colcon_core.shell:create_environment_hook('udemy_ros2_pkg', 'ld_library_path_lib')
[19.329s] INFO:colcon.colcon_core.shell:Creating environment hook '/home/serhat/workspaces/install/udemy_ros2_pkg/share/udemy_ros2_pkg/hook/ld_library_path_lib.ps1'
[19.330s] INFO:colcon.colcon_core.shell:Creating environment descriptor '/home/serhat/workspaces/install/udemy_ros2_pkg/share/udemy_ros2_pkg/hook/ld_library_path_lib.dsv'
[19.330s] INFO:colcon.colcon_core.shell:Creating environment hook '/home/serhat/workspaces/install/udemy_ros2_pkg/share/udemy_ros2_pkg/hook/ld_library_path_lib.sh'
[19.331s] Level 1:colcon.colcon_core.environment:checking '/home/serhat/workspaces/install/udemy_ros2_pkg/bin'
[19.331s] Level 1:colcon.colcon_core.environment:checking '/home/serhat/workspaces/install/udemy_ros2_pkg/lib/pkgconfig/udemy_ros2_pkg.pc'
[19.331s] Level 1:colcon.colcon_core.environment:checking '/home/serhat/workspaces/install/udemy_ros2_pkg/lib/python3.10/site-packages'
[19.331s] Level 1:colcon.colcon_core.environment:checking '/home/serhat/workspaces/install/udemy_ros2_pkg/bin'
[19.333s] INFO:colcon.colcon_core.shell:Creating package script '/home/serhat/workspaces/install/udemy_ros2_pkg/share/udemy_ros2_pkg/package.ps1'
[19.334s] INFO:colcon.colcon_core.shell:Creating package descriptor '/home/serhat/workspaces/install/udemy_ros2_pkg/share/udemy_ros2_pkg/package.dsv'
[19.335s] INFO:colcon.colcon_core.shell:Creating package script '/home/serhat/workspaces/install/udemy_ros2_pkg/share/udemy_ros2_pkg/package.sh'
[19.336s] INFO:colcon.colcon_core.shell:Creating package script '/home/serhat/workspaces/install/udemy_ros2_pkg/share/udemy_ros2_pkg/package.bash'
[19.336s] INFO:colcon.colcon_core.shell:Creating package script '/home/serhat/workspaces/install/udemy_ros2_pkg/share/udemy_ros2_pkg/package.zsh'
[19.337s] Level 1:colcon.colcon_core.environment:create_file_with_runtime_dependencies(/home/serhat/workspaces/install/udemy_ros2_pkg/share/colcon-core/packages/udemy_ros2_pkg)
[19.447s] Level 1:colcon.colcon_core.environment:create_environment_scripts_only(udemy_ros2_pkg)
[19.448s] Level 1:colcon.colcon_core.environment:checking '/home/serhat/workspaces/install/udemy_ros2_pkg' for CMake module files
[19.449s] Level 1:colcon.colcon_core.environment:checking '/home/serhat/workspaces/install/udemy_ros2_pkg' for CMake config files
[19.450s] Level 1:colcon.colcon_core.shell:create_environment_hook('udemy_ros2_pkg', 'cmake_prefix_path')
[19.451s] INFO:colcon.colcon_core.shell:Creating environment hook '/home/serhat/workspaces/install/udemy_ros2_pkg/share/udemy_ros2_pkg/hook/cmake_prefix_path.ps1'
[19.452s] INFO:colcon.colcon_core.shell:Creating environment descriptor '/home/serhat/workspaces/install/udemy_ros2_pkg/share/udemy_ros2_pkg/hook/cmake_prefix_path.dsv'
[19.452s] INFO:colcon.colcon_core.shell:Creating environment hook '/home/serhat/workspaces/install/udemy_ros2_pkg/share/udemy_ros2_pkg/hook/cmake_prefix_path.sh'
[19.452s] Level 1:colcon.colcon_core.environment:checking '/home/serhat/workspaces/install/udemy_ros2_pkg/lib'
[19.452s] Level 1:colcon.colcon_core.shell:create_environment_hook('udemy_ros2_pkg', 'ld_library_path_lib')
[19.454s] INFO:colcon.colcon_core.shell:Creating environment hook '/home/serhat/workspaces/install/udemy_ros2_pkg/share/udemy_ros2_pkg/hook/ld_library_path_lib.ps1'
[19.454s] INFO:colcon.colcon_core.shell:Creating environment descriptor '/home/serhat/workspaces/install/udemy_ros2_pkg/share/udemy_ros2_pkg/hook/ld_library_path_lib.dsv'
[19.454s] INFO:colcon.colcon_core.shell:Creating environment hook '/home/serhat/workspaces/install/udemy_ros2_pkg/share/udemy_ros2_pkg/hook/ld_library_path_lib.sh'
[19.454s] Level 1:colcon.colcon_core.environment:checking '/home/serhat/workspaces/install/udemy_ros2_pkg/bin'
[19.455s] Level 1:colcon.colcon_core.environment:checking '/home/serhat/workspaces/install/udemy_ros2_pkg/lib/pkgconfig/udemy_ros2_pkg.pc'
[19.455s] Level 1:colcon.colcon_core.environment:checking '/home/serhat/workspaces/install/udemy_ros2_pkg/lib/python3.10/site-packages'
[19.455s] Level 1:colcon.colcon_core.environment:checking '/home/serhat/workspaces/install/udemy_ros2_pkg/bin'
[19.456s] INFO:colcon.colcon_core.shell:Creating package script '/home/serhat/workspaces/install/udemy_ros2_pkg/share/udemy_ros2_pkg/package.ps1'
[19.456s] INFO:colcon.colcon_core.shell:Creating package descriptor '/home/serhat/workspaces/install/udemy_ros2_pkg/share/udemy_ros2_pkg/package.dsv'
[19.457s] INFO:colcon.colcon_core.shell:Creating package script '/home/serhat/workspaces/install/udemy_ros2_pkg/share/udemy_ros2_pkg/package.sh'
[19.457s] INFO:colcon.colcon_core.shell:Creating package script '/home/serhat/workspaces/install/udemy_ros2_pkg/share/udemy_ros2_pkg/package.bash'
[19.458s] INFO:colcon.colcon_core.shell:Creating package script '/home/serhat/workspaces/install/udemy_ros2_pkg/share/udemy_ros2_pkg/package.zsh'
[19.458s] Level 1:colcon.colcon_core.environment:create_file_with_runtime_dependencies(/home/serhat/workspaces/install/udemy_ros2_pkg/share/colcon-core/packages/udemy_ros2_pkg)
[19.458s] DEBUG:colcon.colcon_parallel_executor.executor.parallel:closing loop
[19.459s] DEBUG:colcon.colcon_parallel_executor.executor.parallel:loop closed
[19.459s] DEBUG:colcon.colcon_parallel_executor.executor.parallel:run_until_complete finished with '0'
[19.459s] DEBUG:colcon.colcon_core.event_reactor:joining thread
[19.465s] INFO:colcon.colcon_core.plugin_system:Skipping extension 'colcon_notification.desktop_notification.terminal_notifier': Not used on non-Darwin systems
[19.465s] INFO:colcon.colcon_core.plugin_system:Skipping extension 'colcon_notification.desktop_notification.win32': Not used on non-Windows systems
[19.465s] INFO:colcon.colcon_notification.desktop_notification:Sending desktop notification using 'notify2'
[19.476s] DEBUG:colcon.colcon_core.event_reactor:joined thread
[19.478s] INFO:colcon.colcon_core.shell:Creating prefix script '/home/serhat/workspaces/install/local_setup.ps1'
[19.479s] INFO:colcon.colcon_core.shell:Creating prefix util module '/home/serhat/workspaces/install/_local_setup_util_ps1.py'
[19.480s] INFO:colcon.colcon_core.shell:Creating prefix chain script '/home/serhat/workspaces/install/setup.ps1'
[19.481s] INFO:colcon.colcon_core.shell:Creating prefix script '/home/serhat/workspaces/install/local_setup.sh'
[19.481s] INFO:colcon.colcon_core.shell:Creating prefix util module '/home/serhat/workspaces/install/_local_setup_util_sh.py'
[19.482s] INFO:colcon.colcon_core.shell:Creating prefix chain script '/home/serhat/workspaces/install/setup.sh'
[19.483s] INFO:colcon.colcon_core.shell:Creating prefix script '/home/serhat/workspaces/install/local_setup.bash'
[19.483s] INFO:colcon.colcon_core.shell:Creating prefix chain script '/home/serhat/workspaces/install/setup.bash'
[19.484s] INFO:colcon.colcon_core.shell:Creating prefix script '/home/serhat/workspaces/install/local_setup.zsh'
[19.484s] INFO:colcon.colcon_core.shell:Creating prefix chain script '/home/serhat/workspaces/install/setup.zsh'
