[0.013s] Invoking command in '/home/serhat/workspaces/build/udemy_ros2_pkg': CMAKE_PREFIX_PATH=${CMAKE_PREFIX_PATH}:/opt/ros/humble /usr/bin/cmake --build /home/serhat/workspaces/build/udemy_ros2_pkg -- -j12 -l12
[0.048s] -- Found ament_cmake: 1.3.3 (/opt/ros/humble/share/ament_cmake/cmake)
[0.173s] -- Override CMake install command with custom implementation using symlinks instead of copying resources
[0.180s] -- Found rclcpp: 16.0.3 (/opt/ros/humble/share/rclcpp/cmake)
[0.208s] -- Found rosidl_generator_c: 3.1.4 (/opt/ros/humble/share/rosidl_generator_c/cmake)
[0.211s] -- Found rosidl_adapter: 3.1.4 (/opt/ros/humble/share/rosidl_adapter/cmake)
[0.219s] -- Found rosidl_generator_cpp: 3.1.4 (/opt/ros/humble/share/rosidl_generator_cpp/cmake)
[0.235s] -- Using all available rosidl_typesupport_c: rosidl_typesupport_fastrtps_c;rosidl_typesupport_introspection_c
[0.249s] -- Using all available rosidl_typesupport_cpp: rosidl_typesupport_fastrtps_cpp;rosidl_typesupport_introspection_cpp
[0.303s] -- Found rmw_implementation_cmake: 6.1.1 (/opt/ros/humble/share/rmw_implementation_cmake/cmake)
[0.304s] -- Found rmw_fastrtps_cpp: 6.2.2 (/opt/ros/humble/share/rmw_fastrtps_cpp/cmake)
[0.461s] -- Using RMW implementation 'rmw_fastrtps_cpp' as default
[0.627s] -- Found rosidl_default_generators: 1.2.0 (/opt/ros/humble/share/rosidl_default_generators/cmake)
[0.634s] -- Found sensor_msgs: 4.2.3 (/opt/ros/humble/share/sensor_msgs/cmake)
[0.765s] -- Found cv_bridge: 3.2.1 (/opt/ros/humble/share/cv_bridge/cmake)
[1.048s] -- Found ament_cmake_cppcheck: 0.12.5 (/opt/ros/humble/share/ament_cmake_cppcheck/cmake)
[1.049s] -- Found ament_cmake_cpplint: 0.12.5 (/opt/ros/humble/share/ament_cmake_cpplint/cmake)
[1.049s] -- Found ament_cmake_uncrustify: 0.12.5 (/opt/ros/humble/share/ament_cmake_uncrustify/cmake)
[1.050s] -- Found ament_cmake_ros: 0.10.0 (/opt/ros/humble/share/ament_cmake_ros/cmake)
[1.508s] -- Using all available rosidl_typesupport_c: rosidl_typesupport_fastrtps_c;rosidl_typesupport_introspection_c
[1.686s] -- Using all available rosidl_typesupport_cpp: rosidl_typesupport_fastrtps_cpp;rosidl_typesupport_introspection_cpp
[1.706s] -- Found python_cmake_module: 0.10.0 (/opt/ros/humble/share/python_cmake_module/cmake)
[1.731s] -- Using PYTHON_EXECUTABLE: /usr/bin/python3
[1.731s] -- Using PYTHON_INCLUDE_DIRS: /usr/include/python3.10
[1.731s] -- Using PYTHON_LIBRARIES: /usr/lib/x86_64-linux-gnu/libpython3.10.so
[1.780s] -- Found ament_cmake_flake8: 0.12.5 (/opt/ros/humble/share/ament_cmake_flake8/cmake)
[1.780s] -- Found ament_cmake_pep257: 0.12.5 (/opt/ros/humble/share/ament_cmake_pep257/cmake)
[1.792s] -- Found ament_lint_auto: 0.12.5 (/opt/ros/humble/share/ament_lint_auto/cmake)
[1.801s] -- Added test 'cppcheck' to perform static code analysis on C / C++ code
[1.801s] -- Configured cppcheck include dirs: 
[1.801s] -- Configured cppcheck exclude dirs and/or files: 
[1.803s] -- Added test 'cpplint' to check C / C++ code against the Google style
[1.803s] -- Configured cpplint exclude dirs and/or files: 
[1.805s] -- Added test 'uncrustify' to check C / C++ code style
[1.805s] -- Configured uncrustify additional arguments: 
[1.805s] -- Added test 'flake8' to check Python code syntax and style conventions
[1.806s] -- Added test 'pep257' to check Python code against some of the docstring style conventions in PEP 257
[1.806s] -- Added test 'lint_cmake' to check CMake code style
[1.807s] -- Added test 'xmllint' to check XML markup files
[1.809s] -- Configuring done
[1.883s] -- Generating done
[1.890s] -- Build files have been written to: /home/serhat/workspaces/build/udemy_ros2_pkg
[1.920s] [35m[1mConsolidate compiler generated dependencies of target subscriber[0m
[1.921s] [35m[1mConsolidate compiler generated dependencies of target publisher[0m
[1.923s] [35m[1mConsolidate compiler generated dependencies of target udemy_ros2_pkg__rosidl_generator_c[0m
[1.925s] [35m[1mConsolidate compiler generated dependencies of target rpm_pub[0m
[1.927s] [35m[1mConsolidate compiler generated dependencies of target speed_calc[0m
[1.943s] [  1%] Built target udemy_ros2_pkg__cpp
[1.956s] [  9%] Built target udemy_ros2_pkg__rosidl_generator_c
[1.959s] [ 10%] Built target ament_cmake_python_symlink_udemy_ros2_pkg
[1.959s] [ 10%] [32mBuilding CXX object CMakeFiles/publisher.dir/src/publisher.cpp.o[0m
[1.961s] [ 12%] [32mBuilding CXX object CMakeFiles/subscriber.dir/src/subscriber.cpp.o[0m
[1.961s] [35m[1mConsolidate compiler generated dependencies of target udemy_ros2_pkg__rosidl_typesupport_cpp[0m
[1.967s] [35m[1mConsolidate compiler generated dependencies of target udemy_ros2_pkg__rosidl_typesupport_fastrtps_cpp[0m
[1.969s] [ 14%] [32mBuilding CXX object CMakeFiles/speed_calc.dir/src/speed_calc.cpp.o[0m
[1.976s] [35m[1mConsolidate compiler generated dependencies of target udemy_ros2_pkg__rosidl_typesupport_introspection_cpp[0m
[1.979s] [35m[1mConsolidate compiler generated dependencies of target udemy_ros2_pkg__rosidl_typesupport_fastrtps_c[0m
[1.981s] [35m[1mConsolidate compiler generated dependencies of target udemy_ros2_pkg__rosidl_typesupport_c[0m
[1.983s] [35m[1mConsolidate compiler generated dependencies of target udemy_ros2_pkg__rosidl_typesupport_introspection_c[0m
[1.988s] [ 21%] Built target udemy_ros2_pkg__rosidl_typesupport_cpp
[1.990s] [ 23%] [32mBuilding CXX object CMakeFiles/rpm_pub.dir/src/rpm_pub.cpp.o[0m
[2.002s] [ 30%] Built target udemy_ros2_pkg__rosidl_typesupport_fastrtps_cpp
[2.014s] [ 38%] Built target udemy_ros2_pkg__rosidl_typesupport_c
[2.016s] [ 50%] Built target udemy_ros2_pkg__rosidl_typesupport_introspection_c
[2.016s] [ 52%] Built target udemy_ros2_pkg__rosidl_typesupport_introspection_cpp
[2.032s] [35m[1mConsolidate compiler generated dependencies of target service_server[0m
[2.033s] [35m[1mConsolidate compiler generated dependencies of target service_client[0m
[2.033s] [35m[1mConsolidate compiler generated dependencies of target turn_camera_service[0m
[2.035s] [ 60%] Built target udemy_ros2_pkg__rosidl_typesupport_fastrtps_c
[2.075s] [ 61%] [32mBuilding CXX object CMakeFiles/turn_camera_client.dir/src/turn_camera_client.cpp.o[0m
[2.078s] [ 63%] [32mBuilding CXX object CMakeFiles/service_server.dir/src/service_server.cpp.o[0m
[2.088s] [ 65%] [32mBuilding CXX object CMakeFiles/service_client.dir/src/service_client.cpp.o[0m
[2.090s] [ 67%] [32mBuilding CXX object CMakeFiles/turn_camera_service.dir/src/turn_camera_service.cpp.o[0m
[2.096s] [ 67%] Built target udemy_ros2_pkg
[2.164s] [ 69%] Built target udemy_ros2_pkg__py
[2.199s] [35m[1mConsolidate compiler generated dependencies of target udemy_ros2_pkg__rosidl_generator_py[0m
[2.281s] [ 74%] Built target udemy_ros2_pkg__rosidl_generator_py
[2.373s] [35m[1mConsolidate compiler generated dependencies of target udemy_ros2_pkg__rosidl_typesupport_introspection_c__pyext[0m
[2.373s] [35m[1mConsolidate compiler generated dependencies of target udemy_ros2_pkg__rosidl_typesupport_fastrtps_c__pyext[0m
[2.386s] [35m[1mConsolidate compiler generated dependencies of target udemy_ros2_pkg__rosidl_typesupport_c__pyext[0m
[2.413s] [ 78%] Built target udemy_ros2_pkg__rosidl_typesupport_introspection_c__pyext
[2.445s] [ 81%] Built target udemy_ros2_pkg__rosidl_typesupport_fastrtps_c__pyext
[2.445s] [ 85%] Built target udemy_ros2_pkg__rosidl_typesupport_c__pyext
[2.535s] running egg_info
[2.537s] writing udemy_ros2_pkg.egg-info/PKG-INFO
[2.537s] writing dependency_links to udemy_ros2_pkg.egg-info/dependency_links.txt
[2.538s] writing top-level names to udemy_ros2_pkg.egg-info/top_level.txt
[2.542s] reading manifest file 'udemy_ros2_pkg.egg-info/SOURCES.txt'
[2.543s] writing manifest file 'udemy_ros2_pkg.egg-info/SOURCES.txt'
[2.592s] [ 85%] Built target ament_cmake_python_build_udemy_ros2_pkg_egg
[13.037s] [ 92%] [32m[1mLinking CXX executable turn_camera_client[0m
[13.208s] [ 92%] [32m[1mLinking CXX executable service_server[0m
[13.208s] [ 92%] [32m[1mLinking CXX executable turn_camera_service[0m
[13.208s] [ 92%] [32m[1mLinking CXX executable service_client[0m
[13.631s] [ 94%] [32m[1mLinking CXX executable rpm_pub[0m
[13.890s] [ 96%] [32m[1mLinking CXX executable publisher[0m
[14.654s] [ 96%] Built target service_server
[14.659s] [ 96%] Built target service_client
[14.665s] [ 96%] Built target publisher
[14.670s] [ 96%] Built target rpm_pub
[15.302s] [ 96%] Built target turn_camera_service
[15.996s] [ 96%] Built target turn_camera_client
[20.356s] [ 98%] [32m[1mLinking CXX executable subscriber[0m
[20.613s] [ 98%] Built target subscriber
[20.934s] [100%] [32m[1mLinking CXX executable speed_calc[0m
[21.191s] [100%] Built target speed_calc
[21.258s] Invoked command in '/home/serhat/workspaces/build/udemy_ros2_pkg' returned '0': CMAKE_PREFIX_PATH=${CMAKE_PREFIX_PATH}:/opt/ros/humble /usr/bin/cmake --build /home/serhat/workspaces/build/udemy_ros2_pkg -- -j12 -l12
[21.402s] Invoking command in '/home/serhat/workspaces/build/udemy_ros2_pkg': CMAKE_PREFIX_PATH=${CMAKE_PREFIX_PATH}:/opt/ros/humble /usr/bin/cmake --install /home/serhat/workspaces/build/udemy_ros2_pkg
[21.410s] -- Install configuration: "RelWithDebInfo"
[21.414s] -- Execute custom install script
[21.414s] -- Up-to-date symlink: /home/serhat/workspaces/install/udemy_ros2_pkg/share/ament_index/resource_index/rosidl_interfaces/udemy_ros2_pkg
[21.415s] -- Up-to-date symlink: /home/serhat/workspaces/install/udemy_ros2_pkg/include/udemy_ros2_pkg/udemy_ros2_pkg/msg/rosidl_generator_c__visibility_control.h
[21.415s] -- Up-to-date symlink: /home/serhat/workspaces/install/udemy_ros2_pkg/include/udemy_ros2_pkg/udemy_ros2_pkg/srv/detail/odd_even_check__functions.h
[21.415s] -- Up-to-date symlink: /home/serhat/workspaces/install/udemy_ros2_pkg/include/udemy_ros2_pkg/udemy_ros2_pkg/srv/detail/odd_even_check__struct.h
[21.415s] -- Up-to-date symlink: /home/serhat/workspaces/install/udemy_ros2_pkg/include/udemy_ros2_pkg/udemy_ros2_pkg/srv/detail/odd_even_check__type_support.h
[21.416s] -- Up-to-date symlink: /home/serhat/workspaces/install/udemy_ros2_pkg/include/udemy_ros2_pkg/udemy_ros2_pkg/srv/detail/turn_camera__functions.h
[21.416s] -- Up-to-date symlink: /home/serhat/workspaces/install/udemy_ros2_pkg/include/udemy_ros2_pkg/udemy_ros2_pkg/srv/detail/turn_camera__struct.h
[21.416s] -- Up-to-date symlink: /home/serhat/workspaces/install/udemy_ros2_pkg/include/udemy_ros2_pkg/udemy_ros2_pkg/srv/detail/turn_camera__type_support.h
[21.416s] -- Up-to-date symlink: /home/serhat/workspaces/install/udemy_ros2_pkg/include/udemy_ros2_pkg/udemy_ros2_pkg/srv/odd_even_check.h
[21.416s] -- Up-to-date symlink: /home/serhat/workspaces/install/udemy_ros2_pkg/include/udemy_ros2_pkg/udemy_ros2_pkg/srv/turn_camera.h
[21.417s] -- Up-to-date symlink: /home/serhat/workspaces/install/udemy_ros2_pkg/share/udemy_ros2_pkg/environment/library_path.sh
[21.417s] -- Up-to-date symlink: /home/serhat/workspaces/install/udemy_ros2_pkg/share/udemy_ros2_pkg/environment/library_path.dsv
[21.418s] -- Up-to-date symlink: /home/serhat/workspaces/install/udemy_ros2_pkg/include/udemy_ros2_pkg/udemy_ros2_pkg/msg/rosidl_typesupport_fastrtps_c__visibility_control.h
[21.418s] -- Up-to-date symlink: /home/serhat/workspaces/install/udemy_ros2_pkg/include/udemy_ros2_pkg/udemy_ros2_pkg/srv/detail/odd_even_check__rosidl_typesupport_fastrtps_c.h
[21.418s] -- Up-to-date symlink: /home/serhat/workspaces/install/udemy_ros2_pkg/include/udemy_ros2_pkg/udemy_ros2_pkg/srv/detail/turn_camera__rosidl_typesupport_fastrtps_c.h
[21.418s] -- Up-to-date symlink: /home/serhat/workspaces/install/udemy_ros2_pkg/include/udemy_ros2_pkg/udemy_ros2_pkg/srv/detail/odd_even_check__builder.hpp
[21.419s] -- Up-to-date symlink: /home/serhat/workspaces/install/udemy_ros2_pkg/include/udemy_ros2_pkg/udemy_ros2_pkg/srv/detail/odd_even_check__struct.hpp
[21.419s] -- Up-to-date symlink: /home/serhat/workspaces/install/udemy_ros2_pkg/include/udemy_ros2_pkg/udemy_ros2_pkg/srv/detail/odd_even_check__traits.hpp
[21.419s] -- Up-to-date symlink: /home/serhat/workspaces/install/udemy_ros2_pkg/include/udemy_ros2_pkg/udemy_ros2_pkg/srv/detail/turn_camera__builder.hpp
[21.419s] -- Up-to-date symlink: /home/serhat/workspaces/install/udemy_ros2_pkg/include/udemy_ros2_pkg/udemy_ros2_pkg/srv/detail/turn_camera__struct.hpp
[21.419s] -- Up-to-date symlink: /home/serhat/workspaces/install/udemy_ros2_pkg/include/udemy_ros2_pkg/udemy_ros2_pkg/srv/detail/turn_camera__traits.hpp
[21.419s] -- Up-to-date symlink: /home/serhat/workspaces/install/udemy_ros2_pkg/include/udemy_ros2_pkg/udemy_ros2_pkg/srv/odd_even_check.hpp
[21.419s] -- Up-to-date symlink: /home/serhat/workspaces/install/udemy_ros2_pkg/include/udemy_ros2_pkg/udemy_ros2_pkg/srv/turn_camera.hpp
[21.420s] -- Up-to-date symlink: /home/serhat/workspaces/install/udemy_ros2_pkg/include/udemy_ros2_pkg/udemy_ros2_pkg/msg/rosidl_typesupport_fastrtps_cpp__visibility_control.h
[21.420s] -- Up-to-date symlink: /home/serhat/workspaces/install/udemy_ros2_pkg/include/udemy_ros2_pkg/udemy_ros2_pkg/srv/detail/odd_even_check__rosidl_typesupport_fastrtps_cpp.hpp
[21.420s] -- Up-to-date symlink: /home/serhat/workspaces/install/udemy_ros2_pkg/include/udemy_ros2_pkg/udemy_ros2_pkg/srv/detail/turn_camera__rosidl_typesupport_fastrtps_cpp.hpp
[21.421s] -- Up-to-date symlink: /home/serhat/workspaces/install/udemy_ros2_pkg/include/udemy_ros2_pkg/udemy_ros2_pkg/msg/rosidl_typesupport_introspection_c__visibility_control.h
[21.421s] -- Up-to-date symlink: /home/serhat/workspaces/install/udemy_ros2_pkg/include/udemy_ros2_pkg/udemy_ros2_pkg/srv/detail/odd_even_check__rosidl_typesupport_introspection_c.h
[21.421s] -- Up-to-date symlink: /home/serhat/workspaces/install/udemy_ros2_pkg/include/udemy_ros2_pkg/udemy_ros2_pkg/srv/detail/turn_camera__rosidl_typesupport_introspection_c.h
[21.422s] -- Up-to-date symlink: /home/serhat/workspaces/install/udemy_ros2_pkg/include/udemy_ros2_pkg/udemy_ros2_pkg/srv/detail/odd_even_check__rosidl_typesupport_introspection_cpp.hpp
[21.422s] -- Up-to-date symlink: /home/serhat/workspaces/install/udemy_ros2_pkg/include/udemy_ros2_pkg/udemy_ros2_pkg/srv/detail/turn_camera__rosidl_typesupport_introspection_cpp.hpp
[21.422s] -- Up-to-date symlink: /home/serhat/workspaces/install/udemy_ros2_pkg/share/udemy_ros2_pkg/environment/pythonpath.sh
[21.422s] -- Up-to-date symlink: /home/serhat/workspaces/install/udemy_ros2_pkg/share/udemy_ros2_pkg/environment/pythonpath.dsv
[21.423s] -- Up-to-date symlink: /home/serhat/workspaces/install/udemy_ros2_pkg/local/lib/python3.10/dist-packages/udemy_ros2_pkg-0.0.0-py3.10.egg-info/PKG-INFO
[21.423s] -- Up-to-date symlink: /home/serhat/workspaces/install/udemy_ros2_pkg/local/lib/python3.10/dist-packages/udemy_ros2_pkg-0.0.0-py3.10.egg-info/SOURCES.txt
[21.423s] -- Up-to-date symlink: /home/serhat/workspaces/install/udemy_ros2_pkg/local/lib/python3.10/dist-packages/udemy_ros2_pkg-0.0.0-py3.10.egg-info/dependency_links.txt
[21.423s] -- Up-to-date symlink: /home/serhat/workspaces/install/udemy_ros2_pkg/local/lib/python3.10/dist-packages/udemy_ros2_pkg-0.0.0-py3.10.egg-info/top_level.txt
[21.424s] -- Up-to-date symlink: /home/serhat/workspaces/install/udemy_ros2_pkg/local/lib/python3.10/dist-packages/udemy_ros2_pkg/__init__.py
[21.424s] -- Up-to-date symlink: /home/serhat/workspaces/install/udemy_ros2_pkg/local/lib/python3.10/dist-packages/udemy_ros2_pkg/_udemy_ros2_pkg_s.ep.rosidl_typesupport_c.c
[21.424s] -- Up-to-date symlink: /home/serhat/workspaces/install/udemy_ros2_pkg/local/lib/python3.10/dist-packages/udemy_ros2_pkg/_udemy_ros2_pkg_s.ep.rosidl_typesupport_fastrtps_c.c
[21.425s] -- Up-to-date symlink: /home/serhat/workspaces/install/udemy_ros2_pkg/local/lib/python3.10/dist-packages/udemy_ros2_pkg/_udemy_ros2_pkg_s.ep.rosidl_typesupport_introspection_c.c
[21.425s] -- Up-to-date symlink: /home/serhat/workspaces/install/udemy_ros2_pkg/local/lib/python3.10/dist-packages/udemy_ros2_pkg/libudemy_ros2_pkg__rosidl_generator_py.so
[21.425s] -- Up-to-date symlink: /home/serhat/workspaces/install/udemy_ros2_pkg/local/lib/python3.10/dist-packages/udemy_ros2_pkg/srv/__init__.py
[21.425s] -- Up-to-date symlink: /home/serhat/workspaces/install/udemy_ros2_pkg/local/lib/python3.10/dist-packages/udemy_ros2_pkg/srv/_odd_even_check.py
[21.425s] -- Up-to-date symlink: /home/serhat/workspaces/install/udemy_ros2_pkg/local/lib/python3.10/dist-packages/udemy_ros2_pkg/srv/_odd_even_check_s.c
[21.425s] -- Up-to-date symlink: /home/serhat/workspaces/install/udemy_ros2_pkg/local/lib/python3.10/dist-packages/udemy_ros2_pkg/srv/_turn_camera.py
[21.426s] -- Up-to-date symlink: /home/serhat/workspaces/install/udemy_ros2_pkg/local/lib/python3.10/dist-packages/udemy_ros2_pkg/srv/_turn_camera_s.c
[21.426s] -- Up-to-date symlink: /home/serhat/workspaces/install/udemy_ros2_pkg/local/lib/python3.10/dist-packages/udemy_ros2_pkg/udemy_ros2_pkg_s__rosidl_typesupport_c.cpython-310-x86_64-linux-gnu.so
[21.426s] -- Up-to-date symlink: /home/serhat/workspaces/install/udemy_ros2_pkg/local/lib/python3.10/dist-packages/udemy_ros2_pkg/udemy_ros2_pkg_s__rosidl_typesupport_fastrtps_c.cpython-310-x86_64-linux-gnu.so
[21.426s] -- Up-to-date symlink: /home/serhat/workspaces/install/udemy_ros2_pkg/local/lib/python3.10/dist-packages/udemy_ros2_pkg/udemy_ros2_pkg_s__rosidl_typesupport_introspection_c.cpython-310-x86_64-linux-gnu.so
[21.426s] -- Up-to-date symlink: /home/serhat/workspaces/install/udemy_ros2_pkg/local/lib/python3.10/dist-packages/udemy_ros2_pkg/udemy_ros2_pkg_s__rosidl_typesupport_fastrtps_c.cpython-310-x86_64-linux-gnu.so
[21.426s] -- Up-to-date symlink: /home/serhat/workspaces/install/udemy_ros2_pkg/local/lib/python3.10/dist-packages/udemy_ros2_pkg/udemy_ros2_pkg_s__rosidl_typesupport_introspection_c.cpython-310-x86_64-linux-gnu.so
[21.427s] -- Up-to-date symlink: /home/serhat/workspaces/install/udemy_ros2_pkg/local/lib/python3.10/dist-packages/udemy_ros2_pkg/udemy_ros2_pkg_s__rosidl_typesupport_c.cpython-310-x86_64-linux-gnu.so
[21.427s] -- Up-to-date symlink: /home/serhat/workspaces/install/udemy_ros2_pkg/share/udemy_ros2_pkg/srv/OddEvenCheck.idl
[21.427s] -- Up-to-date symlink: /home/serhat/workspaces/install/udemy_ros2_pkg/share/udemy_ros2_pkg/srv/TurnCamera.idl
[21.427s] -- Up-to-date symlink: /home/serhat/workspaces/install/udemy_ros2_pkg/share/udemy_ros2_pkg/srv/OddEvenCheck.srv
[21.428s] -- Up-to-date symlink: /home/serhat/workspaces/install/udemy_ros2_pkg/share/udemy_ros2_pkg/srv/OddEvenCheck_Request.msg
[21.428s] -- Up-to-date symlink: /home/serhat/workspaces/install/udemy_ros2_pkg/share/udemy_ros2_pkg/srv/OddEvenCheck_Response.msg
[21.428s] -- Up-to-date symlink: /home/serhat/workspaces/install/udemy_ros2_pkg/share/udemy_ros2_pkg/srv/TurnCamera.srv
[21.428s] -- Up-to-date symlink: /home/serhat/workspaces/install/udemy_ros2_pkg/share/udemy_ros2_pkg/srv/TurnCamera_Request.msg
[21.428s] -- Up-to-date symlink: /home/serhat/workspaces/install/udemy_ros2_pkg/share/udemy_ros2_pkg/srv/TurnCamera_Response.msg
[21.456s] -- Up-to-date symlink: /home/serhat/workspaces/install/udemy_ros2_pkg/lib/udemy_ros2_pkg/publisher
[21.456s] -- Up-to-date symlink: /home/serhat/workspaces/install/udemy_ros2_pkg/lib/udemy_ros2_pkg/subscriber
[21.456s] -- Up-to-date symlink: /home/serhat/workspaces/install/udemy_ros2_pkg/lib/udemy_ros2_pkg/rpm_pub
[21.456s] -- Up-to-date symlink: /home/serhat/workspaces/install/udemy_ros2_pkg/lib/udemy_ros2_pkg/speed_calc
[21.457s] -- Up-to-date symlink: /home/serhat/workspaces/install/udemy_ros2_pkg/lib/udemy_ros2_pkg/service_server
[21.457s] -- Up-to-date symlink: /home/serhat/workspaces/install/udemy_ros2_pkg/lib/udemy_ros2_pkg/service_client
[21.457s] -- Up-to-date symlink: /home/serhat/workspaces/install/udemy_ros2_pkg/lib/udemy_ros2_pkg/turn_camera_service
[21.457s] -- Symlinking: /home/serhat/workspaces/install/udemy_ros2_pkg/lib/udemy_ros2_pkg/turn_camera_client
[21.465s] -- Up-to-date symlink: /home/serhat/workspaces/install/udemy_ros2_pkg/share/udemy_ros2_pkg//launch/launch_project.launch.py
[21.465s] -- Up-to-date symlink: /home/serhat/workspaces/install/udemy_ros2_pkg/share/udemy_ros2_pkg//launch/rpm_node.launch.py
[21.465s] -- Up-to-date symlink: /home/serhat/workspaces/install/udemy_ros2_pkg/share/ament_index/resource_index/package_run_dependencies/udemy_ros2_pkg
[21.465s] -- Up-to-date symlink: /home/serhat/workspaces/install/udemy_ros2_pkg/share/ament_index/resource_index/parent_prefix_path/udemy_ros2_pkg
[21.466s] -- Up-to-date symlink: /home/serhat/workspaces/install/udemy_ros2_pkg/share/udemy_ros2_pkg/environment/ament_prefix_path.sh
[21.466s] -- Up-to-date symlink: /home/serhat/workspaces/install/udemy_ros2_pkg/share/udemy_ros2_pkg/environment/ament_prefix_path.dsv
[21.466s] -- Up-to-date symlink: /home/serhat/workspaces/install/udemy_ros2_pkg/share/udemy_ros2_pkg/environment/path.sh
[21.466s] -- Up-to-date symlink: /home/serhat/workspaces/install/udemy_ros2_pkg/share/udemy_ros2_pkg/environment/path.dsv
[21.466s] -- Up-to-date symlink: /home/serhat/workspaces/install/udemy_ros2_pkg/share/udemy_ros2_pkg/local_setup.bash
[21.466s] -- Up-to-date symlink: /home/serhat/workspaces/install/udemy_ros2_pkg/share/udemy_ros2_pkg/local_setup.sh
[21.467s] -- Up-to-date symlink: /home/serhat/workspaces/install/udemy_ros2_pkg/share/udemy_ros2_pkg/local_setup.zsh
[21.467s] -- Up-to-date symlink: /home/serhat/workspaces/install/udemy_ros2_pkg/share/udemy_ros2_pkg/local_setup.dsv
[21.467s] -- Symlinking: /home/serhat/workspaces/install/udemy_ros2_pkg/share/udemy_ros2_pkg/package.dsv
[21.474s] -- Up-to-date symlink: /home/serhat/workspaces/install/udemy_ros2_pkg/share/ament_index/resource_index/packages/udemy_ros2_pkg
[21.474s] -- Up-to-date symlink: /home/serhat/workspaces/install/udemy_ros2_pkg/share/udemy_ros2_pkg/cmake/rosidl_cmake-extras.cmake
[21.474s] -- Up-to-date symlink: /home/serhat/workspaces/install/udemy_ros2_pkg/share/udemy_ros2_pkg/cmake/ament_cmake_export_dependencies-extras.cmake
[21.475s] -- Up-to-date symlink: /home/serhat/workspaces/install/udemy_ros2_pkg/share/udemy_ros2_pkg/cmake/ament_cmake_export_include_directories-extras.cmake
[21.475s] -- Up-to-date symlink: /home/serhat/workspaces/install/udemy_ros2_pkg/share/udemy_ros2_pkg/cmake/ament_cmake_export_libraries-extras.cmake
[21.475s] -- Up-to-date symlink: /home/serhat/workspaces/install/udemy_ros2_pkg/share/udemy_ros2_pkg/cmake/ament_cmake_export_targets-extras.cmake
[21.475s] -- Up-to-date symlink: /home/serhat/workspaces/install/udemy_ros2_pkg/share/udemy_ros2_pkg/cmake/rosidl_cmake_export_typesupport_targets-extras.cmake
[21.475s] -- Up-to-date symlink: /home/serhat/workspaces/install/udemy_ros2_pkg/share/udemy_ros2_pkg/cmake/rosidl_cmake_export_typesupport_libraries-extras.cmake
[21.475s] -- Up-to-date symlink: /home/serhat/workspaces/install/udemy_ros2_pkg/share/udemy_ros2_pkg/cmake/udemy_ros2_pkgConfig.cmake
[21.475s] -- Up-to-date symlink: /home/serhat/workspaces/install/udemy_ros2_pkg/share/udemy_ros2_pkg/cmake/udemy_ros2_pkgConfig-version.cmake
[21.476s] -- Up-to-date symlink: /home/serhat/workspaces/install/udemy_ros2_pkg/share/udemy_ros2_pkg/package.xml
[21.476s] -- Up-to-date: /home/serhat/workspaces/install/udemy_ros2_pkg/lib/libudemy_ros2_pkg__rosidl_generator_c.so
[21.476s] -- Up-to-date: /home/serhat/workspaces/install/udemy_ros2_pkg/lib/libudemy_ros2_pkg__rosidl_typesupport_fastrtps_c.so
[21.477s] -- Up-to-date: /home/serhat/workspaces/install/udemy_ros2_pkg/lib/libudemy_ros2_pkg__rosidl_typesupport_fastrtps_cpp.so
[21.477s] -- Up-to-date: /home/serhat/workspaces/install/udemy_ros2_pkg/lib/libudemy_ros2_pkg__rosidl_typesupport_introspection_c.so
[21.477s] -- Up-to-date: /home/serhat/workspaces/install/udemy_ros2_pkg/lib/libudemy_ros2_pkg__rosidl_typesupport_c.so
[21.478s] -- Up-to-date: /home/serhat/workspaces/install/udemy_ros2_pkg/lib/libudemy_ros2_pkg__rosidl_typesupport_introspection_cpp.so
[21.478s] -- Up-to-date: /home/serhat/workspaces/install/udemy_ros2_pkg/lib/libudemy_ros2_pkg__rosidl_typesupport_cpp.so
[21.697s] Listing '/home/serhat/workspaces/install/udemy_ros2_pkg/local/lib/python3.10/dist-packages/udemy_ros2_pkg'...
[21.697s] Compiling '/home/serhat/workspaces/install/udemy_ros2_pkg/local/lib/python3.10/dist-packages/udemy_ros2_pkg/__init__.py'...
[21.697s] Listing '/home/serhat/workspaces/install/udemy_ros2_pkg/local/lib/python3.10/dist-packages/udemy_ros2_pkg/srv'...
[21.701s] -- Up-to-date: /home/serhat/workspaces/install/udemy_ros2_pkg/lib/libudemy_ros2_pkg__rosidl_generator_py.so
[21.701s] -- Up-to-date: /home/serhat/workspaces/install/udemy_ros2_pkg/share/udemy_ros2_pkg/cmake/export_udemy_ros2_pkg__rosidl_generator_cExport.cmake
[21.702s] -- Up-to-date: /home/serhat/workspaces/install/udemy_ros2_pkg/share/udemy_ros2_pkg/cmake/export_udemy_ros2_pkg__rosidl_generator_cExport-relwithdebinfo.cmake
[21.702s] -- Up-to-date: /home/serhat/workspaces/install/udemy_ros2_pkg/share/udemy_ros2_pkg/cmake/export_udemy_ros2_pkg__rosidl_typesupport_fastrtps_cExport.cmake
[21.702s] -- Up-to-date: /home/serhat/workspaces/install/udemy_ros2_pkg/share/udemy_ros2_pkg/cmake/export_udemy_ros2_pkg__rosidl_typesupport_fastrtps_cExport-relwithdebinfo.cmake
[21.702s] -- Up-to-date: /home/serhat/workspaces/install/udemy_ros2_pkg/share/udemy_ros2_pkg/cmake/export_udemy_ros2_pkg__rosidl_generator_cppExport.cmake
[21.702s] -- Up-to-date: /home/serhat/workspaces/install/udemy_ros2_pkg/share/udemy_ros2_pkg/cmake/export_udemy_ros2_pkg__rosidl_typesupport_fastrtps_cppExport.cmake
[21.702s] -- Up-to-date: /home/serhat/workspaces/install/udemy_ros2_pkg/share/udemy_ros2_pkg/cmake/export_udemy_ros2_pkg__rosidl_typesupport_fastrtps_cppExport-relwithdebinfo.cmake
[21.702s] -- Up-to-date: /home/serhat/workspaces/install/udemy_ros2_pkg/share/udemy_ros2_pkg/cmake/udemy_ros2_pkg__rosidl_typesupport_introspection_cExport.cmake
[21.703s] -- Up-to-date: /home/serhat/workspaces/install/udemy_ros2_pkg/share/udemy_ros2_pkg/cmake/udemy_ros2_pkg__rosidl_typesupport_introspection_cExport-relwithdebinfo.cmake
[21.703s] -- Up-to-date: /home/serhat/workspaces/install/udemy_ros2_pkg/share/udemy_ros2_pkg/cmake/udemy_ros2_pkg__rosidl_typesupport_cExport.cmake
[21.703s] -- Up-to-date: /home/serhat/workspaces/install/udemy_ros2_pkg/share/udemy_ros2_pkg/cmake/udemy_ros2_pkg__rosidl_typesupport_cExport-relwithdebinfo.cmake
[21.703s] -- Up-to-date: /home/serhat/workspaces/install/udemy_ros2_pkg/share/udemy_ros2_pkg/cmake/udemy_ros2_pkg__rosidl_typesupport_introspection_cppExport.cmake
[21.703s] -- Up-to-date: /home/serhat/workspaces/install/udemy_ros2_pkg/share/udemy_ros2_pkg/cmake/udemy_ros2_pkg__rosidl_typesupport_introspection_cppExport-relwithdebinfo.cmake
[21.703s] -- Up-to-date: /home/serhat/workspaces/install/udemy_ros2_pkg/share/udemy_ros2_pkg/cmake/udemy_ros2_pkg__rosidl_typesupport_cppExport.cmake
[21.703s] -- Up-to-date: /home/serhat/workspaces/install/udemy_ros2_pkg/share/udemy_ros2_pkg/cmake/udemy_ros2_pkg__rosidl_typesupport_cppExport-relwithdebinfo.cmake
[21.703s] -- Up-to-date: /home/serhat/workspaces/install/udemy_ros2_pkg/share/udemy_ros2_pkg/cmake/export_udemy_ros2_pkg__rosidl_generator_pyExport.cmake
[21.703s] -- Up-to-date: /home/serhat/workspaces/install/udemy_ros2_pkg/share/udemy_ros2_pkg/cmake/export_udemy_ros2_pkg__rosidl_generator_pyExport-relwithdebinfo.cmake
[21.707s] Invoked command in '/home/serhat/workspaces/build/udemy_ros2_pkg' returned '0': CMAKE_PREFIX_PATH=${CMAKE_PREFIX_PATH}:/opt/ros/humble /usr/bin/cmake --install /home/serhat/workspaces/build/udemy_ros2_pkg
