[35m[1mConsolidate compiler generated dependencies of target rpm_speed[0m
[  1%] Built target udemy_ros2_pkg__cpp
[  9%] Built target udemy_ros2_pkg__rosidl_generator_c
[ 12%] Built target subscriber
[ 15%] Built target publisher
[ 18%] Built target speed_calc
[ 21%] Built target rpm_pub
[ 21%] Built target ament_cmake_python_symlink_udemy_ros2_pkg
[ 24%] Built target rpm_speed
[ 32%] Built target udemy_ros2_pkg__rosidl_typesupport_fastrtps_cpp
[ 41%] Built target udemy_ros2_pkg__rosidl_typesupport_introspection_c
[ 47%] Built target udemy_ros2_pkg__rosidl_typesupport_introspection_cpp
[ 55%] Built target udemy_ros2_pkg__rosidl_typesupport_cpp
[ 63%] Built target udemy_ros2_pkg__rosidl_typesupport_fastrtps_c
[ 70%] Built target udemy_ros2_pkg__rosidl_typesupport_c
[ 70%] Built target udemy_ros2_pkg
[ 73%] Built target service_client
[ 76%] Built target service_server
[ 80%] Built target action_client
[ 83%] Built target action_server
[ 84%] Built target udemy_ros2_pkg__py
[ 90%] Built target udemy_ros2_pkg__rosidl_generator_py
[ 93%] Built target udemy_ros2_pkg__rosidl_typesupport_introspection_c__pyext
[ 96%] Built target udemy_ros2_pkg__rosidl_typesupport_fastrtps_c__pyext
[100%] Built target udemy_ros2_pkg__rosidl_typesupport_c__pyext
running egg_info
writing udemy_ros2_pkg.egg-info/PKG-INFO
writing dependency_links to udemy_ros2_pkg.egg-info/dependency_links.txt
writing top-level names to udemy_ros2_pkg.egg-info/top_level.txt
reading manifest file 'udemy_ros2_pkg.egg-info/SOURCES.txt'
writing manifest file 'udemy_ros2_pkg.egg-info/SOURCES.txt'
[100%] Built target ament_cmake_python_build_udemy_ros2_pkg_egg
