[0.017s] Invoking command in '/home/serhat/workspaces/ros2_cpp_ws/build/udemy_ros2_pkg': CMAKE_PREFIX_PATH=${CMAKE_PREFIX_PATH}:/opt/ros/humble /usr/bin/cmake --build /home/serhat/workspaces/ros2_cpp_ws/build/udemy_ros2_pkg -- -j12 -l12
[0.064s] [35m[1mConsolidate compiler generated dependencies of target rpm_speed[0m
[0.072s] [  1%] Built target udemy_ros2_pkg__cpp
[0.075s] [  9%] Built target udemy_ros2_pkg__rosidl_generator_c
[0.079s] [ 12%] Built target subscriber
[0.080s] [ 15%] Built target publisher
[0.080s] [ 18%] Built target speed_calc
[0.082s] [ 21%] Built target rpm_pub
[0.083s] [ 21%] Built target ament_cmake_python_symlink_udemy_ros2_pkg
[0.101s] [ 24%] Built target rpm_speed
[0.107s] [ 32%] Built target udemy_ros2_pkg__rosidl_typesupport_fastrtps_cpp
[0.109s] [ 41%] Built target udemy_ros2_pkg__rosidl_typesupport_introspection_c
[0.109s] [ 47%] Built target udemy_ros2_pkg__rosidl_typesupport_introspection_cpp
[0.110s] [ 55%] Built target udemy_ros2_pkg__rosidl_typesupport_cpp
[0.111s] [ 63%] Built target udemy_ros2_pkg__rosidl_typesupport_fastrtps_c
[0.112s] [ 70%] Built target udemy_ros2_pkg__rosidl_typesupport_c
[0.136s] [ 70%] Built target udemy_ros2_pkg
[0.140s] [ 73%] Built target service_client
[0.140s] [ 76%] Built target service_server
[0.143s] [ 80%] Built target action_client
[0.146s] [ 83%] Built target action_server
[0.158s] [ 84%] Built target udemy_ros2_pkg__py
[0.178s] [ 90%] Built target udemy_ros2_pkg__rosidl_generator_py
[0.199s] [ 93%] Built target udemy_ros2_pkg__rosidl_typesupport_introspection_c__pyext
[0.200s] [ 96%] Built target udemy_ros2_pkg__rosidl_typesupport_fastrtps_c__pyext
[0.201s] [100%] Built target udemy_ros2_pkg__rosidl_typesupport_c__pyext
[0.351s] running egg_info
[0.352s] writing udemy_ros2_pkg.egg-info/PKG-INFO
[0.352s] writing dependency_links to udemy_ros2_pkg.egg-info/dependency_links.txt
[0.352s] writing top-level names to udemy_ros2_pkg.egg-info/top_level.txt
[0.355s] reading manifest file 'udemy_ros2_pkg.egg-info/SOURCES.txt'
[0.355s] writing manifest file 'udemy_ros2_pkg.egg-info/SOURCES.txt'
[0.376s] [100%] Built target ament_cmake_python_build_udemy_ros2_pkg_egg
