[35m[1mConsolidate compiler generated dependencies of target basic_slave_node[0m
[35m[1mConsolidate compiler generated dependencies of target cia402_slave_node[0m
[ 25%] [32mBuilding CXX object CMakeFiles/cia402_slave_node.dir/src/cia402_slave.cpp.o[0m
[ 50%] [32mBuilding CXX object CMakeFiles/basic_slave_node.dir/src/basic_slave.cpp.o[0m
[100%] [32m[1mLinking CXX executable basic_slave_node[0m
[100%] [32m[1mLinking CXX executable cia402_slave_node[0m
[100%] Built target basic_slave_node
[100%] Built target cia402_slave_node
-- Install configuration: ""
-- Execute custom install script
-- Up-to-date symlink: /home/serhat/workspace/install/canopen_mock_slave/lib/canopen_mock_slave/basic_slave_node
-- Up-to-date symlink: /home/serhat/workspace/install/canopen_mock_slave/lib/canopen_mock_slave/cia402_slave_node
-- Up-to-date symlink: /home/serhat/workspace/install/canopen_mock_slave/share/canopen_mock_slave/launch//basic_slave.launch.py
-- Up-to-date symlink: /home/serhat/workspace/install/canopen_mock_slave/share/canopen_mock_slave/launch//cia402_slave.launch.py
-- Up-to-date symlink: /home/serhat/workspace/install/canopen_mock_slave/share/canopen_mock_slave/config//cia402_slave.eds
-- Up-to-date symlink: /home/serhat/workspace/install/canopen_mock_slave/share/canopen_mock_slave/config//simple_slave.eds
-- Up-to-date symlink: /home/serhat/workspace/install/canopen_mock_slave/share/ament_index/resource_index/package_run_dependencies/canopen_mock_slave
-- Up-to-date symlink: /home/serhat/workspace/install/canopen_mock_slave/share/ament_index/resource_index/parent_prefix_path/canopen_mock_slave
-- Up-to-date symlink: /home/serhat/workspace/install/canopen_mock_slave/share/canopen_mock_slave/environment/ament_prefix_path.sh
-- Up-to-date symlink: /home/serhat/workspace/install/canopen_mock_slave/share/canopen_mock_slave/environment/ament_prefix_path.dsv
-- Up-to-date symlink: /home/serhat/workspace/install/canopen_mock_slave/share/canopen_mock_slave/environment/path.sh
-- Up-to-date symlink: /home/serhat/workspace/install/canopen_mock_slave/share/canopen_mock_slave/environment/path.dsv
-- Up-to-date symlink: /home/serhat/workspace/install/canopen_mock_slave/share/canopen_mock_slave/local_setup.bash
-- Up-to-date symlink: /home/serhat/workspace/install/canopen_mock_slave/share/canopen_mock_slave/local_setup.sh
-- Up-to-date symlink: /home/serhat/workspace/install/canopen_mock_slave/share/canopen_mock_slave/local_setup.zsh
-- Up-to-date symlink: /home/serhat/workspace/install/canopen_mock_slave/share/canopen_mock_slave/local_setup.dsv
-- Symlinking: /home/serhat/workspace/install/canopen_mock_slave/share/canopen_mock_slave/package.dsv
-- Up-to-date symlink: /home/serhat/workspace/install/canopen_mock_slave/share/ament_index/resource_index/packages/canopen_mock_slave
-- Up-to-date symlink: /home/serhat/workspace/install/canopen_mock_slave/share/canopen_mock_slave/cmake/canopen_mock_slaveConfig.cmake
-- Up-to-date symlink: /home/serhat/workspace/install/canopen_mock_slave/share/canopen_mock_slave/cmake/canopen_mock_slaveConfig-version.cmake
-- Up-to-date symlink: /home/serhat/workspace/install/canopen_mock_slave/share/canopen_mock_slave/package.xml
