[0.029s] Invoking command in '/home/serhat/workspace/build/udemy_ros2_pkg': CMAKE_PREFIX_PATH=${CMAKE_PREFIX_PATH}:/home/serhat/workspace/install/canopen_utils:/opt/ros/humble /usr/bin/cmake --build /home/serhat/workspace/build/udemy_ros2_pkg -- -j12 -l12
[0.139s] [  2%] Built target can_receiver_node
[0.144s] [  4%] Built target udemy_ros2_pkg__cpp
[0.150s] [  6%] Built target subscriber
[0.152s] [  6%] Built target ament_cmake_python_symlink_udemy_ros2_pkg
[0.159s] [  9%] Built target publisher
[0.165s] [ 12%] Built target can_sender_node
[0.169s] [ 19%] Built target udemy_ros2_pkg__rosidl_generator_c
[0.179s] [ 21%] Built target rpm_speed
[0.236s] [ 24%] Built target speed_calc
[0.236s] [ 27%] Built target canbustest2
[0.245s] [ 35%] Built target udemy_ros2_pkg__rosidl_typesupport_cpp
[0.246s] [ 36%] Built target canbustest
[0.246s] [ 39%] Built target rpm_pub
[0.250s] [ 46%] Built target udemy_ros2_pkg__rosidl_typesupport_introspection_c
[0.250s] [ 53%] Built target udemy_ros2_pkg__rosidl_typesupport_fastrtps_cpp
[0.252s] [ 60%] Built target udemy_ros2_pkg__rosidl_typesupport_fastrtps_c
[0.302s] [ 67%] Built target udemy_ros2_pkg__rosidl_typesupport_c
[0.304s] [ 73%] Built target udemy_ros2_pkg__rosidl_typesupport_introspection_cpp
[0.310s] [ 76%] Built target service_server
[0.322s] [ 79%] Built target service_client
[0.326s] [ 82%] Built target action_server
[0.333s] [ 84%] Built target action_client
[0.339s] [ 84%] Built target udemy_ros2_pkg
[0.372s] [ 86%] Built target udemy_ros2_pkg__py
[0.407s] [ 91%] Built target udemy_ros2_pkg__rosidl_generator_py
[0.436s] [ 94%] Built target udemy_ros2_pkg__rosidl_typesupport_fastrtps_c__pyext
[0.439s] [ 97%] Built target udemy_ros2_pkg__rosidl_typesupport_c__pyext
[0.441s] [100%] Built target udemy_ros2_pkg__rosidl_typesupport_introspection_c__pyext
[0.687s] running egg_info
[0.688s] writing udemy_ros2_pkg.egg-info/PKG-INFO
[0.688s] writing dependency_links to udemy_ros2_pkg.egg-info/dependency_links.txt
[0.688s] writing top-level names to udemy_ros2_pkg.egg-info/top_level.txt
[0.692s] reading manifest file 'udemy_ros2_pkg.egg-info/SOURCES.txt'
[0.693s] writing manifest file 'udemy_ros2_pkg.egg-info/SOURCES.txt'
[0.725s] [100%] Built target ament_cmake_python_build_udemy_ros2_pkg_egg
[0.751s] Invoked command in '/home/serhat/workspace/build/udemy_ros2_pkg' returned '0': CMAKE_PREFIX_PATH=${CMAKE_PREFIX_PATH}:/home/serhat/workspace/install/canopen_utils:/opt/ros/humble /usr/bin/cmake --build /home/serhat/workspace/build/udemy_ros2_pkg -- -j12 -l12
[1.041s] Invoking command in '/home/serhat/workspace/build/udemy_ros2_pkg': CMAKE_PREFIX_PATH=${CMAKE_PREFIX_PATH}:/home/serhat/workspace/install/canopen_utils:/opt/ros/humble /usr/bin/cmake --install /home/serhat/workspace/build/udemy_ros2_pkg
[1.051s] -- Install configuration: ""
[1.051s] -- Execute custom install script
[1.052s] -- Up-to-date symlink: /home/serhat/workspace/install/udemy_ros2_pkg/share/ament_index/resource_index/rosidl_interfaces/udemy_ros2_pkg
[1.052s] -- Up-to-date symlink: /home/serhat/workspace/install/udemy_ros2_pkg/include/udemy_ros2_pkg/udemy_ros2_pkg/action/detail/navigate__functions.h
[1.052s] -- Up-to-date symlink: /home/serhat/workspace/install/udemy_ros2_pkg/include/udemy_ros2_pkg/udemy_ros2_pkg/action/detail/navigate__struct.h
[1.052s] -- Up-to-date symlink: /home/serhat/workspace/install/udemy_ros2_pkg/include/udemy_ros2_pkg/udemy_ros2_pkg/action/detail/navigate__type_support.h
[1.052s] -- Up-to-date symlink: /home/serhat/workspace/install/udemy_ros2_pkg/include/udemy_ros2_pkg/udemy_ros2_pkg/action/navigate.h
[1.052s] -- Up-to-date symlink: /home/serhat/workspace/install/udemy_ros2_pkg/include/udemy_ros2_pkg/udemy_ros2_pkg/msg/rosidl_generator_c__visibility_control.h
[1.052s] -- Up-to-date symlink: /home/serhat/workspace/install/udemy_ros2_pkg/include/udemy_ros2_pkg/udemy_ros2_pkg/srv/detail/odd_even_check__functions.h
[1.052s] -- Up-to-date symlink: /home/serhat/workspace/install/udemy_ros2_pkg/include/udemy_ros2_pkg/udemy_ros2_pkg/srv/detail/odd_even_check__struct.h
[1.053s] -- Up-to-date symlink: /home/serhat/workspace/install/udemy_ros2_pkg/include/udemy_ros2_pkg/udemy_ros2_pkg/srv/detail/odd_even_check__type_support.h
[1.053s] -- Up-to-date symlink: /home/serhat/workspace/install/udemy_ros2_pkg/include/udemy_ros2_pkg/udemy_ros2_pkg/srv/detail/turn_camera__functions.h
[1.053s] -- Up-to-date symlink: /home/serhat/workspace/install/udemy_ros2_pkg/include/udemy_ros2_pkg/udemy_ros2_pkg/srv/detail/turn_camera__struct.h
[1.053s] -- Up-to-date symlink: /home/serhat/workspace/install/udemy_ros2_pkg/include/udemy_ros2_pkg/udemy_ros2_pkg/srv/detail/turn_camera__type_support.h
[1.053s] -- Up-to-date symlink: /home/serhat/workspace/install/udemy_ros2_pkg/include/udemy_ros2_pkg/udemy_ros2_pkg/srv/odd_even_check.h
[1.053s] -- Up-to-date symlink: /home/serhat/workspace/install/udemy_ros2_pkg/include/udemy_ros2_pkg/udemy_ros2_pkg/srv/turn_camera.h
[1.053s] -- Up-to-date symlink: /home/serhat/workspace/install/udemy_ros2_pkg/share/udemy_ros2_pkg/environment/library_path.sh
[1.054s] -- Up-to-date symlink: /home/serhat/workspace/install/udemy_ros2_pkg/share/udemy_ros2_pkg/environment/library_path.dsv
[1.054s] -- Up-to-date symlink: /home/serhat/workspace/install/udemy_ros2_pkg/include/udemy_ros2_pkg/udemy_ros2_pkg/action/detail/navigate__rosidl_typesupport_fastrtps_c.h
[1.054s] -- Up-to-date symlink: /home/serhat/workspace/install/udemy_ros2_pkg/include/udemy_ros2_pkg/udemy_ros2_pkg/msg/rosidl_typesupport_fastrtps_c__visibility_control.h
[1.055s] -- Up-to-date symlink: /home/serhat/workspace/install/udemy_ros2_pkg/include/udemy_ros2_pkg/udemy_ros2_pkg/srv/detail/odd_even_check__rosidl_typesupport_fastrtps_c.h
[1.055s] -- Up-to-date symlink: /home/serhat/workspace/install/udemy_ros2_pkg/include/udemy_ros2_pkg/udemy_ros2_pkg/srv/detail/turn_camera__rosidl_typesupport_fastrtps_c.h
[1.055s] -- Up-to-date symlink: /home/serhat/workspace/install/udemy_ros2_pkg/include/udemy_ros2_pkg/udemy_ros2_pkg/action/detail/navigate__builder.hpp
[1.055s] -- Up-to-date symlink: /home/serhat/workspace/install/udemy_ros2_pkg/include/udemy_ros2_pkg/udemy_ros2_pkg/action/detail/navigate__struct.hpp
[1.055s] -- Up-to-date symlink: /home/serhat/workspace/install/udemy_ros2_pkg/include/udemy_ros2_pkg/udemy_ros2_pkg/action/detail/navigate__traits.hpp
[1.055s] -- Up-to-date symlink: /home/serhat/workspace/install/udemy_ros2_pkg/include/udemy_ros2_pkg/udemy_ros2_pkg/action/navigate.hpp
[1.055s] -- Up-to-date symlink: /home/serhat/workspace/install/udemy_ros2_pkg/include/udemy_ros2_pkg/udemy_ros2_pkg/srv/detail/odd_even_check__builder.hpp
[1.055s] -- Up-to-date symlink: /home/serhat/workspace/install/udemy_ros2_pkg/include/udemy_ros2_pkg/udemy_ros2_pkg/srv/detail/odd_even_check__struct.hpp
[1.056s] -- Up-to-date symlink: /home/serhat/workspace/install/udemy_ros2_pkg/include/udemy_ros2_pkg/udemy_ros2_pkg/srv/detail/odd_even_check__traits.hpp
[1.056s] -- Up-to-date symlink: /home/serhat/workspace/install/udemy_ros2_pkg/include/udemy_ros2_pkg/udemy_ros2_pkg/srv/detail/turn_camera__builder.hpp
[1.056s] -- Up-to-date symlink: /home/serhat/workspace/install/udemy_ros2_pkg/include/udemy_ros2_pkg/udemy_ros2_pkg/srv/detail/turn_camera__struct.hpp
[1.056s] -- Up-to-date symlink: /home/serhat/workspace/install/udemy_ros2_pkg/include/udemy_ros2_pkg/udemy_ros2_pkg/srv/detail/turn_camera__traits.hpp
[1.056s] -- Up-to-date symlink: /home/serhat/workspace/install/udemy_ros2_pkg/include/udemy_ros2_pkg/udemy_ros2_pkg/srv/odd_even_check.hpp
[1.056s] -- Up-to-date symlink: /home/serhat/workspace/install/udemy_ros2_pkg/include/udemy_ros2_pkg/udemy_ros2_pkg/srv/turn_camera.hpp
[1.057s] -- Up-to-date symlink: /home/serhat/workspace/install/udemy_ros2_pkg/include/udemy_ros2_pkg/udemy_ros2_pkg/action/detail/navigate__rosidl_typesupport_fastrtps_cpp.hpp
[1.057s] -- Up-to-date symlink: /home/serhat/workspace/install/udemy_ros2_pkg/include/udemy_ros2_pkg/udemy_ros2_pkg/msg/rosidl_typesupport_fastrtps_cpp__visibility_control.h
[1.057s] -- Up-to-date symlink: /home/serhat/workspace/install/udemy_ros2_pkg/include/udemy_ros2_pkg/udemy_ros2_pkg/srv/detail/odd_even_check__rosidl_typesupport_fastrtps_cpp.hpp
[1.057s] -- Up-to-date symlink: /home/serhat/workspace/install/udemy_ros2_pkg/include/udemy_ros2_pkg/udemy_ros2_pkg/srv/detail/turn_camera__rosidl_typesupport_fastrtps_cpp.hpp
[1.057s] -- Up-to-date symlink: /home/serhat/workspace/install/udemy_ros2_pkg/include/udemy_ros2_pkg/udemy_ros2_pkg/action/detail/navigate__rosidl_typesupport_introspection_c.h
[1.057s] -- Up-to-date symlink: /home/serhat/workspace/install/udemy_ros2_pkg/include/udemy_ros2_pkg/udemy_ros2_pkg/msg/rosidl_typesupport_introspection_c__visibility_control.h
[1.057s] -- Up-to-date symlink: /home/serhat/workspace/install/udemy_ros2_pkg/include/udemy_ros2_pkg/udemy_ros2_pkg/srv/detail/odd_even_check__rosidl_typesupport_introspection_c.h
[1.058s] -- Up-to-date symlink: /home/serhat/workspace/install/udemy_ros2_pkg/include/udemy_ros2_pkg/udemy_ros2_pkg/srv/detail/turn_camera__rosidl_typesupport_introspection_c.h
[1.058s] -- Up-to-date symlink: /home/serhat/workspace/install/udemy_ros2_pkg/include/udemy_ros2_pkg/udemy_ros2_pkg/action/detail/navigate__rosidl_typesupport_introspection_cpp.hpp
[1.058s] -- Up-to-date symlink: /home/serhat/workspace/install/udemy_ros2_pkg/include/udemy_ros2_pkg/udemy_ros2_pkg/srv/detail/odd_even_check__rosidl_typesupport_introspection_cpp.hpp
[1.058s] -- Up-to-date symlink: /home/serhat/workspace/install/udemy_ros2_pkg/include/udemy_ros2_pkg/udemy_ros2_pkg/srv/detail/turn_camera__rosidl_typesupport_introspection_cpp.hpp
[1.058s] -- Up-to-date symlink: /home/serhat/workspace/install/udemy_ros2_pkg/share/udemy_ros2_pkg/environment/pythonpath.sh
[1.058s] -- Up-to-date symlink: /home/serhat/workspace/install/udemy_ros2_pkg/share/udemy_ros2_pkg/environment/pythonpath.dsv
[1.059s] -- Up-to-date symlink: /home/serhat/workspace/install/udemy_ros2_pkg/local/lib/python3.10/dist-packages/udemy_ros2_pkg-0.0.0-py3.10.egg-info/PKG-INFO
[1.059s] -- Up-to-date symlink: /home/serhat/workspace/install/udemy_ros2_pkg/local/lib/python3.10/dist-packages/udemy_ros2_pkg-0.0.0-py3.10.egg-info/SOURCES.txt
[1.059s] -- Up-to-date symlink: /home/serhat/workspace/install/udemy_ros2_pkg/local/lib/python3.10/dist-packages/udemy_ros2_pkg-0.0.0-py3.10.egg-info/dependency_links.txt
[1.059s] -- Up-to-date symlink: /home/serhat/workspace/install/udemy_ros2_pkg/local/lib/python3.10/dist-packages/udemy_ros2_pkg-0.0.0-py3.10.egg-info/top_level.txt
[1.059s] -- Up-to-date symlink: /home/serhat/workspace/install/udemy_ros2_pkg/local/lib/python3.10/dist-packages/udemy_ros2_pkg/__init__.py
[1.059s] -- Up-to-date symlink: /home/serhat/workspace/install/udemy_ros2_pkg/local/lib/python3.10/dist-packages/udemy_ros2_pkg/_udemy_ros2_pkg_s.ep.rosidl_typesupport_c.c
[1.059s] -- Up-to-date symlink: /home/serhat/workspace/install/udemy_ros2_pkg/local/lib/python3.10/dist-packages/udemy_ros2_pkg/_udemy_ros2_pkg_s.ep.rosidl_typesupport_fastrtps_c.c
[1.059s] -- Up-to-date symlink: /home/serhat/workspace/install/udemy_ros2_pkg/local/lib/python3.10/dist-packages/udemy_ros2_pkg/_udemy_ros2_pkg_s.ep.rosidl_typesupport_introspection_c.c
[1.059s] -- Up-to-date symlink: /home/serhat/workspace/install/udemy_ros2_pkg/local/lib/python3.10/dist-packages/udemy_ros2_pkg/action/__init__.py
[1.060s] -- Up-to-date symlink: /home/serhat/workspace/install/udemy_ros2_pkg/local/lib/python3.10/dist-packages/udemy_ros2_pkg/action/_navigate.py
[1.060s] -- Up-to-date symlink: /home/serhat/workspace/install/udemy_ros2_pkg/local/lib/python3.10/dist-packages/udemy_ros2_pkg/action/_navigate_s.c
[1.060s] -- Up-to-date symlink: /home/serhat/workspace/install/udemy_ros2_pkg/local/lib/python3.10/dist-packages/udemy_ros2_pkg/libudemy_ros2_pkg__rosidl_generator_py.so
[1.060s] -- Up-to-date symlink: /home/serhat/workspace/install/udemy_ros2_pkg/local/lib/python3.10/dist-packages/udemy_ros2_pkg/srv/__init__.py
[1.060s] -- Up-to-date symlink: /home/serhat/workspace/install/udemy_ros2_pkg/local/lib/python3.10/dist-packages/udemy_ros2_pkg/srv/_odd_even_check.py
[1.060s] -- Up-to-date symlink: /home/serhat/workspace/install/udemy_ros2_pkg/local/lib/python3.10/dist-packages/udemy_ros2_pkg/srv/_odd_even_check_s.c
[1.060s] -- Up-to-date symlink: /home/serhat/workspace/install/udemy_ros2_pkg/local/lib/python3.10/dist-packages/udemy_ros2_pkg/srv/_turn_camera.py
[1.060s] -- Up-to-date symlink: /home/serhat/workspace/install/udemy_ros2_pkg/local/lib/python3.10/dist-packages/udemy_ros2_pkg/srv/_turn_camera_s.c
[1.060s] -- Up-to-date symlink: /home/serhat/workspace/install/udemy_ros2_pkg/local/lib/python3.10/dist-packages/udemy_ros2_pkg/udemy_ros2_pkg_s__rosidl_typesupport_c.cpython-310-x86_64-linux-gnu.so
[1.060s] -- Up-to-date symlink: /home/serhat/workspace/install/udemy_ros2_pkg/local/lib/python3.10/dist-packages/udemy_ros2_pkg/udemy_ros2_pkg_s__rosidl_typesupport_fastrtps_c.cpython-310-x86_64-linux-gnu.so
[1.061s] -- Up-to-date symlink: /home/serhat/workspace/install/udemy_ros2_pkg/local/lib/python3.10/dist-packages/udemy_ros2_pkg/udemy_ros2_pkg_s__rosidl_typesupport_introspection_c.cpython-310-x86_64-linux-gnu.so
[1.061s] -- Up-to-date symlink: /home/serhat/workspace/install/udemy_ros2_pkg/local/lib/python3.10/dist-packages/udemy_ros2_pkg/udemy_ros2_pkg_s__rosidl_typesupport_fastrtps_c.cpython-310-x86_64-linux-gnu.so
[1.061s] -- Up-to-date symlink: /home/serhat/workspace/install/udemy_ros2_pkg/local/lib/python3.10/dist-packages/udemy_ros2_pkg/udemy_ros2_pkg_s__rosidl_typesupport_introspection_c.cpython-310-x86_64-linux-gnu.so
[1.061s] -- Up-to-date symlink: /home/serhat/workspace/install/udemy_ros2_pkg/local/lib/python3.10/dist-packages/udemy_ros2_pkg/udemy_ros2_pkg_s__rosidl_typesupport_c.cpython-310-x86_64-linux-gnu.so
[1.061s] -- Up-to-date symlink: /home/serhat/workspace/install/udemy_ros2_pkg/share/udemy_ros2_pkg/srv/OddEvenCheck.idl
[1.061s] -- Up-to-date symlink: /home/serhat/workspace/install/udemy_ros2_pkg/share/udemy_ros2_pkg/srv/TurnCamera.idl
[1.061s] -- Up-to-date symlink: /home/serhat/workspace/install/udemy_ros2_pkg/share/udemy_ros2_pkg/action/Navigate.idl
[1.061s] -- Up-to-date symlink: /home/serhat/workspace/install/udemy_ros2_pkg/share/udemy_ros2_pkg/srv/OddEvenCheck.srv
[1.061s] -- Up-to-date symlink: /home/serhat/workspace/install/udemy_ros2_pkg/share/udemy_ros2_pkg/srv/OddEvenCheck_Request.msg
[1.062s] -- Up-to-date symlink: /home/serhat/workspace/install/udemy_ros2_pkg/share/udemy_ros2_pkg/srv/OddEvenCheck_Response.msg
[1.062s] -- Up-to-date symlink: /home/serhat/workspace/install/udemy_ros2_pkg/share/udemy_ros2_pkg/srv/TurnCamera.srv
[1.062s] -- Up-to-date symlink: /home/serhat/workspace/install/udemy_ros2_pkg/share/udemy_ros2_pkg/srv/TurnCamera_Request.msg
[1.062s] -- Up-to-date symlink: /home/serhat/workspace/install/udemy_ros2_pkg/share/udemy_ros2_pkg/srv/TurnCamera_Response.msg
[1.062s] -- Up-to-date symlink: /home/serhat/workspace/install/udemy_ros2_pkg/share/udemy_ros2_pkg/action/Navigate.action
[1.062s] -- Up-to-date symlink: /home/serhat/workspace/install/udemy_ros2_pkg/lib/udemy_ros2_pkg/publisher
[1.062s] -- Up-to-date symlink: /home/serhat/workspace/install/udemy_ros2_pkg/lib/udemy_ros2_pkg/subscriber
[1.062s] -- Up-to-date symlink: /home/serhat/workspace/install/udemy_ros2_pkg/lib/udemy_ros2_pkg/rpm_speed
[1.062s] -- Up-to-date symlink: /home/serhat/workspace/install/udemy_ros2_pkg/lib/udemy_ros2_pkg/rpm_pub
[1.062s] -- Up-to-date symlink: /home/serhat/workspace/install/udemy_ros2_pkg/lib/udemy_ros2_pkg/can_receiver_node
[1.063s] -- Up-to-date symlink: /home/serhat/workspace/install/udemy_ros2_pkg/lib/udemy_ros2_pkg/can_sender_node
[1.063s] -- Up-to-date symlink: /home/serhat/workspace/install/udemy_ros2_pkg/lib/udemy_ros2_pkg/canbustest
[1.063s] -- Up-to-date symlink: /home/serhat/workspace/install/udemy_ros2_pkg/lib/udemy_ros2_pkg/canbustest2
[1.063s] -- Up-to-date symlink: /home/serhat/workspace/install/udemy_ros2_pkg/lib/udemy_ros2_pkg/speed_calc
[1.063s] -- Up-to-date symlink: /home/serhat/workspace/install/udemy_ros2_pkg/lib/udemy_ros2_pkg/service_server
[1.063s] -- Up-to-date symlink: /home/serhat/workspace/install/udemy_ros2_pkg/lib/udemy_ros2_pkg/service_client
[1.063s] -- Up-to-date symlink: /home/serhat/workspace/install/udemy_ros2_pkg/lib/udemy_ros2_pkg/action_server
[1.063s] -- Up-to-date symlink: /home/serhat/workspace/install/udemy_ros2_pkg/lib/udemy_ros2_pkg/action_client
[1.063s] -- Up-to-date symlink: /home/serhat/workspace/install/udemy_ros2_pkg/share/udemy_ros2_pkg//launch/__pycache__/rpm_node.launch.cpython-310.pyc
[1.063s] -- Up-to-date symlink: /home/serhat/workspace/install/udemy_ros2_pkg/share/udemy_ros2_pkg//launch/cantest.launch.py
[1.064s] -- Up-to-date symlink: /home/serhat/workspace/install/udemy_ros2_pkg/share/udemy_ros2_pkg//launch/deneme.launch.py
[1.064s] -- Up-to-date symlink: /home/serhat/workspace/install/udemy_ros2_pkg/share/udemy_ros2_pkg//launch/launch_project.launch.py
[1.064s] -- Up-to-date symlink: /home/serhat/workspace/install/udemy_ros2_pkg/share/udemy_ros2_pkg//launch/my_launch.launch.py
[1.064s] -- Up-to-date symlink: /home/serhat/workspace/install/udemy_ros2_pkg/share/udemy_ros2_pkg//launch/rpm_node.launch.py
[1.064s] -- Up-to-date symlink: /home/serhat/workspace/install/udemy_ros2_pkg/share/udemy_ros2_pkg//launch/simulation.launch.py
[1.064s] -- Up-to-date symlink: /home/serhat/workspace/install/udemy_ros2_pkg/share/udemy_ros2_pkg//launch/simulation_project.launch.py
[1.064s] -- Up-to-date symlink: /home/serhat/workspace/install/udemy_ros2_pkg/share/udemy_ros2_pkg//launch/speed_project.launch.py
[1.064s] -- Up-to-date symlink: /home/serhat/workspace/install/udemy_ros2_pkg/share/udemy_ros2_pkg//launch/wheeled_model_simulation.launch.py
[1.064s] -- Up-to-date symlink: /home/serhat/workspace/install/udemy_ros2_pkg/share/udemy_ros2_pkg//worlds/project_world.sdf
[1.065s] -- Up-to-date symlink: /home/serhat/workspace/install/udemy_ros2_pkg/share/udemy_ros2_pkg//worlds/simulation_project_world.sdf
[1.065s] -- Up-to-date symlink: /home/serhat/workspace/install/udemy_ros2_pkg/share/udemy_ros2_pkg//worlds/test_world.sdf
[1.066s] -- Up-to-date symlink: /home/serhat/workspace/install/udemy_ros2_pkg/share/udemy_ros2_pkg//worlds/wheeled_model.sdf
[1.066s] -- Up-to-date symlink: /home/serhat/workspace/install/udemy_ros2_pkg/share/udemy_ros2_pkg//worlds/wheeled_model_world.sdf
[1.066s] -- Up-to-date symlink: /home/serhat/workspace/install/udemy_ros2_pkg/share/udemy_ros2_pkg//models/ground_plane/ground_plane.sdf
[1.066s] -- Up-to-date symlink: /home/serhat/workspace/install/udemy_ros2_pkg/share/udemy_ros2_pkg//models/ground_plane/model.config
[1.066s] -- Up-to-date symlink: /home/serhat/workspace/install/udemy_ros2_pkg/share/udemy_ros2_pkg//models/ground_plane/my_ground_plane.sdf
[1.066s] -- Up-to-date symlink: /home/serhat/workspace/install/udemy_ros2_pkg/share/udemy_ros2_pkg//models/project_robot_model/model.config
[1.066s] -- Up-to-date symlink: /home/serhat/workspace/install/udemy_ros2_pkg/share/udemy_ros2_pkg//models/project_robot_model/model.sdf
[1.066s] -- Up-to-date symlink: /home/serhat/workspace/install/udemy_ros2_pkg/share/udemy_ros2_pkg//models/wheeled_model/model.config
[1.066s] -- Up-to-date symlink: /home/serhat/workspace/install/udemy_ros2_pkg/share/udemy_ros2_pkg//models/wheeled_model/model.sdf
[1.066s] -- Up-to-date symlink: /home/serhat/workspace/install/udemy_ros2_pkg/share/ament_index/resource_index/package_run_dependencies/udemy_ros2_pkg
[1.067s] -- Up-to-date symlink: /home/serhat/workspace/install/udemy_ros2_pkg/share/ament_index/resource_index/parent_prefix_path/udemy_ros2_pkg
[1.067s] -- Up-to-date symlink: /home/serhat/workspace/install/udemy_ros2_pkg/share/udemy_ros2_pkg/environment/ament_prefix_path.sh
[1.067s] -- Up-to-date symlink: /home/serhat/workspace/install/udemy_ros2_pkg/share/udemy_ros2_pkg/environment/ament_prefix_path.dsv
[1.067s] -- Up-to-date symlink: /home/serhat/workspace/install/udemy_ros2_pkg/share/udemy_ros2_pkg/environment/path.sh
[1.067s] -- Up-to-date symlink: /home/serhat/workspace/install/udemy_ros2_pkg/share/udemy_ros2_pkg/environment/path.dsv
[1.067s] -- Up-to-date symlink: /home/serhat/workspace/install/udemy_ros2_pkg/share/udemy_ros2_pkg/local_setup.bash
[1.067s] -- Up-to-date symlink: /home/serhat/workspace/install/udemy_ros2_pkg/share/udemy_ros2_pkg/local_setup.sh
[1.067s] -- Up-to-date symlink: /home/serhat/workspace/install/udemy_ros2_pkg/share/udemy_ros2_pkg/local_setup.zsh
[1.068s] -- Up-to-date symlink: /home/serhat/workspace/install/udemy_ros2_pkg/share/udemy_ros2_pkg/local_setup.dsv
[1.068s] -- Symlinking: /home/serhat/workspace/install/udemy_ros2_pkg/share/udemy_ros2_pkg/package.dsv
[1.068s] -- Up-to-date symlink: /home/serhat/workspace/install/udemy_ros2_pkg/share/ament_index/resource_index/packages/udemy_ros2_pkg
[1.068s] -- Up-to-date symlink: /home/serhat/workspace/install/udemy_ros2_pkg/share/udemy_ros2_pkg/cmake/rosidl_cmake-extras.cmake
[1.068s] -- Up-to-date symlink: /home/serhat/workspace/install/udemy_ros2_pkg/share/udemy_ros2_pkg/cmake/ament_cmake_export_dependencies-extras.cmake
[1.068s] -- Up-to-date symlink: /home/serhat/workspace/install/udemy_ros2_pkg/share/udemy_ros2_pkg/cmake/ament_cmake_export_include_directories-extras.cmake
[1.068s] -- Up-to-date symlink: /home/serhat/workspace/install/udemy_ros2_pkg/share/udemy_ros2_pkg/cmake/ament_cmake_export_libraries-extras.cmake
[1.068s] -- Up-to-date symlink: /home/serhat/workspace/install/udemy_ros2_pkg/share/udemy_ros2_pkg/cmake/ament_cmake_export_targets-extras.cmake
[1.069s] -- Up-to-date symlink: /home/serhat/workspace/install/udemy_ros2_pkg/share/udemy_ros2_pkg/cmake/rosidl_cmake_export_typesupport_targets-extras.cmake
[1.069s] -- Up-to-date symlink: /home/serhat/workspace/install/udemy_ros2_pkg/share/udemy_ros2_pkg/cmake/rosidl_cmake_export_typesupport_libraries-extras.cmake
[1.069s] -- Up-to-date symlink: /home/serhat/workspace/install/udemy_ros2_pkg/share/udemy_ros2_pkg/cmake/udemy_ros2_pkgConfig.cmake
[1.069s] -- Up-to-date symlink: /home/serhat/workspace/install/udemy_ros2_pkg/share/udemy_ros2_pkg/cmake/udemy_ros2_pkgConfig-version.cmake
[1.070s] -- Up-to-date symlink: /home/serhat/workspace/install/udemy_ros2_pkg/share/udemy_ros2_pkg/package.xml
[1.070s] -- Up-to-date: /home/serhat/workspace/install/udemy_ros2_pkg/lib/libudemy_ros2_pkg__rosidl_generator_c.so
[1.071s] -- Up-to-date: /home/serhat/workspace/install/udemy_ros2_pkg/lib/libudemy_ros2_pkg__rosidl_typesupport_fastrtps_c.so
[1.071s] -- Up-to-date: /home/serhat/workspace/install/udemy_ros2_pkg/lib/libudemy_ros2_pkg__rosidl_typesupport_fastrtps_cpp.so
[1.072s] -- Up-to-date: /home/serhat/workspace/install/udemy_ros2_pkg/lib/libudemy_ros2_pkg__rosidl_typesupport_introspection_c.so
[1.073s] -- Up-to-date: /home/serhat/workspace/install/udemy_ros2_pkg/lib/libudemy_ros2_pkg__rosidl_typesupport_c.so
[1.073s] -- Up-to-date: /home/serhat/workspace/install/udemy_ros2_pkg/lib/libudemy_ros2_pkg__rosidl_typesupport_introspection_cpp.so
[1.073s] -- Up-to-date: /home/serhat/workspace/install/udemy_ros2_pkg/lib/libudemy_ros2_pkg__rosidl_typesupport_cpp.so
[1.123s] Listing '/home/serhat/workspace/install/udemy_ros2_pkg/local/lib/python3.10/dist-packages/udemy_ros2_pkg'...
[1.123s] Listing '/home/serhat/workspace/install/udemy_ros2_pkg/local/lib/python3.10/dist-packages/udemy_ros2_pkg/action'...
[1.123s] Listing '/home/serhat/workspace/install/udemy_ros2_pkg/local/lib/python3.10/dist-packages/udemy_ros2_pkg/srv'...
[1.131s] -- Up-to-date: /home/serhat/workspace/install/udemy_ros2_pkg/lib/libudemy_ros2_pkg__rosidl_generator_py.so
[1.131s] -- Up-to-date: /home/serhat/workspace/install/udemy_ros2_pkg/share/udemy_ros2_pkg/cmake/export_udemy_ros2_pkg__rosidl_generator_cExport.cmake
[1.131s] -- Up-to-date: /home/serhat/workspace/install/udemy_ros2_pkg/share/udemy_ros2_pkg/cmake/export_udemy_ros2_pkg__rosidl_generator_cExport-noconfig.cmake
[1.131s] -- Up-to-date: /home/serhat/workspace/install/udemy_ros2_pkg/share/udemy_ros2_pkg/cmake/export_udemy_ros2_pkg__rosidl_typesupport_fastrtps_cExport.cmake
[1.132s] -- Up-to-date: /home/serhat/workspace/install/udemy_ros2_pkg/share/udemy_ros2_pkg/cmake/export_udemy_ros2_pkg__rosidl_typesupport_fastrtps_cExport-noconfig.cmake
[1.132s] -- Up-to-date: /home/serhat/workspace/install/udemy_ros2_pkg/share/udemy_ros2_pkg/cmake/export_udemy_ros2_pkg__rosidl_generator_cppExport.cmake
[1.132s] -- Up-to-date: /home/serhat/workspace/install/udemy_ros2_pkg/share/udemy_ros2_pkg/cmake/export_udemy_ros2_pkg__rosidl_typesupport_fastrtps_cppExport.cmake
[1.132s] -- Up-to-date: /home/serhat/workspace/install/udemy_ros2_pkg/share/udemy_ros2_pkg/cmake/export_udemy_ros2_pkg__rosidl_typesupport_fastrtps_cppExport-noconfig.cmake
[1.133s] -- Up-to-date: /home/serhat/workspace/install/udemy_ros2_pkg/share/udemy_ros2_pkg/cmake/udemy_ros2_pkg__rosidl_typesupport_introspection_cExport.cmake
[1.133s] -- Up-to-date: /home/serhat/workspace/install/udemy_ros2_pkg/share/udemy_ros2_pkg/cmake/udemy_ros2_pkg__rosidl_typesupport_introspection_cExport-noconfig.cmake
[1.133s] -- Up-to-date: /home/serhat/workspace/install/udemy_ros2_pkg/share/udemy_ros2_pkg/cmake/udemy_ros2_pkg__rosidl_typesupport_cExport.cmake
[1.133s] -- Up-to-date: /home/serhat/workspace/install/udemy_ros2_pkg/share/udemy_ros2_pkg/cmake/udemy_ros2_pkg__rosidl_typesupport_cExport-noconfig.cmake
[1.134s] -- Up-to-date: /home/serhat/workspace/install/udemy_ros2_pkg/share/udemy_ros2_pkg/cmake/udemy_ros2_pkg__rosidl_typesupport_introspection_cppExport.cmake
[1.134s] -- Up-to-date: /home/serhat/workspace/install/udemy_ros2_pkg/share/udemy_ros2_pkg/cmake/udemy_ros2_pkg__rosidl_typesupport_introspection_cppExport-noconfig.cmake
[1.134s] -- Up-to-date: /home/serhat/workspace/install/udemy_ros2_pkg/share/udemy_ros2_pkg/cmake/udemy_ros2_pkg__rosidl_typesupport_cppExport.cmake
[1.135s] -- Up-to-date: /home/serhat/workspace/install/udemy_ros2_pkg/share/udemy_ros2_pkg/cmake/udemy_ros2_pkg__rosidl_typesupport_cppExport-noconfig.cmake
[1.138s] -- Up-to-date: /home/serhat/workspace/install/udemy_ros2_pkg/share/udemy_ros2_pkg/cmake/export_udemy_ros2_pkg__rosidl_generator_pyExport.cmake
[1.143s] -- Up-to-date: /home/serhat/workspace/install/udemy_ros2_pkg/share/udemy_ros2_pkg/cmake/export_udemy_ros2_pkg__rosidl_generator_pyExport-noconfig.cmake
[1.144s] Invoked command in '/home/serhat/workspace/build/udemy_ros2_pkg' returned '0': CMAKE_PREFIX_PATH=${CMAKE_PREFIX_PATH}:/home/serhat/workspace/install/canopen_utils:/opt/ros/humble /usr/bin/cmake --install /home/serhat/workspace/build/udemy_ros2_pkg
