[0.092s] Invoking command in '/home/serhat/workspace/build/canopen_interfaces': CMAKE_PREFIX_PATH=/opt/ros/humble /usr/bin/cmake /home/serhat/workspace/ros2_canopen/canopen_interfaces -DCMAKE_INSTALL_PREFIX=/home/serhat/workspace/install/canopen_interfaces
[2.777s] -- The C compiler identification is GNU 11.3.0
[4.175s] -- The CXX compiler identification is GNU 11.3.0
[4.297s] -- Detecting C compiler ABI info
[4.600s] -- Detecting C compiler ABI info - done
[4.610s] -- Check for working C compiler: /usr/bin/cc - skipped
[4.679s] -- Detecting C compile features
[4.737s] -- Detecting C compile features - done
[4.765s] -- Detecting CXX compiler ABI info
[4.927s] -- Detecting CXX compiler ABI info - done
[4.943s] -- Check for working CXX compiler: /usr/bin/c++ - skipped
[4.943s] -- Detecting CXX compile features
[4.944s] -- Detecting CXX compile features - done
[5.078s] -- Found ament_cmake: 1.3.3 (/opt/ros/humble/share/ament_cmake/cmake)
[5.617s] -- Found Python3: /usr/bin/python3.10 (found version "3.10.6") found components: Interpreter 
[5.964s] -- Found rosidl_default_generators: 1.2.0 (/opt/ros/humble/share/rosidl_default_generators/cmake)
[6.021s] -- Using all available rosidl_typesupport_c: rosidl_typesupport_fastrtps_c;rosidl_typesupport_introspection_c
[6.129s] -- Found rosidl_adapter: 3.1.4 (/opt/ros/humble/share/rosidl_adapter/cmake)
[6.500s] -- Using all available rosidl_typesupport_cpp: rosidl_typesupport_fastrtps_cpp;rosidl_typesupport_introspection_cpp
[7.470s] -- Found ament_cmake_ros: 0.10.0 (/opt/ros/humble/share/ament_cmake_ros/cmake)
[7.770s] -- Using all available rosidl_typesupport_c: rosidl_typesupport_fastrtps_c;rosidl_typesupport_introspection_c
[8.077s] -- Using all available rosidl_typesupport_cpp: rosidl_typesupport_fastrtps_cpp;rosidl_typesupport_introspection_cpp
[8.151s] -- Found PythonInterp: /usr/bin/python3 (found suitable version "3.10.6", minimum required is "3.6") 
[8.163s] -- Found python_cmake_module: 0.10.0 (/opt/ros/humble/share/python_cmake_module/cmake)
[8.247s] -- Found PythonLibs: /usr/lib/x86_64-linux-gnu/libpython3.10.so (found suitable version "3.10.6", minimum required is "3.5") 
[8.248s] -- Using PYTHON_EXECUTABLE: /usr/bin/python3
[8.248s] -- Using PYTHON_INCLUDE_DIRS: /usr/include/python3.10
[8.249s] -- Using PYTHON_LIBRARIES: /usr/lib/x86_64-linux-gnu/libpython3.10.so
[8.303s] -- Found PythonExtra: .so  
[8.388s] -- Found ament_lint_auto: 0.12.5 (/opt/ros/humble/share/ament_lint_auto/cmake)
[8.494s] -- Added test 'copyright' to check source files copyright and LICENSE
[8.498s] -- Added test 'lint_cmake' to check CMake code style
[8.500s] -- Added test 'xmllint' to check XML markup files
[8.504s] -- Configuring done
[8.576s] -- Generating done
[8.579s] -- Build files have been written to: /home/serhat/workspace/build/canopen_interfaces
[8.588s] Invoked command in '/home/serhat/workspace/build/canopen_interfaces' returned '0': CMAKE_PREFIX_PATH=/opt/ros/humble /usr/bin/cmake /home/serhat/workspace/ros2_canopen/canopen_interfaces -DCMAKE_INSTALL_PREFIX=/home/serhat/workspace/install/canopen_interfaces
[8.589s] Invoking command in '/home/serhat/workspace/build/canopen_interfaces': CMAKE_PREFIX_PATH=/opt/ros/humble /usr/bin/cmake --build /home/serhat/workspace/build/canopen_interfaces -- -j12 -l12
[8.636s] [  1%] [34m[1mGenerating C code for ROS interfaces[0m
[8.649s] [  2%] [34m[1mGenerating C++ code for ROS interfaces[0m
[8.659s] [  2%] Built target ament_cmake_python_copy_canopen_interfaces
[9.013s] running egg_info
[9.014s] creating canopen_interfaces.egg-info
[9.014s] writing canopen_interfaces.egg-info/PKG-INFO
[9.014s] writing dependency_links to canopen_interfaces.egg-info/dependency_links.txt
[9.014s] writing top-level names to canopen_interfaces.egg-info/top_level.txt
[9.014s] writing manifest file 'canopen_interfaces.egg-info/SOURCES.txt'
[9.016s] reading manifest file 'canopen_interfaces.egg-info/SOURCES.txt'
[9.017s] writing manifest file 'canopen_interfaces.egg-info/SOURCES.txt'
[9.050s] [  2%] Built target ament_cmake_python_build_canopen_interfaces_egg
[9.816s] [  2%] Built target canopen_interfaces__cpp
[9.832s] [  3%] [34m[1mGenerating C++ type support dispatch for ROS interfaces[0m
[9.833s] [  4%] [34m[1mGenerating C++ type support for eProsima Fast-RTPS[0m
[9.834s] [  5%] [34m[1mGenerating C++ introspection for ROS interfaces[0m
[9.933s] [  7%] [32mBuilding C object CMakeFiles/canopen_interfaces__rosidl_generator_c.dir/rosidl_generator_c/canopen_interfaces/srv/detail/co_read__functions.c.o[0m
[9.933s] [  7%] [32mBuilding C object CMakeFiles/canopen_interfaces__rosidl_generator_c.dir/rosidl_generator_c/canopen_interfaces/srv/detail/co_heartbeat_id__functions.c.o[0m
[9.934s] [  8%] [32mBuilding C object CMakeFiles/canopen_interfaces__rosidl_generator_c.dir/rosidl_generator_c/canopen_interfaces/srv/detail/co_nmt_id__functions.c.o[0m
[9.935s] [  9%] [32mBuilding C object CMakeFiles/canopen_interfaces__rosidl_generator_c.dir/rosidl_generator_c/canopen_interfaces/srv/detail/co_read_id__functions.c.o[0m
[9.935s] [ 10%] [32mBuilding C object CMakeFiles/canopen_interfaces__rosidl_generator_c.dir/rosidl_generator_c/canopen_interfaces/srv/detail/co_target_double__functions.c.o[0m
[9.935s] [ 11%] [32mBuilding C object CMakeFiles/canopen_interfaces__rosidl_generator_c.dir/rosidl_generator_c/canopen_interfaces/srv/detail/co_node__functions.c.o[0m
[9.936s] [ 12%] [32mBuilding C object CMakeFiles/canopen_interfaces__rosidl_generator_c.dir/rosidl_generator_c/canopen_interfaces/msg/detail/co_data__functions.c.o[0m
[9.936s] [ 13%] [32mBuilding C object CMakeFiles/canopen_interfaces__rosidl_generator_c.dir/rosidl_generator_c/canopen_interfaces/srv/detail/co_write_id__functions.c.o[0m
[9.938s] [ 14%] [32mBuilding C object CMakeFiles/canopen_interfaces__rosidl_generator_c.dir/rosidl_generator_c/canopen_interfaces/srv/detail/co_write__functions.c.o[0m
[10.195s] [ 15%] [32m[1mLinking C shared library libcanopen_interfaces__rosidl_generator_c.so[0m
[10.254s] [ 15%] Built target canopen_interfaces__rosidl_generator_c
[10.267s] [ 16%] [34m[1mGenerating C type support for eProsima Fast-RTPS[0m
[10.267s] [ 17%] [34m[1mGenerating C type support dispatch for ROS interfaces[0m
[10.267s] [ 18%] [34m[1mGenerating C introspection for ROS interfaces[0m
[10.715s] [ 21%] [32mBuilding CXX object CMakeFiles/canopen_interfaces__rosidl_typesupport_cpp.dir/rosidl_typesupport_cpp/canopen_interfaces/srv/co_heartbeat_id__type_support.cpp.o[0m
[10.716s] [ 21%] [32mBuilding CXX object CMakeFiles/canopen_interfaces__rosidl_typesupport_cpp.dir/rosidl_typesupport_cpp/canopen_interfaces/srv/co_nmt_id__type_support.cpp.o[0m
[10.716s] [ 22%] [32mBuilding CXX object CMakeFiles/canopen_interfaces__rosidl_typesupport_cpp.dir/rosidl_typesupport_cpp/canopen_interfaces/srv/co_read_id__type_support.cpp.o[0m
[10.717s] [ 23%] [32mBuilding CXX object CMakeFiles/canopen_interfaces__rosidl_typesupport_cpp.dir/rosidl_typesupport_cpp/canopen_interfaces/srv/co_read__type_support.cpp.o[0m
[10.720s] [ 24%] [32mBuilding CXX object CMakeFiles/canopen_interfaces__rosidl_typesupport_cpp.dir/rosidl_typesupport_cpp/canopen_interfaces/srv/co_write_id__type_support.cpp.o[0m
[10.729s] [ 26%] [32mBuilding CXX object CMakeFiles/canopen_interfaces__rosidl_typesupport_cpp.dir/rosidl_typesupport_cpp/canopen_interfaces/srv/co_target_double__type_support.cpp.o[0m
[10.729s] [ 26%] [32mBuilding CXX object CMakeFiles/canopen_interfaces__rosidl_typesupport_cpp.dir/rosidl_typesupport_cpp/canopen_interfaces/srv/co_write__type_support.cpp.o[0m
[11.111s] [ 27%] [32mBuilding CXX object CMakeFiles/canopen_interfaces__rosidl_typesupport_introspection_cpp.dir/rosidl_typesupport_introspection_cpp/canopen_interfaces/srv/detail/co_heartbeat_id__type_support.cpp.o[0m
[11.272s] [ 28%] [32mBuilding CXX object CMakeFiles/canopen_interfaces__rosidl_typesupport_c.dir/rosidl_typesupport_c/canopen_interfaces/srv/co_heartbeat_id__type_support.cpp.o[0m
[11.413s] [ 29%] [32mBuilding CXX object CMakeFiles/canopen_interfaces__rosidl_typesupport_c.dir/rosidl_typesupport_c/canopen_interfaces/srv/co_nmt_id__type_support.cpp.o[0m
[11.434s] [ 30%] [32mBuilding CXX object CMakeFiles/canopen_interfaces__rosidl_typesupport_fastrtps_cpp.dir/rosidl_typesupport_fastrtps_cpp/canopen_interfaces/srv/detail/dds_fastrtps/co_heartbeat_id__type_support.cpp.o[0m
[11.474s] [ 31%] [32mBuilding CXX object CMakeFiles/canopen_interfaces__rosidl_typesupport_c.dir/rosidl_typesupport_c/canopen_interfaces/srv/co_read__type_support.cpp.o[0m
[11.534s] [ 32%] [32mBuilding CXX object CMakeFiles/canopen_interfaces__rosidl_typesupport_c.dir/rosidl_typesupport_c/canopen_interfaces/srv/co_read_id__type_support.cpp.o[0m
[11.598s] [ 33%] [32mBuilding CXX object CMakeFiles/canopen_interfaces__rosidl_typesupport_c.dir/rosidl_typesupport_c/canopen_interfaces/srv/co_write__type_support.cpp.o[0m
[11.661s] [ 34%] [32mBuilding CXX object CMakeFiles/canopen_interfaces__rosidl_typesupport_c.dir/rosidl_typesupport_c/canopen_interfaces/srv/co_write_id__type_support.cpp.o[0m
[11.727s] [ 35%] [32mBuilding CXX object CMakeFiles/canopen_interfaces__rosidl_typesupport_c.dir/rosidl_typesupport_c/canopen_interfaces/srv/co_target_double__type_support.cpp.o[0m
[11.798s] [ 36%] [32mBuilding CXX object CMakeFiles/canopen_interfaces__rosidl_typesupport_c.dir/rosidl_typesupport_c/canopen_interfaces/srv/co_node__type_support.cpp.o[0m
[11.817s] [ 37%] [32mBuilding CXX object CMakeFiles/canopen_interfaces__rosidl_typesupport_cpp.dir/rosidl_typesupport_cpp/canopen_interfaces/srv/co_node__type_support.cpp.o[0m
[11.818s] [ 38%] [32mBuilding CXX object CMakeFiles/canopen_interfaces__rosidl_typesupport_cpp.dir/rosidl_typesupport_cpp/canopen_interfaces/msg/co_data__type_support.cpp.o[0m
[11.818s] [ 40%] [32mBuilding CXX object CMakeFiles/canopen_interfaces__rosidl_typesupport_fastrtps_cpp.dir/rosidl_typesupport_fastrtps_cpp/canopen_interfaces/srv/detail/dds_fastrtps/co_nmt_id__type_support.cpp.o[0m
[11.818s] [ 41%] [32mBuilding CXX object CMakeFiles/canopen_interfaces__rosidl_typesupport_introspection_cpp.dir/rosidl_typesupport_introspection_cpp/canopen_interfaces/srv/detail/co_nmt_id__type_support.cpp.o[0m
[11.819s] [ 42%] [32mBuilding CXX object CMakeFiles/canopen_interfaces__rosidl_typesupport_c.dir/rosidl_typesupport_c/canopen_interfaces/msg/co_data__type_support.cpp.o[0m
[11.820s] [ 43%] [32mBuilding CXX object CMakeFiles/canopen_interfaces__rosidl_typesupport_fastrtps_cpp.dir/rosidl_typesupport_fastrtps_cpp/canopen_interfaces/srv/detail/dds_fastrtps/co_read__type_support.cpp.o[0m
[11.833s] [ 44%] [32mBuilding CXX object CMakeFiles/canopen_interfaces__rosidl_typesupport_introspection_cpp.dir/rosidl_typesupport_introspection_cpp/canopen_interfaces/srv/detail/co_read__type_support.cpp.o[0m
[11.849s] [ 45%] [32mBuilding C object CMakeFiles/canopen_interfaces__rosidl_typesupport_introspection_c.dir/rosidl_typesupport_introspection_c/canopen_interfaces/srv/detail/co_heartbeat_id__type_support.c.o[0m
[11.862s] [ 46%] [32mBuilding CXX object CMakeFiles/canopen_interfaces__rosidl_typesupport_fastrtps_c.dir/rosidl_typesupport_fastrtps_c/canopen_interfaces/srv/detail/co_heartbeat_id__type_support_c.cpp.o[0m
[11.876s] [ 47%] [32mBuilding CXX object CMakeFiles/canopen_interfaces__rosidl_typesupport_introspection_cpp.dir/rosidl_typesupport_introspection_cpp/canopen_interfaces/srv/detail/co_read_id__type_support.cpp.o[0m
[11.882s] [ 48%] [32m[1mLinking CXX shared library libcanopen_interfaces__rosidl_typesupport_c.so[0m
[11.941s] [ 49%] [32mBuilding C object CMakeFiles/canopen_interfaces__rosidl_typesupport_introspection_c.dir/rosidl_typesupport_introspection_c/canopen_interfaces/srv/detail/co_nmt_id__type_support.c.o[0m
[11.972s] [ 49%] Built target canopen_interfaces__rosidl_typesupport_c
[11.991s] [ 50%] [32mBuilding C object CMakeFiles/canopen_interfaces__rosidl_typesupport_introspection_c.dir/rosidl_typesupport_introspection_c/canopen_interfaces/srv/detail/co_read__type_support.c.o[0m
[12.013s] [ 51%] [32mBuilding C object CMakeFiles/canopen_interfaces__rosidl_typesupport_introspection_c.dir/rosidl_typesupport_introspection_c/canopen_interfaces/srv/detail/co_read_id__type_support.c.o[0m
[12.069s] [ 52%] [32mBuilding C object CMakeFiles/canopen_interfaces__rosidl_typesupport_introspection_c.dir/rosidl_typesupport_introspection_c/canopen_interfaces/srv/detail/co_write__type_support.c.o[0m
[12.132s] [ 53%] [32mBuilding C object CMakeFiles/canopen_interfaces__rosidl_typesupport_introspection_c.dir/rosidl_typesupport_introspection_c/canopen_interfaces/srv/detail/co_write_id__type_support.c.o[0m
[12.147s] [ 54%] [32mBuilding C object CMakeFiles/canopen_interfaces__rosidl_typesupport_introspection_c.dir/rosidl_typesupport_introspection_c/canopen_interfaces/srv/detail/co_target_double__type_support.c.o[0m
[12.186s] [ 55%] [32mBuilding CXX object CMakeFiles/canopen_interfaces__rosidl_typesupport_fastrtps_c.dir/rosidl_typesupport_fastrtps_c/canopen_interfaces/srv/detail/co_nmt_id__type_support_c.cpp.o[0m
[12.217s] [ 56%] [32mBuilding C object CMakeFiles/canopen_interfaces__rosidl_typesupport_introspection_c.dir/rosidl_typesupport_introspection_c/canopen_interfaces/srv/detail/co_node__type_support.c.o[0m
[12.220s] [ 57%] [32mBuilding CXX object CMakeFiles/canopen_interfaces__rosidl_typesupport_fastrtps_c.dir/rosidl_typesupport_fastrtps_c/canopen_interfaces/srv/detail/co_read__type_support_c.cpp.o[0m
[12.289s] [ 58%] [32mBuilding C object CMakeFiles/canopen_interfaces__rosidl_typesupport_introspection_c.dir/rosidl_typesupport_introspection_c/canopen_interfaces/msg/detail/co_data__type_support.c.o[0m
[12.353s] [ 60%] [32m[1mLinking C shared library libcanopen_interfaces__rosidl_typesupport_introspection_c.so[0m
[12.421s] [ 60%] Built target canopen_interfaces__rosidl_typesupport_introspection_c
[12.432s] [ 61%] [32mBuilding CXX object CMakeFiles/canopen_interfaces__rosidl_typesupport_fastrtps_cpp.dir/rosidl_typesupport_fastrtps_cpp/canopen_interfaces/srv/detail/dds_fastrtps/co_read_id__type_support.cpp.o[0m
[12.437s] [ 62%] [32mBuilding CXX object CMakeFiles/canopen_interfaces__rosidl_typesupport_fastrtps_cpp.dir/rosidl_typesupport_fastrtps_cpp/canopen_interfaces/srv/detail/dds_fastrtps/co_write__type_support.cpp.o[0m
[12.474s] [ 63%] [32m[1mLinking CXX shared library libcanopen_interfaces__rosidl_typesupport_cpp.so[0m
[12.574s] [ 63%] Built target canopen_interfaces__rosidl_typesupport_cpp
[12.588s] [ 64%] [32mBuilding CXX object CMakeFiles/canopen_interfaces__rosidl_typesupport_fastrtps_cpp.dir/rosidl_typesupport_fastrtps_cpp/canopen_interfaces/srv/detail/dds_fastrtps/co_write_id__type_support.cpp.o[0m
[12.627s] [ 65%] [32mBuilding CXX object CMakeFiles/canopen_interfaces__rosidl_typesupport_introspection_cpp.dir/rosidl_typesupport_introspection_cpp/canopen_interfaces/srv/detail/co_write__type_support.cpp.o[0m
[12.656s] [ 66%] [32mBuilding CXX object CMakeFiles/canopen_interfaces__rosidl_typesupport_introspection_cpp.dir/rosidl_typesupport_introspection_cpp/canopen_interfaces/srv/detail/co_write_id__type_support.cpp.o[0m
[12.679s] [ 67%] [32mBuilding CXX object CMakeFiles/canopen_interfaces__rosidl_typesupport_introspection_cpp.dir/rosidl_typesupport_introspection_cpp/canopen_interfaces/srv/detail/co_target_double__type_support.cpp.o[0m
[12.696s] [ 68%] [32mBuilding CXX object CMakeFiles/canopen_interfaces__rosidl_typesupport_fastrtps_cpp.dir/rosidl_typesupport_fastrtps_cpp/canopen_interfaces/srv/detail/dds_fastrtps/co_target_double__type_support.cpp.o[0m
[12.756s] [ 69%] [32mBuilding CXX object CMakeFiles/canopen_interfaces__rosidl_typesupport_fastrtps_cpp.dir/rosidl_typesupport_fastrtps_cpp/canopen_interfaces/srv/detail/dds_fastrtps/co_node__type_support.cpp.o[0m
[12.810s] [ 70%] [32mBuilding CXX object CMakeFiles/canopen_interfaces__rosidl_typesupport_introspection_cpp.dir/rosidl_typesupport_introspection_cpp/canopen_interfaces/srv/detail/co_node__type_support.cpp.o[0m
[12.834s] [ 71%] [32mBuilding CXX object CMakeFiles/canopen_interfaces__rosidl_typesupport_fastrtps_cpp.dir/rosidl_typesupport_fastrtps_cpp/canopen_interfaces/msg/detail/dds_fastrtps/co_data__type_support.cpp.o[0m
[13.008s] [ 72%] [32mBuilding CXX object CMakeFiles/canopen_interfaces__rosidl_typesupport_fastrtps_c.dir/rosidl_typesupport_fastrtps_c/canopen_interfaces/srv/detail/co_read_id__type_support_c.cpp.o[0m
[13.070s] [ 73%] [32mBuilding CXX object CMakeFiles/canopen_interfaces__rosidl_typesupport_fastrtps_c.dir/rosidl_typesupport_fastrtps_c/canopen_interfaces/srv/detail/co_write__type_support_c.cpp.o[0m
[13.391s] [ 74%] [32mBuilding CXX object CMakeFiles/canopen_interfaces__rosidl_typesupport_fastrtps_c.dir/rosidl_typesupport_fastrtps_c/canopen_interfaces/srv/detail/co_write_id__type_support_c.cpp.o[0m
[13.462s] [ 75%] [32mBuilding CXX object CMakeFiles/canopen_interfaces__rosidl_typesupport_fastrtps_c.dir/rosidl_typesupport_fastrtps_c/canopen_interfaces/srv/detail/co_target_double__type_support_c.cpp.o[0m
[13.589s] [ 76%] [32mBuilding CXX object CMakeFiles/canopen_interfaces__rosidl_typesupport_fastrtps_c.dir/rosidl_typesupport_fastrtps_c/canopen_interfaces/srv/detail/co_node__type_support_c.cpp.o[0m
[13.655s] [ 77%] [32mBuilding CXX object CMakeFiles/canopen_interfaces__rosidl_typesupport_introspection_cpp.dir/rosidl_typesupport_introspection_cpp/canopen_interfaces/msg/detail/co_data__type_support.cpp.o[0m
[13.684s] [ 78%] [32mBuilding CXX object CMakeFiles/canopen_interfaces__rosidl_typesupport_fastrtps_c.dir/rosidl_typesupport_fastrtps_c/canopen_interfaces/msg/detail/co_data__type_support_c.cpp.o[0m
[13.836s] [ 80%] [32m[1mLinking CXX shared library libcanopen_interfaces__rosidl_typesupport_fastrtps_cpp.so[0m
[13.960s] [ 80%] Built target canopen_interfaces__rosidl_typesupport_fastrtps_cpp
[14.262s] [ 81%] [32m[1mLinking CXX shared library libcanopen_interfaces__rosidl_typesupport_fastrtps_c.so[0m
[14.351s] [ 82%] [32m[1mLinking CXX shared library libcanopen_interfaces__rosidl_typesupport_introspection_cpp.so[0m
[14.355s] [ 82%] Built target canopen_interfaces__rosidl_typesupport_fastrtps_c
[14.401s] [ 82%] Built target canopen_interfaces__rosidl_typesupport_introspection_cpp
[14.424s] [ 82%] Built target canopen_interfaces
[14.448s] [ 83%] [34m[1mGenerating Python code for ROS interfaces[0m
[16.411s] [ 83%] Built target canopen_interfaces__py
[16.449s] [ 85%] [32mBuilding C object CMakeFiles/canopen_interfaces__rosidl_generator_py.dir/rosidl_generator_py/canopen_interfaces/srv/_co_heartbeat_id_s.c.o[0m
[16.449s] [ 85%] [32mBuilding C object CMakeFiles/canopen_interfaces__rosidl_generator_py.dir/rosidl_generator_py/canopen_interfaces/srv/_co_nmt_id_s.c.o[0m
[16.449s] [ 86%] [32mBuilding C object CMakeFiles/canopen_interfaces__rosidl_generator_py.dir/rosidl_generator_py/canopen_interfaces/srv/_co_read_id_s.c.o[0m
[16.458s] [ 87%] [32mBuilding C object CMakeFiles/canopen_interfaces__rosidl_generator_py.dir/rosidl_generator_py/canopen_interfaces/srv/_co_read_s.c.o[0m
[16.459s] [ 88%] [32mBuilding C object CMakeFiles/canopen_interfaces__rosidl_generator_py.dir/rosidl_generator_py/canopen_interfaces/srv/_co_write_s.c.o[0m
[16.461s] [ 89%] [32mBuilding C object CMakeFiles/canopen_interfaces__rosidl_generator_py.dir/rosidl_generator_py/canopen_interfaces/srv/_co_write_id_s.c.o[0m
[16.462s] [ 90%] [32mBuilding C object CMakeFiles/canopen_interfaces__rosidl_generator_py.dir/rosidl_generator_py/canopen_interfaces/srv/_co_target_double_s.c.o[0m
[16.463s] [ 91%] [32mBuilding C object CMakeFiles/canopen_interfaces__rosidl_generator_py.dir/rosidl_generator_py/canopen_interfaces/srv/_co_node_s.c.o[0m
[16.464s] [ 92%] [32mBuilding C object CMakeFiles/canopen_interfaces__rosidl_generator_py.dir/rosidl_generator_py/canopen_interfaces/msg/_co_data_s.c.o[0m
[16.921s] [ 93%] [32m[1mLinking C shared library rosidl_generator_py/canopen_interfaces/libcanopen_interfaces__rosidl_generator_py.so[0m
[16.969s] [ 93%] Built target canopen_interfaces__rosidl_generator_py
[16.996s] [ 95%] [32mBuilding C object CMakeFiles/canopen_interfaces__rosidl_typesupport_fastrtps_c__pyext.dir/rosidl_generator_py/canopen_interfaces/_canopen_interfaces_s.ep.rosidl_typesupport_fastrtps_c.c.o[0m
[16.996s] [ 95%] [32mBuilding C object CMakeFiles/canopen_interfaces__rosidl_typesupport_c__pyext.dir/rosidl_generator_py/canopen_interfaces/_canopen_interfaces_s.ep.rosidl_typesupport_c.c.o[0m
[16.997s] [ 96%] [32mBuilding C object CMakeFiles/canopen_interfaces__rosidl_typesupport_introspection_c__pyext.dir/rosidl_generator_py/canopen_interfaces/_canopen_interfaces_s.ep.rosidl_typesupport_introspection_c.c.o[0m
[17.214s] [ 98%] [32m[1mLinking C shared library rosidl_generator_py/canopen_interfaces/canopen_interfaces_s__rosidl_typesupport_c.cpython-310-x86_64-linux-gnu.so[0m
[17.214s] [ 98%] [32m[1mLinking C shared library rosidl_generator_py/canopen_interfaces/canopen_interfaces_s__rosidl_typesupport_fastrtps_c.cpython-310-x86_64-linux-gnu.so[0m
[17.214s] [100%] [32m[1mLinking C shared library rosidl_generator_py/canopen_interfaces/canopen_interfaces_s__rosidl_typesupport_introspection_c.cpython-310-x86_64-linux-gnu.so[0m
[17.255s] [100%] Built target canopen_interfaces__rosidl_typesupport_c__pyext
[17.279s] [100%] Built target canopen_interfaces__rosidl_typesupport_fastrtps_c__pyext
[17.285s] [100%] Built target canopen_interfaces__rosidl_typesupport_introspection_c__pyext
[17.299s] Invoked command in '/home/serhat/workspace/build/canopen_interfaces' returned '0': CMAKE_PREFIX_PATH=/opt/ros/humble /usr/bin/cmake --build /home/serhat/workspace/build/canopen_interfaces -- -j12 -l12
[17.562s] Invoking command in '/home/serhat/workspace/build/canopen_interfaces': CMAKE_PREFIX_PATH=/opt/ros/humble /usr/bin/cmake --install /home/serhat/workspace/build/canopen_interfaces
[17.571s] -- Install configuration: ""
[17.571s] -- Installing: /home/serhat/workspace/install/canopen_interfaces/share/ament_index/resource_index/rosidl_interfaces/canopen_interfaces
[17.571s] -- Installing: /home/serhat/workspace/install/canopen_interfaces/include/canopen_interfaces/canopen_interfaces
[17.572s] -- Installing: /home/serhat/workspace/install/canopen_interfaces/include/canopen_interfaces/canopen_interfaces/msg
[17.572s] -- Installing: /home/serhat/workspace/install/canopen_interfaces/include/canopen_interfaces/canopen_interfaces/msg/detail
[17.572s] -- Installing: /home/serhat/workspace/install/canopen_interfaces/include/canopen_interfaces/canopen_interfaces/msg/detail/co_data__functions.h
[17.572s] -- Installing: /home/serhat/workspace/install/canopen_interfaces/include/canopen_interfaces/canopen_interfaces/msg/detail/co_data__type_support.h
[17.572s] -- Installing: /home/serhat/workspace/install/canopen_interfaces/include/canopen_interfaces/canopen_interfaces/msg/detail/co_data__functions.c
[17.572s] -- Installing: /home/serhat/workspace/install/canopen_interfaces/include/canopen_interfaces/canopen_interfaces/msg/detail/co_data__struct.h
[17.573s] -- Installing: /home/serhat/workspace/install/canopen_interfaces/include/canopen_interfaces/canopen_interfaces/msg/rosidl_generator_c__visibility_control.h
[17.573s] -- Installing: /home/serhat/workspace/install/canopen_interfaces/include/canopen_interfaces/canopen_interfaces/msg/co_data.h
[17.573s] -- Installing: /home/serhat/workspace/install/canopen_interfaces/include/canopen_interfaces/canopen_interfaces/srv
[17.573s] -- Installing: /home/serhat/workspace/install/canopen_interfaces/include/canopen_interfaces/canopen_interfaces/srv/detail
[17.574s] -- Installing: /home/serhat/workspace/install/canopen_interfaces/include/canopen_interfaces/canopen_interfaces/srv/detail/co_target_double__struct.h
[17.574s] -- Installing: /home/serhat/workspace/install/canopen_interfaces/include/canopen_interfaces/canopen_interfaces/srv/detail/co_write_id__functions.c
[17.574s] -- Installing: /home/serhat/workspace/install/canopen_interfaces/include/canopen_interfaces/canopen_interfaces/srv/detail/co_write__functions.h
[17.574s] -- Installing: /home/serhat/workspace/install/canopen_interfaces/include/canopen_interfaces/canopen_interfaces/srv/detail/co_read__struct.h
[17.575s] -- Installing: /home/serhat/workspace/install/canopen_interfaces/include/canopen_interfaces/canopen_interfaces/srv/detail/co_read__type_support.h
[17.575s] -- Installing: /home/serhat/workspace/install/canopen_interfaces/include/canopen_interfaces/canopen_interfaces/srv/detail/co_target_double__functions.h
[17.575s] -- Installing: /home/serhat/workspace/install/canopen_interfaces/include/canopen_interfaces/canopen_interfaces/srv/detail/co_node__struct.h
[17.575s] -- Installing: /home/serhat/workspace/install/canopen_interfaces/include/canopen_interfaces/canopen_interfaces/srv/detail/co_read_id__functions.c
[17.575s] -- Installing: /home/serhat/workspace/install/canopen_interfaces/include/canopen_interfaces/canopen_interfaces/srv/detail/co_write_id__functions.h
[17.576s] -- Installing: /home/serhat/workspace/install/canopen_interfaces/include/canopen_interfaces/canopen_interfaces/srv/detail/co_nmt_id__functions.h
[17.576s] -- Installing: /home/serhat/workspace/install/canopen_interfaces/include/canopen_interfaces/canopen_interfaces/srv/detail/co_heartbeat_id__struct.h
[17.576s] -- Installing: /home/serhat/workspace/install/canopen_interfaces/include/canopen_interfaces/canopen_interfaces/srv/detail/co_write_id__type_support.h
[17.576s] -- Installing: /home/serhat/workspace/install/canopen_interfaces/include/canopen_interfaces/canopen_interfaces/srv/detail/co_nmt_id__functions.c
[17.576s] -- Installing: /home/serhat/workspace/install/canopen_interfaces/include/canopen_interfaces/canopen_interfaces/srv/detail/co_nmt_id__struct.h
[17.576s] -- Installing: /home/serhat/workspace/install/canopen_interfaces/include/canopen_interfaces/canopen_interfaces/srv/detail/co_node__functions.c
[17.577s] -- Installing: /home/serhat/workspace/install/canopen_interfaces/include/canopen_interfaces/canopen_interfaces/srv/detail/co_write_id__struct.h
[17.577s] -- Installing: /home/serhat/workspace/install/canopen_interfaces/include/canopen_interfaces/canopen_interfaces/srv/detail/co_target_double__functions.c
[17.577s] -- Installing: /home/serhat/workspace/install/canopen_interfaces/include/canopen_interfaces/canopen_interfaces/srv/detail/co_write__functions.c
[17.577s] -- Installing: /home/serhat/workspace/install/canopen_interfaces/include/canopen_interfaces/canopen_interfaces/srv/detail/co_target_double__type_support.h
[17.577s] -- Installing: /home/serhat/workspace/install/canopen_interfaces/include/canopen_interfaces/canopen_interfaces/srv/detail/co_heartbeat_id__functions.c
[17.577s] -- Installing: /home/serhat/workspace/install/canopen_interfaces/include/canopen_interfaces/canopen_interfaces/srv/detail/co_heartbeat_id__type_support.h
[17.578s] -- Installing: /home/serhat/workspace/install/canopen_interfaces/include/canopen_interfaces/canopen_interfaces/srv/detail/co_read_id__type_support.h
[17.578s] -- Installing: /home/serhat/workspace/install/canopen_interfaces/include/canopen_interfaces/canopen_interfaces/srv/detail/co_node__type_support.h
[17.578s] -- Installing: /home/serhat/workspace/install/canopen_interfaces/include/canopen_interfaces/canopen_interfaces/srv/detail/co_write__type_support.h
[17.578s] -- Installing: /home/serhat/workspace/install/canopen_interfaces/include/canopen_interfaces/canopen_interfaces/srv/detail/co_read__functions.h
[17.578s] -- Installing: /home/serhat/workspace/install/canopen_interfaces/include/canopen_interfaces/canopen_interfaces/srv/detail/co_read_id__struct.h
[17.578s] -- Installing: /home/serhat/workspace/install/canopen_interfaces/include/canopen_interfaces/canopen_interfaces/srv/detail/co_read_id__functions.h
[17.579s] -- Installing: /home/serhat/workspace/install/canopen_interfaces/include/canopen_interfaces/canopen_interfaces/srv/detail/co_read__functions.c
[17.579s] -- Installing: /home/serhat/workspace/install/canopen_interfaces/include/canopen_interfaces/canopen_interfaces/srv/detail/co_node__functions.h
[17.579s] -- Installing: /home/serhat/workspace/install/canopen_interfaces/include/canopen_interfaces/canopen_interfaces/srv/detail/co_write__struct.h
[17.579s] -- Installing: /home/serhat/workspace/install/canopen_interfaces/include/canopen_interfaces/canopen_interfaces/srv/detail/co_heartbeat_id__functions.h
[17.579s] -- Installing: /home/serhat/workspace/install/canopen_interfaces/include/canopen_interfaces/canopen_interfaces/srv/detail/co_nmt_id__type_support.h
[17.579s] -- Installing: /home/serhat/workspace/install/canopen_interfaces/include/canopen_interfaces/canopen_interfaces/srv/co_read_id.h
[17.579s] -- Installing: /home/serhat/workspace/install/canopen_interfaces/include/canopen_interfaces/canopen_interfaces/srv/co_read.h
[17.580s] -- Installing: /home/serhat/workspace/install/canopen_interfaces/include/canopen_interfaces/canopen_interfaces/srv/co_target_double.h
[17.580s] -- Installing: /home/serhat/workspace/install/canopen_interfaces/include/canopen_interfaces/canopen_interfaces/srv/co_write.h
[17.580s] -- Installing: /home/serhat/workspace/install/canopen_interfaces/include/canopen_interfaces/canopen_interfaces/srv/co_heartbeat_id.h
[17.580s] -- Installing: /home/serhat/workspace/install/canopen_interfaces/include/canopen_interfaces/canopen_interfaces/srv/co_nmt_id.h
[17.580s] -- Installing: /home/serhat/workspace/install/canopen_interfaces/include/canopen_interfaces/canopen_interfaces/srv/co_write_id.h
[17.580s] -- Installing: /home/serhat/workspace/install/canopen_interfaces/include/canopen_interfaces/canopen_interfaces/srv/co_node.h
[17.581s] -- Installing: /home/serhat/workspace/install/canopen_interfaces/share/canopen_interfaces/environment/library_path.sh
[17.581s] -- Installing: /home/serhat/workspace/install/canopen_interfaces/share/canopen_interfaces/environment/library_path.dsv
[17.581s] -- Installing: /home/serhat/workspace/install/canopen_interfaces/lib/libcanopen_interfaces__rosidl_generator_c.so
[17.582s] -- Set runtime path of "/home/serhat/workspace/install/canopen_interfaces/lib/libcanopen_interfaces__rosidl_generator_c.so" to ""
[17.582s] -- Up-to-date: /home/serhat/workspace/install/canopen_interfaces/include/canopen_interfaces/canopen_interfaces
[17.582s] -- Up-to-date: /home/serhat/workspace/install/canopen_interfaces/include/canopen_interfaces/canopen_interfaces/msg
[17.583s] -- Up-to-date: /home/serhat/workspace/install/canopen_interfaces/include/canopen_interfaces/canopen_interfaces/msg/detail
[17.583s] -- Installing: /home/serhat/workspace/install/canopen_interfaces/include/canopen_interfaces/canopen_interfaces/msg/detail/co_data__rosidl_typesupport_fastrtps_c.h
[17.583s] -- Installing: /home/serhat/workspace/install/canopen_interfaces/include/canopen_interfaces/canopen_interfaces/msg/rosidl_typesupport_fastrtps_c__visibility_control.h
[17.583s] -- Up-to-date: /home/serhat/workspace/install/canopen_interfaces/include/canopen_interfaces/canopen_interfaces/srv
[17.584s] -- Up-to-date: /home/serhat/workspace/install/canopen_interfaces/include/canopen_interfaces/canopen_interfaces/srv/detail
[17.584s] -- Installing: /home/serhat/workspace/install/canopen_interfaces/include/canopen_interfaces/canopen_interfaces/srv/detail/co_read__rosidl_typesupport_fastrtps_c.h
[17.584s] -- Installing: /home/serhat/workspace/install/canopen_interfaces/include/canopen_interfaces/canopen_interfaces/srv/detail/co_write_id__rosidl_typesupport_fastrtps_c.h
[17.584s] -- Installing: /home/serhat/workspace/install/canopen_interfaces/include/canopen_interfaces/canopen_interfaces/srv/detail/co_write__rosidl_typesupport_fastrtps_c.h
[17.584s] -- Installing: /home/serhat/workspace/install/canopen_interfaces/include/canopen_interfaces/canopen_interfaces/srv/detail/co_nmt_id__rosidl_typesupport_fastrtps_c.h
[17.584s] -- Installing: /home/serhat/workspace/install/canopen_interfaces/include/canopen_interfaces/canopen_interfaces/srv/detail/co_node__rosidl_typesupport_fastrtps_c.h
[17.584s] -- Installing: /home/serhat/workspace/install/canopen_interfaces/include/canopen_interfaces/canopen_interfaces/srv/detail/co_heartbeat_id__rosidl_typesupport_fastrtps_c.h
[17.585s] -- Installing: /home/serhat/workspace/install/canopen_interfaces/include/canopen_interfaces/canopen_interfaces/srv/detail/co_read_id__rosidl_typesupport_fastrtps_c.h
[17.585s] -- Installing: /home/serhat/workspace/install/canopen_interfaces/include/canopen_interfaces/canopen_interfaces/srv/detail/co_target_double__rosidl_typesupport_fastrtps_c.h
[17.585s] -- Installing: /home/serhat/workspace/install/canopen_interfaces/lib/libcanopen_interfaces__rosidl_typesupport_fastrtps_c.so
[17.585s] -- Set runtime path of "/home/serhat/workspace/install/canopen_interfaces/lib/libcanopen_interfaces__rosidl_typesupport_fastrtps_c.so" to ""
[17.585s] -- Up-to-date: /home/serhat/workspace/install/canopen_interfaces/include/canopen_interfaces/canopen_interfaces
[17.585s] -- Up-to-date: /home/serhat/workspace/install/canopen_interfaces/include/canopen_interfaces/canopen_interfaces/msg
[17.585s] -- Up-to-date: /home/serhat/workspace/install/canopen_interfaces/include/canopen_interfaces/canopen_interfaces/msg/detail
[17.586s] -- Installing: /home/serhat/workspace/install/canopen_interfaces/include/canopen_interfaces/canopen_interfaces/msg/detail/co_data__rosidl_typesupport_introspection_c.h
[17.586s] -- Installing: /home/serhat/workspace/install/canopen_interfaces/include/canopen_interfaces/canopen_interfaces/msg/detail/co_data__type_support.c
[17.586s] -- Installing: /home/serhat/workspace/install/canopen_interfaces/include/canopen_interfaces/canopen_interfaces/msg/rosidl_typesupport_introspection_c__visibility_control.h
[17.586s] -- Up-to-date: /home/serhat/workspace/install/canopen_interfaces/include/canopen_interfaces/canopen_interfaces/srv
[17.586s] -- Up-to-date: /home/serhat/workspace/install/canopen_interfaces/include/canopen_interfaces/canopen_interfaces/srv/detail
[17.586s] -- Installing: /home/serhat/workspace/install/canopen_interfaces/include/canopen_interfaces/canopen_interfaces/srv/detail/co_nmt_id__type_support.c
[17.586s] -- Installing: /home/serhat/workspace/install/canopen_interfaces/include/canopen_interfaces/canopen_interfaces/srv/detail/co_target_double__type_support.c
[17.586s] -- Installing: /home/serhat/workspace/install/canopen_interfaces/include/canopen_interfaces/canopen_interfaces/srv/detail/co_target_double__rosidl_typesupport_introspection_c.h
[17.586s] -- Installing: /home/serhat/workspace/install/canopen_interfaces/include/canopen_interfaces/canopen_interfaces/srv/detail/co_read_id__rosidl_typesupport_introspection_c.h
[17.586s] -- Installing: /home/serhat/workspace/install/canopen_interfaces/include/canopen_interfaces/canopen_interfaces/srv/detail/co_node__rosidl_typesupport_introspection_c.h
[17.587s] -- Installing: /home/serhat/workspace/install/canopen_interfaces/include/canopen_interfaces/canopen_interfaces/srv/detail/co_write__type_support.c
[17.587s] -- Installing: /home/serhat/workspace/install/canopen_interfaces/include/canopen_interfaces/canopen_interfaces/srv/detail/co_heartbeat_id__type_support.c
[17.587s] -- Installing: /home/serhat/workspace/install/canopen_interfaces/include/canopen_interfaces/canopen_interfaces/srv/detail/co_write_id__rosidl_typesupport_introspection_c.h
[17.587s] -- Installing: /home/serhat/workspace/install/canopen_interfaces/include/canopen_interfaces/canopen_interfaces/srv/detail/co_read__type_support.c
[17.587s] -- Installing: /home/serhat/workspace/install/canopen_interfaces/include/canopen_interfaces/canopen_interfaces/srv/detail/co_node__type_support.c
[17.587s] -- Installing: /home/serhat/workspace/install/canopen_interfaces/include/canopen_interfaces/canopen_interfaces/srv/detail/co_nmt_id__rosidl_typesupport_introspection_c.h
[17.587s] -- Installing: /home/serhat/workspace/install/canopen_interfaces/include/canopen_interfaces/canopen_interfaces/srv/detail/co_write__rosidl_typesupport_introspection_c.h
[17.588s] -- Installing: /home/serhat/workspace/install/canopen_interfaces/include/canopen_interfaces/canopen_interfaces/srv/detail/co_write_id__type_support.c
[17.588s] -- Installing: /home/serhat/workspace/install/canopen_interfaces/include/canopen_interfaces/canopen_interfaces/srv/detail/co_read_id__type_support.c
[17.588s] -- Installing: /home/serhat/workspace/install/canopen_interfaces/include/canopen_interfaces/canopen_interfaces/srv/detail/co_read__rosidl_typesupport_introspection_c.h
[17.588s] -- Installing: /home/serhat/workspace/install/canopen_interfaces/include/canopen_interfaces/canopen_interfaces/srv/detail/co_heartbeat_id__rosidl_typesupport_introspection_c.h
[17.589s] -- Installing: /home/serhat/workspace/install/canopen_interfaces/lib/libcanopen_interfaces__rosidl_typesupport_introspection_c.so
[17.591s] -- Set runtime path of "/home/serhat/workspace/install/canopen_interfaces/lib/libcanopen_interfaces__rosidl_typesupport_introspection_c.so" to ""
[17.591s] -- Installing: /home/serhat/workspace/install/canopen_interfaces/lib/libcanopen_interfaces__rosidl_typesupport_c.so
[17.591s] -- Set runtime path of "/home/serhat/workspace/install/canopen_interfaces/lib/libcanopen_interfaces__rosidl_typesupport_c.so" to ""
[17.592s] -- Up-to-date: /home/serhat/workspace/install/canopen_interfaces/include/canopen_interfaces/canopen_interfaces
[17.592s] -- Up-to-date: /home/serhat/workspace/install/canopen_interfaces/include/canopen_interfaces/canopen_interfaces/msg
[17.592s] -- Up-to-date: /home/serhat/workspace/install/canopen_interfaces/include/canopen_interfaces/canopen_interfaces/msg/detail
[17.592s] -- Installing: /home/serhat/workspace/install/canopen_interfaces/include/canopen_interfaces/canopen_interfaces/msg/detail/co_data__traits.hpp
[17.592s] -- Installing: /home/serhat/workspace/install/canopen_interfaces/include/canopen_interfaces/canopen_interfaces/msg/detail/co_data__builder.hpp
[17.592s] -- Installing: /home/serhat/workspace/install/canopen_interfaces/include/canopen_interfaces/canopen_interfaces/msg/detail/co_data__struct.hpp
[17.592s] -- Installing: /home/serhat/workspace/install/canopen_interfaces/include/canopen_interfaces/canopen_interfaces/msg/co_data.hpp
[17.593s] -- Up-to-date: /home/serhat/workspace/install/canopen_interfaces/include/canopen_interfaces/canopen_interfaces/srv
[17.593s] -- Up-to-date: /home/serhat/workspace/install/canopen_interfaces/include/canopen_interfaces/canopen_interfaces/srv/detail
[17.593s] -- Installing: /home/serhat/workspace/install/canopen_interfaces/include/canopen_interfaces/canopen_interfaces/srv/detail/co_read_id__struct.hpp
[17.593s] -- Installing: /home/serhat/workspace/install/canopen_interfaces/include/canopen_interfaces/canopen_interfaces/srv/detail/co_write__struct.hpp
[17.593s] -- Installing: /home/serhat/workspace/install/canopen_interfaces/include/canopen_interfaces/canopen_interfaces/srv/detail/co_write_id__builder.hpp
[17.593s] -- Installing: /home/serhat/workspace/install/canopen_interfaces/include/canopen_interfaces/canopen_interfaces/srv/detail/co_nmt_id__builder.hpp
[17.593s] -- Installing: /home/serhat/workspace/install/canopen_interfaces/include/canopen_interfaces/canopen_interfaces/srv/detail/co_read__traits.hpp
[17.593s] -- Installing: /home/serhat/workspace/install/canopen_interfaces/include/canopen_interfaces/canopen_interfaces/srv/detail/co_read__builder.hpp
[17.593s] -- Installing: /home/serhat/workspace/install/canopen_interfaces/include/canopen_interfaces/canopen_interfaces/srv/detail/co_write_id__traits.hpp
[17.594s] -- Installing: /home/serhat/workspace/install/canopen_interfaces/include/canopen_interfaces/canopen_interfaces/srv/detail/co_write_id__struct.hpp
[17.594s] -- Installing: /home/serhat/workspace/install/canopen_interfaces/include/canopen_interfaces/canopen_interfaces/srv/detail/co_read__struct.hpp
[17.594s] -- Installing: /home/serhat/workspace/install/canopen_interfaces/include/canopen_interfaces/canopen_interfaces/srv/detail/co_write__builder.hpp
[17.594s] -- Installing: /home/serhat/workspace/install/canopen_interfaces/include/canopen_interfaces/canopen_interfaces/srv/detail/co_nmt_id__traits.hpp
[17.594s] -- Installing: /home/serhat/workspace/install/canopen_interfaces/include/canopen_interfaces/canopen_interfaces/srv/detail/co_read_id__traits.hpp
[17.594s] -- Installing: /home/serhat/workspace/install/canopen_interfaces/include/canopen_interfaces/canopen_interfaces/srv/detail/co_nmt_id__struct.hpp
[17.595s] -- Installing: /home/serhat/workspace/install/canopen_interfaces/include/canopen_interfaces/canopen_interfaces/srv/detail/co_write__traits.hpp
[17.595s] -- Installing: /home/serhat/workspace/install/canopen_interfaces/include/canopen_interfaces/canopen_interfaces/srv/detail/co_target_double__builder.hpp
[17.595s] -- Installing: /home/serhat/workspace/install/canopen_interfaces/include/canopen_interfaces/canopen_interfaces/srv/detail/co_heartbeat_id__builder.hpp
[17.595s] -- Installing: /home/serhat/workspace/install/canopen_interfaces/include/canopen_interfaces/canopen_interfaces/srv/detail/co_read_id__builder.hpp
[17.595s] -- Installing: /home/serhat/workspace/install/canopen_interfaces/include/canopen_interfaces/canopen_interfaces/srv/detail/co_node__struct.hpp
[17.595s] -- Installing: /home/serhat/workspace/install/canopen_interfaces/include/canopen_interfaces/canopen_interfaces/srv/detail/co_heartbeat_id__struct.hpp
[17.596s] -- Installing: /home/serhat/workspace/install/canopen_interfaces/include/canopen_interfaces/canopen_interfaces/srv/detail/co_target_double__struct.hpp
[17.596s] -- Installing: /home/serhat/workspace/install/canopen_interfaces/include/canopen_interfaces/canopen_interfaces/srv/detail/co_node__traits.hpp
[17.596s] -- Installing: /home/serhat/workspace/install/canopen_interfaces/include/canopen_interfaces/canopen_interfaces/srv/detail/co_target_double__traits.hpp
[17.596s] -- Installing: /home/serhat/workspace/install/canopen_interfaces/include/canopen_interfaces/canopen_interfaces/srv/detail/co_heartbeat_id__traits.hpp
[17.596s] -- Installing: /home/serhat/workspace/install/canopen_interfaces/include/canopen_interfaces/canopen_interfaces/srv/detail/co_node__builder.hpp
[17.596s] -- Installing: /home/serhat/workspace/install/canopen_interfaces/include/canopen_interfaces/canopen_interfaces/srv/co_write.hpp
[17.597s] -- Installing: /home/serhat/workspace/install/canopen_interfaces/include/canopen_interfaces/canopen_interfaces/srv/co_target_double.hpp
[17.597s] -- Installing: /home/serhat/workspace/install/canopen_interfaces/include/canopen_interfaces/canopen_interfaces/srv/co_node.hpp
[17.597s] -- Installing: /home/serhat/workspace/install/canopen_interfaces/include/canopen_interfaces/canopen_interfaces/srv/co_heartbeat_id.hpp
[17.597s] -- Installing: /home/serhat/workspace/install/canopen_interfaces/include/canopen_interfaces/canopen_interfaces/srv/co_read_id.hpp
[17.597s] -- Installing: /home/serhat/workspace/install/canopen_interfaces/include/canopen_interfaces/canopen_interfaces/srv/co_read.hpp
[17.597s] -- Installing: /home/serhat/workspace/install/canopen_interfaces/include/canopen_interfaces/canopen_interfaces/srv/co_nmt_id.hpp
[17.598s] -- Installing: /home/serhat/workspace/install/canopen_interfaces/include/canopen_interfaces/canopen_interfaces/srv/co_write_id.hpp
[17.598s] -- Up-to-date: /home/serhat/workspace/install/canopen_interfaces/include/canopen_interfaces/canopen_interfaces
[17.598s] -- Up-to-date: /home/serhat/workspace/install/canopen_interfaces/include/canopen_interfaces/canopen_interfaces/msg
[17.598s] -- Up-to-date: /home/serhat/workspace/install/canopen_interfaces/include/canopen_interfaces/canopen_interfaces/msg/detail
[17.598s] -- Installing: /home/serhat/workspace/install/canopen_interfaces/include/canopen_interfaces/canopen_interfaces/msg/detail/co_data__rosidl_typesupport_fastrtps_cpp.hpp
[17.598s] -- Installing: /home/serhat/workspace/install/canopen_interfaces/include/canopen_interfaces/canopen_interfaces/msg/detail/dds_fastrtps
[17.598s] -- Installing: /home/serhat/workspace/install/canopen_interfaces/include/canopen_interfaces/canopen_interfaces/msg/rosidl_typesupport_fastrtps_cpp__visibility_control.h
[17.598s] -- Up-to-date: /home/serhat/workspace/install/canopen_interfaces/include/canopen_interfaces/canopen_interfaces/srv
[17.598s] -- Up-to-date: /home/serhat/workspace/install/canopen_interfaces/include/canopen_interfaces/canopen_interfaces/srv/detail
[17.599s] -- Installing: /home/serhat/workspace/install/canopen_interfaces/include/canopen_interfaces/canopen_interfaces/srv/detail/co_node__rosidl_typesupport_fastrtps_cpp.hpp
[17.599s] -- Installing: /home/serhat/workspace/install/canopen_interfaces/include/canopen_interfaces/canopen_interfaces/srv/detail/co_target_double__rosidl_typesupport_fastrtps_cpp.hpp
[17.599s] -- Installing: /home/serhat/workspace/install/canopen_interfaces/include/canopen_interfaces/canopen_interfaces/srv/detail/co_nmt_id__rosidl_typesupport_fastrtps_cpp.hpp
[17.599s] -- Installing: /home/serhat/workspace/install/canopen_interfaces/include/canopen_interfaces/canopen_interfaces/srv/detail/co_write_id__rosidl_typesupport_fastrtps_cpp.hpp
[17.599s] -- Installing: /home/serhat/workspace/install/canopen_interfaces/include/canopen_interfaces/canopen_interfaces/srv/detail/co_heartbeat_id__rosidl_typesupport_fastrtps_cpp.hpp
[17.599s] -- Installing: /home/serhat/workspace/install/canopen_interfaces/include/canopen_interfaces/canopen_interfaces/srv/detail/co_write__rosidl_typesupport_fastrtps_cpp.hpp
[17.599s] -- Installing: /home/serhat/workspace/install/canopen_interfaces/include/canopen_interfaces/canopen_interfaces/srv/detail/co_read__rosidl_typesupport_fastrtps_cpp.hpp
[17.600s] -- Installing: /home/serhat/workspace/install/canopen_interfaces/include/canopen_interfaces/canopen_interfaces/srv/detail/dds_fastrtps
[17.600s] -- Installing: /home/serhat/workspace/install/canopen_interfaces/include/canopen_interfaces/canopen_interfaces/srv/detail/co_read_id__rosidl_typesupport_fastrtps_cpp.hpp
[17.600s] -- Installing: /home/serhat/workspace/install/canopen_interfaces/lib/libcanopen_interfaces__rosidl_typesupport_fastrtps_cpp.so
[17.601s] -- Set runtime path of "/home/serhat/workspace/install/canopen_interfaces/lib/libcanopen_interfaces__rosidl_typesupport_fastrtps_cpp.so" to ""
[17.601s] -- Up-to-date: /home/serhat/workspace/install/canopen_interfaces/include/canopen_interfaces/canopen_interfaces
[17.601s] -- Up-to-date: /home/serhat/workspace/install/canopen_interfaces/include/canopen_interfaces/canopen_interfaces/msg
[17.601s] -- Up-to-date: /home/serhat/workspace/install/canopen_interfaces/include/canopen_interfaces/canopen_interfaces/msg/detail
[17.601s] -- Installing: /home/serhat/workspace/install/canopen_interfaces/include/canopen_interfaces/canopen_interfaces/msg/detail/co_data__rosidl_typesupport_introspection_cpp.hpp
[17.601s] -- Installing: /home/serhat/workspace/install/canopen_interfaces/include/canopen_interfaces/canopen_interfaces/msg/detail/co_data__type_support.cpp
[17.602s] -- Up-to-date: /home/serhat/workspace/install/canopen_interfaces/include/canopen_interfaces/canopen_interfaces/srv
[17.602s] -- Up-to-date: /home/serhat/workspace/install/canopen_interfaces/include/canopen_interfaces/canopen_interfaces/srv/detail
[17.602s] -- Installing: /home/serhat/workspace/install/canopen_interfaces/include/canopen_interfaces/canopen_interfaces/srv/detail/co_nmt_id__rosidl_typesupport_introspection_cpp.hpp
[17.602s] -- Installing: /home/serhat/workspace/install/canopen_interfaces/include/canopen_interfaces/canopen_interfaces/srv/detail/co_read_id__rosidl_typesupport_introspection_cpp.hpp
[17.602s] -- Installing: /home/serhat/workspace/install/canopen_interfaces/include/canopen_interfaces/canopen_interfaces/srv/detail/co_target_double__type_support.cpp
[17.602s] -- Installing: /home/serhat/workspace/install/canopen_interfaces/include/canopen_interfaces/canopen_interfaces/srv/detail/co_heartbeat_id__rosidl_typesupport_introspection_cpp.hpp
[17.602s] -- Installing: /home/serhat/workspace/install/canopen_interfaces/include/canopen_interfaces/canopen_interfaces/srv/detail/co_target_double__rosidl_typesupport_introspection_cpp.hpp
[17.602s] -- Installing: /home/serhat/workspace/install/canopen_interfaces/include/canopen_interfaces/canopen_interfaces/srv/detail/co_read__rosidl_typesupport_introspection_cpp.hpp
[17.602s] -- Installing: /home/serhat/workspace/install/canopen_interfaces/include/canopen_interfaces/canopen_interfaces/srv/detail/co_write_id__type_support.cpp
[17.602s] -- Installing: /home/serhat/workspace/install/canopen_interfaces/include/canopen_interfaces/canopen_interfaces/srv/detail/co_write_id__rosidl_typesupport_introspection_cpp.hpp
[17.602s] -- Installing: /home/serhat/workspace/install/canopen_interfaces/include/canopen_interfaces/canopen_interfaces/srv/detail/co_read_id__type_support.cpp
[17.603s] -- Installing: /home/serhat/workspace/install/canopen_interfaces/include/canopen_interfaces/canopen_interfaces/srv/detail/co_heartbeat_id__type_support.cpp
[17.603s] -- Installing: /home/serhat/workspace/install/canopen_interfaces/include/canopen_interfaces/canopen_interfaces/srv/detail/co_write__type_support.cpp
[17.603s] -- Installing: /home/serhat/workspace/install/canopen_interfaces/include/canopen_interfaces/canopen_interfaces/srv/detail/co_node__rosidl_typesupport_introspection_cpp.hpp
[17.603s] -- Installing: /home/serhat/workspace/install/canopen_interfaces/include/canopen_interfaces/canopen_interfaces/srv/detail/co_read__type_support.cpp
[17.603s] -- Installing: /home/serhat/workspace/install/canopen_interfaces/include/canopen_interfaces/canopen_interfaces/srv/detail/co_nmt_id__type_support.cpp
[17.603s] -- Installing: /home/serhat/workspace/install/canopen_interfaces/include/canopen_interfaces/canopen_interfaces/srv/detail/co_node__type_support.cpp
[17.603s] -- Installing: /home/serhat/workspace/install/canopen_interfaces/include/canopen_interfaces/canopen_interfaces/srv/detail/co_write__rosidl_typesupport_introspection_cpp.hpp
[17.604s] -- Installing: /home/serhat/workspace/install/canopen_interfaces/lib/libcanopen_interfaces__rosidl_typesupport_introspection_cpp.so
[17.604s] -- Set runtime path of "/home/serhat/workspace/install/canopen_interfaces/lib/libcanopen_interfaces__rosidl_typesupport_introspection_cpp.so" to ""
[17.604s] -- Installing: /home/serhat/workspace/install/canopen_interfaces/lib/libcanopen_interfaces__rosidl_typesupport_cpp.so
[17.605s] -- Set runtime path of "/home/serhat/workspace/install/canopen_interfaces/lib/libcanopen_interfaces__rosidl_typesupport_cpp.so" to ""
[17.605s] -- Installing: /home/serhat/workspace/install/canopen_interfaces/share/canopen_interfaces/environment/pythonpath.sh
[17.605s] -- Installing: /home/serhat/workspace/install/canopen_interfaces/share/canopen_interfaces/environment/pythonpath.dsv
[17.605s] -- Installing: /home/serhat/workspace/install/canopen_interfaces/local/lib/python3.10/dist-packages/canopen_interfaces-0.0.1-py3.10.egg-info
[17.605s] -- Installing: /home/serhat/workspace/install/canopen_interfaces/local/lib/python3.10/dist-packages/canopen_interfaces-0.0.1-py3.10.egg-info/dependency_links.txt
[17.606s] -- Installing: /home/serhat/workspace/install/canopen_interfaces/local/lib/python3.10/dist-packages/canopen_interfaces-0.0.1-py3.10.egg-info/SOURCES.txt
[17.606s] -- Installing: /home/serhat/workspace/install/canopen_interfaces/local/lib/python3.10/dist-packages/canopen_interfaces-0.0.1-py3.10.egg-info/top_level.txt
[17.606s] -- Installing: /home/serhat/workspace/install/canopen_interfaces/local/lib/python3.10/dist-packages/canopen_interfaces-0.0.1-py3.10.egg-info/PKG-INFO
[17.606s] -- Installing: /home/serhat/workspace/install/canopen_interfaces/local/lib/python3.10/dist-packages/canopen_interfaces
[17.606s] -- Installing: /home/serhat/workspace/install/canopen_interfaces/local/lib/python3.10/dist-packages/canopen_interfaces/_canopen_interfaces_s.ep.rosidl_typesupport_fastrtps_c.c
[17.607s] -- Installing: /home/serhat/workspace/install/canopen_interfaces/local/lib/python3.10/dist-packages/canopen_interfaces/libcanopen_interfaces__rosidl_generator_py.so
[17.607s] -- Installing: /home/serhat/workspace/install/canopen_interfaces/local/lib/python3.10/dist-packages/canopen_interfaces/canopen_interfaces_s__rosidl_typesupport_c.cpython-310-x86_64-linux-gnu.so
[17.607s] -- Installing: /home/serhat/workspace/install/canopen_interfaces/local/lib/python3.10/dist-packages/canopen_interfaces/_canopen_interfaces_s.ep.rosidl_typesupport_introspection_c.c
[17.608s] -- Installing: /home/serhat/workspace/install/canopen_interfaces/local/lib/python3.10/dist-packages/canopen_interfaces/canopen_interfaces_s__rosidl_typesupport_fastrtps_c.cpython-310-x86_64-linux-gnu.so
[17.608s] -- Installing: /home/serhat/workspace/install/canopen_interfaces/local/lib/python3.10/dist-packages/canopen_interfaces/msg
[17.608s] -- Installing: /home/serhat/workspace/install/canopen_interfaces/local/lib/python3.10/dist-packages/canopen_interfaces/msg/_co_data.py
[17.608s] -- Installing: /home/serhat/workspace/install/canopen_interfaces/local/lib/python3.10/dist-packages/canopen_interfaces/msg/_co_data_s.c
[17.609s] -- Installing: /home/serhat/workspace/install/canopen_interfaces/local/lib/python3.10/dist-packages/canopen_interfaces/msg/__init__.py
[17.609s] -- Installing: /home/serhat/workspace/install/canopen_interfaces/local/lib/python3.10/dist-packages/canopen_interfaces/canopen_interfaces_s__rosidl_typesupport_introspection_c.cpython-310-x86_64-linux-gnu.so
[17.609s] -- Installing: /home/serhat/workspace/install/canopen_interfaces/local/lib/python3.10/dist-packages/canopen_interfaces/_canopen_interfaces_s.ep.rosidl_typesupport_c.c
[17.610s] -- Installing: /home/serhat/workspace/install/canopen_interfaces/local/lib/python3.10/dist-packages/canopen_interfaces/srv
[17.610s] -- Installing: /home/serhat/workspace/install/canopen_interfaces/local/lib/python3.10/dist-packages/canopen_interfaces/srv/_co_heartbeat_id.py
[17.610s] -- Installing: /home/serhat/workspace/install/canopen_interfaces/local/lib/python3.10/dist-packages/canopen_interfaces/srv/_co_nmt_id_s.c
[17.610s] -- Installing: /home/serhat/workspace/install/canopen_interfaces/local/lib/python3.10/dist-packages/canopen_interfaces/srv/_co_read_id.py
[17.610s] -- Installing: /home/serhat/workspace/install/canopen_interfaces/local/lib/python3.10/dist-packages/canopen_interfaces/srv/_co_target_double_s.c
[17.610s] -- Installing: /home/serhat/workspace/install/canopen_interfaces/local/lib/python3.10/dist-packages/canopen_interfaces/srv/_co_heartbeat_id_s.c
[17.611s] -- Installing: /home/serhat/workspace/install/canopen_interfaces/local/lib/python3.10/dist-packages/canopen_interfaces/srv/_co_node.py
[17.611s] -- Installing: /home/serhat/workspace/install/canopen_interfaces/local/lib/python3.10/dist-packages/canopen_interfaces/srv/_co_write_id.py
[17.611s] -- Installing: /home/serhat/workspace/install/canopen_interfaces/local/lib/python3.10/dist-packages/canopen_interfaces/srv/_co_write_id_s.c
[17.611s] -- Installing: /home/serhat/workspace/install/canopen_interfaces/local/lib/python3.10/dist-packages/canopen_interfaces/srv/_co_read.py
[17.611s] -- Installing: /home/serhat/workspace/install/canopen_interfaces/local/lib/python3.10/dist-packages/canopen_interfaces/srv/_co_write_s.c
[17.611s] -- Installing: /home/serhat/workspace/install/canopen_interfaces/local/lib/python3.10/dist-packages/canopen_interfaces/srv/_co_read_id_s.c
[17.611s] -- Installing: /home/serhat/workspace/install/canopen_interfaces/local/lib/python3.10/dist-packages/canopen_interfaces/srv/_co_nmt_id.py
[17.611s] -- Installing: /home/serhat/workspace/install/canopen_interfaces/local/lib/python3.10/dist-packages/canopen_interfaces/srv/_co_node_s.c
[17.612s] -- Installing: /home/serhat/workspace/install/canopen_interfaces/local/lib/python3.10/dist-packages/canopen_interfaces/srv/_co_target_double.py
[17.612s] -- Installing: /home/serhat/workspace/install/canopen_interfaces/local/lib/python3.10/dist-packages/canopen_interfaces/srv/_co_read_s.c
[17.612s] -- Installing: /home/serhat/workspace/install/canopen_interfaces/local/lib/python3.10/dist-packages/canopen_interfaces/srv/_co_write.py
[17.612s] -- Installing: /home/serhat/workspace/install/canopen_interfaces/local/lib/python3.10/dist-packages/canopen_interfaces/srv/__init__.py
[17.612s] -- Installing: /home/serhat/workspace/install/canopen_interfaces/local/lib/python3.10/dist-packages/canopen_interfaces/__init__.py
[17.665s] Listing '/home/serhat/workspace/install/canopen_interfaces/local/lib/python3.10/dist-packages/canopen_interfaces'...
[17.665s] Compiling '/home/serhat/workspace/install/canopen_interfaces/local/lib/python3.10/dist-packages/canopen_interfaces/__init__.py'...
[17.665s] Listing '/home/serhat/workspace/install/canopen_interfaces/local/lib/python3.10/dist-packages/canopen_interfaces/msg'...
[17.666s] Compiling '/home/serhat/workspace/install/canopen_interfaces/local/lib/python3.10/dist-packages/canopen_interfaces/msg/__init__.py'...
[17.666s] Compiling '/home/serhat/workspace/install/canopen_interfaces/local/lib/python3.10/dist-packages/canopen_interfaces/msg/_co_data.py'...
[17.666s] Listing '/home/serhat/workspace/install/canopen_interfaces/local/lib/python3.10/dist-packages/canopen_interfaces/srv'...
[17.666s] Compiling '/home/serhat/workspace/install/canopen_interfaces/local/lib/python3.10/dist-packages/canopen_interfaces/srv/__init__.py'...
[17.666s] Compiling '/home/serhat/workspace/install/canopen_interfaces/local/lib/python3.10/dist-packages/canopen_interfaces/srv/_co_heartbeat_id.py'...
[17.666s] Compiling '/home/serhat/workspace/install/canopen_interfaces/local/lib/python3.10/dist-packages/canopen_interfaces/srv/_co_nmt_id.py'...
[17.666s] Compiling '/home/serhat/workspace/install/canopen_interfaces/local/lib/python3.10/dist-packages/canopen_interfaces/srv/_co_node.py'...
[17.667s] Compiling '/home/serhat/workspace/install/canopen_interfaces/local/lib/python3.10/dist-packages/canopen_interfaces/srv/_co_read.py'...
[17.667s] Compiling '/home/serhat/workspace/install/canopen_interfaces/local/lib/python3.10/dist-packages/canopen_interfaces/srv/_co_read_id.py'...
[17.667s] Compiling '/home/serhat/workspace/install/canopen_interfaces/local/lib/python3.10/dist-packages/canopen_interfaces/srv/_co_target_double.py'...
[17.667s] Compiling '/home/serhat/workspace/install/canopen_interfaces/local/lib/python3.10/dist-packages/canopen_interfaces/srv/_co_write.py'...
[17.667s] Compiling '/home/serhat/workspace/install/canopen_interfaces/local/lib/python3.10/dist-packages/canopen_interfaces/srv/_co_write_id.py'...
[17.671s] -- Installing: /home/serhat/workspace/install/canopen_interfaces/local/lib/python3.10/dist-packages/canopen_interfaces/canopen_interfaces_s__rosidl_typesupport_fastrtps_c.cpython-310-x86_64-linux-gnu.so
[17.671s] -- Set runtime path of "/home/serhat/workspace/install/canopen_interfaces/local/lib/python3.10/dist-packages/canopen_interfaces/canopen_interfaces_s__rosidl_typesupport_fastrtps_c.cpython-310-x86_64-linux-gnu.so" to ""
[17.673s] -- Installing: /home/serhat/workspace/install/canopen_interfaces/local/lib/python3.10/dist-packages/canopen_interfaces/canopen_interfaces_s__rosidl_typesupport_introspection_c.cpython-310-x86_64-linux-gnu.so
[17.673s] -- Set runtime path of "/home/serhat/workspace/install/canopen_interfaces/local/lib/python3.10/dist-packages/canopen_interfaces/canopen_interfaces_s__rosidl_typesupport_introspection_c.cpython-310-x86_64-linux-gnu.so" to ""
[17.674s] -- Installing: /home/serhat/workspace/install/canopen_interfaces/local/lib/python3.10/dist-packages/canopen_interfaces/canopen_interfaces_s__rosidl_typesupport_c.cpython-310-x86_64-linux-gnu.so
[17.675s] -- Set runtime path of "/home/serhat/workspace/install/canopen_interfaces/local/lib/python3.10/dist-packages/canopen_interfaces/canopen_interfaces_s__rosidl_typesupport_c.cpython-310-x86_64-linux-gnu.so" to ""
[17.675s] -- Installing: /home/serhat/workspace/install/canopen_interfaces/lib/libcanopen_interfaces__rosidl_generator_py.so
[17.676s] -- Set runtime path of "/home/serhat/workspace/install/canopen_interfaces/lib/libcanopen_interfaces__rosidl_generator_py.so" to ""
[17.676s] -- Installing: /home/serhat/workspace/install/canopen_interfaces/share/canopen_interfaces/srv/COHeartbeatID.idl
[17.676s] -- Installing: /home/serhat/workspace/install/canopen_interfaces/share/canopen_interfaces/srv/CONmtID.idl
[17.676s] -- Installing: /home/serhat/workspace/install/canopen_interfaces/share/canopen_interfaces/srv/CORead.idl
[17.677s] -- Installing: /home/serhat/workspace/install/canopen_interfaces/share/canopen_interfaces/srv/COReadID.idl
[17.677s] -- Installing: /home/serhat/workspace/install/canopen_interfaces/share/canopen_interfaces/srv/COWrite.idl
[17.677s] -- Installing: /home/serhat/workspace/install/canopen_interfaces/share/canopen_interfaces/srv/COWriteID.idl
[17.677s] -- Installing: /home/serhat/workspace/install/canopen_interfaces/share/canopen_interfaces/srv/COTargetDouble.idl
[17.678s] -- Installing: /home/serhat/workspace/install/canopen_interfaces/share/canopen_interfaces/srv/CONode.idl
[17.678s] -- Installing: /home/serhat/workspace/install/canopen_interfaces/share/canopen_interfaces/msg/COData.idl
[17.678s] -- Installing: /home/serhat/workspace/install/canopen_interfaces/share/canopen_interfaces/srv/COHeartbeatID.srv
[17.678s] -- Installing: /home/serhat/workspace/install/canopen_interfaces/share/canopen_interfaces/srv/COHeartbeatID_Request.msg
[17.679s] -- Installing: /home/serhat/workspace/install/canopen_interfaces/share/canopen_interfaces/srv/COHeartbeatID_Response.msg
[17.679s] -- Installing: /home/serhat/workspace/install/canopen_interfaces/share/canopen_interfaces/srv/CONmtID.srv
[17.679s] -- Installing: /home/serhat/workspace/install/canopen_interfaces/share/canopen_interfaces/srv/CONmtID_Request.msg
[17.679s] -- Installing: /home/serhat/workspace/install/canopen_interfaces/share/canopen_interfaces/srv/CONmtID_Response.msg
[17.679s] -- Installing: /home/serhat/workspace/install/canopen_interfaces/share/canopen_interfaces/srv/CORead.srv
[17.680s] -- Installing: /home/serhat/workspace/install/canopen_interfaces/share/canopen_interfaces/srv/CORead_Request.msg
[17.680s] -- Installing: /home/serhat/workspace/install/canopen_interfaces/share/canopen_interfaces/srv/CORead_Response.msg
[17.680s] -- Installing: /home/serhat/workspace/install/canopen_interfaces/share/canopen_interfaces/srv/COReadID.srv
[17.680s] -- Installing: /home/serhat/workspace/install/canopen_interfaces/share/canopen_interfaces/srv/COReadID_Request.msg
[17.680s] -- Installing: /home/serhat/workspace/install/canopen_interfaces/share/canopen_interfaces/srv/COReadID_Response.msg
[17.681s] -- Installing: /home/serhat/workspace/install/canopen_interfaces/share/canopen_interfaces/srv/COWrite.srv
[17.681s] -- Installing: /home/serhat/workspace/install/canopen_interfaces/share/canopen_interfaces/srv/COWrite_Request.msg
[17.681s] -- Installing: /home/serhat/workspace/install/canopen_interfaces/share/canopen_interfaces/srv/COWrite_Response.msg
[17.681s] -- Installing: /home/serhat/workspace/install/canopen_interfaces/share/canopen_interfaces/srv/COWriteID.srv
[17.682s] -- Installing: /home/serhat/workspace/install/canopen_interfaces/share/canopen_interfaces/srv/COWriteID_Request.msg
[17.682s] -- Installing: /home/serhat/workspace/install/canopen_interfaces/share/canopen_interfaces/srv/COWriteID_Response.msg
[17.682s] -- Installing: /home/serhat/workspace/install/canopen_interfaces/share/canopen_interfaces/srv/COTargetDouble.srv
[17.682s] -- Installing: /home/serhat/workspace/install/canopen_interfaces/share/canopen_interfaces/srv/COTargetDouble_Request.msg
[17.683s] -- Installing: /home/serhat/workspace/install/canopen_interfaces/share/canopen_interfaces/srv/COTargetDouble_Response.msg
[17.683s] -- Installing: /home/serhat/workspace/install/canopen_interfaces/share/canopen_interfaces/srv/CONode.srv
[17.683s] -- Installing: /home/serhat/workspace/install/canopen_interfaces/share/canopen_interfaces/srv/CONode_Request.msg
[17.683s] -- Installing: /home/serhat/workspace/install/canopen_interfaces/share/canopen_interfaces/srv/CONode_Response.msg
[17.683s] -- Installing: /home/serhat/workspace/install/canopen_interfaces/share/canopen_interfaces/msg/COData.msg
[17.684s] -- Installing: /home/serhat/workspace/install/canopen_interfaces/share/ament_index/resource_index/package_run_dependencies/canopen_interfaces
[17.684s] -- Installing: /home/serhat/workspace/install/canopen_interfaces/share/ament_index/resource_index/parent_prefix_path/canopen_interfaces
[17.684s] -- Installing: /home/serhat/workspace/install/canopen_interfaces/share/canopen_interfaces/environment/ament_prefix_path.sh
[17.685s] -- Installing: /home/serhat/workspace/install/canopen_interfaces/share/canopen_interfaces/environment/ament_prefix_path.dsv
[17.685s] -- Installing: /home/serhat/workspace/install/canopen_interfaces/share/canopen_interfaces/environment/path.sh
[17.685s] -- Installing: /home/serhat/workspace/install/canopen_interfaces/share/canopen_interfaces/environment/path.dsv
[17.685s] -- Installing: /home/serhat/workspace/install/canopen_interfaces/share/canopen_interfaces/local_setup.bash
[17.685s] -- Installing: /home/serhat/workspace/install/canopen_interfaces/share/canopen_interfaces/local_setup.sh
[17.686s] -- Installing: /home/serhat/workspace/install/canopen_interfaces/share/canopen_interfaces/local_setup.zsh
[17.686s] -- Installing: /home/serhat/workspace/install/canopen_interfaces/share/canopen_interfaces/local_setup.dsv
[17.686s] -- Installing: /home/serhat/workspace/install/canopen_interfaces/share/canopen_interfaces/package.dsv
[17.686s] -- Installing: /home/serhat/workspace/install/canopen_interfaces/share/ament_index/resource_index/packages/canopen_interfaces
[17.687s] -- Installing: /home/serhat/workspace/install/canopen_interfaces/share/canopen_interfaces/cmake/export_canopen_interfaces__rosidl_generator_cExport.cmake
[17.687s] -- Installing: /home/serhat/workspace/install/canopen_interfaces/share/canopen_interfaces/cmake/export_canopen_interfaces__rosidl_generator_cExport-noconfig.cmake
[17.687s] -- Installing: /home/serhat/workspace/install/canopen_interfaces/share/canopen_interfaces/cmake/export_canopen_interfaces__rosidl_typesupport_fastrtps_cExport.cmake
[17.687s] -- Installing: /home/serhat/workspace/install/canopen_interfaces/share/canopen_interfaces/cmake/export_canopen_interfaces__rosidl_typesupport_fastrtps_cExport-noconfig.cmake
[17.688s] -- Installing: /home/serhat/workspace/install/canopen_interfaces/share/canopen_interfaces/cmake/canopen_interfaces__rosidl_typesupport_introspection_cExport.cmake
[17.688s] -- Installing: /home/serhat/workspace/install/canopen_interfaces/share/canopen_interfaces/cmake/canopen_interfaces__rosidl_typesupport_introspection_cExport-noconfig.cmake
[17.688s] -- Installing: /home/serhat/workspace/install/canopen_interfaces/share/canopen_interfaces/cmake/canopen_interfaces__rosidl_typesupport_cExport.cmake
[17.688s] -- Installing: /home/serhat/workspace/install/canopen_interfaces/share/canopen_interfaces/cmake/canopen_interfaces__rosidl_typesupport_cExport-noconfig.cmake
[17.688s] -- Installing: /home/serhat/workspace/install/canopen_interfaces/share/canopen_interfaces/cmake/export_canopen_interfaces__rosidl_generator_cppExport.cmake
[17.689s] -- Installing: /home/serhat/workspace/install/canopen_interfaces/share/canopen_interfaces/cmake/export_canopen_interfaces__rosidl_typesupport_fastrtps_cppExport.cmake
[17.689s] -- Installing: /home/serhat/workspace/install/canopen_interfaces/share/canopen_interfaces/cmake/export_canopen_interfaces__rosidl_typesupport_fastrtps_cppExport-noconfig.cmake
[17.689s] -- Installing: /home/serhat/workspace/install/canopen_interfaces/share/canopen_interfaces/cmake/canopen_interfaces__rosidl_typesupport_introspection_cppExport.cmake
[17.689s] -- Installing: /home/serhat/workspace/install/canopen_interfaces/share/canopen_interfaces/cmake/canopen_interfaces__rosidl_typesupport_introspection_cppExport-noconfig.cmake
[17.690s] -- Installing: /home/serhat/workspace/install/canopen_interfaces/share/canopen_interfaces/cmake/canopen_interfaces__rosidl_typesupport_cppExport.cmake
[17.690s] -- Installing: /home/serhat/workspace/install/canopen_interfaces/share/canopen_interfaces/cmake/canopen_interfaces__rosidl_typesupport_cppExport-noconfig.cmake
[17.690s] -- Installing: /home/serhat/workspace/install/canopen_interfaces/share/canopen_interfaces/cmake/export_canopen_interfaces__rosidl_generator_pyExport.cmake
[17.690s] -- Installing: /home/serhat/workspace/install/canopen_interfaces/share/canopen_interfaces/cmake/export_canopen_interfaces__rosidl_generator_pyExport-noconfig.cmake
[17.691s] -- Installing: /home/serhat/workspace/install/canopen_interfaces/share/canopen_interfaces/cmake/rosidl_cmake-extras.cmake
[17.691s] -- Installing: /home/serhat/workspace/install/canopen_interfaces/share/canopen_interfaces/cmake/ament_cmake_export_include_directories-extras.cmake
[17.691s] -- Installing: /home/serhat/workspace/install/canopen_interfaces/share/canopen_interfaces/cmake/ament_cmake_export_libraries-extras.cmake
[17.691s] -- Installing: /home/serhat/workspace/install/canopen_interfaces/share/canopen_interfaces/cmake/ament_cmake_export_targets-extras.cmake
[17.692s] -- Installing: /home/serhat/workspace/install/canopen_interfaces/share/canopen_interfaces/cmake/rosidl_cmake_export_typesupport_targets-extras.cmake
[17.692s] -- Installing: /home/serhat/workspace/install/canopen_interfaces/share/canopen_interfaces/cmake/ament_cmake_export_dependencies-extras.cmake
[17.692s] -- Installing: /home/serhat/workspace/install/canopen_interfaces/share/canopen_interfaces/cmake/rosidl_cmake_export_typesupport_libraries-extras.cmake
[17.692s] -- Installing: /home/serhat/workspace/install/canopen_interfaces/share/canopen_interfaces/cmake/canopen_interfacesConfig.cmake
[17.693s] -- Installing: /home/serhat/workspace/install/canopen_interfaces/share/canopen_interfaces/cmake/canopen_interfacesConfig-version.cmake
[17.693s] -- Installing: /home/serhat/workspace/install/canopen_interfaces/share/canopen_interfaces/package.xml
[17.699s] Invoked command in '/home/serhat/workspace/build/canopen_interfaces' returned '0': CMAKE_PREFIX_PATH=/opt/ros/humble /usr/bin/cmake --install /home/serhat/workspace/build/canopen_interfaces
