[0.054s] Invoking command in '/home/serhat/workspace/build/ros2_socketcan': AMENT_PREFIX_PATH=/home/serhat/workspace/install/ros2_socketcan_msgs:${AMENT_PREFIX_PATH} CMAKE_PREFIX_PATH=/home/serhat/workspace/install/ros2_socketcan_msgs:/home/serhat/workspace/install/usb_cam:/home/serhat/workspace/install/udemy_ros2_pkg:/home/serhat/workspace/install/canopen_tests:/home/serhat/workspace/install/canopen:/home/serhat/workspace/install/canopen_402_driver:/home/serhat/workspace/install/canopen_proxy_driver:/home/serhat/workspace/install/canopen_mock_slave:/home/serhat/workspace/install/canopen_base_driver:/home/serhat/workspace/install/canopen_core:/home/serhat/workspace/install/lely_core_libraries:/home/serhat/workspace/install/canopen_interfaces:/home/serhat/workspace/install/canopen_utils:/opt/ros/humble LD_LIBRARY_PATH=/home/serhat/workspace/install/ros2_socketcan_msgs/lib:${LD_LIBRARY_PATH} PYTHONPATH=/home/serhat/workspace/install/ros2_socketcan_msgs/local/lib/python3.10/dist-packages:${PYTHONPATH} /usr/bin/cmake --build /home/serhat/workspace/build/ros2_socketcan -- -j12 -l12
[0.109s] [ 23%] Built target ros2_socketcan
[0.112s] [ 33%] Built target socket_can_receiver_node_exe
[0.113s] [ 42%] Built target gtest
[0.115s] [ 52%] Built target gtest_main
[0.119s] [ 61%] Built target socket_can_sender_node_exe
[0.135s] [ 71%] Built target socket_can_receiver_node
[0.139s] [ 90%] Built target ros2_socketcan_test
[0.163s] [100%] Built target socket_can_sender_node
[0.182s] Invoked command in '/home/serhat/workspace/build/ros2_socketcan' returned '0': AMENT_PREFIX_PATH=/home/serhat/workspace/install/ros2_socketcan_msgs:${AMENT_PREFIX_PATH} CMAKE_PREFIX_PATH=/home/serhat/workspace/install/ros2_socketcan_msgs:/home/serhat/workspace/install/usb_cam:/home/serhat/workspace/install/udemy_ros2_pkg:/home/serhat/workspace/install/canopen_tests:/home/serhat/workspace/install/canopen:/home/serhat/workspace/install/canopen_402_driver:/home/serhat/workspace/install/canopen_proxy_driver:/home/serhat/workspace/install/canopen_mock_slave:/home/serhat/workspace/install/canopen_base_driver:/home/serhat/workspace/install/canopen_core:/home/serhat/workspace/install/lely_core_libraries:/home/serhat/workspace/install/canopen_interfaces:/home/serhat/workspace/install/canopen_utils:/opt/ros/humble LD_LIBRARY_PATH=/home/serhat/workspace/install/ros2_socketcan_msgs/lib:${LD_LIBRARY_PATH} PYTHONPATH=/home/serhat/workspace/install/ros2_socketcan_msgs/local/lib/python3.10/dist-packages:${PYTHONPATH} /usr/bin/cmake --build /home/serhat/workspace/build/ros2_socketcan -- -j12 -l12
[0.242s] Invoking command in '/home/serhat/workspace/build/ros2_socketcan': AMENT_PREFIX_PATH=/home/serhat/workspace/install/ros2_socketcan_msgs:${AMENT_PREFIX_PATH} CMAKE_PREFIX_PATH=/home/serhat/workspace/install/ros2_socketcan_msgs:/home/serhat/workspace/install/usb_cam:/home/serhat/workspace/install/udemy_ros2_pkg:/home/serhat/workspace/install/canopen_tests:/home/serhat/workspace/install/canopen:/home/serhat/workspace/install/canopen_402_driver:/home/serhat/workspace/install/canopen_proxy_driver:/home/serhat/workspace/install/canopen_mock_slave:/home/serhat/workspace/install/canopen_base_driver:/home/serhat/workspace/install/canopen_core:/home/serhat/workspace/install/lely_core_libraries:/home/serhat/workspace/install/canopen_interfaces:/home/serhat/workspace/install/canopen_utils:/opt/ros/humble LD_LIBRARY_PATH=/home/serhat/workspace/install/ros2_socketcan_msgs/lib:${LD_LIBRARY_PATH} PYTHONPATH=/home/serhat/workspace/install/ros2_socketcan_msgs/local/lib/python3.10/dist-packages:${PYTHONPATH} /usr/bin/cmake --install /home/serhat/workspace/build/ros2_socketcan
[0.249s] -- Install configuration: ""
[0.250s] -- Execute custom install script
[0.250s] -- Up-to-date symlink: /home/serhat/workspace/install/ros2_socketcan/lib/ros2_socketcan/socket_can_receiver_node_exe
[0.250s] -- Up-to-date symlink: /home/serhat/workspace/install/ros2_socketcan/lib/ros2_socketcan/socket_can_sender_node_exe
[0.251s] -- Up-to-date symlink: /home/serhat/workspace/install/ros2_socketcan/include/ros2_socketcan/socket_can_common.hpp
[0.251s] -- Up-to-date symlink: /home/serhat/workspace/install/ros2_socketcan/include/ros2_socketcan/socket_can_id.hpp
[0.251s] -- Up-to-date symlink: /home/serhat/workspace/install/ros2_socketcan/include/ros2_socketcan/socket_can_receiver.hpp
[0.251s] -- Up-to-date symlink: /home/serhat/workspace/install/ros2_socketcan/include/ros2_socketcan/socket_can_receiver_node.hpp
[0.251s] -- Up-to-date symlink: /home/serhat/workspace/install/ros2_socketcan/include/ros2_socketcan/socket_can_sender.hpp
[0.252s] -- Up-to-date symlink: /home/serhat/workspace/install/ros2_socketcan/include/ros2_socketcan/socket_can_sender_node.hpp
[0.252s] -- Up-to-date symlink: /home/serhat/workspace/install/ros2_socketcan/include/ros2_socketcan/visibility_control.hpp
[0.252s] -- Up-to-date symlink: /home/serhat/workspace/install/ros2_socketcan/share/ros2_socketcan/environment/library_path.sh
[0.252s] -- Up-to-date symlink: /home/serhat/workspace/install/ros2_socketcan/share/ros2_socketcan/environment/library_path.dsv
[0.253s] -- Up-to-date symlink: /home/serhat/workspace/install/ros2_socketcan/lib/libros2_socketcan.so
[0.253s] -- Up-to-date symlink: /home/serhat/workspace/install/ros2_socketcan/lib/libsocket_can_receiver_node.so
[0.253s] -- Up-to-date symlink: /home/serhat/workspace/install/ros2_socketcan/lib/libsocket_can_sender_node.so
[0.254s] -- Up-to-date symlink: /home/serhat/workspace/install/ros2_socketcan/share/ros2_socketcan/launch/socket_can_bridge.launch.xml
[0.254s] -- Up-to-date symlink: /home/serhat/workspace/install/ros2_socketcan/share/ros2_socketcan/launch/socket_can_receiver.launch.py
[0.254s] -- Up-to-date symlink: /home/serhat/workspace/install/ros2_socketcan/share/ros2_socketcan/launch/socket_can_sender.launch.py
[0.254s] -- Up-to-date symlink: /home/serhat/workspace/install/ros2_socketcan/share/ament_index/resource_index/package_run_dependencies/ros2_socketcan
[0.254s] -- Up-to-date symlink: /home/serhat/workspace/install/ros2_socketcan/share/ament_index/resource_index/parent_prefix_path/ros2_socketcan
[0.255s] -- Up-to-date symlink: /home/serhat/workspace/install/ros2_socketcan/share/ros2_socketcan/environment/ament_prefix_path.sh
[0.255s] -- Up-to-date symlink: /home/serhat/workspace/install/ros2_socketcan/share/ros2_socketcan/environment/ament_prefix_path.dsv
[0.255s] -- Up-to-date symlink: /home/serhat/workspace/install/ros2_socketcan/share/ros2_socketcan/environment/path.sh
[0.255s] -- Up-to-date symlink: /home/serhat/workspace/install/ros2_socketcan/share/ros2_socketcan/environment/path.dsv
[0.255s] -- Up-to-date symlink: /home/serhat/workspace/install/ros2_socketcan/share/ros2_socketcan/local_setup.bash
[0.256s] -- Up-to-date symlink: /home/serhat/workspace/install/ros2_socketcan/share/ros2_socketcan/local_setup.sh
[0.256s] -- Up-to-date symlink: /home/serhat/workspace/install/ros2_socketcan/share/ros2_socketcan/local_setup.zsh
[0.256s] -- Up-to-date symlink: /home/serhat/workspace/install/ros2_socketcan/share/ros2_socketcan/local_setup.dsv
[0.256s] -- Symlinking: /home/serhat/workspace/install/ros2_socketcan/share/ros2_socketcan/package.dsv
[0.265s] -- Up-to-date symlink: /home/serhat/workspace/install/ros2_socketcan/share/ament_index/resource_index/packages/ros2_socketcan
[0.265s] -- Up-to-date symlink: /home/serhat/workspace/install/ros2_socketcan/share/ament_index/resource_index/rclcpp_components/ros2_socketcan
[0.265s] -- Up-to-date symlink: /home/serhat/workspace/install/ros2_socketcan/share/ros2_socketcan/cmake/ament_cmake_export_dependencies-extras.cmake
[0.265s] -- Up-to-date symlink: /home/serhat/workspace/install/ros2_socketcan/share/ros2_socketcan/cmake/ament_cmake_export_include_directories-extras.cmake
[0.266s] -- Up-to-date symlink: /home/serhat/workspace/install/ros2_socketcan/share/ros2_socketcan/cmake/ament_cmake_export_libraries-extras.cmake
[0.266s] -- Up-to-date symlink: /home/serhat/workspace/install/ros2_socketcan/share/ros2_socketcan/cmake/ros2_socketcanConfig.cmake
[0.266s] -- Up-to-date symlink: /home/serhat/workspace/install/ros2_socketcan/share/ros2_socketcan/cmake/ros2_socketcanConfig-version.cmake
[0.266s] -- Up-to-date symlink: /home/serhat/workspace/install/ros2_socketcan/share/ros2_socketcan/package.xml
[0.270s] Invoked command in '/home/serhat/workspace/build/ros2_socketcan' returned '0': AMENT_PREFIX_PATH=/home/serhat/workspace/install/ros2_socketcan_msgs:${AMENT_PREFIX_PATH} CMAKE_PREFIX_PATH=/home/serhat/workspace/install/ros2_socketcan_msgs:/home/serhat/workspace/install/usb_cam:/home/serhat/workspace/install/udemy_ros2_pkg:/home/serhat/workspace/install/canopen_tests:/home/serhat/workspace/install/canopen:/home/serhat/workspace/install/canopen_402_driver:/home/serhat/workspace/install/canopen_proxy_driver:/home/serhat/workspace/install/canopen_mock_slave:/home/serhat/workspace/install/canopen_base_driver:/home/serhat/workspace/install/canopen_core:/home/serhat/workspace/install/lely_core_libraries:/home/serhat/workspace/install/canopen_interfaces:/home/serhat/workspace/install/canopen_utils:/opt/ros/humble LD_LIBRARY_PATH=/home/serhat/workspace/install/ros2_socketcan_msgs/lib:${LD_LIBRARY_PATH} PYTHONPATH=/home/serhat/workspace/install/ros2_socketcan_msgs/local/lib/python3.10/dist-packages:${PYTHONPATH} /usr/bin/cmake --install /home/serhat/workspace/build/ros2_socketcan
