[0.011s] Invoking command in '/home/serhat/workspaces/ros2_cpp_ws/src/build/usb_cam': CMAKE_PREFIX_PATH=${CMAKE_PREFIX_PATH}:/opt/ros/humble /usr/bin/cmake /home/serhat/workspaces/ros2_cpp_ws/src/usb_cam -DCMAKE_INSTALL_PREFIX=/home/serhat/workspaces/ros2_cpp_ws/src/install/usb_cam
[0.092s] -- The C compiler identification is GNU 11.3.0
[0.183s] -- The CXX compiler identification is GNU 11.3.0
[0.192s] -- Detecting C compiler ABI info
[0.282s] -- Detecting C compiler ABI info - done
[0.289s] -- Check for working C compiler: /usr/bin/cc - skipped
[0.289s] -- Detecting C compile features
[0.296s] -- Detecting C compile features - done
[0.299s] -- Detecting CXX compiler ABI info
[0.380s] -- Detecting CXX compiler ABI info - done
[0.387s] -- Check for working CXX compiler: /usr/bin/c++ - skipped
[0.388s] -- Detecting CXX compile features
[0.388s] -- Detecting CXX compile features - done
[0.412s] -- Found ament_cmake_auto: 1.3.3 (/opt/ros/humble/share/ament_cmake_auto/cmake)
[0.607s] -- Found Python3: /usr/bin/python3.10 (found version "3.10.6") found components: Interpreter 
[0.807s] -- Found rosidl_generator_c: 3.1.4 (/opt/ros/humble/share/rosidl_generator_c/cmake)
[0.825s] -- Found rosidl_adapter: 3.1.4 (/opt/ros/humble/share/rosidl_adapter/cmake)
[0.836s] -- Found rosidl_generator_cpp: 3.1.4 (/opt/ros/humble/share/rosidl_generator_cpp/cmake)
[0.849s] -- Using all available rosidl_typesupport_c: rosidl_typesupport_fastrtps_c;rosidl_typesupport_introspection_c
[0.870s] -- Using all available rosidl_typesupport_cpp: rosidl_typesupport_fastrtps_cpp;rosidl_typesupport_introspection_cpp
[1.203s] -- Found rmw_implementation_cmake: 6.1.1 (/opt/ros/humble/share/rmw_implementation_cmake/cmake)
[1.205s] -- Found rmw_fastrtps_cpp: 6.2.2 (/opt/ros/humble/share/rmw_fastrtps_cpp/cmake)
[1.400s] -- Found OpenSSL: /usr/lib/x86_64-linux-gnu/libcrypto.so (found version "3.0.2")  
[1.429s] -- Found FastRTPS: /opt/ros/humble/include  
[1.478s] -- Using RMW implementation 'rmw_fastrtps_cpp' as default
[1.495s] -- Looking for pthread.h
[1.622s] -- Looking for pthread.h - found
[1.623s] -- Performing Test CMAKE_HAVE_LIBC_PTHREAD
[1.743s] -- Performing Test CMAKE_HAVE_LIBC_PTHREAD - Success
[1.744s] -- Found Threads: TRUE  
[2.550s] -- Found OpenCV: /usr (found version "4.5.4") 
[2.553s] -- Found PkgConfig: /usr/bin/pkg-config (found version "0.29.2") 
[2.554s] -- Checking for module 'libavcodec'
[2.660s] --   Found libavcodec, version 58.134.100
[2.746s] -- Checking for module 'libavutil'
[2.772s] --   Found libavutil, version 56.70.100
[2.835s] -- Checking for module 'libswscale'
[2.893s] --   Found libswscale, version 5.9.100
[3.036s] -- Found ament_lint_auto: 0.12.5 (/opt/ros/humble/share/ament_lint_auto/cmake)
[3.084s] -- Found gtest sources under '/opt/ros/humble/src/gtest_vendor': C++ tests using 'Google Test' will be built
[3.107s] -- Added test 'copyright' to check source files copyright and LICENSE
[3.111s] -- Added test 'cppcheck' to perform static code analysis on C / C++ code
[3.112s] -- Configured cppcheck include dirs: /home/serhat/workspaces/ros2_cpp_ws/src/usb_cam/include
[3.112s] -- Configured cppcheck exclude dirs and/or files: 
[3.116s] -- Added test 'cpplint' to check C / C++ code against the Google style
[3.116s] -- Configured cpplint exclude dirs and/or files: 
[3.117s] -- Added test 'flake8' to check Python code syntax and style conventions
[3.118s] -- Added test 'lint_cmake' to check CMake code style
[3.119s] -- Added test 'pep257' to check Python code against some of the docstring style conventions in PEP 257
[3.123s] -- Added test 'uncrustify' to check C / C++ code style
[3.123s] -- Configured uncrustify additional arguments: 
[3.123s] -- Added test 'xmllint' to check XML markup files
[3.126s] -- Configuring done
[3.155s] -- Generating done
[3.157s] -- Build files have been written to: /home/serhat/workspaces/ros2_cpp_ws/src/build/usb_cam
[3.170s] Invoked command in '/home/serhat/workspaces/ros2_cpp_ws/src/build/usb_cam' returned '0': CMAKE_PREFIX_PATH=${CMAKE_PREFIX_PATH}:/opt/ros/humble /usr/bin/cmake /home/serhat/workspaces/ros2_cpp_ws/src/usb_cam -DCMAKE_INSTALL_PREFIX=/home/serhat/workspaces/ros2_cpp_ws/src/install/usb_cam
[3.170s] Invoking command in '/home/serhat/workspaces/ros2_cpp_ws/src/build/usb_cam': CMAKE_PREFIX_PATH=${CMAKE_PREFIX_PATH}:/opt/ros/humble /usr/bin/cmake --build /home/serhat/workspaces/ros2_cpp_ws/src/build/usb_cam -- -j12 -l12
[3.215s] [  7%] [32mBuilding CXX object CMakeFiles/usb_cam.dir/src/usb_cam.cpp.o[0m
[3.215s] [ 21%] [32mBuilding CXX object gtest/CMakeFiles/gtest_main.dir/src/gtest_main.cc.o[0m
[3.215s] [ 21%] [32mBuilding CXX object CMakeFiles/usb_cam_node_exe.dir/rclcpp_components/node_main_usb_cam_node_exe.cpp.o[0m
[3.215s] [ 28%] [32mBuilding CXX object gtest/CMakeFiles/gtest.dir/src/gtest-all.cc.o[0m
[3.940s] [ 35%] [32m[1mLinking CXX static library libgtest_main.a[0m
[4.072s] [ 35%] Built target gtest_main
[4.433s] [ 42%] [32m[1mLinking CXX shared library libusb_cam.so[0m
[4.637s] [ 42%] Built target usb_cam
[4.658s] [ 50%] [32mBuilding CXX object CMakeFiles/usb_cam_node.dir/src/usb_cam_node.cpp.o[0m
[6.383s] [ 57%] [32m[1mLinking CXX static library libgtest.a[0m
[6.432s] [ 64%] [32m[1mLinking CXX executable usb_cam_node_exe[0m
[6.475s] [ 64%] Built target gtest
[6.496s] [ 78%] [32mBuilding CXX object CMakeFiles/test_usb_cam_lib.dir/test/test_usb_cam_lib.cpp.o[0m
[6.496s] [ 78%] [32mBuilding CXX object CMakeFiles/test_usb_cam_utils.dir/test/test_usb_cam_utils.cpp.o[0m
[6.602s] [ 78%] Built target usb_cam_node_exe
[7.515s] [ 92%] [32m[1mLinking CXX executable test_usb_cam_lib[0m
[7.515s] [ 92%] [32m[1mLinking CXX executable test_usb_cam_utils[0m
[7.799s] [ 92%] Built target test_usb_cam_utils
[7.847s] [ 92%] Built target test_usb_cam_lib
[9.197s] [100%] [32m[1mLinking CXX shared library libusb_cam_node.so[0m
[9.462s] [100%] Built target usb_cam_node
[9.473s] Invoked command in '/home/serhat/workspaces/ros2_cpp_ws/src/build/usb_cam' returned '0': CMAKE_PREFIX_PATH=${CMAKE_PREFIX_PATH}:/opt/ros/humble /usr/bin/cmake --build /home/serhat/workspaces/ros2_cpp_ws/src/build/usb_cam -- -j12 -l12
[9.517s] Invoking command in '/home/serhat/workspaces/ros2_cpp_ws/src/build/usb_cam': CMAKE_PREFIX_PATH=${CMAKE_PREFIX_PATH}:/opt/ros/humble /usr/bin/cmake --install /home/serhat/workspaces/ros2_cpp_ws/src/build/usb_cam
[9.523s] -- Install configuration: ""
[9.523s] -- Installing: /home/serhat/workspaces/ros2_cpp_ws/src/install/usb_cam/share/usb_cam/environment/library_path.sh
[9.523s] -- Installing: /home/serhat/workspaces/ros2_cpp_ws/src/install/usb_cam/share/usb_cam/environment/library_path.dsv
[9.524s] -- Installing: /home/serhat/workspaces/ros2_cpp_ws/src/install/usb_cam/lib/usb_cam/usb_cam_node_exe
[9.524s] -- Set runtime path of "/home/serhat/workspaces/ros2_cpp_ws/src/install/usb_cam/lib/usb_cam/usb_cam_node_exe" to ""
[9.525s] -- Installing: /home/serhat/workspaces/ros2_cpp_ws/src/install/usb_cam/lib/usb_cam/show_image.py
[9.525s] -- Installing: /home/serhat/workspaces/ros2_cpp_ws/src/install/usb_cam/lib/libusb_cam.so
[9.525s] -- Installing: /home/serhat/workspaces/ros2_cpp_ws/src/install/usb_cam/lib/libusb_cam_node.so
[9.528s] -- Set runtime path of "/home/serhat/workspaces/ros2_cpp_ws/src/install/usb_cam/lib/libusb_cam_node.so" to ""
[9.529s] -- Installing: /home/serhat/workspaces/ros2_cpp_ws/src/install/usb_cam/include
[9.529s] -- Installing: /home/serhat/workspaces/ros2_cpp_ws/src/install/usb_cam/include/usb_cam
[9.529s] -- Installing: /home/serhat/workspaces/ros2_cpp_ws/src/install/usb_cam/include/usb_cam/conversions.hpp
[9.529s] -- Installing: /home/serhat/workspaces/ros2_cpp_ws/src/install/usb_cam/include/usb_cam/usb_cam_node.hpp
[9.529s] -- Installing: /home/serhat/workspaces/ros2_cpp_ws/src/install/usb_cam/include/usb_cam/utils.hpp
[9.529s] -- Installing: /home/serhat/workspaces/ros2_cpp_ws/src/install/usb_cam/include/usb_cam/constants.hpp
[9.529s] -- Installing: /home/serhat/workspaces/ros2_cpp_ws/src/install/usb_cam/include/usb_cam/usb_cam.hpp
[9.529s] -- Up-to-date: /home/serhat/workspaces/ros2_cpp_ws/src/install/usb_cam/lib/libusb_cam_node.so
[9.530s] -- Installing: /home/serhat/workspaces/ros2_cpp_ws/src/install/usb_cam/share/usb_cam/launch
[9.530s] -- Installing: /home/serhat/workspaces/ros2_cpp_ws/src/install/usb_cam/share/usb_cam/launch/demo_launch.py
[9.530s] -- Installing: /home/serhat/workspaces/ros2_cpp_ws/src/install/usb_cam/share/usb_cam/config
[9.530s] -- Installing: /home/serhat/workspaces/ros2_cpp_ws/src/install/usb_cam/share/usb_cam/config/camera_info.yaml
[9.530s] -- Installing: /home/serhat/workspaces/ros2_cpp_ws/src/install/usb_cam/share/usb_cam/config/params.yaml
[9.530s] -- Installing: /home/serhat/workspaces/ros2_cpp_ws/src/install/usb_cam/share/ament_index/resource_index/package_run_dependencies/usb_cam
[9.531s] -- Installing: /home/serhat/workspaces/ros2_cpp_ws/src/install/usb_cam/share/ament_index/resource_index/parent_prefix_path/usb_cam
[9.531s] -- Installing: /home/serhat/workspaces/ros2_cpp_ws/src/install/usb_cam/share/usb_cam/environment/ament_prefix_path.sh
[9.531s] -- Installing: /home/serhat/workspaces/ros2_cpp_ws/src/install/usb_cam/share/usb_cam/environment/ament_prefix_path.dsv
[9.531s] -- Installing: /home/serhat/workspaces/ros2_cpp_ws/src/install/usb_cam/share/usb_cam/environment/path.sh
[9.531s] -- Installing: /home/serhat/workspaces/ros2_cpp_ws/src/install/usb_cam/share/usb_cam/environment/path.dsv
[9.531s] -- Installing: /home/serhat/workspaces/ros2_cpp_ws/src/install/usb_cam/share/usb_cam/local_setup.bash
[9.531s] -- Installing: /home/serhat/workspaces/ros2_cpp_ws/src/install/usb_cam/share/usb_cam/local_setup.sh
[9.532s] -- Installing: /home/serhat/workspaces/ros2_cpp_ws/src/install/usb_cam/share/usb_cam/local_setup.zsh
[9.532s] -- Installing: /home/serhat/workspaces/ros2_cpp_ws/src/install/usb_cam/share/usb_cam/local_setup.dsv
[9.532s] -- Installing: /home/serhat/workspaces/ros2_cpp_ws/src/install/usb_cam/share/usb_cam/package.dsv
[9.532s] -- Installing: /home/serhat/workspaces/ros2_cpp_ws/src/install/usb_cam/share/ament_index/resource_index/packages/usb_cam
[9.532s] -- Installing: /home/serhat/workspaces/ros2_cpp_ws/src/install/usb_cam/share/ament_index/resource_index/rclcpp_components/usb_cam
[9.532s] -- Installing: /home/serhat/workspaces/ros2_cpp_ws/src/install/usb_cam/share/usb_cam/cmake/ament_cmake_export_libraries-extras.cmake
[9.532s] -- Installing: /home/serhat/workspaces/ros2_cpp_ws/src/install/usb_cam/share/usb_cam/cmake/ament_cmake_export_dependencies-extras.cmake
[9.532s] -- Installing: /home/serhat/workspaces/ros2_cpp_ws/src/install/usb_cam/share/usb_cam/cmake/ament_cmake_export_include_directories-extras.cmake
[9.533s] -- Installing: /home/serhat/workspaces/ros2_cpp_ws/src/install/usb_cam/share/usb_cam/cmake/usb_camConfig.cmake
[9.533s] -- Installing: /home/serhat/workspaces/ros2_cpp_ws/src/install/usb_cam/share/usb_cam/cmake/usb_camConfig-version.cmake
[9.533s] -- Installing: /home/serhat/workspaces/ros2_cpp_ws/src/install/usb_cam/share/usb_cam/package.xml
[9.535s] Invoked command in '/home/serhat/workspaces/ros2_cpp_ws/src/build/usb_cam' returned '0': CMAKE_PREFIX_PATH=${CMAKE_PREFIX_PATH}:/opt/ros/humble /usr/bin/cmake --install /home/serhat/workspaces/ros2_cpp_ws/src/build/usb_cam
