-- The C compiler identification is GNU 11.3.0
-- The CXX compiler identification is GNU 11.3.0
-- Detecting C compiler ABI info
-- Detecting C compiler ABI info - done
-- Check for working C compiler: /usr/bin/cc - skipped
-- Detecting C compile features
-- Detecting C compile features - done
-- Detecting CXX compiler ABI info
-- Detecting CXX compiler ABI info - done
-- Check for working CXX compiler: /usr/bin/c++ - skipped
-- Detecting CXX compile features
-- Detecting CXX compile features - done
-- Found ament_cmake: 1.3.3 (/opt/ros/humble/share/ament_cmake/cmake)
-- Found Python3: /usr/bin/python3.10 (found version "3.10.6") found components: Interpreter 
-- Found rclcpp: 16.0.3 (/opt/ros/humble/share/rclcpp/cmake)
-- Found rosidl_generator_c: 3.1.4 (/opt/ros/humble/share/rosidl_generator_c/cmake)
-- Found rosidl_adapter: 3.1.4 (/opt/ros/humble/share/rosidl_adapter/cmake)
-- Found rosidl_generator_cpp: 3.1.4 (/opt/ros/humble/share/rosidl_generator_cpp/cmake)
-- Using all available rosidl_typesupport_c: rosidl_typesupport_fastrtps_c;rosidl_typesupport_introspection_c
-- Using all available rosidl_typesupport_cpp: rosidl_typesupport_fastrtps_cpp;rosidl_typesupport_introspection_cpp
-- Found rmw_implementation_cmake: 6.1.1 (/opt/ros/humble/share/rmw_implementation_cmake/cmake)
-- Found rmw_fastrtps_cpp: 6.2.2 (/opt/ros/humble/share/rmw_fastrtps_cpp/cmake)
-- Found OpenSSL: /usr/lib/x86_64-linux-gnu/libcrypto.so (found version "3.0.2")  
-- Found FastRTPS: /opt/ros/humble/include  
-- Using RMW implementation 'rmw_fastrtps_cpp' as default
-- Looking for pthread.h
-- Looking for pthread.h - found
-- Performing Test CMAKE_HAVE_LIBC_PTHREAD
-- Performing Test CMAKE_HAVE_LIBC_PTHREAD - Success
-- Found Threads: TRUE  
-- Found lely_core_libraries: 0.0.1 (/home/serhat/workspace/install/lely_core_libraries/share/lely_core_libraries/cmake)
-- Found rclcpp_lifecycle: 16.0.3 (/opt/ros/humble/share/rclcpp_lifecycle/cmake)
-- Found ament_lint_auto: 0.12.5 (/opt/ros/humble/share/ament_lint_auto/cmake)
-- Configuring done
-- Generating done
-- Build files have been written to: /home/serhat/workspace/build/canopen_mock_slave
[ 50%] [32mBuilding CXX object CMakeFiles/basic_slave_node.dir/src/basic_slave.cpp.o[0m
[ 50%] [32mBuilding CXX object CMakeFiles/cia402_slave_node.dir/src/cia402_slave.cpp.o[0m
[ 75%] [32m[1mLinking CXX executable basic_slave_node[0m
[100%] [32m[1mLinking CXX executable cia402_slave_node[0m
[100%] Built target basic_slave_node
[100%] Built target cia402_slave_node
-- Install configuration: ""
-- Installing: /home/serhat/workspace/install/canopen_mock_slave/lib/canopen_mock_slave/basic_slave_node
-- Set runtime path of "/home/serhat/workspace/install/canopen_mock_slave/lib/canopen_mock_slave/basic_slave_node" to ""
-- Installing: /home/serhat/workspace/install/canopen_mock_slave/lib/canopen_mock_slave/cia402_slave_node
-- Set runtime path of "/home/serhat/workspace/install/canopen_mock_slave/lib/canopen_mock_slave/cia402_slave_node" to ""
-- Installing: /home/serhat/workspace/install/canopen_mock_slave/share/canopen_mock_slave/launch/
-- Installing: /home/serhat/workspace/install/canopen_mock_slave/share/canopen_mock_slave/launch//basic_slave.launch.py
-- Installing: /home/serhat/workspace/install/canopen_mock_slave/share/canopen_mock_slave/launch//cia402_slave.launch.py
-- Installing: /home/serhat/workspace/install/canopen_mock_slave/share/canopen_mock_slave/config/
-- Installing: /home/serhat/workspace/install/canopen_mock_slave/share/canopen_mock_slave/config//cia402_slave.eds
-- Installing: /home/serhat/workspace/install/canopen_mock_slave/share/canopen_mock_slave/config//simple_slave.eds
-- Installing: /home/serhat/workspace/install/canopen_mock_slave/share/ament_index/resource_index/package_run_dependencies/canopen_mock_slave
-- Installing: /home/serhat/workspace/install/canopen_mock_slave/share/ament_index/resource_index/parent_prefix_path/canopen_mock_slave
-- Installing: /home/serhat/workspace/install/canopen_mock_slave/share/canopen_mock_slave/environment/ament_prefix_path.sh
-- Installing: /home/serhat/workspace/install/canopen_mock_slave/share/canopen_mock_slave/environment/ament_prefix_path.dsv
-- Installing: /home/serhat/workspace/install/canopen_mock_slave/share/canopen_mock_slave/environment/path.sh
-- Installing: /home/serhat/workspace/install/canopen_mock_slave/share/canopen_mock_slave/environment/path.dsv
-- Installing: /home/serhat/workspace/install/canopen_mock_slave/share/canopen_mock_slave/local_setup.bash
-- Installing: /home/serhat/workspace/install/canopen_mock_slave/share/canopen_mock_slave/local_setup.sh
-- Installing: /home/serhat/workspace/install/canopen_mock_slave/share/canopen_mock_slave/local_setup.zsh
-- Installing: /home/serhat/workspace/install/canopen_mock_slave/share/canopen_mock_slave/local_setup.dsv
-- Installing: /home/serhat/workspace/install/canopen_mock_slave/share/canopen_mock_slave/package.dsv
-- Installing: /home/serhat/workspace/install/canopen_mock_slave/share/ament_index/resource_index/packages/canopen_mock_slave
-- Installing: /home/serhat/workspace/install/canopen_mock_slave/share/canopen_mock_slave/cmake/canopen_mock_slaveConfig.cmake
-- Installing: /home/serhat/workspace/install/canopen_mock_slave/share/canopen_mock_slave/cmake/canopen_mock_slaveConfig-version.cmake
-- Installing: /home/serhat/workspace/install/canopen_mock_slave/share/canopen_mock_slave/package.xml
