[0.015s] Invoking command in '/home/serhat/workspace/build/canopen_mock_slave': AMENT_PREFIX_PATH=/home/serhat/workspace/install/lely_core_libraries:${AMENT_PREFIX_PATH} CMAKE_PREFIX_PATH=/home/serhat/workspace/install/lely_core_libraries:/opt/ros/humble LD_LIBRARY_PATH=/home/serhat/workspace/install/lely_core_libraries/lib:${LD_LIBRARY_PATH} PATH=/home/serhat/workspace/install/lely_core_libraries/bin:${PATH} PYTHONPATH=/home/serhat/workspace/install/lely_core_libraries/lib/python3.10/site-packages:${PYTHONPATH} /usr/bin/cmake /home/serhat/workspace/ros2_canopen/canopen_mock_slave -DCMAKE_INSTALL_PREFIX=/home/serhat/workspace/install/canopen_mock_slave
[0.076s] -- The C compiler identification is GNU 11.3.0
[0.152s] -- The CXX compiler identification is GNU 11.3.0
[0.160s] -- Detecting C compiler ABI info
[0.241s] -- Detecting C compiler ABI info - done
[0.252s] -- Check for working C compiler: /usr/bin/cc - skipped
[0.252s] -- Detecting C compile features
[0.253s] -- Detecting C compile features - done
[0.258s] -- Detecting CXX compiler ABI info
[0.356s] -- Detecting CXX compiler ABI info - done
[0.365s] -- Check for working CXX compiler: /usr/bin/c++ - skipped
[0.365s] -- Detecting CXX compile features
[0.366s] -- Detecting CXX compile features - done
[0.370s] -- Found ament_cmake: 1.3.3 (/opt/ros/humble/share/ament_cmake/cmake)
[0.577s] -- Found Python3: /usr/bin/python3.10 (found version "3.10.6") found components: Interpreter 
[0.722s] -- Found rclcpp: 16.0.3 (/opt/ros/humble/share/rclcpp/cmake)
[0.821s] -- Found rosidl_generator_c: 3.1.4 (/opt/ros/humble/share/rosidl_generator_c/cmake)
[0.828s] -- Found rosidl_adapter: 3.1.4 (/opt/ros/humble/share/rosidl_adapter/cmake)
[0.841s] -- Found rosidl_generator_cpp: 3.1.4 (/opt/ros/humble/share/rosidl_generator_cpp/cmake)
[0.858s] -- Using all available rosidl_typesupport_c: rosidl_typesupport_fastrtps_c;rosidl_typesupport_introspection_c
[0.883s] -- Using all available rosidl_typesupport_cpp: rosidl_typesupport_fastrtps_cpp;rosidl_typesupport_introspection_cpp
[1.097s] -- Found rmw_implementation_cmake: 6.1.1 (/opt/ros/humble/share/rmw_implementation_cmake/cmake)
[1.136s] -- Found rmw_fastrtps_cpp: 6.2.2 (/opt/ros/humble/share/rmw_fastrtps_cpp/cmake)
[1.676s] -- Found OpenSSL: /usr/lib/x86_64-linux-gnu/libcrypto.so (found version "3.0.2")  
[1.764s] -- Found FastRTPS: /opt/ros/humble/include  
[1.837s] -- Using RMW implementation 'rmw_fastrtps_cpp' as default
[1.909s] -- Looking for pthread.h
[2.061s] -- Looking for pthread.h - found
[2.061s] -- Performing Test CMAKE_HAVE_LIBC_PTHREAD
[2.147s] -- Performing Test CMAKE_HAVE_LIBC_PTHREAD - Success
[2.148s] -- Found Threads: TRUE  
[2.470s] -- Found lely_core_libraries: 0.0.1 (/home/serhat/workspace/install/lely_core_libraries/share/lely_core_libraries/cmake)
[2.486s] -- Found rclcpp_lifecycle: 16.0.3 (/opt/ros/humble/share/rclcpp_lifecycle/cmake)
[2.744s] -- Found ament_lint_auto: 0.12.5 (/opt/ros/humble/share/ament_lint_auto/cmake)
[2.817s] -- Configuring done
[2.840s] -- Generating done
[2.842s] -- Build files have been written to: /home/serhat/workspace/build/canopen_mock_slave
[2.853s] Invoked command in '/home/serhat/workspace/build/canopen_mock_slave' returned '0': AMENT_PREFIX_PATH=/home/serhat/workspace/install/lely_core_libraries:${AMENT_PREFIX_PATH} CMAKE_PREFIX_PATH=/home/serhat/workspace/install/lely_core_libraries:/opt/ros/humble LD_LIBRARY_PATH=/home/serhat/workspace/install/lely_core_libraries/lib:${LD_LIBRARY_PATH} PATH=/home/serhat/workspace/install/lely_core_libraries/bin:${PATH} PYTHONPATH=/home/serhat/workspace/install/lely_core_libraries/lib/python3.10/site-packages:${PYTHONPATH} /usr/bin/cmake /home/serhat/workspace/ros2_canopen/canopen_mock_slave -DCMAKE_INSTALL_PREFIX=/home/serhat/workspace/install/canopen_mock_slave
[2.855s] Invoking command in '/home/serhat/workspace/build/canopen_mock_slave': AMENT_PREFIX_PATH=/home/serhat/workspace/install/lely_core_libraries:${AMENT_PREFIX_PATH} CMAKE_PREFIX_PATH=/home/serhat/workspace/install/lely_core_libraries:/opt/ros/humble LD_LIBRARY_PATH=/home/serhat/workspace/install/lely_core_libraries/lib:${LD_LIBRARY_PATH} PATH=/home/serhat/workspace/install/lely_core_libraries/bin:${PATH} PYTHONPATH=/home/serhat/workspace/install/lely_core_libraries/lib/python3.10/site-packages:${PYTHONPATH} /usr/bin/cmake --build /home/serhat/workspace/build/canopen_mock_slave -- -j12 -l12
[2.911s] [ 50%] [32mBuilding CXX object CMakeFiles/basic_slave_node.dir/src/basic_slave.cpp.o[0m
[2.911s] [ 50%] [32mBuilding CXX object CMakeFiles/cia402_slave_node.dir/src/cia402_slave.cpp.o[0m
[8.217s] [ 75%] [32m[1mLinking CXX executable basic_slave_node[0m
[8.298s] [100%] [32m[1mLinking CXX executable cia402_slave_node[0m
[8.579s] [100%] Built target basic_slave_node
[8.581s] [100%] Built target cia402_slave_node
[8.597s] Invoked command in '/home/serhat/workspace/build/canopen_mock_slave' returned '0': AMENT_PREFIX_PATH=/home/serhat/workspace/install/lely_core_libraries:${AMENT_PREFIX_PATH} CMAKE_PREFIX_PATH=/home/serhat/workspace/install/lely_core_libraries:/opt/ros/humble LD_LIBRARY_PATH=/home/serhat/workspace/install/lely_core_libraries/lib:${LD_LIBRARY_PATH} PATH=/home/serhat/workspace/install/lely_core_libraries/bin:${PATH} PYTHONPATH=/home/serhat/workspace/install/lely_core_libraries/lib/python3.10/site-packages:${PYTHONPATH} /usr/bin/cmake --build /home/serhat/workspace/build/canopen_mock_slave -- -j12 -l12
[8.637s] Invoking command in '/home/serhat/workspace/build/canopen_mock_slave': AMENT_PREFIX_PATH=/home/serhat/workspace/install/lely_core_libraries:${AMENT_PREFIX_PATH} CMAKE_PREFIX_PATH=/home/serhat/workspace/install/lely_core_libraries:/opt/ros/humble LD_LIBRARY_PATH=/home/serhat/workspace/install/lely_core_libraries/lib:${LD_LIBRARY_PATH} PATH=/home/serhat/workspace/install/lely_core_libraries/bin:${PATH} PYTHONPATH=/home/serhat/workspace/install/lely_core_libraries/lib/python3.10/site-packages:${PYTHONPATH} /usr/bin/cmake --install /home/serhat/workspace/build/canopen_mock_slave
[8.646s] -- Install configuration: ""
[8.647s] -- Installing: /home/serhat/workspace/install/canopen_mock_slave/lib/canopen_mock_slave/basic_slave_node
[8.648s] -- Set runtime path of "/home/serhat/workspace/install/canopen_mock_slave/lib/canopen_mock_slave/basic_slave_node" to ""
[8.648s] -- Installing: /home/serhat/workspace/install/canopen_mock_slave/lib/canopen_mock_slave/cia402_slave_node
[8.649s] -- Set runtime path of "/home/serhat/workspace/install/canopen_mock_slave/lib/canopen_mock_slave/cia402_slave_node" to ""
[8.649s] -- Installing: /home/serhat/workspace/install/canopen_mock_slave/share/canopen_mock_slave/launch/
[8.650s] -- Installing: /home/serhat/workspace/install/canopen_mock_slave/share/canopen_mock_slave/launch//basic_slave.launch.py
[8.650s] -- Installing: /home/serhat/workspace/install/canopen_mock_slave/share/canopen_mock_slave/launch//cia402_slave.launch.py
[8.650s] -- Installing: /home/serhat/workspace/install/canopen_mock_slave/share/canopen_mock_slave/config/
[8.650s] -- Installing: /home/serhat/workspace/install/canopen_mock_slave/share/canopen_mock_slave/config//cia402_slave.eds
[8.650s] -- Installing: /home/serhat/workspace/install/canopen_mock_slave/share/canopen_mock_slave/config//simple_slave.eds
[8.651s] -- Installing: /home/serhat/workspace/install/canopen_mock_slave/share/ament_index/resource_index/package_run_dependencies/canopen_mock_slave
[8.651s] -- Installing: /home/serhat/workspace/install/canopen_mock_slave/share/ament_index/resource_index/parent_prefix_path/canopen_mock_slave
[8.651s] -- Installing: /home/serhat/workspace/install/canopen_mock_slave/share/canopen_mock_slave/environment/ament_prefix_path.sh
[8.651s] -- Installing: /home/serhat/workspace/install/canopen_mock_slave/share/canopen_mock_slave/environment/ament_prefix_path.dsv
[8.652s] -- Installing: /home/serhat/workspace/install/canopen_mock_slave/share/canopen_mock_slave/environment/path.sh
[8.652s] -- Installing: /home/serhat/workspace/install/canopen_mock_slave/share/canopen_mock_slave/environment/path.dsv
[8.652s] -- Installing: /home/serhat/workspace/install/canopen_mock_slave/share/canopen_mock_slave/local_setup.bash
[8.653s] -- Installing: /home/serhat/workspace/install/canopen_mock_slave/share/canopen_mock_slave/local_setup.sh
[8.653s] -- Installing: /home/serhat/workspace/install/canopen_mock_slave/share/canopen_mock_slave/local_setup.zsh
[8.653s] -- Installing: /home/serhat/workspace/install/canopen_mock_slave/share/canopen_mock_slave/local_setup.dsv
[8.653s] -- Installing: /home/serhat/workspace/install/canopen_mock_slave/share/canopen_mock_slave/package.dsv
[8.654s] -- Installing: /home/serhat/workspace/install/canopen_mock_slave/share/ament_index/resource_index/packages/canopen_mock_slave
[8.654s] -- Installing: /home/serhat/workspace/install/canopen_mock_slave/share/canopen_mock_slave/cmake/canopen_mock_slaveConfig.cmake
[8.654s] -- Installing: /home/serhat/workspace/install/canopen_mock_slave/share/canopen_mock_slave/cmake/canopen_mock_slaveConfig-version.cmake
[8.654s] -- Installing: /home/serhat/workspace/install/canopen_mock_slave/share/canopen_mock_slave/package.xml
[8.663s] Invoked command in '/home/serhat/workspace/build/canopen_mock_slave' returned '0': AMENT_PREFIX_PATH=/home/serhat/workspace/install/lely_core_libraries:${AMENT_PREFIX_PATH} CMAKE_PREFIX_PATH=/home/serhat/workspace/install/lely_core_libraries:/opt/ros/humble LD_LIBRARY_PATH=/home/serhat/workspace/install/lely_core_libraries/lib:${LD_LIBRARY_PATH} PATH=/home/serhat/workspace/install/lely_core_libraries/bin:${PATH} PYTHONPATH=/home/serhat/workspace/install/lely_core_libraries/lib/python3.10/site-packages:${PYTHONPATH} /usr/bin/cmake --install /home/serhat/workspace/build/canopen_mock_slave
