running develop
/usr/lib/python3/dist-packages/setuptools/command/easy_install.py:158: EasyInstallDeprecationWarning: easy_install command is deprecated. Use build and pip and other standards-based tools.
  warnings.warn(
/usr/lib/python3/dist-packages/setuptools/command/install.py:34: SetuptoolsDeprecationWarning: setup.py install is deprecated. Use build and pip and other standards-based tools.
  warnings.warn(
/usr/lib/python3/dist-packages/pkg_resources/__init__.py:116: PkgResourcesDeprecationWarning: 1.16.0-unknown is an invalid version and will not be supported in a future release
  warnings.warn(
/usr/lib/python3/dist-packages/pkg_resources/__init__.py:116: PkgResourcesDeprecationWarning: 1.1build1 is an invalid version and will not be supported in a future release
  warnings.warn(
/usr/lib/python3/dist-packages/pkg_resources/__init__.py:116: PkgResourcesDeprecationWarning: 0.1.43ubuntu1 is an invalid version and will not be supported in a future release
  warnings.warn(
running egg_info
creating canopen_utils.egg-info
writing canopen_utils.egg-info/PKG-INFO
writing dependency_links to canopen_utils.egg-info/dependency_links.txt
writing entry points to canopen_utils.egg-info/entry_points.txt
writing requirements to canopen_utils.egg-info/requires.txt
writing top-level names to canopen_utils.egg-info/top_level.txt
writing manifest file 'canopen_utils.egg-info/SOURCES.txt'
reading manifest file 'canopen_utils.egg-info/SOURCES.txt'
writing manifest file 'canopen_utils.egg-info/SOURCES.txt'
running build_ext
Creating /home/serhat/workspace/install/canopen_utils/lib/python3.10/site-packages/canopen-utils.egg-link (link to .)
Installing cyclic_tester script to /home/serhat/workspace/install/canopen_utils/lib/canopen_utils

Installed /home/serhat/workspace/build/canopen_utils
running install_data
