[0.089s] Invoking command in '/home/serhat/workspaces/ros2_cpp_ws/build/usb_cam': CMAKE_PREFIX_PATH=${CMAKE_PREFIX_PATH}:/opt/ros/humble /usr/bin/cmake /home/serhat/workspaces/ros2_cpp_ws/src/usb_cam -DCMAKE_INSTALL_PREFIX=/home/serhat/workspaces/ros2_cpp_ws/install/usb_cam
[0.406s] -- Found ament_cmake_auto: 1.3.3 (/opt/ros/humble/share/ament_cmake_auto/cmake)
[0.648s] -- Override CMake install command with custom implementation using symlinks instead of copying resources
[1.170s] -- Found rosidl_generator_c: 3.1.4 (/opt/ros/humble/share/rosidl_generator_c/cmake)
[1.173s] -- Found rosidl_adapter: 3.1.4 (/opt/ros/humble/share/rosidl_adapter/cmake)
[1.182s] -- Found rosidl_generator_cpp: 3.1.4 (/opt/ros/humble/share/rosidl_generator_cpp/cmake)
[1.264s] -- Using all available rosidl_typesupport_c: rosidl_typesupport_fastrtps_c;rosidl_typesupport_introspection_c
[1.308s] -- Using all available rosidl_typesupport_cpp: rosidl_typesupport_fastrtps_cpp;rosidl_typesupport_introspection_cpp
[1.823s] -- Found rmw_implementation_cmake: 6.1.1 (/opt/ros/humble/share/rmw_implementation_cmake/cmake)
[1.824s] -- Found rmw_fastrtps_cpp: 6.2.2 (/opt/ros/humble/share/rmw_fastrtps_cpp/cmake)
[1.936s] -- Using RMW implementation 'rmw_fastrtps_cpp' as default
[2.765s] -- Found ament_lint_auto: 0.12.5 (/opt/ros/humble/share/ament_lint_auto/cmake)
[2.869s] -- Found gtest sources under '/opt/ros/humble/src/gtest_vendor': C++ tests using 'Google Test' will be built
[2.956s] -- Added test 'copyright' to check source files copyright and LICENSE
[2.971s] -- Added test 'cppcheck' to perform static code analysis on C / C++ code
[2.971s] -- Configured cppcheck include dirs: /home/serhat/workspaces/ros2_cpp_ws/src/usb_cam/include
[2.971s] -- Configured cppcheck exclude dirs and/or files: 
[2.975s] -- Added test 'cpplint' to check C / C++ code against the Google style
[2.975s] -- Configured cpplint exclude dirs and/or files: 
[2.976s] -- Added test 'flake8' to check Python code syntax and style conventions
[2.977s] -- Added test 'lint_cmake' to check CMake code style
[2.978s] -- Added test 'pep257' to check Python code against some of the docstring style conventions in PEP 257
[2.982s] -- Added test 'uncrustify' to check C / C++ code style
[2.982s] -- Configured uncrustify additional arguments: 
[2.983s] -- Added test 'xmllint' to check XML markup files
[3.035s] -- Configuring done
[3.187s] -- Generating done
[3.190s] -- Build files have been written to: /home/serhat/workspaces/ros2_cpp_ws/build/usb_cam
