[0.057s] Invoking command in '/home/serhat/workspace/build/canopen_interfaces': CMAKE_PREFIX_PATH=${CMAKE_PREFIX_PATH}:/home/serhat/workspace/install/canopen_utils:/opt/ros/humble /usr/bin/cmake --build /home/serhat/workspace/build/canopen_interfaces -- -j12 -l12
[0.132s] [ 11%] Built target canopen_interfaces__rosidl_generator_c
[0.134s] [ 12%] Built target canopen_interfaces__cpp
[0.152s] [ 12%] Built target ament_cmake_python_symlink_canopen_interfaces
[0.211s] [ 24%] Built target canopen_interfaces__rosidl_typesupport_introspection_c
[0.220s] [ 35%] Built target canopen_interfaces__rosidl_typesupport_c
[0.220s] [ 47%] Built target canopen_interfaces__rosidl_typesupport_fastrtps_c
[0.220s] [ 58%] Built target canopen_interfaces__rosidl_typesupport_cpp
[0.224s] [ 70%] Built target canopen_interfaces__rosidl_typesupport_fastrtps_cpp
[0.232s] [ 82%] Built target canopen_interfaces__rosidl_typesupport_introspection_cpp
[0.273s] [ 82%] Built target canopen_interfaces
[0.322s] [ 83%] Built target canopen_interfaces__py
[0.373s] [ 93%] Built target canopen_interfaces__rosidl_generator_py
[0.408s] [ 97%] Built target canopen_interfaces__rosidl_typesupport_introspection_c__pyext
[0.409s] [ 97%] Built target canopen_interfaces__rosidl_typesupport_c__pyext
[0.419s] [100%] Built target canopen_interfaces__rosidl_typesupport_fastrtps_c__pyext
[0.616s] running egg_info
[0.617s] writing canopen_interfaces.egg-info/PKG-INFO
[0.617s] writing dependency_links to canopen_interfaces.egg-info/dependency_links.txt
[0.617s] writing top-level names to canopen_interfaces.egg-info/top_level.txt
[0.620s] reading manifest file 'canopen_interfaces.egg-info/SOURCES.txt'
[0.621s] writing manifest file 'canopen_interfaces.egg-info/SOURCES.txt'
[0.654s] [100%] Built target ament_cmake_python_build_canopen_interfaces_egg
[0.669s] Invoked command in '/home/serhat/workspace/build/canopen_interfaces' returned '0': CMAKE_PREFIX_PATH=${CMAKE_PREFIX_PATH}:/home/serhat/workspace/install/canopen_utils:/opt/ros/humble /usr/bin/cmake --build /home/serhat/workspace/build/canopen_interfaces -- -j12 -l12
[0.998s] Invoking command in '/home/serhat/workspace/build/canopen_interfaces': CMAKE_PREFIX_PATH=${CMAKE_PREFIX_PATH}:/home/serhat/workspace/install/canopen_utils:/opt/ros/humble /usr/bin/cmake --install /home/serhat/workspace/build/canopen_interfaces
[1.007s] -- Install configuration: ""
[1.008s] -- Execute custom install script
[1.009s] -- Up-to-date symlink: /home/serhat/workspace/install/canopen_interfaces/share/ament_index/resource_index/rosidl_interfaces/canopen_interfaces
[1.010s] -- Up-to-date symlink: /home/serhat/workspace/install/canopen_interfaces/include/canopen_interfaces/canopen_interfaces/msg/co_data.h
[1.010s] -- Up-to-date symlink: /home/serhat/workspace/install/canopen_interfaces/include/canopen_interfaces/canopen_interfaces/msg/detail/co_data__functions.h
[1.010s] -- Up-to-date symlink: /home/serhat/workspace/install/canopen_interfaces/include/canopen_interfaces/canopen_interfaces/msg/detail/co_data__struct.h
[1.011s] -- Up-to-date symlink: /home/serhat/workspace/install/canopen_interfaces/include/canopen_interfaces/canopen_interfaces/msg/detail/co_data__type_support.h
[1.017s] -- Up-to-date symlink: /home/serhat/workspace/install/canopen_interfaces/include/canopen_interfaces/canopen_interfaces/msg/rosidl_generator_c__visibility_control.h
[1.018s] -- Up-to-date symlink: /home/serhat/workspace/install/canopen_interfaces/include/canopen_interfaces/canopen_interfaces/srv/co_heartbeat_id.h
[1.018s] -- Up-to-date symlink: /home/serhat/workspace/install/canopen_interfaces/include/canopen_interfaces/canopen_interfaces/srv/co_nmt_id.h
[1.018s] -- Up-to-date symlink: /home/serhat/workspace/install/canopen_interfaces/include/canopen_interfaces/canopen_interfaces/srv/co_node.h
[1.018s] -- Up-to-date symlink: /home/serhat/workspace/install/canopen_interfaces/include/canopen_interfaces/canopen_interfaces/srv/co_read.h
[1.019s] -- Up-to-date symlink: /home/serhat/workspace/install/canopen_interfaces/include/canopen_interfaces/canopen_interfaces/srv/co_read_id.h
[1.019s] -- Up-to-date symlink: /home/serhat/workspace/install/canopen_interfaces/include/canopen_interfaces/canopen_interfaces/srv/co_target_double.h
[1.019s] -- Up-to-date symlink: /home/serhat/workspace/install/canopen_interfaces/include/canopen_interfaces/canopen_interfaces/srv/co_write.h
[1.019s] -- Up-to-date symlink: /home/serhat/workspace/install/canopen_interfaces/include/canopen_interfaces/canopen_interfaces/srv/co_write_id.h
[1.020s] -- Up-to-date symlink: /home/serhat/workspace/install/canopen_interfaces/include/canopen_interfaces/canopen_interfaces/srv/detail/co_heartbeat_id__functions.h
[1.020s] -- Up-to-date symlink: /home/serhat/workspace/install/canopen_interfaces/include/canopen_interfaces/canopen_interfaces/srv/detail/co_heartbeat_id__struct.h
[1.020s] -- Up-to-date symlink: /home/serhat/workspace/install/canopen_interfaces/include/canopen_interfaces/canopen_interfaces/srv/detail/co_heartbeat_id__type_support.h
[1.020s] -- Up-to-date symlink: /home/serhat/workspace/install/canopen_interfaces/include/canopen_interfaces/canopen_interfaces/srv/detail/co_nmt_id__functions.h
[1.021s] -- Up-to-date symlink: /home/serhat/workspace/install/canopen_interfaces/include/canopen_interfaces/canopen_interfaces/srv/detail/co_nmt_id__struct.h
[1.021s] -- Up-to-date symlink: /home/serhat/workspace/install/canopen_interfaces/include/canopen_interfaces/canopen_interfaces/srv/detail/co_nmt_id__type_support.h
[1.021s] -- Up-to-date symlink: /home/serhat/workspace/install/canopen_interfaces/include/canopen_interfaces/canopen_interfaces/srv/detail/co_node__functions.h
[1.021s] -- Up-to-date symlink: /home/serhat/workspace/install/canopen_interfaces/include/canopen_interfaces/canopen_interfaces/srv/detail/co_node__struct.h
[1.022s] -- Up-to-date symlink: /home/serhat/workspace/install/canopen_interfaces/include/canopen_interfaces/canopen_interfaces/srv/detail/co_node__type_support.h
[1.022s] -- Up-to-date symlink: /home/serhat/workspace/install/canopen_interfaces/include/canopen_interfaces/canopen_interfaces/srv/detail/co_read__functions.h
[1.022s] -- Up-to-date symlink: /home/serhat/workspace/install/canopen_interfaces/include/canopen_interfaces/canopen_interfaces/srv/detail/co_read__struct.h
[1.022s] -- Up-to-date symlink: /home/serhat/workspace/install/canopen_interfaces/include/canopen_interfaces/canopen_interfaces/srv/detail/co_read__type_support.h
[1.022s] -- Up-to-date symlink: /home/serhat/workspace/install/canopen_interfaces/include/canopen_interfaces/canopen_interfaces/srv/detail/co_read_id__functions.h
[1.022s] -- Up-to-date symlink: /home/serhat/workspace/install/canopen_interfaces/include/canopen_interfaces/canopen_interfaces/srv/detail/co_read_id__struct.h
[1.023s] -- Up-to-date symlink: /home/serhat/workspace/install/canopen_interfaces/include/canopen_interfaces/canopen_interfaces/srv/detail/co_read_id__type_support.h
[1.023s] -- Up-to-date symlink: /home/serhat/workspace/install/canopen_interfaces/include/canopen_interfaces/canopen_interfaces/srv/detail/co_target_double__functions.h
[1.023s] -- Up-to-date symlink: /home/serhat/workspace/install/canopen_interfaces/include/canopen_interfaces/canopen_interfaces/srv/detail/co_target_double__struct.h
[1.023s] -- Up-to-date symlink: /home/serhat/workspace/install/canopen_interfaces/include/canopen_interfaces/canopen_interfaces/srv/detail/co_target_double__type_support.h
[1.023s] -- Up-to-date symlink: /home/serhat/workspace/install/canopen_interfaces/include/canopen_interfaces/canopen_interfaces/srv/detail/co_write__functions.h
[1.024s] -- Up-to-date symlink: /home/serhat/workspace/install/canopen_interfaces/include/canopen_interfaces/canopen_interfaces/srv/detail/co_write__struct.h
[1.024s] -- Up-to-date symlink: /home/serhat/workspace/install/canopen_interfaces/include/canopen_interfaces/canopen_interfaces/srv/detail/co_write__type_support.h
[1.024s] -- Up-to-date symlink: /home/serhat/workspace/install/canopen_interfaces/include/canopen_interfaces/canopen_interfaces/srv/detail/co_write_id__functions.h
[1.024s] -- Up-to-date symlink: /home/serhat/workspace/install/canopen_interfaces/include/canopen_interfaces/canopen_interfaces/srv/detail/co_write_id__struct.h
[1.024s] -- Up-to-date symlink: /home/serhat/workspace/install/canopen_interfaces/include/canopen_interfaces/canopen_interfaces/srv/detail/co_write_id__type_support.h
[1.025s] -- Up-to-date symlink: /home/serhat/workspace/install/canopen_interfaces/share/canopen_interfaces/environment/library_path.sh
[1.025s] -- Up-to-date symlink: /home/serhat/workspace/install/canopen_interfaces/share/canopen_interfaces/environment/library_path.dsv
[1.025s] -- Up-to-date symlink: /home/serhat/workspace/install/canopen_interfaces/include/canopen_interfaces/canopen_interfaces/msg/detail/co_data__rosidl_typesupport_fastrtps_c.h
[1.025s] -- Up-to-date symlink: /home/serhat/workspace/install/canopen_interfaces/include/canopen_interfaces/canopen_interfaces/msg/rosidl_typesupport_fastrtps_c__visibility_control.h
[1.026s] -- Up-to-date symlink: /home/serhat/workspace/install/canopen_interfaces/include/canopen_interfaces/canopen_interfaces/srv/detail/co_heartbeat_id__rosidl_typesupport_fastrtps_c.h
[1.026s] -- Up-to-date symlink: /home/serhat/workspace/install/canopen_interfaces/include/canopen_interfaces/canopen_interfaces/srv/detail/co_nmt_id__rosidl_typesupport_fastrtps_c.h
[1.026s] -- Up-to-date symlink: /home/serhat/workspace/install/canopen_interfaces/include/canopen_interfaces/canopen_interfaces/srv/detail/co_node__rosidl_typesupport_fastrtps_c.h
[1.029s] -- Up-to-date symlink: /home/serhat/workspace/install/canopen_interfaces/include/canopen_interfaces/canopen_interfaces/srv/detail/co_read__rosidl_typesupport_fastrtps_c.h
[1.030s] -- Up-to-date symlink: /home/serhat/workspace/install/canopen_interfaces/include/canopen_interfaces/canopen_interfaces/srv/detail/co_read_id__rosidl_typesupport_fastrtps_c.h
[1.030s] -- Up-to-date symlink: /home/serhat/workspace/install/canopen_interfaces/include/canopen_interfaces/canopen_interfaces/srv/detail/co_target_double__rosidl_typesupport_fastrtps_c.h
[1.031s] -- Up-to-date symlink: /home/serhat/workspace/install/canopen_interfaces/include/canopen_interfaces/canopen_interfaces/srv/detail/co_write__rosidl_typesupport_fastrtps_c.h
[1.031s] -- Up-to-date symlink: /home/serhat/workspace/install/canopen_interfaces/include/canopen_interfaces/canopen_interfaces/srv/detail/co_write_id__rosidl_typesupport_fastrtps_c.h
[1.031s] -- Up-to-date symlink: /home/serhat/workspace/install/canopen_interfaces/include/canopen_interfaces/canopen_interfaces/msg/detail/co_data__rosidl_typesupport_introspection_c.h
[1.032s] -- Up-to-date symlink: /home/serhat/workspace/install/canopen_interfaces/include/canopen_interfaces/canopen_interfaces/msg/rosidl_typesupport_introspection_c__visibility_control.h
[1.032s] -- Up-to-date symlink: /home/serhat/workspace/install/canopen_interfaces/include/canopen_interfaces/canopen_interfaces/srv/detail/co_heartbeat_id__rosidl_typesupport_introspection_c.h
[1.033s] -- Up-to-date symlink: /home/serhat/workspace/install/canopen_interfaces/include/canopen_interfaces/canopen_interfaces/srv/detail/co_nmt_id__rosidl_typesupport_introspection_c.h
[1.033s] -- Up-to-date symlink: /home/serhat/workspace/install/canopen_interfaces/include/canopen_interfaces/canopen_interfaces/srv/detail/co_node__rosidl_typesupport_introspection_c.h
[1.036s] -- Up-to-date symlink: /home/serhat/workspace/install/canopen_interfaces/include/canopen_interfaces/canopen_interfaces/srv/detail/co_read__rosidl_typesupport_introspection_c.h
[1.036s] -- Up-to-date symlink: /home/serhat/workspace/install/canopen_interfaces/include/canopen_interfaces/canopen_interfaces/srv/detail/co_read_id__rosidl_typesupport_introspection_c.h
[1.037s] -- Up-to-date symlink: /home/serhat/workspace/install/canopen_interfaces/include/canopen_interfaces/canopen_interfaces/srv/detail/co_target_double__rosidl_typesupport_introspection_c.h
[1.037s] -- Up-to-date symlink: /home/serhat/workspace/install/canopen_interfaces/include/canopen_interfaces/canopen_interfaces/srv/detail/co_write__rosidl_typesupport_introspection_c.h
[1.037s] -- Up-to-date symlink: /home/serhat/workspace/install/canopen_interfaces/include/canopen_interfaces/canopen_interfaces/srv/detail/co_write_id__rosidl_typesupport_introspection_c.h
[1.037s] -- Up-to-date symlink: /home/serhat/workspace/install/canopen_interfaces/include/canopen_interfaces/canopen_interfaces/msg/co_data.hpp
[1.038s] -- Up-to-date symlink: /home/serhat/workspace/install/canopen_interfaces/include/canopen_interfaces/canopen_interfaces/msg/detail/co_data__builder.hpp
[1.038s] -- Up-to-date symlink: /home/serhat/workspace/install/canopen_interfaces/include/canopen_interfaces/canopen_interfaces/msg/detail/co_data__struct.hpp
[1.038s] -- Up-to-date symlink: /home/serhat/workspace/install/canopen_interfaces/include/canopen_interfaces/canopen_interfaces/msg/detail/co_data__traits.hpp
[1.039s] -- Up-to-date symlink: /home/serhat/workspace/install/canopen_interfaces/include/canopen_interfaces/canopen_interfaces/srv/co_heartbeat_id.hpp
[1.039s] -- Up-to-date symlink: /home/serhat/workspace/install/canopen_interfaces/include/canopen_interfaces/canopen_interfaces/srv/co_nmt_id.hpp
[1.042s] -- Up-to-date symlink: /home/serhat/workspace/install/canopen_interfaces/include/canopen_interfaces/canopen_interfaces/srv/co_node.hpp
[1.043s] -- Up-to-date symlink: /home/serhat/workspace/install/canopen_interfaces/include/canopen_interfaces/canopen_interfaces/srv/co_read.hpp
[1.043s] -- Up-to-date symlink: /home/serhat/workspace/install/canopen_interfaces/include/canopen_interfaces/canopen_interfaces/srv/co_read_id.hpp
[1.043s] -- Up-to-date symlink: /home/serhat/workspace/install/canopen_interfaces/include/canopen_interfaces/canopen_interfaces/srv/co_target_double.hpp
[1.044s] -- Up-to-date symlink: /home/serhat/workspace/install/canopen_interfaces/include/canopen_interfaces/canopen_interfaces/srv/co_write.hpp
[1.044s] -- Up-to-date symlink: /home/serhat/workspace/install/canopen_interfaces/include/canopen_interfaces/canopen_interfaces/srv/co_write_id.hpp
[1.045s] -- Up-to-date symlink: /home/serhat/workspace/install/canopen_interfaces/include/canopen_interfaces/canopen_interfaces/srv/detail/co_heartbeat_id__builder.hpp
[1.045s] -- Up-to-date symlink: /home/serhat/workspace/install/canopen_interfaces/include/canopen_interfaces/canopen_interfaces/srv/detail/co_heartbeat_id__struct.hpp
[1.046s] -- Up-to-date symlink: /home/serhat/workspace/install/canopen_interfaces/include/canopen_interfaces/canopen_interfaces/srv/detail/co_heartbeat_id__traits.hpp
[1.046s] -- Up-to-date symlink: /home/serhat/workspace/install/canopen_interfaces/include/canopen_interfaces/canopen_interfaces/srv/detail/co_nmt_id__builder.hpp
[1.046s] -- Up-to-date symlink: /home/serhat/workspace/install/canopen_interfaces/include/canopen_interfaces/canopen_interfaces/srv/detail/co_nmt_id__struct.hpp
[1.046s] -- Up-to-date symlink: /home/serhat/workspace/install/canopen_interfaces/include/canopen_interfaces/canopen_interfaces/srv/detail/co_nmt_id__traits.hpp
[1.047s] -- Up-to-date symlink: /home/serhat/workspace/install/canopen_interfaces/include/canopen_interfaces/canopen_interfaces/srv/detail/co_node__builder.hpp
[1.047s] -- Up-to-date symlink: /home/serhat/workspace/install/canopen_interfaces/include/canopen_interfaces/canopen_interfaces/srv/detail/co_node__struct.hpp
[1.048s] -- Up-to-date symlink: /home/serhat/workspace/install/canopen_interfaces/include/canopen_interfaces/canopen_interfaces/srv/detail/co_node__traits.hpp
[1.048s] -- Up-to-date symlink: /home/serhat/workspace/install/canopen_interfaces/include/canopen_interfaces/canopen_interfaces/srv/detail/co_read__builder.hpp
[1.048s] -- Up-to-date symlink: /home/serhat/workspace/install/canopen_interfaces/include/canopen_interfaces/canopen_interfaces/srv/detail/co_read__struct.hpp
[1.049s] -- Up-to-date symlink: /home/serhat/workspace/install/canopen_interfaces/include/canopen_interfaces/canopen_interfaces/srv/detail/co_read__traits.hpp
[1.049s] -- Up-to-date symlink: /home/serhat/workspace/install/canopen_interfaces/include/canopen_interfaces/canopen_interfaces/srv/detail/co_read_id__builder.hpp
[1.049s] -- Up-to-date symlink: /home/serhat/workspace/install/canopen_interfaces/include/canopen_interfaces/canopen_interfaces/srv/detail/co_read_id__struct.hpp
[1.050s] -- Up-to-date symlink: /home/serhat/workspace/install/canopen_interfaces/include/canopen_interfaces/canopen_interfaces/srv/detail/co_read_id__traits.hpp
[1.055s] -- Up-to-date symlink: /home/serhat/workspace/install/canopen_interfaces/include/canopen_interfaces/canopen_interfaces/srv/detail/co_target_double__builder.hpp
[1.055s] -- Up-to-date symlink: /home/serhat/workspace/install/canopen_interfaces/include/canopen_interfaces/canopen_interfaces/srv/detail/co_target_double__struct.hpp
[1.055s] -- Up-to-date symlink: /home/serhat/workspace/install/canopen_interfaces/include/canopen_interfaces/canopen_interfaces/srv/detail/co_target_double__traits.hpp
[1.056s] -- Up-to-date symlink: /home/serhat/workspace/install/canopen_interfaces/include/canopen_interfaces/canopen_interfaces/srv/detail/co_write__builder.hpp
[1.056s] -- Up-to-date symlink: /home/serhat/workspace/install/canopen_interfaces/include/canopen_interfaces/canopen_interfaces/srv/detail/co_write__struct.hpp
[1.056s] -- Up-to-date symlink: /home/serhat/workspace/install/canopen_interfaces/include/canopen_interfaces/canopen_interfaces/srv/detail/co_write__traits.hpp
[1.056s] -- Up-to-date symlink: /home/serhat/workspace/install/canopen_interfaces/include/canopen_interfaces/canopen_interfaces/srv/detail/co_write_id__builder.hpp
[1.056s] -- Up-to-date symlink: /home/serhat/workspace/install/canopen_interfaces/include/canopen_interfaces/canopen_interfaces/srv/detail/co_write_id__struct.hpp
[1.056s] -- Up-to-date symlink: /home/serhat/workspace/install/canopen_interfaces/include/canopen_interfaces/canopen_interfaces/srv/detail/co_write_id__traits.hpp
[1.057s] -- Up-to-date symlink: /home/serhat/workspace/install/canopen_interfaces/include/canopen_interfaces/canopen_interfaces/msg/detail/co_data__rosidl_typesupport_fastrtps_cpp.hpp
[1.057s] -- Up-to-date symlink: /home/serhat/workspace/install/canopen_interfaces/include/canopen_interfaces/canopen_interfaces/msg/rosidl_typesupport_fastrtps_cpp__visibility_control.h
[1.057s] -- Up-to-date symlink: /home/serhat/workspace/install/canopen_interfaces/include/canopen_interfaces/canopen_interfaces/srv/detail/co_heartbeat_id__rosidl_typesupport_fastrtps_cpp.hpp
[1.057s] -- Up-to-date symlink: /home/serhat/workspace/install/canopen_interfaces/include/canopen_interfaces/canopen_interfaces/srv/detail/co_nmt_id__rosidl_typesupport_fastrtps_cpp.hpp
[1.057s] -- Up-to-date symlink: /home/serhat/workspace/install/canopen_interfaces/include/canopen_interfaces/canopen_interfaces/srv/detail/co_node__rosidl_typesupport_fastrtps_cpp.hpp
[1.058s] -- Up-to-date symlink: /home/serhat/workspace/install/canopen_interfaces/include/canopen_interfaces/canopen_interfaces/srv/detail/co_read__rosidl_typesupport_fastrtps_cpp.hpp
[1.060s] -- Up-to-date symlink: /home/serhat/workspace/install/canopen_interfaces/include/canopen_interfaces/canopen_interfaces/srv/detail/co_read_id__rosidl_typesupport_fastrtps_cpp.hpp
[1.060s] -- Up-to-date symlink: /home/serhat/workspace/install/canopen_interfaces/include/canopen_interfaces/canopen_interfaces/srv/detail/co_target_double__rosidl_typesupport_fastrtps_cpp.hpp
[1.064s] -- Up-to-date symlink: /home/serhat/workspace/install/canopen_interfaces/include/canopen_interfaces/canopen_interfaces/srv/detail/co_write__rosidl_typesupport_fastrtps_cpp.hpp
[1.064s] -- Up-to-date symlink: /home/serhat/workspace/install/canopen_interfaces/include/canopen_interfaces/canopen_interfaces/srv/detail/co_write_id__rosidl_typesupport_fastrtps_cpp.hpp
[1.064s] -- Up-to-date symlink: /home/serhat/workspace/install/canopen_interfaces/include/canopen_interfaces/canopen_interfaces/msg/detail/co_data__rosidl_typesupport_introspection_cpp.hpp
[1.064s] -- Up-to-date symlink: /home/serhat/workspace/install/canopen_interfaces/include/canopen_interfaces/canopen_interfaces/srv/detail/co_heartbeat_id__rosidl_typesupport_introspection_cpp.hpp
[1.065s] -- Up-to-date symlink: /home/serhat/workspace/install/canopen_interfaces/include/canopen_interfaces/canopen_interfaces/srv/detail/co_nmt_id__rosidl_typesupport_introspection_cpp.hpp
[1.065s] -- Up-to-date symlink: /home/serhat/workspace/install/canopen_interfaces/include/canopen_interfaces/canopen_interfaces/srv/detail/co_node__rosidl_typesupport_introspection_cpp.hpp
[1.065s] -- Up-to-date symlink: /home/serhat/workspace/install/canopen_interfaces/include/canopen_interfaces/canopen_interfaces/srv/detail/co_read__rosidl_typesupport_introspection_cpp.hpp
[1.065s] -- Up-to-date symlink: /home/serhat/workspace/install/canopen_interfaces/include/canopen_interfaces/canopen_interfaces/srv/detail/co_read_id__rosidl_typesupport_introspection_cpp.hpp
[1.065s] -- Up-to-date symlink: /home/serhat/workspace/install/canopen_interfaces/include/canopen_interfaces/canopen_interfaces/srv/detail/co_target_double__rosidl_typesupport_introspection_cpp.hpp
[1.065s] -- Up-to-date symlink: /home/serhat/workspace/install/canopen_interfaces/include/canopen_interfaces/canopen_interfaces/srv/detail/co_write__rosidl_typesupport_introspection_cpp.hpp
[1.065s] -- Up-to-date symlink: /home/serhat/workspace/install/canopen_interfaces/include/canopen_interfaces/canopen_interfaces/srv/detail/co_write_id__rosidl_typesupport_introspection_cpp.hpp
[1.065s] -- Up-to-date symlink: /home/serhat/workspace/install/canopen_interfaces/share/canopen_interfaces/environment/pythonpath.sh
[1.065s] -- Up-to-date symlink: /home/serhat/workspace/install/canopen_interfaces/share/canopen_interfaces/environment/pythonpath.dsv
[1.066s] -- Up-to-date symlink: /home/serhat/workspace/install/canopen_interfaces/local/lib/python3.10/dist-packages/canopen_interfaces-0.0.1-py3.10.egg-info/PKG-INFO
[1.066s] -- Up-to-date symlink: /home/serhat/workspace/install/canopen_interfaces/local/lib/python3.10/dist-packages/canopen_interfaces-0.0.1-py3.10.egg-info/SOURCES.txt
[1.066s] -- Up-to-date symlink: /home/serhat/workspace/install/canopen_interfaces/local/lib/python3.10/dist-packages/canopen_interfaces-0.0.1-py3.10.egg-info/dependency_links.txt
[1.066s] -- Up-to-date symlink: /home/serhat/workspace/install/canopen_interfaces/local/lib/python3.10/dist-packages/canopen_interfaces-0.0.1-py3.10.egg-info/top_level.txt
[1.066s] -- Up-to-date symlink: /home/serhat/workspace/install/canopen_interfaces/local/lib/python3.10/dist-packages/canopen_interfaces/__init__.py
[1.066s] -- Up-to-date symlink: /home/serhat/workspace/install/canopen_interfaces/local/lib/python3.10/dist-packages/canopen_interfaces/_canopen_interfaces_s.ep.rosidl_typesupport_c.c
[1.066s] -- Up-to-date symlink: /home/serhat/workspace/install/canopen_interfaces/local/lib/python3.10/dist-packages/canopen_interfaces/_canopen_interfaces_s.ep.rosidl_typesupport_fastrtps_c.c
[1.066s] -- Up-to-date symlink: /home/serhat/workspace/install/canopen_interfaces/local/lib/python3.10/dist-packages/canopen_interfaces/_canopen_interfaces_s.ep.rosidl_typesupport_introspection_c.c
[1.066s] -- Up-to-date symlink: /home/serhat/workspace/install/canopen_interfaces/local/lib/python3.10/dist-packages/canopen_interfaces/canopen_interfaces_s__rosidl_typesupport_c.cpython-310-x86_64-linux-gnu.so
[1.067s] -- Up-to-date symlink: /home/serhat/workspace/install/canopen_interfaces/local/lib/python3.10/dist-packages/canopen_interfaces/canopen_interfaces_s__rosidl_typesupport_fastrtps_c.cpython-310-x86_64-linux-gnu.so
[1.067s] -- Up-to-date symlink: /home/serhat/workspace/install/canopen_interfaces/local/lib/python3.10/dist-packages/canopen_interfaces/canopen_interfaces_s__rosidl_typesupport_introspection_c.cpython-310-x86_64-linux-gnu.so
[1.067s] -- Up-to-date symlink: /home/serhat/workspace/install/canopen_interfaces/local/lib/python3.10/dist-packages/canopen_interfaces/libcanopen_interfaces__rosidl_generator_py.so
[1.067s] -- Up-to-date symlink: /home/serhat/workspace/install/canopen_interfaces/local/lib/python3.10/dist-packages/canopen_interfaces/msg/__init__.py
[1.069s] -- Up-to-date symlink: /home/serhat/workspace/install/canopen_interfaces/local/lib/python3.10/dist-packages/canopen_interfaces/msg/_co_data.py
[1.069s] -- Up-to-date symlink: /home/serhat/workspace/install/canopen_interfaces/local/lib/python3.10/dist-packages/canopen_interfaces/msg/_co_data_s.c
[1.070s] -- Up-to-date symlink: /home/serhat/workspace/install/canopen_interfaces/local/lib/python3.10/dist-packages/canopen_interfaces/srv/__init__.py
[1.070s] -- Up-to-date symlink: /home/serhat/workspace/install/canopen_interfaces/local/lib/python3.10/dist-packages/canopen_interfaces/srv/_co_heartbeat_id.py
[1.070s] -- Up-to-date symlink: /home/serhat/workspace/install/canopen_interfaces/local/lib/python3.10/dist-packages/canopen_interfaces/srv/_co_heartbeat_id_s.c
[1.071s] -- Up-to-date symlink: /home/serhat/workspace/install/canopen_interfaces/local/lib/python3.10/dist-packages/canopen_interfaces/srv/_co_nmt_id.py
[1.072s] -- Up-to-date symlink: /home/serhat/workspace/install/canopen_interfaces/local/lib/python3.10/dist-packages/canopen_interfaces/srv/_co_nmt_id_s.c
[1.072s] -- Up-to-date symlink: /home/serhat/workspace/install/canopen_interfaces/local/lib/python3.10/dist-packages/canopen_interfaces/srv/_co_node.py
[1.072s] -- Up-to-date symlink: /home/serhat/workspace/install/canopen_interfaces/local/lib/python3.10/dist-packages/canopen_interfaces/srv/_co_node_s.c
[1.072s] -- Up-to-date symlink: /home/serhat/workspace/install/canopen_interfaces/local/lib/python3.10/dist-packages/canopen_interfaces/srv/_co_read.py
[1.073s] -- Up-to-date symlink: /home/serhat/workspace/install/canopen_interfaces/local/lib/python3.10/dist-packages/canopen_interfaces/srv/_co_read_id.py
[1.073s] -- Up-to-date symlink: /home/serhat/workspace/install/canopen_interfaces/local/lib/python3.10/dist-packages/canopen_interfaces/srv/_co_read_id_s.c
[1.074s] -- Up-to-date symlink: /home/serhat/workspace/install/canopen_interfaces/local/lib/python3.10/dist-packages/canopen_interfaces/srv/_co_read_s.c
[1.074s] -- Up-to-date symlink: /home/serhat/workspace/install/canopen_interfaces/local/lib/python3.10/dist-packages/canopen_interfaces/srv/_co_target_double.py
[1.074s] -- Up-to-date symlink: /home/serhat/workspace/install/canopen_interfaces/local/lib/python3.10/dist-packages/canopen_interfaces/srv/_co_target_double_s.c
[1.074s] -- Up-to-date symlink: /home/serhat/workspace/install/canopen_interfaces/local/lib/python3.10/dist-packages/canopen_interfaces/srv/_co_write.py
[1.074s] -- Up-to-date symlink: /home/serhat/workspace/install/canopen_interfaces/local/lib/python3.10/dist-packages/canopen_interfaces/srv/_co_write_id.py
[1.075s] -- Up-to-date symlink: /home/serhat/workspace/install/canopen_interfaces/local/lib/python3.10/dist-packages/canopen_interfaces/srv/_co_write_id_s.c
[1.075s] -- Up-to-date symlink: /home/serhat/workspace/install/canopen_interfaces/local/lib/python3.10/dist-packages/canopen_interfaces/srv/_co_write_s.c
[1.075s] -- Up-to-date symlink: /home/serhat/workspace/install/canopen_interfaces/local/lib/python3.10/dist-packages/canopen_interfaces/canopen_interfaces_s__rosidl_typesupport_fastrtps_c.cpython-310-x86_64-linux-gnu.so
[1.075s] -- Up-to-date symlink: /home/serhat/workspace/install/canopen_interfaces/local/lib/python3.10/dist-packages/canopen_interfaces/canopen_interfaces_s__rosidl_typesupport_introspection_c.cpython-310-x86_64-linux-gnu.so
[1.075s] -- Up-to-date symlink: /home/serhat/workspace/install/canopen_interfaces/local/lib/python3.10/dist-packages/canopen_interfaces/canopen_interfaces_s__rosidl_typesupport_c.cpython-310-x86_64-linux-gnu.so
[1.075s] -- Up-to-date symlink: /home/serhat/workspace/install/canopen_interfaces/share/canopen_interfaces/srv/COHeartbeatID.idl
[1.076s] -- Up-to-date symlink: /home/serhat/workspace/install/canopen_interfaces/share/canopen_interfaces/srv/CONmtID.idl
[1.076s] -- Up-to-date symlink: /home/serhat/workspace/install/canopen_interfaces/share/canopen_interfaces/srv/CORead.idl
[1.076s] -- Up-to-date symlink: /home/serhat/workspace/install/canopen_interfaces/share/canopen_interfaces/srv/COReadID.idl
[1.076s] -- Up-to-date symlink: /home/serhat/workspace/install/canopen_interfaces/share/canopen_interfaces/srv/COWrite.idl
[1.077s] -- Up-to-date symlink: /home/serhat/workspace/install/canopen_interfaces/share/canopen_interfaces/srv/COWriteID.idl
[1.077s] -- Up-to-date symlink: /home/serhat/workspace/install/canopen_interfaces/share/canopen_interfaces/srv/COTargetDouble.idl
[1.077s] -- Up-to-date symlink: /home/serhat/workspace/install/canopen_interfaces/share/canopen_interfaces/srv/CONode.idl
[1.077s] -- Up-to-date symlink: /home/serhat/workspace/install/canopen_interfaces/share/canopen_interfaces/msg/COData.idl
[1.078s] -- Up-to-date symlink: /home/serhat/workspace/install/canopen_interfaces/share/canopen_interfaces/srv/COHeartbeatID.srv
[1.078s] -- Up-to-date symlink: /home/serhat/workspace/install/canopen_interfaces/share/canopen_interfaces/srv/COHeartbeatID_Request.msg
[1.078s] -- Up-to-date symlink: /home/serhat/workspace/install/canopen_interfaces/share/canopen_interfaces/srv/COHeartbeatID_Response.msg
[1.079s] -- Up-to-date symlink: /home/serhat/workspace/install/canopen_interfaces/share/canopen_interfaces/srv/CONmtID.srv
[1.079s] -- Up-to-date symlink: /home/serhat/workspace/install/canopen_interfaces/share/canopen_interfaces/srv/CONmtID_Request.msg
[1.079s] -- Up-to-date symlink: /home/serhat/workspace/install/canopen_interfaces/share/canopen_interfaces/srv/CONmtID_Response.msg
[1.080s] -- Up-to-date symlink: /home/serhat/workspace/install/canopen_interfaces/share/canopen_interfaces/srv/CORead.srv
[1.080s] -- Up-to-date symlink: /home/serhat/workspace/install/canopen_interfaces/share/canopen_interfaces/srv/CORead_Request.msg
[1.080s] -- Up-to-date symlink: /home/serhat/workspace/install/canopen_interfaces/share/canopen_interfaces/srv/CORead_Response.msg
[1.080s] -- Up-to-date symlink: /home/serhat/workspace/install/canopen_interfaces/share/canopen_interfaces/srv/COReadID.srv
[1.081s] -- Up-to-date symlink: /home/serhat/workspace/install/canopen_interfaces/share/canopen_interfaces/srv/COReadID_Request.msg
[1.083s] -- Up-to-date symlink: /home/serhat/workspace/install/canopen_interfaces/share/canopen_interfaces/srv/COReadID_Response.msg
[1.083s] -- Up-to-date symlink: /home/serhat/workspace/install/canopen_interfaces/share/canopen_interfaces/srv/COWrite.srv
[1.083s] -- Up-to-date symlink: /home/serhat/workspace/install/canopen_interfaces/share/canopen_interfaces/srv/COWrite_Request.msg
[1.083s] -- Up-to-date symlink: /home/serhat/workspace/install/canopen_interfaces/share/canopen_interfaces/srv/COWrite_Response.msg
[1.083s] -- Up-to-date symlink: /home/serhat/workspace/install/canopen_interfaces/share/canopen_interfaces/srv/COWriteID.srv
[1.084s] -- Up-to-date symlink: /home/serhat/workspace/install/canopen_interfaces/share/canopen_interfaces/srv/COWriteID_Request.msg
[1.084s] -- Up-to-date symlink: /home/serhat/workspace/install/canopen_interfaces/share/canopen_interfaces/srv/COWriteID_Response.msg
[1.084s] -- Up-to-date symlink: /home/serhat/workspace/install/canopen_interfaces/share/canopen_interfaces/srv/COTargetDouble.srv
[1.084s] -- Up-to-date symlink: /home/serhat/workspace/install/canopen_interfaces/share/canopen_interfaces/srv/COTargetDouble_Request.msg
[1.084s] -- Up-to-date symlink: /home/serhat/workspace/install/canopen_interfaces/share/canopen_interfaces/srv/COTargetDouble_Response.msg
[1.084s] -- Up-to-date symlink: /home/serhat/workspace/install/canopen_interfaces/share/canopen_interfaces/srv/CONode.srv
[1.084s] -- Up-to-date symlink: /home/serhat/workspace/install/canopen_interfaces/share/canopen_interfaces/srv/CONode_Request.msg
[1.085s] -- Up-to-date symlink: /home/serhat/workspace/install/canopen_interfaces/share/canopen_interfaces/srv/CONode_Response.msg
[1.085s] -- Up-to-date symlink: /home/serhat/workspace/install/canopen_interfaces/share/canopen_interfaces/msg/COData.msg
[1.085s] -- Up-to-date symlink: /home/serhat/workspace/install/canopen_interfaces/share/ament_index/resource_index/package_run_dependencies/canopen_interfaces
[1.085s] -- Up-to-date symlink: /home/serhat/workspace/install/canopen_interfaces/share/ament_index/resource_index/parent_prefix_path/canopen_interfaces
[1.085s] -- Up-to-date symlink: /home/serhat/workspace/install/canopen_interfaces/share/canopen_interfaces/environment/ament_prefix_path.sh
[1.085s] -- Up-to-date symlink: /home/serhat/workspace/install/canopen_interfaces/share/canopen_interfaces/environment/ament_prefix_path.dsv
[1.085s] -- Up-to-date symlink: /home/serhat/workspace/install/canopen_interfaces/share/canopen_interfaces/environment/path.sh
[1.086s] -- Up-to-date symlink: /home/serhat/workspace/install/canopen_interfaces/share/canopen_interfaces/environment/path.dsv
[1.086s] -- Up-to-date symlink: /home/serhat/workspace/install/canopen_interfaces/share/canopen_interfaces/local_setup.bash
[1.086s] -- Up-to-date symlink: /home/serhat/workspace/install/canopen_interfaces/share/canopen_interfaces/local_setup.sh
[1.086s] -- Up-to-date symlink: /home/serhat/workspace/install/canopen_interfaces/share/canopen_interfaces/local_setup.zsh
[1.086s] -- Up-to-date symlink: /home/serhat/workspace/install/canopen_interfaces/share/canopen_interfaces/local_setup.dsv
[1.086s] -- Symlinking: /home/serhat/workspace/install/canopen_interfaces/share/canopen_interfaces/package.dsv
[1.086s] -- Up-to-date symlink: /home/serhat/workspace/install/canopen_interfaces/share/ament_index/resource_index/packages/canopen_interfaces
[1.087s] -- Up-to-date symlink: /home/serhat/workspace/install/canopen_interfaces/share/canopen_interfaces/cmake/rosidl_cmake-extras.cmake
[1.087s] -- Up-to-date symlink: /home/serhat/workspace/install/canopen_interfaces/share/canopen_interfaces/cmake/ament_cmake_export_include_directories-extras.cmake
[1.087s] -- Up-to-date symlink: /home/serhat/workspace/install/canopen_interfaces/share/canopen_interfaces/cmake/ament_cmake_export_libraries-extras.cmake
[1.088s] -- Up-to-date symlink: /home/serhat/workspace/install/canopen_interfaces/share/canopen_interfaces/cmake/ament_cmake_export_targets-extras.cmake
[1.088s] -- Up-to-date symlink: /home/serhat/workspace/install/canopen_interfaces/share/canopen_interfaces/cmake/rosidl_cmake_export_typesupport_targets-extras.cmake
[1.088s] -- Up-to-date symlink: /home/serhat/workspace/install/canopen_interfaces/share/canopen_interfaces/cmake/ament_cmake_export_dependencies-extras.cmake
[1.089s] -- Up-to-date symlink: /home/serhat/workspace/install/canopen_interfaces/share/canopen_interfaces/cmake/rosidl_cmake_export_typesupport_libraries-extras.cmake
[1.089s] -- Up-to-date symlink: /home/serhat/workspace/install/canopen_interfaces/share/canopen_interfaces/cmake/canopen_interfacesConfig.cmake
[1.089s] -- Up-to-date symlink: /home/serhat/workspace/install/canopen_interfaces/share/canopen_interfaces/cmake/canopen_interfacesConfig-version.cmake
[1.090s] -- Up-to-date symlink: /home/serhat/workspace/install/canopen_interfaces/share/canopen_interfaces/package.xml
[1.090s] -- Up-to-date: /home/serhat/workspace/install/canopen_interfaces/lib/libcanopen_interfaces__rosidl_generator_c.so
[1.090s] -- Up-to-date: /home/serhat/workspace/install/canopen_interfaces/lib/libcanopen_interfaces__rosidl_typesupport_fastrtps_c.so
[1.091s] -- Up-to-date: /home/serhat/workspace/install/canopen_interfaces/lib/libcanopen_interfaces__rosidl_typesupport_introspection_c.so
[1.092s] -- Up-to-date: /home/serhat/workspace/install/canopen_interfaces/lib/libcanopen_interfaces__rosidl_typesupport_c.so
[1.092s] -- Up-to-date: /home/serhat/workspace/install/canopen_interfaces/lib/libcanopen_interfaces__rosidl_typesupport_fastrtps_cpp.so
[1.093s] -- Up-to-date: /home/serhat/workspace/install/canopen_interfaces/lib/libcanopen_interfaces__rosidl_typesupport_introspection_cpp.so
[1.093s] -- Up-to-date: /home/serhat/workspace/install/canopen_interfaces/lib/libcanopen_interfaces__rosidl_typesupport_cpp.so
[1.125s] Listing '/home/serhat/workspace/install/canopen_interfaces/local/lib/python3.10/dist-packages/canopen_interfaces'...
[1.126s] Listing '/home/serhat/workspace/install/canopen_interfaces/local/lib/python3.10/dist-packages/canopen_interfaces/msg'...
[1.126s] Listing '/home/serhat/workspace/install/canopen_interfaces/local/lib/python3.10/dist-packages/canopen_interfaces/srv'...
[1.132s] -- Up-to-date: /home/serhat/workspace/install/canopen_interfaces/lib/libcanopen_interfaces__rosidl_generator_py.so
[1.132s] -- Up-to-date: /home/serhat/workspace/install/canopen_interfaces/share/canopen_interfaces/cmake/export_canopen_interfaces__rosidl_generator_cExport.cmake
[1.132s] -- Up-to-date: /home/serhat/workspace/install/canopen_interfaces/share/canopen_interfaces/cmake/export_canopen_interfaces__rosidl_generator_cExport-noconfig.cmake
[1.132s] -- Up-to-date: /home/serhat/workspace/install/canopen_interfaces/share/canopen_interfaces/cmake/export_canopen_interfaces__rosidl_typesupport_fastrtps_cExport.cmake
[1.132s] -- Up-to-date: /home/serhat/workspace/install/canopen_interfaces/share/canopen_interfaces/cmake/export_canopen_interfaces__rosidl_typesupport_fastrtps_cExport-noconfig.cmake
[1.133s] -- Up-to-date: /home/serhat/workspace/install/canopen_interfaces/share/canopen_interfaces/cmake/canopen_interfaces__rosidl_typesupport_introspection_cExport.cmake
[1.133s] -- Up-to-date: /home/serhat/workspace/install/canopen_interfaces/share/canopen_interfaces/cmake/canopen_interfaces__rosidl_typesupport_introspection_cExport-noconfig.cmake
[1.133s] -- Up-to-date: /home/serhat/workspace/install/canopen_interfaces/share/canopen_interfaces/cmake/canopen_interfaces__rosidl_typesupport_cExport.cmake
[1.133s] -- Up-to-date: /home/serhat/workspace/install/canopen_interfaces/share/canopen_interfaces/cmake/canopen_interfaces__rosidl_typesupport_cExport-noconfig.cmake
[1.133s] -- Up-to-date: /home/serhat/workspace/install/canopen_interfaces/share/canopen_interfaces/cmake/export_canopen_interfaces__rosidl_generator_cppExport.cmake
[1.133s] -- Up-to-date: /home/serhat/workspace/install/canopen_interfaces/share/canopen_interfaces/cmake/export_canopen_interfaces__rosidl_typesupport_fastrtps_cppExport.cmake
[1.133s] -- Up-to-date: /home/serhat/workspace/install/canopen_interfaces/share/canopen_interfaces/cmake/export_canopen_interfaces__rosidl_typesupport_fastrtps_cppExport-noconfig.cmake
[1.133s] -- Up-to-date: /home/serhat/workspace/install/canopen_interfaces/share/canopen_interfaces/cmake/canopen_interfaces__rosidl_typesupport_introspection_cppExport.cmake
[1.134s] -- Up-to-date: /home/serhat/workspace/install/canopen_interfaces/share/canopen_interfaces/cmake/canopen_interfaces__rosidl_typesupport_introspection_cppExport-noconfig.cmake
[1.134s] -- Up-to-date: /home/serhat/workspace/install/canopen_interfaces/share/canopen_interfaces/cmake/canopen_interfaces__rosidl_typesupport_cppExport.cmake
[1.134s] -- Up-to-date: /home/serhat/workspace/install/canopen_interfaces/share/canopen_interfaces/cmake/canopen_interfaces__rosidl_typesupport_cppExport-noconfig.cmake
[1.134s] -- Up-to-date: /home/serhat/workspace/install/canopen_interfaces/share/canopen_interfaces/cmake/export_canopen_interfaces__rosidl_generator_pyExport.cmake
[1.134s] -- Up-to-date: /home/serhat/workspace/install/canopen_interfaces/share/canopen_interfaces/cmake/export_canopen_interfaces__rosidl_generator_pyExport-noconfig.cmake
[1.139s] Invoked command in '/home/serhat/workspace/build/canopen_interfaces' returned '0': CMAKE_PREFIX_PATH=${CMAKE_PREFIX_PATH}:/home/serhat/workspace/install/canopen_utils:/opt/ros/humble /usr/bin/cmake --install /home/serhat/workspace/build/canopen_interfaces
