[0.286s] DEBUG:colcon:Command line arguments: ['/usr/bin/colcon', 'build', '--symlink-install']
[0.286s] DEBUG:colcon:Parsed command line arguments: Namespace(log_base=None, log_level=None, verb_name='build', build_base='build', install_base='install', merge_install=False, symlink_install=True, test_result_base=None, continue_on_error=False, executor='parallel', parallel_workers=12, event_handlers=None, ignore_user_meta=False, metas=['./colcon.meta'], base_paths=['.'], packages_ignore=None, packages_ignore_regex=None, paths=None, packages_up_to=None, packages_up_to_regex=None, packages_above=None, packages_above_and_dependencies=None, packages_above_depth=None, packages_select_by_dep=None, packages_skip_by_dep=None, packages_skip_up_to=None, packages_select_build_failed=False, packages_skip_build_finished=False, packages_select_test_failures=False, packages_skip_test_passed=False, packages_select=None, packages_skip=None, packages_select_regex=None, packages_skip_regex=None, packages_start=None, packages_end=None, allow_overriding=[], cmake_args=None, cmake_target=None, cmake_target_skip_unavailable=False, cmake_clean_cache=False, cmake_clean_first=False, cmake_force_configure=False, ament_cmake_args=None, catkin_cmake_args=None, catkin_skip_building_tests=False, verb_parser=<colcon_defaults.argument_parser.defaults.DefaultArgumentsDecorator object at 0x7f2f030d79a0>, verb_extension=<colcon_core.verb.build.BuildVerb object at 0x7f2f0382ea10>, main=<bound method BuildVerb.main of <colcon_core.verb.build.BuildVerb object at 0x7f2f0382ea10>>)
[0.312s] Level 1:colcon.colcon_core.package_discovery:discover_packages(colcon_meta) check parameters
[0.312s] Level 1:colcon.colcon_core.package_discovery:discover_packages(recursive) check parameters
[0.312s] Level 1:colcon.colcon_core.package_discovery:discover_packages(ignore) check parameters
[0.312s] Level 1:colcon.colcon_core.package_discovery:discover_packages(path) check parameters
[0.312s] Level 1:colcon.colcon_core.package_discovery:discover_packages(colcon_meta) discover
[0.312s] Level 1:colcon.colcon_core.package_discovery:discover_packages(recursive) discover
[0.313s] INFO:colcon.colcon_core.package_discovery:Crawling recursively for packages in '/home/serhat/workspaces'
[0.313s] Level 1:colcon.colcon_core.package_identification:_identify(.) by extensions ['ignore', 'ignore_ament_install']
[0.313s] Level 1:colcon.colcon_core.package_identification:_identify(.) by extension 'ignore'
[0.313s] Level 1:colcon.colcon_core.package_identification:_identify(.) by extension 'ignore_ament_install'
[0.313s] Level 1:colcon.colcon_core.package_identification:_identify(.) by extensions ['colcon_pkg']
[0.313s] Level 1:colcon.colcon_core.package_identification:_identify(.) by extension 'colcon_pkg'
[0.313s] Level 1:colcon.colcon_core.package_identification:_identify(.) by extensions ['colcon_meta']
[0.313s] Level 1:colcon.colcon_core.package_identification:_identify(.) by extension 'colcon_meta'
[0.313s] Level 1:colcon.colcon_core.package_identification:_identify(.) by extensions ['ros']
[0.313s] Level 1:colcon.colcon_core.package_identification:_identify(.) by extension 'ros'
[0.323s] Level 1:colcon.colcon_core.package_identification:_identify(.) by extensions ['cmake', 'python']
[0.323s] Level 1:colcon.colcon_core.package_identification:_identify(.) by extension 'cmake'
[0.323s] Level 1:colcon.colcon_core.package_identification:_identify(.) by extension 'python'
[0.323s] Level 1:colcon.colcon_core.package_identification:_identify(.) by extensions ['python_setup_py']
[0.323s] Level 1:colcon.colcon_core.package_identification:_identify(.) by extension 'python_setup_py'
[0.323s] Level 1:colcon.colcon_core.package_identification:_identify(build) by extensions ['ignore', 'ignore_ament_install']
[0.323s] Level 1:colcon.colcon_core.package_identification:_identify(build) by extension 'ignore'
[0.323s] Level 1:colcon.colcon_core.package_identification:_identify(build) ignored
[0.323s] Level 1:colcon.colcon_core.package_identification:_identify(install) by extensions ['ignore', 'ignore_ament_install']
[0.323s] Level 1:colcon.colcon_core.package_identification:_identify(install) by extension 'ignore'
[0.323s] Level 1:colcon.colcon_core.package_identification:_identify(install) ignored
[0.323s] Level 1:colcon.colcon_core.package_identification:_identify(log) by extensions ['ignore', 'ignore_ament_install']
[0.324s] Level 1:colcon.colcon_core.package_identification:_identify(log) by extension 'ignore'
[0.324s] Level 1:colcon.colcon_core.package_identification:_identify(log) ignored
[0.324s] Level 1:colcon.colcon_core.package_identification:_identify(ros2_cpp_ws) by extensions ['ignore', 'ignore_ament_install']
[0.324s] Level 1:colcon.colcon_core.package_identification:_identify(ros2_cpp_ws) by extension 'ignore'
[0.324s] Level 1:colcon.colcon_core.package_identification:_identify(ros2_cpp_ws) by extension 'ignore_ament_install'
[0.324s] Level 1:colcon.colcon_core.package_identification:_identify(ros2_cpp_ws) by extensions ['colcon_pkg']
[0.324s] Level 1:colcon.colcon_core.package_identification:_identify(ros2_cpp_ws) by extension 'colcon_pkg'
[0.324s] Level 1:colcon.colcon_core.package_identification:_identify(ros2_cpp_ws) by extensions ['colcon_meta']
[0.324s] Level 1:colcon.colcon_core.package_identification:_identify(ros2_cpp_ws) by extension 'colcon_meta'
[0.324s] Level 1:colcon.colcon_core.package_identification:_identify(ros2_cpp_ws) by extensions ['ros']
[0.324s] Level 1:colcon.colcon_core.package_identification:_identify(ros2_cpp_ws) by extension 'ros'
[0.324s] Level 1:colcon.colcon_core.package_identification:_identify(ros2_cpp_ws) by extensions ['cmake', 'python']
[0.324s] Level 1:colcon.colcon_core.package_identification:_identify(ros2_cpp_ws) by extension 'cmake'
[0.324s] Level 1:colcon.colcon_core.package_identification:_identify(ros2_cpp_ws) by extension 'python'
[0.324s] Level 1:colcon.colcon_core.package_identification:_identify(ros2_cpp_ws) by extensions ['python_setup_py']
[0.324s] Level 1:colcon.colcon_core.package_identification:_identify(ros2_cpp_ws) by extension 'python_setup_py'
[0.324s] Level 1:colcon.colcon_core.package_identification:_identify(ros2_cpp_ws/build) by extensions ['ignore', 'ignore_ament_install']
[0.324s] Level 1:colcon.colcon_core.package_identification:_identify(ros2_cpp_ws/build) by extension 'ignore'
[0.324s] Level 1:colcon.colcon_core.package_identification:_identify(ros2_cpp_ws/build) ignored
[0.324s] Level 1:colcon.colcon_core.package_identification:_identify(ros2_cpp_ws/install) by extensions ['ignore', 'ignore_ament_install']
[0.325s] Level 1:colcon.colcon_core.package_identification:_identify(ros2_cpp_ws/install) by extension 'ignore'
[0.325s] Level 1:colcon.colcon_core.package_identification:_identify(ros2_cpp_ws/install) ignored
[0.325s] Level 1:colcon.colcon_core.package_identification:_identify(ros2_cpp_ws/log) by extensions ['ignore', 'ignore_ament_install']
[0.325s] Level 1:colcon.colcon_core.package_identification:_identify(ros2_cpp_ws/log) by extension 'ignore'
[0.325s] Level 1:colcon.colcon_core.package_identification:_identify(ros2_cpp_ws/log) ignored
[0.325s] Level 1:colcon.colcon_core.package_identification:_identify(ros2_cpp_ws/src) by extensions ['ignore', 'ignore_ament_install']
[0.325s] Level 1:colcon.colcon_core.package_identification:_identify(ros2_cpp_ws/src) by extension 'ignore'
[0.325s] Level 1:colcon.colcon_core.package_identification:_identify(ros2_cpp_ws/src) by extension 'ignore_ament_install'
[0.325s] Level 1:colcon.colcon_core.package_identification:_identify(ros2_cpp_ws/src) by extensions ['colcon_pkg']
[0.325s] Level 1:colcon.colcon_core.package_identification:_identify(ros2_cpp_ws/src) by extension 'colcon_pkg'
[0.325s] Level 1:colcon.colcon_core.package_identification:_identify(ros2_cpp_ws/src) by extensions ['colcon_meta']
[0.325s] Level 1:colcon.colcon_core.package_identification:_identify(ros2_cpp_ws/src) by extension 'colcon_meta'
[0.325s] Level 1:colcon.colcon_core.package_identification:_identify(ros2_cpp_ws/src) by extensions ['ros']
[0.325s] Level 1:colcon.colcon_core.package_identification:_identify(ros2_cpp_ws/src) by extension 'ros'
[0.325s] Level 1:colcon.colcon_core.package_identification:_identify(ros2_cpp_ws/src) by extensions ['cmake', 'python']
[0.325s] Level 1:colcon.colcon_core.package_identification:_identify(ros2_cpp_ws/src) by extension 'cmake'
[0.325s] Level 1:colcon.colcon_core.package_identification:_identify(ros2_cpp_ws/src) by extension 'python'
[0.325s] Level 1:colcon.colcon_core.package_identification:_identify(ros2_cpp_ws/src) by extensions ['python_setup_py']
[0.325s] Level 1:colcon.colcon_core.package_identification:_identify(ros2_cpp_ws/src) by extension 'python_setup_py'
[0.325s] Level 1:colcon.colcon_core.package_identification:_identify(ros2_cpp_ws/src/udemy_ros2_pkg) by extensions ['ignore', 'ignore_ament_install']
[0.326s] Level 1:colcon.colcon_core.package_identification:_identify(ros2_cpp_ws/src/udemy_ros2_pkg) by extension 'ignore'
[0.326s] Level 1:colcon.colcon_core.package_identification:_identify(ros2_cpp_ws/src/udemy_ros2_pkg) by extension 'ignore_ament_install'
[0.326s] Level 1:colcon.colcon_core.package_identification:_identify(ros2_cpp_ws/src/udemy_ros2_pkg) by extensions ['colcon_pkg']
[0.326s] Level 1:colcon.colcon_core.package_identification:_identify(ros2_cpp_ws/src/udemy_ros2_pkg) by extension 'colcon_pkg'
[0.326s] Level 1:colcon.colcon_core.package_identification:_identify(ros2_cpp_ws/src/udemy_ros2_pkg) by extensions ['colcon_meta']
[0.326s] Level 1:colcon.colcon_core.package_identification:_identify(ros2_cpp_ws/src/udemy_ros2_pkg) by extension 'colcon_meta'
[0.326s] Level 1:colcon.colcon_core.package_identification:_identify(ros2_cpp_ws/src/udemy_ros2_pkg) by extensions ['ros']
[0.326s] Level 1:colcon.colcon_core.package_identification:_identify(ros2_cpp_ws/src/udemy_ros2_pkg) by extension 'ros'
[0.328s] DEBUG:colcon.colcon_core.package_identification:Package 'ros2_cpp_ws/src/udemy_ros2_pkg' with type 'ros.ament_cmake' and name 'udemy_ros2_pkg'
[0.328s] Level 1:colcon.colcon_core.package_discovery:discover_packages(recursive) using defaults
[0.328s] Level 1:colcon.colcon_core.package_discovery:discover_packages(ignore) discover
[0.328s] Level 1:colcon.colcon_core.package_discovery:discover_packages(ignore) using defaults
[0.328s] Level 1:colcon.colcon_core.package_discovery:discover_packages(path) discover
[0.328s] Level 1:colcon.colcon_core.package_discovery:discover_packages(path) using defaults
[0.347s] Level 1:colcon.colcon_core.package_discovery:discover_packages(prefix_path) check parameters
[0.348s] Level 1:colcon.colcon_core.package_discovery:discover_packages(prefix_path) discover
[0.350s] DEBUG:colcon.colcon_installed_package_information.package_discovery:Found 1 installed packages in /home/serhat/workspaces/ros2_cpp_ws/install
[0.351s] DEBUG:colcon.colcon_installed_package_information.package_discovery:Found 343 installed packages in /opt/ros/humble
[0.353s] Level 1:colcon.colcon_core.package_discovery:discover_packages(prefix_path) using defaults
[0.428s] Level 5:colcon.colcon_core.verb:set package 'udemy_ros2_pkg' build argument 'cmake_args' from command line to 'None'
[0.428s] Level 5:colcon.colcon_core.verb:set package 'udemy_ros2_pkg' build argument 'cmake_target' from command line to 'None'
[0.428s] Level 5:colcon.colcon_core.verb:set package 'udemy_ros2_pkg' build argument 'cmake_target_skip_unavailable' from command line to 'False'
[0.428s] Level 5:colcon.colcon_core.verb:set package 'udemy_ros2_pkg' build argument 'cmake_clean_cache' from command line to 'False'
[0.428s] Level 5:colcon.colcon_core.verb:set package 'udemy_ros2_pkg' build argument 'cmake_clean_first' from command line to 'False'
[0.428s] Level 5:colcon.colcon_core.verb:set package 'udemy_ros2_pkg' build argument 'cmake_force_configure' from command line to 'False'
[0.428s] Level 5:colcon.colcon_core.verb:set package 'udemy_ros2_pkg' build argument 'ament_cmake_args' from command line to 'None'
[0.428s] Level 5:colcon.colcon_core.verb:set package 'udemy_ros2_pkg' build argument 'catkin_cmake_args' from command line to 'None'
[0.428s] Level 5:colcon.colcon_core.verb:set package 'udemy_ros2_pkg' build argument 'catkin_skip_building_tests' from command line to 'False'
[0.428s] DEBUG:colcon.colcon_core.verb:Building package 'udemy_ros2_pkg' with the following arguments: {'ament_cmake_args': None, 'build_base': '/home/serhat/workspaces/build/udemy_ros2_pkg', 'catkin_cmake_args': None, 'catkin_skip_building_tests': False, 'cmake_args': None, 'cmake_clean_cache': False, 'cmake_clean_first': False, 'cmake_force_configure': False, 'cmake_target': None, 'cmake_target_skip_unavailable': False, 'install_base': '/home/serhat/workspaces/install/udemy_ros2_pkg', 'merge_install': False, 'path': '/home/serhat/workspaces/ros2_cpp_ws/src/udemy_ros2_pkg', 'symlink_install': True, 'test_result_base': None}
[0.429s] INFO:colcon.colcon_core.executor:Executing jobs using 'parallel' executor
[0.432s] DEBUG:colcon.colcon_parallel_executor.executor.parallel:run_until_complete
[0.432s] INFO:colcon.colcon_ros.task.ament_cmake.build:Building ROS package in '/home/serhat/workspaces/ros2_cpp_ws/src/udemy_ros2_pkg' with build type 'ament_cmake'
[0.432s] INFO:colcon.colcon_cmake.task.cmake.build:Building CMake package in '/home/serhat/workspaces/ros2_cpp_ws/src/udemy_ros2_pkg'
[0.436s] INFO:colcon.colcon_core.plugin_system:Skipping extension 'colcon_core.shell.bat': Not used on non-Windows systems
[0.436s] INFO:colcon.colcon_core.shell:Skip shell extension 'powershell' for command environment: Not usable outside of PowerShell
[0.437s] DEBUG:colcon.colcon_core.shell:Skip shell extension 'dsv' for command environment
[0.451s] DEBUG:colcon.colcon_core.event_handler.log_command:Invoking command in '/home/serhat/workspaces/build/udemy_ros2_pkg': CMAKE_PREFIX_PATH=${CMAKE_PREFIX_PATH}:/opt/ros/humble /usr/bin/cmake --build /home/serhat/workspaces/build/udemy_ros2_pkg -- -j12 -l12
[0.549s] DEBUG:colcon.colcon_core.event_handler.log_command:Invoked command in '/home/serhat/workspaces/build/udemy_ros2_pkg' returned '0': CMAKE_PREFIX_PATH=${CMAKE_PREFIX_PATH}:/opt/ros/humble /usr/bin/cmake --build /home/serhat/workspaces/build/udemy_ros2_pkg -- -j12 -l12
[0.589s] DEBUG:colcon.colcon_core.event_handler.log_command:Invoking command in '/home/serhat/workspaces/build/udemy_ros2_pkg': CMAKE_PREFIX_PATH=${CMAKE_PREFIX_PATH}:/opt/ros/humble /usr/bin/cmake --install /home/serhat/workspaces/build/udemy_ros2_pkg
[0.612s] Level 1:colcon.colcon_core.environment:create_environment_scripts_only(udemy_ros2_pkg)
[0.613s] DEBUG:colcon.colcon_core.event_handler.log_command:Invoked command in '/home/serhat/workspaces/build/udemy_ros2_pkg' returned '0': CMAKE_PREFIX_PATH=${CMAKE_PREFIX_PATH}:/opt/ros/humble /usr/bin/cmake --install /home/serhat/workspaces/build/udemy_ros2_pkg
[0.618s] Level 1:colcon.colcon_core.environment:checking '/home/serhat/workspaces/install/udemy_ros2_pkg' for CMake module files
[0.618s] Level 1:colcon.colcon_core.environment:checking '/home/serhat/workspaces/install/udemy_ros2_pkg' for CMake config files
[0.619s] Level 1:colcon.colcon_core.shell:create_environment_hook('udemy_ros2_pkg', 'cmake_prefix_path')
[0.620s] INFO:colcon.colcon_core.shell:Creating environment hook '/home/serhat/workspaces/install/udemy_ros2_pkg/share/udemy_ros2_pkg/hook/cmake_prefix_path.ps1'
[0.621s] INFO:colcon.colcon_core.shell:Creating environment descriptor '/home/serhat/workspaces/install/udemy_ros2_pkg/share/udemy_ros2_pkg/hook/cmake_prefix_path.dsv'
[0.621s] INFO:colcon.colcon_core.shell:Creating environment hook '/home/serhat/workspaces/install/udemy_ros2_pkg/share/udemy_ros2_pkg/hook/cmake_prefix_path.sh'
[0.622s] Level 1:colcon.colcon_core.environment:checking '/home/serhat/workspaces/install/udemy_ros2_pkg/lib'
[0.622s] Level 1:colcon.colcon_core.environment:checking '/home/serhat/workspaces/install/udemy_ros2_pkg/bin'
[0.622s] Level 1:colcon.colcon_core.environment:checking '/home/serhat/workspaces/install/udemy_ros2_pkg/lib/pkgconfig/udemy_ros2_pkg.pc'
[0.622s] Level 1:colcon.colcon_core.environment:checking '/home/serhat/workspaces/install/udemy_ros2_pkg/lib/python3.10/site-packages'
[0.622s] Level 1:colcon.colcon_core.environment:checking '/home/serhat/workspaces/install/udemy_ros2_pkg/bin'
[0.624s] INFO:colcon.colcon_core.shell:Creating package script '/home/serhat/workspaces/install/udemy_ros2_pkg/share/udemy_ros2_pkg/package.ps1'
[0.624s] INFO:colcon.colcon_core.shell:Creating package descriptor '/home/serhat/workspaces/install/udemy_ros2_pkg/share/udemy_ros2_pkg/package.dsv'
[0.624s] INFO:colcon.colcon_core.shell:Creating package script '/home/serhat/workspaces/install/udemy_ros2_pkg/share/udemy_ros2_pkg/package.sh'
[0.625s] INFO:colcon.colcon_core.shell:Creating package script '/home/serhat/workspaces/install/udemy_ros2_pkg/share/udemy_ros2_pkg/package.bash'
[0.626s] INFO:colcon.colcon_core.shell:Creating package script '/home/serhat/workspaces/install/udemy_ros2_pkg/share/udemy_ros2_pkg/package.zsh'
[0.626s] Level 1:colcon.colcon_core.environment:create_file_with_runtime_dependencies(/home/serhat/workspaces/install/udemy_ros2_pkg/share/colcon-core/packages/udemy_ros2_pkg)
[0.660s] Level 1:colcon.colcon_core.environment:create_environment_scripts_only(udemy_ros2_pkg)
[0.662s] Level 1:colcon.colcon_core.environment:checking '/home/serhat/workspaces/install/udemy_ros2_pkg' for CMake module files
[0.662s] Level 1:colcon.colcon_core.environment:checking '/home/serhat/workspaces/install/udemy_ros2_pkg' for CMake config files
[0.663s] Level 1:colcon.colcon_core.shell:create_environment_hook('udemy_ros2_pkg', 'cmake_prefix_path')
[0.664s] INFO:colcon.colcon_core.shell:Creating environment hook '/home/serhat/workspaces/install/udemy_ros2_pkg/share/udemy_ros2_pkg/hook/cmake_prefix_path.ps1'
[0.664s] INFO:colcon.colcon_core.shell:Creating environment descriptor '/home/serhat/workspaces/install/udemy_ros2_pkg/share/udemy_ros2_pkg/hook/cmake_prefix_path.dsv'
[0.665s] INFO:colcon.colcon_core.shell:Creating environment hook '/home/serhat/workspaces/install/udemy_ros2_pkg/share/udemy_ros2_pkg/hook/cmake_prefix_path.sh'
[0.665s] Level 1:colcon.colcon_core.environment:checking '/home/serhat/workspaces/install/udemy_ros2_pkg/lib'
[0.665s] Level 1:colcon.colcon_core.environment:checking '/home/serhat/workspaces/install/udemy_ros2_pkg/bin'
[0.665s] Level 1:colcon.colcon_core.environment:checking '/home/serhat/workspaces/install/udemy_ros2_pkg/lib/pkgconfig/udemy_ros2_pkg.pc'
[0.665s] Level 1:colcon.colcon_core.environment:checking '/home/serhat/workspaces/install/udemy_ros2_pkg/lib/python3.10/site-packages'
[0.666s] Level 1:colcon.colcon_core.environment:checking '/home/serhat/workspaces/install/udemy_ros2_pkg/bin'
[0.667s] INFO:colcon.colcon_core.shell:Creating package script '/home/serhat/workspaces/install/udemy_ros2_pkg/share/udemy_ros2_pkg/package.ps1'
[0.667s] INFO:colcon.colcon_core.shell:Creating package descriptor '/home/serhat/workspaces/install/udemy_ros2_pkg/share/udemy_ros2_pkg/package.dsv'
[0.668s] INFO:colcon.colcon_core.shell:Creating package script '/home/serhat/workspaces/install/udemy_ros2_pkg/share/udemy_ros2_pkg/package.sh'
[0.668s] INFO:colcon.colcon_core.shell:Creating package script '/home/serhat/workspaces/install/udemy_ros2_pkg/share/udemy_ros2_pkg/package.bash'
[0.668s] INFO:colcon.colcon_core.shell:Creating package script '/home/serhat/workspaces/install/udemy_ros2_pkg/share/udemy_ros2_pkg/package.zsh'
[0.669s] Level 1:colcon.colcon_core.environment:create_file_with_runtime_dependencies(/home/serhat/workspaces/install/udemy_ros2_pkg/share/colcon-core/packages/udemy_ros2_pkg)
[0.669s] DEBUG:colcon.colcon_parallel_executor.executor.parallel:closing loop
[0.669s] DEBUG:colcon.colcon_parallel_executor.executor.parallel:loop closed
[0.669s] DEBUG:colcon.colcon_parallel_executor.executor.parallel:run_until_complete finished with '0'
[0.669s] DEBUG:colcon.colcon_core.event_reactor:joining thread
[0.674s] INFO:colcon.colcon_core.plugin_system:Skipping extension 'colcon_notification.desktop_notification.terminal_notifier': Not used on non-Darwin systems
[0.674s] INFO:colcon.colcon_core.plugin_system:Skipping extension 'colcon_notification.desktop_notification.win32': Not used on non-Windows systems
[0.674s] INFO:colcon.colcon_notification.desktop_notification:Sending desktop notification using 'notify2'
[0.685s] DEBUG:colcon.colcon_core.event_reactor:joined thread
[0.687s] INFO:colcon.colcon_core.shell:Creating prefix script '/home/serhat/workspaces/install/local_setup.ps1'
[0.689s] INFO:colcon.colcon_core.shell:Creating prefix util module '/home/serhat/workspaces/install/_local_setup_util_ps1.py'
[0.691s] INFO:colcon.colcon_core.shell:Creating prefix chain script '/home/serhat/workspaces/install/setup.ps1'
[0.694s] INFO:colcon.colcon_core.shell:Creating prefix script '/home/serhat/workspaces/install/local_setup.sh'
[0.694s] INFO:colcon.colcon_core.shell:Creating prefix util module '/home/serhat/workspaces/install/_local_setup_util_sh.py'
[0.695s] INFO:colcon.colcon_core.shell:Creating prefix chain script '/home/serhat/workspaces/install/setup.sh'
[0.697s] INFO:colcon.colcon_core.shell:Creating prefix script '/home/serhat/workspaces/install/local_setup.bash'
[0.698s] INFO:colcon.colcon_core.shell:Creating prefix chain script '/home/serhat/workspaces/install/setup.bash'
[0.700s] INFO:colcon.colcon_core.shell:Creating prefix script '/home/serhat/workspaces/install/local_setup.zsh'
[0.701s] INFO:colcon.colcon_core.shell:Creating prefix chain script '/home/serhat/workspaces/install/setup.zsh'
