running develop
running egg_info
writing ../../build/canopen_utils/canopen_utils.egg-info/PKG-INFO
writing dependency_links to ../../build/canopen_utils/canopen_utils.egg-info/dependency_links.txt
writing entry points to ../../build/canopen_utils/canopen_utils.egg-info/entry_points.txt
writing requirements to ../../build/canopen_utils/canopen_utils.egg-info/requires.txt
writing top-level names to ../../build/canopen_utils/canopen_utils.egg-info/top_level.txt
reading manifest file '../../build/canopen_utils/canopen_utils.egg-info/SOURCES.txt'
writing manifest file '../../build/canopen_utils/canopen_utils.egg-info/SOURCES.txt'
running build
running build_py
running install
running install_lib
running install_data
running install_egg_info
removing '/home/serhat/workspace/install/canopen_utils/lib/python3.10/site-packages/canopen_utils-0.0.0-py3.10.egg-info' (and everything under it)
Copying ../../build/canopen_utils/canopen_utils.egg-info to /home/serhat/workspace/install/canopen_utils/lib/python3.10/site-packages/canopen_utils-0.0.0-py3.10.egg-info
running install_scripts
Installing cyclic_tester script to /home/serhat/workspace/install/canopen_utils/lib/canopen_utils
writing list of installed files to '/home/serhat/workspace/build/canopen_utils/install.log'
