[0.018s] Invoking command in '/home/serhat/workspace/build/ros2_socketcan_msgs': CMAKE_PREFIX_PATH=${CMAKE_PREFIX_PATH}:/home/serhat/workspace/install/canopen_utils:/opt/ros/humble /usr/bin/cmake /home/serhat/workspace/ros2_socketcan/ros2_socketcan_msgs -DAMENT_CMAKE_SYMLINK_INSTALL=1 -DCMAKE_INSTALL_PREFIX=/home/serhat/workspace/install/ros2_socketcan_msgs
[0.125s] -- The C compiler identification is GNU 11.3.0
[0.192s] -- The CXX compiler identification is GNU 11.3.0
[0.199s] -- Detecting C compiler ABI info
[0.279s] -- Detecting C compiler ABI info - done
[0.286s] -- Check for working C compiler: /usr/bin/cc - skipped
[0.286s] -- Detecting C compile features
[0.286s] -- Detecting C compile features - done
[0.289s] -- Detecting CXX compiler ABI info
[0.372s] -- Detecting CXX compiler ABI info - done
[0.385s] -- Check for working CXX compiler: /usr/bin/c++ - skipped
[0.385s] -- Detecting CXX compile features
[0.386s] -- Detecting CXX compile features - done
[0.401s] -- Found ament_cmake_auto: 1.3.3 (/opt/ros/humble/share/ament_cmake_auto/cmake)
[0.583s] -- Found Python3: /usr/bin/python3.10 (found version "3.10.6") found components: Interpreter 
[0.643s] -- Override CMake install command with custom implementation using symlinks instead of copying resources
[0.752s] -- Using all available rosidl_typesupport_c: rosidl_typesupport_fastrtps_c;rosidl_typesupport_introspection_c
[0.762s] -- Found rosidl_adapter: 3.1.4 (/opt/ros/humble/share/rosidl_adapter/cmake)
[0.818s] -- Using all available rosidl_typesupport_cpp: rosidl_typesupport_fastrtps_cpp;rosidl_typesupport_introspection_cpp
[1.118s] -- Found ament_cmake_cppcheck: 0.12.5 (/opt/ros/humble/share/ament_cmake_cppcheck/cmake)
[1.121s] -- Found ament_cmake_cpplint: 0.12.5 (/opt/ros/humble/share/ament_cmake_cpplint/cmake)
[1.125s] -- Found ament_cmake_uncrustify: 0.12.5 (/opt/ros/humble/share/ament_cmake_uncrustify/cmake)
[1.130s] -- Found ament_cmake_ros: 0.10.0 (/opt/ros/humble/share/ament_cmake_ros/cmake)
[1.350s] -- Using all available rosidl_typesupport_c: rosidl_typesupport_fastrtps_c;rosidl_typesupport_introspection_c
[1.621s] -- Using all available rosidl_typesupport_cpp: rosidl_typesupport_fastrtps_cpp;rosidl_typesupport_introspection_cpp
[1.642s] -- Found PythonInterp: /usr/bin/python3 (found suitable version "3.10.6", minimum required is "3.6") 
[1.645s] -- Found python_cmake_module: 0.10.0 (/opt/ros/humble/share/python_cmake_module/cmake)
[1.669s] -- Found PythonLibs: /usr/lib/x86_64-linux-gnu/libpython3.10.so (found suitable version "3.10.6", minimum required is "3.5") 
[1.670s] -- Using PYTHON_EXECUTABLE: /usr/bin/python3
[1.670s] -- Using PYTHON_INCLUDE_DIRS: /usr/include/python3.10
[1.670s] -- Using PYTHON_LIBRARIES: /usr/lib/x86_64-linux-gnu/libpython3.10.so
[1.688s] -- Found PythonExtra: .so  
[1.743s] -- Found ament_cmake_flake8: 0.12.5 (/opt/ros/humble/share/ament_cmake_flake8/cmake)
[1.746s] -- Found ament_cmake_pep257: 0.12.5 (/opt/ros/humble/share/ament_cmake_pep257/cmake)
[1.750s] -- Found ament_lint_auto: 0.12.5 (/opt/ros/humble/share/ament_lint_auto/cmake)
[1.779s] -- Added test 'copyright' to check source files copyright and LICENSE
[1.780s] -- Added test 'lint_cmake' to check CMake code style
[1.781s] -- Added test 'xmllint' to check XML markup files
[1.785s] -- Configuring done
[1.916s] -- Generating done
[1.918s] -- Build files have been written to: /home/serhat/workspace/build/ros2_socketcan_msgs
[1.926s] Invoked command in '/home/serhat/workspace/build/ros2_socketcan_msgs' returned '0': CMAKE_PREFIX_PATH=${CMAKE_PREFIX_PATH}:/home/serhat/workspace/install/canopen_utils:/opt/ros/humble /usr/bin/cmake /home/serhat/workspace/ros2_socketcan/ros2_socketcan_msgs -DAMENT_CMAKE_SYMLINK_INSTALL=1 -DCMAKE_INSTALL_PREFIX=/home/serhat/workspace/install/ros2_socketcan_msgs
[1.928s] Invoking command in '/home/serhat/workspace/build/ros2_socketcan_msgs': CMAKE_PREFIX_PATH=${CMAKE_PREFIX_PATH}:/home/serhat/workspace/install/canopen_utils:/opt/ros/humble /usr/bin/cmake --build /home/serhat/workspace/build/ros2_socketcan_msgs -- -j12 -l12
[1.969s] [  3%] [34m[1mGenerating C code for ROS interfaces[0m
[1.979s] [  6%] [34m[1mGenerating C++ code for ROS interfaces[0m
[1.986s] [  6%] Built target ament_cmake_python_symlink_ros2_socketcan_msgs
[2.253s] [  6%] Built target ros2_socketcan_msgs__cpp
[2.264s] [ 12%] [34m[1mGenerating C++ introspection for ROS interfaces[0m
[2.264s] [ 12%] [34m[1mGenerating C++ type support dispatch for ROS interfaces[0m
[2.266s] [ 16%] [34m[1mGenerating C++ type support for eProsima Fast-RTPS[0m
[2.273s] running egg_info
[2.273s] creating ros2_socketcan_msgs.egg-info
[2.273s] writing ros2_socketcan_msgs.egg-info/PKG-INFO
[2.274s] writing dependency_links to ros2_socketcan_msgs.egg-info/dependency_links.txt
[2.274s] writing top-level names to ros2_socketcan_msgs.egg-info/top_level.txt
[2.274s] writing manifest file 'ros2_socketcan_msgs.egg-info/SOURCES.txt'
[2.277s] reading manifest file 'ros2_socketcan_msgs.egg-info/SOURCES.txt'
[2.278s] writing manifest file 'ros2_socketcan_msgs.egg-info/SOURCES.txt'
[2.309s] [ 16%] Built target ament_cmake_python_build_ros2_socketcan_msgs_egg
[2.365s] [ 19%] [32mBuilding C object CMakeFiles/ros2_socketcan_msgs__rosidl_generator_c.dir/rosidl_generator_c/ros2_socketcan_msgs/msg/detail/fd_frame__functions.c.o[0m
[2.449s] [ 22%] [32m[1mLinking C shared library libros2_socketcan_msgs__rosidl_generator_c.so[0m
[2.486s] [ 22%] Built target ros2_socketcan_msgs__rosidl_generator_c
[2.499s] [ 25%] [34m[1mGenerating C type support for eProsima Fast-RTPS[0m
[2.499s] [ 29%] [34m[1mGenerating C type support dispatch for ROS interfaces[0m
[2.500s] [ 32%] [34m[1mGenerating C introspection for ROS interfaces[0m
[2.515s] [ 35%] [32mBuilding CXX object CMakeFiles/ros2_socketcan_msgs__rosidl_typesupport_cpp.dir/rosidl_typesupport_cpp/ros2_socketcan_msgs/msg/fd_frame__type_support.cpp.o[0m
[2.648s] [ 38%] [32mBuilding CXX object CMakeFiles/ros2_socketcan_msgs__rosidl_typesupport_introspection_cpp.dir/rosidl_typesupport_introspection_cpp/ros2_socketcan_msgs/msg/detail/fd_frame__type_support.cpp.o[0m
[2.665s] [ 41%] [32mBuilding CXX object CMakeFiles/ros2_socketcan_msgs__rosidl_typesupport_fastrtps_cpp.dir/rosidl_typesupport_fastrtps_cpp/ros2_socketcan_msgs/msg/detail/dds_fastrtps/fd_frame__type_support.cpp.o[0m
[2.798s] [ 45%] [32mBuilding C object CMakeFiles/ros2_socketcan_msgs__rosidl_typesupport_introspection_c.dir/rosidl_typesupport_introspection_c/ros2_socketcan_msgs/msg/detail/fd_frame__type_support.c.o[0m
[2.849s] [ 48%] [32mBuilding CXX object CMakeFiles/ros2_socketcan_msgs__rosidl_typesupport_c.dir/rosidl_typesupport_c/ros2_socketcan_msgs/msg/fd_frame__type_support.cpp.o[0m
[2.850s] [ 51%] [32m[1mLinking C shared library libros2_socketcan_msgs__rosidl_typesupport_introspection_c.so[0m
[2.873s] [ 54%] [32mBuilding CXX object CMakeFiles/ros2_socketcan_msgs__rosidl_typesupport_fastrtps_c.dir/rosidl_typesupport_fastrtps_c/ros2_socketcan_msgs/msg/detail/fd_frame__type_support_c.cpp.o[0m
[2.888s] [ 58%] [32m[1mLinking CXX shared library libros2_socketcan_msgs__rosidl_typesupport_c.so[0m
[2.891s] [ 58%] Built target ros2_socketcan_msgs__rosidl_typesupport_introspection_c
[2.892s] [ 61%] [32m[1mLinking CXX shared library libros2_socketcan_msgs__rosidl_typesupport_cpp.so[0m
[2.935s] [ 61%] Built target ros2_socketcan_msgs__rosidl_typesupport_cpp
[2.945s] [ 61%] Built target ros2_socketcan_msgs__rosidl_typesupport_c
[3.157s] [ 64%] [32m[1mLinking CXX shared library libros2_socketcan_msgs__rosidl_typesupport_introspection_cpp.so[0m
[3.280s] [ 64%] Built target ros2_socketcan_msgs__rosidl_typesupport_introspection_cpp
[3.288s] [ 67%] [32m[1mLinking CXX shared library libros2_socketcan_msgs__rosidl_typesupport_fastrtps_cpp.so[0m
[3.337s] [ 70%] [32m[1mLinking CXX shared library libros2_socketcan_msgs__rosidl_typesupport_fastrtps_c.so[0m
[3.395s] [ 70%] Built target ros2_socketcan_msgs__rosidl_typesupport_fastrtps_cpp
[3.452s] [ 70%] Built target ros2_socketcan_msgs__rosidl_typesupport_fastrtps_c
[3.472s] [ 70%] Built target ros2_socketcan_msgs
[3.491s] [ 74%] [34m[1mGenerating Python code for ROS interfaces[0m
[3.954s] [ 74%] Built target ros2_socketcan_msgs__py
[3.982s] [ 77%] [32mBuilding C object CMakeFiles/ros2_socketcan_msgs__rosidl_generator_py.dir/rosidl_generator_py/ros2_socketcan_msgs/msg/_fd_frame_s.c.o[0m
[4.174s] [ 80%] [32m[1mLinking C shared library rosidl_generator_py/ros2_socketcan_msgs/libros2_socketcan_msgs__rosidl_generator_py.so[0m
[4.239s] [ 80%] Built target ros2_socketcan_msgs__rosidl_generator_py
[4.309s] [ 83%] [32mBuilding C object CMakeFiles/ros2_socketcan_msgs__rosidl_typesupport_c__pyext.dir/rosidl_generator_py/ros2_socketcan_msgs/_ros2_socketcan_msgs_s.ep.rosidl_typesupport_c.c.o[0m
[4.343s] [ 87%] [32mBuilding C object CMakeFiles/ros2_socketcan_msgs__rosidl_typesupport_fastrtps_c__pyext.dir/rosidl_generator_py/ros2_socketcan_msgs/_ros2_socketcan_msgs_s.ep.rosidl_typesupport_fastrtps_c.c.o[0m
[4.350s] [ 90%] [32mBuilding C object CMakeFiles/ros2_socketcan_msgs__rosidl_typesupport_introspection_c__pyext.dir/rosidl_generator_py/ros2_socketcan_msgs/_ros2_socketcan_msgs_s.ep.rosidl_typesupport_introspection_c.c.o[0m
[4.543s] [ 93%] [32m[1mLinking C shared library rosidl_generator_py/ros2_socketcan_msgs/ros2_socketcan_msgs_s__rosidl_typesupport_c.cpython-310-x86_64-linux-gnu.so[0m
[4.559s] [ 96%] [32m[1mLinking C shared library rosidl_generator_py/ros2_socketcan_msgs/ros2_socketcan_msgs_s__rosidl_typesupport_introspection_c.cpython-310-x86_64-linux-gnu.so[0m
[4.596s] [100%] [32m[1mLinking C shared library rosidl_generator_py/ros2_socketcan_msgs/ros2_socketcan_msgs_s__rosidl_typesupport_fastrtps_c.cpython-310-x86_64-linux-gnu.so[0m
[4.628s] [100%] Built target ros2_socketcan_msgs__rosidl_typesupport_c__pyext
[4.678s] [100%] Built target ros2_socketcan_msgs__rosidl_typesupport_fastrtps_c__pyext
[4.679s] [100%] Built target ros2_socketcan_msgs__rosidl_typesupport_introspection_c__pyext
[4.695s] Invoked command in '/home/serhat/workspace/build/ros2_socketcan_msgs' returned '0': CMAKE_PREFIX_PATH=${CMAKE_PREFIX_PATH}:/home/serhat/workspace/install/canopen_utils:/opt/ros/humble /usr/bin/cmake --build /home/serhat/workspace/build/ros2_socketcan_msgs -- -j12 -l12
[5.162s] Invoking command in '/home/serhat/workspace/build/ros2_socketcan_msgs': CMAKE_PREFIX_PATH=${CMAKE_PREFIX_PATH}:/home/serhat/workspace/install/canopen_utils:/opt/ros/humble /usr/bin/cmake --install /home/serhat/workspace/build/ros2_socketcan_msgs
[5.176s] -- Install configuration: ""
[5.176s] -- Execute custom install script
[5.176s] -- Symlinking: /home/serhat/workspace/install/ros2_socketcan_msgs/share/ament_index/resource_index/rosidl_interfaces/ros2_socketcan_msgs
[5.194s] -- Symlinking: /home/serhat/workspace/install/ros2_socketcan_msgs/include/ros2_socketcan_msgs/ros2_socketcan_msgs/msg/detail/fd_frame__functions.h
[5.216s] -- Symlinking: /home/serhat/workspace/install/ros2_socketcan_msgs/include/ros2_socketcan_msgs/ros2_socketcan_msgs/msg/detail/fd_frame__struct.h
[5.240s] -- Symlinking: /home/serhat/workspace/install/ros2_socketcan_msgs/include/ros2_socketcan_msgs/ros2_socketcan_msgs/msg/detail/fd_frame__type_support.h
[5.254s] -- Symlinking: /home/serhat/workspace/install/ros2_socketcan_msgs/include/ros2_socketcan_msgs/ros2_socketcan_msgs/msg/fd_frame.h
[5.272s] -- Symlinking: /home/serhat/workspace/install/ros2_socketcan_msgs/include/ros2_socketcan_msgs/ros2_socketcan_msgs/msg/rosidl_generator_c__visibility_control.h
[5.290s] -- Symlinking: /home/serhat/workspace/install/ros2_socketcan_msgs/share/ros2_socketcan_msgs/environment/library_path.sh
[5.324s] -- Symlinking: /home/serhat/workspace/install/ros2_socketcan_msgs/share/ros2_socketcan_msgs/environment/library_path.dsv
[5.337s] -- Symlinking: /home/serhat/workspace/install/ros2_socketcan_msgs/include/ros2_socketcan_msgs/ros2_socketcan_msgs/msg/detail/fd_frame__rosidl_typesupport_fastrtps_c.h
[5.351s] -- Symlinking: /home/serhat/workspace/install/ros2_socketcan_msgs/include/ros2_socketcan_msgs/ros2_socketcan_msgs/msg/rosidl_typesupport_fastrtps_c__visibility_control.h
[5.365s] -- Symlinking: /home/serhat/workspace/install/ros2_socketcan_msgs/include/ros2_socketcan_msgs/ros2_socketcan_msgs/msg/detail/fd_frame__rosidl_typesupport_introspection_c.h
[5.400s] -- Symlinking: /home/serhat/workspace/install/ros2_socketcan_msgs/include/ros2_socketcan_msgs/ros2_socketcan_msgs/msg/rosidl_typesupport_introspection_c__visibility_control.h
[5.417s] -- Symlinking: /home/serhat/workspace/install/ros2_socketcan_msgs/include/ros2_socketcan_msgs/ros2_socketcan_msgs/msg/detail/fd_frame__builder.hpp
[5.468s] -- Symlinking: /home/serhat/workspace/install/ros2_socketcan_msgs/include/ros2_socketcan_msgs/ros2_socketcan_msgs/msg/detail/fd_frame__struct.hpp
[5.496s] -- Symlinking: /home/serhat/workspace/install/ros2_socketcan_msgs/include/ros2_socketcan_msgs/ros2_socketcan_msgs/msg/detail/fd_frame__traits.hpp
[5.531s] -- Symlinking: /home/serhat/workspace/install/ros2_socketcan_msgs/include/ros2_socketcan_msgs/ros2_socketcan_msgs/msg/fd_frame.hpp
[5.555s] -- Symlinking: /home/serhat/workspace/install/ros2_socketcan_msgs/include/ros2_socketcan_msgs/ros2_socketcan_msgs/msg/detail/fd_frame__rosidl_typesupport_fastrtps_cpp.hpp
[5.587s] -- Symlinking: /home/serhat/workspace/install/ros2_socketcan_msgs/include/ros2_socketcan_msgs/ros2_socketcan_msgs/msg/rosidl_typesupport_fastrtps_cpp__visibility_control.h
[5.626s] -- Symlinking: /home/serhat/workspace/install/ros2_socketcan_msgs/include/ros2_socketcan_msgs/ros2_socketcan_msgs/msg/detail/fd_frame__rosidl_typesupport_introspection_cpp.hpp
[5.675s] -- Symlinking: /home/serhat/workspace/install/ros2_socketcan_msgs/share/ros2_socketcan_msgs/environment/pythonpath.sh
[5.713s] -- Symlinking: /home/serhat/workspace/install/ros2_socketcan_msgs/share/ros2_socketcan_msgs/environment/pythonpath.dsv
[5.754s] -- Symlinking: /home/serhat/workspace/install/ros2_socketcan_msgs/local/lib/python3.10/dist-packages/ros2_socketcan_msgs-1.2.0-py3.10.egg-info/PKG-INFO
[5.803s] -- Symlinking: /home/serhat/workspace/install/ros2_socketcan_msgs/local/lib/python3.10/dist-packages/ros2_socketcan_msgs-1.2.0-py3.10.egg-info/SOURCES.txt
[5.857s] -- Symlinking: /home/serhat/workspace/install/ros2_socketcan_msgs/local/lib/python3.10/dist-packages/ros2_socketcan_msgs-1.2.0-py3.10.egg-info/dependency_links.txt
[5.881s] -- Symlinking: /home/serhat/workspace/install/ros2_socketcan_msgs/local/lib/python3.10/dist-packages/ros2_socketcan_msgs-1.2.0-py3.10.egg-info/top_level.txt
[5.915s] -- Symlinking: /home/serhat/workspace/install/ros2_socketcan_msgs/local/lib/python3.10/dist-packages/ros2_socketcan_msgs/__init__.py
[5.942s] -- Symlinking: /home/serhat/workspace/install/ros2_socketcan_msgs/local/lib/python3.10/dist-packages/ros2_socketcan_msgs/_ros2_socketcan_msgs_s.ep.rosidl_typesupport_c.c
[5.995s] -- Symlinking: /home/serhat/workspace/install/ros2_socketcan_msgs/local/lib/python3.10/dist-packages/ros2_socketcan_msgs/_ros2_socketcan_msgs_s.ep.rosidl_typesupport_fastrtps_c.c
[6.048s] -- Symlinking: /home/serhat/workspace/install/ros2_socketcan_msgs/local/lib/python3.10/dist-packages/ros2_socketcan_msgs/_ros2_socketcan_msgs_s.ep.rosidl_typesupport_introspection_c.c
[6.084s] -- Symlinking: /home/serhat/workspace/install/ros2_socketcan_msgs/local/lib/python3.10/dist-packages/ros2_socketcan_msgs/libros2_socketcan_msgs__rosidl_generator_py.so
[6.135s] -- Symlinking: /home/serhat/workspace/install/ros2_socketcan_msgs/local/lib/python3.10/dist-packages/ros2_socketcan_msgs/msg/__init__.py
[6.173s] -- Symlinking: /home/serhat/workspace/install/ros2_socketcan_msgs/local/lib/python3.10/dist-packages/ros2_socketcan_msgs/msg/_fd_frame.py
[6.222s] -- Symlinking: /home/serhat/workspace/install/ros2_socketcan_msgs/local/lib/python3.10/dist-packages/ros2_socketcan_msgs/msg/_fd_frame_s.c
[6.299s] -- Symlinking: /home/serhat/workspace/install/ros2_socketcan_msgs/local/lib/python3.10/dist-packages/ros2_socketcan_msgs/ros2_socketcan_msgs_s__rosidl_typesupport_c.cpython-310-x86_64-linux-gnu.so
[6.342s] -- Symlinking: /home/serhat/workspace/install/ros2_socketcan_msgs/local/lib/python3.10/dist-packages/ros2_socketcan_msgs/ros2_socketcan_msgs_s__rosidl_typesupport_fastrtps_c.cpython-310-x86_64-linux-gnu.so
[6.387s] -- Symlinking: /home/serhat/workspace/install/ros2_socketcan_msgs/local/lib/python3.10/dist-packages/ros2_socketcan_msgs/ros2_socketcan_msgs_s__rosidl_typesupport_introspection_c.cpython-310-x86_64-linux-gnu.so
[6.435s] -- Up-to-date symlink: /home/serhat/workspace/install/ros2_socketcan_msgs/local/lib/python3.10/dist-packages/ros2_socketcan_msgs/ros2_socketcan_msgs_s__rosidl_typesupport_fastrtps_c.cpython-310-x86_64-linux-gnu.so
[6.435s] -- Up-to-date symlink: /home/serhat/workspace/install/ros2_socketcan_msgs/local/lib/python3.10/dist-packages/ros2_socketcan_msgs/ros2_socketcan_msgs_s__rosidl_typesupport_introspection_c.cpython-310-x86_64-linux-gnu.so
[6.436s] -- Up-to-date symlink: /home/serhat/workspace/install/ros2_socketcan_msgs/local/lib/python3.10/dist-packages/ros2_socketcan_msgs/ros2_socketcan_msgs_s__rosidl_typesupport_c.cpython-310-x86_64-linux-gnu.so
[6.437s] -- Symlinking: /home/serhat/workspace/install/ros2_socketcan_msgs/share/ros2_socketcan_msgs/msg/FdFrame.idl
[6.483s] -- Symlinking: /home/serhat/workspace/install/ros2_socketcan_msgs/share/ros2_socketcan_msgs/msg/FdFrame.msg
[6.535s] -- Symlinking: /home/serhat/workspace/install/ros2_socketcan_msgs/share/ament_index/resource_index/package_run_dependencies/ros2_socketcan_msgs
[6.575s] -- Symlinking: /home/serhat/workspace/install/ros2_socketcan_msgs/share/ament_index/resource_index/parent_prefix_path/ros2_socketcan_msgs
[6.611s] -- Symlinking: /home/serhat/workspace/install/ros2_socketcan_msgs/share/ros2_socketcan_msgs/environment/ament_prefix_path.sh
[6.651s] -- Symlinking: /home/serhat/workspace/install/ros2_socketcan_msgs/share/ros2_socketcan_msgs/environment/ament_prefix_path.dsv
[6.671s] -- Symlinking: /home/serhat/workspace/install/ros2_socketcan_msgs/share/ros2_socketcan_msgs/environment/path.sh
[6.686s] -- Symlinking: /home/serhat/workspace/install/ros2_socketcan_msgs/share/ros2_socketcan_msgs/environment/path.dsv
[6.705s] -- Symlinking: /home/serhat/workspace/install/ros2_socketcan_msgs/share/ros2_socketcan_msgs/local_setup.bash
[6.718s] -- Symlinking: /home/serhat/workspace/install/ros2_socketcan_msgs/share/ros2_socketcan_msgs/local_setup.sh
[6.738s] -- Symlinking: /home/serhat/workspace/install/ros2_socketcan_msgs/share/ros2_socketcan_msgs/local_setup.zsh
[6.747s] -- Symlinking: /home/serhat/workspace/install/ros2_socketcan_msgs/share/ros2_socketcan_msgs/local_setup.dsv
[6.768s] -- Symlinking: /home/serhat/workspace/install/ros2_socketcan_msgs/share/ros2_socketcan_msgs/package.dsv
[6.781s] -- Symlinking: /home/serhat/workspace/install/ros2_socketcan_msgs/share/ament_index/resource_index/packages/ros2_socketcan_msgs
[6.801s] -- Symlinking: /home/serhat/workspace/install/ros2_socketcan_msgs/share/ros2_socketcan_msgs/cmake/rosidl_cmake-extras.cmake
[6.815s] -- Symlinking: /home/serhat/workspace/install/ros2_socketcan_msgs/share/ros2_socketcan_msgs/cmake/ament_cmake_export_dependencies-extras.cmake
[6.830s] -- Symlinking: /home/serhat/workspace/install/ros2_socketcan_msgs/share/ros2_socketcan_msgs/cmake/ament_cmake_export_include_directories-extras.cmake
[6.842s] -- Symlinking: /home/serhat/workspace/install/ros2_socketcan_msgs/share/ros2_socketcan_msgs/cmake/ament_cmake_export_libraries-extras.cmake
[6.872s] -- Symlinking: /home/serhat/workspace/install/ros2_socketcan_msgs/share/ros2_socketcan_msgs/cmake/ament_cmake_export_targets-extras.cmake
[6.895s] -- Symlinking: /home/serhat/workspace/install/ros2_socketcan_msgs/share/ros2_socketcan_msgs/cmake/rosidl_cmake_export_typesupport_targets-extras.cmake
[6.908s] -- Symlinking: /home/serhat/workspace/install/ros2_socketcan_msgs/share/ros2_socketcan_msgs/cmake/rosidl_cmake_export_typesupport_libraries-extras.cmake
[6.921s] -- Symlinking: /home/serhat/workspace/install/ros2_socketcan_msgs/share/ros2_socketcan_msgs/cmake/ros2_socketcan_msgsConfig.cmake
[6.944s] -- Symlinking: /home/serhat/workspace/install/ros2_socketcan_msgs/share/ros2_socketcan_msgs/cmake/ros2_socketcan_msgsConfig-version.cmake
[6.975s] -- Symlinking: /home/serhat/workspace/install/ros2_socketcan_msgs/share/ros2_socketcan_msgs/package.xml
[7.015s] -- Installing: /home/serhat/workspace/install/ros2_socketcan_msgs/lib/libros2_socketcan_msgs__rosidl_generator_c.so
[7.016s] -- Set runtime path of "/home/serhat/workspace/install/ros2_socketcan_msgs/lib/libros2_socketcan_msgs__rosidl_generator_c.so" to ""
[7.016s] -- Installing: /home/serhat/workspace/install/ros2_socketcan_msgs/lib/libros2_socketcan_msgs__rosidl_typesupport_fastrtps_c.so
[7.016s] -- Set runtime path of "/home/serhat/workspace/install/ros2_socketcan_msgs/lib/libros2_socketcan_msgs__rosidl_typesupport_fastrtps_c.so" to ""
[7.016s] -- Installing: /home/serhat/workspace/install/ros2_socketcan_msgs/lib/libros2_socketcan_msgs__rosidl_typesupport_introspection_c.so
[7.017s] -- Set runtime path of "/home/serhat/workspace/install/ros2_socketcan_msgs/lib/libros2_socketcan_msgs__rosidl_typesupport_introspection_c.so" to ""
[7.017s] -- Installing: /home/serhat/workspace/install/ros2_socketcan_msgs/lib/libros2_socketcan_msgs__rosidl_typesupport_c.so
[7.018s] -- Set runtime path of "/home/serhat/workspace/install/ros2_socketcan_msgs/lib/libros2_socketcan_msgs__rosidl_typesupport_c.so" to ""
[7.018s] -- Installing: /home/serhat/workspace/install/ros2_socketcan_msgs/lib/libros2_socketcan_msgs__rosidl_typesupport_fastrtps_cpp.so
[7.021s] -- Set runtime path of "/home/serhat/workspace/install/ros2_socketcan_msgs/lib/libros2_socketcan_msgs__rosidl_typesupport_fastrtps_cpp.so" to ""
[7.021s] -- Installing: /home/serhat/workspace/install/ros2_socketcan_msgs/lib/libros2_socketcan_msgs__rosidl_typesupport_introspection_cpp.so
[7.021s] -- Set runtime path of "/home/serhat/workspace/install/ros2_socketcan_msgs/lib/libros2_socketcan_msgs__rosidl_typesupport_introspection_cpp.so" to ""
[7.021s] -- Installing: /home/serhat/workspace/install/ros2_socketcan_msgs/lib/libros2_socketcan_msgs__rosidl_typesupport_cpp.so
[7.021s] -- Set runtime path of "/home/serhat/workspace/install/ros2_socketcan_msgs/lib/libros2_socketcan_msgs__rosidl_typesupport_cpp.so" to ""
[7.093s] Listing '/home/serhat/workspace/install/ros2_socketcan_msgs/local/lib/python3.10/dist-packages/ros2_socketcan_msgs'...
[7.093s] Compiling '/home/serhat/workspace/install/ros2_socketcan_msgs/local/lib/python3.10/dist-packages/ros2_socketcan_msgs/__init__.py'...
[7.093s] Listing '/home/serhat/workspace/install/ros2_socketcan_msgs/local/lib/python3.10/dist-packages/ros2_socketcan_msgs/msg'...
[7.094s] Compiling '/home/serhat/workspace/install/ros2_socketcan_msgs/local/lib/python3.10/dist-packages/ros2_socketcan_msgs/msg/__init__.py'...
[7.094s] Compiling '/home/serhat/workspace/install/ros2_socketcan_msgs/local/lib/python3.10/dist-packages/ros2_socketcan_msgs/msg/_fd_frame.py'...
[7.102s] -- Installing: /home/serhat/workspace/install/ros2_socketcan_msgs/lib/libros2_socketcan_msgs__rosidl_generator_py.so
[7.103s] -- Set runtime path of "/home/serhat/workspace/install/ros2_socketcan_msgs/lib/libros2_socketcan_msgs__rosidl_generator_py.so" to ""
[7.104s] -- Installing: /home/serhat/workspace/install/ros2_socketcan_msgs/share/ros2_socketcan_msgs/cmake/export_ros2_socketcan_msgs__rosidl_generator_cExport.cmake
[7.104s] -- Installing: /home/serhat/workspace/install/ros2_socketcan_msgs/share/ros2_socketcan_msgs/cmake/export_ros2_socketcan_msgs__rosidl_generator_cExport-noconfig.cmake
[7.105s] -- Installing: /home/serhat/workspace/install/ros2_socketcan_msgs/share/ros2_socketcan_msgs/cmake/export_ros2_socketcan_msgs__rosidl_typesupport_fastrtps_cExport.cmake
[7.105s] -- Installing: /home/serhat/workspace/install/ros2_socketcan_msgs/share/ros2_socketcan_msgs/cmake/export_ros2_socketcan_msgs__rosidl_typesupport_fastrtps_cExport-noconfig.cmake
[7.106s] -- Installing: /home/serhat/workspace/install/ros2_socketcan_msgs/share/ros2_socketcan_msgs/cmake/ros2_socketcan_msgs__rosidl_typesupport_introspection_cExport.cmake
[7.106s] -- Installing: /home/serhat/workspace/install/ros2_socketcan_msgs/share/ros2_socketcan_msgs/cmake/ros2_socketcan_msgs__rosidl_typesupport_introspection_cExport-noconfig.cmake
[7.107s] -- Installing: /home/serhat/workspace/install/ros2_socketcan_msgs/share/ros2_socketcan_msgs/cmake/ros2_socketcan_msgs__rosidl_typesupport_cExport.cmake
[7.107s] -- Installing: /home/serhat/workspace/install/ros2_socketcan_msgs/share/ros2_socketcan_msgs/cmake/ros2_socketcan_msgs__rosidl_typesupport_cExport-noconfig.cmake
[7.107s] -- Installing: /home/serhat/workspace/install/ros2_socketcan_msgs/share/ros2_socketcan_msgs/cmake/export_ros2_socketcan_msgs__rosidl_generator_cppExport.cmake
[7.108s] -- Installing: /home/serhat/workspace/install/ros2_socketcan_msgs/share/ros2_socketcan_msgs/cmake/export_ros2_socketcan_msgs__rosidl_typesupport_fastrtps_cppExport.cmake
[7.108s] -- Installing: /home/serhat/workspace/install/ros2_socketcan_msgs/share/ros2_socketcan_msgs/cmake/export_ros2_socketcan_msgs__rosidl_typesupport_fastrtps_cppExport-noconfig.cmake
[7.109s] -- Installing: /home/serhat/workspace/install/ros2_socketcan_msgs/share/ros2_socketcan_msgs/cmake/ros2_socketcan_msgs__rosidl_typesupport_introspection_cppExport.cmake
[7.109s] -- Installing: /home/serhat/workspace/install/ros2_socketcan_msgs/share/ros2_socketcan_msgs/cmake/ros2_socketcan_msgs__rosidl_typesupport_introspection_cppExport-noconfig.cmake
[7.112s] -- Installing: /home/serhat/workspace/install/ros2_socketcan_msgs/share/ros2_socketcan_msgs/cmake/ros2_socketcan_msgs__rosidl_typesupport_cppExport.cmake
[7.112s] -- Installing: /home/serhat/workspace/install/ros2_socketcan_msgs/share/ros2_socketcan_msgs/cmake/ros2_socketcan_msgs__rosidl_typesupport_cppExport-noconfig.cmake
[7.113s] -- Installing: /home/serhat/workspace/install/ros2_socketcan_msgs/share/ros2_socketcan_msgs/cmake/export_ros2_socketcan_msgs__rosidl_generator_pyExport.cmake
[7.113s] -- Installing: /home/serhat/workspace/install/ros2_socketcan_msgs/share/ros2_socketcan_msgs/cmake/export_ros2_socketcan_msgs__rosidl_generator_pyExport-noconfig.cmake
[7.119s] Invoked command in '/home/serhat/workspace/build/ros2_socketcan_msgs' returned '0': CMAKE_PREFIX_PATH=${CMAKE_PREFIX_PATH}:/home/serhat/workspace/install/canopen_utils:/opt/ros/humble /usr/bin/cmake --install /home/serhat/workspace/build/ros2_socketcan_msgs
