[0.015s] Invoking command in '/home/serhat/workspaces/build/udemy_ros2_pkg': CMAKE_PREFIX_PATH=${CMAKE_PREFIX_PATH}:/opt/ros/humble /usr/bin/cmake --build /home/serhat/workspaces/build/udemy_ros2_pkg -- -j12 -l12
[0.079s] [  7%] Built target udemy_ros2_pkg__rosidl_generator_c
[0.079s] [  9%] Built target udemy_ros2_pkg__cpp
[0.087s] [ 14%] Built target publisher
[0.087s] [ 14%] Built target ament_cmake_python_symlink_udemy_ros2_pkg
[0.088s] [ 21%] Built target rpm_pub
[0.088s] [ 24%] Built target speed_calc
[0.089s] [ 29%] Built target subscriber
[0.107s] [ 36%] Built target udemy_ros2_pkg__rosidl_typesupport_introspection_c
[0.107s] [ 43%] Built target udemy_ros2_pkg__rosidl_typesupport_c
[0.108s] [ 51%] Built target udemy_ros2_pkg__rosidl_typesupport_fastrtps_c
[0.112s] [ 65%] Built target udemy_ros2_pkg__rosidl_typesupport_introspection_cpp
[0.112s] [ 65%] Built target udemy_ros2_pkg__rosidl_typesupport_cpp
[0.113s] [ 73%] Built target udemy_ros2_pkg__rosidl_typesupport_fastrtps_cpp
[0.126s] [35m[1mConsolidate compiler generated dependencies of target service_server[0m
[0.140s] [ 73%] Built target udemy_ros2_pkg
[0.149s] [ 75%] [32mBuilding CXX object CMakeFiles/service_server.dir/src/service_server.cpp.o[0m
[0.158s] [ 78%] Built target udemy_ros2_pkg__py
[0.178s] [ 82%] Built target udemy_ros2_pkg__rosidl_generator_py
[0.198s] [ 95%] Built target udemy_ros2_pkg__rosidl_typesupport_introspection_c__pyext
[0.199s] [ 95%] Built target udemy_ros2_pkg__rosidl_typesupport_c__pyext
[0.199s] [ 97%] Built target udemy_ros2_pkg__rosidl_typesupport_fastrtps_c__pyext
[0.399s] running egg_info
[0.400s] writing udemy_ros2_pkg.egg-info/PKG-INFO
[0.400s] writing dependency_links to udemy_ros2_pkg.egg-info/dependency_links.txt
[0.400s] writing top-level names to udemy_ros2_pkg.egg-info/top_level.txt
[0.402s] reading manifest file 'udemy_ros2_pkg.egg-info/SOURCES.txt'
[0.403s] writing manifest file 'udemy_ros2_pkg.egg-info/SOURCES.txt'
[0.436s] [ 97%] Built target ament_cmake_python_build_udemy_ros2_pkg_egg
[2.666s] [01m[K/home/serhat/workspaces/ros2_cpp_ws/src/udemy_ros2_pkg/src/service_server.cpp:4:43:[m[K [01;31m[Kerror: [m[Ktypedef name may not be a nested-name-specifier
[2.667s]     4 | typedef udemy_ros2_pkg::srv::OddEvenCheck [01;31m[Kudemy_ros2_pkg[m[K::srv::OddEvenCheck;
[2.667s]       |                                           [01;31m[K^~~~~~~~~~~~~~[m[K
[2.669s] [01m[K/home/serhat/workspaces/ros2_cpp_ws/src/udemy_ros2_pkg/src/service_server.cpp:19:15:[m[K [01;31m[Kerror: [m[K‘[01m[KOddCheckServiceSrv[m[K’ does not name a type; did you mean ‘[01m[KOddEvenCheckServiceNode[m[K’?
[2.669s]    19 |         const [01;31m[KOddCheckServiceSrv[m[K::Request::SharedPtr request,
[2.669s]       |               [01;31m[K^~~~~~~~~~~~~~~~~~[m[K
[2.669s]       |               [32m[KOddEvenCheckServiceNode[m[K
[2.669s] [01m[K/home/serhat/workspaces/ros2_cpp_ws/src/udemy_ros2_pkg/src/service_server.cpp:19:42:[m[K [01;31m[Kerror: [m[Kexpected unqualified-id before ‘[01m[K::[m[K’ token
[2.669s]    19 |         const OddCheckServiceSrv::Request[01;31m[K::[m[KSharedPtr request,
[2.669s]       |                                          [01;31m[K^~[m[K
[2.669s] [01m[K/home/serhat/workspaces/ros2_cpp_ws/src/udemy_ros2_pkg/src/service_server.cpp:19:42:[m[K [01;31m[Kerror: [m[Kexpected ‘[01m[K)[m[K’ before ‘[01m[K::[m[K’ token
[2.669s]    19 |         const OddCheckServiceSrv::Request[01;31m[K:[m[K[32m[K:[m[KSharedPtr request,
[2.670s]       |                                          [01;31m[K^[m[K[32m[K~[m[K
[2.670s]       |                                          [32m[K)[m[K
[2.670s] [01m[K/home/serhat/workspaces/ros2_cpp_ws/src/udemy_ros2_pkg/src/service_server.cpp:18:28:[m[K [01;36m[Knote: [m[Kto match this ‘[01m[K([m[K’
[2.670s]    18 |     void check_num_odd_even[01;36m[K([m[K
[2.670s]       |                            [01;36m[K^[m[K
[2.670s] [01m[K/home/serhat/workspaces/ros2_cpp_ws/src/udemy_ros2_pkg/src/service_server.cpp:19:35:[m[K [01;31m[Kerror: [m[Kexpected ‘[01m[K;[m[K’ at end of member declaration
[2.670s]    19 |         const OddCheckServiceSrv::[01;31m[KRequest[m[K::SharedPtr request,
[2.670s]       |                                   [01;31m[K^~~~~~~[m[K
[2.670s]       |                                          [32m[K;[m[K
[2.671s] [01m[K/home/serhat/workspaces/ros2_cpp_ws/src/udemy_ros2_pkg/src/service_server.cpp:19:44:[m[K [01;31m[Kerror: [m[K‘[01m[KSharedPtr[m[K’ in namespace ‘[01m[K::[m[K’ does not name a type
[2.671s]    19 |         const OddCheckServiceSrv::Request::[01;31m[KSharedPtr[m[K request,
[2.671s]       |                                            [01;31m[K^~~~~~~~~[m[K
[2.684s] [01m[K/home/serhat/workspaces/ros2_cpp_ws/src/udemy_ros2_pkg/src/service_server.cpp:[m[K In constructor ‘[01m[KOddEvenCheckServiceNode::OddEvenCheckServiceNode()[m[K’:
[2.685s] [01m[K/home/serhat/workspaces/ros2_cpp_ws/src/udemy_ros2_pkg/src/service_server.cpp:13:36:[m[K [01;31m[Kerror: [m[K‘[01m[K__1[m[K’ is not a member of ‘[01m[Kstd::placeholders[m[K’; did you mean ‘[01m[K_21[m[K’?
[2.685s]    13 |                 std::placeholders::[01;31m[K__1[m[K,std::placeholders::__2
[2.685s]       |                                    [01;31m[K^~~[m[K
[2.685s]       |                                    [32m[K_21[m[K
[2.685s] [01m[K/home/serhat/workspaces/ros2_cpp_ws/src/udemy_ros2_pkg/src/service_server.cpp:13:59:[m[K [01;31m[Kerror: [m[K‘[01m[K__2[m[K’ is not a member of ‘[01m[Kstd::placeholders[m[K’; did you mean ‘[01m[K_22[m[K’?
[2.685s]    13 |                 std::placeholders::__1,std::placeholders::[01;31m[K__2[m[K
[2.685s]       |                                                           [01;31m[K^~~[m[K
[2.685s]       |                                                           [32m[K_22[m[K
[3.350s] gmake[2]: *** [CMakeFiles/service_server.dir/build.make:76: CMakeFiles/service_server.dir/src/service_server.cpp.o] Error 1
[3.351s] gmake[1]: *** [CMakeFiles/Makefile2:705: CMakeFiles/service_server.dir/all] Error 2
[3.351s] gmake: *** [Makefile:146: all] Error 2
[3.353s] Invoked command in '/home/serhat/workspaces/build/udemy_ros2_pkg' returned '2': CMAKE_PREFIX_PATH=${CMAKE_PREFIX_PATH}:/opt/ros/humble /usr/bin/cmake --build /home/serhat/workspaces/build/udemy_ros2_pkg -- -j12 -l12
