[0.028s] Invoking command in '/home/serhat/workspace/build/canopen_402_driver': AMENT_PREFIX_PATH=/home/serhat/workspace/install/canopen_proxy_driver:/home/serhat/workspace/install/canopen_base_driver:/home/serhat/workspace/install/canopen_core:/home/serhat/workspace/install/lely_core_libraries:/home/serhat/workspace/install/canopen_interfaces:${AMENT_PREFIX_PATH} CMAKE_PREFIX_PATH=/home/serhat/workspace/install/canopen_proxy_driver:/home/serhat/workspace/install/canopen_base_driver:/home/serhat/workspace/install/canopen_core:/home/serhat/workspace/install/lely_core_libraries:/home/serhat/workspace/install/canopen_interfaces:/opt/ros/humble LD_LIBRARY_PATH=/home/serhat/workspace/install/canopen_proxy_driver/lib:/home/serhat/workspace/install/canopen_base_driver/lib:/home/serhat/workspace/install/canopen_core/lib:/home/serhat/workspace/install/lely_core_libraries/lib:/home/serhat/workspace/install/canopen_interfaces/lib:${LD_LIBRARY_PATH} PATH=/home/serhat/workspace/install/lely_core_libraries/bin:${PATH} PYTHONPATH=/home/serhat/workspace/install/lely_core_libraries/lib/python3.10/site-packages:/home/serhat/workspace/install/canopen_interfaces/local/lib/python3.10/dist-packages:${PYTHONPATH} /usr/bin/cmake /home/serhat/workspace/ros2_canopen/canopen_402_driver -DCMAKE_INSTALL_PREFIX=/home/serhat/workspace/install/canopen_402_driver
[0.152s] -- The C compiler identification is GNU 11.3.0
[0.266s] -- The CXX compiler identification is GNU 11.3.0
[0.281s] -- Detecting C compiler ABI info
[0.446s] -- Detecting C compiler ABI info - done
[0.463s] -- Check for working C compiler: /usr/bin/cc - skipped
[0.463s] -- Detecting C compile features
[0.465s] -- Detecting C compile features - done
[0.473s] -- Detecting CXX compiler ABI info
[0.642s] -- Detecting CXX compiler ABI info - done
[0.654s] -- Check for working CXX compiler: /usr/bin/c++ - skipped
[0.655s] -- Detecting CXX compile features
[0.656s] -- Detecting CXX compile features - done
[0.662s] -- Found ament_cmake: 1.3.3 (/opt/ros/humble/share/ament_cmake/cmake)
[1.032s] -- Found Python3: /usr/bin/python3.10 (found version "3.10.6") found components: Interpreter 
[1.205s] -- Found ament_cmake_ros: 0.10.0 (/opt/ros/humble/share/ament_cmake_ros/cmake)
[1.231s] -- Found rclcpp: 16.0.3 (/opt/ros/humble/share/rclcpp/cmake)
[1.319s] -- Found rosidl_generator_c: 3.1.4 (/opt/ros/humble/share/rosidl_generator_c/cmake)
[1.330s] -- Found rosidl_adapter: 3.1.4 (/opt/ros/humble/share/rosidl_adapter/cmake)
[1.352s] -- Found rosidl_generator_cpp: 3.1.4 (/opt/ros/humble/share/rosidl_generator_cpp/cmake)
[1.381s] -- Using all available rosidl_typesupport_c: rosidl_typesupport_fastrtps_c;rosidl_typesupport_introspection_c
[1.421s] -- Using all available rosidl_typesupport_cpp: rosidl_typesupport_fastrtps_cpp;rosidl_typesupport_introspection_cpp
[1.571s] -- Found rmw_implementation_cmake: 6.1.1 (/opt/ros/humble/share/rmw_implementation_cmake/cmake)
[1.576s] -- Found rmw_fastrtps_cpp: 6.2.2 (/opt/ros/humble/share/rmw_fastrtps_cpp/cmake)
[1.769s] -- Found OpenSSL: /usr/lib/x86_64-linux-gnu/libcrypto.so (found version "3.0.2")  
[1.830s] -- Found FastRTPS: /opt/ros/humble/include  
[1.927s] -- Using RMW implementation 'rmw_fastrtps_cpp' as default
[1.946s] -- Looking for pthread.h
[2.106s] -- Looking for pthread.h - found
[2.106s] -- Performing Test CMAKE_HAVE_LIBC_PTHREAD
[2.247s] -- Performing Test CMAKE_HAVE_LIBC_PTHREAD - Success
[2.250s] -- Found Threads: TRUE  
[2.574s] -- Found rclcpp_components: 16.0.3 (/opt/ros/humble/share/rclcpp_components/cmake)
[2.705s] -- Found std_srvs: 4.2.3 (/opt/ros/humble/share/std_srvs/cmake)
[2.738s] -- Found canopen_proxy_driver: 0.0.1 (/home/serhat/workspace/install/canopen_proxy_driver/share/canopen_proxy_driver/cmake)
[3.030s] -- Found Boost: /usr/lib/x86_64-linux-gnu/cmake/Boost-1.74.0/BoostConfig.cmake (found version "1.74.0") found components: container 
[3.061s] -- Found rclcpp_lifecycle: 16.0.3 (/opt/ros/humble/share/rclcpp_lifecycle/cmake)
[3.178s] -- Found ament_lint_auto: 0.12.5 (/opt/ros/humble/share/ament_lint_auto/cmake)
[3.301s] -- Configuring done
[3.348s] -- Generating done
[3.352s] -- Build files have been written to: /home/serhat/workspace/build/canopen_402_driver
[3.369s] Invoked command in '/home/serhat/workspace/build/canopen_402_driver' returned '0': AMENT_PREFIX_PATH=/home/serhat/workspace/install/canopen_proxy_driver:/home/serhat/workspace/install/canopen_base_driver:/home/serhat/workspace/install/canopen_core:/home/serhat/workspace/install/lely_core_libraries:/home/serhat/workspace/install/canopen_interfaces:${AMENT_PREFIX_PATH} CMAKE_PREFIX_PATH=/home/serhat/workspace/install/canopen_proxy_driver:/home/serhat/workspace/install/canopen_base_driver:/home/serhat/workspace/install/canopen_core:/home/serhat/workspace/install/lely_core_libraries:/home/serhat/workspace/install/canopen_interfaces:/opt/ros/humble LD_LIBRARY_PATH=/home/serhat/workspace/install/canopen_proxy_driver/lib:/home/serhat/workspace/install/canopen_base_driver/lib:/home/serhat/workspace/install/canopen_core/lib:/home/serhat/workspace/install/lely_core_libraries/lib:/home/serhat/workspace/install/canopen_interfaces/lib:${LD_LIBRARY_PATH} PATH=/home/serhat/workspace/install/lely_core_libraries/bin:${PATH} PYTHONPATH=/home/serhat/workspace/install/lely_core_libraries/lib/python3.10/site-packages:/home/serhat/workspace/install/canopen_interfaces/local/lib/python3.10/dist-packages:${PYTHONPATH} /usr/bin/cmake /home/serhat/workspace/ros2_canopen/canopen_402_driver -DCMAKE_INSTALL_PREFIX=/home/serhat/workspace/install/canopen_402_driver
[3.372s] Invoking command in '/home/serhat/workspace/build/canopen_402_driver': AMENT_PREFIX_PATH=/home/serhat/workspace/install/canopen_proxy_driver:/home/serhat/workspace/install/canopen_base_driver:/home/serhat/workspace/install/canopen_core:/home/serhat/workspace/install/lely_core_libraries:/home/serhat/workspace/install/canopen_interfaces:${AMENT_PREFIX_PATH} CMAKE_PREFIX_PATH=/home/serhat/workspace/install/canopen_proxy_driver:/home/serhat/workspace/install/canopen_base_driver:/home/serhat/workspace/install/canopen_core:/home/serhat/workspace/install/lely_core_libraries:/home/serhat/workspace/install/canopen_interfaces:/opt/ros/humble LD_LIBRARY_PATH=/home/serhat/workspace/install/canopen_proxy_driver/lib:/home/serhat/workspace/install/canopen_base_driver/lib:/home/serhat/workspace/install/canopen_core/lib:/home/serhat/workspace/install/lely_core_libraries/lib:/home/serhat/workspace/install/canopen_interfaces/lib:${LD_LIBRARY_PATH} PATH=/home/serhat/workspace/install/lely_core_libraries/bin:${PATH} PYTHONPATH=/home/serhat/workspace/install/lely_core_libraries/lib/python3.10/site-packages:/home/serhat/workspace/install/canopen_interfaces/local/lib/python3.10/dist-packages:${PYTHONPATH} /usr/bin/cmake --build /home/serhat/workspace/build/canopen_402_driver -- -j12 -l12
[3.477s] [ 16%] [32mBuilding CXX object CMakeFiles/lifecycle_canopen_402_driver.dir/src/lifecycle_canopen_402_driver.cpp.o[0m
[3.478s] [ 50%] [32mBuilding CXX object CMakeFiles/lifecycle_canopen_402_driver.dir/src/motor.cpp.o[0m
[3.478s] [ 50%] [32mBuilding CXX object CMakeFiles/canopen_402_driver.dir/src/motor.cpp.o[0m
[3.478s] [ 66%] [32mBuilding CXX object CMakeFiles/canopen_402_driver.dir/src/canopen_402_driver.cpp.o[0m
[21.436s] [ 83%] [32m[1mLinking CXX shared library liblifecycle_canopen_402_driver.so[0m
[22.824s] [ 83%] Built target lifecycle_canopen_402_driver
[35.101s] [100%] [32m[1mLinking CXX shared library libcanopen_402_driver.so[0m
[37.076s] [100%] Built target canopen_402_driver
[37.086s] Invoked command in '/home/serhat/workspace/build/canopen_402_driver' returned '0': AMENT_PREFIX_PATH=/home/serhat/workspace/install/canopen_proxy_driver:/home/serhat/workspace/install/canopen_base_driver:/home/serhat/workspace/install/canopen_core:/home/serhat/workspace/install/lely_core_libraries:/home/serhat/workspace/install/canopen_interfaces:${AMENT_PREFIX_PATH} CMAKE_PREFIX_PATH=/home/serhat/workspace/install/canopen_proxy_driver:/home/serhat/workspace/install/canopen_base_driver:/home/serhat/workspace/install/canopen_core:/home/serhat/workspace/install/lely_core_libraries:/home/serhat/workspace/install/canopen_interfaces:/opt/ros/humble LD_LIBRARY_PATH=/home/serhat/workspace/install/canopen_proxy_driver/lib:/home/serhat/workspace/install/canopen_base_driver/lib:/home/serhat/workspace/install/canopen_core/lib:/home/serhat/workspace/install/lely_core_libraries/lib:/home/serhat/workspace/install/canopen_interfaces/lib:${LD_LIBRARY_PATH} PATH=/home/serhat/workspace/install/lely_core_libraries/bin:${PATH} PYTHONPATH=/home/serhat/workspace/install/lely_core_libraries/lib/python3.10/site-packages:/home/serhat/workspace/install/canopen_interfaces/local/lib/python3.10/dist-packages:${PYTHONPATH} /usr/bin/cmake --build /home/serhat/workspace/build/canopen_402_driver -- -j12 -l12
[37.111s] Invoking command in '/home/serhat/workspace/build/canopen_402_driver': AMENT_PREFIX_PATH=/home/serhat/workspace/install/canopen_proxy_driver:/home/serhat/workspace/install/canopen_base_driver:/home/serhat/workspace/install/canopen_core:/home/serhat/workspace/install/lely_core_libraries:/home/serhat/workspace/install/canopen_interfaces:${AMENT_PREFIX_PATH} CMAKE_PREFIX_PATH=/home/serhat/workspace/install/canopen_proxy_driver:/home/serhat/workspace/install/canopen_base_driver:/home/serhat/workspace/install/canopen_core:/home/serhat/workspace/install/lely_core_libraries:/home/serhat/workspace/install/canopen_interfaces:/opt/ros/humble LD_LIBRARY_PATH=/home/serhat/workspace/install/canopen_proxy_driver/lib:/home/serhat/workspace/install/canopen_base_driver/lib:/home/serhat/workspace/install/canopen_core/lib:/home/serhat/workspace/install/lely_core_libraries/lib:/home/serhat/workspace/install/canopen_interfaces/lib:${LD_LIBRARY_PATH} PATH=/home/serhat/workspace/install/lely_core_libraries/bin:${PATH} PYTHONPATH=/home/serhat/workspace/install/lely_core_libraries/lib/python3.10/site-packages:/home/serhat/workspace/install/canopen_interfaces/local/lib/python3.10/dist-packages:${PYTHONPATH} /usr/bin/cmake --install /home/serhat/workspace/build/canopen_402_driver
[37.117s] -- Install configuration: ""
[37.117s] -- Installing: /home/serhat/workspace/install/canopen_402_driver/include
[37.117s] -- Installing: /home/serhat/workspace/install/canopen_402_driver/include/canopen_402_driver
[37.117s] -- Installing: /home/serhat/workspace/install/canopen_402_driver/include/canopen_402_driver/canopen_402_driver.hpp
[37.118s] -- Installing: /home/serhat/workspace/install/canopen_402_driver/include/canopen_402_driver/motor.hpp
[37.118s] -- Installing: /home/serhat/workspace/install/canopen_402_driver/include/canopen_402_driver/base.hpp
[37.118s] -- Installing: /home/serhat/workspace/install/canopen_402_driver/include/canopen_402_driver/lifecycle_canopen_402_driver.hpp
[37.118s] -- Installing: /home/serhat/workspace/install/canopen_402_driver/include/canopen_402_driver/visibility_control.h
[37.118s] -- Installing: /home/serhat/workspace/install/canopen_402_driver/include/canopen_402_driver/mc_device_driver.hpp
[37.118s] -- Installing: /home/serhat/workspace/install/canopen_402_driver/lib/libcanopen_402_driver.so
[37.129s] -- Set runtime path of "/home/serhat/workspace/install/canopen_402_driver/lib/libcanopen_402_driver.so" to ""
[37.129s] -- Installing: /home/serhat/workspace/install/canopen_402_driver/lib/liblifecycle_canopen_402_driver.so
[37.134s] -- Set runtime path of "/home/serhat/workspace/install/canopen_402_driver/lib/liblifecycle_canopen_402_driver.so" to ""
[37.135s] -- Installing: /home/serhat/workspace/install/canopen_402_driver/share/canopen_402_driver/environment/library_path.sh
[37.135s] -- Installing: /home/serhat/workspace/install/canopen_402_driver/share/canopen_402_driver/environment/library_path.dsv
[37.135s] -- Installing: /home/serhat/workspace/install/canopen_402_driver/share/ament_index/resource_index/package_run_dependencies/canopen_402_driver
[37.135s] -- Installing: /home/serhat/workspace/install/canopen_402_driver/share/ament_index/resource_index/parent_prefix_path/canopen_402_driver
[37.135s] -- Installing: /home/serhat/workspace/install/canopen_402_driver/share/canopen_402_driver/environment/ament_prefix_path.sh
[37.135s] -- Installing: /home/serhat/workspace/install/canopen_402_driver/share/canopen_402_driver/environment/ament_prefix_path.dsv
[37.135s] -- Installing: /home/serhat/workspace/install/canopen_402_driver/share/canopen_402_driver/environment/path.sh
[37.136s] -- Installing: /home/serhat/workspace/install/canopen_402_driver/share/canopen_402_driver/environment/path.dsv
[37.136s] -- Installing: /home/serhat/workspace/install/canopen_402_driver/share/canopen_402_driver/local_setup.bash
[37.136s] -- Installing: /home/serhat/workspace/install/canopen_402_driver/share/canopen_402_driver/local_setup.sh
[37.136s] -- Installing: /home/serhat/workspace/install/canopen_402_driver/share/canopen_402_driver/local_setup.zsh
[37.136s] -- Installing: /home/serhat/workspace/install/canopen_402_driver/share/canopen_402_driver/local_setup.dsv
[37.136s] -- Installing: /home/serhat/workspace/install/canopen_402_driver/share/canopen_402_driver/package.dsv
[37.137s] -- Installing: /home/serhat/workspace/install/canopen_402_driver/share/ament_index/resource_index/packages/canopen_402_driver
[37.137s] -- Installing: /home/serhat/workspace/install/canopen_402_driver/share/ament_index/resource_index/rclcpp_components/canopen_402_driver
[37.137s] -- Installing: /home/serhat/workspace/install/canopen_402_driver/share/canopen_402_driver/cmake/export_canopen_402_driverExport.cmake
[37.137s] -- Installing: /home/serhat/workspace/install/canopen_402_driver/share/canopen_402_driver/cmake/export_canopen_402_driverExport-noconfig.cmake
[37.137s] -- Installing: /home/serhat/workspace/install/canopen_402_driver/share/canopen_402_driver/cmake/export_lifecycle_canopen_402_driverExport.cmake
[37.137s] -- Installing: /home/serhat/workspace/install/canopen_402_driver/share/canopen_402_driver/cmake/export_lifecycle_canopen_402_driverExport-noconfig.cmake
[37.138s] -- Installing: /home/serhat/workspace/install/canopen_402_driver/share/canopen_402_driver/cmake/ament_cmake_export_include_directories-extras.cmake
[37.138s] -- Installing: /home/serhat/workspace/install/canopen_402_driver/share/canopen_402_driver/cmake/ament_cmake_export_libraries-extras.cmake
[37.138s] -- Installing: /home/serhat/workspace/install/canopen_402_driver/share/canopen_402_driver/cmake/ament_cmake_export_targets-extras.cmake
[37.138s] -- Installing: /home/serhat/workspace/install/canopen_402_driver/share/canopen_402_driver/cmake/canopen_402_driverConfig.cmake
[37.138s] -- Installing: /home/serhat/workspace/install/canopen_402_driver/share/canopen_402_driver/cmake/canopen_402_driverConfig-version.cmake
[37.138s] -- Installing: /home/serhat/workspace/install/canopen_402_driver/share/canopen_402_driver/package.xml
[37.142s] Invoked command in '/home/serhat/workspace/build/canopen_402_driver' returned '0': AMENT_PREFIX_PATH=/home/serhat/workspace/install/canopen_proxy_driver:/home/serhat/workspace/install/canopen_base_driver:/home/serhat/workspace/install/canopen_core:/home/serhat/workspace/install/lely_core_libraries:/home/serhat/workspace/install/canopen_interfaces:${AMENT_PREFIX_PATH} CMAKE_PREFIX_PATH=/home/serhat/workspace/install/canopen_proxy_driver:/home/serhat/workspace/install/canopen_base_driver:/home/serhat/workspace/install/canopen_core:/home/serhat/workspace/install/lely_core_libraries:/home/serhat/workspace/install/canopen_interfaces:/opt/ros/humble LD_LIBRARY_PATH=/home/serhat/workspace/install/canopen_proxy_driver/lib:/home/serhat/workspace/install/canopen_base_driver/lib:/home/serhat/workspace/install/canopen_core/lib:/home/serhat/workspace/install/lely_core_libraries/lib:/home/serhat/workspace/install/canopen_interfaces/lib:${LD_LIBRARY_PATH} PATH=/home/serhat/workspace/install/lely_core_libraries/bin:${PATH} PYTHONPATH=/home/serhat/workspace/install/lely_core_libraries/lib/python3.10/site-packages:/home/serhat/workspace/install/canopen_interfaces/local/lib/python3.10/dist-packages:${PYTHONPATH} /usr/bin/cmake --install /home/serhat/workspace/build/canopen_402_driver
